Log file open, 05/31/19 10:54:31
LogWindows: Failed to load 'aqProf.dll' (GetLastError=126)
LogWindows: File 'aqProf.dll' does not exist
LogWindows: Failed to load 'VtuneApi.dll' (GetLastError=126)
LogWindows: File 'VtuneApi.dll' does not exist
LogWindows: Failed to load 'VtuneApi32e.dll' (GetLastError=126)
LogWindows: File 'VtuneApi32e.dll' does not exist
LogConsoleResponse: Display: Failed to find resolution value strings in scalability ini. Falling back to default.
LogInit: Display: Running engine for game: CFE_LeapMotion
LogPakFile: Registered encryption key '00000000000000000000000000000000': 0 pak files mounted, 0 remain pending
LogPlatformFile: Not using cached read wrapper
LogTaskGraph: Started task graph with 5 named threads and 14 total threads with 3 sets of task threads.
LogStats: Stats thread started at 0.379882
LogD3D11RHI: Loaded GFSDK_Aftermath_Lib.x64.dll
LogICUInternationalization: ICU TimeZone Detection - Raw Offset: -6:00, Platform Override: ''
LogPluginManager: Mounting plugin Paper2D
LogPluginManager: Mounting plugin AISupport
LogPluginManager: Mounting plugin LightPropagationVolume
LogPluginManager: Mounting plugin ActorLayerUtilities
LogPluginManager: Mounting plugin CLionSourceCodeAccess
LogPluginManager: Mounting plugin CodeLiteSourceCodeAccess
LogPluginManager: Mounting plugin GitSourceControl
LogPluginManager: Mounting plugin KDevelopSourceCodeAccess
LogPluginManager: Mounting plugin NullSourceCodeAccess
LogPluginManager: Mounting plugin PerforceSourceControl
LogPluginManager: Mounting plugin SubversionSourceControl
LogPluginManager: Mounting plugin UObjectPlugin
LogPluginManager: Mounting plugin VisualStudioCodeSourceCodeAccess
LogPluginManager: Mounting plugin VisualStudioSourceCodeAccess
LogPluginManager: Mounting plugin XCodeSourceCodeAccess
LogPluginManager: Mounting plugin AssetManagerEditor
LogPluginManager: Mounting plugin CryptoKeys
LogPluginManager: Mounting plugin DataValidation
LogPluginManager: Mounting plugin FacialAnimation
LogPluginManager: Mounting plugin GameplayTagsEditor
LogPluginManager: Mounting plugin MacGraphicsSwitching
LogPluginManager: Mounting plugin MeshEditor
LogPluginManager: Mounting plugin MobileLauncherProfileWizard
LogPluginManager: Mounting plugin PluginBrowser
LogPluginManager: Mounting plugin SpeedTreeImporter
LogPluginManager: Mounting plugin DatasmithContent
LogPluginManager: Mounting plugin VariantManagerContent
LogPluginManager: Mounting plugin AlembicImporter
LogPluginManager: Mounting plugin AppleImageUtils
LogPluginManager: Mounting plugin AppleVision
LogPluginManager: Mounting plugin BackChannel
LogPluginManager: Mounting plugin CharacterAI
LogPluginManager: Mounting plugin GeometryCache
LogPluginManager: Mounting plugin HTML5Networking
LogPluginManager: Mounting plugin ProxyLODPlugin
LogPluginManager: Mounting plugin MagicLeap
LogPluginManager: Mounting plugin MagicLeapMedia
LogPluginManager: Mounting plugin AndroidMedia
LogPluginManager: Mounting plugin AvfMedia
LogPluginManager: Mounting plugin ImgMedia
LogPluginManager: Mounting plugin LinearTimecode
LogPluginManager: Mounting plugin MediaCompositing
LogPluginManager: Mounting plugin MediaPlayerEditor
LogPluginManager: Mounting plugin WebMMedia
LogPluginManager: Mounting plugin WmfMedia
LogPluginManager: Mounting plugin TcpMessaging
LogPluginManager: Mounting plugin UdpMessaging
LogPluginManager: Mounting plugin ActorSequence
LogPluginManager: Mounting plugin LevelSequenceEditor
LogPluginManager: Mounting plugin MatineeToLevelSequence
LogPluginManager: Mounting plugin NetcodeUnitTest
LogPluginManager: Mounting plugin NUTUnrealEngine4
LogPluginManager: Mounting plugin OnlineSubsystemGooglePlay
LogPluginManager: Mounting plugin OnlineSubsystemIOS
LogPluginManager: Mounting plugin OnlineSubsystem
LogPluginManager: Mounting plugin OnlineSubsystemNull
LogPluginManager: Mounting plugin OnlineSubsystemUtils
LogPluginManager: Mounting plugin LauncherChunkInstaller
LogPluginManager: Mounting plugin AndroidDeviceProfileSelector
LogPluginManager: Mounting plugin AndroidMoviePlayer
LogPluginManager: Mounting plugin AndroidPermission
LogPluginManager: Mounting plugin AppleMoviePlayer
LogPluginManager: Mounting plugin ArchVisCharacter
LogPluginManager: Mounting plugin AudioCapture
LogPluginManager: Mounting plugin CableComponent
LogPluginManager: Mounting plugin CustomMeshComponent
LogPluginManager: Mounting plugin EditableMesh
LogPluginManager: Mounting plugin ExampleDeviceProfileSelector
LogPluginManager: Mounting plugin Firebase
LogPluginManager: Mounting plugin GoogleCloudMessaging
LogPluginManager: Mounting plugin IOSDeviceProfileSelector
LogPluginManager: Mounting plugin LeapMotion
LogPluginManager: Mounting plugin LinuxDeviceProfileSelector
LogPluginManager: Mounting plugin LocationServicesBPLibrary
LogPluginManager: Mounting plugin MobilePatchingUtils
LogPluginManager: Mounting plugin OculusVR
LogPluginManager: Mounting plugin PhysXVehicles
LogPluginManager: Mounting plugin ProceduralMeshComponent
LogPluginManager: Mounting plugin RuntimePhysXCooking
LogPluginManager: Mounting plugin SteamVR
LogPluginManager: Mounting plugin WebMMoviePlayer
LogPluginManager: Mounting plugin WindowsMoviePlayer
LogPluginManager: Mounting plugin UE4Duino
LogStreaming: Display: Took  0.312s to configure plugins.
LogInit: Using libcurl 7.55.1-DEV
LogInit:  - built for x86_64-pc-win32
LogInit:  - supports SSL with OpenSSL/1.0.2h
LogInit:  - supports HTTP deflate (compression) using libz 1.2.8
LogInit:  - other features:
LogInit:      CURL_VERSION_SSL
LogInit:      CURL_VERSION_LIBZ
LogInit:      CURL_VERSION_IPV6
LogInit:      CURL_VERSION_ASYNCHDNS
LogInit:      CURL_VERSION_LARGEFILE
LogInit:      CURL_VERSION_IDN
LogInit:  CurlRequestOptions (configurable via config and command line):
LogInit:  - bVerifyPeer = true  - Libcurl will verify peer certificate
LogInit:  - bUseHttpProxy = false  - Libcurl will NOT use HTTP proxy
LogInit:  - bDontReuseConnections = false  - Libcurl will reuse connections
LogInit:  - MaxHostConnections = 16  - Libcurl will limit the number of connections to a host
LogInit:  - LocalHostAddr = Default
LogInit:  - BufferSize = 65536
LogInit: WinSock: version 1.1 (2.2), MaxSocks=32767, MaxUdp=65467
LogInit: Build: ++UE4+Release-4.21-CL-4753647
LogInit: Engine Version: 4.21.2-4753647+++UE4+Release-4.21
LogInit: Compatible Engine Version: 4.21.0-4541578+++UE4+Release-4.21
LogInit: Net CL: 4541578
LogInit: OS: Windows 10 (), CPU: AMD A10-8700P Radeon R6, 10 Compute Cores 4C+6G, GPU: AMD Radeon(TM) R6 Graphics
LogInit: Compiled (64-bit): Jan 19 2019 02:07:31
LogInit: Compiled with Visual C++: 19.13.26129.00
LogInit: Build Configuration: Development
LogInit: Branch Name: ++UE4+Release-4.21
LogInit: Command Line: 
LogInit: Base Directory: C:/Program Files/Epic Games/UE_4.21/Engine/Binaries/Win64/
LogInit: Installed Engine Build: 1
LogDevObjectVersion: Number of dev versions registered: 22
LogDevObjectVersion:   Dev-Blueprints (B0D832E4-1F89-4F0D-ACCF-7EB736FD4AA2): 10
LogDevObjectVersion:   Dev-Build (E1C64328-A22C-4D53-A36C-8E866417BD8C): 0
LogDevObjectVersion:   Dev-Core (375EC13C-06E4-48FB-B500-84F0262A717E): 2
LogDevObjectVersion:   Dev-Editor (E4B068ED-F494-42E9-A231-DA0B2E46BB41): 26
LogDevObjectVersion:   Dev-Framework (CFFC743F-43B0-4480-9391-14DF171D2073): 34
LogDevObjectVersion:   Dev-Mobile (B02B49B5-BB20-44E9-A304-32B752E40360): 2
LogDevObjectVersion:   Dev-Networking (A4E4105C-59A1-49B5-A7C5-40C4547EDFEE): 0
LogDevObjectVersion:   Dev-Online (39C831C9-5AE6-47DC-9A44-9C173E1C8E7C): 0
LogDevObjectVersion:   Dev-Physics (78F01B33-EBEA-4F98-B9B4-84EACCB95AA2): 0
LogDevObjectVersion:   Dev-Platform (6631380F-2D4D-43E0-8009-CF276956A95A): 0
LogDevObjectVersion:   Dev-Rendering (12F88B9F-8875-4AFC-A67C-D90C383ABD29): 27
LogDevObjectVersion:   Dev-Sequencer (7B5AE74C-D270-4C10-A958-57980B212A5A): 9
LogDevObjectVersion:   Dev-VR (D7296918-1DD6-4BDD-9DE2-64A83CC13884): 2
LogDevObjectVersion:   Dev-LoadTimes (C2A15278-BFE7-4AFE-6C17-90FF531DF755): 1
LogDevObjectVersion:   Private-Geometry (6EACA3D4-40EC-4CC1-B786-8BED09428FC5): 3
LogDevObjectVersion:   Dev-AnimPhys (29E575DD-E0A3-4627-9D10-D276232CDCEA): 17
LogDevObjectVersion:   Dev-Anim (AF43A65D-7FD3-4947-9873-3E8ED9C1BB05): 2
LogDevObjectVersion:   Dev-ReflectionCapture (6B266CEC-1EC7-4B8F-A30B-E4D90942FC07): 1
LogDevObjectVersion:   Dev-Automation (0DF73D61-A23F-47EA-B727-89E90C41499A): 1
LogDevObjectVersion:   FortniteMain (601D1886-AC64-4F84-AA16-D3DE0DEAC7D6): 17
LogDevObjectVersion:   Dev-Enterprise (9DFFBCD6-494F-0158-E221-12823C92A888): 4
LogDevObjectVersion:   Dev-Niagara (F2AED0AC-9AFE-416F-8664-AA7FFA26D6FC): 1
LogStreaming: Display: Took  0.006s to delete old logs.
LogInit: Presizing for max 8388607 objects, including 0 objects not considered by GC, pre-allocating 0 bytes for permanent pool.
LogInit: Object subsystem initialized
LogConfig: Setting CVar [[con.DebugEarlyDefault:1]]
LogConfig: Setting CVar [[r.setres:1280x720]]
[2019.05.31-15.54.33:157][  0]LogConfig: Setting CVar [[r.VSync:0]]
[2019.05.31-15.54.33:157][  0]LogConfig: Setting CVar [[r.RHICmdBypass:0]]
[2019.05.31-15.54.33:157][  0]LogConfig: Applying CVar settings from Section [/Script/Engine.RendererSettings] File [C:/Users/Samuel/Documents/GitHub/CFE_RV/CFE_LeapMotion2/Saved/Config/Windows/Engine.ini]
[2019.05.31-15.54.33:157][  0]LogConfig: Setting CVar [[r.GPUCrashDebugging:0]]
[2019.05.31-15.54.33:157][  0]LogConfig: Applying CVar settings from Section [/Script/Engine.RendererOverrideSettings] File [C:/Users/Samuel/Documents/GitHub/CFE_RV/CFE_LeapMotion2/Saved/Config/Windows/Engine.ini]
[2019.05.31-15.54.33:157][  0]LogConfig: Applying CVar settings from Section [/Script/Engine.StreamingSettings] File [C:/Users/Samuel/Documents/GitHub/CFE_RV/CFE_LeapMotion2/Saved/Config/Windows/Engine.ini]
[2019.05.31-15.54.33:157][  0]LogConfig: Setting CVar [[s.MinBulkDataSizeForAsyncLoading:131072]]
[2019.05.31-15.54.33:157][  0]LogConfig: Setting CVar [[s.AsyncLoadingThreadEnabled:0]]
[2019.05.31-15.54.33:157][  0]LogConfig: Setting CVar [[s.EventDrivenLoaderEnabled:1]]
[2019.05.31-15.54.33:157][  0]LogConfig: Setting CVar [[s.WarnIfTimeLimitExceeded:0]]
[2019.05.31-15.54.33:157][  0]LogConfig: Setting CVar [[s.TimeLimitExceededMultiplier:1.5]]
[2019.05.31-15.54.33:157][  0]LogConfig: Setting CVar [[s.TimeLimitExceededMinTime:0.005]]
[2019.05.31-15.54.33:157][  0]LogConfig: Setting CVar [[s.UseBackgroundLevelStreaming:1]]
[2019.05.31-15.54.33:157][  0]LogConfig: Setting CVar [[s.PriorityAsyncLoadingExtraTime:15.0]]
[2019.05.31-15.54.33:157][  0]LogConfig: Setting CVar [[s.LevelStreamingActorsUpdateTimeLimit:5.0]]
[2019.05.31-15.54.33:157][  0]LogConfig: Setting CVar [[s.PriorityLevelStreamingActorsUpdateExtraTime:5.0]]
[2019.05.31-15.54.33:157][  0]LogConfig: Setting CVar [[s.LevelStreamingComponentsRegistrationGranularity:10]]
[2019.05.31-15.54.33:157][  0]LogConfig: Setting CVar [[s.UnregisterComponentsTimeLimit:1.0]]
[2019.05.31-15.54.33:157][  0]LogConfig: Setting CVar [[s.LevelStreamingComponentsUnregistrationGranularity:5]]
[2019.05.31-15.54.33:157][  0]LogConfig: Applying CVar settings from Section [/Script/Engine.GarbageCollectionSettings] File [C:/Users/Samuel/Documents/GitHub/CFE_RV/CFE_LeapMotion2/Saved/Config/Windows/Engine.ini]
[2019.05.31-15.54.33:157][  0]LogConfig: Setting CVar [[gc.MaxObjectsNotConsideredByGC:1]]
[2019.05.31-15.54.33:157][  0]LogConfig: Setting CVar [[gc.SizeOfPermanentObjectPool:0]]
[2019.05.31-15.54.33:157][  0]LogConfig: Setting CVar [[gc.FlushStreamingOnGC:0]]
[2019.05.31-15.54.33:157][  0]LogConfig: Setting CVar [[gc.NumRetriesBeforeForcingGC:10]]
[2019.05.31-15.54.33:157][  0]LogConfig: Setting CVar [[gc.AllowParallelGC:1]]
[2019.05.31-15.54.33:157][  0]LogConfig: Setting CVar [[gc.TimeBetweenPurgingPendingKillObjects:61.1]]
[2019.05.31-15.54.33:157][  0]LogConfig: Setting CVar [[gc.MaxObjectsInEditor:8388607]]
[2019.05.31-15.54.33:157][  0]LogConfig: Setting CVar [[gc.IncrementalBeginDestroyEnabled:1]]
[2019.05.31-15.54.33:157][  0]LogConfig: Setting CVar [[gc.CreateGCClusters:1]]
[2019.05.31-15.54.33:157][  0]LogConfig: Setting CVar [[gc.MergeGCClusters:0]]
[2019.05.31-15.54.33:157][  0]LogConfig: Setting CVar [[gc.MinGCClusterSize:5]]
[2019.05.31-15.54.33:157][  0]LogConfig: Setting CVar [[gc.ActorClusteringEnabled:0]]
[2019.05.31-15.54.33:157][  0]LogConfig: Setting CVar [[gc.BlueprintClusteringEnabled:0]]
[2019.05.31-15.54.33:157][  0]LogConfig: Setting CVar [[gc.UseDisregardForGCOnDedicatedServers:0]]
[2019.05.31-15.54.33:157][  0]LogConfig: Applying CVar settings from Section [/Script/Engine.NetworkSettings] File [C:/Users/Samuel/Documents/GitHub/CFE_RV/CFE_LeapMotion2/Saved/Config/Windows/Engine.ini]
[2019.05.31-15.54.33:157][  0]LogConfig: Applying CVar settings from Section [/Script/UnrealEd.CookerSettings] File [C:/Users/Samuel/Documents/GitHub/CFE_RV/CFE_LeapMotion2/Saved/Config/Windows/Engine.ini]
[2019.05.31-15.54.33:157][  0]LogConfig: Applying CVar settings from Section [ViewDistanceQuality@3] File [C:/Users/Samuel/Documents/GitHub/CFE_RV/CFE_LeapMotion2/Saved/Config/Windows/Scalability.ini]
[2019.05.31-15.54.33:157][  0]LogConfig: Setting CVar [[r.SkeletalMeshLODBias:0]]
[2019.05.31-15.54.33:157][  0]LogConfig: Setting CVar [[r.ViewDistanceScale:1.0]]
[2019.05.31-15.54.33:157][  0]LogConfig: Applying CVar settings from Section [AntiAliasingQuality@3] File [C:/Users/Samuel/Documents/GitHub/CFE_RV/CFE_LeapMotion2/Saved/Config/Windows/Scalability.ini]
[2019.05.31-15.54.33:157][  0]LogConfig: Setting CVar [[r.PostProcessAAQuality:4]]
[2019.05.31-15.54.33:157][  0]LogConfig: Applying CVar settings from Section [ShadowQuality@3] File [C:/Users/Samuel/Documents/GitHub/CFE_RV/CFE_LeapMotion2/Saved/Config/Windows/Scalability.ini]
[2019.05.31-15.54.33:157][  0]LogConfig: Setting CVar [[r.LightFunctionQuality:1]]
[2019.05.31-15.54.33:157][  0]LogConfig: Setting CVar [[r.ShadowQuality:5]]
[2019.05.31-15.54.33:157][  0]LogConfig: Setting CVar [[r.Shadow.CSM.MaxCascades:10]]
[2019.05.31-15.54.33:157][  0]LogConfig: Setting CVar [[r.Shadow.MaxResolution:2048]]
[2019.05.31-15.54.33:157][  0]LogConfig: Setting CVar [[r.Shadow.MaxCSMResolution:2048]]
[2019.05.31-15.54.33:157][  0]LogConfig: Setting CVar [[r.Shadow.RadiusThreshold:0.01]]
[2019.05.31-15.54.33:157][  0]LogConfig: Setting CVar [[r.Shadow.DistanceScale:1.0]]
[2019.05.31-15.54.33:157][  0]LogConfig: Setting CVar [[r.Shadow.CSM.TransitionScale:1.0]]
[2019.05.31-15.54.33:157][  0]LogConfig: Setting CVar [[r.Shadow.PreShadowResolutionFactor:1.0]]
[2019.05.31-15.54.33:157][  0]LogConfig: Setting CVar [[r.DistanceFieldShadowing:1]]
[2019.05.31-15.54.33:157][  0]LogConfig: Setting CVar [[r.DistanceFieldAO:1]]
[2019.05.31-15.54.33:157][  0]LogConfig: Setting CVar [[r.AOQuality:2]]
[2019.05.31-15.54.33:157][  0]LogConfig: Setting CVar [[r.VolumetricFog:1]]
[2019.05.31-15.54.33:157][  0]LogConfig: Setting CVar [[r.VolumetricFog.GridPixelSize:8]]
[2019.05.31-15.54.33:157][  0]LogConfig: Setting CVar [[r.VolumetricFog.GridSizeZ:128]]
[2019.05.31-15.54.33:157][  0]LogConfig: Setting CVar [[r.VolumetricFog.HistoryMissSupersampleCount:4]]
[2019.05.31-15.54.33:157][  0]LogConfig: Setting CVar [[r.LightMaxDrawDistanceScale:1]]
[2019.05.31-15.54.33:157][  0]LogConfig: Setting CVar [[r.CapsuleShadows:1]]
[2019.05.31-15.54.33:157][  0]LogConfig: Applying CVar settings from Section [PostProcessQuality@3] File [C:/Users/Samuel/Documents/GitHub/CFE_RV/CFE_LeapMotion2/Saved/Config/Windows/Scalability.ini]
[2019.05.31-15.54.33:157][  0]LogConfig: Setting CVar [[r.MotionBlurQuality:4]]
[2019.05.31-15.54.33:157][  0]LogConfig: Setting CVar [[r.AmbientOcclusionMipLevelFactor:0.4]]
[2019.05.31-15.54.33:157][  0]LogConfig: Setting CVar [[r.AmbientOcclusionMaxQuality:100]]
[2019.05.31-15.54.33:157][  0]LogConfig: Setting CVar [[r.AmbientOcclusionLevels:-1]]
[2019.05.31-15.54.33:157][  0]LogConfig: Setting CVar [[r.AmbientOcclusionRadiusScale:1.0]]
[2019.05.31-15.54.33:157][  0]LogConfig: Setting CVar [[r.DepthOfFieldQuality:2]]
[2019.05.31-15.54.33:157][  0]LogConfig: Setting CVar [[r.RenderTargetPoolMin:400]]
[2019.05.31-15.54.33:157][  0]LogConfig: Setting CVar [[r.LensFlareQuality:2]]
[2019.05.31-15.54.33:157][  0]LogConfig: Setting CVar [[r.SceneColorFringeQuality:1]]
[2019.05.31-15.54.33:157][  0]LogConfig: Setting CVar [[r.EyeAdaptationQuality:2]]
[2019.05.31-15.54.33:157][  0]LogConfig: Setting CVar [[r.BloomQuality:5]]
[2019.05.31-15.54.33:157][  0]LogConfig: Setting CVar [[r.FastBlurThreshold:100]]
[2019.05.31-15.54.33:157][  0]LogConfig: Setting CVar [[r.Upscale.Quality:3]]
[2019.05.31-15.54.33:157][  0]LogConfig: Setting CVar [[r.Tonemapper.GrainQuantization:1]]
[2019.05.31-15.54.33:157][  0]LogConfig: Setting CVar [[r.LightShaftQuality:1]]
[2019.05.31-15.54.33:157][  0]LogConfig: Setting CVar [[r.Filter.SizeScale:1]]
[2019.05.31-15.54.33:157][  0]LogConfig: Setting CVar [[r.Tonemapper.Quality:5]]
[2019.05.31-15.54.33:157][  0]LogConfig: Setting CVar [[r.DOF.Gather.AccumulatorQuality:1        ; higher gathering accumulator quality]]
[2019.05.31-15.54.33:157][  0]LogConfig: Setting CVar [[r.DOF.Gather.PostfilterMethod:1          ; Median3x3 postfilering method]]
[2019.05.31-15.54.33:157][  0]LogConfig: Setting CVar [[r.DOF.Gather.EnableBokehSettings:0       ; no bokeh simulation when gathering]]
[2019.05.31-15.54.33:157][  0]LogConfig: Setting CVar [[r.DOF.Gather.RingCount:4                 ; medium number of samples when gathering]]
[2019.05.31-15.54.33:157][  0]LogConfig: Setting CVar [[r.DOF.Scatter.ForegroundCompositing:1    ; additive foreground scattering]]
[2019.05.31-15.54.33:157][  0]LogConfig: Setting CVar [[r.DOF.Scatter.BackgroundCompositing:2    ; additive background scattering]]
[2019.05.31-15.54.33:157][  0]LogConfig: Setting CVar [[r.DOF.Scatter.EnableBokehSettings:1      ; bokeh simulation when scattering]]
[2019.05.31-15.54.33:157][  0]LogConfig: Setting CVar [[r.DOF.Scatter.MaxSpriteRatio:0.1         ; only a maximum of 10% of scattered bokeh]]
[2019.05.31-15.54.33:157][  0]LogConfig: Setting CVar [[r.DOF.Recombine.Quality:1                ; cheap slight out of focus]]
[2019.05.31-15.54.33:157][  0]LogConfig: Setting CVar [[r.DOF.Recombine.EnableBokehSettings:0    ; no bokeh simulation on slight out of focus]]
[2019.05.31-15.54.33:157][  0]LogConfig: Setting CVar [[r.DOF.TemporalAAQuality:1                ; more stable temporal accumulation]]
[2019.05.31-15.54.33:157][  0]LogConfig: Setting CVar [[r.DOF.Kernel.MaxForegroundRadius:0.025]]
[2019.05.31-15.54.33:157][  0]LogConfig: Setting CVar [[r.DOF.Kernel.MaxBackgroundRadius:0.025]]
[2019.05.31-15.54.33:157][  0]LogConfig: Applying CVar settings from Section [TextureQuality@3] File [C:/Users/Samuel/Documents/GitHub/CFE_RV/CFE_LeapMotion2/Saved/Config/Windows/Scalability.ini]
[2019.05.31-15.54.33:157][  0]LogConfig: Setting CVar [[r.Streaming.MipBias:0]]
[2019.05.31-15.54.33:157][  0]LogConfig: Setting CVar [[r.Streaming.AmortizeCPUToGPUCopy:0]]
[2019.05.31-15.54.33:157][  0]LogConfig: Setting CVar [[r.Streaming.MaxNumTexturesToStreamPerFrame:0]]
[2019.05.31-15.54.33:157][  0]LogConfig: Setting CVar [[r.Streaming.Boost:1]]
[2019.05.31-15.54.33:157][  0]LogConfig: Setting CVar [[r.MaxAnisotropy:8]]
[2019.05.31-15.54.33:157][  0]LogConfig: Setting CVar [[r.Streaming.LimitPoolSizeToVRAM:0]]
[2019.05.31-15.54.33:157][  0]LogConfig: Setting CVar [[r.Streaming.PoolSize:1000]]
[2019.05.31-15.54.33:157][  0]LogConfig: Setting CVar [[r.Streaming.MaxEffectiveScreenSize:0]]
[2019.05.31-15.54.33:157][  0]LogConfig: Applying CVar settings from Section [EffectsQuality@3] File [C:/Users/Samuel/Documents/GitHub/CFE_RV/CFE_LeapMotion2/Saved/Config/Windows/Scalability.ini]
[2019.05.31-15.54.33:157][  0]LogConfig: Setting CVar [[r.TranslucencyLightingVolumeDim:64]]
[2019.05.31-15.54.33:157][  0]LogConfig: Setting CVar [[r.RefractionQuality:2]]
[2019.05.31-15.54.33:157][  0]LogConfig: Setting CVar [[r.SSR.Quality:3]]
[2019.05.31-15.54.33:157][  0]LogConfig: Setting CVar [[r.SceneColorFormat:4]]
[2019.05.31-15.54.33:157][  0]LogConfig: Setting CVar [[r.DetailMode:2]]
[2019.05.31-15.54.33:157][  0]LogConfig: Setting CVar [[r.TranslucencyVolumeBlur:1]]
[2019.05.31-15.54.33:157][  0]LogConfig: Setting CVar [[r.MaterialQualityLevel:1 ; High quality]]
[2019.05.31-15.54.33:157][  0]LogConfig: Setting CVar [[r.SSS.Scale:1]]
[2019.05.31-15.54.33:157][  0]LogConfig: Setting CVar [[r.SSS.SampleSet:2]]
[2019.05.31-15.54.33:157][  0]LogConfig: Setting CVar [[r.SSS.Quality:1]]
[2019.05.31-15.54.33:157][  0]LogConfig: Setting CVar [[r.SSS.HalfRes:1]]
[2019.05.31-15.54.33:157][  0]LogConfig: Setting CVar [[r.EmitterSpawnRateScale:1.0]]
[2019.05.31-15.54.33:157][  0]LogConfig: Setting CVar [[r.ParticleLightQuality:2]]
[2019.05.31-15.54.33:157][  0]LogConfig: Applying CVar settings from Section [FoliageQuality@3] File [C:/Users/Samuel/Documents/GitHub/CFE_RV/CFE_LeapMotion2/Saved/Config/Windows/Scalability.ini]
[2019.05.31-15.54.33:157][  0]LogConfig: Setting CVar [[foliage.DensityScale:1.0]]
[2019.05.31-15.54.33:157][  0]LogConfig: Setting CVar [[grass.DensityScale:1.0]]
[2019.05.31-15.54.33:157][  0]LogInit: Selected Device Profile: [Windows]
[2019.05.31-15.54.33:157][  0]LogInit: Applying CVar settings loaded from the selected device profile: [Windows]
[2019.05.31-15.54.33:251][  0]LogHAL: Display: Platform has ~ 7 GB [7455145984 / 8589934592 / 7], which maps to Smaller [LargestMinGB=32, LargerMinGB=12, DefaultMinGB=8, SmallerMinGB=6, SmallestMinGB=0)
[2019.05.31-15.54.33:251][  0]LogConfig: Setting CVar [[r.Vulkan.UseRealUBs:1]]
[2019.05.31-15.54.33:251][  0]LogInit: Going up to parent DeviceProfile []
[2019.05.31-15.54.33:251][  0]LogConfig: Applying CVar settings from Section [ViewDistanceQuality@1] File [C:/Users/Samuel/Documents/GitHub/CFE_RV/CFE_LeapMotion2/Saved/Config/Windows/Scalability.ini]
[2019.05.31-15.54.33:251][  0]LogConfig: Setting CVar [[r.SkeletalMeshLODBias:1]]
[2019.05.31-15.54.33:251][  0]LogConfig: Setting CVar [[r.ViewDistanceScale:0.6]]
[2019.05.31-15.54.33:251][  0]LogConfig: Applying CVar settings from Section [AntiAliasingQuality@1] File [C:/Users/Samuel/Documents/GitHub/CFE_RV/CFE_LeapMotion2/Saved/Config/Windows/Scalability.ini]
[2019.05.31-15.54.33:251][  0]LogConfig: Setting CVar [[r.PostProcessAAQuality:2]]
[2019.05.31-15.54.33:251][  0]LogConfig: Applying CVar settings from Section [ShadowQuality@1] File [C:/Users/Samuel/Documents/GitHub/CFE_RV/CFE_LeapMotion2/Saved/Config/Windows/Scalability.ini]
[2019.05.31-15.54.33:251][  0]LogConfig: Setting CVar [[r.LightFunctionQuality:1]]
[2019.05.31-15.54.33:251][  0]LogConfig: Setting CVar [[r.ShadowQuality:3]]
[2019.05.31-15.54.33:251][  0]LogConfig: Setting CVar [[r.Shadow.CSM.MaxCascades:1]]
[2019.05.31-15.54.33:251][  0]LogConfig: Setting CVar [[r.Shadow.MaxResolution:1024]]
[2019.05.31-15.54.33:251][  0]LogConfig: Setting CVar [[r.Shadow.MaxCSMResolution:1024]]
[2019.05.31-15.54.33:251][  0]LogConfig: Setting CVar [[r.Shadow.RadiusThreshold:0.05]]
[2019.05.31-15.54.33:251][  0]LogConfig: Setting CVar [[r.Shadow.DistanceScale:0.7]]
[2019.05.31-15.54.33:251][  0]LogConfig: Setting CVar [[r.Shadow.CSM.TransitionScale:0.25]]
[2019.05.31-15.54.33:251][  0]LogConfig: Setting CVar [[r.Shadow.PreShadowResolutionFactor:0.5]]
[2019.05.31-15.54.33:251][  0]LogConfig: Setting CVar [[r.DistanceFieldShadowing:0]]
[2019.05.31-15.54.33:251][  0]LogConfig: Setting CVar [[r.DistanceFieldAO:0]]
[2019.05.31-15.54.33:251][  0]LogConfig: Setting CVar [[r.VolumetricFog:0]]
[2019.05.31-15.54.33:251][  0]LogConfig: Setting CVar [[r.LightMaxDrawDistanceScale:.5]]
[2019.05.31-15.54.33:251][  0]LogConfig: Setting CVar [[r.CapsuleShadows:1]]
[2019.05.31-15.54.33:251][  0]LogConfig: Applying CVar settings from Section [PostProcessQuality@1] File [C:/Users/Samuel/Documents/GitHub/CFE_RV/CFE_LeapMotion2/Saved/Config/Windows/Scalability.ini]
[2019.05.31-15.54.33:251][  0]LogConfig: Setting CVar [[r.MotionBlurQuality:3]]
[2019.05.31-15.54.33:251][  0]LogConfig: Setting CVar [[r.AmbientOcclusionMipLevelFactor:1.0]]
[2019.05.31-15.54.33:251][  0]LogConfig: Setting CVar [[r.AmbientOcclusionMaxQuality:60]]
[2019.05.31-15.54.33:251][  0]LogConfig: Setting CVar [[r.AmbientOcclusionLevels:-1]]
[2019.05.31-15.54.33:251][  0]LogConfig: Setting CVar [[r.AmbientOcclusionRadiusScale:1.5]]
[2019.05.31-15.54.33:251][  0]LogConfig: Setting CVar [[r.DepthOfFieldQuality:1]]
[2019.05.31-15.54.33:251][  0]LogConfig: Setting CVar [[r.RenderTargetPoolMin:350]]
[2019.05.31-15.54.33:251][  0]LogConfig: Setting CVar [[r.LensFlareQuality:0]]
[2019.05.31-15.54.33:251][  0]LogConfig: Setting CVar [[r.SceneColorFringeQuality:0]]
[2019.05.31-15.54.33:251][  0]LogConfig: Setting CVar [[r.EyeAdaptationQuality:0]]
[2019.05.31-15.54.33:251][  0]LogConfig: Setting CVar [[r.BloomQuality:4]]
[2019.05.31-15.54.33:251][  0]LogConfig: Setting CVar [[r.FastBlurThreshold:2]]
[2019.05.31-15.54.33:251][  0]LogConfig: Setting CVar [[r.Upscale.Quality:2]]
[2019.05.31-15.54.33:251][  0]LogConfig: Setting CVar [[r.Tonemapper.GrainQuantization:0]]
[2019.05.31-15.54.33:251][  0]LogConfig: Setting CVar [[r.LightShaftQuality:0]]
[2019.05.31-15.54.33:251][  0]LogConfig: Setting CVar [[r.Filter.SizeScale:0.7]]
[2019.05.31-15.54.33:251][  0]LogConfig: Setting CVar [[r.Tonemapper.Quality:2]]
[2019.05.31-15.54.33:251][  0]LogConfig: Setting CVar [[r.DOF.Gather.AccumulatorQuality:0        ; lower gathering accumulator quality]]
[2019.05.31-15.54.33:251][  0]LogConfig: Setting CVar [[r.DOF.Gather.PostfilterMethod:2          ; Max3x3 postfilering method]]
[2019.05.31-15.54.33:251][  0]LogConfig: Setting CVar [[r.DOF.Gather.EnableBokehSettings:0       ; no bokeh simulation when gathering]]
[2019.05.31-15.54.33:251][  0]LogConfig: Setting CVar [[r.DOF.Gather.RingCount:3                 ; low number of samples when gathering]]
[2019.05.31-15.54.33:251][  0]LogConfig: Setting CVar [[r.DOF.Scatter.ForegroundCompositing:0    ; no foreground scattering]]
[2019.05.31-15.54.33:251][  0]LogConfig: Setting CVar [[r.DOF.Scatter.BackgroundCompositing:0    ; no foreground scattering]]
[2019.05.31-15.54.33:251][  0]LogConfig: Setting CVar [[r.DOF.Recombine.Quality:0                ; no slight out of focus]]
[2019.05.31-15.54.33:251][  0]LogConfig: Setting CVar [[r.DOF.TemporalAAQuality:0                ; faster temporal accumulation]]
[2019.05.31-15.54.33:251][  0]LogConfig: Setting CVar [[r.DOF.Kernel.MaxForegroundRadius:0.006   ; required because low gathering and no scattering and not looking great at 1080p]]
[2019.05.31-15.54.33:251][  0]LogConfig: Setting CVar [[r.DOF.Kernel.MaxBackgroundRadius:0.006   ; required because low gathering and no scattering and not looking great at 1080p]]
[2019.05.31-15.54.33:251][  0]LogConfig: Applying CVar settings from Section [TextureQuality@1] File [C:/Users/Samuel/Documents/GitHub/CFE_RV/CFE_LeapMotion2/Saved/Config/Windows/Scalability.ini]
[2019.05.31-15.54.33:251][  0]LogConfig: Setting CVar [[r.Streaming.MipBias:1]]
[2019.05.31-15.54.33:251][  0]LogConfig: Setting CVar [[r.Streaming.AmortizeCPUToGPUCopy:0]]
[2019.05.31-15.54.33:251][  0]LogConfig: Setting CVar [[r.Streaming.MaxNumTexturesToStreamPerFrame:0]]
[2019.05.31-15.54.33:251][  0]LogConfig: Setting CVar [[r.Streaming.Boost:1]]
[2019.05.31-15.54.33:251][  0]LogConfig: Setting CVar [[r.MaxAnisotropy:2]]
[2019.05.31-15.54.33:251][  0]LogConfig: Setting CVar [[r.Streaming.LimitPoolSizeToVRAM:1]]
[2019.05.31-15.54.33:251][  0]LogConfig: Setting CVar [[r.Streaming.PoolSize:600]]
[2019.05.31-15.54.33:251][  0]LogConfig: Setting CVar [[r.Streaming.MaxEffectiveScreenSize:0]]
[2019.05.31-15.54.33:251][  0]LogConfig: Applying CVar settings from Section [EffectsQuality@1] File [C:/Users/Samuel/Documents/GitHub/CFE_RV/CFE_LeapMotion2/Saved/Config/Windows/Scalability.ini]
[2019.05.31-15.54.33:251][  0]LogConfig: Setting CVar [[r.TranslucencyLightingVolumeDim:32]]
[2019.05.31-15.54.33:251][  0]LogConfig: Setting CVar [[r.RefractionQuality:0]]
[2019.05.31-15.54.33:251][  0]LogConfig: Setting CVar [[r.SSR.Quality:0]]
[2019.05.31-15.54.33:251][  0]LogConfig: Setting CVar [[r.SceneColorFormat:3]]
[2019.05.31-15.54.33:251][  0]LogConfig: Setting CVar [[r.DetailMode:1]]
[2019.05.31-15.54.33:251][  0]LogConfig: Setting CVar [[r.TranslucencyVolumeBlur:0]]
[2019.05.31-15.54.33:251][  0]LogConfig: Setting CVar [[r.MaterialQualityLevel:2 ; Medium quality]]
[2019.05.31-15.54.33:251][  0]LogConfig: Setting CVar [[r.SSS.Scale:0.75]]
[2019.05.31-15.54.33:251][  0]LogConfig: Setting CVar [[r.SSS.SampleSet:0]]
[2019.05.31-15.54.33:251][  0]LogConfig: Setting CVar [[r.SSS.Quality:0]]
[2019.05.31-15.54.33:251][  0]LogConfig: Setting CVar [[r.SSS.HalfRes:1]]
[2019.05.31-15.54.33:251][  0]LogConfig: Setting CVar [[r.EmitterSpawnRateScale:0.25]]
[2019.05.31-15.54.33:251][  0]LogConfig: Setting CVar [[r.ParticleLightQuality:0]]
[2019.05.31-15.54.33:251][  0]LogConfig: Applying CVar settings from Section [FoliageQuality@1] File [C:/Users/Samuel/Documents/GitHub/CFE_RV/CFE_LeapMotion2/Saved/Config/Windows/Scalability.ini]
[2019.05.31-15.54.33:251][  0]LogConfig: Setting CVar [[foliage.DensityScale:0.4]]
[2019.05.31-15.54.33:251][  0]LogConfig: Setting CVar [[grass.DensityScale:0.4]]
[2019.05.31-15.54.33:251][  0]LogConfig: Applying CVar settings from Section [Startup] File [../../../Engine/Config/ConsoleVariables.ini]
[2019.05.31-15.54.33:298][  0]LogConfig: Setting CVar [[net.UseAdaptiveNetUpdateFrequency:0]]
[2019.05.31-15.54.33:298][  0]LogConfig: Applying CVar settings from Section [ConsoleVariables] File [C:/Users/Samuel/Documents/GitHub/CFE_RV/CFE_LeapMotion2/Saved/Config/Windows/Engine.ini]
[2019.05.31-15.54.33:302][  0]LogInit: Computer: DESKTOP-RTM83TK
[2019.05.31-15.54.33:302][  0]LogInit: User: Samuel
[2019.05.31-15.54.33:302][  0]LogInit: CPU Page size=4096, Cores=4
[2019.05.31-15.54.33:302][  0]LogInit: High frequency timer resolution =10.000000 MHz
[2019.05.31-15.54.33:302][  0]LogMemory: Memory total: Physical=6.9GB (7GB approx)
[2019.05.31-15.54.33:302][  0]LogMemory: Platform Memory Stats for Windows
[2019.05.31-15.54.33:302][  0]LogMemory: Process Physical Memory: 104.04 MB used, 104.05 MB peak
[2019.05.31-15.54.33:302][  0]LogMemory: Process Virtual Memory: 97.64 MB used, 97.64 MB peak
[2019.05.31-15.54.33:302][  0]LogMemory: Physical Memory: 2950.44 MB used,  4159.34 MB free, 7109.78 MB total
[2019.05.31-15.54.33:302][  0]LogMemory: Virtual Memory: 4643.13 MB used,  134213088.00 MB free, 134217728.00 MB total
[2019.05.31-15.54.33:990][  0]LogInit: Overriding language with editor language configuration option (en).
[2019.05.31-15.54.33:990][  0]LogInit: Overriding locale with editor locale configuration option (en).
[2019.05.31-15.54.35:273][  0]LogStreaming: Display: Took  1.282s to InitEngineTextLocalization.
[2019.05.31-15.54.35:273][  0]LogInit: Setting process to per monitor DPI aware
[2019.05.31-15.54.35:714][  0]LogSlate: New Slate User Created.  User Index 0, Is Virtual User: 0
[2019.05.31-15.54.35:714][  0]LogSlate: Slate User Registered.  User Index 0, Is Virtual User: 0
[2019.05.31-15.54.45:474][  0]LogHMD: Failed to initialize OpenVR with code 110
[2019.05.31-15.54.45:475][  0]LogD3D11RHI: D3D11 adapters:
[2019.05.31-15.54.45:772][  0]LogD3D11RHI:    0. 'AMD Radeon(TM) R6 Graphics' (Feature Level 11_0)
[2019.05.31-15.54.45:772][  0]LogD3D11RHI:       1012/0/3554 MB DedicatedVideo/DedicatedSystem/SharedSystem, Outputs:1, VendorId:0x1002
[2019.05.31-15.54.45:777][  0]LogD3D11RHI:    1. 'Microsoft Basic Render Driver' (Feature Level 11_0)
[2019.05.31-15.54.45:777][  0]LogD3D11RHI:       0/0/3554 MB DedicatedVideo/DedicatedSystem/SharedSystem, Outputs:0, VendorId:0x1414
[2019.05.31-15.54.45:777][  0]LogD3D11RHI: Chosen D3D11 Adapter: 0
[2019.05.31-15.54.45:794][  0]LogD3D11RHI: Creating new Direct3DDevice
[2019.05.31-15.54.45:795][  0]LogD3D11RHI:     GPU DeviceId: 0x9874 (for the marketing name, search the web for "GPU Device Id")
[2019.05.31-15.54.45:795][  0]LogWindows: EnumDisplayDevices:
[2019.05.31-15.54.45:795][  0]LogWindows:    0. 'AMD Radeon(TM) R6 Graphics' (P:1 D:1)
[2019.05.31-15.54.45:796][  0]LogWindows:    1. 'AMD Radeon(TM) R6 Graphics' (P:0 D:0)
[2019.05.31-15.54.45:796][  0]LogWindows:    2. 'AMD Radeon(TM) R6 Graphics' (P:0 D:0)
[2019.05.31-15.54.45:797][  0]LogWindows: DebugString: FoundDriverCount:3 
[2019.05.31-15.54.45:797][  0]LogD3D11RHI:     Adapter Name: AMD Radeon(TM) R6 Graphics
[2019.05.31-15.54.45:797][  0]LogD3D11RHI:   Driver Version: 15.201.1101.1002 (internal:15.201.1101.1002, unified:15.201.1101.1002)
[2019.05.31-15.54.45:797][  0]LogD3D11RHI:      Driver Date: 8-21-2015
[2019.05.31-15.54.45:797][  0]LogRHI: Texture pool is 708 MB (70% of 1012 MB)
[2019.05.31-15.54.45:955][  0]LogD3D11RHI: Async texture creation enabled
[2019.05.31-15.54.45:989][  0]LogD3D11RHI: GPU Timing Frequency: 27.000000 (Debug: 2 2)
[2019.05.31-15.54.47:261][  0]LogTemp: Display: Loaded TP AllDesktopTargetPlatform
[2019.05.31-15.54.47:287][  0]LogTemp: Display: Loaded TP MacClientTargetPlatform
[2019.05.31-15.54.47:313][  0]LogTemp: Display: Loaded TP MacNoEditorTargetPlatform
[2019.05.31-15.54.47:340][  0]LogTemp: Display: Loaded TP MacServerTargetPlatform
[2019.05.31-15.54.47:388][  0]LogTemp: Display: Loaded TP MacTargetPlatform
[2019.05.31-15.54.47:415][  0]LogTemp: Display: Loaded TP WindowsClientTargetPlatform
[2019.05.31-15.54.47:443][  0]LogTemp: Display: Loaded TP WindowsNoEditorTargetPlatform
[2019.05.31-15.54.47:471][  0]LogTemp: Display: Loaded TP WindowsServerTargetPlatform
[2019.05.31-15.54.47:484][  0]LogTemp: Display: Loaded TP WindowsTargetPlatform
[2019.05.31-15.54.47:640][  0]LogTemp: Display: Loaded TP AndroidTargetPlatform
[2019.05.31-15.54.47:640][  0]LogTemp: Display: Loaded TP AndroidTargetPlatform
[2019.05.31-15.54.47:640][  0]LogTemp: Display: Loaded TP AndroidTargetPlatform
[2019.05.31-15.54.47:640][  0]LogTemp: Display: Loaded TP AndroidTargetPlatform
[2019.05.31-15.54.47:640][  0]LogTemp: Display: Loaded TP AndroidTargetPlatform
[2019.05.31-15.54.47:640][  0]LogTemp: Display: Loaded TP AndroidTargetPlatform
[2019.05.31-15.54.47:640][  0]LogTemp: Display: Loaded TP AndroidTargetPlatform
[2019.05.31-15.54.47:641][  0]LogTemp: Display: Loaded TP AndroidTargetPlatform
[2019.05.31-15.54.47:641][  0]LogTemp: Display: Loaded TP AndroidTargetPlatform
[2019.05.31-15.54.47:641][  0]LogTemp: Display: Loaded TP AndroidTargetPlatform
[2019.05.31-15.54.47:641][  0]LogTemp: Display: Loaded TP AndroidTargetPlatform
[2019.05.31-15.54.47:641][  0]LogTemp: Display: Loaded TP AndroidTargetPlatform
[2019.05.31-15.54.47:641][  0]LogTemp: Display: Loaded TP AndroidTargetPlatform
[2019.05.31-15.54.47:641][  0]LogTemp: Display: Loaded TP AndroidTargetPlatform
[2019.05.31-15.54.47:641][  0]LogTemp: Display: Loaded TP AndroidTargetPlatform
[2019.05.31-15.54.47:641][  0]LogTemp: Display: Loaded TP AndroidTargetPlatform
[2019.05.31-15.54.47:641][  0]LogTemp: Display: Loaded TP AndroidTargetPlatform
[2019.05.31-15.54.47:641][  0]LogTemp: Display: Loaded TP AndroidTargetPlatform
[2019.05.31-15.54.47:644][  0]LogTemp: Display: Loaded TP HTML5TargetPlatform
[2019.05.31-15.54.47:754][  0]LogTemp: Display: Loaded TP IOSTargetPlatform
[2019.05.31-15.54.47:754][  0]LogTemp: Display: Loaded TP IOSTargetPlatform
[2019.05.31-15.54.47:802][  0]LogTemp: Display: Loaded TP TVOSTargetPlatform
[2019.05.31-15.54.47:802][  0]LogTemp: Display: Loaded TP TVOSTargetPlatform
[2019.05.31-15.54.47:825][  0]LogTemp: Display: Loaded TP LinuxClientTargetPlatform
[2019.05.31-15.54.47:847][  0]LogTemp: Display: Loaded TP LinuxNoEditorTargetPlatform
[2019.05.31-15.54.47:871][  0]LogTemp: Display: Loaded TP LinuxServerTargetPlatform
[2019.05.31-15.54.47:914][  0]LogTemp: Display: Loaded TP LinuxTargetPlatform
[2019.05.31-15.54.48:004][  0]LogTemp: Display: Loaded TP LuminTargetPlatform
[2019.05.31-15.54.48:004][  0]LogTemp: Display: Loaded TP LuminTargetPlatform
[2019.05.31-15.54.48:004][  0]LogTargetPlatformManager: Display: Building Assets For Windows
[2019.05.31-15.54.48:437][  0]LogShaderCompilers: Guid format shader working directory is -23 characters bigger than the processId version (../../../../../../Users/Samuel/Documents/GitHub/CFE_RV/CFE_LeapMotion2/Intermediate/Shaders/WorkingDirectory/5912/).
[2019.05.31-15.54.48:437][  0]LogShaderCompilers: Cleaned the shader compiler working directory 'C:/Users/Samuel/AppData/Local/Temp/UnrealShaderWorkingDir/D16277484748D419C45005AEA01B26D7/'.
[2019.05.31-15.54.48:441][  0]LogXGEController: Cleaning working directory: C:/Users/Samuel/AppData/Local/Temp/UnrealXGEWorkingDir/
[2019.05.31-15.54.48:441][  0]LogXGEController: Cannot use XGE Controller as Incredibuild is not installed on this machine.
[2019.05.31-15.54.48:441][  0]LogShaderCompilers: Cannot use XGE Shader Compiler as Incredibuild is not installed on this machine.
[2019.05.31-15.54.48:441][  0]LogShaderCompilers: Display: Using Local Shader Compiler.
[2019.05.31-15.54.55:057][  0]LogDerivedDataCache: Display: Max Cache Size: 512 MB
[2019.05.31-15.54.56:173][  0]LogDerivedDataCache: Loaded boot cache 1.12s 71MB C:/Users/Samuel/AppData/Local/UnrealEngine/4.21/DerivedDataCache/Boot.ddc.
[2019.05.31-15.54.56:173][  0]LogDerivedDataCache: Display: Loaded Boot cache: C:/Users/Samuel/AppData/Local/UnrealEngine/4.21/DerivedDataCache/Boot.ddc
[2019.05.31-15.54.56:174][  0]LogDerivedDataCache: FDerivedDataBackendGraph:  Pak pak cache file ../../../../../../Users/Samuel/Documents/GitHub/CFE_RV/CFE_LeapMotion2/DerivedDataCache/DDC.ddp not found, will not use a pak cache.
[2019.05.31-15.54.56:174][  0]LogDerivedDataCache: Unable to find inner node Pak for hierarchical cache Hierarchy.
[2019.05.31-15.54.56:174][  0]LogDerivedDataCache: FDerivedDataBackendGraph:  CompressedPak pak cache file ../../../../../../Users/Samuel/Documents/GitHub/CFE_RV/CFE_LeapMotion2/DerivedDataCache/Compressed.ddp not found, will not use a pak cache.
[2019.05.31-15.54.56:174][  0]LogDerivedDataCache: Unable to find inner node CompressedPak for hierarchical cache Hierarchy.
[2019.05.31-15.54.56:287][  0]LogDerivedDataCache: Display: Pak cache opened for reading ../../../Engine/DerivedDataCache/Compressed.ddp.
[2019.05.31-15.54.56:287][  0]LogDerivedDataCache: FDerivedDataBackendGraph:  EnterprisePak pak cache file ../../../Enterprise/DerivedDataCache/Compressed.ddp not found, will not use a pak cache.
[2019.05.31-15.54.56:287][  0]LogDerivedDataCache: Unable to find inner node EnterprisePak for hierarchical cache Hierarchy.
[2019.05.31-15.54.56:300][  0]LogDerivedDataCache: Using Local data cache path C:/Users/Samuel/AppData/Local/UnrealEngine/Common/DerivedDataCache: Writable
[2019.05.31-15.54.56:300][  0]LogDerivedDataCache: Shared data cache path not found in *engine.ini, will not use an Shared cache.
[2019.05.31-15.54.56:300][  0]LogDerivedDataCache: Unable to find inner node Shared for hierarchical cache Hierarchy.
[2019.05.31-15.54.56:348][  0]LogMaterial: Verifying Global Shaders for PCD3D_SM5
[2019.05.31-15.54.56:350][  0]LogSlate: Using FreeType 2.6.0
[2019.05.31-15.54.56:426][  0]LogSlate: SlateFontServices - WITH_FREETYPE: 1, WITH_HARFBUZZ: 1
[2019.05.31-15.54.58:486][  0]LogAssetRegistry: FAssetRegistry took 0.0426 seconds to start up
[2019.05.31-15.54.59:270][  0]LogInit: Selected Device Profile: [Windows]
[2019.05.31-15.55.00:900][  0]LogSimplygon: Simplygon DLL not present - disabling.
[2019.05.31-15.55.00:909][  0]LogMeshReduction: Using SimplygonSwarm for distributed automatic mesh merging
[2019.05.31-15.55.00:909][  0]LogMeshReduction: Using ProxyLODMeshReduction for automatic mesh merging
[2019.05.31-15.55.00:909][  0]LogMeshReduction: Using QuadricMeshReduction for automatic static mesh reduction
[2019.05.31-15.55.00:909][  0]LogMeshReduction: No automatic skeletal mesh reduction module available
[2019.05.31-15.55.01:038][  0]LogNetVersion: CFE_LeapMotion 1.0.0, NetCL: 4541578, EngineNetVer: 5, GameNetVer: 0 (Checksum: 1837852655)
[2019.05.31-15.55.08:609][  0]LogPackageLocalizationCache: Processed 12 localized package path(s) for 1 prioritized culture(s) in 0.200339 seconds
[2019.05.31-15.55.08:627][  0]LogUObjectArray: 39775 objects as part of root set at end of initial load.
[2019.05.31-15.55.08:628][  0]LogUObjectAllocator: 6914656 out of 0 bytes used by permanent object pool.
[2019.05.31-15.55.08:628][  0]LogUObjectArray: CloseDisregardForGC: 0/0 objects in disregard for GC pool
[2019.05.31-15.55.45:028][  0]LogTcpMessaging: Initializing TcpMessaging bridge
[2019.05.31-15.55.45:049][  0]LogUdpMessaging: Initializing bridge on interface 0.0.0.0:0 to multicast group 230.0.0.1:6666.
[2019.05.31-15.55.47:274][  0]UE4DuinoLog: Warning: UE4Duino: Log Started
[2019.05.31-15.55.48:007][  0]SourceControl: Source control is disabled
[2019.05.31-15.55.52:375][  0]LogAndroidPermission: UAndroidPermissionCallbackProxy::GetInstance
[2019.05.31-15.55.52:525][  0]LogWindows: Failed to load '../../../Engine/Binaries/ThirdParty/LeapMotion/Win64/LeapC.dll' (GetLastError=126)
[2019.05.31-15.55.52:525][  0]LogWindows: File '../../../Engine/Binaries/ThirdParty/LeapMotion/Win64/LeapC.dll' does not exist
[2019.05.31-15.55.52:525][  0]LeapMotionLog: Leap Plugin started v3.3.1
[2019.05.31-15.55.52:533][  0]LogOcInput: OculusInput pre-init called
[2019.05.31-15.55.52:946][  0]LogClass: Warning: ObjectProperty FMappedBoneAnimData::BodyStateSkeleton is not initialized properly
[2019.05.31-15.55.52:947][  0]LogClass: Warning: FBodyStateDeviceConfig::InputType is not initialized properly
[2019.05.31-15.55.52:947][  0]LogClass: Warning: FLeapStats::FrameExtrapolationInMS is not initialized properly
[2019.05.31-15.55.52:947][  0]LogClass: Display: 3 Uninitialized script stuct members found
[2019.05.31-15.55.52:949][  0]LogAutomationTest: Warning: ObjectProperty FMappedBoneAnimData::BodyStateSkeleton is not initialized properly
[2019.05.31-15.55.52:949][  0]LogAutomationTest: Warning: FBodyStateDeviceConfig::InputType is not initialized properly
[2019.05.31-15.55.52:949][  0]LogAutomationTest: Warning: FLeapStats::FrameExtrapolationInMS is not initialized properly
[2019.05.31-15.55.52:955][  0]LogEngine: Initializing Engine...
[2019.05.31-15.55.52:957][  0]LogHMD: Failed to initialize OpenVR with code 110
[2019.05.31-15.55.52:961][  0]LogStats: UGameplayTagsManager::ConstructGameplayTagTree: ImportINI prefixes -  0.000 s
[2019.05.31-15.55.52:961][  0]LogStats: UGameplayTagsManager::ConstructGameplayTagTree: Construct from data asset -  0.000 s
[2019.05.31-15.55.52:961][  0]LogStats: UGameplayTagsManager::ConstructGameplayTagTree: ImportINI -  0.000 s
[2019.05.31-15.55.52:961][  0]LogStats: UGameplayTagsManager::ConstructGameplayTagTree: GameplayTagTreeChangedEvent.Broadcast -  0.000 s
[2019.05.31-15.55.54:323][  0]LogInit: Initializing FReadOnlyCVARCache
[2019.05.31-15.55.54:361][  0]LogAIModule: Creating AISystem for world Untitled
[2019.05.31-15.55.54:378][  0]LogInit: XAudio2 using 'Altavoces (Conexant SmartAudio HD)' : 2 channels at 48 kHz using 32 bits per sample (channel mask 0x3)
[2019.05.31-15.55.54:667][  0]LogInit: FAudioDevice initialized.
[2019.05.31-15.55.54:668][  0]LogNetVersion: Set ProjectVersion to 1.0.0.0. Version Checksum will be recalculated on next use.
[2019.05.31-15.55.55:137][  0]LogDerivedDataCache: Saved boot cache 0.47s 71MB C:/Users/Samuel/AppData/Local/UnrealEngine/4.21/DerivedDataCache/Boot.ddc.
[2019.05.31-15.55.55:154][  0]LogInit: Texture streaming: Enabled
[2019.05.31-15.55.55:205][  0]LogEngineSessionManager: EngineSessionManager initialized
[2019.05.31-15.55.56:045][  0]LogInit: Transaction tracking system initialized
[2019.05.31-15.55.56:097][  0]BlueprintLog: New page: Editor Load
[2019.05.31-15.55.56:417][  0]LocalizationService: Localization service is disabled
[2019.05.31-15.56.05:940][  0]LogFileCache: Scanning file cache for directory 'C:/Users/Samuel/Documents/GitHub/CFE_RV/CFE_LeapMotion2/Content/' took 0.03s
[2019.05.31-15.56.05:940][  0]LogCook: Display: Max memory allowance for cook 16384mb min free memory 0mb
[2019.05.31-15.56.05:940][  0]LogCook: Display: Mobile HDR setting 1
[2019.05.31-15.56.05:940][  0]LogGameplayTags: Display: UGameplayTagsManager::DoneAddingNativeTags. DelegateIsBound: 0
[2019.05.31-15.56.05:940][  0]LogStats: UGameplayTagsManager::ConstructGameplayTagTree: ImportINI prefixes -  0.000 s
[2019.05.31-15.56.05:940][  0]LogStats: UGameplayTagsManager::ConstructGameplayTagTree: Construct from data asset -  0.000 s
[2019.05.31-15.56.05:940][  0]LogStats: UGameplayTagsManager::ConstructGameplayTagTree: ImportINI -  0.000 s
[2019.05.31-15.56.05:940][  0]LogStats: UGameplayTagsManager::ConstructGameplayTagTree: GameplayTagTreeChangedEvent.Broadcast -  0.000 s
[2019.05.31-15.56.08:505][  0]Cmd: MAP LOAD FILE="../../../../../../Users/Samuel/Documents/GitHub/CFE_RV/CFE_LeapMotion2/Content/StarterContent/Maps/Minimal_Default.umap" TEMPLATE=0 SHOWPROGRESS=1 FEATURELEVEL=3
[2019.05.31-15.56.08:514][  0]LightingResults: New page: Lighting Build
[2019.05.31-15.56.08:520][  0]MapCheck: New page: Map Check
[2019.05.31-15.56.08:520][  0]LightingResults: New page: Lighting Build
[2019.05.31-15.56.25:156][  0]LogTexture: Display: Building textures: K_BuildingsA_30 (AutoDXT, 1024X512)
[2019.05.31-15.56.25:156][  0]LogTexture: Display: Building textures: K_BuildingsA_29 (AutoDXT, 1024X512)
[2019.05.31-15.56.26:082][  0]LogMaterial: Display: Missing cached shader map for material 06_3, compiling. 
[2019.05.31-15.56.27:011][  0]LogTexture: Display: Building textures: K_BuildingsA_28 (AutoDXT, 512X512)
[2019.05.31-15.56.27:011][  0]LogTexture: Display: Building textures: K_BuildingsA_46 (BGRA8, 1013X993)
[2019.05.31-15.56.27:011][  0]LogTexture: Display: Building textures: K_BuildingsA_44 (AutoDXT, 512X512)
[2019.05.31-15.56.27:011][  0]LogShaderCompilers: Display: Shaders left to compile 31
[2019.05.31-15.56.27:011][  0]LogShaderCompilers: Display: Shaders left to compile 21
[2019.05.31-15.56.27:011][  0]LogShaderCompilers: Display: Shaders left to compile 11
[2019.05.31-15.56.27:050][  0]LogMaterial: Display: Missing cached shader map for material 05_3, compiling. 
[2019.05.31-15.56.27:889][  0]LogMaterial: Display: Missing cached shader map for material 04_3, compiling. 
[2019.05.31-15.56.27:989][  0]LogTexture: Display: Building textures: K_BuildingsA_43 (AutoDXT, 1024X256)
[2019.05.31-15.56.27:989][  0]LogTexture: Display: Building textures: K_BuildingsA_08 (AutoDXT, 512X128)
[2019.05.31-15.56.28:532][  0]LogTexture: Display: Building textures: K_BuildingsA_19 (AutoDXT, 1024X512)
[2019.05.31-15.56.28:538][  0]LogMaterial: Display: Missing cached shader map for material 13_11, compiling. 
[2019.05.31-15.56.28:619][  0]LogMaterial: Display: Missing cached shader map for material 12_7, compiling. 
[2019.05.31-15.56.28:698][  0]LogMaterial: Display: Missing cached shader map for material 10_3, compiling. 
[2019.05.31-15.56.29:502][  0]LogTexture: Display: Building textures: K_BuildingsA_13 (AutoDXT, 256X512)
[2019.05.31-15.56.29:503][  0]LogTexture: Display: Building textures: K_BuildingsA_22 (AutoDXT, 512X1024)
[2019.05.31-15.56.32:920][  0]LogTexture: Display: Building textures: K_BuildingsA_12 (AutoDXT, 512X512)
[2019.05.31-15.56.32:920][  0]LogTexture: Display: Building textures: K_BuildingsA_10 (AutoDXT, 256X512)
[2019.05.31-15.56.32:920][  0]LogTexture: Display: Building textures: K_BuildingsA_07 (AutoDXT, 512X512)
[2019.05.31-15.56.32:920][  0]LogTexture: Display: Building textures: K_BuildingsA_11 (AutoDXT, 256X512)
[2019.05.31-15.56.32:920][  0]LogTexture: Display: Building textures: K_BuildingsA_01 (BGRA8, 1024X745)
[2019.05.31-15.56.32:921][  0]LogTexture: Display: Building textures: K_BuildingsA_09 (AutoDXT, 512X128)
[2019.05.31-15.56.32:921][  0]LogTexture: Display: Building textures: K_BuildingsA_42 (AutoDXT, 1024X512)
[2019.05.31-15.56.32:931][  0]LogMaterial: Display: Missing cached shader map for material 08_7, compiling. 
[2019.05.31-15.56.33:052][  0]LogTexture: Display: Building textures: K_BuildingsA_21 (AutoDXT, 256X512)
[2019.05.31-15.56.33:788][  0]LogTexture: Display: Building textures: K_BuildingsA_41 (AutoDXT, 244X192)
[2019.05.31-15.56.33:788][  0]LogTexture: Display: Building textures: K_BuildingsA_39 (AutoDXT, 128X128)
[2019.05.31-15.56.33:788][  0]LogTexture: Display: Building textures: K_BuildingsA_38 (BGRA8, 606X1024)
[2019.05.31-15.56.33:788][  0]LogTexture: Display: Building textures: K_BuildingsA_36 (AutoDXT, 256X256)
[2019.05.31-15.56.33:788][  0]LogMaterial: Display: Missing cached shader map for material 07_8, compiling. 
[2019.05.31-15.56.33:859][  0]LogMaterial: Display: Missing cached shader map for material 05_7, compiling. 
[2019.05.31-15.56.33:957][  0]LogTexture: Display: Building textures: K_BuildingsA_18 (AutoDXT, 256X256)
[2019.05.31-15.56.34:395][  0]LogTexture: Display: Building textures: K_BuildingsA_26 (AutoDXT, 128X128)
[2019.05.31-15.56.34:404][  0]LogMaterial: Display: Missing cached shader map for material 04_6, compiling. 
[2019.05.31-15.56.34:656][  0]LogTexture: Display: Building textures: K_BuildingsA_25 (BGRA8, 790X1024)
[2019.05.31-15.56.34:656][  0]LogTexture: Display: Building textures: K_BuildingsA_17 (AutoDXT, 1024X1024)
[2019.05.31-15.56.40:361][  0]LogTexture: Display: Building textures: K_BuildingsA_33 (AutoDXT, 256X256)
[2019.05.31-15.56.40:362][  0]LogTexture: Display: Building textures: K_BuildingsA_32 (AutoDXT, 512X512)
[2019.05.31-15.56.40:362][  0]LogTexture: Display: Building textures: K_BuildingsA_31 (AutoDXT, 256X512)
[2019.05.31-15.56.40:362][  0]LogTexture: Display: Building textures: K_BuildingsA_16 (AutoDXT, 256X256)
[2019.05.31-15.56.40:362][  0]LogTexture: Display: Building textures: K_BuildingsA_27 (AutoDXT, 512X1024)
[2019.05.31-15.56.40:362][  0]LogTexture: Display: Building textures: K_BuildingsA_05 (BGRA8, 790X1024)
[2019.05.31-15.56.40:362][  0]LogTexture: Display: Building textures: K_BuildingsA_04 (AutoDXT, 256X256)
[2019.05.31-15.56.40:362][  0]LogTexture: Display: Building textures: K_BuildingsA_03 (BGRA8, 1024X745)
[2019.05.31-15.56.40:362][  0]LogTexture: Display: Building textures: HQ_Lightmap1_1 (AutoDXT, 512X512)
[2019.05.31-15.56.40:362][  0]LogTexture: Display: Building textures: LQ_Lightmap_1_1 (DXT1, 512X512)
[2019.05.31-15.56.40:362][  0]LogTexture: Display: Building textures: SkyOcclusion1_1 (AutoDXT, 512X256)
[2019.05.31-15.56.40:362][  0]LogTexture: Display: Building textures: ShadowMapTexture2D_0 (G8, 1024X128)
[2019.05.31-15.56.40:362][  0]LogTexture: Display: Building textures: K_BuildingsA_15 (AutoDXT, 1024X1024)
[2019.05.31-15.56.40:379][  0]LogMaterial: Display: Missing cached shader map for material 03_7, compiling. 
[2019.05.31-15.56.40:750][  0]LogTexture: Display: Building textures: K_BuildingsA_14 (BGRA8, 1024X529)
[2019.05.31-15.56.40:750][  0]LogStaticMesh: Building static mesh flecha...
[2019.05.31-15.56.40:908][  0]LogTexture: Display: Building textures: K_BuildingsA_02 (AutoDXT, 256X256)
[2019.05.31-15.56.40:908][  0]LogStaticMesh: Built static mesh [0.20s] /Game/BP_Items/Inventory/Mesh/flecha.flecha
[2019.05.31-15.56.41:272][  0]LogStaticMesh: Building static mesh Edificio_02...
[2019.05.31-15.56.42:535][  0]LogTexture: Display: Building textures: K_BuildingsA_40 (AutoDXT, 1024X1024)
[2019.05.31-15.56.42:535][  0]LogStaticMesh: Built static mesh [1.26s] /Game/Estructuras/NewFolder/Edificio_02.Edificio_02
[2019.05.31-15.56.42:901][  0]LogStaticMesh: Building static mesh Edificio_03...
[2019.05.31-15.56.44:162][  0]LogStaticMesh: Built static mesh [1.26s] /Game/Estructuras/NewFolder/Edificio_03.Edificio_03
[2019.05.31-15.56.44:438][  0]LogStaticMesh: Building static mesh Edificio_05...
[2019.05.31-15.56.45:556][  0]LogStaticMesh: Built static mesh [1.12s] /Game/Estructuras/NewFolder/Edificio_05.Edificio_05
[2019.05.31-15.56.45:794][  0]LogStaticMesh: Building static mesh Edificio_06...
[2019.05.31-15.56.47:233][  0]LogTexture: Display: Building textures: K_BuildingsA_37 (BGRA8, 567X1024)
[2019.05.31-15.56.47:234][  0]LogTexture: Display: Building textures: K_BuildingsA_35 (BGRA8, 699X1024)
[2019.05.31-15.56.47:234][  0]LogTexture: Display: Building textures: K_BuildingsA_06 (AutoDXT, 128X128)
[2019.05.31-15.56.47:234][  0]LogTexture: Display: Building textures: K_BuildingsA_45 (AutoDXT, 1024X1024)
[2019.05.31-15.56.47:234][  0]LogStaticMesh: Built static mesh [1.44s] /Game/Estructuras/NewFolder/Edificio_06.Edificio_06
[2019.05.31-15.56.47:623][  0]LogStaticMesh: Building static mesh Edificio_07...
[2019.05.31-15.56.48:462][  0]LogStaticMesh: Built static mesh [0.84s] /Game/Estructuras/NewFolder/Edificio_07.Edificio_07
[2019.05.31-15.56.48:563][  0]LogStaticMesh: Building static mesh Edificio_08...
[2019.05.31-15.56.48:968][  0]LogStaticMesh: Built static mesh [0.41s] /Game/Estructuras/NewFolder/Edificio_08.Edificio_08
[2019.05.31-15.56.49:137][  0]LogStaticMesh: Building static mesh Edificio_09...
[2019.05.31-15.56.49:991][  0]LogStaticMesh: Built static mesh [0.86s] /Game/Estructuras/NewFolder/Edificio_09.Edificio_09
[2019.05.31-15.56.50:449][  0]LogStaticMesh: Building static mesh Edificio_11...
[2019.05.31-15.56.51:692][  0]LogStaticMesh: Built static mesh [1.37s] /Game/Estructuras/NewFolder/Edificio_11.Edificio_11
[2019.05.31-15.56.51:945][  0]LogStaticMesh: Building static mesh Edificio_10...
[2019.05.31-15.56.52:129][  0]LogStaticMesh: Built static mesh [0.22s] /Game/Estructuras/NewFolder/Edificio_10.Edificio_10
[2019.05.31-15.56.52:319][  0]LogStaticMesh: Building static mesh Edificio_13...
[2019.05.31-15.56.53:517][  0]LogStaticMesh: Built static mesh [1.20s] /Game/Estructuras/NewFolder/Edificio_13.Edificio_13
[2019.05.31-15.56.53:977][  0]LogStaticMesh: Building static mesh Edificio_14...
[2019.05.31-15.56.55:551][  0]LogStaticMesh: Built static mesh [1.57s] /Game/Estructuras/NewFolder/Edificio_14.Edificio_14
[2019.05.31-15.56.56:863][  0]LogMaterial: Display: Missing cached shader map for material 15_2, compiling. 
[2019.05.31-15.56.56:937][  0]LogMaterial: Display: Missing cached shader map for material 14_2, compiling. 
[2019.05.31-15.56.57:014][  0]LogMaterial: Display: Missing cached shader map for material 13_6, compiling. 
[2019.05.31-15.56.57:156][  0]LogMaterial: Display: Missing cached shader map for material 12_3, compiling. 
[2019.05.31-15.56.57:243][  0]LogMaterial: Display: Missing cached shader map for material 11_4, compiling. 
[2019.05.31-15.56.57:323][  0]LogMaterial: Display: Missing cached shader map for material 07_7, compiling. 
[2019.05.31-15.56.57:400][  0]LogMaterial: Display: Missing cached shader map for material 02_11, compiling. 
[2019.05.31-15.56.57:475][  0]LogMaterial: Display: Missing cached shader map for material 14_4, compiling. 
[2019.05.31-15.56.57:583][  0]LogMaterial: Display: Missing cached shader map for material 11_8, compiling. 
[2019.05.31-15.56.57:654][  0]LogMaterial: Display: Missing cached shader map for material 07_11, compiling. 
[2019.05.31-15.56.57:735][  0]LogMaterial: Display: Missing cached shader map for material 05_11, compiling. 
[2019.05.31-15.56.57:810][  0]LogMaterial: Display: Missing cached shader map for material 04_9, compiling. 
[2019.05.31-15.56.57:896][  0]LogMaterial: Display: Missing cached shader map for material 02_10, compiling. 
[2019.05.31-15.56.58:011][  0]LogMaterial: Display: Missing cached shader map for material 01_6, compiling. 
[2019.05.31-15.56.58:085][  0]LogMaterial: Display: Missing cached shader map for material 15_3, compiling. 
[2019.05.31-15.56.58:162][  0]LogMaterial: Display: Missing cached shader map for material 14_3, compiling. 
[2019.05.31-15.56.58:239][  0]LogMaterial: Display: Missing cached shader map for material 13_9, compiling. 
[2019.05.31-15.56.58:317][  0]LogMaterial: Display: Missing cached shader map for material 11_7, compiling. 
[2019.05.31-15.56.58:397][  0]LogMaterial: Display: Missing cached shader map for material 09_7, compiling. 
[2019.05.31-15.56.58:482][  0]LogMaterial: Display: Missing cached shader map for material 08_10, compiling. 
[2019.05.31-15.56.58:599][  0]LogMaterial: Display: Missing cached shader map for material 08_9, compiling. 
[2019.05.31-15.56.58:667][  0]LogMaterial: Display: Missing cached shader map for material 07_9, compiling. 
[2019.05.31-15.56.58:774][  0]LogMaterial: Display: Missing cached shader map for material 05_9, compiling. 
[2019.05.31-15.56.58:869][  0]LogMaterial: Display: Missing cached shader map for material 04_8, compiling. 
[2019.05.31-15.56.58:958][  0]LogMaterial: Display: Missing cached shader map for material 02_8, compiling. 
[2019.05.31-15.56.59:046][  0]LogMaterial: Display: Missing cached shader map for material 13_8, compiling. 
[2019.05.31-15.56.59:248][  0]LogMaterial: Display: Missing cached shader map for material 11_5, compiling. 
[2019.05.31-15.56.59:402][  0]LogMaterial: Display: Missing cached shader map for material 10_2, compiling. 
[2019.05.31-15.56.59:495][  0]LogMaterial: Display: Missing cached shader map for material 09_5, compiling. 
[2019.05.31-15.56.59:606][  0]LogMaterial: Display: Missing cached shader map for material 08_8, compiling. 
[2019.05.31-15.56.59:711][  0]LogMaterial: Display: Missing cached shader map for material 05_8, compiling. 
[2019.05.31-15.56.59:803][  0]LogMaterial: Display: Missing cached shader map for material 04_7, compiling. 
[2019.05.31-15.56.59:894][  0]LogMaterial: Display: Missing cached shader map for material 02_7, compiling. 
[2019.05.31-15.56.59:987][  0]LogMaterial: Display: Missing cached shader map for material 09_3, compiling. 
[2019.05.31-15.57.00:075][  0]LogMaterial: Display: Missing cached shader map for material 08_4, compiling. 
[2019.05.31-15.57.00:176][  0]LogMaterial: Display: Missing cached shader map for material 07_4, compiling. 
[2019.05.31-15.57.00:266][  0]LogMaterial: Display: Missing cached shader map for material 04_2, compiling. 
[2019.05.31-15.57.00:360][  0]LogMaterial: Display: Missing cached shader map for material 03_2, compiling. 
[2019.05.31-15.57.00:454][  0]LogMaterial: Display: Missing cached shader map for material 02_3, compiling. 
[2019.05.31-15.57.00:697][  0]LogMaterial: Display: Missing cached shader map for material 08_ncl1_1, compiling. 
[2019.05.31-15.57.00:790][  0]LogMaterial: Display: Missing cached shader map for material 08_3, compiling. 
[2019.05.31-15.57.00:883][  0]LogMaterial: Display: Missing cached shader map for material 07_3, compiling. 
[2019.05.31-15.57.01:081][  0]LogMaterial: Display: Missing cached shader map for material 03_3, compiling. 
[2019.05.31-15.57.01:183][  0]LogMaterial: Display: Missing cached shader map for material 13_3, compiling. 
[2019.05.31-15.57.01:478][  0]LogMaterial: Display: Missing cached shader map for material 05_6, compiling. 
[2019.05.31-15.57.01:570][  0]LogMaterial: Display: Missing cached shader map for material 04_5, compiling. 
[2019.05.31-15.57.01:664][  0]LogMaterial: Display: Missing cached shader map for material 03_6, compiling. 
[2019.05.31-15.57.01:898][  0]LogMaterial: Display: Missing cached shader map for material 01_5, compiling. 
[2019.05.31-15.57.01:986][  0]LogMaterial: Display: Missing cached shader map for material 13_7, compiling. 
[2019.05.31-15.57.02:079][  0]LogMaterial: Display: Missing cached shader map for material 12_4, compiling. 
[2019.05.31-15.57.02:176][  0]LogMaterial: Display: Missing cached shader map for material 01_3, compiling. 
[2019.05.31-15.57.02:289][  0]LogMaterial: Display: Missing cached shader map for material phong2SG, compiling. 
[2019.05.31-15.57.02:412][  0]LogMaterial: Display: Missing cached shader map for material 02_6, compiling. 
[2019.05.31-15.57.02:527][  0]LogMaterial: Display: Missing cached shader map for material 01_4, compiling. 
[2019.05.31-15.57.02:791][  0]LogMaterial: Display: Missing cached shader map for material 02_5, compiling. 
[2019.05.31-15.57.02:886][  0]LogMaterial: Display: Missing cached shader map for material 13_4, compiling. 
[2019.05.31-15.57.03:519][  0]LogMaterial: Display: Missing cached shader map for material 13_12, compiling. 
[2019.05.31-15.57.03:619][  0]LogMaterial: Display: Missing cached shader map for material 11_11, compiling. 
[2019.05.31-15.57.03:709][  0]LogMaterial: Display: Missing cached shader map for material 09_9, compiling. 
[2019.05.31-15.57.03:798][  0]LogMaterial: Display: Missing cached shader map for material 08_14, compiling. 
[2019.05.31-15.57.03:884][  0]LogMaterial: Display: Missing cached shader map for material 07_15, compiling. 
[2019.05.31-15.57.03:976][  0]LogMaterial: Display: Missing cached shader map for material 06_7, compiling. 
[2019.05.31-15.57.04:067][  0]LogMaterial: Display: Missing cached shader map for material 05_14, compiling. 
[2019.05.31-15.57.04:164][  0]LogMaterial: Display: Missing cached shader map for material 03_11, compiling. 
[2019.05.31-15.57.04:255][  0]LogMaterial: Display: Missing cached shader map for material 09_8, compiling. 
[2019.05.31-15.57.04:344][  0]LogMaterial: Display: Missing cached shader map for material 08_13, compiling. 
[2019.05.31-15.57.04:440][  0]LogMaterial: Display: Missing cached shader map for material 07_14, compiling. 
[2019.05.31-15.57.04:539][  0]LogMaterial: Display: Missing cached shader map for material 05_13, compiling. 
[2019.05.31-15.57.04:629][  0]LogMaterial: Display: Missing cached shader map for material 02_13, compiling. 
[2019.05.31-15.57.04:725][  0]LogMaterial: Display: Missing cached shader map for material 01_8, compiling. 
[2019.05.31-15.57.04:818][  0]LogMaterial: Display: Missing cached shader map for material 13_10, compiling. 
[2019.05.31-15.57.04:916][  0]LogMaterial: Display: Missing cached shader map for material 12_5, compiling. 
[2019.05.31-15.57.05:023][  0]LogMaterial: Display: Missing cached shader map for material 11_9, compiling. 
[2019.05.31-15.57.05:118][  0]LogMaterial: Display: Missing cached shader map for material 08_11, compiling. 
[2019.05.31-15.57.05:214][  0]LogMaterial: Display: Missing cached shader map for material 07_12, compiling. 
[2019.05.31-15.57.05:307][  0]LogMaterial: Display: Missing cached shader map for material 05_12, compiling. 
[2019.05.31-15.57.05:400][  0]LogMaterial: Display: Missing cached shader map for material 04_10, compiling. 
[2019.05.31-15.57.05:495][  0]LogMaterial: Display: Missing cached shader map for material 03_9, compiling. 
[2019.05.31-15.57.05:590][  0]LogMaterial: Display: Missing cached shader map for material 07_10, compiling. 
[2019.05.31-15.57.05:683][  0]LogMaterial: Display: Missing cached shader map for material 06_5, compiling. 
[2019.05.31-15.57.05:777][  0]LogMaterial: Display: Missing cached shader map for material 05_10, compiling. 
[2019.05.31-15.57.05:870][  0]LogMaterial: Display: Missing cached shader map for material 03_8, compiling. 
[2019.05.31-15.57.05:960][  0]LogMaterial: Display: Missing cached shader map for material 02_9, compiling. 
[2019.05.31-15.57.06:048][  0]LogMaterial: Display: Missing cached shader map for material 11_6, compiling. 
[2019.05.31-15.57.06:138][  0]LogMaterial: Display: Missing cached shader map for material 09_6, compiling. 
[2019.05.31-15.57.06:394][  0]LogAIModule: Creating AISystem for world Minimal_Default
[2019.05.31-15.57.06:463][  0]LogEditorServer: Finished looking for orphan Actors (0.000 secs)
[2019.05.31-15.57.06:777][  0]Cmd: MAP CHECKDEP NOCLEARLOG
[2019.05.31-15.57.06:778][  0]MapCheck: Map check complete: 0 Error(s), 0 Warning(s), took 0.593ms to complete.
[2019.05.31-15.57.06:778][  0]LogFileHelpers: Loading map 'Minimal_Default' took 58.274
[2019.05.31-15.57.07:248][  0]LogSlate: Updating window title bar state: overlay mode, drag disabled, window buttons hidden, title bar hidden
[2019.05.31-15.57.07:278][  0]LogSlate: Updating window title bar state: overlay mode, drag disabled, window buttons hidden, title bar hidden
[2019.05.31-15.57.07:307][  0]LogSlate: Updating window title bar state: overlay mode, drag disabled, window buttons hidden, title bar hidden
[2019.05.31-15.57.07:335][  0]LogSlate: Updating window title bar state: overlay mode, drag disabled, window buttons hidden, title bar hidden
[2019.05.31-15.57.07:410][  0]LogCollectionManager: Loaded 0 collections in 0.007601 seconds
[2019.05.31-15.57.07:453][  0]LogFileCache: Scanning file cache for directory 'C:/Users/Samuel/Documents/GitHub/CFE_RV/CFE_LeapMotion2/Saved/Collections/' took 0.01s
[2019.05.31-15.57.07:453][  0]LogFileCache: Scanning file cache for directory 'C:/Users/Samuel/Documents/GitHub/CFE_RV/CFE_LeapMotion2/Content/Developers/Samuel/Collections/' took 0.00s
[2019.05.31-15.57.07:453][  0]LogFileCache: Scanning file cache for directory 'C:/Users/Samuel/Documents/GitHub/CFE_RV/CFE_LeapMotion2/Content/Collections/' took 0.01s
[2019.05.31-15.57.07:454][  0]LogCollectionManager: Rebuilt the GUID cache for 0 collections in 0.000001 seconds
[2019.05.31-15.57.07:492][  0]LogContentBrowser: Native class hierarchy populated in 0.0377 seconds. Added 2666 classes and 631 folders.
[2019.05.31-15.57.07:517][  0]LogContentBrowser: Native class hierarchy updated for 'WidgetCarousel' in 0.0009 seconds. Added 0 classes and 0 folders.
[2019.05.31-15.57.07:707][  0]LogPakFile: Registered encryption key '00000000000000000000000000000000': 0 pak files mounted, 0 remain pending
[2019.05.31-15.57.07:736][  0]LogPakFile: Registered encryption key '00000000000000000000000000000000': 0 pak files mounted, 0 remain pending
[2019.05.31-15.57.07:803][  0]LogPakFile: Registered encryption key '00000000000000000000000000000000': 0 pak files mounted, 0 remain pending
[2019.05.31-15.57.07:822][  0]LogPakFile: Registered encryption key '00000000000000000000000000000000': 0 pak files mounted, 0 remain pending
[2019.05.31-15.57.07:844][  0]LogPakFile: Registered encryption key '00000000000000000000000000000000': 0 pak files mounted, 0 remain pending
[2019.05.31-15.57.07:884][  0]LogPakFile: Registered encryption key '00000000000000000000000000000000': 0 pak files mounted, 0 remain pending
[2019.05.31-15.57.07:913][  0]LogPakFile: Registered encryption key '00000000000000000000000000000000': 0 pak files mounted, 0 remain pending
[2019.05.31-15.57.07:931][  0]LogPakFile: Registered encryption key '00000000000000000000000000000000': 0 pak files mounted, 0 remain pending
[2019.05.31-15.57.07:989][  0]LogPakFile: Registered encryption key '00000000000000000000000000000000': 0 pak files mounted, 0 remain pending
[2019.05.31-15.57.08:032][  0]LogPakFile: Registered encryption key '00000000000000000000000000000000': 0 pak files mounted, 0 remain pending
[2019.05.31-15.57.08:053][  0]LogPakFile: Registered encryption key '00000000000000000000000000000000': 0 pak files mounted, 0 remain pending
[2019.05.31-15.57.08:086][  0]LogPakFile: Registered encryption key '00000000000000000000000000000000': 0 pak files mounted, 0 remain pending
[2019.05.31-15.57.08:106][  0]LogPakFile: Registered encryption key '00000000000000000000000000000000': 0 pak files mounted, 0 remain pending
[2019.05.31-15.57.08:124][  0]LogPakFile: Registered encryption key '00000000000000000000000000000000': 0 pak files mounted, 0 remain pending
[2019.05.31-15.57.08:168][  0]LogPakFile: Registered encryption key '00000000000000000000000000000000': 0 pak files mounted, 0 remain pending
[2019.05.31-15.57.08:207][  0]LogPakFile: Registered encryption key '00000000000000000000000000000000': 0 pak files mounted, 0 remain pending
[2019.05.31-15.57.08:296][  0]LogPakFile: Registered encryption key '00000000000000000000000000000000': 0 pak files mounted, 0 remain pending
[2019.05.31-15.57.08:315][  0]LogPakFile: Registered encryption key '00000000000000000000000000000000': 0 pak files mounted, 0 remain pending
[2019.05.31-15.57.08:334][  0]LogPakFile: Registered encryption key '00000000000000000000000000000000': 0 pak files mounted, 0 remain pending
[2019.05.31-15.57.08:353][  0]LogPakFile: Registered encryption key '00000000000000000000000000000000': 0 pak files mounted, 0 remain pending
[2019.05.31-15.57.08:454][  0]LogPakFile: Registered encryption key '00000000000000000000000000000000': 0 pak files mounted, 0 remain pending
[2019.05.31-15.57.08:480][  0]LogPakFile: Registered encryption key '00000000000000000000000000000000': 0 pak files mounted, 0 remain pending
[2019.05.31-15.57.08:499][  0]LogPakFile: Registered encryption key '00000000000000000000000000000000': 0 pak files mounted, 0 remain pending
[2019.05.31-15.57.08:519][  0]LogPakFile: Registered encryption key '00000000000000000000000000000000': 0 pak files mounted, 0 remain pending
[2019.05.31-15.57.08:538][  0]LogPakFile: Registered encryption key '00000000000000000000000000000000': 0 pak files mounted, 0 remain pending
[2019.05.31-15.57.08:556][  0]LogPakFile: Registered encryption key '00000000000000000000000000000000': 0 pak files mounted, 0 remain pending
[2019.05.31-15.57.10:150][  0]LogContentBrowser: Native class hierarchy updated for 'AddContentDialog' in 0.0013 seconds. Added 0 classes and 0 folders.
[2019.05.31-15.57.10:169][  0]LogContentBrowser: Native class hierarchy updated for 'SceneOutliner' in 0.0011 seconds. Added 1 classes and 2 folders.
[2019.05.31-15.57.10:603][  0]LogSlate: Took 0.028823 seconds to synchronously load lazily loaded font '../../../Engine/Content/Slate/Fonts/Roboto-Regular.ttf' (155K)
[2019.05.31-15.57.10:657][  0]LogSlate: Took 0.047658 seconds to synchronously load lazily loaded font '../../../Engine/Content/Slate/Fonts/Roboto-Bold.ttf' (160K)
[2019.05.31-15.57.10:706][  0]LogSlate: Took 0.028363 seconds to synchronously load lazily loaded font '../../../Engine/Content/Editor/Slate/Fonts/FontAwesome.ttf' (139K)
[2019.05.31-15.57.11:296][  0]LogRenderer: Reallocating scene render targets to support 776x300 Format 9 NumSamples 1 (Frame:1).
[2019.05.31-15.57.12:422][  0]LogSlate: Took 0.045275 seconds to synchronously load lazily loaded font '../../../Engine/Content/Slate/Fonts/Roboto-Light.ttf' (167K)
[2019.05.31-15.57.12:683][  0]LogContentBrowser: Native class hierarchy updated for 'HierarchicalLODOutliner' in 0.0015 seconds. Added 0 classes and 0 folders.
[2019.05.31-15.57.12:683][  0]LogLoad: (Engine Initialization) Total time: 177.87 seconds
[2019.05.31-15.57.12:683][  0]LogLoad: (Engine Initialization) Total Blueprint compile time: 0.00 seconds
[2019.05.31-15.57.12:768][  0]LeapMotionLog: ServiceMessageLoop started.
[2019.05.31-15.57.12:768][  0]BodyStateLog: BodyState::DeviceAttached: Leap Motion (1)
[2019.05.31-15.57.12:770][  0]BodyStateLog: BodyState::DeviceAttached: HMD (2)
[2019.05.31-15.57.12:867][  0]LogContentStreaming: Texture pool size now 600 MB
[2019.05.31-15.57.13:085][  0]LeapMotionLog: LeapService: OnConnect.
[2019.05.31-15.57.13:325][  2]LogD3D11RHI: Error: agsDriverExtensionsDX11_SetDepthBounds(1,0.000000, 1.000000) returned error code 6. **********PLEASE UPDATE YOUR VIDEO DRIVERS*********
[2019.05.31-15.57.13:764][  4]LogShaderCompilers: Display: Shaders left to compile 2937
[2019.05.31-15.57.14:433][  8]LogAssetRegistry: Asset discovery search completed in 135.9710 seconds
[2019.05.31-15.57.14:441][  8]LogCollectionManager: Rebuilt the object cache for 0 collections in 0.000001 seconds (found 0 objects)
[2019.05.31-15.57.14:441][  8]LogCollectionManager: Fixed up redirectors for 0 collections in 0.000307 seconds (updated 0 objects)
[2019.05.31-15.57.29:282][289]LogShaderCompilers: Display: Shaders left to compile 2927
[2019.05.31-15.57.30:230][301]LogShaderCompilers: Display: Shaders left to compile 2917
[2019.05.31-15.57.31:371][313]LogShaderCompilers: Display: Shaders left to compile 2907
[2019.05.31-15.57.45:766][476]LogShaderCompilers: Display: Shaders left to compile 2897
[2019.05.31-15.58.10:750][997]LogShaderCompilers: Display: Shaders left to compile 2887
[2019.05.31-15.58.10:851][999]LogShaderCompilers: Display: Shaders left to compile 2877
[2019.05.31-15.58.12:758][ 39]FWindowsPlatformMisc::SetStoredValue: ERROR: Could not store value for 'Timestamp'. Error Code 19: El medio está protegido contra escritura.

