Log file open, 05/16/19 18:34:14
LogWindows: Failed to load 'aqProf.dll' (GetLastError=126)
LogWindows: File 'aqProf.dll' does not exist
LogWindows: Failed to load 'VtuneApi.dll' (GetLastError=126)
LogWindows: File 'VtuneApi.dll' does not exist
LogWindows: Failed to load 'VtuneApi32e.dll' (GetLastError=126)
LogWindows: File 'VtuneApi32e.dll' does not exist
LogConsoleResponse: Display: Failed to find resolution value strings in scalability ini. Falling back to default.
LogInit: Display: Running engine for game: CFE_LeapMotion
LogPakFile: Registered encryption key '00000000000000000000000000000000': 0 pak files mounted, 0 remain pending
LogPlatformFile: Not using cached read wrapper
LogTaskGraph: Started task graph with 5 named threads and 23 total threads with 3 sets of task threads.
LogStats: Stats thread started at 0.281442
LogD3D11RHI: Loaded GFSDK_Aftermath_Lib.x64.dll
LogICUInternationalization: ICU TimeZone Detection - Raw Offset: -6:00, Platform Override: ''
LogPluginManager: Mounting plugin Paper2D
LogPluginManager: Mounting plugin AISupport
LogPluginManager: Mounting plugin LightPropagationVolume
LogPluginManager: Mounting plugin ActorLayerUtilities
LogPluginManager: Mounting plugin CLionSourceCodeAccess
LogPluginManager: Mounting plugin CodeLiteSourceCodeAccess
LogPluginManager: Mounting plugin GitSourceControl
LogPluginManager: Mounting plugin KDevelopSourceCodeAccess
LogPluginManager: Mounting plugin NullSourceCodeAccess
LogPluginManager: Mounting plugin PerforceSourceControl
LogPluginManager: Mounting plugin SubversionSourceControl
LogPluginManager: Mounting plugin UObjectPlugin
LogPluginManager: Mounting plugin VisualStudioCodeSourceCodeAccess
LogPluginManager: Mounting plugin VisualStudioSourceCodeAccess
LogPluginManager: Mounting plugin XCodeSourceCodeAccess
LogPluginManager: Mounting plugin AssetManagerEditor
LogPluginManager: Mounting plugin CryptoKeys
LogPluginManager: Mounting plugin DataValidation
LogPluginManager: Mounting plugin FacialAnimation
LogPluginManager: Mounting plugin GameplayTagsEditor
LogPluginManager: Mounting plugin MacGraphicsSwitching
LogPluginManager: Mounting plugin MeshEditor
LogPluginManager: Mounting plugin MobileLauncherProfileWizard
LogPluginManager: Mounting plugin PluginBrowser
LogPluginManager: Mounting plugin SpeedTreeImporter
LogPluginManager: Mounting plugin DatasmithContent
LogPluginManager: Mounting plugin VariantManagerContent
LogPluginManager: Mounting plugin AlembicImporter
LogPluginManager: Mounting plugin AppleImageUtils
LogPluginManager: Mounting plugin AppleVision
LogPluginManager: Mounting plugin BackChannel
LogPluginManager: Mounting plugin CharacterAI
LogPluginManager: Mounting plugin GeometryCache
LogPluginManager: Mounting plugin HTML5Networking
LogPluginManager: Mounting plugin ProxyLODPlugin
LogPluginManager: Mounting plugin MagicLeap
LogPluginManager: Mounting plugin MagicLeapMedia
LogPluginManager: Mounting plugin AndroidMedia
LogPluginManager: Mounting plugin AvfMedia
LogPluginManager: Mounting plugin ImgMedia
LogPluginManager: Mounting plugin LinearTimecode
LogPluginManager: Mounting plugin MediaCompositing
LogPluginManager: Mounting plugin MediaPlayerEditor
LogPluginManager: Mounting plugin WebMMedia
LogPluginManager: Mounting plugin WmfMedia
LogPluginManager: Mounting plugin TcpMessaging
LogPluginManager: Mounting plugin UdpMessaging
LogPluginManager: Mounting plugin ActorSequence
LogPluginManager: Mounting plugin LevelSequenceEditor
LogPluginManager: Mounting plugin MatineeToLevelSequence
LogPluginManager: Mounting plugin NetcodeUnitTest
LogPluginManager: Mounting plugin NUTUnrealEngine4
LogPluginManager: Mounting plugin OnlineSubsystemGooglePlay
LogPluginManager: Mounting plugin OnlineSubsystemIOS
LogPluginManager: Mounting plugin OnlineSubsystem
LogPluginManager: Mounting plugin OnlineSubsystemNull
LogPluginManager: Mounting plugin OnlineSubsystemUtils
LogPluginManager: Mounting plugin LauncherChunkInstaller
LogPluginManager: Mounting plugin AndroidDeviceProfileSelector
LogPluginManager: Mounting plugin AndroidMoviePlayer
LogPluginManager: Mounting plugin AndroidPermission
LogPluginManager: Mounting plugin AppleMoviePlayer
LogPluginManager: Mounting plugin ArchVisCharacter
LogPluginManager: Mounting plugin AudioCapture
LogPluginManager: Mounting plugin CableComponent
LogPluginManager: Mounting plugin CustomMeshComponent
LogPluginManager: Mounting plugin EditableMesh
LogPluginManager: Mounting plugin ExampleDeviceProfileSelector
LogPluginManager: Mounting plugin Firebase
LogPluginManager: Mounting plugin GoogleCloudMessaging
LogPluginManager: Mounting plugin IOSDeviceProfileSelector
LogPluginManager: Mounting plugin LeapMotion
LogPluginManager: Mounting plugin LinuxDeviceProfileSelector
LogPluginManager: Mounting plugin LocationServicesBPLibrary
LogPluginManager: Mounting plugin MobilePatchingUtils
LogPluginManager: Mounting plugin OculusVR
LogPluginManager: Mounting plugin PhysXVehicles
LogPluginManager: Mounting plugin ProceduralMeshComponent
LogPluginManager: Mounting plugin RuntimePhysXCooking
LogPluginManager: Mounting plugin SteamVR
LogPluginManager: Mounting plugin WebMMoviePlayer
LogPluginManager: Mounting plugin WindowsMoviePlayer
LogStreaming: Display: Took  0.061s to configure plugins.
LogInit: Using libcurl 7.55.1-DEV
LogInit:  - built for x86_64-pc-win32
LogInit:  - supports SSL with OpenSSL/1.0.2h
LogInit:  - supports HTTP deflate (compression) using libz 1.2.8
LogInit:  - other features:
LogInit:      CURL_VERSION_SSL
LogInit:      CURL_VERSION_LIBZ
LogInit:      CURL_VERSION_IPV6
LogInit:      CURL_VERSION_ASYNCHDNS
LogInit:      CURL_VERSION_LARGEFILE
LogInit:      CURL_VERSION_IDN
LogInit:  CurlRequestOptions (configurable via config and command line):
LogInit:  - bVerifyPeer = true  - Libcurl will verify peer certificate
LogInit:  - bUseHttpProxy = false  - Libcurl will NOT use HTTP proxy
LogInit:  - bDontReuseConnections = false  - Libcurl will reuse connections
LogInit:  - MaxHostConnections = 16  - Libcurl will limit the number of connections to a host
LogInit:  - LocalHostAddr = Default
LogInit:  - BufferSize = 65536
LogInit: WinSock: version 1.1 (2.2), MaxSocks=32767, MaxUdp=65467
LogInit: Build: ++UE4+Release-4.21-CL-4753647
LogInit: Engine Version: 4.21.2-4753647+++UE4+Release-4.21
LogInit: Compatible Engine Version: 4.21.0-4541578+++UE4+Release-4.21
LogInit: Net CL: 4541578
LogInit: OS: Windows 10 (), CPU: Intel(R) Core(TM) i7-7700HQ CPU @ 2.80GHz, GPU: Intel(R) HD Graphics 630
LogInit: Compiled (64-bit): Jan 19 2019 02:07:31
LogInit: Compiled with Visual C++: 19.13.26129.00
LogInit: Build Configuration: Development
LogInit: Branch Name: ++UE4+Release-4.21
LogInit: Command Line: 
LogInit: Base Directory: D:/UE_4.21/Engine/Binaries/Win64/
LogInit: Installed Engine Build: 1
LogDevObjectVersion: Number of dev versions registered: 22
LogDevObjectVersion:   Dev-Blueprints (B0D832E4-1F89-4F0D-ACCF-7EB736FD4AA2): 10
LogDevObjectVersion:   Dev-Build (E1C64328-A22C-4D53-A36C-8E866417BD8C): 0
LogDevObjectVersion:   Dev-Core (375EC13C-06E4-48FB-B500-84F0262A717E): 2
LogDevObjectVersion:   Dev-Editor (E4B068ED-F494-42E9-A231-DA0B2E46BB41): 26
LogDevObjectVersion:   Dev-Framework (CFFC743F-43B0-4480-9391-14DF171D2073): 34
LogDevObjectVersion:   Dev-Mobile (B02B49B5-BB20-44E9-A304-32B752E40360): 2
LogDevObjectVersion:   Dev-Networking (A4E4105C-59A1-49B5-A7C5-40C4547EDFEE): 0
LogDevObjectVersion:   Dev-Online (39C831C9-5AE6-47DC-9A44-9C173E1C8E7C): 0
LogDevObjectVersion:   Dev-Physics (78F01B33-EBEA-4F98-B9B4-84EACCB95AA2): 0
LogDevObjectVersion:   Dev-Platform (6631380F-2D4D-43E0-8009-CF276956A95A): 0
LogDevObjectVersion:   Dev-Rendering (12F88B9F-8875-4AFC-A67C-D90C383ABD29): 27
LogDevObjectVersion:   Dev-Sequencer (7B5AE74C-D270-4C10-A958-57980B212A5A): 9
LogDevObjectVersion:   Dev-VR (D7296918-1DD6-4BDD-9DE2-64A83CC13884): 2
LogDevObjectVersion:   Dev-LoadTimes (C2A15278-BFE7-4AFE-6C17-90FF531DF755): 1
LogDevObjectVersion:   Private-Geometry (6EACA3D4-40EC-4CC1-B786-8BED09428FC5): 3
LogDevObjectVersion:   Dev-AnimPhys (29E575DD-E0A3-4627-9D10-D276232CDCEA): 17
LogDevObjectVersion:   Dev-Anim (AF43A65D-7FD3-4947-9873-3E8ED9C1BB05): 2
LogDevObjectVersion:   Dev-ReflectionCapture (6B266CEC-1EC7-4B8F-A30B-E4D90942FC07): 1
LogDevObjectVersion:   Dev-Automation (0DF73D61-A23F-47EA-B727-89E90C41499A): 1
LogDevObjectVersion:   FortniteMain (601D1886-AC64-4F84-AA16-D3DE0DEAC7D6): 17
LogDevObjectVersion:   Dev-Enterprise (9DFFBCD6-494F-0158-E221-12823C92A888): 4
LogDevObjectVersion:   Dev-Niagara (F2AED0AC-9AFE-416F-8664-AA7FFA26D6FC): 1
LogStreaming: Display: Took  0.002s to delete old logs.
LogInit: Presizing for max 8388607 objects, including 0 objects not considered by GC, pre-allocating 0 bytes for permanent pool.
LogInit: Object subsystem initialized
LogConfig: Setting CVar [[con.DebugEarlyDefault:1]]
LogConfig: Setting CVar [[r.setres:1280x720]]
[2019.05.16-23.34.15:170][  0]LogConfig: Setting CVar [[r.VSync:0]]
[2019.05.16-23.34.15:170][  0]LogConfig: Setting CVar [[r.RHICmdBypass:0]]
[2019.05.16-23.34.15:170][  0]LogConfig: Applying CVar settings from Section [/Script/Engine.RendererSettings] File [D:/VR/CFE_LeapMotion/Saved/Config/Windows/Engine.ini]
[2019.05.16-23.34.15:170][  0]LogConfig: Setting CVar [[r.GPUCrashDebugging:0]]
[2019.05.16-23.34.15:170][  0]LogConfig: Applying CVar settings from Section [/Script/Engine.RendererOverrideSettings] File [D:/VR/CFE_LeapMotion/Saved/Config/Windows/Engine.ini]
[2019.05.16-23.34.15:170][  0]LogConfig: Applying CVar settings from Section [/Script/Engine.StreamingSettings] File [D:/VR/CFE_LeapMotion/Saved/Config/Windows/Engine.ini]
[2019.05.16-23.34.15:170][  0]LogConfig: Setting CVar [[s.MinBulkDataSizeForAsyncLoading:131072]]
[2019.05.16-23.34.15:171][  0]LogConfig: Setting CVar [[s.AsyncLoadingThreadEnabled:0]]
[2019.05.16-23.34.15:171][  0]LogConfig: Setting CVar [[s.EventDrivenLoaderEnabled:1]]
[2019.05.16-23.34.15:171][  0]LogConfig: Setting CVar [[s.WarnIfTimeLimitExceeded:0]]
[2019.05.16-23.34.15:171][  0]LogConfig: Setting CVar [[s.TimeLimitExceededMultiplier:1.5]]
[2019.05.16-23.34.15:171][  0]LogConfig: Setting CVar [[s.TimeLimitExceededMinTime:0.005]]
[2019.05.16-23.34.15:171][  0]LogConfig: Setting CVar [[s.UseBackgroundLevelStreaming:1]]
[2019.05.16-23.34.15:171][  0]LogConfig: Setting CVar [[s.PriorityAsyncLoadingExtraTime:15.0]]
[2019.05.16-23.34.15:171][  0]LogConfig: Setting CVar [[s.LevelStreamingActorsUpdateTimeLimit:5.0]]
[2019.05.16-23.34.15:171][  0]LogConfig: Setting CVar [[s.PriorityLevelStreamingActorsUpdateExtraTime:5.0]]
[2019.05.16-23.34.15:171][  0]LogConfig: Setting CVar [[s.LevelStreamingComponentsRegistrationGranularity:10]]
[2019.05.16-23.34.15:171][  0]LogConfig: Setting CVar [[s.UnregisterComponentsTimeLimit:1.0]]
[2019.05.16-23.34.15:171][  0]LogConfig: Setting CVar [[s.LevelStreamingComponentsUnregistrationGranularity:5]]
[2019.05.16-23.34.15:171][  0]LogConfig: Applying CVar settings from Section [/Script/Engine.GarbageCollectionSettings] File [D:/VR/CFE_LeapMotion/Saved/Config/Windows/Engine.ini]
[2019.05.16-23.34.15:171][  0]LogConfig: Setting CVar [[gc.MaxObjectsNotConsideredByGC:1]]
[2019.05.16-23.34.15:171][  0]LogConfig: Setting CVar [[gc.SizeOfPermanentObjectPool:0]]
[2019.05.16-23.34.15:171][  0]LogConfig: Setting CVar [[gc.FlushStreamingOnGC:0]]
[2019.05.16-23.34.15:171][  0]LogConfig: Setting CVar [[gc.NumRetriesBeforeForcingGC:10]]
[2019.05.16-23.34.15:171][  0]LogConfig: Setting CVar [[gc.AllowParallelGC:1]]
[2019.05.16-23.34.15:171][  0]LogConfig: Setting CVar [[gc.TimeBetweenPurgingPendingKillObjects:61.1]]
[2019.05.16-23.34.15:171][  0]LogConfig: Setting CVar [[gc.MaxObjectsInEditor:8388607]]
[2019.05.16-23.34.15:171][  0]LogConfig: Setting CVar [[gc.IncrementalBeginDestroyEnabled:1]]
[2019.05.16-23.34.15:171][  0]LogConfig: Setting CVar [[gc.CreateGCClusters:1]]
[2019.05.16-23.34.15:171][  0]LogConfig: Setting CVar [[gc.MergeGCClusters:0]]
[2019.05.16-23.34.15:171][  0]LogConfig: Setting CVar [[gc.MinGCClusterSize:5]]
[2019.05.16-23.34.15:171][  0]LogConfig: Setting CVar [[gc.ActorClusteringEnabled:0]]
[2019.05.16-23.34.15:171][  0]LogConfig: Setting CVar [[gc.BlueprintClusteringEnabled:0]]
[2019.05.16-23.34.15:171][  0]LogConfig: Setting CVar [[gc.UseDisregardForGCOnDedicatedServers:0]]
[2019.05.16-23.34.15:171][  0]LogConfig: Applying CVar settings from Section [/Script/Engine.NetworkSettings] File [D:/VR/CFE_LeapMotion/Saved/Config/Windows/Engine.ini]
[2019.05.16-23.34.15:171][  0]LogConfig: Applying CVar settings from Section [/Script/UnrealEd.CookerSettings] File [D:/VR/CFE_LeapMotion/Saved/Config/Windows/Engine.ini]
[2019.05.16-23.34.15:173][  0]LogConfig: Applying CVar settings from Section [ViewDistanceQuality@3] File [D:/VR/CFE_LeapMotion/Saved/Config/Windows/Scalability.ini]
[2019.05.16-23.34.15:173][  0]LogConfig: Setting CVar [[r.SkeletalMeshLODBias:0]]
[2019.05.16-23.34.15:173][  0]LogConfig: Setting CVar [[r.ViewDistanceScale:1.0]]
[2019.05.16-23.34.15:173][  0]LogConfig: Applying CVar settings from Section [AntiAliasingQuality@3] File [D:/VR/CFE_LeapMotion/Saved/Config/Windows/Scalability.ini]
[2019.05.16-23.34.15:173][  0]LogConfig: Setting CVar [[r.PostProcessAAQuality:4]]
[2019.05.16-23.34.15:173][  0]LogConfig: Applying CVar settings from Section [ShadowQuality@3] File [D:/VR/CFE_LeapMotion/Saved/Config/Windows/Scalability.ini]
[2019.05.16-23.34.15:173][  0]LogConfig: Setting CVar [[r.LightFunctionQuality:1]]
[2019.05.16-23.34.15:173][  0]LogConfig: Setting CVar [[r.ShadowQuality:5]]
[2019.05.16-23.34.15:173][  0]LogConfig: Setting CVar [[r.Shadow.CSM.MaxCascades:10]]
[2019.05.16-23.34.15:173][  0]LogConfig: Setting CVar [[r.Shadow.MaxResolution:2048]]
[2019.05.16-23.34.15:173][  0]LogConfig: Setting CVar [[r.Shadow.MaxCSMResolution:2048]]
[2019.05.16-23.34.15:173][  0]LogConfig: Setting CVar [[r.Shadow.RadiusThreshold:0.01]]
[2019.05.16-23.34.15:173][  0]LogConfig: Setting CVar [[r.Shadow.DistanceScale:1.0]]
[2019.05.16-23.34.15:173][  0]LogConfig: Setting CVar [[r.Shadow.CSM.TransitionScale:1.0]]
[2019.05.16-23.34.15:173][  0]LogConfig: Setting CVar [[r.Shadow.PreShadowResolutionFactor:1.0]]
[2019.05.16-23.34.15:173][  0]LogConfig: Setting CVar [[r.DistanceFieldShadowing:1]]
[2019.05.16-23.34.15:173][  0]LogConfig: Setting CVar [[r.DistanceFieldAO:1]]
[2019.05.16-23.34.15:173][  0]LogConfig: Setting CVar [[r.AOQuality:2]]
[2019.05.16-23.34.15:173][  0]LogConfig: Setting CVar [[r.VolumetricFog:1]]
[2019.05.16-23.34.15:173][  0]LogConfig: Setting CVar [[r.VolumetricFog.GridPixelSize:8]]
[2019.05.16-23.34.15:173][  0]LogConfig: Setting CVar [[r.VolumetricFog.GridSizeZ:128]]
[2019.05.16-23.34.15:173][  0]LogConfig: Setting CVar [[r.VolumetricFog.HistoryMissSupersampleCount:4]]
[2019.05.16-23.34.15:173][  0]LogConfig: Setting CVar [[r.LightMaxDrawDistanceScale:1]]
[2019.05.16-23.34.15:173][  0]LogConfig: Setting CVar [[r.CapsuleShadows:1]]
[2019.05.16-23.34.15:173][  0]LogConfig: Applying CVar settings from Section [PostProcessQuality@3] File [D:/VR/CFE_LeapMotion/Saved/Config/Windows/Scalability.ini]
[2019.05.16-23.34.15:173][  0]LogConfig: Setting CVar [[r.MotionBlurQuality:4]]
[2019.05.16-23.34.15:173][  0]LogConfig: Setting CVar [[r.AmbientOcclusionMipLevelFactor:0.4]]
[2019.05.16-23.34.15:173][  0]LogConfig: Setting CVar [[r.AmbientOcclusionMaxQuality:100]]
[2019.05.16-23.34.15:173][  0]LogConfig: Setting CVar [[r.AmbientOcclusionLevels:-1]]
[2019.05.16-23.34.15:173][  0]LogConfig: Setting CVar [[r.AmbientOcclusionRadiusScale:1.0]]
[2019.05.16-23.34.15:173][  0]LogConfig: Setting CVar [[r.DepthOfFieldQuality:2]]
[2019.05.16-23.34.15:173][  0]LogConfig: Setting CVar [[r.RenderTargetPoolMin:400]]
[2019.05.16-23.34.15:173][  0]LogConfig: Setting CVar [[r.LensFlareQuality:2]]
[2019.05.16-23.34.15:173][  0]LogConfig: Setting CVar [[r.SceneColorFringeQuality:1]]
[2019.05.16-23.34.15:173][  0]LogConfig: Setting CVar [[r.EyeAdaptationQuality:2]]
[2019.05.16-23.34.15:173][  0]LogConfig: Setting CVar [[r.BloomQuality:5]]
[2019.05.16-23.34.15:173][  0]LogConfig: Setting CVar [[r.FastBlurThreshold:100]]
[2019.05.16-23.34.15:173][  0]LogConfig: Setting CVar [[r.Upscale.Quality:3]]
[2019.05.16-23.34.15:173][  0]LogConfig: Setting CVar [[r.Tonemapper.GrainQuantization:1]]
[2019.05.16-23.34.15:173][  0]LogConfig: Setting CVar [[r.LightShaftQuality:1]]
[2019.05.16-23.34.15:173][  0]LogConfig: Setting CVar [[r.Filter.SizeScale:1]]
[2019.05.16-23.34.15:173][  0]LogConfig: Setting CVar [[r.Tonemapper.Quality:5]]
[2019.05.16-23.34.15:173][  0]LogConfig: Setting CVar [[r.DOF.Gather.AccumulatorQuality:1        ; higher gathering accumulator quality]]
[2019.05.16-23.34.15:174][  0]LogConfig: Setting CVar [[r.DOF.Gather.PostfilterMethod:1          ; Median3x3 postfilering method]]
[2019.05.16-23.34.15:174][  0]LogConfig: Setting CVar [[r.DOF.Gather.EnableBokehSettings:0       ; no bokeh simulation when gathering]]
[2019.05.16-23.34.15:174][  0]LogConfig: Setting CVar [[r.DOF.Gather.RingCount:4                 ; medium number of samples when gathering]]
[2019.05.16-23.34.15:174][  0]LogConfig: Setting CVar [[r.DOF.Scatter.ForegroundCompositing:1    ; additive foreground scattering]]
[2019.05.16-23.34.15:174][  0]LogConfig: Setting CVar [[r.DOF.Scatter.BackgroundCompositing:2    ; additive background scattering]]
[2019.05.16-23.34.15:174][  0]LogConfig: Setting CVar [[r.DOF.Scatter.EnableBokehSettings:1      ; bokeh simulation when scattering]]
[2019.05.16-23.34.15:174][  0]LogConfig: Setting CVar [[r.DOF.Scatter.MaxSpriteRatio:0.1         ; only a maximum of 10% of scattered bokeh]]
[2019.05.16-23.34.15:174][  0]LogConfig: Setting CVar [[r.DOF.Recombine.Quality:1                ; cheap slight out of focus]]
[2019.05.16-23.34.15:174][  0]LogConfig: Setting CVar [[r.DOF.Recombine.EnableBokehSettings:0    ; no bokeh simulation on slight out of focus]]
[2019.05.16-23.34.15:174][  0]LogConfig: Setting CVar [[r.DOF.TemporalAAQuality:1                ; more stable temporal accumulation]]
[2019.05.16-23.34.15:174][  0]LogConfig: Setting CVar [[r.DOF.Kernel.MaxForegroundRadius:0.025]]
[2019.05.16-23.34.15:174][  0]LogConfig: Setting CVar [[r.DOF.Kernel.MaxBackgroundRadius:0.025]]
[2019.05.16-23.34.15:174][  0]LogConfig: Applying CVar settings from Section [TextureQuality@3] File [D:/VR/CFE_LeapMotion/Saved/Config/Windows/Scalability.ini]
[2019.05.16-23.34.15:174][  0]LogConfig: Setting CVar [[r.Streaming.MipBias:0]]
[2019.05.16-23.34.15:174][  0]LogConfig: Setting CVar [[r.Streaming.AmortizeCPUToGPUCopy:0]]
[2019.05.16-23.34.15:174][  0]LogConfig: Setting CVar [[r.Streaming.MaxNumTexturesToStreamPerFrame:0]]
[2019.05.16-23.34.15:174][  0]LogConfig: Setting CVar [[r.Streaming.Boost:1]]
[2019.05.16-23.34.15:174][  0]LogConfig: Setting CVar [[r.MaxAnisotropy:8]]
[2019.05.16-23.34.15:174][  0]LogConfig: Setting CVar [[r.Streaming.LimitPoolSizeToVRAM:0]]
[2019.05.16-23.34.15:174][  0]LogConfig: Setting CVar [[r.Streaming.PoolSize:1000]]
[2019.05.16-23.34.15:174][  0]LogConfig: Setting CVar [[r.Streaming.MaxEffectiveScreenSize:0]]
[2019.05.16-23.34.15:174][  0]LogConfig: Applying CVar settings from Section [EffectsQuality@3] File [D:/VR/CFE_LeapMotion/Saved/Config/Windows/Scalability.ini]
[2019.05.16-23.34.15:174][  0]LogConfig: Setting CVar [[r.TranslucencyLightingVolumeDim:64]]
[2019.05.16-23.34.15:174][  0]LogConfig: Setting CVar [[r.RefractionQuality:2]]
[2019.05.16-23.34.15:174][  0]LogConfig: Setting CVar [[r.SSR.Quality:3]]
[2019.05.16-23.34.15:174][  0]LogConfig: Setting CVar [[r.SceneColorFormat:4]]
[2019.05.16-23.34.15:174][  0]LogConfig: Setting CVar [[r.DetailMode:2]]
[2019.05.16-23.34.15:174][  0]LogConfig: Setting CVar [[r.TranslucencyVolumeBlur:1]]
[2019.05.16-23.34.15:174][  0]LogConfig: Setting CVar [[r.MaterialQualityLevel:1 ; High quality]]
[2019.05.16-23.34.15:174][  0]LogConfig: Setting CVar [[r.SSS.Scale:1]]
[2019.05.16-23.34.15:174][  0]LogConfig: Setting CVar [[r.SSS.SampleSet:2]]
[2019.05.16-23.34.15:174][  0]LogConfig: Setting CVar [[r.SSS.Quality:1]]
[2019.05.16-23.34.15:174][  0]LogConfig: Setting CVar [[r.SSS.HalfRes:1]]
[2019.05.16-23.34.15:174][  0]LogConfig: Setting CVar [[r.EmitterSpawnRateScale:1.0]]
[2019.05.16-23.34.15:174][  0]LogConfig: Setting CVar [[r.ParticleLightQuality:2]]
[2019.05.16-23.34.15:174][  0]LogConfig: Applying CVar settings from Section [FoliageQuality@3] File [D:/VR/CFE_LeapMotion/Saved/Config/Windows/Scalability.ini]
[2019.05.16-23.34.15:174][  0]LogConfig: Setting CVar [[foliage.DensityScale:1.0]]
[2019.05.16-23.34.15:174][  0]LogConfig: Setting CVar [[grass.DensityScale:1.0]]
[2019.05.16-23.34.15:174][  0]LogInit: Selected Device Profile: [Windows]
[2019.05.16-23.34.15:174][  0]LogInit: Applying CVar settings loaded from the selected device profile: [Windows]
[2019.05.16-23.34.15:186][  0]LogHAL: Display: Platform has ~ 16 GB [17057812480 / 17179869184 / 16], which maps to Larger [LargestMinGB=32, LargerMinGB=12, DefaultMinGB=8, SmallerMinGB=6, SmallestMinGB=0)
[2019.05.16-23.34.15:186][  0]LogConfig: Setting CVar [[r.Vulkan.UseRealUBs:1]]
[2019.05.16-23.34.15:186][  0]LogInit: Going up to parent DeviceProfile []
[2019.05.16-23.34.15:186][  0]LogConfig: Applying CVar settings from Section [ViewDistanceQuality@3] File [D:/VR/CFE_LeapMotion/Saved/Config/Windows/Scalability.ini]
[2019.05.16-23.34.15:186][  0]LogConfig: Setting CVar [[r.SkeletalMeshLODBias:0]]
[2019.05.16-23.34.15:186][  0]LogConfig: Setting CVar [[r.ViewDistanceScale:1.0]]
[2019.05.16-23.34.15:186][  0]LogConfig: Applying CVar settings from Section [AntiAliasingQuality@3] File [D:/VR/CFE_LeapMotion/Saved/Config/Windows/Scalability.ini]
[2019.05.16-23.34.15:186][  0]LogConfig: Setting CVar [[r.PostProcessAAQuality:4]]
[2019.05.16-23.34.15:186][  0]LogConfig: Applying CVar settings from Section [ShadowQuality@3] File [D:/VR/CFE_LeapMotion/Saved/Config/Windows/Scalability.ini]
[2019.05.16-23.34.15:186][  0]LogConfig: Setting CVar [[r.LightFunctionQuality:1]]
[2019.05.16-23.34.15:186][  0]LogConfig: Setting CVar [[r.ShadowQuality:5]]
[2019.05.16-23.34.15:186][  0]LogConfig: Setting CVar [[r.Shadow.CSM.MaxCascades:10]]
[2019.05.16-23.34.15:186][  0]LogConfig: Setting CVar [[r.Shadow.MaxResolution:2048]]
[2019.05.16-23.34.15:186][  0]LogConfig: Setting CVar [[r.Shadow.MaxCSMResolution:2048]]
[2019.05.16-23.34.15:186][  0]LogConfig: Setting CVar [[r.Shadow.RadiusThreshold:0.01]]
[2019.05.16-23.34.15:186][  0]LogConfig: Setting CVar [[r.Shadow.DistanceScale:1.0]]
[2019.05.16-23.34.15:186][  0]LogConfig: Setting CVar [[r.Shadow.CSM.TransitionScale:1.0]]
[2019.05.16-23.34.15:186][  0]LogConfig: Setting CVar [[r.Shadow.PreShadowResolutionFactor:1.0]]
[2019.05.16-23.34.15:186][  0]LogConfig: Setting CVar [[r.DistanceFieldShadowing:1]]
[2019.05.16-23.34.15:186][  0]LogConfig: Setting CVar [[r.DistanceFieldAO:1]]
[2019.05.16-23.34.15:186][  0]LogConfig: Setting CVar [[r.AOQuality:2]]
[2019.05.16-23.34.15:186][  0]LogConfig: Setting CVar [[r.VolumetricFog:1]]
[2019.05.16-23.34.15:186][  0]LogConfig: Setting CVar [[r.VolumetricFog.GridPixelSize:8]]
[2019.05.16-23.34.15:186][  0]LogConfig: Setting CVar [[r.VolumetricFog.GridSizeZ:128]]
[2019.05.16-23.34.15:186][  0]LogConfig: Setting CVar [[r.VolumetricFog.HistoryMissSupersampleCount:4]]
[2019.05.16-23.34.15:186][  0]LogConfig: Setting CVar [[r.LightMaxDrawDistanceScale:1]]
[2019.05.16-23.34.15:186][  0]LogConfig: Setting CVar [[r.CapsuleShadows:1]]
[2019.05.16-23.34.15:186][  0]LogConfig: Applying CVar settings from Section [PostProcessQuality@3] File [D:/VR/CFE_LeapMotion/Saved/Config/Windows/Scalability.ini]
[2019.05.16-23.34.15:186][  0]LogConfig: Setting CVar [[r.MotionBlurQuality:4]]
[2019.05.16-23.34.15:186][  0]LogConfig: Setting CVar [[r.AmbientOcclusionMipLevelFactor:0.4]]
[2019.05.16-23.34.15:186][  0]LogConfig: Setting CVar [[r.AmbientOcclusionMaxQuality:100]]
[2019.05.16-23.34.15:186][  0]LogConfig: Setting CVar [[r.AmbientOcclusionLevels:-1]]
[2019.05.16-23.34.15:186][  0]LogConfig: Setting CVar [[r.AmbientOcclusionRadiusScale:1.0]]
[2019.05.16-23.34.15:186][  0]LogConfig: Setting CVar [[r.DepthOfFieldQuality:2]]
[2019.05.16-23.34.15:186][  0]LogConfig: Setting CVar [[r.RenderTargetPoolMin:400]]
[2019.05.16-23.34.15:186][  0]LogConfig: Setting CVar [[r.LensFlareQuality:2]]
[2019.05.16-23.34.15:186][  0]LogConfig: Setting CVar [[r.SceneColorFringeQuality:1]]
[2019.05.16-23.34.15:186][  0]LogConfig: Setting CVar [[r.EyeAdaptationQuality:2]]
[2019.05.16-23.34.15:186][  0]LogConfig: Setting CVar [[r.BloomQuality:5]]
[2019.05.16-23.34.15:186][  0]LogConfig: Setting CVar [[r.FastBlurThreshold:100]]
[2019.05.16-23.34.15:186][  0]LogConfig: Setting CVar [[r.Upscale.Quality:3]]
[2019.05.16-23.34.15:187][  0]LogConfig: Setting CVar [[r.Tonemapper.GrainQuantization:1]]
[2019.05.16-23.34.15:187][  0]LogConfig: Setting CVar [[r.LightShaftQuality:1]]
[2019.05.16-23.34.15:187][  0]LogConfig: Setting CVar [[r.Filter.SizeScale:1]]
[2019.05.16-23.34.15:187][  0]LogConfig: Setting CVar [[r.Tonemapper.Quality:5]]
[2019.05.16-23.34.15:187][  0]LogConfig: Setting CVar [[r.DOF.Gather.AccumulatorQuality:1        ; higher gathering accumulator quality]]
[2019.05.16-23.34.15:187][  0]LogConfig: Setting CVar [[r.DOF.Gather.PostfilterMethod:1          ; Median3x3 postfilering method]]
[2019.05.16-23.34.15:187][  0]LogConfig: Setting CVar [[r.DOF.Gather.EnableBokehSettings:0       ; no bokeh simulation when gathering]]
[2019.05.16-23.34.15:187][  0]LogConfig: Setting CVar [[r.DOF.Gather.RingCount:4                 ; medium number of samples when gathering]]
[2019.05.16-23.34.15:187][  0]LogConfig: Setting CVar [[r.DOF.Scatter.ForegroundCompositing:1    ; additive foreground scattering]]
[2019.05.16-23.34.15:187][  0]LogConfig: Setting CVar [[r.DOF.Scatter.BackgroundCompositing:2    ; additive background scattering]]
[2019.05.16-23.34.15:187][  0]LogConfig: Setting CVar [[r.DOF.Scatter.EnableBokehSettings:1      ; bokeh simulation when scattering]]
[2019.05.16-23.34.15:187][  0]LogConfig: Setting CVar [[r.DOF.Scatter.MaxSpriteRatio:0.1         ; only a maximum of 10% of scattered bokeh]]
[2019.05.16-23.34.15:187][  0]LogConfig: Setting CVar [[r.DOF.Recombine.Quality:1                ; cheap slight out of focus]]
[2019.05.16-23.34.15:187][  0]LogConfig: Setting CVar [[r.DOF.Recombine.EnableBokehSettings:0    ; no bokeh simulation on slight out of focus]]
[2019.05.16-23.34.15:187][  0]LogConfig: Setting CVar [[r.DOF.TemporalAAQuality:1                ; more stable temporal accumulation]]
[2019.05.16-23.34.15:187][  0]LogConfig: Setting CVar [[r.DOF.Kernel.MaxForegroundRadius:0.025]]
[2019.05.16-23.34.15:187][  0]LogConfig: Setting CVar [[r.DOF.Kernel.MaxBackgroundRadius:0.025]]
[2019.05.16-23.34.15:187][  0]LogConfig: Applying CVar settings from Section [TextureQuality@3] File [D:/VR/CFE_LeapMotion/Saved/Config/Windows/Scalability.ini]
[2019.05.16-23.34.15:187][  0]LogConfig: Setting CVar [[r.Streaming.MipBias:0]]
[2019.05.16-23.34.15:187][  0]LogConfig: Setting CVar [[r.Streaming.AmortizeCPUToGPUCopy:0]]
[2019.05.16-23.34.15:187][  0]LogConfig: Setting CVar [[r.Streaming.MaxNumTexturesToStreamPerFrame:0]]
[2019.05.16-23.34.15:187][  0]LogConfig: Setting CVar [[r.Streaming.Boost:1]]
[2019.05.16-23.34.15:187][  0]LogConfig: Setting CVar [[r.MaxAnisotropy:8]]
[2019.05.16-23.34.15:187][  0]LogConfig: Setting CVar [[r.Streaming.LimitPoolSizeToVRAM:0]]
[2019.05.16-23.34.15:187][  0]LogConfig: Setting CVar [[r.Streaming.PoolSize:1000]]
[2019.05.16-23.34.15:187][  0]LogConfig: Setting CVar [[r.Streaming.MaxEffectiveScreenSize:0]]
[2019.05.16-23.34.15:187][  0]LogConfig: Applying CVar settings from Section [EffectsQuality@3] File [D:/VR/CFE_LeapMotion/Saved/Config/Windows/Scalability.ini]
[2019.05.16-23.34.15:187][  0]LogConfig: Setting CVar [[r.TranslucencyLightingVolumeDim:64]]
[2019.05.16-23.34.15:187][  0]LogConfig: Setting CVar [[r.RefractionQuality:2]]
[2019.05.16-23.34.15:187][  0]LogConfig: Setting CVar [[r.SSR.Quality:3]]
[2019.05.16-23.34.15:187][  0]LogConfig: Setting CVar [[r.SceneColorFormat:4]]
[2019.05.16-23.34.15:187][  0]LogConfig: Setting CVar [[r.DetailMode:2]]
[2019.05.16-23.34.15:187][  0]LogConfig: Setting CVar [[r.TranslucencyVolumeBlur:1]]
[2019.05.16-23.34.15:187][  0]LogConfig: Setting CVar [[r.MaterialQualityLevel:1 ; High quality]]
[2019.05.16-23.34.15:187][  0]LogConfig: Setting CVar [[r.SSS.Scale:1]]
[2019.05.16-23.34.15:187][  0]LogConfig: Setting CVar [[r.SSS.SampleSet:2]]
[2019.05.16-23.34.15:187][  0]LogConfig: Setting CVar [[r.SSS.Quality:1]]
[2019.05.16-23.34.15:187][  0]LogConfig: Setting CVar [[r.SSS.HalfRes:1]]
[2019.05.16-23.34.15:187][  0]LogConfig: Setting CVar [[r.EmitterSpawnRateScale:1.0]]
[2019.05.16-23.34.15:187][  0]LogConfig: Setting CVar [[r.ParticleLightQuality:2]]
[2019.05.16-23.34.15:187][  0]LogConfig: Applying CVar settings from Section [FoliageQuality@3] File [D:/VR/CFE_LeapMotion/Saved/Config/Windows/Scalability.ini]
[2019.05.16-23.34.15:187][  0]LogConfig: Setting CVar [[foliage.DensityScale:1.0]]
[2019.05.16-23.34.15:187][  0]LogConfig: Setting CVar [[grass.DensityScale:1.0]]
[2019.05.16-23.34.15:187][  0]LogConfig: Applying CVar settings from Section [Startup] File [../../../Engine/Config/ConsoleVariables.ini]
[2019.05.16-23.34.15:187][  0]LogConfig: Setting CVar [[net.UseAdaptiveNetUpdateFrequency:0]]
[2019.05.16-23.34.15:187][  0]LogConfig: Applying CVar settings from Section [ConsoleVariables] File [D:/VR/CFE_LeapMotion/Saved/Config/Windows/Engine.ini]
[2019.05.16-23.34.15:188][  0]LogInit: Computer: LAPTOP-H01BRSTG
[2019.05.16-23.34.15:188][  0]LogInit: User: Usuario
[2019.05.16-23.34.15:188][  0]LogInit: CPU Page size=4096, Cores=4
[2019.05.16-23.34.15:188][  0]LogInit: High frequency timer resolution =2.742191 MHz
[2019.05.16-23.34.15:188][  0]LogMemory: Memory total: Physical=15.9GB (16GB approx)
[2019.05.16-23.34.15:188][  0]LogMemory: Platform Memory Stats for Windows
[2019.05.16-23.34.15:188][  0]LogMemory: Process Physical Memory: 110.03 MB used, 110.03 MB peak
[2019.05.16-23.34.15:188][  0]LogMemory: Process Virtual Memory: 104.65 MB used, 104.65 MB peak
[2019.05.16-23.34.15:188][  0]LogMemory: Physical Memory: 7734.67 MB used,  8532.93 MB free, 16267.60 MB total
[2019.05.16-23.34.15:188][  0]LogMemory: Virtual Memory: 4681.95 MB used,  134213048.00 MB free, 134217728.00 MB total
[2019.05.16-23.34.15:207][  0]LogInit: Overriding language with editor language configuration option (en).
[2019.05.16-23.34.15:207][  0]LogInit: Overriding locale with editor culture configuration option ().
[2019.05.16-23.34.15:207][  0]LogInit: Using OS detected locale (es-MX).
[2019.05.16-23.34.15:600][  0]LogStreaming: Display: Took  0.394s to InitEngineTextLocalization.
[2019.05.16-23.34.15:600][  0]LogInit: Setting process to per monitor DPI aware
[2019.05.16-23.34.15:639][  0]LogSlate: New Slate User Created.  User Index 0, Is Virtual User: 0
[2019.05.16-23.34.15:639][  0]LogSlate: Slate User Registered.  User Index 0, Is Virtual User: 0
[2019.05.16-23.34.15:868][  0]LogD3D11RHI: D3D11 adapters:
[2019.05.16-23.34.15:928][  0]LogD3D11RHI:    0. 'NVIDIA GeForce GTX 1060' (Feature Level 11_0)
[2019.05.16-23.34.15:928][  0]LogD3D11RHI:       6052/0/8133 MB DedicatedVideo/DedicatedSystem/SharedSystem, Outputs:1, VendorId:0x10de
[2019.05.16-23.34.15:944][  0]LogD3D11RHI:    1. 'Intel(R) HD Graphics 630' (Feature Level 11_0)
[2019.05.16-23.34.15:944][  0]LogD3D11RHI:       128/0/8133 MB DedicatedVideo/DedicatedSystem/SharedSystem, Outputs:0, VendorId:0x8086
[2019.05.16-23.34.15:946][  0]LogD3D11RHI:    2. 'Microsoft Basic Render Driver' (Feature Level 11_0)
[2019.05.16-23.34.15:946][  0]LogD3D11RHI:       0/0/8133 MB DedicatedVideo/DedicatedSystem/SharedSystem, Outputs:0, VendorId:0x1414
[2019.05.16-23.34.15:946][  0]LogD3D11RHI: Chosen D3D11 Adapter: 0
[2019.05.16-23.34.15:976][  0]LogD3D11RHI: Creating new Direct3DDevice
[2019.05.16-23.34.15:977][  0]LogD3D11RHI:     GPU DeviceId: 0x1c20 (for the marketing name, search the web for "GPU Device Id")
[2019.05.16-23.34.15:977][  0]LogWindows: EnumDisplayDevices:
[2019.05.16-23.34.15:977][  0]LogWindows:    0. 'Intel(R) HD Graphics 630' (P:1 D:1)
[2019.05.16-23.34.15:977][  0]LogWindows:    1. 'Intel(R) HD Graphics 630' (P:0 D:0)
[2019.05.16-23.34.15:977][  0]LogWindows:    2. 'Intel(R) HD Graphics 630' (P:0 D:0)
[2019.05.16-23.34.15:978][  0]LogWindows:    3. 'NVIDIA GeForce GTX 1060' (P:0 D:0)
[2019.05.16-23.34.15:978][  0]LogWindows:    4. 'NVIDIA GeForce GTX 1060' (P:0 D:0)
[2019.05.16-23.34.15:978][  0]LogWindows:    5. 'NVIDIA GeForce GTX 1060' (P:0 D:0)
[2019.05.16-23.34.15:978][  0]LogWindows:    6. 'NVIDIA GeForce GTX 1060' (P:0 D:0)
[2019.05.16-23.34.15:978][  0]LogWindows: DebugString: PrimaryIsNotTheChoosenAdapter PrimaryIsNotTheChoosenAdapter PrimaryIsNotTheChoosenAdapter FoundDriverCount:4 
[2019.05.16-23.34.15:978][  0]LogD3D11RHI:     Adapter Name: NVIDIA GeForce GTX 1060
[2019.05.16-23.34.15:978][  0]LogD3D11RHI:   Driver Version: 430.39 (internal:26.21.14.3039, unified:430.39)
[2019.05.16-23.34.15:978][  0]LogD3D11RHI:      Driver Date: 4-17-2019
[2019.05.16-23.34.15:978][  0]LogRHI: Texture pool is 4236 MB (70% of 6052 MB)
[2019.05.16-23.34.16:024][  0]LogD3D11RHI: Async texture creation enabled
[2019.05.16-23.34.16:042][  0]LogD3D11RHI: GPU Timing Frequency: 1000.000000 (Debug: 2 1)
[2019.05.16-23.34.16:344][  0]LogTemp: Display: Loaded TP AllDesktopTargetPlatform
[2019.05.16-23.34.16:357][  0]LogTemp: Display: Loaded TP MacClientTargetPlatform
[2019.05.16-23.34.16:369][  0]LogTemp: Display: Loaded TP MacNoEditorTargetPlatform
[2019.05.16-23.34.16:381][  0]LogTemp: Display: Loaded TP MacServerTargetPlatform
[2019.05.16-23.34.16:395][  0]LogTemp: Display: Loaded TP MacTargetPlatform
[2019.05.16-23.34.16:407][  0]LogTemp: Display: Loaded TP WindowsClientTargetPlatform
[2019.05.16-23.34.16:420][  0]LogTemp: Display: Loaded TP WindowsNoEditorTargetPlatform
[2019.05.16-23.34.16:432][  0]LogTemp: Display: Loaded TP WindowsServerTargetPlatform
[2019.05.16-23.34.16:437][  0]LogTemp: Display: Loaded TP WindowsTargetPlatform
[2019.05.16-23.34.16:514][  0]LogTemp: Display: Loaded TP AndroidTargetPlatform
[2019.05.16-23.34.16:514][  0]LogTemp: Display: Loaded TP AndroidTargetPlatform
[2019.05.16-23.34.16:514][  0]LogTemp: Display: Loaded TP AndroidTargetPlatform
[2019.05.16-23.34.16:514][  0]LogTemp: Display: Loaded TP AndroidTargetPlatform
[2019.05.16-23.34.16:514][  0]LogTemp: Display: Loaded TP AndroidTargetPlatform
[2019.05.16-23.34.16:514][  0]LogTemp: Display: Loaded TP AndroidTargetPlatform
[2019.05.16-23.34.16:514][  0]LogTemp: Display: Loaded TP AndroidTargetPlatform
[2019.05.16-23.34.16:514][  0]LogTemp: Display: Loaded TP AndroidTargetPlatform
[2019.05.16-23.34.16:514][  0]LogTemp: Display: Loaded TP AndroidTargetPlatform
[2019.05.16-23.34.16:514][  0]LogTemp: Display: Loaded TP AndroidTargetPlatform
[2019.05.16-23.34.16:514][  0]LogTemp: Display: Loaded TP AndroidTargetPlatform
[2019.05.16-23.34.16:514][  0]LogTemp: Display: Loaded TP AndroidTargetPlatform
[2019.05.16-23.34.16:514][  0]LogTemp: Display: Loaded TP AndroidTargetPlatform
[2019.05.16-23.34.16:514][  0]LogTemp: Display: Loaded TP AndroidTargetPlatform
[2019.05.16-23.34.16:514][  0]LogTemp: Display: Loaded TP AndroidTargetPlatform
[2019.05.16-23.34.16:514][  0]LogTemp: Display: Loaded TP AndroidTargetPlatform
[2019.05.16-23.34.16:514][  0]LogTemp: Display: Loaded TP AndroidTargetPlatform
[2019.05.16-23.34.16:514][  0]LogTemp: Display: Loaded TP AndroidTargetPlatform
[2019.05.16-23.34.16:515][  0]LogTemp: Display: Loaded TP HTML5TargetPlatform
[2019.05.16-23.34.16:576][  0]LogTemp: Display: Loaded TP IOSTargetPlatform
[2019.05.16-23.34.16:576][  0]LogTemp: Display: Loaded TP IOSTargetPlatform
[2019.05.16-23.34.16:602][  0]LogTemp: Display: Loaded TP TVOSTargetPlatform
[2019.05.16-23.34.16:602][  0]LogTemp: Display: Loaded TP TVOSTargetPlatform
[2019.05.16-23.34.16:615][  0]LogTemp: Display: Loaded TP LinuxClientTargetPlatform
[2019.05.16-23.34.16:628][  0]LogTemp: Display: Loaded TP LinuxNoEditorTargetPlatform
[2019.05.16-23.34.16:642][  0]LogTemp: Display: Loaded TP LinuxServerTargetPlatform
[2019.05.16-23.34.16:656][  0]LogTemp: Display: Loaded TP LinuxTargetPlatform
[2019.05.16-23.34.16:701][  0]LogTemp: Display: Loaded TP LuminTargetPlatform
[2019.05.16-23.34.16:701][  0]LogTemp: Display: Loaded TP LuminTargetPlatform
[2019.05.16-23.34.16:701][  0]LogTargetPlatformManager: Display: Building Assets For Windows
[2019.05.16-23.34.16:744][  0]LogShaderCompilers: Guid format shader working directory is 18 characters bigger than the processId version (../../../../VR/CFE_LeapMotion/Intermediate/Shaders/WorkingDirectory/12760/).
[2019.05.16-23.34.16:744][  0]LogShaderCompilers: Cleaned the shader compiler working directory 'C:/Users/Usuario/AppData/Local/Temp/UnrealShaderWorkingDir/1F5708954A2A0A1D5F542EA54E1C54F7/'.
[2019.05.16-23.34.16:745][  0]LogXGEController: Cannot use XGE Controller as Incredibuild is not installed on this machine.
[2019.05.16-23.34.16:745][  0]LogShaderCompilers: Cannot use XGE Shader Compiler as Incredibuild is not installed on this machine.
[2019.05.16-23.34.16:745][  0]LogShaderCompilers: Display: Using Local Shader Compiler.
[2019.05.16-23.34.17:324][  0]LogDerivedDataCache: Display: Max Cache Size: 512 MB
[2019.05.16-23.34.17:375][  0]LogDerivedDataCache: Loaded boot cache 0.05s 71MB C:/Users/Usuario/AppData/Local/UnrealEngine/4.21/DerivedDataCache/Boot.ddc.
[2019.05.16-23.34.17:375][  0]LogDerivedDataCache: Display: Loaded Boot cache: C:/Users/Usuario/AppData/Local/UnrealEngine/4.21/DerivedDataCache/Boot.ddc
[2019.05.16-23.34.17:375][  0]LogDerivedDataCache: FDerivedDataBackendGraph:  Pak pak cache file ../../../../VR/CFE_LeapMotion/DerivedDataCache/DDC.ddp not found, will not use a pak cache.
[2019.05.16-23.34.17:375][  0]LogDerivedDataCache: Unable to find inner node Pak for hierarchical cache Hierarchy.
[2019.05.16-23.34.17:375][  0]LogDerivedDataCache: FDerivedDataBackendGraph:  CompressedPak pak cache file ../../../../VR/CFE_LeapMotion/DerivedDataCache/Compressed.ddp not found, will not use a pak cache.
[2019.05.16-23.34.17:375][  0]LogDerivedDataCache: Unable to find inner node CompressedPak for hierarchical cache Hierarchy.
[2019.05.16-23.34.17:392][  0]LogDerivedDataCache: Display: Pak cache opened for reading ../../../Engine/DerivedDataCache/Compressed.ddp.
[2019.05.16-23.34.17:392][  0]LogDerivedDataCache: FDerivedDataBackendGraph:  EnterprisePak pak cache file ../../../Enterprise/DerivedDataCache/Compressed.ddp not found, will not use a pak cache.
[2019.05.16-23.34.17:392][  0]LogDerivedDataCache: Unable to find inner node EnterprisePak for hierarchical cache Hierarchy.
[2019.05.16-23.34.17:405][  0]LogDerivedDataCache: Using Local data cache path C:/Users/Usuario/AppData/Local/UnrealEngine/Common/DerivedDataCache: Writable
[2019.05.16-23.34.17:405][  0]LogDerivedDataCache: Shared data cache path not found in *engine.ini, will not use an Shared cache.
[2019.05.16-23.34.17:405][  0]LogDerivedDataCache: Unable to find inner node Shared for hierarchical cache Hierarchy.
[2019.05.16-23.34.17:430][  0]LogMaterial: Verifying Global Shaders for PCD3D_SM5
[2019.05.16-23.34.17:432][  0]LogSlate: Using FreeType 2.6.0
[2019.05.16-23.34.17:432][  0]LogSlate: SlateFontServices - WITH_FREETYPE: 1, WITH_HARFBUZZ: 1
[2019.05.16-23.34.17:523][  0]LogAssetRegistry: FAssetRegistry took 0.0343 seconds to start up
[2019.05.16-23.34.17:852][  0]LogInit: Selected Device Profile: [Windows]
[2019.05.16-23.34.18:005][  0]LogSimplygon: Simplygon DLL not present - disabling.
[2019.05.16-23.34.18:009][  0]LogMeshReduction: Using SimplygonSwarm for distributed automatic mesh merging
[2019.05.16-23.34.18:009][  0]LogMeshReduction: Using ProxyLODMeshReduction for automatic mesh merging
[2019.05.16-23.34.18:009][  0]LogMeshReduction: Using QuadricMeshReduction for automatic static mesh reduction
[2019.05.16-23.34.18:009][  0]LogMeshReduction: No automatic skeletal mesh reduction module available
[2019.05.16-23.34.18:024][  0]LogNetVersion: CFE_LeapMotion 1.0.0, NetCL: 4541578, EngineNetVer: 5, GameNetVer: 0 (Checksum: 1837852655)
[2019.05.16-23.34.18:519][  0]LogPackageLocalizationCache: Processed 12 localized package path(s) for 1 prioritized culture(s) in 0.056037 seconds
[2019.05.16-23.34.18:525][  0]LogUObjectArray: 39775 objects as part of root set at end of initial load.
[2019.05.16-23.34.18:525][  0]LogUObjectAllocator: 6914664 out of 0 bytes used by permanent object pool.
[2019.05.16-23.34.18:525][  0]LogUObjectArray: CloseDisregardForGC: 0/0 objects in disregard for GC pool
[2019.05.16-23.34.19:397][  0]LogTcpMessaging: Initializing TcpMessaging bridge
[2019.05.16-23.34.19:411][  0]LogUdpMessaging: Initializing bridge on interface 0.0.0.0:0 to multicast group 230.0.0.1:6666.
[2019.05.16-23.34.20:113][  0]SourceControl: Source control is disabled
[2019.05.16-23.34.20:113][  0]SourceControl: Source control is disabled
[2019.05.16-23.34.20:115][  0]SourceControl: Source control is disabled
[2019.05.16-23.34.20:115][  0]SourceControl: Source control is disabled
[2019.05.16-23.34.20:271][  0]LogAndroidPermission: UAndroidPermissionCallbackProxy::GetInstance
[2019.05.16-23.34.20:335][  0]LogWindows: Failed to load '../../../Engine/Binaries/ThirdParty/LeapMotion/Win64/LeapC.dll' (GetLastError=126)
[2019.05.16-23.34.20:335][  0]LogWindows: File '../../../Engine/Binaries/ThirdParty/LeapMotion/Win64/LeapC.dll' does not exist
[2019.05.16-23.34.20:335][  0]LeapMotionLog: Leap Plugin started v3.3.1
[2019.05.16-23.34.20:338][  0]LogOcInput: OculusInput pre-init called
[2019.05.16-23.34.20:469][  0]LogClass: Warning: ObjectProperty FMappedBoneAnimData::BodyStateSkeleton is not initialized properly
[2019.05.16-23.34.20:469][  0]LogClass: Warning: FBodyStateDeviceConfig::InputType is not initialized properly
[2019.05.16-23.34.20:469][  0]LogClass: Warning: FLeapStats::FrameExtrapolationInMS is not initialized properly
[2019.05.16-23.34.20:469][  0]LogClass: Display: 3 Uninitialized script stuct members found
[2019.05.16-23.34.20:470][  0]LogAutomationTest: Warning: ObjectProperty FMappedBoneAnimData::BodyStateSkeleton is not initialized properly
[2019.05.16-23.34.20:470][  0]LogAutomationTest: Warning: FBodyStateDeviceConfig::InputType is not initialized properly
[2019.05.16-23.34.20:470][  0]LogAutomationTest: Warning: FLeapStats::FrameExtrapolationInMS is not initialized properly
[2019.05.16-23.34.20:472][  0]LogEngine: Initializing Engine...
[2019.05.16-23.34.20:472][  0]LogHMD: Oculus plugin initialized. Version: 4.21.2-4753647+++UE4+Release-4.21, OVRPlugin: 1.28.0
[2019.05.16-23.34.20:473][  0]LogStats: UGameplayTagsManager::ConstructGameplayTagTree: ImportINI prefixes -  0.000 s
[2019.05.16-23.34.20:473][  0]LogStats: UGameplayTagsManager::ConstructGameplayTagTree: Construct from data asset -  0.000 s
[2019.05.16-23.34.20:473][  0]LogStats: UGameplayTagsManager::ConstructGameplayTagTree: ImportINI -  0.000 s
[2019.05.16-23.34.20:473][  0]LogStats: UGameplayTagsManager::ConstructGameplayTagTree: GameplayTagTreeChangedEvent.Broadcast -  0.000 s
[2019.05.16-23.34.20:723][  0]LogInit: Initializing FReadOnlyCVARCache
[2019.05.16-23.34.20:733][  0]LogAIModule: Creating AISystem for world Untitled
[2019.05.16-23.34.20:804][  0]LogInit: XAudio2 using 'Auriculares (2- Rift Audio)' : 2 channels at 48 kHz using 16 bits per sample (channel mask 0x3)
[2019.05.16-23.34.20:818][  0]LogInit: FAudioDevice initialized.
[2019.05.16-23.34.20:818][  0]LogNetVersion: Set ProjectVersion to 1.0.0.0. Version Checksum will be recalculated on next use.
[2019.05.16-23.34.20:972][  0]LogDerivedDataCache: Saved boot cache 0.15s 71MB C:/Users/Usuario/AppData/Local/UnrealEngine/4.21/DerivedDataCache/Boot.ddc.
[2019.05.16-23.34.20:977][  0]LogInit: Texture streaming: Enabled
[2019.05.16-23.34.20:991][  0]LogEngineSessionManager: EngineSessionManager initialized
[2019.05.16-23.34.21:002][  0]LogInit: Transaction tracking system initialized
[2019.05.16-23.34.21:019][  0]BlueprintLog: New page: Editor Load
[2019.05.16-23.34.21:076][  0]LocalizationService: Localization service is disabled
[2019.05.16-23.34.21:542][  0]LogFileCache: Scanning file cache for directory 'D:/VR/CFE_LeapMotion/Content/' took 0.01s
[2019.05.16-23.34.21:542][  0]LogCook: Display: Max memory allowance for cook 16384mb min free memory 0mb
[2019.05.16-23.34.21:543][  0]LogCook: Display: Mobile HDR setting 1
[2019.05.16-23.34.21:543][  0]LogGameplayTags: Display: UGameplayTagsManager::DoneAddingNativeTags. DelegateIsBound: 0
[2019.05.16-23.34.21:543][  0]LogStats: UGameplayTagsManager::ConstructGameplayTagTree: ImportINI prefixes -  0.000 s
[2019.05.16-23.34.21:543][  0]LogStats: UGameplayTagsManager::ConstructGameplayTagTree: Construct from data asset -  0.000 s
[2019.05.16-23.34.21:543][  0]LogStats: UGameplayTagsManager::ConstructGameplayTagTree: ImportINI -  0.000 s
[2019.05.16-23.34.21:543][  0]LogStats: UGameplayTagsManager::ConstructGameplayTagTree: GameplayTagTreeChangedEvent.Broadcast -  0.000 s
[2019.05.16-23.34.21:658][  0]SourceControl: Source control is disabled
[2019.05.16-23.34.21:658][  0]Cmd: MAP LOAD FILE="../../../../VR/CFE_LeapMotion/Content/StarterContent/Maps/Minimal_Default.umap" TEMPLATE=0 SHOWPROGRESS=1 FEATURELEVEL=3
[2019.05.16-23.34.21:658][  0]LightingResults: New page: Lighting Build
[2019.05.16-23.34.21:660][  0]MapCheck: New page: Map Check
[2019.05.16-23.34.21:660][  0]LightingResults: New page: Lighting Build
[2019.05.16-23.34.22:157][  0]LogAIModule: Creating AISystem for world Minimal_Default
[2019.05.16-23.34.22:166][  0]LogEditorServer: Finished looking for orphan Actors (0.000 secs)
[2019.05.16-23.34.22:192][  0]Cmd: MAP CHECKDEP NOCLEARLOG
[2019.05.16-23.34.22:192][  0]MapCheck: Map check complete: 0 Error(s), 0 Warning(s), took 0.093ms to complete.
[2019.05.16-23.34.22:192][  0]LogFileHelpers: Loading map 'Minimal_Default' took 0.534
[2019.05.16-23.34.22:280][  0]LogSlate: Updating window title bar state: overlay mode, drag disabled, window buttons hidden, title bar hidden
[2019.05.16-23.34.22:291][  0]LogSlate: Updating window title bar state: overlay mode, drag disabled, window buttons hidden, title bar hidden
[2019.05.16-23.34.22:299][  0]LogSlate: Updating window title bar state: overlay mode, drag disabled, window buttons hidden, title bar hidden
[2019.05.16-23.34.22:306][  0]LogSlate: Updating window title bar state: overlay mode, drag disabled, window buttons hidden, title bar hidden
[2019.05.16-23.34.22:311][  0]LogCollectionManager: Loaded 0 collections in 0.000950 seconds
[2019.05.16-23.34.22:338][  0]LogFileCache: Scanning file cache for directory 'D:/VR/CFE_LeapMotion/Saved/Collections/' took 0.01s
[2019.05.16-23.34.22:338][  0]LogFileCache: Scanning file cache for directory 'D:/VR/CFE_LeapMotion/Content/Developers/Usuario/Collections/' took 0.00s
[2019.05.16-23.34.22:338][  0]LogFileCache: Scanning file cache for directory 'D:/VR/CFE_LeapMotion/Content/Collections/' took 0.01s
[2019.05.16-23.34.22:338][  0]LogCollectionManager: Rebuilt the GUID cache for 0 collections in 0.000000 seconds
[2019.05.16-23.34.22:348][  0]LogContentBrowser: Native class hierarchy populated in 0.0098 seconds. Added 2665 classes and 628 folders.
[2019.05.16-23.34.22:353][  0]LogContentBrowser: Native class hierarchy updated for 'WidgetCarousel' in 0.0002 seconds. Added 0 classes and 0 folders.
[2019.05.16-23.34.22:355][  0]LogPakFile: Registered encryption key '00000000000000000000000000000000': 0 pak files mounted, 0 remain pending
[2019.05.16-23.34.22:355][  0]LogPakFile: Registered encryption key '00000000000000000000000000000000': 0 pak files mounted, 0 remain pending
[2019.05.16-23.34.22:356][  0]LogPakFile: Registered encryption key '00000000000000000000000000000000': 0 pak files mounted, 0 remain pending
[2019.05.16-23.34.22:356][  0]LogPakFile: Registered encryption key '00000000000000000000000000000000': 0 pak files mounted, 0 remain pending
[2019.05.16-23.34.22:357][  0]LogPakFile: Registered encryption key '00000000000000000000000000000000': 0 pak files mounted, 0 remain pending
[2019.05.16-23.34.22:357][  0]LogPakFile: Registered encryption key '00000000000000000000000000000000': 0 pak files mounted, 0 remain pending
[2019.05.16-23.34.22:357][  0]LogPakFile: Registered encryption key '00000000000000000000000000000000': 0 pak files mounted, 0 remain pending
[2019.05.16-23.34.22:358][  0]LogPakFile: Registered encryption key '00000000000000000000000000000000': 0 pak files mounted, 0 remain pending
[2019.05.16-23.34.22:358][  0]LogPakFile: Registered encryption key '00000000000000000000000000000000': 0 pak files mounted, 0 remain pending
[2019.05.16-23.34.22:358][  0]LogPakFile: Registered encryption key '00000000000000000000000000000000': 0 pak files mounted, 0 remain pending
[2019.05.16-23.34.22:359][  0]LogPakFile: Registered encryption key '00000000000000000000000000000000': 0 pak files mounted, 0 remain pending
[2019.05.16-23.34.22:359][  0]LogPakFile: Registered encryption key '00000000000000000000000000000000': 0 pak files mounted, 0 remain pending
[2019.05.16-23.34.22:359][  0]LogPakFile: Registered encryption key '00000000000000000000000000000000': 0 pak files mounted, 0 remain pending
[2019.05.16-23.34.22:360][  0]LogPakFile: Registered encryption key '00000000000000000000000000000000': 0 pak files mounted, 0 remain pending
[2019.05.16-23.34.22:360][  0]LogPakFile: Registered encryption key '00000000000000000000000000000000': 0 pak files mounted, 0 remain pending
[2019.05.16-23.34.22:361][  0]LogPakFile: Registered encryption key '00000000000000000000000000000000': 0 pak files mounted, 0 remain pending
[2019.05.16-23.34.22:361][  0]LogPakFile: Registered encryption key '00000000000000000000000000000000': 0 pak files mounted, 0 remain pending
[2019.05.16-23.34.22:362][  0]LogPakFile: Registered encryption key '00000000000000000000000000000000': 0 pak files mounted, 0 remain pending
[2019.05.16-23.34.22:362][  0]LogPakFile: Registered encryption key '00000000000000000000000000000000': 0 pak files mounted, 0 remain pending
[2019.05.16-23.34.22:363][  0]LogPakFile: Registered encryption key '00000000000000000000000000000000': 0 pak files mounted, 0 remain pending
[2019.05.16-23.34.22:363][  0]LogPakFile: Registered encryption key '00000000000000000000000000000000': 0 pak files mounted, 0 remain pending
[2019.05.16-23.34.22:363][  0]LogPakFile: Registered encryption key '00000000000000000000000000000000': 0 pak files mounted, 0 remain pending
[2019.05.16-23.34.22:364][  0]LogPakFile: Registered encryption key '00000000000000000000000000000000': 0 pak files mounted, 0 remain pending
[2019.05.16-23.34.22:364][  0]LogPakFile: Registered encryption key '00000000000000000000000000000000': 0 pak files mounted, 0 remain pending
[2019.05.16-23.34.22:365][  0]LogPakFile: Registered encryption key '00000000000000000000000000000000': 0 pak files mounted, 0 remain pending
[2019.05.16-23.34.22:365][  0]LogPakFile: Registered encryption key '00000000000000000000000000000000': 0 pak files mounted, 0 remain pending
[2019.05.16-23.34.22:390][  0]LogContentBrowser: Native class hierarchy updated for 'AddContentDialog' in 0.0003 seconds. Added 0 classes and 0 folders.
[2019.05.16-23.34.22:394][  0]LogContentBrowser: Native class hierarchy updated for 'SceneOutliner' in 0.0003 seconds. Added 1 classes and 2 folders.
[2019.05.16-23.34.22:464][  0]LogSlate: Took 0.000198 seconds to synchronously load lazily loaded font '../../../Engine/Content/Slate/Fonts/Roboto-Regular.ttf' (155K)
[2019.05.16-23.34.22:467][  0]LogSlate: Took 0.000140 seconds to synchronously load lazily loaded font '../../../Engine/Content/Slate/Fonts/Roboto-Bold.ttf' (160K)
[2019.05.16-23.34.22:472][  0]LogSlate: Took 0.000186 seconds to synchronously load lazily loaded font '../../../Engine/Content/Editor/Slate/Fonts/FontAwesome.ttf' (139K)
[2019.05.16-23.34.22:554][  0]LogRenderer: Reallocating scene render targets to support 928x432 Format 10 NumSamples 1 (Frame:1).
[2019.05.16-23.34.22:606][  0]LogSlate: Took 0.000197 seconds to synchronously load lazily loaded font '../../../Engine/Content/Slate/Fonts/Roboto-Light.ttf' (167K)
[2019.05.16-23.34.22:724][  0]LogContentBrowser: Native class hierarchy updated for 'HierarchicalLODOutliner' in 0.0003 seconds. Added 0 classes and 0 folders.
[2019.05.16-23.34.22:724][  0]LogLoad: (Engine Initialization) Total time: 9.16 seconds
[2019.05.16-23.34.22:725][  0]LogLoad: (Engine Initialization) Total Blueprint compile time: 0.00 seconds
[2019.05.16-23.34.22:745][  0]LogWindowsTextInputMethodSystem: Display: IME system now deactivated.
[2019.05.16-23.34.22:747][  0]LogOcInput: OculusInput is initialized
[2019.05.16-23.34.22:759][  0]LeapMotionLog: ServiceMessageLoop started.
[2019.05.16-23.34.22:759][  0]BodyStateLog: BodyState::DeviceAttached: Leap Motion (1)
[2019.05.16-23.34.22:760][  0]BodyStateLog: BodyState::DeviceAttached: HMD (2)
[2019.05.16-23.34.22:825][  0]LogContentStreaming: Texture pool size now 1000 MB
[2019.05.16-23.34.22:894][  1]LeapMotionLog: LeapService: OnConnect.
[2019.05.16-23.34.22:894][  1]LogRenderer: Reallocating scene render targets to support 928x448 Format 10 NumSamples 1 (Frame:3).
[2019.05.16-23.34.22:894][  1]LeapMotionLog: OnDeviceFound Peripheral S323A047707.
[2019.05.16-23.34.23:008][  2]LogAssetRegistry: Asset discovery search completed in 5.5080 seconds
[2019.05.16-23.34.23:010][  2]LogCollectionManager: Rebuilt the object cache for 0 collections in 0.000000 seconds (found 0 objects)
[2019.05.16-23.34.23:010][  2]LogCollectionManager: Fixed up redirectors for 0 collections in 0.000055 seconds (updated 0 objects)
[2019.05.16-23.34.25:457][148]LogSlate: FSceneViewport::OnFocusLost() reason 2
[2019.05.16-23.34.29:109][366]LogBlueprintUserMessages: Early PlayInEditor Detection: Level '/Game/StarterContent/Maps/Minimal_Default.Minimal_Default:PersistentLevel' has LevelScriptBlueprint '/Game/StarterContent/Maps/Minimal_Default.Minimal_Default:PersistentLevel.Minimal_Default' with GeneratedClass '/Game/StarterContent/Maps/Minimal_Default.Minimal_Default_C' with ClassGeneratedBy '/Game/StarterContent/Maps/Minimal_Default.Minimal_Default:PersistentLevel.Minimal_Default'
[2019.05.16-23.34.29:109][366]LogPlayLevel: PlayLevel: No blueprints needed recompiling
[2019.05.16-23.34.29:110][366]LogHMD: Initializing OVRPlugin session
[2019.05.16-23.34.29:488][366]PIE: New page: PIE session: Minimal_Default (16/05/2019 13:34:29)
[2019.05.16-23.34.29:501][366]LogPlayLevel: Creating play world package: /Game/StarterContent/Maps/UEDPIE_0_Minimal_Default
[2019.05.16-23.34.29:505][366]LogPlayLevel: PIE: StaticDuplicateObject took: (0.004174s)
[2019.05.16-23.34.29:505][366]LogAIModule: Creating AISystem for world Minimal_Default
[2019.05.16-23.34.29:505][366]LogPlayLevel: PIE: World Init took: (0.001129s)
[2019.05.16-23.34.29:506][366]LogPlayLevel: PIE: Created PIE world by copying editor world from /Game/StarterContent/Maps/Minimal_Default.Minimal_Default to /Game/StarterContent/Maps/UEDPIE_0_Minimal_Default.Minimal_Default (0.005591s)
[2019.05.16-23.34.29:539][366]LogInit: XAudio2 using 'Auriculares (2- Rift Audio)' : 2 channels at 48 kHz using 16 bits per sample (channel mask 0x3)
[2019.05.16-23.34.29:550][366]LogInit: FAudioDevice initialized.
[2019.05.16-23.34.29:556][366]LogSlate: FSceneViewport::OnFocusLost() reason 2
[2019.05.16-23.34.29:559][366]LogSlate: Updating window title bar state: overlay mode, drag disabled, window buttons hidden, title bar hidden
[2019.05.16-23.34.29:642][366]LogHMD: Allocating Oculus 2688 x 1600 rendertarget swapchain
[2019.05.16-23.34.29:683][366]LogLoad: Game class is 'CFE_GameMode_C'
[2019.05.16-23.34.29:685][366]LogWorld: Bringing World /Game/StarterContent/Maps/UEDPIE_0_Minimal_Default.Minimal_Default up for play (max tick rate 0) at 2019.05.16-18.34.29
[2019.05.16-23.34.29:686][366]LogWorld: Bringing up level for play took: 0.001289
[2019.05.16-23.34.29:702][366]LogContentBrowser: Native class hierarchy updated for 'MovieSceneCapture' in 0.0004 seconds. Added 20 classes and 0 folders.
[2019.05.16-23.34.29:702][366]LogGameMode: Display: Match State Changed from EnteringMap to WaitingToStart
[2019.05.16-23.34.29:703][366]LogGameState: Match State Changed from EnteringMap to WaitingToStart
[2019.05.16-23.34.29:703][366]LogGameMode: Display: Match State Changed from WaitingToStart to InProgress
[2019.05.16-23.34.29:703][366]LogTemp: Bone cache synced: 20
[2019.05.16-23.34.29:705][366]LogTemp: Bone cache synced: 0
[2019.05.16-23.34.29:705][366]LogTemp: Bone cache synced: 20
[2019.05.16-23.34.29:706][366]LeapMotionLog: AddEventDelegate (1).
[2019.05.16-23.34.29:709][366]LogGameState: Match State Changed from WaitingToStart to InProgress
[2019.05.16-23.34.29:715][366]PIE: Play in editor start time for /Game/StarterContent/Maps/UEDPIE_0_Minimal_Default 1.381
[2019.05.16-23.34.29:716][366]LogBlueprintUserMessages: Late PlayInEditor Detection: Level '/Game/StarterContent/Maps/Minimal_Default.Minimal_Default:PersistentLevel' has LevelScriptBlueprint '/Game/StarterContent/Maps/Minimal_Default.Minimal_Default:PersistentLevel.Minimal_Default' with GeneratedClass '/Game/StarterContent/Maps/Minimal_Default.Minimal_Default_C' with ClassGeneratedBy '/Game/StarterContent/Maps/Minimal_Default.Minimal_Default:PersistentLevel.Minimal_Default'
[2019.05.16-23.34.29:716][366]LogEngine: Changing dynamic resolution state.
[2019.05.16-23.34.29:732][366]LogRenderer: Releasing previous depth to switch default clear from depth: 0.000000 stencil: 0 to depth: 0.000000 stencil: 0
[2019.05.16-23.34.29:732][366]LogRenderer: Releasing previous depth to switch default clear from depth: 0.000000 stencil: 0 to depth: 0.000000 stencil: 0
[2019.05.16-23.34.29:732][366]LogRenderer: Releasing previous depth to switch default clear from depth: 0.000000 stencil: 0 to depth: 0.000000 stencil: 0
[2019.05.16-23.34.29:732][366]LogRenderer: Releasing previous depth to switch default clear from depth: 0.000000 stencil: 0 to depth: 0.000000 stencil: 0
[2019.05.16-23.34.29:732][366]LogRenderer: Releasing previous depth to switch default clear from depth: 0.000000 stencil: 0 to depth: 0.000000 stencil: 0
[2019.05.16-23.34.29:732][366]LogRenderer: Releasing previous depth to switch default clear from depth: 0.000000 stencil: 0 to depth: 0.000000 stencil: 0
[2019.05.16-23.34.29:757][366]LogRenderer: Reallocating scene render targets to support 2688x1600 Format 10 NumSamples 1 (Frame:1).
[2019.05.16-23.34.29:757][366]LogHMD: Allocating Oculus 2688 x 1600 depth rendertarget swapchain
[2019.05.16-23.34.34:962][818]LogBlueprintUserMessages: Early EndPlayMap Detection: Level '/Game/StarterContent/Maps/Minimal_Default.Minimal_Default:PersistentLevel' has LevelScriptBlueprint '/Game/StarterContent/Maps/Minimal_Default.Minimal_Default:PersistentLevel.Minimal_Default' with GeneratedClass '/Game/StarterContent/Maps/Minimal_Default.Minimal_Default_C' with ClassGeneratedBy '/Game/StarterContent/Maps/Minimal_Default.Minimal_Default:PersistentLevel.Minimal_Default'
[2019.05.16-23.34.35:047][818]LogSlate: Updating window title bar state: overlay mode, drag disabled, window buttons hidden, title bar hidden
[2019.05.16-23.34.35:099][818]LogSlate: Window 'CFE_LeapMotion Game Preview Standalone (64-bit/PCD3D_SM5)' being destroyed
[2019.05.16-23.34.35:138][818]LogPlayLevel: Display: Shutting down PIE online subsystems
[2019.05.16-23.34.35:139][818]LogBlueprintUserMessages: Late EndPlayMap Detection: Level '/Game/StarterContent/Maps/Minimal_Default.Minimal_Default:PersistentLevel' has LevelScriptBlueprint '/Game/StarterContent/Maps/Minimal_Default.Minimal_Default:PersistentLevel.Minimal_Default' with GeneratedClass '/Game/StarterContent/Maps/Minimal_Default.Minimal_Default_C' with ClassGeneratedBy '/Game/StarterContent/Maps/Minimal_Default.Minimal_Default:PersistentLevel.Minimal_Default'
[2019.05.16-23.34.35:177][819]LogPlayLevel: Display: Destroying online subsystem :Context_2
[2019.05.16-23.34.35:178][819]LogEngine: Changing dynamic resolution state.
[2019.05.16-23.35.24:106][ 60]LogHttp: Warning: 000001E1C4D40540: request failed, libcurl error: 60 (Peer certificate cannot be authenticated with given CA certificates)
[2019.05.16-23.35.24:106][ 60]LogHttp: Warning: 000001E1C4D40540: libcurl info message cache 0 (  Trying 35.169.76.60...)
[2019.05.16-23.35.24:106][ 60]LogHttp: Warning: 000001E1C4D40540: libcurl info message cache 1 (TCP_NODELAY set)
[2019.05.16-23.35.24:106][ 60]LogHttp: Warning: 000001E1C4D40540: libcurl info message cache 2 (Connected to datarouter.ol.epicgames.com (35.169.76.60) port 443 (#0))
[2019.05.16-23.35.24:106][ 60]LogHttp: Warning: 000001E1C4D40540: libcurl info message cache 3 (ALPN, offering http/1.1)
[2019.05.16-23.35.24:106][ 60]LogHttp: Warning: 000001E1C4D40540: libcurl info message cache 4 (Cipher selection: ALL:!EXPORT:!EXPORT40:!EXPORT56:!aNULL:!LOW:!RC4:@STRENGTH)
[2019.05.16-23.35.24:106][ 60]LogHttp: Warning: 000001E1C4D40540: libcurl info message cache 5 (TLSv1.2 (OUT), TLS header, Certificate Status (22):)
[2019.05.16-23.35.24:106][ 60]LogHttp: Warning: 000001E1C4D40540: libcurl info message cache 6 (TLSv1.2 (OUT), TLS handshake, Client hello (1):)
[2019.05.16-23.35.24:106][ 60]LogHttp: Warning: 000001E1C4D40540: libcurl info message cache 7 (TLSv1.2 (IN), TLS handshake, Server hello (2):)
[2019.05.16-23.35.24:106][ 60]LogHttp: Warning: 000001E1C4D40540: libcurl info message cache 8 (TLSv1.2 (IN), TLS handshake, Certificate (11):)
[2019.05.16-23.35.24:106][ 60]LogHttp: Warning: 000001E1C4D40540: libcurl info message cache 9 (TLSv1.2 (OUT), TLS alert, Server hello (2):)
[2019.05.16-23.35.24:106][ 60]LogHttp: Warning: 000001E1C4D40540: libcurl info message cache 10 (SSL certificate problem: unable to get local issuer certificate)
[2019.05.16-23.35.24:106][ 60]LogHttp: Warning: 000001E1C4D40540: libcurl info message cache 11 (Closing connection 0)
[2019.05.16-23.35.24:106][ 60]LogHttp: Warning: 000001E1C4D40540: libcurl info message cache 12 (TLSv1.2 (OUT), TLS alert, Client hello (1):)
[2019.05.16-23.35.24:106][ 60]LogHttp: Warning: Retry exhausted on https://datarouter.ol.epicgames.com/datarouter/api/v1/public/data?SessionID=%7BBD208449-4ECB-646F-6693-CEA91793CA26%7D&AppID=UEEditor.Rocket.Release&AppVersion=4.21.2-4753647%2B%2B%2BUE4%2BRelease-4.21&UserID=46b7a04d48bcfbd620fb72999b1c2bbc%7C3a0e0b93a9c848319a59e694908b068a%7Cbf0a1422-4b76-4de0-b510-c1a22b395f66&AppEnvironment=datacollector-binary&UploadType=eteventstream
[2019.05.16-23.37.24:662][420]LogHttp: Warning: 000001E1C4D39800: request failed, libcurl error: 60 (Peer certificate cannot be authenticated with given CA certificates)
[2019.05.16-23.37.24:662][420]LogHttp: Warning: 000001E1C4D39800: libcurl info message cache 0 (Hostname in DNS cache was stale, zapped)
[2019.05.16-23.37.24:662][420]LogHttp: Warning: 000001E1C4D39800: libcurl info message cache 1 (  Trying 34.194.131.148...)
[2019.05.16-23.37.24:662][420]LogHttp: Warning: 000001E1C4D39800: libcurl info message cache 2 (TCP_NODELAY set)
[2019.05.16-23.37.24:662][420]LogHttp: Warning: 000001E1C4D39800: libcurl info message cache 3 (Connected to datarouter.ol.epicgames.com (34.194.131.148) port 443 (#1))
[2019.05.16-23.37.24:662][420]LogHttp: Warning: 000001E1C4D39800: libcurl info message cache 4 (ALPN, offering http/1.1)
[2019.05.16-23.37.24:662][420]LogHttp: Warning: 000001E1C4D39800: libcurl info message cache 5 (Cipher selection: ALL:!EXPORT:!EXPORT40:!EXPORT56:!aNULL:!LOW:!RC4:@STRENGTH)
[2019.05.16-23.37.24:662][420]LogHttp: Warning: 000001E1C4D39800: libcurl info message cache 6 (TLSv1.2 (OUT), TLS header, Certificate Status (22):)
[2019.05.16-23.37.24:662][420]LogHttp: Warning: 000001E1C4D39800: libcurl info message cache 7 (TLSv1.2 (OUT), TLS handshake, Client hello (1):)
[2019.05.16-23.37.24:662][420]LogHttp: Warning: 000001E1C4D39800: libcurl info message cache 8 (TLSv1.2 (IN), TLS handshake, Server hello (2):)
[2019.05.16-23.37.24:662][420]LogHttp: Warning: 000001E1C4D39800: libcurl info message cache 9 (TLSv1.2 (IN), TLS handshake, Certificate (11):)
[2019.05.16-23.37.24:662][420]LogHttp: Warning: 000001E1C4D39800: libcurl info message cache 10 (TLSv1.2 (OUT), TLS alert, Server hello (2):)
[2019.05.16-23.37.24:662][420]LogHttp: Warning: 000001E1C4D39800: libcurl info message cache 11 (SSL certificate problem: unable to get local issuer certificate)
[2019.05.16-23.37.24:662][420]LogHttp: Warning: 000001E1C4D39800: libcurl info message cache 12 (Closing connection 1)
[2019.05.16-23.37.24:662][420]LogHttp: Warning: 000001E1C4D39800: libcurl info message cache 13 (TLSv1.2 (OUT), TLS alert, Client hello (1):)
[2019.05.16-23.37.24:662][420]LogHttp: Warning: Retry exhausted on https://datarouter.ol.epicgames.com/datarouter/api/v1/public/data?SessionID=%7BBD208449-4ECB-646F-6693-CEA91793CA26%7D&AppID=UEEditor.Rocket.Release&AppVersion=4.21.2-4753647%2B%2B%2BUE4%2BRelease-4.21&UserID=46b7a04d48bcfbd620fb72999b1c2bbc%7C3a0e0b93a9c848319a59e694908b068a%7Cbf0a1422-4b76-4de0-b510-c1a22b395f66&AppEnvironment=datacollector-binary&UploadType=eteventstream
[2019.05.16-23.37.46:994][685]LogEditorViewport: Clicking on Actor (LMB): StaticMeshActor (post_Cylinder9)
[2019.05.16-23.37.47:741][726]Cmd: CAMERA ALIGN ACTIVEVIEWPORTONLY
[2019.05.16-23.39.24:784][548]LogHttp: Warning: 000001E1C4D3AFC0: request failed, libcurl error: 60 (Peer certificate cannot be authenticated with given CA certificates)
[2019.05.16-23.39.24:784][548]LogHttp: Warning: 000001E1C4D3AFC0: libcurl info message cache 0 (Hostname in DNS cache was stale, zapped)
[2019.05.16-23.39.24:784][548]LogHttp: Warning: 000001E1C4D3AFC0: libcurl info message cache 1 (  Trying 34.206.165.152...)
[2019.05.16-23.39.24:784][548]LogHttp: Warning: 000001E1C4D3AFC0: libcurl info message cache 2 (TCP_NODELAY set)
[2019.05.16-23.39.24:784][548]LogHttp: Warning: 000001E1C4D3AFC0: libcurl info message cache 3 (Connected to datarouter.ol.epicgames.com (34.206.165.152) port 443 (#2))
[2019.05.16-23.39.24:784][548]LogHttp: Warning: 000001E1C4D3AFC0: libcurl info message cache 4 (ALPN, offering http/1.1)
[2019.05.16-23.39.24:784][548]LogHttp: Warning: 000001E1C4D3AFC0: libcurl info message cache 5 (Cipher selection: ALL:!EXPORT:!EXPORT40:!EXPORT56:!aNULL:!LOW:!RC4:@STRENGTH)
[2019.05.16-23.39.24:784][548]LogHttp: Warning: 000001E1C4D3AFC0: libcurl info message cache 6 (TLSv1.2 (OUT), TLS header, Certificate Status (22):)
[2019.05.16-23.39.24:784][548]LogHttp: Warning: 000001E1C4D3AFC0: libcurl info message cache 7 (TLSv1.2 (OUT), TLS handshake, Client hello (1):)
[2019.05.16-23.39.24:784][548]LogHttp: Warning: 000001E1C4D3AFC0: libcurl info message cache 8 (TLSv1.2 (IN), TLS handshake, Server hello (2):)
[2019.05.16-23.39.24:784][548]LogHttp: Warning: 000001E1C4D3AFC0: libcurl info message cache 9 (TLSv1.2 (IN), TLS handshake, Certificate (11):)
[2019.05.16-23.39.24:784][548]LogHttp: Warning: 000001E1C4D3AFC0: libcurl info message cache 10 (TLSv1.2 (OUT), TLS alert, Server hello (2):)
[2019.05.16-23.39.24:784][548]LogHttp: Warning: 000001E1C4D3AFC0: libcurl info message cache 11 (SSL certificate problem: unable to get local issuer certificate)
[2019.05.16-23.39.24:784][548]LogHttp: Warning: 000001E1C4D3AFC0: libcurl info message cache 12 (Closing connection 2)
[2019.05.16-23.39.24:784][548]LogHttp: Warning: 000001E1C4D3AFC0: libcurl info message cache 13 (TLSv1.2 (OUT), TLS alert, Client hello (1):)
[2019.05.16-23.39.24:784][548]LogHttp: Warning: Retry exhausted on https://datarouter.ol.epicgames.com/datarouter/api/v1/public/data?SessionID=%7BBD208449-4ECB-646F-6693-CEA91793CA26%7D&AppID=UEEditor.Rocket.Release&AppVersion=4.21.2-4753647%2B%2B%2BUE4%2BRelease-4.21&UserID=46b7a04d48bcfbd620fb72999b1c2bbc%7C3a0e0b93a9c848319a59e694908b068a%7Cbf0a1422-4b76-4de0-b510-c1a22b395f66&AppEnvironment=datacollector-binary&UploadType=eteventstream
[2019.05.16-23.41.24:948][757]LogHttp: Warning: 000001E1C4D3AFC0: request failed, libcurl error: 60 (Peer certificate cannot be authenticated with given CA certificates)
[2019.05.16-23.41.24:948][757]LogHttp: Warning: 000001E1C4D3AFC0: libcurl info message cache 0 (Hostname in DNS cache was stale, zapped)
[2019.05.16-23.41.24:949][757]LogHttp: Warning: 000001E1C4D3AFC0: libcurl info message cache 1 (  Trying 52.87.134.163...)
[2019.05.16-23.41.24:949][757]LogHttp: Warning: 000001E1C4D3AFC0: libcurl info message cache 2 (TCP_NODELAY set)
[2019.05.16-23.41.24:949][757]LogHttp: Warning: 000001E1C4D3AFC0: libcurl info message cache 3 (Connected to datarouter.ol.epicgames.com (52.87.134.163) port 443 (#3))
[2019.05.16-23.41.24:949][757]LogHttp: Warning: 000001E1C4D3AFC0: libcurl info message cache 4 (ALPN, offering http/1.1)
[2019.05.16-23.41.24:949][757]LogHttp: Warning: 000001E1C4D3AFC0: libcurl info message cache 5 (Cipher selection: ALL:!EXPORT:!EXPORT40:!EXPORT56:!aNULL:!LOW:!RC4:@STRENGTH)
[2019.05.16-23.41.24:949][757]LogHttp: Warning: 000001E1C4D3AFC0: libcurl info message cache 6 (TLSv1.2 (OUT), TLS header, Certificate Status (22):)
[2019.05.16-23.41.24:949][757]LogHttp: Warning: 000001E1C4D3AFC0: libcurl info message cache 7 (TLSv1.2 (OUT), TLS handshake, Client hello (1):)
[2019.05.16-23.41.24:949][757]LogHttp: Warning: 000001E1C4D3AFC0: libcurl info message cache 8 (TLSv1.2 (IN), TLS handshake, Server hello (2):)
[2019.05.16-23.41.24:949][757]LogHttp: Warning: 000001E1C4D3AFC0: libcurl info message cache 9 (TLSv1.2 (IN), TLS handshake, Certificate (11):)
[2019.05.16-23.41.24:949][757]LogHttp: Warning: 000001E1C4D3AFC0: libcurl info message cache 10 (TLSv1.2 (OUT), TLS alert, Server hello (2):)
[2019.05.16-23.41.24:949][757]LogHttp: Warning: 000001E1C4D3AFC0: libcurl info message cache 11 (SSL certificate problem: unable to get local issuer certificate)
[2019.05.16-23.41.24:949][757]LogHttp: Warning: 000001E1C4D3AFC0: libcurl info message cache 12 (Closing connection 3)
[2019.05.16-23.41.24:949][757]LogHttp: Warning: 000001E1C4D3AFC0: libcurl info message cache 13 (TLSv1.2 (OUT), TLS alert, Client hello (1):)
[2019.05.16-23.41.24:964][758]LogHttp: Warning: Retry exhausted on https://datarouter.ol.epicgames.com/datarouter/api/v1/public/data?SessionID=%7BBD208449-4ECB-646F-6693-CEA91793CA26%7D&AppID=UEEditor.Rocket.Release&AppVersion=4.21.2-4753647%2B%2B%2BUE4%2BRelease-4.21&UserID=46b7a04d48bcfbd620fb72999b1c2bbc%7C3a0e0b93a9c848319a59e694908b068a%7Cbf0a1422-4b76-4de0-b510-c1a22b395f66&AppEnvironment=datacollector-binary&UploadType=eteventstream
[2019.05.16-23.43.21:814][768]LeapMotionLog: Error: LeapServiceError: [DShow] The device has been unplugged
[2019.05.16-23.43.21:814][768]LeapMotionLog: Error: LeapServiceError: [DShow] The device has been unplugged
[2019.05.16-23.43.21:905][773]LeapMotionLog: LeapServiceLog: Leap Motion Controller disconnected: S323A047707
[2019.05.16-23.43.21:905][773]LeapMotionLog: Warning: OnDeviceLost S323A047707.
[2019.05.16-23.43.25:097][965]LogHttp: Warning: 000001E1C4D43EC0: request failed, libcurl error: 60 (Peer certificate cannot be authenticated with given CA certificates)
[2019.05.16-23.43.25:098][965]LogHttp: Warning: 000001E1C4D43EC0: libcurl info message cache 0 (Hostname in DNS cache was stale, zapped)
[2019.05.16-23.43.25:098][965]LogHttp: Warning: 000001E1C4D43EC0: libcurl info message cache 1 (  Trying 54.165.171.83...)
[2019.05.16-23.43.25:098][965]LogHttp: Warning: 000001E1C4D43EC0: libcurl info message cache 2 (TCP_NODELAY set)
[2019.05.16-23.43.25:098][965]LogHttp: Warning: 000001E1C4D43EC0: libcurl info message cache 3 (Connected to datarouter.ol.epicgames.com (54.165.171.83) port 443 (#4))
[2019.05.16-23.43.25:098][965]LogHttp: Warning: 000001E1C4D43EC0: libcurl info message cache 4 (ALPN, offering http/1.1)
[2019.05.16-23.43.25:098][965]LogHttp: Warning: 000001E1C4D43EC0: libcurl info message cache 5 (Cipher selection: ALL:!EXPORT:!EXPORT40:!EXPORT56:!aNULL:!LOW:!RC4:@STRENGTH)
[2019.05.16-23.43.25:098][965]LogHttp: Warning: 000001E1C4D43EC0: libcurl info message cache 6 (TLSv1.2 (OUT), TLS header, Certificate Status (22):)
[2019.05.16-23.43.25:098][965]LogHttp: Warning: 000001E1C4D43EC0: libcurl info message cache 7 (TLSv1.2 (OUT), TLS handshake, Client hello (1):)
[2019.05.16-23.43.25:098][965]LogHttp: Warning: 000001E1C4D43EC0: libcurl info message cache 8 (TLSv1.2 (IN), TLS handshake, Server hello (2):)
[2019.05.16-23.43.25:098][965]LogHttp: Warning: 000001E1C4D43EC0: libcurl info message cache 9 (TLSv1.2 (IN), TLS handshake, Certificate (11):)
[2019.05.16-23.43.25:098][965]LogHttp: Warning: 000001E1C4D43EC0: libcurl info message cache 10 (TLSv1.2 (OUT), TLS alert, Server hello (2):)
[2019.05.16-23.43.25:098][965]LogHttp: Warning: 000001E1C4D43EC0: libcurl info message cache 11 (SSL certificate problem: unable to get local issuer certificate)
[2019.05.16-23.43.25:098][965]LogHttp: Warning: 000001E1C4D43EC0: libcurl info message cache 12 (Closing connection 4)
[2019.05.16-23.43.25:098][965]LogHttp: Warning: 000001E1C4D43EC0: libcurl info message cache 13 (TLSv1.2 (OUT), TLS alert, Client hello (1):)
[2019.05.16-23.43.25:115][966]LogHttp: Warning: Retry exhausted on https://datarouter.ol.epicgames.com/datarouter/api/v1/public/data?SessionID=%7BBD208449-4ECB-646F-6693-CEA91793CA26%7D&AppID=UEEditor.Rocket.Release&AppVersion=4.21.2-4753647%2B%2B%2BUE4%2BRelease-4.21&UserID=46b7a04d48bcfbd620fb72999b1c2bbc%7C3a0e0b93a9c848319a59e694908b068a%7Cbf0a1422-4b76-4de0-b510-c1a22b395f66&AppEnvironment=datacollector-binary&UploadType=eteventstream
[2019.05.16-23.43.33:916][491]LogAudio: Warning: Current Audio Device with ID {0.0.0.00000000}.{b20e09d8-775b-4841-88c8-beda0f32607f} was removed. Shutting down audio device.
[2019.05.16-23.43.33:916][491]LogInit: XAudio2 using 'Altavoces (Realtek High Definition Audio(SST))' : 2 channels at 48 kHz using 32 bits per sample (channel mask 0x3)
[2019.05.16-23.44.19:734][899]LogSlate: Took 0.000207 seconds to synchronously load lazily loaded font '../../../Engine/Content/Slate/Fonts/Roboto-Light.ttf' (167K)
[2019.05.16-23.44.32:241][ 89]LogD3D11RHI: Error: Result failed 
 at D:\Build\++UE4\Sync\Engine\Source\Runtime\Windows\D3D11RHI\Private\D3D11Query.cpp:140 
 with error DXGI_ERROR_DEVICE_REMOVED DXGI_ERROR_DEVICE_HUNG
[2019.05.16-23.44.32:242][ 89]LogD3D11RHI: [Aftermath] GDynamicRHI=000001E1B27BC140, GDX11NVAfterMathEnabled=0, Result=0xFFFFFFFF, bDeviceActive=0
[2019.05.16-23.44.32:242][ 89]LogWindows: Windows GetLastError: La operación se completó correctamente. (0)
[2019.05.16-23.44.33:467][ 89]LogRHI: Error: SyncInterval 0
[2019.05.16-23.44.33:467][ 89]LogRHI: Error: SwapChainDesc.BufferDesc.Width 1938
[2019.05.16-23.44.33:467][ 89]LogRHI: Error: SwapChainDesc.BufferDesc.Height 1048
[2019.05.16-23.44.33:467][ 89]LogRHI: Error: SwapChainDesc.BufferDesc.RefreshRate.Numerator 0
[2019.05.16-23.44.33:467][ 89]LogRHI: Error: SwapChainDesc.BufferDesc.RefreshRate.Denominator 0
[2019.05.16-23.44.33:467][ 89]LogRHI: Error: SwapChainDesc.BufferDesc.Format 24
[2019.05.16-23.44.33:467][ 89]LogRHI: Error: SwapChainDesc.BufferDesc.ScanlineOrdering 0
[2019.05.16-23.44.33:467][ 89]LogRHI: Error: SwapChainDesc.BufferDesc.Scaling 0
[2019.05.16-23.44.33:467][ 89]LogRHI: Error: SwapChainDesc.SampleDesc.Count 1
[2019.05.16-23.44.33:467][ 89]LogRHI: Error: SwapChainDesc.SampleDesc.Quality 0
[2019.05.16-23.44.33:467][ 89]LogRHI: Error: SwapChainDesc.BufferUsage 48
[2019.05.16-23.44.33:467][ 89]LogRHI: Error: SwapChainDesc.BufferCount 1
[2019.05.16-23.44.33:467][ 89]LogRHI: Error: SwapChainDesc.OutputWindow 00000000000509A4
[2019.05.16-23.44.33:467][ 89]LogRHI: Error: SwapChainDesc.Windowed true
[2019.05.16-23.44.33:468][ 89]LogRHI: Error: SwapChainDesc.SwapEffect 0
[2019.05.16-23.44.33:468][ 89]LogRHI: Error: SwapChainDesc.Flags 2
[2019.05.16-23.44.33:468][ 89]LogD3D11RHI: Error: Result failed 
 at D:\Build\++UE4\Sync\Engine\Source\Runtime\Windows\D3D11RHI\Private\D3D11Viewport.cpp:361 
 with error DXGI_ERROR_DEVICE_REMOVED DXGI_ERROR_DEVICE_HUNG
[2019.05.16-23.44.33:468][ 89]LogD3D11RHI: [Aftermath] GDynamicRHI=000001E1B27BC140, GDX11NVAfterMathEnabled=0, Result=0xFFFFFFFF, bDeviceActive=0
[2019.05.16-23.44.33:468][ 89]LogWindows: FPlatformMisc::RequestExit(1)
[2019.05.16-23.44.33:476][ 89]Log file closed, 05/16/19 18:44:33
