Log file open, 06/26/19 15:49:55
LogWindows: Failed to load 'aqProf.dll' (GetLastError=126)
LogWindows: File 'aqProf.dll' does not exist
LogWindows: Failed to load 'VtuneApi.dll' (GetLastError=126)
LogWindows: File 'VtuneApi.dll' does not exist
LogWindows: Failed to load 'VtuneApi32e.dll' (GetLastError=126)
LogWindows: File 'VtuneApi32e.dll' does not exist
LogConsoleResponse: Display: Failed to find resolution value strings in scalability ini. Falling back to default.
LogInit: Display: Running engine for game: CFE_LeapMotion
LogPakFile: Registered encryption key '00000000000000000000000000000000': 0 pak files mounted, 0 remain pending
LogPlatformFile: Not using cached read wrapper
LogTaskGraph: Started task graph with 5 named threads and 14 total threads with 3 sets of task threads.
LogStats: Stats thread started at 0.283690
LogD3D11RHI: Loaded GFSDK_Aftermath_Lib.x64.dll
LogICUInternationalization: ICU TimeZone Detection - Raw Offset: -6:00, Platform Override: ''
LogPluginManager: Mounting plugin Paper2D
LogPluginManager: Mounting plugin AISupport
LogPluginManager: Mounting plugin LightPropagationVolume
LogPluginManager: Mounting plugin ActorLayerUtilities
LogPluginManager: Mounting plugin CLionSourceCodeAccess
LogPluginManager: Mounting plugin CodeLiteSourceCodeAccess
LogPluginManager: Mounting plugin GitSourceControl
LogPluginManager: Mounting plugin KDevelopSourceCodeAccess
LogPluginManager: Mounting plugin NullSourceCodeAccess
LogPluginManager: Mounting plugin PerforceSourceControl
LogPluginManager: Mounting plugin SubversionSourceControl
LogPluginManager: Mounting plugin UObjectPlugin
LogPluginManager: Mounting plugin VisualStudioCodeSourceCodeAccess
LogPluginManager: Mounting plugin VisualStudioSourceCodeAccess
LogPluginManager: Mounting plugin XCodeSourceCodeAccess
LogPluginManager: Mounting plugin AssetManagerEditor
LogPluginManager: Mounting plugin CryptoKeys
LogPluginManager: Mounting plugin DataValidation
LogPluginManager: Mounting plugin FacialAnimation
LogPluginManager: Mounting plugin GameplayTagsEditor
LogPluginManager: Mounting plugin MacGraphicsSwitching
LogPluginManager: Mounting plugin MeshEditor
LogPluginManager: Mounting plugin MobileLauncherProfileWizard
LogPluginManager: Mounting plugin PluginBrowser
LogPluginManager: Mounting plugin SpeedTreeImporter
LogPluginManager: Mounting plugin DatasmithContent
LogPluginManager: Mounting plugin VariantManagerContent
LogPluginManager: Mounting plugin AlembicImporter
LogPluginManager: Mounting plugin AppleImageUtils
LogPluginManager: Mounting plugin AppleVision
LogPluginManager: Mounting plugin BackChannel
LogPluginManager: Mounting plugin CharacterAI
LogPluginManager: Mounting plugin GeometryCache
LogPluginManager: Mounting plugin HTML5Networking
LogPluginManager: Mounting plugin ProxyLODPlugin
LogPluginManager: Mounting plugin MagicLeap
LogPluginManager: Mounting plugin MagicLeapMedia
LogPluginManager: Mounting plugin AndroidMedia
LogPluginManager: Mounting plugin AvfMedia
LogPluginManager: Mounting plugin ImgMedia
LogPluginManager: Mounting plugin LinearTimecode
LogPluginManager: Mounting plugin MediaCompositing
LogPluginManager: Mounting plugin MediaPlayerEditor
LogPluginManager: Mounting plugin WebMMedia
LogPluginManager: Mounting plugin WmfMedia
LogPluginManager: Mounting plugin TcpMessaging
LogPluginManager: Mounting plugin UdpMessaging
LogPluginManager: Mounting plugin ActorSequence
LogPluginManager: Mounting plugin LevelSequenceEditor
LogPluginManager: Mounting plugin MatineeToLevelSequence
LogPluginManager: Mounting plugin NetcodeUnitTest
LogPluginManager: Mounting plugin NUTUnrealEngine4
LogPluginManager: Mounting plugin OnlineSubsystemGooglePlay
LogPluginManager: Mounting plugin OnlineSubsystemIOS
LogPluginManager: Mounting plugin OnlineSubsystem
LogPluginManager: Mounting plugin OnlineSubsystemNull
LogPluginManager: Mounting plugin OnlineSubsystemUtils
LogPluginManager: Mounting plugin LauncherChunkInstaller
LogPluginManager: Mounting plugin AndroidDeviceProfileSelector
LogPluginManager: Mounting plugin AndroidMoviePlayer
LogPluginManager: Mounting plugin AndroidPermission
LogPluginManager: Mounting plugin AppleMoviePlayer
LogPluginManager: Mounting plugin ArchVisCharacter
LogPluginManager: Mounting plugin AudioCapture
LogPluginManager: Mounting plugin CableComponent
LogPluginManager: Mounting plugin CustomMeshComponent
LogPluginManager: Mounting plugin EditableMesh
LogPluginManager: Mounting plugin ExampleDeviceProfileSelector
LogPluginManager: Mounting plugin Firebase
LogPluginManager: Mounting plugin GoogleCloudMessaging
LogPluginManager: Mounting plugin IOSDeviceProfileSelector
LogPluginManager: Mounting plugin LeapMotion
LogPluginManager: Mounting plugin LinuxDeviceProfileSelector
LogPluginManager: Mounting plugin LocationServicesBPLibrary
LogPluginManager: Mounting plugin MobilePatchingUtils
LogPluginManager: Mounting plugin OculusVR
LogPluginManager: Mounting plugin PhysXVehicles
LogPluginManager: Mounting plugin ProceduralMeshComponent
LogPluginManager: Mounting plugin RuntimePhysXCooking
LogPluginManager: Mounting plugin SteamVR
LogPluginManager: Mounting plugin WebMMoviePlayer
LogPluginManager: Mounting plugin WindowsMoviePlayer
LogPluginManager: Mounting plugin UE4Duino
LogStreaming: Display: Took  0.222s to configure plugins.
LogInit: Using libcurl 7.55.1-DEV
LogInit:  - built for x86_64-pc-win32
LogInit:  - supports SSL with OpenSSL/1.0.2h
LogInit:  - supports HTTP deflate (compression) using libz 1.2.8
LogInit:  - other features:
LogInit:      CURL_VERSION_SSL
LogInit:      CURL_VERSION_LIBZ
LogInit:      CURL_VERSION_IPV6
LogInit:      CURL_VERSION_ASYNCHDNS
LogInit:      CURL_VERSION_LARGEFILE
LogInit:      CURL_VERSION_IDN
LogInit:  CurlRequestOptions (configurable via config and command line):
LogInit:  - bVerifyPeer = true  - Libcurl will verify peer certificate
LogInit:  - bUseHttpProxy = false  - Libcurl will NOT use HTTP proxy
LogInit:  - bDontReuseConnections = false  - Libcurl will reuse connections
LogInit:  - MaxHostConnections = 16  - Libcurl will limit the number of connections to a host
LogInit:  - LocalHostAddr = Default
LogInit:  - BufferSize = 65536
LogInit: WinSock: version 1.1 (2.2), MaxSocks=32767, MaxUdp=65467
LogInit: Build: ++UE4+Release-4.21-CL-4753647
LogInit: Engine Version: 4.21.2-4753647+++UE4+Release-4.21
LogInit: Compatible Engine Version: 4.21.0-4541578+++UE4+Release-4.21
LogInit: Net CL: 4541578
LogInit: OS: Windows 10 (), CPU: AMD A10-8700P Radeon R6, 10 Compute Cores 4C+6G, GPU: AMD Radeon(TM) R6 Graphics
LogInit: Compiled (64-bit): Jan 19 2019 02:07:31
LogInit: Compiled with Visual C++: 19.13.26129.00
LogInit: Build Configuration: Development
LogInit: Branch Name: ++UE4+Release-4.21
LogInit: Command Line: 
LogInit: Base Directory: C:/Program Files/Epic Games/UE_4.21/Engine/Binaries/Win64/
LogInit: Installed Engine Build: 1
LogDevObjectVersion: Number of dev versions registered: 22
LogDevObjectVersion:   Dev-Blueprints (B0D832E4-1F89-4F0D-ACCF-7EB736FD4AA2): 10
LogDevObjectVersion:   Dev-Build (E1C64328-A22C-4D53-A36C-8E866417BD8C): 0
LogDevObjectVersion:   Dev-Core (375EC13C-06E4-48FB-B500-84F0262A717E): 2
LogDevObjectVersion:   Dev-Editor (E4B068ED-F494-42E9-A231-DA0B2E46BB41): 26
LogDevObjectVersion:   Dev-Framework (CFFC743F-43B0-4480-9391-14DF171D2073): 34
LogDevObjectVersion:   Dev-Mobile (B02B49B5-BB20-44E9-A304-32B752E40360): 2
LogDevObjectVersion:   Dev-Networking (A4E4105C-59A1-49B5-A7C5-40C4547EDFEE): 0
LogDevObjectVersion:   Dev-Online (39C831C9-5AE6-47DC-9A44-9C173E1C8E7C): 0
LogDevObjectVersion:   Dev-Physics (78F01B33-EBEA-4F98-B9B4-84EACCB95AA2): 0
LogDevObjectVersion:   Dev-Platform (6631380F-2D4D-43E0-8009-CF276956A95A): 0
LogDevObjectVersion:   Dev-Rendering (12F88B9F-8875-4AFC-A67C-D90C383ABD29): 27
LogDevObjectVersion:   Dev-Sequencer (7B5AE74C-D270-4C10-A958-57980B212A5A): 9
LogDevObjectVersion:   Dev-VR (D7296918-1DD6-4BDD-9DE2-64A83CC13884): 2
LogDevObjectVersion:   Dev-LoadTimes (C2A15278-BFE7-4AFE-6C17-90FF531DF755): 1
LogDevObjectVersion:   Private-Geometry (6EACA3D4-40EC-4CC1-B786-8BED09428FC5): 3
LogDevObjectVersion:   Dev-AnimPhys (29E575DD-E0A3-4627-9D10-D276232CDCEA): 17
LogDevObjectVersion:   Dev-Anim (AF43A65D-7FD3-4947-9873-3E8ED9C1BB05): 2
LogDevObjectVersion:   Dev-ReflectionCapture (6B266CEC-1EC7-4B8F-A30B-E4D90942FC07): 1
LogDevObjectVersion:   Dev-Automation (0DF73D61-A23F-47EA-B727-89E90C41499A): 1
LogDevObjectVersion:   FortniteMain (601D1886-AC64-4F84-AA16-D3DE0DEAC7D6): 17
LogDevObjectVersion:   Dev-Enterprise (9DFFBCD6-494F-0158-E221-12823C92A888): 4
LogDevObjectVersion:   Dev-Niagara (F2AED0AC-9AFE-416F-8664-AA7FFA26D6FC): 1
LogStreaming: Display: Took  0.010s to delete old logs.
LogInit: Presizing for max 8388607 objects, including 0 objects not considered by GC, pre-allocating 0 bytes for permanent pool.
LogInit: Object subsystem initialized
LogConfig: Setting CVar [[con.DebugEarlyDefault:1]]
LogConfig: Setting CVar [[r.setres:1280x720]]
[2019.06.26-20.49.55:826][  0]LogConfig: Setting CVar [[r.VSync:0]]
[2019.06.26-20.49.55:826][  0]LogConfig: Setting CVar [[r.RHICmdBypass:0]]
[2019.06.26-20.49.55:826][  0]LogConfig: Applying CVar settings from Section [/Script/Engine.RendererSettings] File [C:/Users/Samuel/Documents/GitHub/CFE_RV/CFE_LeapMotion2/Saved/Config/Windows/Engine.ini]
[2019.06.26-20.49.55:826][  0]LogConfig: Setting CVar [[r.GPUCrashDebugging:0]]
[2019.06.26-20.49.55:827][  0]LogConfig: Applying CVar settings from Section [/Script/Engine.RendererOverrideSettings] File [C:/Users/Samuel/Documents/GitHub/CFE_RV/CFE_LeapMotion2/Saved/Config/Windows/Engine.ini]
[2019.06.26-20.49.55:827][  0]LogConfig: Applying CVar settings from Section [/Script/Engine.StreamingSettings] File [C:/Users/Samuel/Documents/GitHub/CFE_RV/CFE_LeapMotion2/Saved/Config/Windows/Engine.ini]
[2019.06.26-20.49.55:827][  0]LogConfig: Setting CVar [[s.MinBulkDataSizeForAsyncLoading:131072]]
[2019.06.26-20.49.55:827][  0]LogConfig: Setting CVar [[s.AsyncLoadingThreadEnabled:0]]
[2019.06.26-20.49.55:827][  0]LogConfig: Setting CVar [[s.EventDrivenLoaderEnabled:1]]
[2019.06.26-20.49.55:827][  0]LogConfig: Setting CVar [[s.WarnIfTimeLimitExceeded:0]]
[2019.06.26-20.49.55:827][  0]LogConfig: Setting CVar [[s.TimeLimitExceededMultiplier:1.5]]
[2019.06.26-20.49.55:827][  0]LogConfig: Setting CVar [[s.TimeLimitExceededMinTime:0.005]]
[2019.06.26-20.49.55:827][  0]LogConfig: Setting CVar [[s.UseBackgroundLevelStreaming:1]]
[2019.06.26-20.49.55:827][  0]LogConfig: Setting CVar [[s.PriorityAsyncLoadingExtraTime:15.0]]
[2019.06.26-20.49.55:827][  0]LogConfig: Setting CVar [[s.LevelStreamingActorsUpdateTimeLimit:5.0]]
[2019.06.26-20.49.55:827][  0]LogConfig: Setting CVar [[s.PriorityLevelStreamingActorsUpdateExtraTime:5.0]]
[2019.06.26-20.49.55:827][  0]LogConfig: Setting CVar [[s.LevelStreamingComponentsRegistrationGranularity:10]]
[2019.06.26-20.49.55:827][  0]LogConfig: Setting CVar [[s.UnregisterComponentsTimeLimit:1.0]]
[2019.06.26-20.49.55:827][  0]LogConfig: Setting CVar [[s.LevelStreamingComponentsUnregistrationGranularity:5]]
[2019.06.26-20.49.55:827][  0]LogConfig: Applying CVar settings from Section [/Script/Engine.GarbageCollectionSettings] File [C:/Users/Samuel/Documents/GitHub/CFE_RV/CFE_LeapMotion2/Saved/Config/Windows/Engine.ini]
[2019.06.26-20.49.55:827][  0]LogConfig: Setting CVar [[gc.MaxObjectsNotConsideredByGC:1]]
[2019.06.26-20.49.55:827][  0]LogConfig: Setting CVar [[gc.SizeOfPermanentObjectPool:0]]
[2019.06.26-20.49.55:827][  0]LogConfig: Setting CVar [[gc.FlushStreamingOnGC:0]]
[2019.06.26-20.49.55:827][  0]LogConfig: Setting CVar [[gc.NumRetriesBeforeForcingGC:10]]
[2019.06.26-20.49.55:827][  0]LogConfig: Setting CVar [[gc.AllowParallelGC:1]]
[2019.06.26-20.49.55:827][  0]LogConfig: Setting CVar [[gc.TimeBetweenPurgingPendingKillObjects:61.1]]
[2019.06.26-20.49.55:827][  0]LogConfig: Setting CVar [[gc.MaxObjectsInEditor:8388607]]
[2019.06.26-20.49.55:827][  0]LogConfig: Setting CVar [[gc.IncrementalBeginDestroyEnabled:1]]
[2019.06.26-20.49.55:827][  0]LogConfig: Setting CVar [[gc.CreateGCClusters:1]]
[2019.06.26-20.49.55:827][  0]LogConfig: Setting CVar [[gc.MergeGCClusters:0]]
[2019.06.26-20.49.55:827][  0]LogConfig: Setting CVar [[gc.MinGCClusterSize:5]]
[2019.06.26-20.49.55:827][  0]LogConfig: Setting CVar [[gc.ActorClusteringEnabled:0]]
[2019.06.26-20.49.55:827][  0]LogConfig: Setting CVar [[gc.BlueprintClusteringEnabled:0]]
[2019.06.26-20.49.55:827][  0]LogConfig: Setting CVar [[gc.UseDisregardForGCOnDedicatedServers:0]]
[2019.06.26-20.49.55:827][  0]LogConfig: Applying CVar settings from Section [/Script/Engine.NetworkSettings] File [C:/Users/Samuel/Documents/GitHub/CFE_RV/CFE_LeapMotion2/Saved/Config/Windows/Engine.ini]
[2019.06.26-20.49.55:827][  0]LogConfig: Applying CVar settings from Section [/Script/UnrealEd.CookerSettings] File [C:/Users/Samuel/Documents/GitHub/CFE_RV/CFE_LeapMotion2/Saved/Config/Windows/Engine.ini]
[2019.06.26-20.49.55:833][  0]LogConfig: Applying CVar settings from Section [ViewDistanceQuality@3] File [C:/Users/Samuel/Documents/GitHub/CFE_RV/CFE_LeapMotion2/Saved/Config/Windows/Scalability.ini]
[2019.06.26-20.49.55:833][  0]LogConfig: Setting CVar [[r.SkeletalMeshLODBias:0]]
[2019.06.26-20.49.55:833][  0]LogConfig: Setting CVar [[r.ViewDistanceScale:1.0]]
[2019.06.26-20.49.55:833][  0]LogConfig: Applying CVar settings from Section [AntiAliasingQuality@3] File [C:/Users/Samuel/Documents/GitHub/CFE_RV/CFE_LeapMotion2/Saved/Config/Windows/Scalability.ini]
[2019.06.26-20.49.55:833][  0]LogConfig: Setting CVar [[r.PostProcessAAQuality:4]]
[2019.06.26-20.49.55:833][  0]LogConfig: Applying CVar settings from Section [ShadowQuality@3] File [C:/Users/Samuel/Documents/GitHub/CFE_RV/CFE_LeapMotion2/Saved/Config/Windows/Scalability.ini]
[2019.06.26-20.49.55:833][  0]LogConfig: Setting CVar [[r.LightFunctionQuality:1]]
[2019.06.26-20.49.55:833][  0]LogConfig: Setting CVar [[r.ShadowQuality:5]]
[2019.06.26-20.49.55:833][  0]LogConfig: Setting CVar [[r.Shadow.CSM.MaxCascades:10]]
[2019.06.26-20.49.55:833][  0]LogConfig: Setting CVar [[r.Shadow.MaxResolution:2048]]
[2019.06.26-20.49.55:833][  0]LogConfig: Setting CVar [[r.Shadow.MaxCSMResolution:2048]]
[2019.06.26-20.49.55:833][  0]LogConfig: Setting CVar [[r.Shadow.RadiusThreshold:0.01]]
[2019.06.26-20.49.55:833][  0]LogConfig: Setting CVar [[r.Shadow.DistanceScale:1.0]]
[2019.06.26-20.49.55:833][  0]LogConfig: Setting CVar [[r.Shadow.CSM.TransitionScale:1.0]]
[2019.06.26-20.49.55:833][  0]LogConfig: Setting CVar [[r.Shadow.PreShadowResolutionFactor:1.0]]
[2019.06.26-20.49.55:833][  0]LogConfig: Setting CVar [[r.DistanceFieldShadowing:1]]
[2019.06.26-20.49.55:833][  0]LogConfig: Setting CVar [[r.DistanceFieldAO:1]]
[2019.06.26-20.49.55:833][  0]LogConfig: Setting CVar [[r.AOQuality:2]]
[2019.06.26-20.49.55:833][  0]LogConfig: Setting CVar [[r.VolumetricFog:1]]
[2019.06.26-20.49.55:833][  0]LogConfig: Setting CVar [[r.VolumetricFog.GridPixelSize:8]]
[2019.06.26-20.49.55:833][  0]LogConfig: Setting CVar [[r.VolumetricFog.GridSizeZ:128]]
[2019.06.26-20.49.55:833][  0]LogConfig: Setting CVar [[r.VolumetricFog.HistoryMissSupersampleCount:4]]
[2019.06.26-20.49.55:833][  0]LogConfig: Setting CVar [[r.LightMaxDrawDistanceScale:1]]
[2019.06.26-20.49.55:833][  0]LogConfig: Setting CVar [[r.CapsuleShadows:1]]
[2019.06.26-20.49.55:833][  0]LogConfig: Applying CVar settings from Section [PostProcessQuality@3] File [C:/Users/Samuel/Documents/GitHub/CFE_RV/CFE_LeapMotion2/Saved/Config/Windows/Scalability.ini]
[2019.06.26-20.49.55:833][  0]LogConfig: Setting CVar [[r.MotionBlurQuality:4]]
[2019.06.26-20.49.55:834][  0]LogConfig: Setting CVar [[r.AmbientOcclusionMipLevelFactor:0.4]]
[2019.06.26-20.49.55:834][  0]LogConfig: Setting CVar [[r.AmbientOcclusionMaxQuality:100]]
[2019.06.26-20.49.55:834][  0]LogConfig: Setting CVar [[r.AmbientOcclusionLevels:-1]]
[2019.06.26-20.49.55:834][  0]LogConfig: Setting CVar [[r.AmbientOcclusionRadiusScale:1.0]]
[2019.06.26-20.49.55:834][  0]LogConfig: Setting CVar [[r.DepthOfFieldQuality:2]]
[2019.06.26-20.49.55:834][  0]LogConfig: Setting CVar [[r.RenderTargetPoolMin:400]]
[2019.06.26-20.49.55:834][  0]LogConfig: Setting CVar [[r.LensFlareQuality:2]]
[2019.06.26-20.49.55:834][  0]LogConfig: Setting CVar [[r.SceneColorFringeQuality:1]]
[2019.06.26-20.49.55:834][  0]LogConfig: Setting CVar [[r.EyeAdaptationQuality:2]]
[2019.06.26-20.49.55:834][  0]LogConfig: Setting CVar [[r.BloomQuality:5]]
[2019.06.26-20.49.55:834][  0]LogConfig: Setting CVar [[r.FastBlurThreshold:100]]
[2019.06.26-20.49.55:834][  0]LogConfig: Setting CVar [[r.Upscale.Quality:3]]
[2019.06.26-20.49.55:834][  0]LogConfig: Setting CVar [[r.Tonemapper.GrainQuantization:1]]
[2019.06.26-20.49.55:834][  0]LogConfig: Setting CVar [[r.LightShaftQuality:1]]
[2019.06.26-20.49.55:834][  0]LogConfig: Setting CVar [[r.Filter.SizeScale:1]]
[2019.06.26-20.49.55:834][  0]LogConfig: Setting CVar [[r.Tonemapper.Quality:5]]
[2019.06.26-20.49.55:834][  0]LogConfig: Setting CVar [[r.DOF.Gather.AccumulatorQuality:1        ; higher gathering accumulator quality]]
[2019.06.26-20.49.55:834][  0]LogConfig: Setting CVar [[r.DOF.Gather.PostfilterMethod:1          ; Median3x3 postfilering method]]
[2019.06.26-20.49.55:834][  0]LogConfig: Setting CVar [[r.DOF.Gather.EnableBokehSettings:0       ; no bokeh simulation when gathering]]
[2019.06.26-20.49.55:834][  0]LogConfig: Setting CVar [[r.DOF.Gather.RingCount:4                 ; medium number of samples when gathering]]
[2019.06.26-20.49.55:834][  0]LogConfig: Setting CVar [[r.DOF.Scatter.ForegroundCompositing:1    ; additive foreground scattering]]
[2019.06.26-20.49.55:834][  0]LogConfig: Setting CVar [[r.DOF.Scatter.BackgroundCompositing:2    ; additive background scattering]]
[2019.06.26-20.49.55:834][  0]LogConfig: Setting CVar [[r.DOF.Scatter.EnableBokehSettings:1      ; bokeh simulation when scattering]]
[2019.06.26-20.49.55:834][  0]LogConfig: Setting CVar [[r.DOF.Scatter.MaxSpriteRatio:0.1         ; only a maximum of 10% of scattered bokeh]]
[2019.06.26-20.49.55:834][  0]LogConfig: Setting CVar [[r.DOF.Recombine.Quality:1                ; cheap slight out of focus]]
[2019.06.26-20.49.55:834][  0]LogConfig: Setting CVar [[r.DOF.Recombine.EnableBokehSettings:0    ; no bokeh simulation on slight out of focus]]
[2019.06.26-20.49.55:834][  0]LogConfig: Setting CVar [[r.DOF.TemporalAAQuality:1                ; more stable temporal accumulation]]
[2019.06.26-20.49.55:834][  0]LogConfig: Setting CVar [[r.DOF.Kernel.MaxForegroundRadius:0.025]]
[2019.06.26-20.49.55:834][  0]LogConfig: Setting CVar [[r.DOF.Kernel.MaxBackgroundRadius:0.025]]
[2019.06.26-20.49.55:834][  0]LogConfig: Applying CVar settings from Section [TextureQuality@3] File [C:/Users/Samuel/Documents/GitHub/CFE_RV/CFE_LeapMotion2/Saved/Config/Windows/Scalability.ini]
[2019.06.26-20.49.55:834][  0]LogConfig: Setting CVar [[r.Streaming.MipBias:0]]
[2019.06.26-20.49.55:834][  0]LogConfig: Setting CVar [[r.Streaming.AmortizeCPUToGPUCopy:0]]
[2019.06.26-20.49.55:834][  0]LogConfig: Setting CVar [[r.Streaming.MaxNumTexturesToStreamPerFrame:0]]
[2019.06.26-20.49.55:835][  0]LogConfig: Setting CVar [[r.Streaming.Boost:1]]
[2019.06.26-20.49.55:835][  0]LogConfig: Setting CVar [[r.MaxAnisotropy:8]]
[2019.06.26-20.49.55:835][  0]LogConfig: Setting CVar [[r.Streaming.LimitPoolSizeToVRAM:0]]
[2019.06.26-20.49.55:835][  0]LogConfig: Setting CVar [[r.Streaming.PoolSize:1000]]
[2019.06.26-20.49.55:835][  0]LogConfig: Setting CVar [[r.Streaming.MaxEffectiveScreenSize:0]]
[2019.06.26-20.49.55:835][  0]LogConfig: Applying CVar settings from Section [EffectsQuality@3] File [C:/Users/Samuel/Documents/GitHub/CFE_RV/CFE_LeapMotion2/Saved/Config/Windows/Scalability.ini]
[2019.06.26-20.49.55:835][  0]LogConfig: Setting CVar [[r.TranslucencyLightingVolumeDim:64]]
[2019.06.26-20.49.55:835][  0]LogConfig: Setting CVar [[r.RefractionQuality:2]]
[2019.06.26-20.49.55:835][  0]LogConfig: Setting CVar [[r.SSR.Quality:3]]
[2019.06.26-20.49.55:835][  0]LogConfig: Setting CVar [[r.SceneColorFormat:4]]
[2019.06.26-20.49.55:835][  0]LogConfig: Setting CVar [[r.DetailMode:2]]
[2019.06.26-20.49.55:835][  0]LogConfig: Setting CVar [[r.TranslucencyVolumeBlur:1]]
[2019.06.26-20.49.55:835][  0]LogConfig: Setting CVar [[r.MaterialQualityLevel:1 ; High quality]]
[2019.06.26-20.49.55:835][  0]LogConfig: Setting CVar [[r.SSS.Scale:1]]
[2019.06.26-20.49.55:835][  0]LogConfig: Setting CVar [[r.SSS.SampleSet:2]]
[2019.06.26-20.49.55:835][  0]LogConfig: Setting CVar [[r.SSS.Quality:1]]
[2019.06.26-20.49.55:835][  0]LogConfig: Setting CVar [[r.SSS.HalfRes:1]]
[2019.06.26-20.49.55:835][  0]LogConfig: Setting CVar [[r.EmitterSpawnRateScale:1.0]]
[2019.06.26-20.49.55:835][  0]LogConfig: Setting CVar [[r.ParticleLightQuality:2]]
[2019.06.26-20.49.55:835][  0]LogConfig: Applying CVar settings from Section [FoliageQuality@3] File [C:/Users/Samuel/Documents/GitHub/CFE_RV/CFE_LeapMotion2/Saved/Config/Windows/Scalability.ini]
[2019.06.26-20.49.55:835][  0]LogConfig: Setting CVar [[foliage.DensityScale:1.0]]
[2019.06.26-20.49.55:835][  0]LogConfig: Setting CVar [[grass.DensityScale:1.0]]
[2019.06.26-20.49.55:835][  0]LogInit: Selected Device Profile: [Windows]
[2019.06.26-20.49.55:835][  0]LogInit: Applying CVar settings loaded from the selected device profile: [Windows]
[2019.06.26-20.49.55:865][  0]LogHAL: Display: Platform has ~ 7 GB [7455145984 / 8589934592 / 7], which maps to Smaller [LargestMinGB=32, LargerMinGB=12, DefaultMinGB=8, SmallerMinGB=6, SmallestMinGB=0)
[2019.06.26-20.49.55:865][  0]LogConfig: Setting CVar [[r.Vulkan.UseRealUBs:1]]
[2019.06.26-20.49.55:865][  0]LogInit: Going up to parent DeviceProfile []
[2019.06.26-20.49.55:866][  0]LogConfig: Applying CVar settings from Section [ViewDistanceQuality@1] File [C:/Users/Samuel/Documents/GitHub/CFE_RV/CFE_LeapMotion2/Saved/Config/Windows/Scalability.ini]
[2019.06.26-20.49.55:866][  0]LogConfig: Setting CVar [[r.SkeletalMeshLODBias:1]]
[2019.06.26-20.49.55:866][  0]LogConfig: Setting CVar [[r.ViewDistanceScale:0.6]]
[2019.06.26-20.49.55:866][  0]LogConfig: Applying CVar settings from Section [AntiAliasingQuality@1] File [C:/Users/Samuel/Documents/GitHub/CFE_RV/CFE_LeapMotion2/Saved/Config/Windows/Scalability.ini]
[2019.06.26-20.49.55:866][  0]LogConfig: Setting CVar [[r.PostProcessAAQuality:2]]
[2019.06.26-20.49.55:866][  0]LogConfig: Applying CVar settings from Section [ShadowQuality@1] File [C:/Users/Samuel/Documents/GitHub/CFE_RV/CFE_LeapMotion2/Saved/Config/Windows/Scalability.ini]
[2019.06.26-20.49.55:866][  0]LogConfig: Setting CVar [[r.LightFunctionQuality:1]]
[2019.06.26-20.49.55:866][  0]LogConfig: Setting CVar [[r.ShadowQuality:3]]
[2019.06.26-20.49.55:866][  0]LogConfig: Setting CVar [[r.Shadow.CSM.MaxCascades:1]]
[2019.06.26-20.49.55:866][  0]LogConfig: Setting CVar [[r.Shadow.MaxResolution:1024]]
[2019.06.26-20.49.55:866][  0]LogConfig: Setting CVar [[r.Shadow.MaxCSMResolution:1024]]
[2019.06.26-20.49.55:866][  0]LogConfig: Setting CVar [[r.Shadow.RadiusThreshold:0.05]]
[2019.06.26-20.49.55:866][  0]LogConfig: Setting CVar [[r.Shadow.DistanceScale:0.7]]
[2019.06.26-20.49.55:866][  0]LogConfig: Setting CVar [[r.Shadow.CSM.TransitionScale:0.25]]
[2019.06.26-20.49.55:866][  0]LogConfig: Setting CVar [[r.Shadow.PreShadowResolutionFactor:0.5]]
[2019.06.26-20.49.55:866][  0]LogConfig: Setting CVar [[r.DistanceFieldShadowing:0]]
[2019.06.26-20.49.55:866][  0]LogConfig: Setting CVar [[r.DistanceFieldAO:0]]
[2019.06.26-20.49.55:866][  0]LogConfig: Setting CVar [[r.VolumetricFog:0]]
[2019.06.26-20.49.55:866][  0]LogConfig: Setting CVar [[r.LightMaxDrawDistanceScale:.5]]
[2019.06.26-20.49.55:866][  0]LogConfig: Setting CVar [[r.CapsuleShadows:1]]
[2019.06.26-20.49.55:866][  0]LogConfig: Applying CVar settings from Section [PostProcessQuality@1] File [C:/Users/Samuel/Documents/GitHub/CFE_RV/CFE_LeapMotion2/Saved/Config/Windows/Scalability.ini]
[2019.06.26-20.49.55:866][  0]LogConfig: Setting CVar [[r.MotionBlurQuality:3]]
[2019.06.26-20.49.55:866][  0]LogConfig: Setting CVar [[r.AmbientOcclusionMipLevelFactor:1.0]]
[2019.06.26-20.49.55:866][  0]LogConfig: Setting CVar [[r.AmbientOcclusionMaxQuality:60]]
[2019.06.26-20.49.55:866][  0]LogConfig: Setting CVar [[r.AmbientOcclusionLevels:-1]]
[2019.06.26-20.49.55:866][  0]LogConfig: Setting CVar [[r.AmbientOcclusionRadiusScale:1.5]]
[2019.06.26-20.49.55:866][  0]LogConfig: Setting CVar [[r.DepthOfFieldQuality:1]]
[2019.06.26-20.49.55:866][  0]LogConfig: Setting CVar [[r.RenderTargetPoolMin:350]]
[2019.06.26-20.49.55:866][  0]LogConfig: Setting CVar [[r.LensFlareQuality:0]]
[2019.06.26-20.49.55:866][  0]LogConfig: Setting CVar [[r.SceneColorFringeQuality:0]]
[2019.06.26-20.49.55:866][  0]LogConfig: Setting CVar [[r.EyeAdaptationQuality:0]]
[2019.06.26-20.49.55:866][  0]LogConfig: Setting CVar [[r.BloomQuality:4]]
[2019.06.26-20.49.55:866][  0]LogConfig: Setting CVar [[r.FastBlurThreshold:2]]
[2019.06.26-20.49.55:867][  0]LogConfig: Setting CVar [[r.Upscale.Quality:2]]
[2019.06.26-20.49.55:867][  0]LogConfig: Setting CVar [[r.Tonemapper.GrainQuantization:0]]
[2019.06.26-20.49.55:867][  0]LogConfig: Setting CVar [[r.LightShaftQuality:0]]
[2019.06.26-20.49.55:867][  0]LogConfig: Setting CVar [[r.Filter.SizeScale:0.7]]
[2019.06.26-20.49.55:867][  0]LogConfig: Setting CVar [[r.Tonemapper.Quality:2]]
[2019.06.26-20.49.55:867][  0]LogConfig: Setting CVar [[r.DOF.Gather.AccumulatorQuality:0        ; lower gathering accumulator quality]]
[2019.06.26-20.49.55:867][  0]LogConfig: Setting CVar [[r.DOF.Gather.PostfilterMethod:2          ; Max3x3 postfilering method]]
[2019.06.26-20.49.55:867][  0]LogConfig: Setting CVar [[r.DOF.Gather.EnableBokehSettings:0       ; no bokeh simulation when gathering]]
[2019.06.26-20.49.55:867][  0]LogConfig: Setting CVar [[r.DOF.Gather.RingCount:3                 ; low number of samples when gathering]]
[2019.06.26-20.49.55:867][  0]LogConfig: Setting CVar [[r.DOF.Scatter.ForegroundCompositing:0    ; no foreground scattering]]
[2019.06.26-20.49.55:867][  0]LogConfig: Setting CVar [[r.DOF.Scatter.BackgroundCompositing:0    ; no foreground scattering]]
[2019.06.26-20.49.55:867][  0]LogConfig: Setting CVar [[r.DOF.Recombine.Quality:0                ; no slight out of focus]]
[2019.06.26-20.49.55:867][  0]LogConfig: Setting CVar [[r.DOF.TemporalAAQuality:0                ; faster temporal accumulation]]
[2019.06.26-20.49.55:867][  0]LogConfig: Setting CVar [[r.DOF.Kernel.MaxForegroundRadius:0.006   ; required because low gathering and no scattering and not looking great at 1080p]]
[2019.06.26-20.49.55:867][  0]LogConfig: Setting CVar [[r.DOF.Kernel.MaxBackgroundRadius:0.006   ; required because low gathering and no scattering and not looking great at 1080p]]
[2019.06.26-20.49.55:867][  0]LogConfig: Applying CVar settings from Section [TextureQuality@1] File [C:/Users/Samuel/Documents/GitHub/CFE_RV/CFE_LeapMotion2/Saved/Config/Windows/Scalability.ini]
[2019.06.26-20.49.55:867][  0]LogConfig: Setting CVar [[r.Streaming.MipBias:1]]
[2019.06.26-20.49.55:867][  0]LogConfig: Setting CVar [[r.Streaming.AmortizeCPUToGPUCopy:0]]
[2019.06.26-20.49.55:867][  0]LogConfig: Setting CVar [[r.Streaming.MaxNumTexturesToStreamPerFrame:0]]
[2019.06.26-20.49.55:867][  0]LogConfig: Setting CVar [[r.Streaming.Boost:1]]
[2019.06.26-20.49.55:867][  0]LogConfig: Setting CVar [[r.MaxAnisotropy:2]]
[2019.06.26-20.49.55:867][  0]LogConfig: Setting CVar [[r.Streaming.LimitPoolSizeToVRAM:1]]
[2019.06.26-20.49.55:867][  0]LogConfig: Setting CVar [[r.Streaming.PoolSize:600]]
[2019.06.26-20.49.55:867][  0]LogConfig: Setting CVar [[r.Streaming.MaxEffectiveScreenSize:0]]
[2019.06.26-20.49.55:867][  0]LogConfig: Applying CVar settings from Section [EffectsQuality@1] File [C:/Users/Samuel/Documents/GitHub/CFE_RV/CFE_LeapMotion2/Saved/Config/Windows/Scalability.ini]
[2019.06.26-20.49.55:867][  0]LogConfig: Setting CVar [[r.TranslucencyLightingVolumeDim:32]]
[2019.06.26-20.49.55:867][  0]LogConfig: Setting CVar [[r.RefractionQuality:0]]
[2019.06.26-20.49.55:867][  0]LogConfig: Setting CVar [[r.SSR.Quality:0]]
[2019.06.26-20.49.55:867][  0]LogConfig: Setting CVar [[r.SceneColorFormat:3]]
[2019.06.26-20.49.55:867][  0]LogConfig: Setting CVar [[r.DetailMode:1]]
[2019.06.26-20.49.55:867][  0]LogConfig: Setting CVar [[r.TranslucencyVolumeBlur:0]]
[2019.06.26-20.49.55:867][  0]LogConfig: Setting CVar [[r.MaterialQualityLevel:2 ; Medium quality]]
[2019.06.26-20.49.55:867][  0]LogConfig: Setting CVar [[r.SSS.Scale:0.75]]
[2019.06.26-20.49.55:868][  0]LogConfig: Setting CVar [[r.SSS.SampleSet:0]]
[2019.06.26-20.49.55:868][  0]LogConfig: Setting CVar [[r.SSS.Quality:0]]
[2019.06.26-20.49.55:868][  0]LogConfig: Setting CVar [[r.SSS.HalfRes:1]]
[2019.06.26-20.49.55:868][  0]LogConfig: Setting CVar [[r.EmitterSpawnRateScale:0.25]]
[2019.06.26-20.49.55:868][  0]LogConfig: Setting CVar [[r.ParticleLightQuality:0]]
[2019.06.26-20.49.55:868][  0]LogConfig: Applying CVar settings from Section [FoliageQuality@1] File [C:/Users/Samuel/Documents/GitHub/CFE_RV/CFE_LeapMotion2/Saved/Config/Windows/Scalability.ini]
[2019.06.26-20.49.55:868][  0]LogConfig: Setting CVar [[foliage.DensityScale:0.4]]
[2019.06.26-20.49.55:868][  0]LogConfig: Setting CVar [[grass.DensityScale:0.4]]
[2019.06.26-20.49.55:868][  0]LogConfig: Applying CVar settings from Section [Startup] File [../../../Engine/Config/ConsoleVariables.ini]
[2019.06.26-20.49.55:868][  0]LogConfig: Setting CVar [[net.UseAdaptiveNetUpdateFrequency:0]]
[2019.06.26-20.49.55:868][  0]LogConfig: Applying CVar settings from Section [ConsoleVariables] File [C:/Users/Samuel/Documents/GitHub/CFE_RV/CFE_LeapMotion2/Saved/Config/Windows/Engine.ini]
[2019.06.26-20.49.55:869][  0]LogInit: Computer: DESKTOP-RTM83TK
[2019.06.26-20.49.55:869][  0]LogInit: User: Samuel
[2019.06.26-20.49.55:869][  0]LogInit: CPU Page size=4096, Cores=4
[2019.06.26-20.49.55:869][  0]LogInit: High frequency timer resolution =10.000000 MHz
[2019.06.26-20.49.55:869][  0]LogMemory: Memory total: Physical=6.9GB (7GB approx)
[2019.06.26-20.49.55:870][  0]LogMemory: Platform Memory Stats for Windows
[2019.06.26-20.49.55:870][  0]LogMemory: Process Physical Memory: 107.33 MB used, 107.34 MB peak
[2019.06.26-20.49.55:870][  0]LogMemory: Process Virtual Memory: 97.62 MB used, 97.62 MB peak
[2019.06.26-20.49.55:870][  0]LogMemory: Physical Memory: 2987.92 MB used,  4121.86 MB free, 7109.78 MB total
[2019.06.26-20.49.55:870][  0]LogMemory: Virtual Memory: 4629.48 MB used,  134213096.00 MB free, 134217728.00 MB total
[2019.06.26-20.49.55:915][  0]LogInit: Overriding language with editor language configuration option (en).
[2019.06.26-20.49.55:915][  0]LogInit: Overriding locale with editor locale configuration option (en).
[2019.06.26-20.49.56:652][  0]LogStreaming: Display: Took  0.737s to InitEngineTextLocalization.
[2019.06.26-20.49.56:652][  0]LogInit: Setting process to per monitor DPI aware
[2019.06.26-20.49.56:723][  0]LogSlate: New Slate User Created.  User Index 0, Is Virtual User: 0
[2019.06.26-20.49.56:723][  0]LogSlate: Slate User Registered.  User Index 0, Is Virtual User: 0
[2019.06.26-20.49.57:138][  0]LogHMD: Failed to initialize OpenVR with code 110
[2019.06.26-20.49.57:138][  0]LogD3D11RHI: D3D11 adapters:
[2019.06.26-20.49.57:206][  0]LogD3D11RHI:    0. 'AMD Radeon(TM) R6 Graphics' (Feature Level 11_0)
[2019.06.26-20.49.57:206][  0]LogD3D11RHI:       1012/0/3554 MB DedicatedVideo/DedicatedSystem/SharedSystem, Outputs:1, VendorId:0x1002
[2019.06.26-20.49.57:213][  0]LogD3D11RHI:    1. 'Microsoft Basic Render Driver' (Feature Level 11_0)
[2019.06.26-20.49.57:213][  0]LogD3D11RHI:       0/0/3554 MB DedicatedVideo/DedicatedSystem/SharedSystem, Outputs:0, VendorId:0x1414
[2019.06.26-20.49.57:213][  0]LogD3D11RHI: Chosen D3D11 Adapter: 0
[2019.06.26-20.49.57:226][  0]LogD3D11RHI: Creating new Direct3DDevice
[2019.06.26-20.49.57:228][  0]LogD3D11RHI:     GPU DeviceId: 0x9874 (for the marketing name, search the web for "GPU Device Id")
[2019.06.26-20.49.57:228][  0]LogWindows: EnumDisplayDevices:
[2019.06.26-20.49.57:228][  0]LogWindows:    0. 'AMD Radeon(TM) R6 Graphics' (P:1 D:1)
[2019.06.26-20.49.57:229][  0]LogWindows:    1. 'AMD Radeon(TM) R6 Graphics' (P:0 D:0)
[2019.06.26-20.49.57:229][  0]LogWindows:    2. 'AMD Radeon(TM) R6 Graphics' (P:0 D:0)
[2019.06.26-20.49.57:230][  0]LogWindows: DebugString: FoundDriverCount:3 
[2019.06.26-20.49.57:230][  0]LogD3D11RHI:     Adapter Name: AMD Radeon(TM) R6 Graphics
[2019.06.26-20.49.57:230][  0]LogD3D11RHI:   Driver Version: 15.201.1101.1002 (internal:15.201.1101.1002, unified:15.201.1101.1002)
[2019.06.26-20.49.57:230][  0]LogD3D11RHI:      Driver Date: 8-21-2015
[2019.06.26-20.49.57:230][  0]LogRHI: Texture pool is 708 MB (70% of 1012 MB)
[2019.06.26-20.49.57:454][  0]LogD3D11RHI: Async texture creation enabled
[2019.06.26-20.49.57:487][  0]LogD3D11RHI: GPU Timing Frequency: 27.000000 (Debug: 2 2)
[2019.06.26-20.49.58:384][  0]LogTemp: Display: Loaded TP AllDesktopTargetPlatform
[2019.06.26-20.49.58:414][  0]LogTemp: Display: Loaded TP MacClientTargetPlatform
[2019.06.26-20.49.58:444][  0]LogTemp: Display: Loaded TP MacNoEditorTargetPlatform
[2019.06.26-20.49.58:471][  0]LogTemp: Display: Loaded TP MacServerTargetPlatform
[2019.06.26-20.49.58:501][  0]LogTemp: Display: Loaded TP MacTargetPlatform
[2019.06.26-20.49.58:527][  0]LogTemp: Display: Loaded TP WindowsClientTargetPlatform
[2019.06.26-20.49.58:557][  0]LogTemp: Display: Loaded TP WindowsNoEditorTargetPlatform
[2019.06.26-20.49.58:589][  0]LogTemp: Display: Loaded TP WindowsServerTargetPlatform
[2019.06.26-20.49.58:604][  0]LogTemp: Display: Loaded TP WindowsTargetPlatform
[2019.06.26-20.49.58:747][  0]LogTemp: Display: Loaded TP AndroidTargetPlatform
[2019.06.26-20.49.58:747][  0]LogTemp: Display: Loaded TP AndroidTargetPlatform
[2019.06.26-20.49.58:747][  0]LogTemp: Display: Loaded TP AndroidTargetPlatform
[2019.06.26-20.49.58:747][  0]LogTemp: Display: Loaded TP AndroidTargetPlatform
[2019.06.26-20.49.58:748][  0]LogTemp: Display: Loaded TP AndroidTargetPlatform
[2019.06.26-20.49.58:748][  0]LogTemp: Display: Loaded TP AndroidTargetPlatform
[2019.06.26-20.49.58:748][  0]LogTemp: Display: Loaded TP AndroidTargetPlatform
[2019.06.26-20.49.58:748][  0]LogTemp: Display: Loaded TP AndroidTargetPlatform
[2019.06.26-20.49.58:748][  0]LogTemp: Display: Loaded TP AndroidTargetPlatform
[2019.06.26-20.49.58:748][  0]LogTemp: Display: Loaded TP AndroidTargetPlatform
[2019.06.26-20.49.58:748][  0]LogTemp: Display: Loaded TP AndroidTargetPlatform
[2019.06.26-20.49.58:748][  0]LogTemp: Display: Loaded TP AndroidTargetPlatform
[2019.06.26-20.49.58:748][  0]LogTemp: Display: Loaded TP AndroidTargetPlatform
[2019.06.26-20.49.58:748][  0]LogTemp: Display: Loaded TP AndroidTargetPlatform
[2019.06.26-20.49.58:748][  0]LogTemp: Display: Loaded TP AndroidTargetPlatform
[2019.06.26-20.49.58:748][  0]LogTemp: Display: Loaded TP AndroidTargetPlatform
[2019.06.26-20.49.58:748][  0]LogTemp: Display: Loaded TP AndroidTargetPlatform
[2019.06.26-20.49.58:748][  0]LogTemp: Display: Loaded TP AndroidTargetPlatform
[2019.06.26-20.49.58:751][  0]LogTemp: Display: Loaded TP HTML5TargetPlatform
[2019.06.26-20.49.58:851][  0]LogTemp: Display: Loaded TP IOSTargetPlatform
[2019.06.26-20.49.58:851][  0]LogTemp: Display: Loaded TP IOSTargetPlatform
[2019.06.26-20.49.58:913][  0]LogTemp: Display: Loaded TP TVOSTargetPlatform
[2019.06.26-20.49.58:913][  0]LogTemp: Display: Loaded TP TVOSTargetPlatform
[2019.06.26-20.49.58:943][  0]LogTemp: Display: Loaded TP LinuxClientTargetPlatform
[2019.06.26-20.49.58:975][  0]LogTemp: Display: Loaded TP LinuxNoEditorTargetPlatform
[2019.06.26-20.49.59:006][  0]LogTemp: Display: Loaded TP LinuxServerTargetPlatform
[2019.06.26-20.49.59:041][  0]LogTemp: Display: Loaded TP LinuxTargetPlatform
[2019.06.26-20.49.59:155][  0]LogTemp: Display: Loaded TP LuminTargetPlatform
[2019.06.26-20.49.59:155][  0]LogTemp: Display: Loaded TP LuminTargetPlatform
[2019.06.26-20.49.59:155][  0]LogTargetPlatformManager: Display: Building Assets For Windows
[2019.06.26-20.49.59:286][  0]LogShaderCompilers: Guid format shader working directory is -23 characters bigger than the processId version (../../../../../../Users/Samuel/Documents/GitHub/CFE_RV/CFE_LeapMotion2/Intermediate/Shaders/WorkingDirectory/9508/).
[2019.06.26-20.49.59:286][  0]LogShaderCompilers: Cleaned the shader compiler working directory 'C:/Users/Samuel/AppData/Local/Temp/UnrealShaderWorkingDir/08AE1F7642CBE142F58273B7A811730C/'.
[2019.06.26-20.49.59:291][  0]LogXGEController: Cannot use XGE Controller as Incredibuild is not installed on this machine.
[2019.06.26-20.49.59:291][  0]LogShaderCompilers: Cannot use XGE Shader Compiler as Incredibuild is not installed on this machine.
[2019.06.26-20.49.59:291][  0]LogShaderCompilers: Display: Using Local Shader Compiler.
[2019.06.26-20.50.00:661][  0]LogDerivedDataCache: Display: Max Cache Size: 512 MB
[2019.06.26-20.50.00:788][  0]LogDerivedDataCache: Loaded boot cache 0.13s 71MB C:/Users/Samuel/AppData/Local/UnrealEngine/4.21/DerivedDataCache/Boot.ddc.
[2019.06.26-20.50.00:788][  0]LogDerivedDataCache: Display: Loaded Boot cache: C:/Users/Samuel/AppData/Local/UnrealEngine/4.21/DerivedDataCache/Boot.ddc
[2019.06.26-20.50.00:788][  0]LogDerivedDataCache: FDerivedDataBackendGraph:  Pak pak cache file ../../../../../../Users/Samuel/Documents/GitHub/CFE_RV/CFE_LeapMotion2/DerivedDataCache/DDC.ddp not found, will not use a pak cache.
[2019.06.26-20.50.00:788][  0]LogDerivedDataCache: Unable to find inner node Pak for hierarchical cache Hierarchy.
[2019.06.26-20.50.00:789][  0]LogDerivedDataCache: FDerivedDataBackendGraph:  CompressedPak pak cache file ../../../../../../Users/Samuel/Documents/GitHub/CFE_RV/CFE_LeapMotion2/DerivedDataCache/Compressed.ddp not found, will not use a pak cache.
[2019.06.26-20.50.00:789][  0]LogDerivedDataCache: Unable to find inner node CompressedPak for hierarchical cache Hierarchy.
[2019.06.26-20.50.00:815][  0]LogDerivedDataCache: Display: Pak cache opened for reading ../../../Engine/DerivedDataCache/Compressed.ddp.
[2019.06.26-20.50.00:816][  0]LogDerivedDataCache: FDerivedDataBackendGraph:  EnterprisePak pak cache file ../../../Enterprise/DerivedDataCache/Compressed.ddp not found, will not use a pak cache.
[2019.06.26-20.50.00:816][  0]LogDerivedDataCache: Unable to find inner node EnterprisePak for hierarchical cache Hierarchy.
[2019.06.26-20.50.00:829][  0]LogDerivedDataCache: Using Local data cache path C:/Users/Samuel/AppData/Local/UnrealEngine/Common/DerivedDataCache: Writable
[2019.06.26-20.50.00:829][  0]LogDerivedDataCache: Shared data cache path not found in *engine.ini, will not use an Shared cache.
[2019.06.26-20.50.00:829][  0]LogDerivedDataCache: Unable to find inner node Shared for hierarchical cache Hierarchy.
[2019.06.26-20.50.00:877][  0]LogMaterial: Verifying Global Shaders for PCD3D_SM5
[2019.06.26-20.50.00:879][  0]LogSlate: Using FreeType 2.6.0
[2019.06.26-20.50.00:880][  0]LogSlate: SlateFontServices - WITH_FREETYPE: 1, WITH_HARFBUZZ: 1
[2019.06.26-20.50.01:030][  0]LogAssetRegistry: FAssetRegistry took 0.0469 seconds to start up
[2019.06.26-20.50.01:878][  0]LogInit: Selected Device Profile: [Windows]
[2019.06.26-20.50.02:052][  0]LogSimplygon: Simplygon DLL not present - disabling.
[2019.06.26-20.50.02:061][  0]LogMeshReduction: Using SimplygonSwarm for distributed automatic mesh merging
[2019.06.26-20.50.02:061][  0]LogMeshReduction: Using ProxyLODMeshReduction for automatic mesh merging
[2019.06.26-20.50.02:061][  0]LogMeshReduction: Using QuadricMeshReduction for automatic static mesh reduction
[2019.06.26-20.50.02:061][  0]LogMeshReduction: No automatic skeletal mesh reduction module available
[2019.06.26-20.50.02:260][  0]LogNetVersion: CFE_LeapMotion 1.0.0, NetCL: 4541578, EngineNetVer: 5, GameNetVer: 0 (Checksum: 1837852655)
[2019.06.26-20.50.03:447][  0]LogPackageLocalizationCache: Processed 12 localized package path(s) for 1 prioritized culture(s) in 0.154992 seconds
[2019.06.26-20.50.03:461][  0]LogUObjectArray: 39775 objects as part of root set at end of initial load.
[2019.06.26-20.50.03:461][  0]LogUObjectAllocator: 6914656 out of 0 bytes used by permanent object pool.
[2019.06.26-20.50.03:461][  0]LogUObjectArray: CloseDisregardForGC: 0/0 objects in disregard for GC pool
[2019.06.26-20.50.05:480][  0]LogTcpMessaging: Initializing TcpMessaging bridge
[2019.06.26-20.50.05:499][  0]LogUdpMessaging: Initializing bridge on interface 0.0.0.0:0 to multicast group 230.0.0.1:6666.
[2019.06.26-20.50.06:797][  0]UE4DuinoLog: Warning: UE4Duino: Log Started
[2019.06.26-20.50.06:919][  0]SourceControl: Source control is disabled
[2019.06.26-20.50.09:146][  0]LogAndroidPermission: UAndroidPermissionCallbackProxy::GetInstance
[2019.06.26-20.50.09:271][  0]LogWindows: Failed to load '../../../Engine/Binaries/ThirdParty/LeapMotion/Win64/LeapC.dll' (GetLastError=126)
[2019.06.26-20.50.09:271][  0]LogWindows: File '../../../Engine/Binaries/ThirdParty/LeapMotion/Win64/LeapC.dll' does not exist
[2019.06.26-20.50.09:271][  0]LeapMotionLog: Leap Plugin started v3.3.1
[2019.06.26-20.50.09:280][  0]LogOcInput: OculusInput pre-init called
[2019.06.26-20.50.09:498][  0]LogClass: Warning: ObjectProperty FMappedBoneAnimData::BodyStateSkeleton is not initialized properly
[2019.06.26-20.50.09:498][  0]LogClass: Warning: FBodyStateDeviceConfig::InputType is not initialized properly
[2019.06.26-20.50.09:498][  0]LogClass: Warning: FLeapStats::FrameExtrapolationInMS is not initialized properly
[2019.06.26-20.50.09:498][  0]LogClass: Display: 3 Uninitialized script stuct members found
[2019.06.26-20.50.09:500][  0]LogAutomationTest: Warning: ObjectProperty FMappedBoneAnimData::BodyStateSkeleton is not initialized properly
[2019.06.26-20.50.09:500][  0]LogAutomationTest: Warning: FBodyStateDeviceConfig::InputType is not initialized properly
[2019.06.26-20.50.09:500][  0]LogAutomationTest: Warning: FLeapStats::FrameExtrapolationInMS is not initialized properly
[2019.06.26-20.50.09:506][  0]LogEngine: Initializing Engine...
[2019.06.26-20.50.09:508][  0]LogHMD: Failed to initialize OpenVR with code 110
[2019.06.26-20.50.09:511][  0]LogStats: UGameplayTagsManager::ConstructGameplayTagTree: ImportINI prefixes -  0.000 s
[2019.06.26-20.50.09:511][  0]LogStats: UGameplayTagsManager::ConstructGameplayTagTree: Construct from data asset -  0.000 s
[2019.06.26-20.50.09:512][  0]LogStats: UGameplayTagsManager::ConstructGameplayTagTree: ImportINI -  0.000 s
[2019.06.26-20.50.09:512][  0]LogStats: UGameplayTagsManager::ConstructGameplayTagTree: GameplayTagTreeChangedEvent.Broadcast -  0.000 s
[2019.06.26-20.50.10:058][  0]LogInit: Initializing FReadOnlyCVARCache
[2019.06.26-20.50.10:089][  0]LogAIModule: Creating AISystem for world Untitled
[2019.06.26-20.50.10:107][  0]LogInit: XAudio2 using 'Altavoces (Conexant SmartAudio HD)' : 2 channels at 48 kHz using 32 bits per sample (channel mask 0x3)
[2019.06.26-20.50.10:241][  0]LogInit: FAudioDevice initialized.
[2019.06.26-20.50.10:242][  0]LogNetVersion: Set ProjectVersion to 1.0.0.0. Version Checksum will be recalculated on next use.
[2019.06.26-20.50.10:516][  0]LogDerivedDataCache: Saved boot cache 0.27s 71MB C:/Users/Samuel/AppData/Local/UnrealEngine/4.21/DerivedDataCache/Boot.ddc.
[2019.06.26-20.50.10:550][  0]LogInit: Texture streaming: Enabled
[2019.06.26-20.50.10:608][  0]LogEngineSessionManager: EngineSessionManager initialized
[2019.06.26-20.50.10:608][  0]LogEngineSessionManager: EngineSessionManager sent abnormal shutdown report. Type=Crashed, SessionId={CBF207C4-4910-740B-59AC-8283918CE8C9}
[2019.06.26-20.50.10:645][  0]LogInit: Transaction tracking system initialized
[2019.06.26-20.50.10:702][  0]BlueprintLog: New page: Editor Load
[2019.06.26-20.50.10:884][  0]LocalizationService: Localization service is disabled
[2019.06.26-20.50.13:062][  0]LogFileCache: Scanning file cache for directory 'C:/Users/Samuel/Documents/GitHub/CFE_RV/CFE_LeapMotion2/Content/' took 0.02s
[2019.06.26-20.50.13:062][  0]LogCook: Display: Max memory allowance for cook 16384mb min free memory 0mb
[2019.06.26-20.50.13:062][  0]LogCook: Display: Mobile HDR setting 1
[2019.06.26-20.50.13:062][  0]LogGameplayTags: Display: UGameplayTagsManager::DoneAddingNativeTags. DelegateIsBound: 0
[2019.06.26-20.50.13:062][  0]LogStats: UGameplayTagsManager::ConstructGameplayTagTree: ImportINI prefixes -  0.000 s
[2019.06.26-20.50.13:063][  0]LogStats: UGameplayTagsManager::ConstructGameplayTagTree: Construct from data asset -  0.000 s
[2019.06.26-20.50.13:063][  0]LogStats: UGameplayTagsManager::ConstructGameplayTagTree: ImportINI -  0.000 s
[2019.06.26-20.50.13:063][  0]LogStats: UGameplayTagsManager::ConstructGameplayTagTree: GameplayTagTreeChangedEvent.Broadcast -  0.000 s
[2019.06.26-20.50.13:423][  0]Cmd: MAP LOAD FILE="../../../../../../Users/Samuel/Documents/GitHub/CFE_RV/CFE_LeapMotion2/Content/StarterContent/Maps/Minimal_Default.umap" TEMPLATE=0 SHOWPROGRESS=1 FEATURELEVEL=3
[2019.06.26-20.50.13:425][  0]LightingResults: New page: Lighting Build
[2019.06.26-20.50.13:431][  0]MapCheck: New page: Map Check
[2019.06.26-20.50.13:431][  0]LightingResults: New page: Lighting Build
[2019.06.26-20.50.18:802][  0]LogAIModule: Creating AISystem for world Minimal_Default
[2019.06.26-20.50.18:831][  0]LogEditorServer: Finished looking for orphan Actors (0.000 secs)
[2019.06.26-20.50.19:669][  0]Cmd: MAP CHECKDEP NOCLEARLOG
[2019.06.26-20.50.19:670][  0]MapCheck: Map check complete: 0 Error(s), 0 Warning(s), took 0.464ms to complete.
[2019.06.26-20.50.19:670][  0]LogFileHelpers: Loading map 'Minimal_Default' took 6.247
[2019.06.26-20.50.19:867][  0]LogSlate: Updating window title bar state: overlay mode, drag disabled, window buttons hidden, title bar hidden
[2019.06.26-20.50.19:889][  0]LogSlate: Updating window title bar state: overlay mode, drag disabled, window buttons hidden, title bar hidden
[2019.06.26-20.50.19:911][  0]LogSlate: Updating window title bar state: overlay mode, drag disabled, window buttons hidden, title bar hidden
[2019.06.26-20.50.19:938][  0]LogSlate: Updating window title bar state: overlay mode, drag disabled, window buttons hidden, title bar hidden
[2019.06.26-20.50.19:957][  0]LogCollectionManager: Loaded 0 collections in 0.004262 seconds
[2019.06.26-20.50.19:982][  0]LogFileCache: Scanning file cache for directory 'C:/Users/Samuel/Documents/GitHub/CFE_RV/CFE_LeapMotion2/Saved/Collections/' took 0.01s
[2019.06.26-20.50.19:982][  0]LogFileCache: Scanning file cache for directory 'C:/Users/Samuel/Documents/GitHub/CFE_RV/CFE_LeapMotion2/Content/Developers/Samuel/Collections/' took 0.00s
[2019.06.26-20.50.19:982][  0]LogFileCache: Scanning file cache for directory 'C:/Users/Samuel/Documents/GitHub/CFE_RV/CFE_LeapMotion2/Content/Collections/' took 0.00s
[2019.06.26-20.50.19:982][  0]LogCollectionManager: Rebuilt the GUID cache for 0 collections in 0.000001 seconds
[2019.06.26-20.50.20:009][  0]LogContentBrowser: Native class hierarchy populated in 0.0256 seconds. Added 2666 classes and 631 folders.
[2019.06.26-20.50.20:030][  0]LogContentBrowser: Native class hierarchy updated for 'WidgetCarousel' in 0.0008 seconds. Added 0 classes and 0 folders.
[2019.06.26-20.50.20:036][  0]LogPakFile: Registered encryption key '00000000000000000000000000000000': 0 pak files mounted, 0 remain pending
[2019.06.26-20.50.20:038][  0]LogPakFile: Registered encryption key '00000000000000000000000000000000': 0 pak files mounted, 0 remain pending
[2019.06.26-20.50.20:040][  0]LogPakFile: Registered encryption key '00000000000000000000000000000000': 0 pak files mounted, 0 remain pending
[2019.06.26-20.50.20:042][  0]LogPakFile: Registered encryption key '00000000000000000000000000000000': 0 pak files mounted, 0 remain pending
[2019.06.26-20.50.20:043][  0]LogPakFile: Registered encryption key '00000000000000000000000000000000': 0 pak files mounted, 0 remain pending
[2019.06.26-20.50.20:045][  0]LogPakFile: Registered encryption key '00000000000000000000000000000000': 0 pak files mounted, 0 remain pending
[2019.06.26-20.50.20:046][  0]LogPakFile: Registered encryption key '00000000000000000000000000000000': 0 pak files mounted, 0 remain pending
[2019.06.26-20.50.20:048][  0]LogPakFile: Registered encryption key '00000000000000000000000000000000': 0 pak files mounted, 0 remain pending
[2019.06.26-20.50.20:050][  0]LogPakFile: Registered encryption key '00000000000000000000000000000000': 0 pak files mounted, 0 remain pending
[2019.06.26-20.50.20:052][  0]LogPakFile: Registered encryption key '00000000000000000000000000000000': 0 pak files mounted, 0 remain pending
[2019.06.26-20.50.20:054][  0]LogPakFile: Registered encryption key '00000000000000000000000000000000': 0 pak files mounted, 0 remain pending
[2019.06.26-20.50.20:056][  0]LogPakFile: Registered encryption key '00000000000000000000000000000000': 0 pak files mounted, 0 remain pending
[2019.06.26-20.50.20:058][  0]LogPakFile: Registered encryption key '00000000000000000000000000000000': 0 pak files mounted, 0 remain pending
[2019.06.26-20.50.20:059][  0]LogPakFile: Registered encryption key '00000000000000000000000000000000': 0 pak files mounted, 0 remain pending
[2019.06.26-20.50.20:061][  0]LogPakFile: Registered encryption key '00000000000000000000000000000000': 0 pak files mounted, 0 remain pending
[2019.06.26-20.50.20:063][  0]LogPakFile: Registered encryption key '00000000000000000000000000000000': 0 pak files mounted, 0 remain pending
[2019.06.26-20.50.20:065][  0]LogPakFile: Registered encryption key '00000000000000000000000000000000': 0 pak files mounted, 0 remain pending
[2019.06.26-20.50.20:066][  0]LogPakFile: Registered encryption key '00000000000000000000000000000000': 0 pak files mounted, 0 remain pending
[2019.06.26-20.50.20:069][  0]LogPakFile: Registered encryption key '00000000000000000000000000000000': 0 pak files mounted, 0 remain pending
[2019.06.26-20.50.20:071][  0]LogPakFile: Registered encryption key '00000000000000000000000000000000': 0 pak files mounted, 0 remain pending
[2019.06.26-20.50.20:073][  0]LogPakFile: Registered encryption key '00000000000000000000000000000000': 0 pak files mounted, 0 remain pending
[2019.06.26-20.50.20:075][  0]LogPakFile: Registered encryption key '00000000000000000000000000000000': 0 pak files mounted, 0 remain pending
[2019.06.26-20.50.20:578][  0]LogPakFile: Registered encryption key '00000000000000000000000000000000': 0 pak files mounted, 0 remain pending
[2019.06.26-20.50.20:580][  0]LogPakFile: Registered encryption key '00000000000000000000000000000000': 0 pak files mounted, 0 remain pending
[2019.06.26-20.50.20:582][  0]LogPakFile: Registered encryption key '00000000000000000000000000000000': 0 pak files mounted, 0 remain pending
[2019.06.26-20.50.20:584][  0]LogPakFile: Registered encryption key '00000000000000000000000000000000': 0 pak files mounted, 0 remain pending
[2019.06.26-20.50.20:687][  0]LogContentBrowser: Native class hierarchy updated for 'AddContentDialog' in 0.0010 seconds. Added 0 classes and 0 folders.
[2019.06.26-20.50.20:704][  0]LogContentBrowser: Native class hierarchy updated for 'SceneOutliner' in 0.0007 seconds. Added 1 classes and 2 folders.
[2019.06.26-20.50.20:969][  0]LogSlate: Took 0.000638 seconds to synchronously load lazily loaded font '../../../Engine/Content/Slate/Fonts/Roboto-Regular.ttf' (155K)
[2019.06.26-20.50.20:975][  0]LogSlate: Took 0.000525 seconds to synchronously load lazily loaded font '../../../Engine/Content/Slate/Fonts/Roboto-Bold.ttf' (160K)
[2019.06.26-20.50.20:993][  0]LogSlate: Took 0.000504 seconds to synchronously load lazily loaded font '../../../Engine/Content/Editor/Slate/Fonts/FontAwesome.ttf' (139K)
[2019.06.26-20.50.21:264][  0]LogRenderer: Reallocating scene render targets to support 832x348 Format 9 NumSamples 1 (Frame:1).
[2019.06.26-20.50.22:052][  0]LogSlate: Took 0.000520 seconds to synchronously load lazily loaded font '../../../Engine/Content/Slate/Fonts/Roboto-Light.ttf' (167K)
[2019.06.26-20.50.22:286][  0]LogContentBrowser: Native class hierarchy updated for 'HierarchicalLODOutliner' in 0.0007 seconds. Added 0 classes and 0 folders.
[2019.06.26-20.50.22:287][  0]LogLoad: (Engine Initialization) Total time: 29.34 seconds
[2019.06.26-20.50.22:287][  0]LogLoad: (Engine Initialization) Total Blueprint compile time: 0.00 seconds
[2019.06.26-20.50.22:325][  0]LeapMotionLog: ServiceMessageLoop started.
[2019.06.26-20.50.22:325][  0]BodyStateLog: BodyState::DeviceAttached: Leap Motion (1)
[2019.06.26-20.50.22:326][  0]BodyStateLog: BodyState::DeviceAttached: HMD (2)
[2019.06.26-20.50.22:450][  0]LogContentStreaming: Texture pool size now 600 MB
[2019.06.26-20.50.22:571][  1]LeapMotionLog: LeapService: OnConnect.
[2019.06.26-20.50.22:671][  2]LogD3D11RHI: Error: agsDriverExtensionsDX11_SetDepthBounds(1,0.000000, 1.000000) returned error code 6. **********PLEASE UPDATE YOUR VIDEO DRIVERS*********
[2019.06.26-20.50.23:698][  5]LogSlate: Took 0.000645 seconds to synchronously load lazily loaded font '../../../Engine/Content/Slate/Fonts/Roboto-Light.ttf' (167K)
[2019.06.26-20.50.23:751][  6]LogAssetRegistry: Asset discovery search completed in 22.7440 seconds
[2019.06.26-20.50.23:757][  6]LogCollectionManager: Rebuilt the object cache for 0 collections in 0.000024 seconds (found 0 objects)
[2019.06.26-20.50.23:757][  6]LogCollectionManager: Fixed up redirectors for 0 collections in 0.000346 seconds (updated 0 objects)
[2019.06.26-20.50.27:744][ 79]LogSlate: FSceneViewport::OnFocusLost() reason 0
[2019.06.26-20.50.28:356][ 83]LogAssetEditorManager: Opening Asset editor for Blueprint /Game/BP_Items/BLUEPRINTS/BP_Pertiga.BP_Pertiga
[2019.06.26-20.50.30:026][ 83]LogContentBrowser: Native class hierarchy updated for 'BlueprintGraph' in 0.0016 seconds. Added 117 classes and 0 folders.
[2019.06.26-20.50.33:691][ 83]LogAssetEditorManager: Opening Asset editor for Blueprint /LeapMotion/DirectRigging/LowPoly/LeapDesktopLowPoly.LeapDesktopLowPoly
[2019.06.26-20.50.35:744][ 83]LogTemp: Bone cache synced: 20
[2019.06.26-20.50.35:796][ 83]LogTemp: Bone cache synced: 0
[2019.06.26-20.50.35:797][ 83]LogTemp: Bone cache synced: 20
[2019.06.26-20.50.35:848][ 83]LogSlate: Took 0.032438 seconds to synchronously load lazily loaded font '../../../Engine/Content/Slate/Fonts/Roboto-BoldCondensed.ttf' (158K)
[2019.06.26-20.50.36:506][ 84]LogSlate: Took 0.000541 seconds to synchronously load lazily loaded font '../../../Engine/Content/Slate/Fonts/Roboto-Italic.ttf' (157K)
[2019.06.26-20.53.31:327][906]LogTemp: Bone cache synced: 20
[2019.06.26-20.53.31:329][906]LogTemp: Bone cache synced: 0
[2019.06.26-20.53.31:329][906]LogTemp: Bone cache synced: 20
[2019.06.26-20.53.31:330][906]LogTemp: Bone cache synced: 20
[2019.06.26-20.53.31:331][906]LogTemp: Bone cache synced: 20
[2019.06.26-20.53.31:332][906]LogTemp: Bone cache synced: 20
[2019.06.26-20.53.31:332][906]LogTemp: Bone cache synced: 20
[2019.06.26-20.53.31:334][906]LogTemp: Bone cache synced: 20
[2019.06.26-20.53.31:334][906]LogTemp: Bone cache synced: 20
[2019.06.26-20.53.31:336][906]LogTemp: Bone cache synced: 20
[2019.06.26-20.53.31:336][906]LogTemp: Bone cache synced: 20
[2019.06.26-20.53.32:661][960]LogTemp: Bone cache synced: 20
[2019.06.26-20.53.32:664][960]LogTemp: Bone cache synced: 0
[2019.06.26-20.53.32:664][960]LogTemp: Bone cache synced: 20
[2019.06.26-20.53.32:667][960]LogTemp: Bone cache synced: 20
[2019.06.26-20.53.32:667][960]LogTemp: Bone cache synced: 20
[2019.06.26-20.53.32:669][960]LogTemp: Bone cache synced: 20
[2019.06.26-20.53.32:669][960]LogTemp: Bone cache synced: 20
[2019.06.26-20.53.32:671][960]LogTemp: Bone cache synced: 20
[2019.06.26-20.53.32:671][960]LogTemp: Bone cache synced: 20
[2019.06.26-20.53.32:673][960]LogTemp: Bone cache synced: 20
[2019.06.26-20.53.32:673][960]LogTemp: Bone cache synced: 20
[2019.06.26-20.53.39:850][332]BlueprintLog: New page: Compile LeapDesktopLowPoly
[2019.06.26-20.53.39:985][332]LogTemp: Bone cache synced: 20
[2019.06.26-20.53.39:987][332]LogTemp: Bone cache synced: 0
[2019.06.26-20.53.39:988][332]LogTemp: Bone cache synced: 20
[2019.06.26-20.53.39:990][332]LogTemp: Bone cache synced: 20
[2019.06.26-20.53.39:990][332]LogTemp: Bone cache synced: 20
[2019.06.26-20.53.39:992][332]LogTemp: Bone cache synced: 20
[2019.06.26-20.53.39:992][332]LogTemp: Bone cache synced: 20
[2019.06.26-20.53.40:344][332]LogTemp: Bone cache synced: 20
[2019.06.26-20.53.40:345][332]LogTemp: Bone cache synced: 0
[2019.06.26-20.53.40:346][332]LogTemp: Bone cache synced: 20
[2019.06.26-20.53.40:347][332]LogTemp: Bone cache synced: 20
[2019.06.26-20.53.40:348][332]LogTemp: Bone cache synced: 20
[2019.06.26-20.53.40:349][332]LogTemp: Bone cache synced: 20
[2019.06.26-20.53.40:349][332]LogTemp: Bone cache synced: 20
[2019.06.26-20.53.40:351][332]LogTemp: Bone cache synced: 20
[2019.06.26-20.53.40:351][332]LogTemp: Bone cache synced: 20
[2019.06.26-20.53.40:353][332]LogTemp: Bone cache synced: 20
[2019.06.26-20.53.40:353][332]LogTemp: Bone cache synced: 20
[2019.06.26-20.53.40:381][332]LogTemp: Bone cache synced: 20
[2019.06.26-20.53.40:383][332]LogTemp: Bone cache synced: 0
[2019.06.26-20.53.40:384][332]LogTemp: Bone cache synced: 20
[2019.06.26-20.53.40:385][332]LogTemp: Bone cache synced: 20
[2019.06.26-20.53.40:386][332]LogTemp: Bone cache synced: 20
[2019.06.26-20.53.40:388][332]LogTemp: Bone cache synced: 20
[2019.06.26-20.53.40:388][332]LogTemp: Bone cache synced: 20
[2019.06.26-20.53.40:390][332]LogTemp: Bone cache synced: 20
[2019.06.26-20.53.40:390][332]LogTemp: Bone cache synced: 20
[2019.06.26-20.53.40:392][332]LogTemp: Bone cache synced: 20
[2019.06.26-20.53.40:392][332]LogTemp: Bone cache synced: 20
[2019.06.26-20.53.42:211][375]LogSavePackage: Moving '../../../../../../Users/Samuel/Documents/GitHub/CFE_RV/CFE_LeapMotion2/Saved/LeapDesktopLowPoly19460FBE4370E151824D309248E7AC6A.tmp' to '../../../../../../Users/Samuel/Documents/GitHub/CFE_RV/CFE_LeapMotion2/Plugins/LeapMotion/Content/DirectRigging/LowPoly/LeapDesktopLowPoly.uasset'
[2019.06.26-20.55.45:971][515]BlueprintLog: New page: Compile LeapDesktopLowPoly
[2019.06.26-20.55.46:081][515]LogBlueprint: Error: [Compiler LeapDesktopLowPoly] COMPILER ERROR: failed building connection with 'Replace existing input connections' at  Item Drop
[2019.06.26-20.55.47:151][515]LogBlueprint: Warning: [Compiler LeapDesktopLowPoly] [0354.20] Compile of LeapDesktopLowPoly failed. 1 Fatal Issue(s) 0 Warning(s) [in 1,180 ms] (/LeapMotion/DirectRigging/LowPoly/LeapDesktopLowPoly.LeapDesktopLowPoly)
[2019.06.26-20.56.29:274][977]BlueprintLog: New page: Compile LeapDesktopLowPoly
[2019.06.26-20.56.29:390][977]LogBlueprint: Error: [Compiler LeapDesktopLowPoly] COMPILER ERROR: failed building connection with 'Replace existing input connections' at  Item Drop
[2019.06.26-20.56.29:796][977]LogBlueprint: Warning: [Compiler LeapDesktopLowPoly] [0396.84] Compile of LeapDesktopLowPoly failed. 1 Fatal Issue(s) 0 Warning(s) [in 521 ms] (/LeapMotion/DirectRigging/LowPoly/LeapDesktopLowPoly.LeapDesktopLowPoly)
[2019.06.26-20.56.53:990][381]BlueprintLog: New page: Compile LeapDesktopLowPoly
[2019.06.26-20.56.54:129][381]LogTemp: Bone cache synced: 20
[2019.06.26-20.56.54:132][381]LogTemp: Bone cache synced: 0
[2019.06.26-20.56.54:132][381]LogTemp: Bone cache synced: 20
[2019.06.26-20.56.54:134][381]LogTemp: Bone cache synced: 20
[2019.06.26-20.56.54:134][381]LogTemp: Bone cache synced: 20
[2019.06.26-20.56.54:136][381]LogTemp: Bone cache synced: 20
[2019.06.26-20.56.54:136][381]LogTemp: Bone cache synced: 20
[2019.06.26-20.56.54:481][381]LogTemp: Bone cache synced: 20
[2019.06.26-20.56.54:483][381]LogTemp: Bone cache synced: 0
[2019.06.26-20.56.54:483][381]LogTemp: Bone cache synced: 20
[2019.06.26-20.56.54:485][381]LogTemp: Bone cache synced: 20
[2019.06.26-20.56.54:485][381]LogTemp: Bone cache synced: 20
[2019.06.26-20.56.54:487][381]LogTemp: Bone cache synced: 20
[2019.06.26-20.56.54:487][381]LogTemp: Bone cache synced: 20
[2019.06.26-20.56.54:489][381]LogTemp: Bone cache synced: 20
[2019.06.26-20.56.54:489][381]LogTemp: Bone cache synced: 20
[2019.06.26-20.56.54:491][381]LogTemp: Bone cache synced: 20
[2019.06.26-20.56.54:491][381]LogTemp: Bone cache synced: 20
[2019.06.26-20.56.54:526][381]LogTemp: Bone cache synced: 20
[2019.06.26-20.56.54:528][381]LogTemp: Bone cache synced: 0
[2019.06.26-20.56.54:528][381]LogTemp: Bone cache synced: 20
[2019.06.26-20.56.54:531][381]LogTemp: Bone cache synced: 20
[2019.06.26-20.56.54:531][381]LogTemp: Bone cache synced: 20
[2019.06.26-20.56.54:533][381]LogTemp: Bone cache synced: 20
[2019.06.26-20.56.54:533][381]LogTemp: Bone cache synced: 20
[2019.06.26-20.56.54:535][381]LogTemp: Bone cache synced: 20
[2019.06.26-20.56.54:535][381]LogTemp: Bone cache synced: 20
[2019.06.26-20.56.54:537][381]LogTemp: Bone cache synced: 20
[2019.06.26-20.56.54:537][381]LogTemp: Bone cache synced: 20
[2019.06.26-20.56.55:816][409]LogSavePackage: Moving '../../../../../../Users/Samuel/Documents/GitHub/CFE_RV/CFE_LeapMotion2/Saved/LeapDesktopLowPoly9F17537C41AA29E34C5ECAB27616D8A5.tmp' to '../../../../../../Users/Samuel/Documents/GitHub/CFE_RV/CFE_LeapMotion2/Plugins/LeapMotion/Content/DirectRigging/LowPoly/LeapDesktopLowPoly.uasset'
[2019.06.26-20.57.02:744][770]LeapMotionLog: OnDeviceFound Peripheral S323A047707.
[2019.06.26-20.57.02:774][771]LeapMotionLog: LeapServiceLog: Firmware is up to date.
[2019.06.26-20.57.04:822][864]LogTemp: Repeating last play command: New Editor Window (PIE)
[2019.06.26-20.57.04:891][864]LogBlueprintUserMessages: Early PlayInEditor Detection: Level '/Game/StarterContent/Maps/Minimal_Default.Minimal_Default:PersistentLevel' has LevelScriptBlueprint '/Game/StarterContent/Maps/Minimal_Default.Minimal_Default:PersistentLevel.Minimal_Default' with GeneratedClass '/Game/StarterContent/Maps/Minimal_Default.Minimal_Default_C' with ClassGeneratedBy '/Game/StarterContent/Maps/Minimal_Default.Minimal_Default:PersistentLevel.Minimal_Default'
[2019.06.26-20.57.04:891][864]LogPlayLevel: PlayLevel: No blueprints needed recompiling
[2019.06.26-20.57.04:892][864]PIE: New page: PIE session: Minimal_Default (Jun 26, 2019, 10:57:04 AM)
[2019.06.26-20.57.04:907][864]LogPlayLevel: Creating play world package: /Game/StarterContent/Maps/UEDPIE_0_Minimal_Default
[2019.06.26-20.57.04:927][864]LogPlayLevel: PIE: StaticDuplicateObject took: (0.019528s)
[2019.06.26-20.57.04:929][864]LogAIModule: Creating AISystem for world Minimal_Default
[2019.06.26-20.57.04:930][864]LogPlayLevel: PIE: World Init took: (0.002492s)
[2019.06.26-20.57.04:931][864]LogPlayLevel: PIE: Created PIE world by copying editor world from /Game/StarterContent/Maps/Minimal_Default.Minimal_Default to /Game/StarterContent/Maps/UEDPIE_0_Minimal_Default.Minimal_Default (0.023114s)
[2019.06.26-20.57.05:020][864]LogInit: XAudio2 using 'Altavoces (Conexant SmartAudio HD)' : 2 channels at 48 kHz using 32 bits per sample (channel mask 0x3)
[2019.06.26-20.57.05:082][864]LogInit: FAudioDevice initialized.
[2019.06.26-20.57.05:097][864]LogSlate: Updating window title bar state: overlay mode, drag disabled, window buttons hidden, title bar hidden
[2019.06.26-20.57.05:156][864]LogLoad: Game class is 'CFE_GameMode_C'
[2019.06.26-20.57.05:163][864]LogWorld: Bringing World /Game/StarterContent/Maps/UEDPIE_0_Minimal_Default.Minimal_Default up for play (max tick rate 60) at 2019.06.26-15.57.05
[2019.06.26-20.57.05:165][864]LogWorld: Bringing up level for play took: 0.006456
[2019.06.26-20.57.05:204][864]LogContentBrowser: Native class hierarchy updated for 'MovieSceneCapture' in 0.0008 seconds. Added 20 classes and 0 folders.
[2019.06.26-20.57.05:205][864]LogGameMode: Display: Match State Changed from EnteringMap to WaitingToStart
[2019.06.26-20.57.05:205][864]LogGameState: Match State Changed from EnteringMap to WaitingToStart
[2019.06.26-20.57.05:205][864]LogGameMode: Display: Match State Changed from WaitingToStart to InProgress
[2019.06.26-20.57.05:207][864]LogTemp: Bone cache synced: 20
[2019.06.26-20.57.05:208][864]LogTemp: Bone cache synced: 0
[2019.06.26-20.57.05:209][864]LogTemp: Bone cache synced: 20
[2019.06.26-20.57.05:210][864]LeapMotionLog: AddEventDelegate (1).
[2019.06.26-20.57.05:219][864]LogGameState: Match State Changed from WaitingToStart to InProgress
[2019.06.26-20.57.05:227][864]PIE: Play in editor start time for /Game/StarterContent/Maps/UEDPIE_0_Minimal_Default 0.886
[2019.06.26-20.57.05:228][864]LogBlueprintUserMessages: Late PlayInEditor Detection: Level '/Game/StarterContent/Maps/Minimal_Default.Minimal_Default:PersistentLevel' has LevelScriptBlueprint '/Game/StarterContent/Maps/Minimal_Default.Minimal_Default:PersistentLevel.Minimal_Default' with GeneratedClass '/Game/StarterContent/Maps/Minimal_Default.Minimal_Default_C' with ClassGeneratedBy '/Game/StarterContent/Maps/Minimal_Default.Minimal_Default:PersistentLevel.Minimal_Default'
[2019.06.26-20.57.05:301][864]LogRenderer: Reallocating scene render targets to support 916x536 Format 9 NumSamples 1 (Frame:1).
[2019.06.26-20.57.12:040][126]LogScript: Warning: Script Msg: Attempted to access index 0 from array 'CallFunc_GetOverlappingActors_OverlappingActors1' of length 0 in '/LeapMotion/DirectRigging/LowPoly/LeapDesktopLowPoly.LeapDesktopLowPoly_C:ExecuteUbergraph_LeapDesktopLowPoly'!
[2019.06.26-20.57.12:040][126]LogScript: Warning: Accessed None trying to read property K2Node_DynamicCast_AsBP_Pertiga
	LeapDesktopLowPoly_C /Game/StarterContent/Maps/UEDPIE_0_Minimal_Default.Minimal_Default:PersistentLevel.LeapDesktopLowPoly_GEN_VARIABLE_LeapDesktopLowPoly_C_CAT_0
	Function /LeapMotion/DirectRigging/LowPoly/LeapDesktopLowPoly.LeapDesktopLowPoly_C:ExecuteUbergraph_LeapDesktopLowPoly:08CA
[2019.06.26-20.57.12:064][126]PIE: Error: Blueprint Runtime Error: "Accessed None trying to read property K2Node_DynamicCast_AsBP_Pertiga". Blueprint:  LeapDesktopLowPoly Function:  Execute Ubergraph Leap Desktop Low Poly Graph:  EventGraph Node:  Item Drop
[2019.06.26-20.57.12:192][131]LogScript: Warning: Script Msg: Attempted to access index 0 from array 'CallFunc_GetOverlappingActors_OverlappingActors' of length 0 in '/LeapMotion/DirectRigging/LowPoly/LeapDesktopLowPoly.LeapDesktopLowPoly_C:ExecuteUbergraph_LeapDesktopLowPoly'!
[2019.06.26-20.57.12:394][139]LogScript: Warning: Script Msg: Attempted to access index 0 from array 'CallFunc_GetOverlappingActors_OverlappingActors' of length 0 in '/LeapMotion/DirectRigging/LowPoly/LeapDesktopLowPoly.LeapDesktopLowPoly_C:ExecuteUbergraph_LeapDesktopLowPoly'!
[2019.06.26-20.57.12:544][145]LogScript: Warning: Script Msg: Attempted to access index 0 from array 'CallFunc_GetOverlappingActors_OverlappingActors' of length 0 in '/LeapMotion/DirectRigging/LowPoly/LeapDesktopLowPoly.LeapDesktopLowPoly_C:ExecuteUbergraph_LeapDesktopLowPoly'!
[2019.06.26-20.57.12:783][154]LogScript: Warning: Script Msg: Attempted to access index 0 from array 'CallFunc_GetOverlappingActors_OverlappingActors' of length 0 in '/LeapMotion/DirectRigging/LowPoly/LeapDesktopLowPoly.LeapDesktopLowPoly_C:ExecuteUbergraph_LeapDesktopLowPoly'!
[2019.06.26-20.57.12:887][158]LogScript: Warning: Script Msg: Attempted to access index 0 from array 'CallFunc_GetOverlappingActors_OverlappingActors' of length 0 in '/LeapMotion/DirectRigging/LowPoly/LeapDesktopLowPoly.LeapDesktopLowPoly_C:ExecuteUbergraph_LeapDesktopLowPoly'!
[2019.06.26-20.57.18:974][401]LogScript: Warning: Script Msg: Attempted to access index 0 from array 'CallFunc_GetOverlappingActors_OverlappingActors' of length 0 in '/LeapMotion/DirectRigging/LowPoly/LeapDesktopLowPoly.LeapDesktopLowPoly_C:ExecuteUbergraph_LeapDesktopLowPoly'!
[2019.06.26-20.57.19:539][425]LogBlueprintUserMessages: Early EndPlayMap Detection: Level '/Game/StarterContent/Maps/Minimal_Default.Minimal_Default:PersistentLevel' has LevelScriptBlueprint '/Game/StarterContent/Maps/Minimal_Default.Minimal_Default:PersistentLevel.Minimal_Default' with GeneratedClass '/Game/StarterContent/Maps/Minimal_Default.Minimal_Default_C' with ClassGeneratedBy '/Game/StarterContent/Maps/Minimal_Default.Minimal_Default:PersistentLevel.Minimal_Default'
[2019.06.26-20.57.19:540][425]LogSlate: Updating window title bar state: overlay mode, drag disabled, window buttons hidden, title bar hidden
[2019.06.26-20.57.19:618][425]LogSlate: Window 'CFE_LeapMotion Game Preview Standalone (64-bit/PCD3D_SM5)' being destroyed
[2019.06.26-20.57.19:679][425]LogPlayLevel: Display: Shutting down PIE online subsystems
[2019.06.26-20.57.19:680][425]LogBlueprintUserMessages: Late EndPlayMap Detection: Level '/Game/StarterContent/Maps/Minimal_Default.Minimal_Default:PersistentLevel' has LevelScriptBlueprint '/Game/StarterContent/Maps/Minimal_Default.Minimal_Default:PersistentLevel.Minimal_Default' with GeneratedClass '/Game/StarterContent/Maps/Minimal_Default.Minimal_Default_C' with ClassGeneratedBy '/Game/StarterContent/Maps/Minimal_Default.Minimal_Default:PersistentLevel.Minimal_Default'
[2019.06.26-20.57.19:916][426]LogPlayLevel: Display: Destroying online subsystem :Context_4
[2019.06.26-20.57.23:352][571]LogSlate: Window 'Message Log' being destroyed
[2019.06.26-20.57.23:365][571]LogSlate: Window 'Message Log' being destroyed
[2019.06.26-20.57.41:866][490]LogTemp: Bone cache synced: 20
[2019.06.26-20.57.41:868][490]LogTemp: Bone cache synced: 0
[2019.06.26-20.57.41:868][490]LogTemp: Bone cache synced: 20
[2019.06.26-20.57.41:870][490]LogTemp: Bone cache synced: 20
[2019.06.26-20.57.41:870][490]LogTemp: Bone cache synced: 20
[2019.06.26-20.57.41:872][490]LogTemp: Bone cache synced: 20
[2019.06.26-20.57.41:872][490]LogTemp: Bone cache synced: 20
[2019.06.26-20.57.41:875][490]LogTemp: Bone cache synced: 20
[2019.06.26-20.57.41:875][490]LogTemp: Bone cache synced: 20
[2019.06.26-20.57.41:877][490]LogTemp: Bone cache synced: 20
[2019.06.26-20.57.41:877][490]LogTemp: Bone cache synced: 20
[2019.06.26-20.57.41:886][490]LogTemp: Bone cache synced: 20
[2019.06.26-20.57.41:888][490]LogTemp: Bone cache synced: 0
[2019.06.26-20.57.41:888][490]LogTemp: Bone cache synced: 20
[2019.06.26-20.57.41:890][490]LogTemp: Bone cache synced: 20
[2019.06.26-20.57.41:890][490]LogTemp: Bone cache synced: 20
[2019.06.26-20.57.41:892][490]LogTemp: Bone cache synced: 20
[2019.06.26-20.57.41:893][490]LogTemp: Bone cache synced: 20
[2019.06.26-20.57.41:895][490]LogTemp: Bone cache synced: 20
[2019.06.26-20.57.41:895][490]LogTemp: Bone cache synced: 20
[2019.06.26-20.57.41:896][490]LogTemp: Bone cache synced: 20
[2019.06.26-20.57.41:897][490]LogTemp: Bone cache synced: 20
[2019.06.26-20.57.41:911][490]LogTemp: Bone cache synced: 20
[2019.06.26-20.57.41:913][490]LogTemp: Bone cache synced: 0
[2019.06.26-20.57.41:914][490]LogTemp: Bone cache synced: 20
[2019.06.26-20.57.41:916][490]LogTemp: Bone cache synced: 20
[2019.06.26-20.57.41:916][490]LogTemp: Bone cache synced: 20
[2019.06.26-20.57.41:918][490]LogTemp: Bone cache synced: 20
[2019.06.26-20.57.41:919][490]LogTemp: Bone cache synced: 20
[2019.06.26-20.57.41:921][490]LogTemp: Bone cache synced: 20
[2019.06.26-20.57.41:921][490]LogTemp: Bone cache synced: 20
[2019.06.26-20.57.41:922][490]LogTemp: Bone cache synced: 20
[2019.06.26-20.57.41:922][490]LogTemp: Bone cache synced: 20
[2019.06.26-20.57.41:933][490]LogTemp: Bone cache synced: 20
[2019.06.26-20.57.41:935][490]LogTemp: Bone cache synced: 0
[2019.06.26-20.57.41:935][490]LogTemp: Bone cache synced: 20
[2019.06.26-20.57.41:938][490]LogTemp: Bone cache synced: 20
[2019.06.26-20.57.41:938][490]LogTemp: Bone cache synced: 20
[2019.06.26-20.57.41:940][490]LogTemp: Bone cache synced: 20
[2019.06.26-20.57.41:940][490]LogTemp: Bone cache synced: 20
[2019.06.26-20.57.41:942][490]LogTemp: Bone cache synced: 20
[2019.06.26-20.57.41:942][490]LogTemp: Bone cache synced: 20
[2019.06.26-20.57.41:944][490]LogTemp: Bone cache synced: 20
[2019.06.26-20.57.41:944][490]LogTemp: Bone cache synced: 20
[2019.06.26-20.57.41:974][490]LogTemp: Bone cache synced: 20
[2019.06.26-20.57.41:976][490]LogTemp: Bone cache synced: 0
[2019.06.26-20.57.41:976][490]LogTemp: Bone cache synced: 20
[2019.06.26-20.57.41:979][490]LogTemp: Bone cache synced: 20
[2019.06.26-20.57.41:979][490]LogTemp: Bone cache synced: 20
[2019.06.26-20.57.41:981][490]LogTemp: Bone cache synced: 20
[2019.06.26-20.57.41:982][490]LogTemp: Bone cache synced: 20
[2019.06.26-20.57.41:984][490]LogTemp: Bone cache synced: 20
[2019.06.26-20.57.41:985][490]LogTemp: Bone cache synced: 20
[2019.06.26-20.57.41:987][490]LogTemp: Bone cache synced: 20
[2019.06.26-20.57.41:987][490]LogTemp: Bone cache synced: 20
[2019.06.26-20.57.49:539][916]LogTemp: Bone cache synced: 20
[2019.06.26-20.57.49:541][916]LogTemp: Bone cache synced: 0
[2019.06.26-20.57.49:541][916]LogTemp: Bone cache synced: 20
[2019.06.26-20.57.49:543][916]LogTemp: Bone cache synced: 20
[2019.06.26-20.57.49:543][916]LogTemp: Bone cache synced: 20
[2019.06.26-20.57.49:545][916]LogTemp: Bone cache synced: 20
[2019.06.26-20.57.49:545][916]LogTemp: Bone cache synced: 20
[2019.06.26-20.57.49:547][916]LogTemp: Bone cache synced: 20
[2019.06.26-20.57.49:547][916]LogTemp: Bone cache synced: 20
[2019.06.26-20.57.49:548][916]LogTemp: Bone cache synced: 20
[2019.06.26-20.57.49:549][916]LogTemp: Bone cache synced: 20
[2019.06.26-20.59.28:136][764]LogTemp: Bone cache synced: 20
[2019.06.26-20.59.28:137][764]LogTemp: Bone cache synced: 0
[2019.06.26-20.59.28:138][764]LogTemp: Bone cache synced: 20
[2019.06.26-20.59.28:140][764]LogTemp: Bone cache synced: 20
[2019.06.26-20.59.28:140][764]LogTemp: Bone cache synced: 20
[2019.06.26-20.59.28:141][764]LogTemp: Bone cache synced: 20
[2019.06.26-20.59.28:142][764]LogTemp: Bone cache synced: 20
[2019.06.26-20.59.28:144][764]LogTemp: Bone cache synced: 20
[2019.06.26-20.59.28:144][764]LogTemp: Bone cache synced: 20
[2019.06.26-20.59.28:145][764]LogTemp: Bone cache synced: 20
[2019.06.26-20.59.28:146][764]LogTemp: Bone cache synced: 20
[2019.06.26-20.59.28:156][764]LogTemp: Bone cache synced: 20
[2019.06.26-20.59.28:157][764]LogTemp: Bone cache synced: 0
[2019.06.26-20.59.28:158][764]LogTemp: Bone cache synced: 20
[2019.06.26-20.59.28:160][764]LogTemp: Bone cache synced: 20
[2019.06.26-20.59.28:160][764]LogTemp: Bone cache synced: 20
[2019.06.26-20.59.28:161][764]LogTemp: Bone cache synced: 20
[2019.06.26-20.59.28:162][764]LogTemp: Bone cache synced: 20
[2019.06.26-20.59.28:163][764]LogTemp: Bone cache synced: 20
[2019.06.26-20.59.28:164][764]LogTemp: Bone cache synced: 20
[2019.06.26-20.59.28:165][764]LogTemp: Bone cache synced: 20
[2019.06.26-20.59.28:165][764]LogTemp: Bone cache synced: 20
[2019.06.26-21.00.19:454][674]LogOutputDevice: Warning: 

Script Stack (0 frames):

[2019.06.26-21.00.19:454][674]LogWindows: Windows GetLastError: La operación se completó correctamente. (0)
[2019.06.26-21.00.22:248][674]LogThreadingWindows: Error: Runnable thread TaskGraphThreadHP 3 crashed.
[2019.06.26-21.00.22:248][674]LogWindows: Error: === Critical error: ===
[2019.06.26-21.00.22:248][674]LogWindows: Error: 
[2019.06.26-21.00.22:248][674]LogWindows: Error: Assertion failed: !Pose[ParentIndex].ContainsNaN() [File:d:\ue_4.21\engine\source\runtime\engine\public\BonePose.h] [Line: 584] 
[2019.06.26-21.00.22:248][674]LogWindows: Error: 
[2019.06.26-21.00.22:248][674]LogWindows: Error: 
[2019.06.26-21.00.22:248][674]LogWindows: Error: 
[2019.06.26-21.00.22:248][674]LogWindows: Error: [Callstack] 0x00007ffae25ca839 KERNELBASE.dll!UnknownFunction []
[2019.06.26-21.00.22:248][674]LogWindows: Error: [Callstack] 0x00007ffaac39cd1a UE4Editor-Core.dll!UnknownFunction []
[2019.06.26-21.00.22:248][674]LogWindows: Error: [Callstack] 0x00007ffaac17a967 UE4Editor-Core.dll!UnknownFunction []
[2019.06.26-21.00.22:248][674]LogWindows: Error: [Callstack] 0x00007ffaac0b0df7 UE4Editor-Core.dll!UnknownFunction []
[2019.06.26-21.00.22:248][674]LogWindows: Error: [Callstack] 0x00007ffa8f8d69f9 UE4Editor-BodyState.dll!FCSPose<FCompactPose>::CalculateComponentSpaceTransform() [d:\ue_4.21\engine\source\runtime\engine\public\bonepose.h:586]
[2019.06.26-21.00.22:248][674]LogWindows: Error: [Callstack] 0x00007ffa8f8d66dd UE4Editor-BodyState.dll!FCSPose<FCompactPose>::CalculateComponentSpaceTransform() [d:\ue_4.21\engine\source\runtime\engine\public\bonepose.h:581]
[2019.06.26-21.00.22:248][674]LogWindows: Error: [Callstack] 0x00007ffa8f8dbd79 UE4Editor-BodyState.dll!FCSPose<FCompactPose>::GetComponentSpaceTransform() [d:\ue_4.21\engine\source\runtime\engine\public\bonepose.h:548]
[2019.06.26-21.00.22:248][674]LogWindows: Error: [Callstack] 0x00007ffa8f8db0f2 UE4Editor-BodyState.dll!FAnimNode_ModifyBodyStateMappedBones::EvaluateSkeletalControl_AnyThread() [c:\users\diego\desktop\cfe_rv-master\cfe_leapmotion2\plugins\leapmotion\source\bodystate\private\animnode_modifybodystatemappedbones.cpp:46]
[2019.06.26-21.00.22:248][674]LogWindows: Error: [Callstack] 0x00007ffaa2ad42f8 UE4Editor-AnimGraphRuntime.dll!UnknownFunction []
[2019.06.26-21.00.22:248][674]LogWindows: Error: [Callstack] 0x00007ffaa945edac UE4Editor-Engine.dll!UnknownFunction []
[2019.06.26-21.00.22:248][674]LogWindows: Error: [Callstack] 0x00007ffaa946079e UE4Editor-Engine.dll!UnknownFunction []
[2019.06.26-21.00.22:248][674]LogWindows: Error: [Callstack] 0x00007ffaa945e5ef UE4Editor-Engine.dll!UnknownFunction []
[2019.06.26-21.00.22:248][674]LogWindows: Error: [Callstack] 0x00007ffaa93d589a UE4Editor-Engine.dll!UnknownFunction []
[2019.06.26-21.00.22:248][674]LogWindows: Error: [Callstack] 0x00007ffaa93d558e UE4Editor-Engine.dll!UnknownFunction []
[2019.06.26-21.00.22:248][674]LogWindows: Error: [Callstack] 0x00007ffaa94089b3 UE4Editor-Engine.dll!UnknownFunction []
[2019.06.26-21.00.22:248][674]LogWindows: Error: [Callstack] 0x00007ffaa97b97f0 UE4Editor-Engine.dll!UnknownFunction []
[2019.06.26-21.00.22:248][674]LogWindows: Error: [Callstack] 0x00007ffaa97d3e77 UE4Editor-Engine.dll!UnknownFunction []
[2019.06.26-21.00.22:249][674]LogWindows: Error: [Callstack] 0x00007ffaa97b8547 UE4Editor-Engine.dll!UnknownFunction []
[2019.06.26-21.00.22:249][674]LogWindows: Error: [Callstack] 0x00007ffaa97baab0 UE4Editor-Engine.dll!UnknownFunction []
[2019.06.26-21.00.22:249][674]LogWindows: Error: [Callstack] 0x00007ffaabf40aec UE4Editor-Core.dll!UnknownFunction []
[2019.06.26-21.00.22:249][674]LogWindows: Error: [Callstack] 0x00007ffaabf41d70 UE4Editor-Core.dll!UnknownFunction []
[2019.06.26-21.00.22:249][674]LogWindows: Error: [Callstack] 0x00007ffaabf4baae UE4Editor-Core.dll!UnknownFunction []
[2019.06.26-21.00.22:249][674]LogWindows: Error: [Callstack] 0x00007ffaac39c500 UE4Editor-Core.dll!UnknownFunction []
[2019.06.26-21.00.22:249][674]LogWindows: Error: [Callstack] 0x00007ffaac38cac1 UE4Editor-Core.dll!UnknownFunction []
[2019.06.26-21.00.22:249][674]LogWindows: Error: [Callstack] 0x00007ffae2de7bd4 KERNEL32.DLL!UnknownFunction []
[2019.06.26-21.00.22:249][674]LogWindows: Error: [Callstack] 0x00007ffae488ce71 ntdll.dll!UnknownFunction []
[2019.06.26-21.00.22:249][674]LogWindows: Error: 
[2019.06.26-21.00.22:249][674]LogWindows: Error: Crash in runnable thread TaskGraphThreadHP 3
[2019.06.26-21.00.22:906][674]LeapMotionLog: Error: LeapServiceError: Leap Motion Controller authentication failed.
[2019.06.26-21.00.22:907][674]LeapMotionLog: Error: LeapServiceError: Unhandled exception: Leap Motion Controller authentication failed.
[2019.06.26-21.00.22:907][674]LeapMotionLog: Error: LeapServiceError: Scorch exception: Leap Motion Controller authentication failed.
[2019.06.26-21.00.22:934][674]LeapMotionLog: Warning: OnDeviceLost S323A047707.
[2019.06.26-21.00.22:938][674]LeapMotionLog: LeapServiceLog: Leap Motion Controller disconnected: S323A047707
[2019.06.26-21.00.27:276][674]LogExit: Executing StaticShutdownAfterError
[2019.06.26-21.00.27:276][674]LogWindows: FPlatformMisc::RequestExit(1)
[2019.06.26-21.00.27:280][674]Log file closed, 06/26/19 16:00:27
