Log file open, 06/01/19 17:56:06
LogWindows: Failed to load 'aqProf.dll' (GetLastError=126)
LogWindows: File 'aqProf.dll' does not exist
LogWindows: Failed to load 'VtuneApi.dll' (GetLastError=126)
LogWindows: File 'VtuneApi.dll' does not exist
LogWindows: Failed to load 'VtuneApi32e.dll' (GetLastError=126)
LogWindows: File 'VtuneApi32e.dll' does not exist
LogConsoleResponse: Display: Failed to find resolution value strings in scalability ini. Falling back to default.
LogInit: Display: Running engine for game: CFE_LeapMotion
LogPakFile: Registered encryption key '00000000000000000000000000000000': 0 pak files mounted, 0 remain pending
LogPlatformFile: Not using cached read wrapper
LogTaskGraph: Started task graph with 5 named threads and 14 total threads with 3 sets of task threads.
LogStats: Stats thread started at 1.383304
LogD3D11RHI: Loaded GFSDK_Aftermath_Lib.x64.dll
LogICUInternationalization: ICU TimeZone Detection - Raw Offset: -6:00, Platform Override: ''
LogPluginManager: Mounting plugin Paper2D
LogPluginManager: Mounting plugin AISupport
LogPluginManager: Mounting plugin LightPropagationVolume
LogPluginManager: Mounting plugin ActorLayerUtilities
LogPluginManager: Mounting plugin CLionSourceCodeAccess
LogPluginManager: Mounting plugin CodeLiteSourceCodeAccess
LogPluginManager: Mounting plugin GitSourceControl
LogPluginManager: Mounting plugin KDevelopSourceCodeAccess
LogPluginManager: Mounting plugin NullSourceCodeAccess
LogPluginManager: Mounting plugin PerforceSourceControl
LogPluginManager: Mounting plugin SubversionSourceControl
LogPluginManager: Mounting plugin UObjectPlugin
LogPluginManager: Mounting plugin VisualStudioCodeSourceCodeAccess
LogPluginManager: Mounting plugin VisualStudioSourceCodeAccess
LogPluginManager: Mounting plugin XCodeSourceCodeAccess
LogPluginManager: Mounting plugin AssetManagerEditor
LogPluginManager: Mounting plugin CryptoKeys
LogPluginManager: Mounting plugin DataValidation
LogPluginManager: Mounting plugin FacialAnimation
LogPluginManager: Mounting plugin GameplayTagsEditor
LogPluginManager: Mounting plugin MacGraphicsSwitching
LogPluginManager: Mounting plugin MeshEditor
LogPluginManager: Mounting plugin MobileLauncherProfileWizard
LogPluginManager: Mounting plugin PluginBrowser
LogPluginManager: Mounting plugin SpeedTreeImporter
LogPluginManager: Mounting plugin DatasmithContent
LogPluginManager: Mounting plugin VariantManagerContent
LogPluginManager: Mounting plugin AlembicImporter
LogPluginManager: Mounting plugin AppleImageUtils
LogPluginManager: Mounting plugin AppleVision
LogPluginManager: Mounting plugin BackChannel
LogPluginManager: Mounting plugin CharacterAI
LogPluginManager: Mounting plugin GeometryCache
LogPluginManager: Mounting plugin HTML5Networking
LogPluginManager: Mounting plugin ProxyLODPlugin
LogPluginManager: Mounting plugin MagicLeap
LogPluginManager: Mounting plugin MagicLeapMedia
LogPluginManager: Mounting plugin AndroidMedia
LogPluginManager: Mounting plugin AvfMedia
LogPluginManager: Mounting plugin ImgMedia
LogPluginManager: Mounting plugin LinearTimecode
LogPluginManager: Mounting plugin MediaCompositing
LogPluginManager: Mounting plugin MediaPlayerEditor
LogPluginManager: Mounting plugin WebMMedia
LogPluginManager: Mounting plugin WmfMedia
LogPluginManager: Mounting plugin TcpMessaging
LogPluginManager: Mounting plugin UdpMessaging
LogPluginManager: Mounting plugin ActorSequence
LogPluginManager: Mounting plugin LevelSequenceEditor
LogPluginManager: Mounting plugin MatineeToLevelSequence
LogPluginManager: Mounting plugin NetcodeUnitTest
LogPluginManager: Mounting plugin NUTUnrealEngine4
LogPluginManager: Mounting plugin OnlineSubsystemGooglePlay
LogPluginManager: Mounting plugin OnlineSubsystemIOS
LogPluginManager: Mounting plugin OnlineSubsystem
LogPluginManager: Mounting plugin OnlineSubsystemNull
LogPluginManager: Mounting plugin OnlineSubsystemUtils
LogPluginManager: Mounting plugin LauncherChunkInstaller
LogPluginManager: Mounting plugin AndroidDeviceProfileSelector
LogPluginManager: Mounting plugin AndroidMoviePlayer
LogPluginManager: Mounting plugin AndroidPermission
LogPluginManager: Mounting plugin AppleMoviePlayer
LogPluginManager: Mounting plugin ArchVisCharacter
LogPluginManager: Mounting plugin AudioCapture
LogPluginManager: Mounting plugin CableComponent
LogPluginManager: Mounting plugin CustomMeshComponent
LogPluginManager: Mounting plugin EditableMesh
LogPluginManager: Mounting plugin ExampleDeviceProfileSelector
LogPluginManager: Mounting plugin Firebase
LogPluginManager: Mounting plugin GoogleCloudMessaging
LogPluginManager: Mounting plugin IOSDeviceProfileSelector
LogPluginManager: Mounting plugin LeapMotion
LogPluginManager: Mounting plugin LinuxDeviceProfileSelector
LogPluginManager: Mounting plugin LocationServicesBPLibrary
LogPluginManager: Mounting plugin MobilePatchingUtils
LogPluginManager: Mounting plugin OculusVR
LogPluginManager: Mounting plugin PhysXVehicles
LogPluginManager: Mounting plugin ProceduralMeshComponent
LogPluginManager: Mounting plugin RuntimePhysXCooking
LogPluginManager: Mounting plugin SteamVR
LogPluginManager: Mounting plugin WebMMoviePlayer
LogPluginManager: Mounting plugin WindowsMoviePlayer
LogPluginManager: Mounting plugin UE4Duino
LogStreaming: Display: Took  0.554s to configure plugins.
LogInit: Using libcurl 7.55.1-DEV
LogInit:  - built for x86_64-pc-win32
LogInit:  - supports SSL with OpenSSL/1.0.2h
LogInit:  - supports HTTP deflate (compression) using libz 1.2.8
LogInit:  - other features:
LogInit:      CURL_VERSION_SSL
LogInit:      CURL_VERSION_LIBZ
LogInit:      CURL_VERSION_IPV6
LogInit:      CURL_VERSION_ASYNCHDNS
LogInit:      CURL_VERSION_LARGEFILE
LogInit:      CURL_VERSION_IDN
LogInit:  CurlRequestOptions (configurable via config and command line):
LogInit:  - bVerifyPeer = true  - Libcurl will verify peer certificate
LogInit:  - bUseHttpProxy = false  - Libcurl will NOT use HTTP proxy
LogInit:  - bDontReuseConnections = false  - Libcurl will reuse connections
LogInit:  - MaxHostConnections = 16  - Libcurl will limit the number of connections to a host
LogInit:  - LocalHostAddr = Default
LogInit:  - BufferSize = 65536
LogInit: WinSock: version 1.1 (2.2), MaxSocks=32767, MaxUdp=65467
LogInit: Build: ++UE4+Release-4.21-CL-4753647
LogInit: Engine Version: 4.21.2-4753647+++UE4+Release-4.21
LogInit: Compatible Engine Version: 4.21.0-4541578+++UE4+Release-4.21
LogInit: Net CL: 4541578
LogInit: OS: Windows 10 (), CPU: AMD A10-8700P Radeon R6, 10 Compute Cores 4C+6G, GPU: AMD Radeon(TM) R6 Graphics
LogInit: Compiled (64-bit): Jan 19 2019 02:07:31
LogInit: Compiled with Visual C++: 19.13.26129.00
LogInit: Build Configuration: Development
LogInit: Branch Name: ++UE4+Release-4.21
LogInit: Command Line: 
LogInit: Base Directory: C:/Program Files/Epic Games/UE_4.21/Engine/Binaries/Win64/
LogInit: Installed Engine Build: 1
LogDevObjectVersion: Number of dev versions registered: 22
LogDevObjectVersion:   Dev-Blueprints (B0D832E4-1F89-4F0D-ACCF-7EB736FD4AA2): 10
LogDevObjectVersion:   Dev-Build (E1C64328-A22C-4D53-A36C-8E866417BD8C): 0
LogDevObjectVersion:   Dev-Core (375EC13C-06E4-48FB-B500-84F0262A717E): 2
LogDevObjectVersion:   Dev-Editor (E4B068ED-F494-42E9-A231-DA0B2E46BB41): 26
LogDevObjectVersion:   Dev-Framework (CFFC743F-43B0-4480-9391-14DF171D2073): 34
LogDevObjectVersion:   Dev-Mobile (B02B49B5-BB20-44E9-A304-32B752E40360): 2
LogDevObjectVersion:   Dev-Networking (A4E4105C-59A1-49B5-A7C5-40C4547EDFEE): 0
LogDevObjectVersion:   Dev-Online (39C831C9-5AE6-47DC-9A44-9C173E1C8E7C): 0
LogDevObjectVersion:   Dev-Physics (78F01B33-EBEA-4F98-B9B4-84EACCB95AA2): 0
LogDevObjectVersion:   Dev-Platform (6631380F-2D4D-43E0-8009-CF276956A95A): 0
LogDevObjectVersion:   Dev-Rendering (12F88B9F-8875-4AFC-A67C-D90C383ABD29): 27
LogDevObjectVersion:   Dev-Sequencer (7B5AE74C-D270-4C10-A958-57980B212A5A): 9
LogDevObjectVersion:   Dev-VR (D7296918-1DD6-4BDD-9DE2-64A83CC13884): 2
LogDevObjectVersion:   Dev-LoadTimes (C2A15278-BFE7-4AFE-6C17-90FF531DF755): 1
LogDevObjectVersion:   Private-Geometry (6EACA3D4-40EC-4CC1-B786-8BED09428FC5): 3
LogDevObjectVersion:   Dev-AnimPhys (29E575DD-E0A3-4627-9D10-D276232CDCEA): 17
LogDevObjectVersion:   Dev-Anim (AF43A65D-7FD3-4947-9873-3E8ED9C1BB05): 2
LogDevObjectVersion:   Dev-ReflectionCapture (6B266CEC-1EC7-4B8F-A30B-E4D90942FC07): 1
LogDevObjectVersion:   Dev-Automation (0DF73D61-A23F-47EA-B727-89E90C41499A): 1
LogDevObjectVersion:   FortniteMain (601D1886-AC64-4F84-AA16-D3DE0DEAC7D6): 17
LogDevObjectVersion:   Dev-Enterprise (9DFFBCD6-494F-0158-E221-12823C92A888): 4
LogDevObjectVersion:   Dev-Niagara (F2AED0AC-9AFE-416F-8664-AA7FFA26D6FC): 1
LogStreaming: Display: Took  0.030s to delete old logs.
LogInit: Presizing for max 8388607 objects, including 0 objects not considered by GC, pre-allocating 0 bytes for permanent pool.
LogInit: Object subsystem initialized
LogConfig: Setting CVar [[con.DebugEarlyDefault:1]]
LogConfig: Setting CVar [[r.setres:1280x720]]
[2019.06.01-22.56.09:517][  0]LogConfig: Setting CVar [[r.VSync:0]]
[2019.06.01-22.56.09:517][  0]LogConfig: Setting CVar [[r.RHICmdBypass:0]]
[2019.06.01-22.56.09:517][  0]LogConfig: Applying CVar settings from Section [/Script/Engine.RendererSettings] File [C:/Users/Samuel/Documents/GitHub/CFE_RV/CFE_LeapMotion2/Saved/Config/Windows/Engine.ini]
[2019.06.01-22.56.09:517][  0]LogConfig: Setting CVar [[r.GPUCrashDebugging:0]]
[2019.06.01-22.56.09:517][  0]LogConfig: Applying CVar settings from Section [/Script/Engine.RendererOverrideSettings] File [C:/Users/Samuel/Documents/GitHub/CFE_RV/CFE_LeapMotion2/Saved/Config/Windows/Engine.ini]
[2019.06.01-22.56.09:517][  0]LogConfig: Applying CVar settings from Section [/Script/Engine.StreamingSettings] File [C:/Users/Samuel/Documents/GitHub/CFE_RV/CFE_LeapMotion2/Saved/Config/Windows/Engine.ini]
[2019.06.01-22.56.09:517][  0]LogConfig: Setting CVar [[s.MinBulkDataSizeForAsyncLoading:131072]]
[2019.06.01-22.56.09:517][  0]LogConfig: Setting CVar [[s.AsyncLoadingThreadEnabled:0]]
[2019.06.01-22.56.09:517][  0]LogConfig: Setting CVar [[s.EventDrivenLoaderEnabled:1]]
[2019.06.01-22.56.09:517][  0]LogConfig: Setting CVar [[s.WarnIfTimeLimitExceeded:0]]
[2019.06.01-22.56.09:517][  0]LogConfig: Setting CVar [[s.TimeLimitExceededMultiplier:1.5]]
[2019.06.01-22.56.09:517][  0]LogConfig: Setting CVar [[s.TimeLimitExceededMinTime:0.005]]
[2019.06.01-22.56.09:517][  0]LogConfig: Setting CVar [[s.UseBackgroundLevelStreaming:1]]
[2019.06.01-22.56.09:517][  0]LogConfig: Setting CVar [[s.PriorityAsyncLoadingExtraTime:15.0]]
[2019.06.01-22.56.09:517][  0]LogConfig: Setting CVar [[s.LevelStreamingActorsUpdateTimeLimit:5.0]]
[2019.06.01-22.56.09:517][  0]LogConfig: Setting CVar [[s.PriorityLevelStreamingActorsUpdateExtraTime:5.0]]
[2019.06.01-22.56.09:517][  0]LogConfig: Setting CVar [[s.LevelStreamingComponentsRegistrationGranularity:10]]
[2019.06.01-22.56.09:517][  0]LogConfig: Setting CVar [[s.UnregisterComponentsTimeLimit:1.0]]
[2019.06.01-22.56.09:517][  0]LogConfig: Setting CVar [[s.LevelStreamingComponentsUnregistrationGranularity:5]]
[2019.06.01-22.56.09:517][  0]LogConfig: Applying CVar settings from Section [/Script/Engine.GarbageCollectionSettings] File [C:/Users/Samuel/Documents/GitHub/CFE_RV/CFE_LeapMotion2/Saved/Config/Windows/Engine.ini]
[2019.06.01-22.56.09:517][  0]LogConfig: Setting CVar [[gc.MaxObjectsNotConsideredByGC:1]]
[2019.06.01-22.56.09:517][  0]LogConfig: Setting CVar [[gc.SizeOfPermanentObjectPool:0]]
[2019.06.01-22.56.09:517][  0]LogConfig: Setting CVar [[gc.FlushStreamingOnGC:0]]
[2019.06.01-22.56.09:517][  0]LogConfig: Setting CVar [[gc.NumRetriesBeforeForcingGC:10]]
[2019.06.01-22.56.09:517][  0]LogConfig: Setting CVar [[gc.AllowParallelGC:1]]
[2019.06.01-22.56.09:517][  0]LogConfig: Setting CVar [[gc.TimeBetweenPurgingPendingKillObjects:61.1]]
[2019.06.01-22.56.09:517][  0]LogConfig: Setting CVar [[gc.MaxObjectsInEditor:8388607]]
[2019.06.01-22.56.09:517][  0]LogConfig: Setting CVar [[gc.IncrementalBeginDestroyEnabled:1]]
[2019.06.01-22.56.09:517][  0]LogConfig: Setting CVar [[gc.CreateGCClusters:1]]
[2019.06.01-22.56.09:517][  0]LogConfig: Setting CVar [[gc.MergeGCClusters:0]]
[2019.06.01-22.56.09:517][  0]LogConfig: Setting CVar [[gc.MinGCClusterSize:5]]
[2019.06.01-22.56.09:517][  0]LogConfig: Setting CVar [[gc.ActorClusteringEnabled:0]]
[2019.06.01-22.56.09:517][  0]LogConfig: Setting CVar [[gc.BlueprintClusteringEnabled:0]]
[2019.06.01-22.56.09:517][  0]LogConfig: Setting CVar [[gc.UseDisregardForGCOnDedicatedServers:0]]
[2019.06.01-22.56.09:517][  0]LogConfig: Applying CVar settings from Section [/Script/Engine.NetworkSettings] File [C:/Users/Samuel/Documents/GitHub/CFE_RV/CFE_LeapMotion2/Saved/Config/Windows/Engine.ini]
[2019.06.01-22.56.09:517][  0]LogConfig: Applying CVar settings from Section [/Script/UnrealEd.CookerSettings] File [C:/Users/Samuel/Documents/GitHub/CFE_RV/CFE_LeapMotion2/Saved/Config/Windows/Engine.ini]
[2019.06.01-22.56.09:517][  0]LogConfig: Applying CVar settings from Section [ViewDistanceQuality@3] File [C:/Users/Samuel/Documents/GitHub/CFE_RV/CFE_LeapMotion2/Saved/Config/Windows/Scalability.ini]
[2019.06.01-22.56.09:517][  0]LogConfig: Setting CVar [[r.SkeletalMeshLODBias:0]]
[2019.06.01-22.56.09:517][  0]LogConfig: Setting CVar [[r.ViewDistanceScale:1.0]]
[2019.06.01-22.56.09:517][  0]LogConfig: Applying CVar settings from Section [AntiAliasingQuality@3] File [C:/Users/Samuel/Documents/GitHub/CFE_RV/CFE_LeapMotion2/Saved/Config/Windows/Scalability.ini]
[2019.06.01-22.56.09:517][  0]LogConfig: Setting CVar [[r.PostProcessAAQuality:4]]
[2019.06.01-22.56.09:517][  0]LogConfig: Applying CVar settings from Section [ShadowQuality@3] File [C:/Users/Samuel/Documents/GitHub/CFE_RV/CFE_LeapMotion2/Saved/Config/Windows/Scalability.ini]
[2019.06.01-22.56.09:517][  0]LogConfig: Setting CVar [[r.LightFunctionQuality:1]]
[2019.06.01-22.56.09:517][  0]LogConfig: Setting CVar [[r.ShadowQuality:5]]
[2019.06.01-22.56.09:517][  0]LogConfig: Setting CVar [[r.Shadow.CSM.MaxCascades:10]]
[2019.06.01-22.56.09:517][  0]LogConfig: Setting CVar [[r.Shadow.MaxResolution:2048]]
[2019.06.01-22.56.09:517][  0]LogConfig: Setting CVar [[r.Shadow.MaxCSMResolution:2048]]
[2019.06.01-22.56.09:517][  0]LogConfig: Setting CVar [[r.Shadow.RadiusThreshold:0.01]]
[2019.06.01-22.56.09:517][  0]LogConfig: Setting CVar [[r.Shadow.DistanceScale:1.0]]
[2019.06.01-22.56.09:517][  0]LogConfig: Setting CVar [[r.Shadow.CSM.TransitionScale:1.0]]
[2019.06.01-22.56.09:517][  0]LogConfig: Setting CVar [[r.Shadow.PreShadowResolutionFactor:1.0]]
[2019.06.01-22.56.09:517][  0]LogConfig: Setting CVar [[r.DistanceFieldShadowing:1]]
[2019.06.01-22.56.09:517][  0]LogConfig: Setting CVar [[r.DistanceFieldAO:1]]
[2019.06.01-22.56.09:517][  0]LogConfig: Setting CVar [[r.AOQuality:2]]
[2019.06.01-22.56.09:517][  0]LogConfig: Setting CVar [[r.VolumetricFog:1]]
[2019.06.01-22.56.09:517][  0]LogConfig: Setting CVar [[r.VolumetricFog.GridPixelSize:8]]
[2019.06.01-22.56.09:517][  0]LogConfig: Setting CVar [[r.VolumetricFog.GridSizeZ:128]]
[2019.06.01-22.56.09:517][  0]LogConfig: Setting CVar [[r.VolumetricFog.HistoryMissSupersampleCount:4]]
[2019.06.01-22.56.09:517][  0]LogConfig: Setting CVar [[r.LightMaxDrawDistanceScale:1]]
[2019.06.01-22.56.09:517][  0]LogConfig: Setting CVar [[r.CapsuleShadows:1]]
[2019.06.01-22.56.09:517][  0]LogConfig: Applying CVar settings from Section [PostProcessQuality@3] File [C:/Users/Samuel/Documents/GitHub/CFE_RV/CFE_LeapMotion2/Saved/Config/Windows/Scalability.ini]
[2019.06.01-22.56.09:517][  0]LogConfig: Setting CVar [[r.MotionBlurQuality:4]]
[2019.06.01-22.56.09:517][  0]LogConfig: Setting CVar [[r.AmbientOcclusionMipLevelFactor:0.4]]
[2019.06.01-22.56.09:517][  0]LogConfig: Setting CVar [[r.AmbientOcclusionMaxQuality:100]]
[2019.06.01-22.56.09:517][  0]LogConfig: Setting CVar [[r.AmbientOcclusionLevels:-1]]
[2019.06.01-22.56.09:517][  0]LogConfig: Setting CVar [[r.AmbientOcclusionRadiusScale:1.0]]
[2019.06.01-22.56.09:517][  0]LogConfig: Setting CVar [[r.DepthOfFieldQuality:2]]
[2019.06.01-22.56.09:517][  0]LogConfig: Setting CVar [[r.RenderTargetPoolMin:400]]
[2019.06.01-22.56.09:517][  0]LogConfig: Setting CVar [[r.LensFlareQuality:2]]
[2019.06.01-22.56.09:517][  0]LogConfig: Setting CVar [[r.SceneColorFringeQuality:1]]
[2019.06.01-22.56.09:517][  0]LogConfig: Setting CVar [[r.EyeAdaptationQuality:2]]
[2019.06.01-22.56.09:517][  0]LogConfig: Setting CVar [[r.BloomQuality:5]]
[2019.06.01-22.56.09:517][  0]LogConfig: Setting CVar [[r.FastBlurThreshold:100]]
[2019.06.01-22.56.09:517][  0]LogConfig: Setting CVar [[r.Upscale.Quality:3]]
[2019.06.01-22.56.09:517][  0]LogConfig: Setting CVar [[r.Tonemapper.GrainQuantization:1]]
[2019.06.01-22.56.09:517][  0]LogConfig: Setting CVar [[r.LightShaftQuality:1]]
[2019.06.01-22.56.09:517][  0]LogConfig: Setting CVar [[r.Filter.SizeScale:1]]
[2019.06.01-22.56.09:517][  0]LogConfig: Setting CVar [[r.Tonemapper.Quality:5]]
[2019.06.01-22.56.09:517][  0]LogConfig: Setting CVar [[r.DOF.Gather.AccumulatorQuality:1        ; higher gathering accumulator quality]]
[2019.06.01-22.56.09:517][  0]LogConfig: Setting CVar [[r.DOF.Gather.PostfilterMethod:1          ; Median3x3 postfilering method]]
[2019.06.01-22.56.09:517][  0]LogConfig: Setting CVar [[r.DOF.Gather.EnableBokehSettings:0       ; no bokeh simulation when gathering]]
[2019.06.01-22.56.09:517][  0]LogConfig: Setting CVar [[r.DOF.Gather.RingCount:4                 ; medium number of samples when gathering]]
[2019.06.01-22.56.09:517][  0]LogConfig: Setting CVar [[r.DOF.Scatter.ForegroundCompositing:1    ; additive foreground scattering]]
[2019.06.01-22.56.09:517][  0]LogConfig: Setting CVar [[r.DOF.Scatter.BackgroundCompositing:2    ; additive background scattering]]
[2019.06.01-22.56.09:517][  0]LogConfig: Setting CVar [[r.DOF.Scatter.EnableBokehSettings:1      ; bokeh simulation when scattering]]
[2019.06.01-22.56.09:517][  0]LogConfig: Setting CVar [[r.DOF.Scatter.MaxSpriteRatio:0.1         ; only a maximum of 10% of scattered bokeh]]
[2019.06.01-22.56.09:517][  0]LogConfig: Setting CVar [[r.DOF.Recombine.Quality:1                ; cheap slight out of focus]]
[2019.06.01-22.56.09:517][  0]LogConfig: Setting CVar [[r.DOF.Recombine.EnableBokehSettings:0    ; no bokeh simulation on slight out of focus]]
[2019.06.01-22.56.09:517][  0]LogConfig: Setting CVar [[r.DOF.TemporalAAQuality:1                ; more stable temporal accumulation]]
[2019.06.01-22.56.09:517][  0]LogConfig: Setting CVar [[r.DOF.Kernel.MaxForegroundRadius:0.025]]
[2019.06.01-22.56.09:517][  0]LogConfig: Setting CVar [[r.DOF.Kernel.MaxBackgroundRadius:0.025]]
[2019.06.01-22.56.09:517][  0]LogConfig: Applying CVar settings from Section [TextureQuality@3] File [C:/Users/Samuel/Documents/GitHub/CFE_RV/CFE_LeapMotion2/Saved/Config/Windows/Scalability.ini]
[2019.06.01-22.56.09:517][  0]LogConfig: Setting CVar [[r.Streaming.MipBias:0]]
[2019.06.01-22.56.09:517][  0]LogConfig: Setting CVar [[r.Streaming.AmortizeCPUToGPUCopy:0]]
[2019.06.01-22.56.09:517][  0]LogConfig: Setting CVar [[r.Streaming.MaxNumTexturesToStreamPerFrame:0]]
[2019.06.01-22.56.09:517][  0]LogConfig: Setting CVar [[r.Streaming.Boost:1]]
[2019.06.01-22.56.09:517][  0]LogConfig: Setting CVar [[r.MaxAnisotropy:8]]
[2019.06.01-22.56.09:517][  0]LogConfig: Setting CVar [[r.Streaming.LimitPoolSizeToVRAM:0]]
[2019.06.01-22.56.09:517][  0]LogConfig: Setting CVar [[r.Streaming.PoolSize:1000]]
[2019.06.01-22.56.09:517][  0]LogConfig: Setting CVar [[r.Streaming.MaxEffectiveScreenSize:0]]
[2019.06.01-22.56.09:517][  0]LogConfig: Applying CVar settings from Section [EffectsQuality@3] File [C:/Users/Samuel/Documents/GitHub/CFE_RV/CFE_LeapMotion2/Saved/Config/Windows/Scalability.ini]
[2019.06.01-22.56.09:517][  0]LogConfig: Setting CVar [[r.TranslucencyLightingVolumeDim:64]]
[2019.06.01-22.56.09:517][  0]LogConfig: Setting CVar [[r.RefractionQuality:2]]
[2019.06.01-22.56.09:517][  0]LogConfig: Setting CVar [[r.SSR.Quality:3]]
[2019.06.01-22.56.09:517][  0]LogConfig: Setting CVar [[r.SceneColorFormat:4]]
[2019.06.01-22.56.09:517][  0]LogConfig: Setting CVar [[r.DetailMode:2]]
[2019.06.01-22.56.09:517][  0]LogConfig: Setting CVar [[r.TranslucencyVolumeBlur:1]]
[2019.06.01-22.56.09:517][  0]LogConfig: Setting CVar [[r.MaterialQualityLevel:1 ; High quality]]
[2019.06.01-22.56.09:517][  0]LogConfig: Setting CVar [[r.SSS.Scale:1]]
[2019.06.01-22.56.09:517][  0]LogConfig: Setting CVar [[r.SSS.SampleSet:2]]
[2019.06.01-22.56.09:517][  0]LogConfig: Setting CVar [[r.SSS.Quality:1]]
[2019.06.01-22.56.09:517][  0]LogConfig: Setting CVar [[r.SSS.HalfRes:1]]
[2019.06.01-22.56.09:517][  0]LogConfig: Setting CVar [[r.EmitterSpawnRateScale:1.0]]
[2019.06.01-22.56.09:517][  0]LogConfig: Setting CVar [[r.ParticleLightQuality:2]]
[2019.06.01-22.56.09:517][  0]LogConfig: Applying CVar settings from Section [FoliageQuality@3] File [C:/Users/Samuel/Documents/GitHub/CFE_RV/CFE_LeapMotion2/Saved/Config/Windows/Scalability.ini]
[2019.06.01-22.56.09:517][  0]LogConfig: Setting CVar [[foliage.DensityScale:1.0]]
[2019.06.01-22.56.09:517][  0]LogConfig: Setting CVar [[grass.DensityScale:1.0]]
[2019.06.01-22.56.09:517][  0]LogInit: Selected Device Profile: [Windows]
[2019.06.01-22.56.09:517][  0]LogInit: Applying CVar settings loaded from the selected device profile: [Windows]
[2019.06.01-22.56.09:595][  0]LogHAL: Display: Platform has ~ 7 GB [7455145984 / 8589934592 / 7], which maps to Smaller [LargestMinGB=32, LargerMinGB=12, DefaultMinGB=8, SmallerMinGB=6, SmallestMinGB=0)
[2019.06.01-22.56.09:595][  0]LogConfig: Setting CVar [[r.Vulkan.UseRealUBs:1]]
[2019.06.01-22.56.09:595][  0]LogInit: Going up to parent DeviceProfile []
[2019.06.01-22.56.09:595][  0]LogConfig: Applying CVar settings from Section [ViewDistanceQuality@1] File [C:/Users/Samuel/Documents/GitHub/CFE_RV/CFE_LeapMotion2/Saved/Config/Windows/Scalability.ini]
[2019.06.01-22.56.09:595][  0]LogConfig: Setting CVar [[r.SkeletalMeshLODBias:1]]
[2019.06.01-22.56.09:595][  0]LogConfig: Setting CVar [[r.ViewDistanceScale:0.6]]
[2019.06.01-22.56.09:595][  0]LogConfig: Applying CVar settings from Section [AntiAliasingQuality@1] File [C:/Users/Samuel/Documents/GitHub/CFE_RV/CFE_LeapMotion2/Saved/Config/Windows/Scalability.ini]
[2019.06.01-22.56.09:595][  0]LogConfig: Setting CVar [[r.PostProcessAAQuality:2]]
[2019.06.01-22.56.09:595][  0]LogConfig: Applying CVar settings from Section [ShadowQuality@1] File [C:/Users/Samuel/Documents/GitHub/CFE_RV/CFE_LeapMotion2/Saved/Config/Windows/Scalability.ini]
[2019.06.01-22.56.09:595][  0]LogConfig: Setting CVar [[r.LightFunctionQuality:1]]
[2019.06.01-22.56.09:595][  0]LogConfig: Setting CVar [[r.ShadowQuality:3]]
[2019.06.01-22.56.09:595][  0]LogConfig: Setting CVar [[r.Shadow.CSM.MaxCascades:1]]
[2019.06.01-22.56.09:595][  0]LogConfig: Setting CVar [[r.Shadow.MaxResolution:1024]]
[2019.06.01-22.56.09:595][  0]LogConfig: Setting CVar [[r.Shadow.MaxCSMResolution:1024]]
[2019.06.01-22.56.09:595][  0]LogConfig: Setting CVar [[r.Shadow.RadiusThreshold:0.05]]
[2019.06.01-22.56.09:595][  0]LogConfig: Setting CVar [[r.Shadow.DistanceScale:0.7]]
[2019.06.01-22.56.09:595][  0]LogConfig: Setting CVar [[r.Shadow.CSM.TransitionScale:0.25]]
[2019.06.01-22.56.09:595][  0]LogConfig: Setting CVar [[r.Shadow.PreShadowResolutionFactor:0.5]]
[2019.06.01-22.56.09:595][  0]LogConfig: Setting CVar [[r.DistanceFieldShadowing:0]]
[2019.06.01-22.56.09:595][  0]LogConfig: Setting CVar [[r.DistanceFieldAO:0]]
[2019.06.01-22.56.09:595][  0]LogConfig: Setting CVar [[r.VolumetricFog:0]]
[2019.06.01-22.56.09:595][  0]LogConfig: Setting CVar [[r.LightMaxDrawDistanceScale:.5]]
[2019.06.01-22.56.09:595][  0]LogConfig: Setting CVar [[r.CapsuleShadows:1]]
[2019.06.01-22.56.09:595][  0]LogConfig: Applying CVar settings from Section [PostProcessQuality@1] File [C:/Users/Samuel/Documents/GitHub/CFE_RV/CFE_LeapMotion2/Saved/Config/Windows/Scalability.ini]
[2019.06.01-22.56.09:595][  0]LogConfig: Setting CVar [[r.MotionBlurQuality:3]]
[2019.06.01-22.56.09:595][  0]LogConfig: Setting CVar [[r.AmbientOcclusionMipLevelFactor:1.0]]
[2019.06.01-22.56.09:595][  0]LogConfig: Setting CVar [[r.AmbientOcclusionMaxQuality:60]]
[2019.06.01-22.56.09:595][  0]LogConfig: Setting CVar [[r.AmbientOcclusionLevels:-1]]
[2019.06.01-22.56.09:595][  0]LogConfig: Setting CVar [[r.AmbientOcclusionRadiusScale:1.5]]
[2019.06.01-22.56.09:595][  0]LogConfig: Setting CVar [[r.DepthOfFieldQuality:1]]
[2019.06.01-22.56.09:595][  0]LogConfig: Setting CVar [[r.RenderTargetPoolMin:350]]
[2019.06.01-22.56.09:595][  0]LogConfig: Setting CVar [[r.LensFlareQuality:0]]
[2019.06.01-22.56.09:595][  0]LogConfig: Setting CVar [[r.SceneColorFringeQuality:0]]
[2019.06.01-22.56.09:595][  0]LogConfig: Setting CVar [[r.EyeAdaptationQuality:0]]
[2019.06.01-22.56.09:595][  0]LogConfig: Setting CVar [[r.BloomQuality:4]]
[2019.06.01-22.56.09:595][  0]LogConfig: Setting CVar [[r.FastBlurThreshold:2]]
[2019.06.01-22.56.09:595][  0]LogConfig: Setting CVar [[r.Upscale.Quality:2]]
[2019.06.01-22.56.09:595][  0]LogConfig: Setting CVar [[r.Tonemapper.GrainQuantization:0]]
[2019.06.01-22.56.09:595][  0]LogConfig: Setting CVar [[r.LightShaftQuality:0]]
[2019.06.01-22.56.09:595][  0]LogConfig: Setting CVar [[r.Filter.SizeScale:0.7]]
[2019.06.01-22.56.09:595][  0]LogConfig: Setting CVar [[r.Tonemapper.Quality:2]]
[2019.06.01-22.56.09:595][  0]LogConfig: Setting CVar [[r.DOF.Gather.AccumulatorQuality:0        ; lower gathering accumulator quality]]
[2019.06.01-22.56.09:595][  0]LogConfig: Setting CVar [[r.DOF.Gather.PostfilterMethod:2          ; Max3x3 postfilering method]]
[2019.06.01-22.56.09:595][  0]LogConfig: Setting CVar [[r.DOF.Gather.EnableBokehSettings:0       ; no bokeh simulation when gathering]]
[2019.06.01-22.56.09:595][  0]LogConfig: Setting CVar [[r.DOF.Gather.RingCount:3                 ; low number of samples when gathering]]
[2019.06.01-22.56.09:595][  0]LogConfig: Setting CVar [[r.DOF.Scatter.ForegroundCompositing:0    ; no foreground scattering]]
[2019.06.01-22.56.09:595][  0]LogConfig: Setting CVar [[r.DOF.Scatter.BackgroundCompositing:0    ; no foreground scattering]]
[2019.06.01-22.56.09:595][  0]LogConfig: Setting CVar [[r.DOF.Recombine.Quality:0                ; no slight out of focus]]
[2019.06.01-22.56.09:595][  0]LogConfig: Setting CVar [[r.DOF.TemporalAAQuality:0                ; faster temporal accumulation]]
[2019.06.01-22.56.09:595][  0]LogConfig: Setting CVar [[r.DOF.Kernel.MaxForegroundRadius:0.006   ; required because low gathering and no scattering and not looking great at 1080p]]
[2019.06.01-22.56.09:595][  0]LogConfig: Setting CVar [[r.DOF.Kernel.MaxBackgroundRadius:0.006   ; required because low gathering and no scattering and not looking great at 1080p]]
[2019.06.01-22.56.09:595][  0]LogConfig: Applying CVar settings from Section [TextureQuality@1] File [C:/Users/Samuel/Documents/GitHub/CFE_RV/CFE_LeapMotion2/Saved/Config/Windows/Scalability.ini]
[2019.06.01-22.56.09:595][  0]LogConfig: Setting CVar [[r.Streaming.MipBias:1]]
[2019.06.01-22.56.09:595][  0]LogConfig: Setting CVar [[r.Streaming.AmortizeCPUToGPUCopy:0]]
[2019.06.01-22.56.09:595][  0]LogConfig: Setting CVar [[r.Streaming.MaxNumTexturesToStreamPerFrame:0]]
[2019.06.01-22.56.09:595][  0]LogConfig: Setting CVar [[r.Streaming.Boost:1]]
[2019.06.01-22.56.09:595][  0]LogConfig: Setting CVar [[r.MaxAnisotropy:2]]
[2019.06.01-22.56.09:595][  0]LogConfig: Setting CVar [[r.Streaming.LimitPoolSizeToVRAM:1]]
[2019.06.01-22.56.09:595][  0]LogConfig: Setting CVar [[r.Streaming.PoolSize:600]]
[2019.06.01-22.56.09:595][  0]LogConfig: Setting CVar [[r.Streaming.MaxEffectiveScreenSize:0]]
[2019.06.01-22.56.09:595][  0]LogConfig: Applying CVar settings from Section [EffectsQuality@1] File [C:/Users/Samuel/Documents/GitHub/CFE_RV/CFE_LeapMotion2/Saved/Config/Windows/Scalability.ini]
[2019.06.01-22.56.09:595][  0]LogConfig: Setting CVar [[r.TranslucencyLightingVolumeDim:32]]
[2019.06.01-22.56.09:595][  0]LogConfig: Setting CVar [[r.RefractionQuality:0]]
[2019.06.01-22.56.09:595][  0]LogConfig: Setting CVar [[r.SSR.Quality:0]]
[2019.06.01-22.56.09:595][  0]LogConfig: Setting CVar [[r.SceneColorFormat:3]]
[2019.06.01-22.56.09:595][  0]LogConfig: Setting CVar [[r.DetailMode:1]]
[2019.06.01-22.56.09:595][  0]LogConfig: Setting CVar [[r.TranslucencyVolumeBlur:0]]
[2019.06.01-22.56.09:595][  0]LogConfig: Setting CVar [[r.MaterialQualityLevel:2 ; Medium quality]]
[2019.06.01-22.56.09:595][  0]LogConfig: Setting CVar [[r.SSS.Scale:0.75]]
[2019.06.01-22.56.09:595][  0]LogConfig: Setting CVar [[r.SSS.SampleSet:0]]
[2019.06.01-22.56.09:595][  0]LogConfig: Setting CVar [[r.SSS.Quality:0]]
[2019.06.01-22.56.09:595][  0]LogConfig: Setting CVar [[r.SSS.HalfRes:1]]
[2019.06.01-22.56.09:595][  0]LogConfig: Setting CVar [[r.EmitterSpawnRateScale:0.25]]
[2019.06.01-22.56.09:595][  0]LogConfig: Setting CVar [[r.ParticleLightQuality:0]]
[2019.06.01-22.56.09:595][  0]LogConfig: Applying CVar settings from Section [FoliageQuality@1] File [C:/Users/Samuel/Documents/GitHub/CFE_RV/CFE_LeapMotion2/Saved/Config/Windows/Scalability.ini]
[2019.06.01-22.56.09:595][  0]LogConfig: Setting CVar [[foliage.DensityScale:0.4]]
[2019.06.01-22.56.09:595][  0]LogConfig: Setting CVar [[grass.DensityScale:0.4]]
[2019.06.01-22.56.09:595][  0]LogConfig: Applying CVar settings from Section [Startup] File [../../../Engine/Config/ConsoleVariables.ini]
[2019.06.01-22.56.09:651][  0]LogConfig: Setting CVar [[net.UseAdaptiveNetUpdateFrequency:0]]
[2019.06.01-22.56.09:651][  0]LogConfig: Applying CVar settings from Section [ConsoleVariables] File [C:/Users/Samuel/Documents/GitHub/CFE_RV/CFE_LeapMotion2/Saved/Config/Windows/Engine.ini]
[2019.06.01-22.56.09:651][  0]LogInit: Computer: DESKTOP-RTM83TK
[2019.06.01-22.56.09:651][  0]LogInit: User: Samuel
[2019.06.01-22.56.09:651][  0]LogInit: CPU Page size=4096, Cores=4
[2019.06.01-22.56.09:651][  0]LogInit: High frequency timer resolution =10.000000 MHz
[2019.06.01-22.56.09:652][  0]LogMemory: Memory total: Physical=6.9GB (7GB approx)
[2019.06.01-22.56.09:652][  0]LogMemory: Platform Memory Stats for Windows
[2019.06.01-22.56.09:652][  0]LogMemory: Process Physical Memory: 104.04 MB used, 104.05 MB peak
[2019.06.01-22.56.09:652][  0]LogMemory: Process Virtual Memory: 97.45 MB used, 97.45 MB peak
[2019.06.01-22.56.09:652][  0]LogMemory: Physical Memory: 3329.26 MB used,  3780.52 MB free, 7109.78 MB total
[2019.06.01-22.56.09:652][  0]LogMemory: Virtual Memory: 4643.13 MB used,  134213088.00 MB free, 134217728.00 MB total
[2019.06.01-22.56.10:343][  0]LogInit: Overriding language with editor language configuration option (en).
[2019.06.01-22.56.10:343][  0]LogInit: Overriding locale with editor locale configuration option (en).
[2019.06.01-22.56.11:806][  0]LogStreaming: Display: Took  1.464s to InitEngineTextLocalization.
[2019.06.01-22.56.11:807][  0]LogInit: Setting process to per monitor DPI aware
[2019.06.01-22.56.12:275][  0]LogSlate: New Slate User Created.  User Index 0, Is Virtual User: 0
[2019.06.01-22.56.12:275][  0]LogSlate: Slate User Registered.  User Index 0, Is Virtual User: 0
[2019.06.01-22.56.24:158][  0]LogHMD: Failed to initialize OpenVR with code 110
[2019.06.01-22.56.24:158][  0]LogD3D11RHI: D3D11 adapters:
[2019.06.01-22.56.24:446][  0]LogD3D11RHI:    0. 'AMD Radeon(TM) R6 Graphics' (Feature Level 11_0)
[2019.06.01-22.56.24:446][  0]LogD3D11RHI:       1012/0/3554 MB DedicatedVideo/DedicatedSystem/SharedSystem, Outputs:1, VendorId:0x1002
[2019.06.01-22.56.24:450][  0]LogD3D11RHI:    1. 'Microsoft Basic Render Driver' (Feature Level 11_0)
[2019.06.01-22.56.24:451][  0]LogD3D11RHI:       0/0/3554 MB DedicatedVideo/DedicatedSystem/SharedSystem, Outputs:0, VendorId:0x1414
[2019.06.01-22.56.24:451][  0]LogD3D11RHI: Chosen D3D11 Adapter: 0
[2019.06.01-22.56.24:465][  0]LogD3D11RHI: Creating new Direct3DDevice
[2019.06.01-22.56.24:465][  0]LogD3D11RHI:     GPU DeviceId: 0x9874 (for the marketing name, search the web for "GPU Device Id")
[2019.06.01-22.56.24:465][  0]LogWindows: EnumDisplayDevices:
[2019.06.01-22.56.24:465][  0]LogWindows:    0. 'AMD Radeon(TM) R6 Graphics' (P:1 D:1)
[2019.06.01-22.56.24:466][  0]LogWindows:    1. 'AMD Radeon(TM) R6 Graphics' (P:0 D:0)
[2019.06.01-22.56.24:466][  0]LogWindows:    2. 'AMD Radeon(TM) R6 Graphics' (P:0 D:0)
[2019.06.01-22.56.24:467][  0]LogWindows: DebugString: FoundDriverCount:3 
[2019.06.01-22.56.24:467][  0]LogD3D11RHI:     Adapter Name: AMD Radeon(TM) R6 Graphics
[2019.06.01-22.56.24:467][  0]LogD3D11RHI:   Driver Version: 15.201.1101.1002 (internal:15.201.1101.1002, unified:15.201.1101.1002)
[2019.06.01-22.56.24:467][  0]LogD3D11RHI:      Driver Date: 8-21-2015
[2019.06.01-22.56.24:467][  0]LogRHI: Texture pool is 708 MB (70% of 1012 MB)
[2019.06.01-22.56.24:681][  0]LogD3D11RHI: Async texture creation enabled
[2019.06.01-22.56.24:726][  0]LogD3D11RHI: GPU Timing Frequency: 27.000000 (Debug: 2 2)
[2019.06.01-22.56.25:990][  0]LogTemp: Display: Loaded TP AllDesktopTargetPlatform
[2019.06.01-22.56.26:031][  0]LogTemp: Display: Loaded TP MacClientTargetPlatform
[2019.06.01-22.56.26:066][  0]LogTemp: Display: Loaded TP MacNoEditorTargetPlatform
[2019.06.01-22.56.26:107][  0]LogTemp: Display: Loaded TP MacServerTargetPlatform
[2019.06.01-22.56.26:190][  0]LogTemp: Display: Loaded TP MacTargetPlatform
[2019.06.01-22.56.26:234][  0]LogTemp: Display: Loaded TP WindowsClientTargetPlatform
[2019.06.01-22.56.26:281][  0]LogTemp: Display: Loaded TP WindowsNoEditorTargetPlatform
[2019.06.01-22.56.26:316][  0]LogTemp: Display: Loaded TP WindowsServerTargetPlatform
[2019.06.01-22.56.26:368][  0]LogTemp: Display: Loaded TP WindowsTargetPlatform
[2019.06.01-22.56.26:602][  0]LogTemp: Display: Loaded TP AndroidTargetPlatform
[2019.06.01-22.56.26:602][  0]LogTemp: Display: Loaded TP AndroidTargetPlatform
[2019.06.01-22.56.26:602][  0]LogTemp: Display: Loaded TP AndroidTargetPlatform
[2019.06.01-22.56.26:602][  0]LogTemp: Display: Loaded TP AndroidTargetPlatform
[2019.06.01-22.56.26:602][  0]LogTemp: Display: Loaded TP AndroidTargetPlatform
[2019.06.01-22.56.26:602][  0]LogTemp: Display: Loaded TP AndroidTargetPlatform
[2019.06.01-22.56.26:603][  0]LogTemp: Display: Loaded TP AndroidTargetPlatform
[2019.06.01-22.56.26:603][  0]LogTemp: Display: Loaded TP AndroidTargetPlatform
[2019.06.01-22.56.26:603][  0]LogTemp: Display: Loaded TP AndroidTargetPlatform
[2019.06.01-22.56.26:603][  0]LogTemp: Display: Loaded TP AndroidTargetPlatform
[2019.06.01-22.56.26:603][  0]LogTemp: Display: Loaded TP AndroidTargetPlatform
[2019.06.01-22.56.26:603][  0]LogTemp: Display: Loaded TP AndroidTargetPlatform
[2019.06.01-22.56.26:603][  0]LogTemp: Display: Loaded TP AndroidTargetPlatform
[2019.06.01-22.56.26:603][  0]LogTemp: Display: Loaded TP AndroidTargetPlatform
[2019.06.01-22.56.26:603][  0]LogTemp: Display: Loaded TP AndroidTargetPlatform
[2019.06.01-22.56.26:603][  0]LogTemp: Display: Loaded TP AndroidTargetPlatform
[2019.06.01-22.56.26:603][  0]LogTemp: Display: Loaded TP AndroidTargetPlatform
[2019.06.01-22.56.26:603][  0]LogTemp: Display: Loaded TP AndroidTargetPlatform
[2019.06.01-22.56.26:625][  0]LogTemp: Display: Loaded TP HTML5TargetPlatform
[2019.06.01-22.56.26:791][  0]LogTemp: Display: Loaded TP IOSTargetPlatform
[2019.06.01-22.56.26:791][  0]LogTemp: Display: Loaded TP IOSTargetPlatform
[2019.06.01-22.56.26:856][  0]LogTemp: Display: Loaded TP TVOSTargetPlatform
[2019.06.01-22.56.26:856][  0]LogTemp: Display: Loaded TP TVOSTargetPlatform
[2019.06.01-22.56.26:894][  0]LogTemp: Display: Loaded TP LinuxClientTargetPlatform
[2019.06.01-22.56.26:936][  0]LogTemp: Display: Loaded TP LinuxNoEditorTargetPlatform
[2019.06.01-22.56.26:975][  0]LogTemp: Display: Loaded TP LinuxServerTargetPlatform
[2019.06.01-22.56.27:067][  0]LogTemp: Display: Loaded TP LinuxTargetPlatform
[2019.06.01-22.56.27:178][  0]LogTemp: Display: Loaded TP LuminTargetPlatform
[2019.06.01-22.56.27:178][  0]LogTemp: Display: Loaded TP LuminTargetPlatform
[2019.06.01-22.56.27:178][  0]LogTargetPlatformManager: Display: Building Assets For Windows
[2019.06.01-22.56.27:847][  0]LogShaderCompilers: Guid format shader working directory is -24 characters bigger than the processId version (../../../../../../Users/Samuel/Documents/GitHub/CFE_RV/CFE_LeapMotion2/Intermediate/Shaders/WorkingDirectory/11720/).
[2019.06.01-22.56.27:848][  0]LogShaderCompilers: Cleaned the shader compiler working directory 'C:/Users/Samuel/AppData/Local/Temp/UnrealShaderWorkingDir/063D14C7405B134F8932E4A2FE492A04/'.
[2019.06.01-22.56.27:860][  0]LogXGEController: Cleaning working directory: C:/Users/Samuel/AppData/Local/Temp/UnrealXGEWorkingDir/
[2019.06.01-22.56.27:861][  0]LogXGEController: Cannot use XGE Controller as Incredibuild is not installed on this machine.
[2019.06.01-22.56.27:861][  0]LogShaderCompilers: Cannot use XGE Shader Compiler as Incredibuild is not installed on this machine.
[2019.06.01-22.56.27:861][  0]LogShaderCompilers: Display: Using Local Shader Compiler.
[2019.06.01-22.56.35:199][  0]LogDerivedDataCache: Display: Max Cache Size: 512 MB
[2019.06.01-22.56.36:279][  0]LogDerivedDataCache: Loaded boot cache 1.07s 71MB C:/Users/Samuel/AppData/Local/UnrealEngine/4.21/DerivedDataCache/Boot.ddc.
[2019.06.01-22.56.36:279][  0]LogDerivedDataCache: Display: Loaded Boot cache: C:/Users/Samuel/AppData/Local/UnrealEngine/4.21/DerivedDataCache/Boot.ddc
[2019.06.01-22.56.36:279][  0]LogDerivedDataCache: FDerivedDataBackendGraph:  Pak pak cache file ../../../../../../Users/Samuel/Documents/GitHub/CFE_RV/CFE_LeapMotion2/DerivedDataCache/DDC.ddp not found, will not use a pak cache.
[2019.06.01-22.56.36:279][  0]LogDerivedDataCache: Unable to find inner node Pak for hierarchical cache Hierarchy.
[2019.06.01-22.56.36:279][  0]LogDerivedDataCache: FDerivedDataBackendGraph:  CompressedPak pak cache file ../../../../../../Users/Samuel/Documents/GitHub/CFE_RV/CFE_LeapMotion2/DerivedDataCache/Compressed.ddp not found, will not use a pak cache.
[2019.06.01-22.56.36:279][  0]LogDerivedDataCache: Unable to find inner node CompressedPak for hierarchical cache Hierarchy.
[2019.06.01-22.56.36:368][  0]LogDerivedDataCache: Display: Pak cache opened for reading ../../../Engine/DerivedDataCache/Compressed.ddp.
[2019.06.01-22.56.36:369][  0]LogDerivedDataCache: FDerivedDataBackendGraph:  EnterprisePak pak cache file ../../../Enterprise/DerivedDataCache/Compressed.ddp not found, will not use a pak cache.
[2019.06.01-22.56.36:369][  0]LogDerivedDataCache: Unable to find inner node EnterprisePak for hierarchical cache Hierarchy.
[2019.06.01-22.56.36:394][  0]LogDerivedDataCache: Using Local data cache path C:/Users/Samuel/AppData/Local/UnrealEngine/Common/DerivedDataCache: Writable
[2019.06.01-22.56.36:394][  0]LogDerivedDataCache: Shared data cache path not found in *engine.ini, will not use an Shared cache.
[2019.06.01-22.56.36:394][  0]LogDerivedDataCache: Unable to find inner node Shared for hierarchical cache Hierarchy.
[2019.06.01-22.56.36:442][  0]LogMaterial: Verifying Global Shaders for PCD3D_SM5
[2019.06.01-22.56.36:452][  0]LogSlate: Using FreeType 2.6.0
[2019.06.01-22.56.36:524][  0]LogSlate: SlateFontServices - WITH_FREETYPE: 1, WITH_HARFBUZZ: 1
[2019.06.01-22.56.38:524][  0]LogAssetRegistry: FAssetRegistry took 0.0474 seconds to start up
[2019.06.01-22.56.40:503][  0]LogInit: Selected Device Profile: [Windows]
[2019.06.01-22.56.41:814][  0]LogSimplygon: Simplygon DLL not present - disabling.
[2019.06.01-22.56.41:863][  0]LogMeshReduction: Using SimplygonSwarm for distributed automatic mesh merging
[2019.06.01-22.56.41:863][  0]LogMeshReduction: Using ProxyLODMeshReduction for automatic mesh merging
[2019.06.01-22.56.41:863][  0]LogMeshReduction: Using QuadricMeshReduction for automatic static mesh reduction
[2019.06.01-22.56.41:863][  0]LogMeshReduction: No automatic skeletal mesh reduction module available
[2019.06.01-22.56.42:204][  0]LogNetVersion: CFE_LeapMotion 1.0.0, NetCL: 4541578, EngineNetVer: 5, GameNetVer: 0 (Checksum: 1837852655)
[2019.06.01-22.56.47:122][  0]LogPackageLocalizationCache: Processed 12 localized package path(s) for 1 prioritized culture(s) in 0.240428 seconds
[2019.06.01-22.56.47:135][  0]LogUObjectArray: 39775 objects as part of root set at end of initial load.
[2019.06.01-22.56.47:135][  0]LogUObjectAllocator: 6914656 out of 0 bytes used by permanent object pool.
[2019.06.01-22.56.47:135][  0]LogUObjectArray: CloseDisregardForGC: 0/0 objects in disregard for GC pool
[2019.06.01-22.57.10:817][  0]LogTcpMessaging: Initializing TcpMessaging bridge
[2019.06.01-22.57.10:853][  0]LogUdpMessaging: Initializing bridge on interface 0.0.0.0:0 to multicast group 230.0.0.1:6666.
[2019.06.01-22.57.12:929][  0]UE4DuinoLog: Warning: UE4Duino: Log Started
[2019.06.01-22.57.13:728][  0]SourceControl: Source control is disabled
[2019.06.01-22.57.17:715][  0]LogAndroidPermission: UAndroidPermissionCallbackProxy::GetInstance
[2019.06.01-22.57.18:167][  0]LogWindows: Failed to load '../../../Engine/Binaries/ThirdParty/LeapMotion/Win64/LeapC.dll' (GetLastError=126)
[2019.06.01-22.57.18:167][  0]LogWindows: File '../../../Engine/Binaries/ThirdParty/LeapMotion/Win64/LeapC.dll' does not exist
[2019.06.01-22.57.18:167][  0]LeapMotionLog: Leap Plugin started v3.3.1
[2019.06.01-22.57.18:194][  0]LogOcInput: OculusInput pre-init called
[2019.06.01-22.57.18:796][  0]LogClass: Warning: ObjectProperty FMappedBoneAnimData::BodyStateSkeleton is not initialized properly
[2019.06.01-22.57.18:796][  0]LogClass: Warning: FBodyStateDeviceConfig::InputType is not initialized properly
[2019.06.01-22.57.18:827][  0]LogClass: Warning: FLeapStats::FrameExtrapolationInMS is not initialized properly
[2019.06.01-22.57.18:827][  0]LogClass: Display: 3 Uninitialized script stuct members found
[2019.06.01-22.57.18:857][  0]LogAutomationTest: Warning: ObjectProperty FMappedBoneAnimData::BodyStateSkeleton is not initialized properly
[2019.06.01-22.57.18:857][  0]LogAutomationTest: Warning: FBodyStateDeviceConfig::InputType is not initialized properly
[2019.06.01-22.57.18:857][  0]LogAutomationTest: Warning: FLeapStats::FrameExtrapolationInMS is not initialized properly
[2019.06.01-22.57.18:875][  0]LogEngine: Initializing Engine...
[2019.06.01-22.57.18:888][  0]LogHMD: Failed to initialize OpenVR with code 110
[2019.06.01-22.57.18:899][  0]LogStats: UGameplayTagsManager::ConstructGameplayTagTree: ImportINI prefixes -  0.000 s
[2019.06.01-22.57.18:900][  0]LogStats: UGameplayTagsManager::ConstructGameplayTagTree: Construct from data asset -  0.000 s
[2019.06.01-22.57.18:900][  0]LogStats: UGameplayTagsManager::ConstructGameplayTagTree: ImportINI -  0.000 s
[2019.06.01-22.57.18:900][  0]LogStats: UGameplayTagsManager::ConstructGameplayTagTree: GameplayTagTreeChangedEvent.Broadcast -  0.000 s
[2019.06.01-22.57.20:537][  0]LogInit: Initializing FReadOnlyCVARCache
[2019.06.01-22.57.20:672][  0]LogAIModule: Creating AISystem for world Untitled
[2019.06.01-22.57.20:704][  0]LogInit: XAudio2 using 'Altavoces (Conexant SmartAudio HD)' : 2 channels at 48 kHz using 32 bits per sample (channel mask 0x3)
[2019.06.01-22.57.20:830][  0]LogInit: FAudioDevice initialized.
[2019.06.01-22.57.20:830][  0]LogNetVersion: Set ProjectVersion to 1.0.0.0. Version Checksum will be recalculated on next use.
[2019.06.01-22.57.21:181][  0]LogDerivedDataCache: Saved boot cache 0.35s 71MB C:/Users/Samuel/AppData/Local/UnrealEngine/4.21/DerivedDataCache/Boot.ddc.
[2019.06.01-22.57.21:211][  0]LogInit: Texture streaming: Enabled
[2019.06.01-22.57.21:610][  0]LogEngineSessionManager: EngineSessionManager initialized
[2019.06.01-22.57.21:975][  0]LogInit: Transaction tracking system initialized
[2019.06.01-22.57.22:819][  0]BlueprintLog: New page: Editor Load
[2019.06.01-22.57.24:788][  0]LocalizationService: Localization service is disabled
[2019.06.01-22.57.33:889][  0]LogFileCache: Scanning file cache for directory 'C:/Users/Samuel/Documents/GitHub/CFE_RV/CFE_LeapMotion2/Content/' took 0.04s
[2019.06.01-22.57.33:889][  0]LogCook: Display: Max memory allowance for cook 16384mb min free memory 0mb
[2019.06.01-22.57.33:889][  0]LogCook: Display: Mobile HDR setting 1
[2019.06.01-22.57.33:922][  0]LogGameplayTags: Display: UGameplayTagsManager::DoneAddingNativeTags. DelegateIsBound: 0
[2019.06.01-22.57.33:978][  0]LogStats: UGameplayTagsManager::ConstructGameplayTagTree: ImportINI prefixes -  0.000 s
[2019.06.01-22.57.33:978][  0]LogStats: UGameplayTagsManager::ConstructGameplayTagTree: Construct from data asset -  0.000 s
[2019.06.01-22.57.33:979][  0]LogStats: UGameplayTagsManager::ConstructGameplayTagTree: ImportINI -  0.000 s
[2019.06.01-22.57.33:979][  0]LogStats: UGameplayTagsManager::ConstructGameplayTagTree: GameplayTagTreeChangedEvent.Broadcast -  0.000 s
[2019.06.01-22.57.39:916][  0]Cmd: MAP LOAD FILE="../../../../../../Users/Samuel/Documents/GitHub/CFE_RV/CFE_LeapMotion2/Content/StarterContent/Maps/Minimal_Default.umap" TEMPLATE=0 SHOWPROGRESS=1 FEATURELEVEL=3
[2019.06.01-22.57.39:987][  0]LightingResults: New page: Lighting Build
[2019.06.01-22.57.40:069][  0]MapCheck: New page: Map Check
[2019.06.01-22.57.40:069][  0]LightingResults: New page: Lighting Build
[2019.06.01-22.58.17:944][  0]LogAIModule: Creating AISystem for world Minimal_Default
[2019.06.01-22.58.18:139][  0]LogEditorServer: Finished looking for orphan Actors (0.000 secs)
[2019.06.01-22.58.18:385][  0]Cmd: MAP CHECKDEP NOCLEARLOG
[2019.06.01-22.58.18:387][  0]MapCheck: Map check complete: 0 Error(s), 0 Warning(s), took 0.426ms to complete.
[2019.06.01-22.58.18:412][  0]LogFileHelpers: Loading map 'Minimal_Default' took 38.495
[2019.06.01-22.58.20:551][  0]LogSlate: Updating window title bar state: overlay mode, drag disabled, window buttons hidden, title bar hidden
[2019.06.01-22.58.20:568][  0]LogSlate: Updating window title bar state: overlay mode, drag disabled, window buttons hidden, title bar hidden
[2019.06.01-22.58.20:584][  0]LogSlate: Updating window title bar state: overlay mode, drag disabled, window buttons hidden, title bar hidden
[2019.06.01-22.58.20:601][  0]LogSlate: Updating window title bar state: overlay mode, drag disabled, window buttons hidden, title bar hidden
[2019.06.01-22.58.21:501][  0]LogCollectionManager: Loaded 0 collections in 0.079956 seconds
[2019.06.01-22.58.21:891][  0]LogFileCache: Scanning file cache for directory 'C:/Users/Samuel/Documents/GitHub/CFE_RV/CFE_LeapMotion2/Saved/Collections/' took 0.01s
[2019.06.01-22.58.21:891][  0]LogFileCache: Scanning file cache for directory 'C:/Users/Samuel/Documents/GitHub/CFE_RV/CFE_LeapMotion2/Content/Developers/Samuel/Collections/' took 0.01s
[2019.06.01-22.58.21:891][  0]LogFileCache: Scanning file cache for directory 'C:/Users/Samuel/Documents/GitHub/CFE_RV/CFE_LeapMotion2/Content/Collections/' took 0.00s
[2019.06.01-22.58.21:891][  0]LogCollectionManager: Rebuilt the GUID cache for 0 collections in 0.000001 seconds
[2019.06.01-22.58.22:010][  0]LogContentBrowser: Native class hierarchy populated in 0.0696 seconds. Added 2666 classes and 631 folders.
[2019.06.01-22.58.22:356][  0]LogContentBrowser: Native class hierarchy updated for 'WidgetCarousel' in 0.0007 seconds. Added 0 classes and 0 folders.
[2019.06.01-22.58.22:808][  0]LogPakFile: Registered encryption key '00000000000000000000000000000000': 0 pak files mounted, 0 remain pending
[2019.06.01-22.58.23:009][  0]LogPakFile: Registered encryption key '00000000000000000000000000000000': 0 pak files mounted, 0 remain pending
[2019.06.01-22.58.23:082][  0]LogPakFile: Registered encryption key '00000000000000000000000000000000': 0 pak files mounted, 0 remain pending
[2019.06.01-22.58.23:116][  0]LogPakFile: Registered encryption key '00000000000000000000000000000000': 0 pak files mounted, 0 remain pending
[2019.06.01-22.58.23:192][  0]LogPakFile: Registered encryption key '00000000000000000000000000000000': 0 pak files mounted, 0 remain pending
[2019.06.01-22.58.23:266][  0]LogPakFile: Registered encryption key '00000000000000000000000000000000': 0 pak files mounted, 0 remain pending
[2019.06.01-22.58.23:373][  0]LogPakFile: Registered encryption key '00000000000000000000000000000000': 0 pak files mounted, 0 remain pending
[2019.06.01-22.58.23:461][  0]LogPakFile: Registered encryption key '00000000000000000000000000000000': 0 pak files mounted, 0 remain pending
[2019.06.01-22.58.23:546][  0]LogPakFile: Registered encryption key '00000000000000000000000000000000': 0 pak files mounted, 0 remain pending
[2019.06.01-22.58.23:814][  0]LogPakFile: Registered encryption key '00000000000000000000000000000000': 0 pak files mounted, 0 remain pending
[2019.06.01-22.58.23:945][  0]LogPakFile: Registered encryption key '00000000000000000000000000000000': 0 pak files mounted, 0 remain pending
[2019.06.01-22.58.24:003][  0]LogPakFile: Registered encryption key '00000000000000000000000000000000': 0 pak files mounted, 0 remain pending
[2019.06.01-22.58.24:096][  0]LogPakFile: Registered encryption key '00000000000000000000000000000000': 0 pak files mounted, 0 remain pending
[2019.06.01-22.58.24:192][  0]LogPakFile: Registered encryption key '00000000000000000000000000000000': 0 pak files mounted, 0 remain pending
[2019.06.01-22.58.24:302][  0]LogPakFile: Registered encryption key '00000000000000000000000000000000': 0 pak files mounted, 0 remain pending
[2019.06.01-22.58.24:350][  0]LogPakFile: Registered encryption key '00000000000000000000000000000000': 0 pak files mounted, 0 remain pending
[2019.06.01-22.58.24:397][  0]LogPakFile: Registered encryption key '00000000000000000000000000000000': 0 pak files mounted, 0 remain pending
[2019.06.01-22.58.24:463][  0]LogPakFile: Registered encryption key '00000000000000000000000000000000': 0 pak files mounted, 0 remain pending
[2019.06.01-22.58.24:545][  0]LogPakFile: Registered encryption key '00000000000000000000000000000000': 0 pak files mounted, 0 remain pending
[2019.06.01-22.58.24:647][  0]LogPakFile: Registered encryption key '00000000000000000000000000000000': 0 pak files mounted, 0 remain pending
[2019.06.01-22.58.24:806][  0]LogPakFile: Registered encryption key '00000000000000000000000000000000': 0 pak files mounted, 0 remain pending
[2019.06.01-22.58.24:851][  0]LogPakFile: Registered encryption key '00000000000000000000000000000000': 0 pak files mounted, 0 remain pending
[2019.06.01-22.58.24:953][  0]LogPakFile: Registered encryption key '00000000000000000000000000000000': 0 pak files mounted, 0 remain pending
[2019.06.01-22.58.25:041][  0]LogPakFile: Registered encryption key '00000000000000000000000000000000': 0 pak files mounted, 0 remain pending
[2019.06.01-22.58.25:128][  0]LogPakFile: Registered encryption key '00000000000000000000000000000000': 0 pak files mounted, 0 remain pending
[2019.06.01-22.58.25:366][  0]LogPakFile: Registered encryption key '00000000000000000000000000000000': 0 pak files mounted, 0 remain pending
[2019.06.01-22.58.30:448][  0]LogContentBrowser: Native class hierarchy updated for 'AddContentDialog' in 0.0006 seconds. Added 0 classes and 0 folders.
[2019.06.01-22.58.30:596][  0]LogContentBrowser: Native class hierarchy updated for 'SceneOutliner' in 0.0007 seconds. Added 1 classes and 2 folders.
[2019.06.01-22.58.31:236][  0]LogSlate: Took 0.035005 seconds to synchronously load lazily loaded font '../../../Engine/Content/Slate/Fonts/Roboto-Regular.ttf' (155K)
[2019.06.01-22.58.31:291][  0]LogSlate: Took 0.050931 seconds to synchronously load lazily loaded font '../../../Engine/Content/Slate/Fonts/Roboto-Bold.ttf' (160K)
[2019.06.01-22.58.31:327][  0]LogSlate: Took 0.026282 seconds to synchronously load lazily loaded font '../../../Engine/Content/Editor/Slate/Fonts/FontAwesome.ttf' (139K)
[2019.06.01-22.58.32:200][  0]LogRenderer: Reallocating scene render targets to support 776x300 Format 9 NumSamples 1 (Frame:1).
[2019.06.01-22.58.33:051][  0]LogSlate: Took 0.039897 seconds to synchronously load lazily loaded font '../../../Engine/Content/Slate/Fonts/Roboto-Light.ttf' (167K)
[2019.06.01-22.58.33:352][  0]LogContentBrowser: Native class hierarchy updated for 'HierarchicalLODOutliner' in 0.0007 seconds. Added 0 classes and 0 folders.
[2019.06.01-22.58.33:352][  0]LogLoad: (Engine Initialization) Total time: 166.20 seconds
[2019.06.01-22.58.33:352][  0]LogLoad: (Engine Initialization) Total Blueprint compile time: 0.00 seconds
[2019.06.01-22.58.33:504][  0]LeapMotionLog: ServiceMessageLoop started.
[2019.06.01-22.58.33:505][  0]BodyStateLog: BodyState::DeviceAttached: Leap Motion (1)
[2019.06.01-22.58.33:506][  0]BodyStateLog: BodyState::DeviceAttached: HMD (2)
[2019.06.01-22.58.33:707][  0]LogContentStreaming: Texture pool size now 600 MB
[2019.06.01-22.58.34:406][  2]LeapMotionLog: LeapService: OnConnect.
[2019.06.01-22.58.34:933][  3]LogD3D11RHI: Error: agsDriverExtensionsDX11_SetDepthBounds(1,0.000000, 1.000000) returned error code 6. **********PLEASE UPDATE YOUR VIDEO DRIVERS*********
[2019.06.01-22.58.35:526][  7]LogAssetRegistry: Asset discovery search completed in 117.0269 seconds
[2019.06.01-22.58.35:530][  7]LogCollectionManager: Rebuilt the object cache for 0 collections in 0.000001 seconds (found 0 objects)
[2019.06.01-22.58.35:530][  7]LogCollectionManager: Fixed up redirectors for 0 collections in 0.000175 seconds (updated 0 objects)
[2019.06.01-22.58.39:510][ 15]LogEditorViewport: Clicking on Actor (context menu): StaticMeshActor (Edificio_08)
[2019.06.01-22.58.41:963][ 15]LogSlate: FSceneViewport::OnFocusLost() reason 2
[2019.06.01-22.58.42:110][ 15]LogEditorViewport: Clicking on Actor (context menu): StaticMeshActor (Edificio_06)
[2019.06.01-22.58.42:315][ 15]LogSlate: FSceneViewport::OnFocusLost() reason 2
[2019.06.01-23.01.12:343][ 78]LogSlate: FSceneViewport::OnFocusLost() reason 0
[2019.06.01-23.01.12:393][ 81]LogTemp: Repeating last play command: New Editor Window (PIE)
[2019.06.01-23.01.12:503][ 81]LogBlueprintUserMessages: Early PlayInEditor Detection: Level '/Game/StarterContent/Maps/Minimal_Default.Minimal_Default:PersistentLevel' has LevelScriptBlueprint '/Game/StarterContent/Maps/Minimal_Default.Minimal_Default:PersistentLevel.Minimal_Default' with GeneratedClass '/Game/StarterContent/Maps/Minimal_Default.Minimal_Default_C' with ClassGeneratedBy '/Game/StarterContent/Maps/Minimal_Default.Minimal_Default:PersistentLevel.Minimal_Default'
[2019.06.01-23.01.12:547][ 81]LogPlayLevel: PlayLevel: No blueprints needed recompiling
[2019.06.01-23.01.12:598][ 81]PIE: New page: PIE session: Minimal_Default (Jun 1, 2019, 1:01:12 PM)
[2019.06.01-23.01.12:732][ 81]LogPlayLevel: Creating play world package: /Game/StarterContent/Maps/UEDPIE_0_Minimal_Default
[2019.06.01-23.01.12:807][ 81]LogPlayLevel: PIE: StaticDuplicateObject took: (0.074584s)
[2019.06.01-23.01.12:811][ 81]LogAIModule: Creating AISystem for world Minimal_Default
[2019.06.01-23.01.12:819][ 81]LogPlayLevel: PIE: World Init took: (0.011992s)
[2019.06.01-23.01.12:820][ 81]LogPlayLevel: PIE: Created PIE world by copying editor world from /Game/StarterContent/Maps/Minimal_Default.Minimal_Default to /Game/StarterContent/Maps/UEDPIE_0_Minimal_Default.Minimal_Default (0.087587s)
[2019.06.01-23.01.12:965][ 81]LogInit: XAudio2 using 'Altavoces (Conexant SmartAudio HD)' : 2 channels at 48 kHz using 32 bits per sample (channel mask 0x3)
[2019.06.01-23.01.13:019][ 81]LogInit: FAudioDevice initialized.
[2019.06.01-23.01.13:085][ 81]LogSlate: Updating window title bar state: overlay mode, drag disabled, window buttons hidden, title bar hidden
[2019.06.01-23.01.13:200][ 81]LogLoad: Game class is 'CFE_GameMode_C'
[2019.06.01-23.01.13:292][ 81]LogWorld: Bringing World /Game/StarterContent/Maps/UEDPIE_0_Minimal_Default.Minimal_Default up for play (max tick rate 60) at 2019.06.01-18.01.13
[2019.06.01-23.01.13:397][ 81]LogWorld: Bringing up level for play took: 0.114104
[2019.06.01-23.01.13:717][ 81]LogContentBrowser: Native class hierarchy updated for 'MovieSceneCapture' in 0.0011 seconds. Added 20 classes and 0 folders.
[2019.06.01-23.01.13:726][ 81]LogGameMode: Display: Match State Changed from EnteringMap to WaitingToStart
[2019.06.01-23.01.13:726][ 81]LogGameState: Match State Changed from EnteringMap to WaitingToStart
[2019.06.01-23.01.13:726][ 81]LogGameMode: Display: Match State Changed from WaitingToStart to InProgress
[2019.06.01-23.01.13:814][ 81]LogTemp: Bone cache synced: 20
[2019.06.01-23.01.14:002][ 81]LogTemp: Bone cache synced: 0
[2019.06.01-23.01.14:002][ 81]LogTemp: Bone cache synced: 20
[2019.06.01-23.01.14:004][ 81]LeapMotionLog: AddEventDelegate (1).
[2019.06.01-23.01.14:258][ 81]LogGameState: Match State Changed from WaitingToStart to InProgress
[2019.06.01-23.01.14:311][ 81]PIE: Play in editor start time for /Game/StarterContent/Maps/UEDPIE_0_Minimal_Default 1.672
[2019.06.01-23.01.14:329][ 81]LogBlueprintUserMessages: Late PlayInEditor Detection: Level '/Game/StarterContent/Maps/Minimal_Default.Minimal_Default:PersistentLevel' has LevelScriptBlueprint '/Game/StarterContent/Maps/Minimal_Default.Minimal_Default:PersistentLevel.Minimal_Default' with GeneratedClass '/Game/StarterContent/Maps/Minimal_Default.Minimal_Default_C' with ClassGeneratedBy '/Game/StarterContent/Maps/Minimal_Default.Minimal_Default:PersistentLevel.Minimal_Default'
[2019.06.01-23.01.14:595][ 81]LogRenderer: Reallocating scene render targets to support 916x536 Format 9 NumSamples 1 (Frame:1).
[2019.06.01-23.01.16:784][157]LogSlate: FSceneViewport::OnFocusLost() reason 0
[2019.06.01-23.01.30:053][757]LogBlueprintUserMessages: Early EndPlayMap Detection: Level '/Game/StarterContent/Maps/Minimal_Default.Minimal_Default:PersistentLevel' has LevelScriptBlueprint '/Game/StarterContent/Maps/Minimal_Default.Minimal_Default:PersistentLevel.Minimal_Default' with GeneratedClass '/Game/StarterContent/Maps/Minimal_Default.Minimal_Default_C' with ClassGeneratedBy '/Game/StarterContent/Maps/Minimal_Default.Minimal_Default:PersistentLevel.Minimal_Default'
[2019.06.01-23.01.30:093][757]LogSlate: Updating window title bar state: overlay mode, drag disabled, window buttons hidden, title bar hidden
[2019.06.01-23.01.30:181][757]LogSlate: Window 'CFE_LeapMotion Game Preview Standalone (64-bit/PCD3D_SM5)' being destroyed
[2019.06.01-23.01.30:263][757]LeapMotionLog: LeapServiceLog: Tracking optimized for head-mounted device
[2019.06.01-23.01.30:312][757]LogPlayLevel: Display: Shutting down PIE online subsystems
[2019.06.01-23.01.30:323][757]LogBlueprintUserMessages: Late EndPlayMap Detection: Level '/Game/StarterContent/Maps/Minimal_Default.Minimal_Default:PersistentLevel' has LevelScriptBlueprint '/Game/StarterContent/Maps/Minimal_Default.Minimal_Default:PersistentLevel.Minimal_Default' with GeneratedClass '/Game/StarterContent/Maps/Minimal_Default.Minimal_Default_C' with ClassGeneratedBy '/Game/StarterContent/Maps/Minimal_Default.Minimal_Default:PersistentLevel.Minimal_Default'
[2019.06.01-23.01.30:685][758]LogPlayLevel: Display: Destroying online subsystem :Context_3
[2019.06.01-23.02.18:642][593]LogSlate: FSceneViewport::OnFocusLost() reason 0
[2019.06.01-23.02.19:205][598]LogSlate: Window 'CFE_LeapMotion - Unreal Editor' being destroyed
[2019.06.01-23.02.19:217][598]LogWindowsTextInputMethodSystem: Display: IME system now deactivated.
[2019.06.01-23.02.19:928][599]Cmd: QUIT_EDITOR
[2019.06.01-23.02.20:399][599]LogExit: Preparing to exit.
[2019.06.01-23.02.21:538][599]LogExit: Editor shut down
[2019.06.01-23.02.21:540][599]LogExit: Transaction tracking system shut down
[2019.06.01-23.02.22:724][599]LogExit: Object subsystem successfully closed.
[2019.06.01-23.02.22:888][599]LogShaderCompilers: Display: Shaders left to compile 0
[2019.06.01-23.02.22:903][599]LogD3D11RHI: Shutdown
[2019.06.01-23.02.22:903][599]LogD3D11RHI: CleanupD3DDevice
[2019.06.01-23.02.23:028][599]LogD3D11RHI: ~FD3D11DynamicRHI
[2019.06.01-23.02.23:942][599]LogModuleManager: Shutting down and abandoning module MovieSceneCapture (634)
[2019.06.01-23.02.23:943][599]LogModuleManager: Shutting down and abandoning module Voice (632)
[2019.06.01-23.02.23:956][599]LogModuleManager: Shutting down and abandoning module HierarchicalLODOutliner (630)
[2019.06.01-23.02.23:956][599]LogModuleManager: Shutting down and abandoning module SceneOutliner (628)
[2019.06.01-23.02.23:956][599]LogModuleManager: Shutting down and abandoning module AddContentDialog (626)
[2019.06.01-23.02.23:957][599]LogModuleManager: Shutting down and abandoning module WidgetCarousel (625)
[2019.06.01-23.02.23:957][599]LogModuleManager: Shutting down and abandoning module EditorWidgets (622)
[2019.06.01-23.02.23:957][599]LogModuleManager: Shutting down and abandoning module CollectionManager (620)
[2019.06.01-23.02.23:969][599]LogModuleManager: Shutting down and abandoning module StatsViewer (618)
[2019.06.01-23.02.23:991][599]LogModuleManager: Shutting down and abandoning module FoliageEdit (616)
[2019.06.01-23.02.23:991][599]LogModuleManager: Shutting down and abandoning module LandscapeEditor (614)
[2019.06.01-23.02.24:551][599]LogModuleManager: Shutting down and abandoning module MeshPaintMode (612)
[2019.06.01-23.02.24:551][599]LogModuleManager: Shutting down and abandoning module SceneDepthPickerMode (610)
[2019.06.01-23.02.24:551][599]LogModuleManager: Shutting down and abandoning module ActorPickerMode (608)
[2019.06.01-23.02.24:551][599]LogModuleManager: Shutting down and abandoning module GeometryMode (606)
[2019.06.01-23.02.24:551][599]LogModuleManager: Shutting down and abandoning module TextureAlignMode (604)
[2019.06.01-23.02.24:551][599]LogModuleManager: Shutting down and abandoning module BspMode (602)
[2019.06.01-23.02.24:551][599]LogModuleManager: Shutting down and abandoning module PIEPreviewDeviceProfileSelector (600)
[2019.06.01-23.02.24:599][599]LogModuleManager: Shutting down and abandoning module SequenceRecorderSections (598)
[2019.06.01-23.02.24:599][599]LogModuleManager: Shutting down and abandoning module AutomationWorker (596)
[2019.06.01-23.02.24:599][599]LogModuleManager: Shutting down and abandoning module AudioCaptureEditor (594)
[2019.06.01-23.02.24:599][599]LogModuleManager: Shutting down and abandoning module MatineeToLevelSequence (592)
[2019.06.01-23.02.24:599][599]LogModuleManager: Shutting down and abandoning module LevelSequenceEditor (590)
[2019.06.01-23.02.24:641][599]LogModuleManager: Shutting down and abandoning module PlacementMode (589)
[2019.06.01-23.02.24:641][599]LogModuleManager: Shutting down and abandoning module MaterialEditor (588)
[2019.06.01-23.02.24:764][599]LogModuleManager: Shutting down and abandoning module WmfMediaFactory (584)
[2019.06.01-23.02.24:764][599]LogModuleManager: Shutting down and abandoning module WmfMediaEditor (582)
[2019.06.01-23.02.24:764][599]LogModuleManager: Shutting down and abandoning module WebMMediaFactory (580)
[2019.06.01-23.02.24:764][599]LogModuleManager: Shutting down and abandoning module WebMMediaEditor (578)
[2019.06.01-23.02.24:764][599]LogModuleManager: Shutting down and abandoning module WebMMedia (576)
[2019.06.01-23.02.24:764][599]LogModuleManager: Shutting down and abandoning module MediaPlayerEditor (574)
[2019.06.01-23.02.24:795][599]LogModuleManager: Shutting down and abandoning module MediaCompositingEditor (572)
[2019.06.01-23.02.24:946][599]LogModuleManager: Shutting down and abandoning module SequenceRecorder (571)
[2019.06.01-23.02.24:978][599]LogModuleManager: Shutting down and abandoning module OpenExrWrapper (568)
[2019.06.01-23.02.24:978][599]LogModuleManager: Shutting down and abandoning module ImgMediaFactory (566)
[2019.06.01-23.02.24:978][599]LogModuleManager: Shutting down and abandoning module ImgMediaEditor (564)
[2019.06.01-23.02.24:978][599]LogModuleManager: Shutting down and abandoning module AvfMediaFactory (562)
[2019.06.01-23.02.24:978][599]LogModuleManager: Shutting down and abandoning module AvfMediaEditor (560)
[2019.06.01-23.02.24:978][599]LogModuleManager: Shutting down and abandoning module AndroidMediaFactory (558)
[2019.06.01-23.02.24:978][599]LogModuleManager: Shutting down and abandoning module AndroidMediaEditor (556)
[2019.06.01-23.02.24:978][599]LogModuleManager: Shutting down and abandoning module MagicLeapCameraPreviewFactory (554)
[2019.06.01-23.02.24:978][599]LogModuleManager: Shutting down and abandoning module MagicLeapMediaFactory (552)
[2019.06.01-23.02.24:978][599]LogModuleManager: Shutting down and abandoning module MagicLeapMediaEditor (550)
[2019.06.01-23.02.24:978][599]LogModuleManager: Shutting down and abandoning module CharacterAI (548)
[2019.06.01-23.02.24:978][599]LogModuleManager: Shutting down and abandoning module SmartSnapping (546)
[2019.06.01-23.02.24:978][599]LogModuleManager: Shutting down and abandoning module SessionServices (544)
[2019.06.01-23.02.24:979][599]LogModuleManager: Shutting down and abandoning module ViewportSnapping (542)
[2019.06.01-23.02.24:979][599]LogModuleManager: Shutting down and abandoning module ViewportInteraction (540)
[2019.06.01-23.02.24:979][599]LogModuleManager: Shutting down and abandoning module ClothPainter (538)
[2019.06.01-23.02.24:997][599]LogModuleManager: Shutting down and abandoning module SkeletalMeshEditor (537)
[2019.06.01-23.02.25:058][599]LogModuleManager: Shutting down and abandoning module LogVisualizer (534)
[2019.06.01-23.02.25:125][599]LogModuleManager: Shutting down and abandoning module IntroTutorials (532)
[2019.06.01-23.02.25:306][599]LogModuleManager: Shutting down and abandoning module GameProjectGeneration (531)
[2019.06.01-23.02.25:420][599]LogModuleManager: Shutting down and abandoning module LuminPlatformEditor (528)
[2019.06.01-23.02.25:420][599]LogModuleManager: Shutting down and abandoning module IOSPlatformEditor (526)
[2019.06.01-23.02.25:420][599]LogModuleManager: Shutting down and abandoning module HTML5PlatformEditor (524)
[2019.06.01-23.02.25:420][599]LogModuleManager: Shutting down and abandoning module AndroidPlatformEditor (522)
[2019.06.01-23.02.25:420][599]LogModuleManager: Shutting down and abandoning module AndroidDeviceDetection (521)
[2019.06.01-23.02.26:525][599]LogModuleManager: Shutting down and abandoning module WindowsPlatformEditor (518)
[2019.06.01-23.02.26:525][599]LogModuleManager: Shutting down and abandoning module LuminRuntimeSettings (516)
[2019.06.01-23.02.26:525][599]LogModuleManager: Shutting down and abandoning module IOSRuntimeSettings (514)
[2019.06.01-23.02.26:525][599]LogModuleManager: Shutting down and abandoning module AndroidRuntimeSettings (512)
[2019.06.01-23.02.26:525][599]LogModuleManager: Shutting down and abandoning module TimeManagementEditor (510)
[2019.06.01-23.02.26:525][599]LogModuleManager: Shutting down and abandoning module InputBindingEditor (508)
[2019.06.01-23.02.26:624][599]LogModuleManager: Shutting down and abandoning module MergeActors (506)
[2019.06.01-23.02.26:660][599]LogModuleManager: Shutting down and abandoning module LocalizationDashboard (504)
[2019.06.01-23.02.26:660][599]LogModuleManager: Shutting down and abandoning module LocalizationService (503)
[2019.06.01-23.02.26:660][599]LogModuleManager: Shutting down and abandoning module HardwareTargeting (500)
[2019.06.01-23.02.26:660][599]LogModuleManager: Shutting down and abandoning module DeviceProfileEditor (498)
[2019.06.01-23.02.26:660][599]LogModuleManager: Shutting down and abandoning module UndoHistory (496)
[2019.06.01-23.02.26:660][599]LogModuleManager: Shutting down and abandoning module XmlParser (494)
[2019.06.01-23.02.26:660][599]LogModuleManager: Shutting down and abandoning module Blutility (492)
[2019.06.01-23.02.26:660][599]LogModuleManager: Shutting down and abandoning module ProjectSettingsViewer (490)
[2019.06.01-23.02.26:660][599]LogModuleManager: Shutting down and abandoning module ProjectTargetPlatformEditor (489)
[2019.06.01-23.02.26:661][599]LogModuleManager: Shutting down and abandoning module EditorSettingsViewer (486)
[2019.06.01-23.02.26:661][599]LogModuleManager: Shutting down and abandoning module SettingsEditor (484)
[2019.06.01-23.02.26:661][599]LogModuleManager: Shutting down and abandoning module ProjectLauncher (482)
[2019.06.01-23.02.26:697][599]LogModuleManager: Shutting down and abandoning module SessionFrontend (480)
[2019.06.01-23.02.26:697][599]LogModuleManager: Shutting down and abandoning module ProfilerClient (478)
[2019.06.01-23.02.26:730][599]LogModuleManager: Shutting down and abandoning module DeviceManager (476)
[2019.06.01-23.02.26:730][599]LogModuleManager: Shutting down and abandoning module TargetDeviceServices (475)
[2019.06.01-23.02.26:799][599]LogModuleManager: Shutting down and abandoning module AutomationController (472)
[2019.06.01-23.02.26:799][599]LogModuleManager: Shutting down and abandoning module AutomationWindow (470)
[2019.06.01-23.02.26:870][599]LogModuleManager: Shutting down and abandoning module Layers (468)
[2019.06.01-23.02.27:001][599]LogModuleManager: Shutting down and abandoning module ComponentVisualizers (466)
[2019.06.01-23.02.27:001][599]LogModuleManager: Shutting down and abandoning module DetailCustomizations (464)
[2019.06.01-23.02.27:001][599]LogModuleManager: Shutting down and abandoning module PackagesDialog (462)
[2019.06.01-23.02.27:095][599]LogModuleManager: Shutting down and abandoning module Persona (460)
[2019.06.01-23.02.27:302][599]LogModuleManager: Shutting down and abandoning module AdvancedPreviewScene (459)
[2019.06.01-23.02.27:302][599]LogModuleManager: Shutting down and abandoning module AnimGraph (457)
[2019.06.01-23.02.27:312][599]LogModuleManager: Shutting down and abandoning module Kismet (454)
[2019.06.01-23.02.27:537][599]LogModuleManager: Shutting down and abandoning module GraphEditor (452)
[2019.06.01-23.02.27:638][599]LogModuleManager: Shutting down and abandoning module ClassViewer (450)
[2019.06.01-23.02.27:638][599]LogModuleManager: Shutting down and abandoning module Toolbox (448)
[2019.06.01-23.02.27:638][599]LogModuleManager: Shutting down and abandoning module ModuleUI (446)
[2019.06.01-23.02.27:658][599]LogModuleManager: Shutting down and abandoning module MovieSceneTools (444)
[2019.06.01-23.02.27:659][599]LogModuleManager: Shutting down and abandoning module OutputLog (442)
[2019.06.01-23.02.27:659][599]LogModuleManager: Shutting down and abandoning module GammaUI (440)
[2019.06.01-23.02.27:674][599]LogModuleManager: Shutting down and abandoning module Documentation (438)
[2019.06.01-23.02.27:674][599]LogModuleManager: Shutting down and abandoning module MovieSceneTracks (436)
[2019.06.01-23.02.27:674][599]LogModuleManager: Shutting down and abandoning module MovieScene (434)
[2019.06.01-23.02.27:674][599]LogModuleManager: Shutting down and abandoning module StreamingPauseRendering (432)
[2019.06.01-23.02.27:674][599]LogModuleManager: Shutting down and abandoning module LauncherPlatform (430)
[2019.06.01-23.02.27:674][599]LogModuleManager: Shutting down and abandoning module AnalyticsET (428)
[2019.06.01-23.02.27:674][599]LogModuleManager: Shutting down and abandoning module PortalServices (426)
[2019.06.01-23.02.27:674][599]LogModuleManager: Shutting down and abandoning module PortalRpc (424)
[2019.06.01-23.02.27:674][599]LogModuleManager: Shutting down and abandoning module MessagingRpc (422)
[2019.06.01-23.02.27:674][599]LogModuleManager: Shutting down and abandoning module AIModule (420)
[2019.06.01-23.02.27:701][599]LogModuleManager: Shutting down and abandoning module GameplayDebugger (419)
[2019.06.01-23.02.27:701][599]LogModuleManager: Shutting down and abandoning module AITestSuite (417)
[2019.06.01-23.02.27:733][599]LogModuleManager: Shutting down and abandoning module NavigationSystem (415)
[2019.06.01-23.02.27:733][599]LogModuleManager: Shutting down and abandoning module DesktopPlatform (412)
[2019.06.01-23.02.27:733][599]LogModuleManager: Shutting down and abandoning module ImageWriteQueue (410)
[2019.06.01-23.02.27:741][599]LogModuleManager: Shutting down and abandoning module ProfilerService (408)
[2019.06.01-23.02.27:773][599]LogModuleManager: Shutting down and abandoning module TaskGraph (406)
[2019.06.01-23.02.27:817][599]LogModuleManager: Shutting down and abandoning module SteamVRController (404)
[2019.06.01-23.02.27:817][599]LogModuleManager: Shutting down and abandoning module ProceduralMeshComponentEditor (402)
[2019.06.01-23.02.27:817][599]LogModuleManager: Shutting down and abandoning module ProceduralMeshComponent (400)
[2019.06.01-23.02.27:817][599]LogModuleManager: Shutting down and abandoning module OculusInput (398)
[2019.06.01-23.02.27:817][599]LogModuleManager: Shutting down and abandoning module MobilePatchingUtils (396)
[2019.06.01-23.02.27:818][599]LogModuleManager: Shutting down and abandoning module LeapMotion (394)
[2019.06.01-23.02.27:818][599]LeapMotionLog: Leap Plugin shutdown.
[2019.06.01-23.02.27:818][599]BodyStateLog: Id: 1
[2019.06.01-23.02.27:818][599]LogUObjectArray: Warning: Empty slot
[2019.06.01-23.02.27:818][599]BodyStateLog: BodyState::Device Detached: Leap Motion (1)
[2019.06.01-23.02.30:819][599]LeapMotionLog: ServiceMessageLoop stopped.
[2019.06.01-23.02.30:819][599]LeapMotionLog: Connection successfully closed.
[2019.06.01-23.02.30:819][599]LogModuleManager: Shutting down and abandoning module EditableMesh (392)
[2019.06.01-23.02.30:860][599]LogModuleManager: Shutting down and abandoning module CustomMeshComponent (390)
[2019.06.01-23.02.30:860][599]LogModuleManager: Shutting down and abandoning module CableComponent (388)
[2019.06.01-23.02.30:860][599]LogModuleManager: Shutting down and abandoning module AudioCapture (386)
[2019.06.01-23.02.30:860][599]LogModuleManager: Shutting down and abandoning module ArchVisCharacter (384)
[2019.06.01-23.02.30:860][599]LogModuleManager: Shutting down and abandoning module AndroidPermission (382)
[2019.06.01-23.02.30:860][599]LogModuleManager: Shutting down and abandoning module NUTUnrealEngine4 (380)
[2019.06.01-23.02.30:940][599]LogModuleManager: Shutting down and abandoning module NetcodeUnitTest (378)
[2019.06.01-23.02.30:986][599]LogModuleManager: Shutting down and abandoning module MediaCompositing (376)
[2019.06.01-23.02.30:986][599]LogModuleManager: Shutting down and abandoning module LinearTimecode (374)
[2019.06.01-23.02.30:986][599]LogModuleManager: Shutting down and abandoning module ImgMedia (372)
[2019.06.01-23.02.31:020][599]LogModuleManager: Shutting down and abandoning module HTML5Networking (370)
[2019.06.01-23.02.31:020][599]LogModuleManager: Shutting down and abandoning module GeometryCacheTracks (368)
[2019.06.01-23.02.31:020][599]LogModuleManager: Shutting down and abandoning module GeometryCacheSequencer (366)
[2019.06.01-23.02.31:020][599]LogModuleManager: Shutting down and abandoning module BackChannel (364)
[2019.06.01-23.02.31:063][599]LogModuleManager: Shutting down and abandoning module AppleVision (362)
[2019.06.01-23.02.31:063][599]LogModuleManager: Shutting down and abandoning module AppleImageUtilsBlueprintSupport (360)
[2019.06.01-23.02.31:063][599]LogModuleManager: Shutting down and abandoning module AppleImageUtils (358)
[2019.06.01-23.02.31:063][599]LogModuleManager: Shutting down and abandoning module AlembicImporter (356)
[2019.06.01-23.02.31:063][599]LogModuleManager: Shutting down and abandoning module AlembicLibrary (355)
[2019.06.01-23.02.31:063][599]LogModuleManager: Shutting down and abandoning module GeometryCache (354)
[2019.06.01-23.02.31:063][599]LogModuleManager: Shutting down and abandoning module GeometryCacheEd (353)
[2019.06.01-23.02.31:063][599]LogModuleManager: Shutting down and abandoning module VariantManagerContent (348)
[2019.06.01-23.02.31:063][599]LogModuleManager: Shutting down and abandoning module DatasmithContentEditor (346)
[2019.06.01-23.02.31:063][599]LogModuleManager: Shutting down and abandoning module SpeedTreeImporter (344)
[2019.06.01-23.02.31:063][599]LogModuleManager: Shutting down and abandoning module PluginBrowser (342)
[2019.06.01-23.02.31:137][599]LogModuleManager: Shutting down and abandoning module MobileLauncherProfileWizard (340)
[2019.06.01-23.02.31:145][599]LogModuleManager: Shutting down and abandoning module PolygonModeling (338)
[2019.06.01-23.02.31:145][599]LogModuleManager: Shutting down and abandoning module MeshEditor (336)
[2019.06.01-23.02.31:145][599]LogModuleManager: Shutting down and abandoning module CryptoKeysOpenSSL (334)
[2019.06.01-23.02.31:159][599]LogModuleManager: Shutting down and abandoning module CryptoKeys (332)
[2019.06.01-23.02.31:159][599]LogModuleManager: Shutting down and abandoning module VisualStudioSourceCodeAccess (330)
[2019.06.01-23.02.31:159][599]LogModuleManager: Shutting down and abandoning module VisualStudioCodeSourceCodeAccess (328)
[2019.06.01-23.02.31:159][599]LogModuleManager: Shutting down and abandoning module UObjectPlugin (326)
[2019.06.01-23.02.31:159][599]LogModuleManager: Shutting down and abandoning module SubversionSourceControl (324)
[2019.06.01-23.02.31:170][599]LogModuleManager: Shutting down and abandoning module PerforceSourceControl (322)
[2019.06.01-23.02.31:227][599]LogModuleManager: Shutting down and abandoning module GitSourceControl (320)
[2019.06.01-23.02.31:227][599]LogModuleManager: Shutting down and abandoning module SourceControl (319)
[2019.06.01-23.02.31:228][599]LogModuleManager: Shutting down and abandoning module CLionSourceCodeAccess (316)
[2019.06.01-23.02.31:228][599]LogModuleManager: Shutting down and abandoning module ActorLayerUtilitiesEditor (314)
[2019.06.01-23.02.31:228][599]LogModuleManager: Shutting down and abandoning module ActorLayerUtilities (312)
[2019.06.01-23.02.31:228][599]LogModuleManager: Shutting down and abandoning module LightPropagationVolumeEditor (310)
[2019.06.01-23.02.31:228][599]LogModuleManager: Shutting down and abandoning module PaperTiledImporter (308)
[2019.06.01-23.02.31:228][599]LogModuleManager: Shutting down and abandoning module PaperSpriteSheetImporter (306)
[2019.06.01-23.02.31:236][599]LogModuleManager: Shutting down and abandoning module Paper2DEditor (304)
[2019.06.01-23.02.31:242][599]LogModuleManager: Shutting down and abandoning module MeshPaint (303)
[2019.06.01-23.02.31:242][599]LogModuleManager: Shutting down and abandoning module UE4Duino (300)
[2019.06.01-23.02.31:242][599]UE4DuinoLog: Warning: UE4Duino: Log Ended
[2019.06.01-23.02.31:242][599]LogModuleManager: Shutting down and abandoning module RuntimePhysXCooking (298)
[2019.06.01-23.02.31:242][599]LogModuleManager: Shutting down and abandoning module PhysXVehiclesEditor (296)
[2019.06.01-23.02.31:242][599]LogModuleManager: Shutting down and abandoning module PhysXVehicles (294)
[2019.06.01-23.02.31:242][599]LogModuleManager: Shutting down and abandoning module OculusEditor (292)
[2019.06.01-23.02.31:242][599]LogModuleManager: Shutting down and abandoning module LocationServicesBPLibrary (290)
[2019.06.01-23.02.31:242][599]LogModuleManager: Shutting down and abandoning module BodyState (288)
[2019.06.01-23.02.31:242][599]BodyStateLog: Id: 2
[2019.06.01-23.02.31:242][599]LogUObjectArray: Warning: Empty slot
[2019.06.01-23.02.31:242][599]BodyStateLog: BodyState::Device Detached: HMD (0)
[2019.06.01-23.02.31:243][599]LogUObjectArray: Warning: Empty slot
[2019.06.01-23.02.31:243][599]LogModuleManager: Shutting down and abandoning module LeapMotionEditor (286)
[2019.06.01-23.02.31:243][599]LogModuleManager: Shutting down and abandoning module ActorSequence (284)
[2019.06.01-23.02.31:243][599]LogModuleManager: Shutting down and abandoning module UdpMessaging (282)
[2019.06.01-23.02.31:344][599]LogModuleManager: Shutting down and abandoning module TcpMessaging (280)
[2019.06.01-23.02.31:445][599]LogModuleManager: Shutting down and abandoning module MagicLeapAudio (278)
[2019.06.01-23.02.31:445][599]LogModuleManager: Shutting down and abandoning module GameplayTagsEditor (276)
[2019.06.01-23.02.31:461][599]LogModuleManager: Shutting down and abandoning module FacialAnimationEditor (274)
[2019.06.01-23.02.31:461][599]LogModuleManager: Shutting down and abandoning module FacialAnimation (272)
[2019.06.01-23.02.31:461][599]LogModuleManager: Shutting down and abandoning module DataValidation (270)
[2019.06.01-23.02.31:461][599]LogModuleManager: Shutting down and abandoning module AssetManagerEditor (268)
[2019.06.01-23.02.31:482][599]LogModuleManager: Shutting down and abandoning module LevelEditor (267)
[2019.06.01-23.02.31:494][599]LogModuleManager: Shutting down and abandoning module PixelInspectorModule (266)
[2019.06.01-23.02.31:508][599]LogModuleManager: Shutting down and abandoning module CommonMenuExtensions (264)
[2019.06.01-23.02.31:508][599]LogModuleManager: Shutting down and abandoning module MainFrame (262)
[2019.06.01-23.02.31:509][599]LogModuleManager: Shutting down and abandoning module HotReload (261)
[2019.06.01-23.02.31:510][599]LogModuleManager: Shutting down and abandoning module ContentBrowser (257)
[2019.06.01-23.02.31:512][599]LogModuleManager: Shutting down and abandoning module TreeMap (255)
[2019.06.01-23.02.31:512][599]LogModuleManager: Shutting down and abandoning module LightPropagationVolumeRuntime (252)
[2019.06.01-23.02.31:512][599]LogModuleManager: Shutting down and abandoning module AISupportModule (250)
[2019.06.01-23.02.31:512][599]LogModuleManager: Shutting down and abandoning module Paper2D (248)
[2019.06.01-23.02.31:587][599]LogModuleManager: Shutting down and abandoning module WindowsMoviePlayer (246)
[2019.06.01-23.02.31:587][599]LogModuleManager: Shutting down and abandoning module WebMMoviePlayer (244)
[2019.06.01-23.02.31:587][599]LogModuleManager: Shutting down and abandoning module WmfMedia (242)
[2019.06.01-23.02.31:622][599]LogModuleManager: Shutting down and abandoning module Media (241)
[2019.06.01-23.02.31:629][599]LogModuleManager: Shutting down and abandoning module PacketHandler (238)
[2019.06.01-23.02.31:630][599]LogModuleManager: Shutting down and abandoning module ClothingSystemEditor (236)
[2019.06.01-23.02.31:630][599]LogModuleManager: Shutting down and abandoning module ClothingSystemRuntime (234)
[2019.06.01-23.02.31:651][599]LogModuleManager: Shutting down and abandoning module MediaAssets (232)
[2019.06.01-23.02.31:651][599]LogModuleManager: Shutting down and abandoning module Overlay (230)
[2019.06.01-23.02.31:651][599]LogModuleManager: Shutting down and abandoning module OverlayEditor (229)
[2019.06.01-23.02.31:651][599]LogModuleManager: Shutting down and abandoning module VREditor (226)
[2019.06.01-23.02.31:695][599]LogModuleManager: Shutting down and abandoning module StringTableEditor (224)
[2019.06.01-23.02.31:740][599]LogModuleManager: Shutting down and abandoning module GameplayTasksEditor (222)
[2019.06.01-23.02.31:740][599]LogModuleManager: Shutting down and abandoning module BehaviorTreeEditor (220)
[2019.06.01-23.02.31:825][599]LogModuleManager: Shutting down and abandoning module FunctionalTesting (218)
[2019.06.01-23.02.31:853][599]LogModuleManager: Shutting down and abandoning module CollisionAnalyzer (216)
[2019.06.01-23.02.31:869][599]LogModuleManager: Shutting down and abandoning module WorkspaceMenuStructure (215)
[2019.06.01-23.02.31:869][599]LogModuleManager: Shutting down and abandoning module UMG (212)
[2019.06.01-23.02.31:869][599]LogModuleManager: Shutting down and abandoning module UMGEditor (211)
[2019.06.01-23.02.31:884][599]LogModuleManager: Shutting down and abandoning module Sequencer (210)
[2019.06.01-23.02.31:914][599]LogModuleManager: Shutting down and abandoning module MessageLog (207)
[2019.06.01-23.02.31:927][599]LogModuleManager: Shutting down and abandoning module SlateReflector (202)
[2019.06.01-23.02.31:996][599]LogModuleManager: Shutting down and abandoning module Slate (200)
[2019.06.01-23.02.31:996][599]LogModuleManager: Shutting down and abandoning module EditorStyle (198)
[2019.06.01-23.02.31:998][599]LogModuleManager: Shutting down and abandoning module MRMesh (196)
[2019.06.01-23.02.31:998][599]LogModuleManager: Shutting down and abandoning module SourceCodeAccess (194)
[2019.06.01-23.02.31:998][599]LogModuleManager: Shutting down and abandoning module HeadMountedDisplay (192)
[2019.06.01-23.02.31:998][599]LogModuleManager: Shutting down and abandoning module XAudio2 (190)
[2019.06.01-23.02.31:998][599]LogModuleManager: Shutting down and abandoning module Networking (188)
[2019.06.01-23.02.31:998][599]LogModuleManager: Shutting down and abandoning module Core (186)
[2019.06.01-23.02.31:998][599]LogModuleManager: Shutting down and abandoning module LevelSequence (184)
[2019.06.01-23.02.31:999][599]LogModuleManager: Shutting down and abandoning module KismetCompiler (182)
[2019.06.01-23.02.31:999][599]LogModuleManager: Shutting down and abandoning module MeshUtilities (180)
[2019.06.01-23.02.31:999][599]LogModuleManager: Shutting down and abandoning module MeshMergeUtilities (179)
[2019.06.01-23.02.32:017][599]LogModuleManager: Shutting down and abandoning module MeshReductionInterface (178)
[2019.06.01-23.02.32:017][599]LogModuleManager: Shutting down and abandoning module SimplygonSwarm (177)
[2019.06.01-23.02.32:028][599]LogModuleManager: Shutting down and abandoning module ProxyLODMeshReduction (175)
[2019.06.01-23.02.32:052][599]LogModuleManager: Shutting down and abandoning module SimplygonMeshReduction (173)
[2019.06.01-23.02.32:052][599]LogModuleManager: Shutting down and abandoning module QuadricMeshReduction (171)
[2019.06.01-23.02.32:052][599]LogModuleManager: Shutting down and abandoning module MaterialBaking (167)
[2019.06.01-23.02.32:058][599]LogModuleManager: Shutting down and abandoning module DirectoryWatcher (163)
[2019.06.01-23.02.32:058][599]LogModuleManager: Shutting down and abandoning module DerivedDataCache (160)
[2019.06.01-23.02.32:106][599]LogDerivedDataCache: Shutdown
[2019.06.01-23.02.32:106][599]LogModuleManager: Shutting down and abandoning module XGEController (158)
[2019.06.01-23.02.32:106][599]LogXGEController: Cleaning working directory: C:/Users/Samuel/AppData/Local/Temp/UnrealXGEWorkingDir/
[2019.06.01-23.02.32:107][599]LogModuleManager: Shutting down and abandoning module TargetPlatform (156)
[2019.06.01-23.02.32:107][599]LogModuleManager: Shutting down and abandoning module VulkanShaderFormat (155)
[2019.06.01-23.02.32:108][599]LogModuleManager: Shutting down and abandoning module ShaderFormatVectorVM (153)
[2019.06.01-23.02.32:108][599]LogModuleManager: Shutting down and abandoning module ShaderFormatOpenGL (151)
[2019.06.01-23.02.32:156][599]LogModuleManager: Shutting down and abandoning module ShaderFormatD3D (149)
[2019.06.01-23.02.32:156][599]LogModuleManager: Shutting down and abandoning module MetalShaderFormat (147)
[2019.06.01-23.02.32:318][599]LogModuleManager: Shutting down and abandoning module TextureFormatUncompressed (145)
[2019.06.01-23.02.32:318][599]LogModuleManager: Shutting down and abandoning module TextureFormatPVR (143)
[2019.06.01-23.02.32:318][599]LogModuleManager: Shutting down and abandoning module TextureFormatDXT (141)
[2019.06.01-23.02.32:318][599]LogModuleManager: Shutting down and abandoning module TextureFormatIntelISPCTexComp (139)
[2019.06.01-23.02.32:319][599]LogModuleManager: Shutting down and abandoning module TextureFormatASTC (137)
[2019.06.01-23.02.32:320][599]LogModuleManager: Shutting down and abandoning module ImageWrapper (136)
[2019.06.01-23.02.32:320][599]LogModuleManager: Shutting down and abandoning module TextureFormatAndroid (133)
[2019.06.01-23.02.32:320][599]LogModuleManager: Shutting down and abandoning module AudioFormatOpus (131)
[2019.06.01-23.02.32:320][599]LogModuleManager: Shutting down and abandoning module AudioFormatOgg (129)
[2019.06.01-23.02.32:320][599]LogModuleManager: Shutting down and abandoning module AudioFormatADPCM (127)
[2019.06.01-23.02.32:320][599]LogModuleManager: Shutting down and abandoning module LuminTargetPlatform (125)
[2019.06.01-23.02.32:322][599]LogModuleManager: Shutting down and abandoning module LinuxTargetPlatform (123)
[2019.06.01-23.02.32:322][599]LogModuleManager: Shutting down and abandoning module LinuxServerTargetPlatform (121)
[2019.06.01-23.02.32:322][599]LogModuleManager: Shutting down and abandoning module LinuxNoEditorTargetPlatform (119)
[2019.06.01-23.02.32:322][599]LogModuleManager: Shutting down and abandoning module LinuxClientTargetPlatform (117)
[2019.06.01-23.02.32:322][599]LogModuleManager: Shutting down and abandoning module TVOSTargetPlatform (115)
[2019.06.01-23.02.32:351][599]LogModuleManager: Shutting down and abandoning module Messaging (113)
[2019.06.01-23.02.32:352][599]LogModuleManager: Shutting down and abandoning module IOSTargetPlatform (111)
[2019.06.01-23.02.32:356][599]LogModuleManager: Shutting down and abandoning module HTML5TargetPlatform (109)
[2019.06.01-23.02.32:356][599]LogModuleManager: Shutting down and abandoning module AndroidTargetPlatform (107)
[2019.06.01-23.02.32:377][599]LogModuleManager: Shutting down and abandoning module WindowsTargetPlatform (105)
[2019.06.01-23.02.32:377][599]LogModuleManager: Shutting down and abandoning module WindowsServerTargetPlatform (103)
[2019.06.01-23.02.32:377][599]LogModuleManager: Shutting down and abandoning module WindowsNoEditorTargetPlatform (101)
[2019.06.01-23.02.32:377][599]LogModuleManager: Shutting down and abandoning module WindowsClientTargetPlatform (99)
[2019.06.01-23.02.32:377][599]LogModuleManager: Shutting down and abandoning module MacTargetPlatform (97)
[2019.06.01-23.02.32:377][599]LogModuleManager: Shutting down and abandoning module MacServerTargetPlatform (95)
[2019.06.01-23.02.32:377][599]LogModuleManager: Shutting down and abandoning module MacNoEditorTargetPlatform (93)
[2019.06.01-23.02.32:377][599]LogModuleManager: Shutting down and abandoning module MacClientTargetPlatform (91)
[2019.06.01-23.02.32:377][599]LogModuleManager: Shutting down and abandoning module AllDesktopTargetPlatform (89)
[2019.06.01-23.02.32:377][599]LogModuleManager: Shutting down and abandoning module InputCore (86)
[2019.06.01-23.02.32:377][599]LogModuleManager: Shutting down and abandoning module Settings (84)
[2019.06.01-23.02.32:378][599]LogModuleManager: Shutting down and abandoning module PhysXCooking (82)
[2019.06.01-23.02.32:378][599]LogModuleManager: Shutting down and abandoning module SteamVR (80)
[2019.06.01-23.02.32:378][599]LogHMD: Freeing OpenVRDLLHandle.
[2019.06.01-23.02.32:378][599]LogModuleManager: Shutting down and abandoning module OculusHMD (78)
[2019.06.01-23.02.32:378][599]LogModuleManager: Shutting down and abandoning module ExampleDeviceProfileSelector (76)
[2019.06.01-23.02.32:378][599]LogModuleManager: Shutting down and abandoning module LauncherChunkInstaller (74)
[2019.06.01-23.02.32:378][599]LogModuleManager: Shutting down and abandoning module OnlineBlueprintSupport (72)
[2019.06.01-23.02.32:378][599]LogModuleManager: Shutting down and abandoning module OnlineSubsystem (68)
[2019.06.01-23.02.32:401][599]LogModuleManager: Shutting down and abandoning module XMPP (63)
[2019.06.01-23.02.32:416][599]LogModuleManager: Shutting down and abandoning module WebSockets (62)
[2019.06.01-23.02.32:580][599]LogModuleManager: Shutting down and abandoning module HTTP (59)
[2019.06.01-23.02.32:580][599]LogHttp: Display: Http module shutting down, but needs to wait on 1 outstanding Http requests:
[2019.06.01-23.02.32:580][599]LogHttp: Display: 	verb=[POST] url=[https://datarouter.ol.epicgames.com/datarouter/api/v1/public/data?SessionID=%7BA58DB050-4A2F-E0D2-AE3B-1DAA48F45335%7D&AppID=UEEditor.Rocket.Release&AppVersion=4.21.2-4753647%2B%2B%2BUE4%2BRelease-4.21&UserID=34b3586e4a633e0d90f680967c10b65a%7C5817b15a57bb4b6dba2f996d373837f5%7C216417f5-3d98-4c9e-a9c4-0049c7a7195e&AppEnvironment=datacollector-binary&UploadType=eteventstream] status=Processing
[2019.06.01-23.02.32:585][599]LogModuleManager: Shutting down and abandoning module SSL (58)
[2019.06.01-23.02.32:589][599]LogModuleManager: Shutting down and abandoning module MagicLeapIdentity (54)
[2019.06.01-23.02.32:591][599]LogModuleManager: Shutting down and abandoning module MagicLeapHelperVulkan (52)
[2019.06.01-23.02.32:591][599]LogModuleManager: Shutting down and abandoning module MagicLeapHelperOpenGL (50)
[2019.06.01-23.02.32:591][599]LogModuleManager: Shutting down and abandoning module MagicLeapSecureStorage (48)
[2019.06.01-23.02.32:592][599]LogModuleManager: Shutting down and abandoning module MagicLeapHandTracking (46)
[2019.06.01-23.02.32:592][599]LogModuleManager: Shutting down and abandoning module MagicLeapEyeTracker (44)
[2019.06.01-23.02.32:592][599]LogModuleManager: Shutting down and abandoning module MagicLeapController (42)
[2019.06.01-23.02.32:592][599]LogSlate: Slate User Destroyed.  User Index 0, Is Virtual User: 0
[2019.06.01-23.02.32:592][599]LogModuleManager: Shutting down and abandoning module MagicLeap (40)
[2019.06.01-23.02.32:616][599]LogModuleManager: Shutting down and abandoning module DatasmithContent (38)
[2019.06.01-23.02.32:617][599]LogModuleManager: Shutting down and abandoning module AnimationModifiers (36)
[2019.06.01-23.02.32:625][599]LogModuleManager: Shutting down and abandoning module PropertyEditor (35)
[2019.06.01-23.02.32:632][599]LogModuleManager: Shutting down and abandoning module AudioEditor (32)
[2019.06.01-23.02.32:647][599]LogModuleManager: Shutting down and abandoning module TextureCompressor (30)
[2019.06.01-23.02.32:648][599]LogModuleManager: Shutting down and abandoning module ShaderCore (28)
[2019.06.01-23.02.32:648][599]LogModuleManager: Shutting down and abandoning module Landscape (26)
[2019.06.01-23.02.32:648][599]LogModuleManager: Shutting down and abandoning module SlateRHIRenderer (24)
[2019.06.01-23.02.32:658][599]LogModuleManager: Shutting down and abandoning module OpenGLDrv (22)
[2019.06.01-23.02.32:680][599]LogModuleManager: Shutting down and abandoning module D3D11RHI (20)
[2019.06.01-23.02.32:680][599]LogModuleManager: Shutting down and abandoning module AnimGraphRuntime (18)
[2019.06.01-23.02.32:680][599]LogModuleManager: Shutting down and abandoning module Renderer (16)
[2019.06.01-23.02.32:680][599]LogModuleManager: Shutting down and abandoning module Engine (14)
[2019.06.01-23.02.32:680][599]LogModuleManager: Shutting down and abandoning module CoreUObject (12)
[2019.06.01-23.02.32:680][599]LogModuleManager: Shutting down and abandoning module NetworkFile (10)
[2019.06.01-23.02.32:681][599]LogModuleManager: Shutting down and abandoning module CookedIterativeFile (8)
[2019.06.01-23.02.32:681][599]LogModuleManager: Shutting down and abandoning module StreamingFile (6)
[2019.06.01-23.02.32:681][599]LogModuleManager: Shutting down and abandoning module SandboxFile (4)
[2019.06.01-23.02.32:681][599]LogModuleManager: Shutting down and abandoning module PakFile (2)
[2019.06.01-23.02.32:731][599]LogExit: Exiting.
[2019.06.01-23.02.32:741][599]Log file closed, 06/01/19 18:02:32
