Log file open, 05/24/19 16:17:22
LogWindows: Failed to load 'aqProf.dll' (GetLastError=126)
LogWindows: File 'aqProf.dll' does not exist
LogWindows: Failed to load 'VtuneApi.dll' (GetLastError=126)
LogWindows: File 'VtuneApi.dll' does not exist
LogWindows: Failed to load 'VtuneApi32e.dll' (GetLastError=126)
LogWindows: File 'VtuneApi32e.dll' does not exist
LogConsoleResponse: Display: Failed to find resolution value strings in scalability ini. Falling back to default.
LogInit: Display: Running engine for game: CFE_LeapMotion
LogPakFile: Registered encryption key '00000000000000000000000000000000': 0 pak files mounted, 0 remain pending
LogPlatformFile: Not using cached read wrapper
LogTaskGraph: Started task graph with 5 named threads and 14 total threads with 3 sets of task threads.
LogStats: Stats thread started at 0.318243
LogD3D11RHI: Loaded GFSDK_Aftermath_Lib.x64.dll
LogICUInternationalization: ICU TimeZone Detection - Raw Offset: -6:00, Platform Override: ''
LogPluginManager: Mounting plugin Paper2D
LogPluginManager: Mounting plugin AISupport
LogPluginManager: Mounting plugin LightPropagationVolume
LogPluginManager: Mounting plugin ActorLayerUtilities
LogPluginManager: Mounting plugin CLionSourceCodeAccess
LogPluginManager: Mounting plugin CodeLiteSourceCodeAccess
LogPluginManager: Mounting plugin GitSourceControl
LogPluginManager: Mounting plugin KDevelopSourceCodeAccess
LogPluginManager: Mounting plugin NullSourceCodeAccess
LogPluginManager: Mounting plugin PerforceSourceControl
LogPluginManager: Mounting plugin SubversionSourceControl
LogPluginManager: Mounting plugin UObjectPlugin
LogPluginManager: Mounting plugin VisualStudioCodeSourceCodeAccess
LogPluginManager: Mounting plugin VisualStudioSourceCodeAccess
LogPluginManager: Mounting plugin XCodeSourceCodeAccess
LogPluginManager: Mounting plugin AssetManagerEditor
LogPluginManager: Mounting plugin CryptoKeys
LogPluginManager: Mounting plugin DataValidation
LogPluginManager: Mounting plugin FacialAnimation
LogPluginManager: Mounting plugin GameplayTagsEditor
LogPluginManager: Mounting plugin MacGraphicsSwitching
LogPluginManager: Mounting plugin MeshEditor
LogPluginManager: Mounting plugin MobileLauncherProfileWizard
LogPluginManager: Mounting plugin PluginBrowser
LogPluginManager: Mounting plugin SpeedTreeImporter
LogPluginManager: Mounting plugin DatasmithContent
LogPluginManager: Mounting plugin VariantManagerContent
LogPluginManager: Mounting plugin AlembicImporter
LogPluginManager: Mounting plugin AppleImageUtils
LogPluginManager: Mounting plugin AppleVision
LogPluginManager: Mounting plugin BackChannel
LogPluginManager: Mounting plugin CharacterAI
LogPluginManager: Mounting plugin GeometryCache
LogPluginManager: Mounting plugin HTML5Networking
LogPluginManager: Mounting plugin ProxyLODPlugin
LogPluginManager: Mounting plugin MagicLeap
LogPluginManager: Mounting plugin MagicLeapMedia
LogPluginManager: Mounting plugin AndroidMedia
LogPluginManager: Mounting plugin AvfMedia
LogPluginManager: Mounting plugin ImgMedia
LogPluginManager: Mounting plugin LinearTimecode
LogPluginManager: Mounting plugin MediaCompositing
LogPluginManager: Mounting plugin MediaPlayerEditor
LogPluginManager: Mounting plugin WebMMedia
LogPluginManager: Mounting plugin WmfMedia
LogPluginManager: Mounting plugin TcpMessaging
LogPluginManager: Mounting plugin UdpMessaging
LogPluginManager: Mounting plugin ActorSequence
LogPluginManager: Mounting plugin LevelSequenceEditor
LogPluginManager: Mounting plugin MatineeToLevelSequence
LogPluginManager: Mounting plugin NetcodeUnitTest
LogPluginManager: Mounting plugin NUTUnrealEngine4
LogPluginManager: Mounting plugin OnlineSubsystemGooglePlay
LogPluginManager: Mounting plugin OnlineSubsystemIOS
LogPluginManager: Mounting plugin OnlineSubsystem
LogPluginManager: Mounting plugin OnlineSubsystemNull
LogPluginManager: Mounting plugin OnlineSubsystemUtils
LogPluginManager: Mounting plugin LauncherChunkInstaller
LogPluginManager: Mounting plugin AndroidDeviceProfileSelector
LogPluginManager: Mounting plugin AndroidMoviePlayer
LogPluginManager: Mounting plugin AndroidPermission
LogPluginManager: Mounting plugin AppleMoviePlayer
LogPluginManager: Mounting plugin ArchVisCharacter
LogPluginManager: Mounting plugin AudioCapture
LogPluginManager: Mounting plugin CableComponent
LogPluginManager: Mounting plugin CustomMeshComponent
LogPluginManager: Mounting plugin EditableMesh
LogPluginManager: Mounting plugin ExampleDeviceProfileSelector
LogPluginManager: Mounting plugin Firebase
LogPluginManager: Mounting plugin GoogleCloudMessaging
LogPluginManager: Mounting plugin IOSDeviceProfileSelector
LogPluginManager: Mounting plugin LeapMotion
LogPluginManager: Mounting plugin LinuxDeviceProfileSelector
LogPluginManager: Mounting plugin LocationServicesBPLibrary
LogPluginManager: Mounting plugin MobilePatchingUtils
LogPluginManager: Mounting plugin OculusVR
LogPluginManager: Mounting plugin PhysXVehicles
LogPluginManager: Mounting plugin ProceduralMeshComponent
LogPluginManager: Mounting plugin RuntimePhysXCooking
LogPluginManager: Mounting plugin SteamVR
LogPluginManager: Mounting plugin WebMMoviePlayer
LogPluginManager: Mounting plugin WindowsMoviePlayer
LogStreaming: Display: Took  0.226s to configure plugins.
LogInit: Using libcurl 7.55.1-DEV
LogInit:  - built for x86_64-pc-win32
LogInit:  - supports SSL with OpenSSL/1.0.2h
LogInit:  - supports HTTP deflate (compression) using libz 1.2.8
LogInit:  - other features:
LogInit:      CURL_VERSION_SSL
LogInit:      CURL_VERSION_LIBZ
LogInit:      CURL_VERSION_IPV6
LogInit:      CURL_VERSION_ASYNCHDNS
LogInit:      CURL_VERSION_LARGEFILE
LogInit:      CURL_VERSION_IDN
LogInit:  CurlRequestOptions (configurable via config and command line):
LogInit:  - bVerifyPeer = true  - Libcurl will verify peer certificate
LogInit:  - bUseHttpProxy = false  - Libcurl will NOT use HTTP proxy
LogInit:  - bDontReuseConnections = false  - Libcurl will reuse connections
LogInit:  - MaxHostConnections = 16  - Libcurl will limit the number of connections to a host
LogInit:  - LocalHostAddr = Default
LogInit:  - BufferSize = 65536
LogInit: WinSock: version 1.1 (2.2), MaxSocks=32767, MaxUdp=65467
LogInit: Build: ++UE4+Release-4.21-CL-4753647
LogInit: Engine Version: 4.21.2-4753647+++UE4+Release-4.21
LogInit: Compatible Engine Version: 4.21.0-4541578+++UE4+Release-4.21
LogInit: Net CL: 4541578
LogInit: OS: Windows 10 (), CPU: AMD A10-8700P Radeon R6, 10 Compute Cores 4C+6G, GPU: AMD Radeon(TM) R6 Graphics
LogInit: Compiled (64-bit): Jan 19 2019 02:07:31
LogInit: Compiled with Visual C++: 19.13.26129.00
LogInit: Build Configuration: Development
LogInit: Branch Name: ++UE4+Release-4.21
LogInit: Command Line: 
LogInit: Base Directory: C:/Program Files/Epic Games/UE_4.21/Engine/Binaries/Win64/
LogInit: Installed Engine Build: 1
LogDevObjectVersion: Number of dev versions registered: 22
LogDevObjectVersion:   Dev-Blueprints (B0D832E4-1F89-4F0D-ACCF-7EB736FD4AA2): 10
LogDevObjectVersion:   Dev-Build (E1C64328-A22C-4D53-A36C-8E866417BD8C): 0
LogDevObjectVersion:   Dev-Core (375EC13C-06E4-48FB-B500-84F0262A717E): 2
LogDevObjectVersion:   Dev-Editor (E4B068ED-F494-42E9-A231-DA0B2E46BB41): 26
LogDevObjectVersion:   Dev-Framework (CFFC743F-43B0-4480-9391-14DF171D2073): 34
LogDevObjectVersion:   Dev-Mobile (B02B49B5-BB20-44E9-A304-32B752E40360): 2
LogDevObjectVersion:   Dev-Networking (A4E4105C-59A1-49B5-A7C5-40C4547EDFEE): 0
LogDevObjectVersion:   Dev-Online (39C831C9-5AE6-47DC-9A44-9C173E1C8E7C): 0
LogDevObjectVersion:   Dev-Physics (78F01B33-EBEA-4F98-B9B4-84EACCB95AA2): 0
LogDevObjectVersion:   Dev-Platform (6631380F-2D4D-43E0-8009-CF276956A95A): 0
LogDevObjectVersion:   Dev-Rendering (12F88B9F-8875-4AFC-A67C-D90C383ABD29): 27
LogDevObjectVersion:   Dev-Sequencer (7B5AE74C-D270-4C10-A958-57980B212A5A): 9
LogDevObjectVersion:   Dev-VR (D7296918-1DD6-4BDD-9DE2-64A83CC13884): 2
LogDevObjectVersion:   Dev-LoadTimes (C2A15278-BFE7-4AFE-6C17-90FF531DF755): 1
LogDevObjectVersion:   Private-Geometry (6EACA3D4-40EC-4CC1-B786-8BED09428FC5): 3
LogDevObjectVersion:   Dev-AnimPhys (29E575DD-E0A3-4627-9D10-D276232CDCEA): 17
LogDevObjectVersion:   Dev-Anim (AF43A65D-7FD3-4947-9873-3E8ED9C1BB05): 2
LogDevObjectVersion:   Dev-ReflectionCapture (6B266CEC-1EC7-4B8F-A30B-E4D90942FC07): 1
LogDevObjectVersion:   Dev-Automation (0DF73D61-A23F-47EA-B727-89E90C41499A): 1
LogDevObjectVersion:   FortniteMain (601D1886-AC64-4F84-AA16-D3DE0DEAC7D6): 17
LogDevObjectVersion:   Dev-Enterprise (9DFFBCD6-494F-0158-E221-12823C92A888): 4
LogDevObjectVersion:   Dev-Niagara (F2AED0AC-9AFE-416F-8664-AA7FFA26D6FC): 1
LogStreaming: Display: Took  0.009s to delete old logs.
LogInit: Presizing for max 8388607 objects, including 0 objects not considered by GC, pre-allocating 0 bytes for permanent pool.
LogInit: Object subsystem initialized
LogConfig: Setting CVar [[con.DebugEarlyDefault:1]]
LogConfig: Setting CVar [[r.setres:1280x720]]
[2019.05.24-21.17.23:590][  0]LogConfig: Setting CVar [[r.VSync:0]]
[2019.05.24-21.17.23:590][  0]LogConfig: Setting CVar [[r.RHICmdBypass:0]]
[2019.05.24-21.17.23:590][  0]LogConfig: Applying CVar settings from Section [/Script/Engine.RendererSettings] File [C:/Users/Samuel/Documents/GitHub/CFE_RV/CFE_LeapMotion2/Saved/Config/Windows/Engine.ini]
[2019.05.24-21.17.23:590][  0]LogConfig: Setting CVar [[r.GPUCrashDebugging:0]]
[2019.05.24-21.17.23:590][  0]LogConfig: Applying CVar settings from Section [/Script/Engine.RendererOverrideSettings] File [C:/Users/Samuel/Documents/GitHub/CFE_RV/CFE_LeapMotion2/Saved/Config/Windows/Engine.ini]
[2019.05.24-21.17.23:590][  0]LogConfig: Applying CVar settings from Section [/Script/Engine.StreamingSettings] File [C:/Users/Samuel/Documents/GitHub/CFE_RV/CFE_LeapMotion2/Saved/Config/Windows/Engine.ini]
[2019.05.24-21.17.23:590][  0]LogConfig: Setting CVar [[s.MinBulkDataSizeForAsyncLoading:131072]]
[2019.05.24-21.17.23:590][  0]LogConfig: Setting CVar [[s.AsyncLoadingThreadEnabled:0]]
[2019.05.24-21.17.23:590][  0]LogConfig: Setting CVar [[s.EventDrivenLoaderEnabled:1]]
[2019.05.24-21.17.23:590][  0]LogConfig: Setting CVar [[s.WarnIfTimeLimitExceeded:0]]
[2019.05.24-21.17.23:590][  0]LogConfig: Setting CVar [[s.TimeLimitExceededMultiplier:1.5]]
[2019.05.24-21.17.23:590][  0]LogConfig: Setting CVar [[s.TimeLimitExceededMinTime:0.005]]
[2019.05.24-21.17.23:590][  0]LogConfig: Setting CVar [[s.UseBackgroundLevelStreaming:1]]
[2019.05.24-21.17.23:590][  0]LogConfig: Setting CVar [[s.PriorityAsyncLoadingExtraTime:15.0]]
[2019.05.24-21.17.23:590][  0]LogConfig: Setting CVar [[s.LevelStreamingActorsUpdateTimeLimit:5.0]]
[2019.05.24-21.17.23:590][  0]LogConfig: Setting CVar [[s.PriorityLevelStreamingActorsUpdateExtraTime:5.0]]
[2019.05.24-21.17.23:590][  0]LogConfig: Setting CVar [[s.LevelStreamingComponentsRegistrationGranularity:10]]
[2019.05.24-21.17.23:590][  0]LogConfig: Setting CVar [[s.UnregisterComponentsTimeLimit:1.0]]
[2019.05.24-21.17.23:590][  0]LogConfig: Setting CVar [[s.LevelStreamingComponentsUnregistrationGranularity:5]]
[2019.05.24-21.17.23:590][  0]LogConfig: Applying CVar settings from Section [/Script/Engine.GarbageCollectionSettings] File [C:/Users/Samuel/Documents/GitHub/CFE_RV/CFE_LeapMotion2/Saved/Config/Windows/Engine.ini]
[2019.05.24-21.17.23:590][  0]LogConfig: Setting CVar [[gc.MaxObjectsNotConsideredByGC:1]]
[2019.05.24-21.17.23:590][  0]LogConfig: Setting CVar [[gc.SizeOfPermanentObjectPool:0]]
[2019.05.24-21.17.23:590][  0]LogConfig: Setting CVar [[gc.FlushStreamingOnGC:0]]
[2019.05.24-21.17.23:590][  0]LogConfig: Setting CVar [[gc.NumRetriesBeforeForcingGC:10]]
[2019.05.24-21.17.23:590][  0]LogConfig: Setting CVar [[gc.AllowParallelGC:1]]
[2019.05.24-21.17.23:590][  0]LogConfig: Setting CVar [[gc.TimeBetweenPurgingPendingKillObjects:61.1]]
[2019.05.24-21.17.23:590][  0]LogConfig: Setting CVar [[gc.MaxObjectsInEditor:8388607]]
[2019.05.24-21.17.23:591][  0]LogConfig: Setting CVar [[gc.IncrementalBeginDestroyEnabled:1]]
[2019.05.24-21.17.23:591][  0]LogConfig: Setting CVar [[gc.CreateGCClusters:1]]
[2019.05.24-21.17.23:591][  0]LogConfig: Setting CVar [[gc.MergeGCClusters:0]]
[2019.05.24-21.17.23:591][  0]LogConfig: Setting CVar [[gc.MinGCClusterSize:5]]
[2019.05.24-21.17.23:591][  0]LogConfig: Setting CVar [[gc.ActorClusteringEnabled:0]]
[2019.05.24-21.17.23:591][  0]LogConfig: Setting CVar [[gc.BlueprintClusteringEnabled:0]]
[2019.05.24-21.17.23:591][  0]LogConfig: Setting CVar [[gc.UseDisregardForGCOnDedicatedServers:0]]
[2019.05.24-21.17.23:591][  0]LogConfig: Applying CVar settings from Section [/Script/Engine.NetworkSettings] File [C:/Users/Samuel/Documents/GitHub/CFE_RV/CFE_LeapMotion2/Saved/Config/Windows/Engine.ini]
[2019.05.24-21.17.23:591][  0]LogConfig: Applying CVar settings from Section [/Script/UnrealEd.CookerSettings] File [C:/Users/Samuel/Documents/GitHub/CFE_RV/CFE_LeapMotion2/Saved/Config/Windows/Engine.ini]
[2019.05.24-21.17.23:597][  0]LogConfig: Applying CVar settings from Section [ViewDistanceQuality@3] File [C:/Users/Samuel/Documents/GitHub/CFE_RV/CFE_LeapMotion2/Saved/Config/Windows/Scalability.ini]
[2019.05.24-21.17.23:597][  0]LogConfig: Setting CVar [[r.SkeletalMeshLODBias:0]]
[2019.05.24-21.17.23:597][  0]LogConfig: Setting CVar [[r.ViewDistanceScale:1.0]]
[2019.05.24-21.17.23:597][  0]LogConfig: Applying CVar settings from Section [AntiAliasingQuality@3] File [C:/Users/Samuel/Documents/GitHub/CFE_RV/CFE_LeapMotion2/Saved/Config/Windows/Scalability.ini]
[2019.05.24-21.17.23:597][  0]LogConfig: Setting CVar [[r.PostProcessAAQuality:4]]
[2019.05.24-21.17.23:598][  0]LogConfig: Applying CVar settings from Section [ShadowQuality@3] File [C:/Users/Samuel/Documents/GitHub/CFE_RV/CFE_LeapMotion2/Saved/Config/Windows/Scalability.ini]
[2019.05.24-21.17.23:598][  0]LogConfig: Setting CVar [[r.LightFunctionQuality:1]]
[2019.05.24-21.17.23:598][  0]LogConfig: Setting CVar [[r.ShadowQuality:5]]
[2019.05.24-21.17.23:598][  0]LogConfig: Setting CVar [[r.Shadow.CSM.MaxCascades:10]]
[2019.05.24-21.17.23:598][  0]LogConfig: Setting CVar [[r.Shadow.MaxResolution:2048]]
[2019.05.24-21.17.23:598][  0]LogConfig: Setting CVar [[r.Shadow.MaxCSMResolution:2048]]
[2019.05.24-21.17.23:598][  0]LogConfig: Setting CVar [[r.Shadow.RadiusThreshold:0.01]]
[2019.05.24-21.17.23:598][  0]LogConfig: Setting CVar [[r.Shadow.DistanceScale:1.0]]
[2019.05.24-21.17.23:598][  0]LogConfig: Setting CVar [[r.Shadow.CSM.TransitionScale:1.0]]
[2019.05.24-21.17.23:598][  0]LogConfig: Setting CVar [[r.Shadow.PreShadowResolutionFactor:1.0]]
[2019.05.24-21.17.23:598][  0]LogConfig: Setting CVar [[r.DistanceFieldShadowing:1]]
[2019.05.24-21.17.23:598][  0]LogConfig: Setting CVar [[r.DistanceFieldAO:1]]
[2019.05.24-21.17.23:598][  0]LogConfig: Setting CVar [[r.AOQuality:2]]
[2019.05.24-21.17.23:598][  0]LogConfig: Setting CVar [[r.VolumetricFog:1]]
[2019.05.24-21.17.23:598][  0]LogConfig: Setting CVar [[r.VolumetricFog.GridPixelSize:8]]
[2019.05.24-21.17.23:598][  0]LogConfig: Setting CVar [[r.VolumetricFog.GridSizeZ:128]]
[2019.05.24-21.17.23:598][  0]LogConfig: Setting CVar [[r.VolumetricFog.HistoryMissSupersampleCount:4]]
[2019.05.24-21.17.23:598][  0]LogConfig: Setting CVar [[r.LightMaxDrawDistanceScale:1]]
[2019.05.24-21.17.23:598][  0]LogConfig: Setting CVar [[r.CapsuleShadows:1]]
[2019.05.24-21.17.23:598][  0]LogConfig: Applying CVar settings from Section [PostProcessQuality@3] File [C:/Users/Samuel/Documents/GitHub/CFE_RV/CFE_LeapMotion2/Saved/Config/Windows/Scalability.ini]
[2019.05.24-21.17.23:598][  0]LogConfig: Setting CVar [[r.MotionBlurQuality:4]]
[2019.05.24-21.17.23:598][  0]LogConfig: Setting CVar [[r.AmbientOcclusionMipLevelFactor:0.4]]
[2019.05.24-21.17.23:598][  0]LogConfig: Setting CVar [[r.AmbientOcclusionMaxQuality:100]]
[2019.05.24-21.17.23:598][  0]LogConfig: Setting CVar [[r.AmbientOcclusionLevels:-1]]
[2019.05.24-21.17.23:598][  0]LogConfig: Setting CVar [[r.AmbientOcclusionRadiusScale:1.0]]
[2019.05.24-21.17.23:598][  0]LogConfig: Setting CVar [[r.DepthOfFieldQuality:2]]
[2019.05.24-21.17.23:598][  0]LogConfig: Setting CVar [[r.RenderTargetPoolMin:400]]
[2019.05.24-21.17.23:598][  0]LogConfig: Setting CVar [[r.LensFlareQuality:2]]
[2019.05.24-21.17.23:598][  0]LogConfig: Setting CVar [[r.SceneColorFringeQuality:1]]
[2019.05.24-21.17.23:598][  0]LogConfig: Setting CVar [[r.EyeAdaptationQuality:2]]
[2019.05.24-21.17.23:598][  0]LogConfig: Setting CVar [[r.BloomQuality:5]]
[2019.05.24-21.17.23:599][  0]LogConfig: Setting CVar [[r.FastBlurThreshold:100]]
[2019.05.24-21.17.23:599][  0]LogConfig: Setting CVar [[r.Upscale.Quality:3]]
[2019.05.24-21.17.23:599][  0]LogConfig: Setting CVar [[r.Tonemapper.GrainQuantization:1]]
[2019.05.24-21.17.23:599][  0]LogConfig: Setting CVar [[r.LightShaftQuality:1]]
[2019.05.24-21.17.23:599][  0]LogConfig: Setting CVar [[r.Filter.SizeScale:1]]
[2019.05.24-21.17.23:599][  0]LogConfig: Setting CVar [[r.Tonemapper.Quality:5]]
[2019.05.24-21.17.23:599][  0]LogConfig: Setting CVar [[r.DOF.Gather.AccumulatorQuality:1        ; higher gathering accumulator quality]]
[2019.05.24-21.17.23:599][  0]LogConfig: Setting CVar [[r.DOF.Gather.PostfilterMethod:1          ; Median3x3 postfilering method]]
[2019.05.24-21.17.23:599][  0]LogConfig: Setting CVar [[r.DOF.Gather.EnableBokehSettings:0       ; no bokeh simulation when gathering]]
[2019.05.24-21.17.23:599][  0]LogConfig: Setting CVar [[r.DOF.Gather.RingCount:4                 ; medium number of samples when gathering]]
[2019.05.24-21.17.23:599][  0]LogConfig: Setting CVar [[r.DOF.Scatter.ForegroundCompositing:1    ; additive foreground scattering]]
[2019.05.24-21.17.23:599][  0]LogConfig: Setting CVar [[r.DOF.Scatter.BackgroundCompositing:2    ; additive background scattering]]
[2019.05.24-21.17.23:599][  0]LogConfig: Setting CVar [[r.DOF.Scatter.EnableBokehSettings:1      ; bokeh simulation when scattering]]
[2019.05.24-21.17.23:599][  0]LogConfig: Setting CVar [[r.DOF.Scatter.MaxSpriteRatio:0.1         ; only a maximum of 10% of scattered bokeh]]
[2019.05.24-21.17.23:599][  0]LogConfig: Setting CVar [[r.DOF.Recombine.Quality:1                ; cheap slight out of focus]]
[2019.05.24-21.17.23:599][  0]LogConfig: Setting CVar [[r.DOF.Recombine.EnableBokehSettings:0    ; no bokeh simulation on slight out of focus]]
[2019.05.24-21.17.23:599][  0]LogConfig: Setting CVar [[r.DOF.TemporalAAQuality:1                ; more stable temporal accumulation]]
[2019.05.24-21.17.23:599][  0]LogConfig: Setting CVar [[r.DOF.Kernel.MaxForegroundRadius:0.025]]
[2019.05.24-21.17.23:599][  0]LogConfig: Setting CVar [[r.DOF.Kernel.MaxBackgroundRadius:0.025]]
[2019.05.24-21.17.23:599][  0]LogConfig: Applying CVar settings from Section [TextureQuality@3] File [C:/Users/Samuel/Documents/GitHub/CFE_RV/CFE_LeapMotion2/Saved/Config/Windows/Scalability.ini]
[2019.05.24-21.17.23:599][  0]LogConfig: Setting CVar [[r.Streaming.MipBias:0]]
[2019.05.24-21.17.23:599][  0]LogConfig: Setting CVar [[r.Streaming.AmortizeCPUToGPUCopy:0]]
[2019.05.24-21.17.23:599][  0]LogConfig: Setting CVar [[r.Streaming.MaxNumTexturesToStreamPerFrame:0]]
[2019.05.24-21.17.23:599][  0]LogConfig: Setting CVar [[r.Streaming.Boost:1]]
[2019.05.24-21.17.23:599][  0]LogConfig: Setting CVar [[r.MaxAnisotropy:8]]
[2019.05.24-21.17.23:599][  0]LogConfig: Setting CVar [[r.Streaming.LimitPoolSizeToVRAM:0]]
[2019.05.24-21.17.23:599][  0]LogConfig: Setting CVar [[r.Streaming.PoolSize:1000]]
[2019.05.24-21.17.23:599][  0]LogConfig: Setting CVar [[r.Streaming.MaxEffectiveScreenSize:0]]
[2019.05.24-21.17.23:599][  0]LogConfig: Applying CVar settings from Section [EffectsQuality@3] File [C:/Users/Samuel/Documents/GitHub/CFE_RV/CFE_LeapMotion2/Saved/Config/Windows/Scalability.ini]
[2019.05.24-21.17.23:599][  0]LogConfig: Setting CVar [[r.TranslucencyLightingVolumeDim:64]]
[2019.05.24-21.17.23:599][  0]LogConfig: Setting CVar [[r.RefractionQuality:2]]
[2019.05.24-21.17.23:600][  0]LogConfig: Setting CVar [[r.SSR.Quality:3]]
[2019.05.24-21.17.23:600][  0]LogConfig: Setting CVar [[r.SceneColorFormat:4]]
[2019.05.24-21.17.23:600][  0]LogConfig: Setting CVar [[r.DetailMode:2]]
[2019.05.24-21.17.23:600][  0]LogConfig: Setting CVar [[r.TranslucencyVolumeBlur:1]]
[2019.05.24-21.17.23:600][  0]LogConfig: Setting CVar [[r.MaterialQualityLevel:1 ; High quality]]
[2019.05.24-21.17.23:600][  0]LogConfig: Setting CVar [[r.SSS.Scale:1]]
[2019.05.24-21.17.23:600][  0]LogConfig: Setting CVar [[r.SSS.SampleSet:2]]
[2019.05.24-21.17.23:600][  0]LogConfig: Setting CVar [[r.SSS.Quality:1]]
[2019.05.24-21.17.23:600][  0]LogConfig: Setting CVar [[r.SSS.HalfRes:1]]
[2019.05.24-21.17.23:600][  0]LogConfig: Setting CVar [[r.EmitterSpawnRateScale:1.0]]
[2019.05.24-21.17.23:600][  0]LogConfig: Setting CVar [[r.ParticleLightQuality:2]]
[2019.05.24-21.17.23:600][  0]LogConfig: Applying CVar settings from Section [FoliageQuality@3] File [C:/Users/Samuel/Documents/GitHub/CFE_RV/CFE_LeapMotion2/Saved/Config/Windows/Scalability.ini]
[2019.05.24-21.17.23:600][  0]LogConfig: Setting CVar [[foliage.DensityScale:1.0]]
[2019.05.24-21.17.23:600][  0]LogConfig: Setting CVar [[grass.DensityScale:1.0]]
[2019.05.24-21.17.23:600][  0]LogInit: Selected Device Profile: [Windows]
[2019.05.24-21.17.23:600][  0]LogInit: Applying CVar settings loaded from the selected device profile: [Windows]
[2019.05.24-21.17.23:634][  0]LogHAL: Display: Platform has ~ 7 GB [7455145984 / 8589934592 / 7], which maps to Smaller [LargestMinGB=32, LargerMinGB=12, DefaultMinGB=8, SmallerMinGB=6, SmallestMinGB=0)
[2019.05.24-21.17.23:634][  0]LogConfig: Setting CVar [[r.Vulkan.UseRealUBs:1]]
[2019.05.24-21.17.23:634][  0]LogInit: Going up to parent DeviceProfile []
[2019.05.24-21.17.23:634][  0]LogConfig: Applying CVar settings from Section [ViewDistanceQuality@1] File [C:/Users/Samuel/Documents/GitHub/CFE_RV/CFE_LeapMotion2/Saved/Config/Windows/Scalability.ini]
[2019.05.24-21.17.23:634][  0]LogConfig: Setting CVar [[r.SkeletalMeshLODBias:1]]
[2019.05.24-21.17.23:634][  0]LogConfig: Setting CVar [[r.ViewDistanceScale:0.6]]
[2019.05.24-21.17.23:634][  0]LogConfig: Applying CVar settings from Section [AntiAliasingQuality@1] File [C:/Users/Samuel/Documents/GitHub/CFE_RV/CFE_LeapMotion2/Saved/Config/Windows/Scalability.ini]
[2019.05.24-21.17.23:634][  0]LogConfig: Setting CVar [[r.PostProcessAAQuality:2]]
[2019.05.24-21.17.23:634][  0]LogConfig: Applying CVar settings from Section [ShadowQuality@1] File [C:/Users/Samuel/Documents/GitHub/CFE_RV/CFE_LeapMotion2/Saved/Config/Windows/Scalability.ini]
[2019.05.24-21.17.23:634][  0]LogConfig: Setting CVar [[r.LightFunctionQuality:1]]
[2019.05.24-21.17.23:635][  0]LogConfig: Setting CVar [[r.ShadowQuality:3]]
[2019.05.24-21.17.23:635][  0]LogConfig: Setting CVar [[r.Shadow.CSM.MaxCascades:1]]
[2019.05.24-21.17.23:635][  0]LogConfig: Setting CVar [[r.Shadow.MaxResolution:1024]]
[2019.05.24-21.17.23:635][  0]LogConfig: Setting CVar [[r.Shadow.MaxCSMResolution:1024]]
[2019.05.24-21.17.23:635][  0]LogConfig: Setting CVar [[r.Shadow.RadiusThreshold:0.05]]
[2019.05.24-21.17.23:635][  0]LogConfig: Setting CVar [[r.Shadow.DistanceScale:0.7]]
[2019.05.24-21.17.23:635][  0]LogConfig: Setting CVar [[r.Shadow.CSM.TransitionScale:0.25]]
[2019.05.24-21.17.23:635][  0]LogConfig: Setting CVar [[r.Shadow.PreShadowResolutionFactor:0.5]]
[2019.05.24-21.17.23:635][  0]LogConfig: Setting CVar [[r.DistanceFieldShadowing:0]]
[2019.05.24-21.17.23:635][  0]LogConfig: Setting CVar [[r.DistanceFieldAO:0]]
[2019.05.24-21.17.23:635][  0]LogConfig: Setting CVar [[r.VolumetricFog:0]]
[2019.05.24-21.17.23:635][  0]LogConfig: Setting CVar [[r.LightMaxDrawDistanceScale:.5]]
[2019.05.24-21.17.23:635][  0]LogConfig: Setting CVar [[r.CapsuleShadows:1]]
[2019.05.24-21.17.23:635][  0]LogConfig: Applying CVar settings from Section [PostProcessQuality@1] File [C:/Users/Samuel/Documents/GitHub/CFE_RV/CFE_LeapMotion2/Saved/Config/Windows/Scalability.ini]
[2019.05.24-21.17.23:635][  0]LogConfig: Setting CVar [[r.MotionBlurQuality:3]]
[2019.05.24-21.17.23:635][  0]LogConfig: Setting CVar [[r.AmbientOcclusionMipLevelFactor:1.0]]
[2019.05.24-21.17.23:635][  0]LogConfig: Setting CVar [[r.AmbientOcclusionMaxQuality:60]]
[2019.05.24-21.17.23:635][  0]LogConfig: Setting CVar [[r.AmbientOcclusionLevels:-1]]
[2019.05.24-21.17.23:635][  0]LogConfig: Setting CVar [[r.AmbientOcclusionRadiusScale:1.5]]
[2019.05.24-21.17.23:635][  0]LogConfig: Setting CVar [[r.DepthOfFieldQuality:1]]
[2019.05.24-21.17.23:635][  0]LogConfig: Setting CVar [[r.RenderTargetPoolMin:350]]
[2019.05.24-21.17.23:635][  0]LogConfig: Setting CVar [[r.LensFlareQuality:0]]
[2019.05.24-21.17.23:635][  0]LogConfig: Setting CVar [[r.SceneColorFringeQuality:0]]
[2019.05.24-21.17.23:635][  0]LogConfig: Setting CVar [[r.EyeAdaptationQuality:0]]
[2019.05.24-21.17.23:635][  0]LogConfig: Setting CVar [[r.BloomQuality:4]]
[2019.05.24-21.17.23:635][  0]LogConfig: Setting CVar [[r.FastBlurThreshold:2]]
[2019.05.24-21.17.23:635][  0]LogConfig: Setting CVar [[r.Upscale.Quality:2]]
[2019.05.24-21.17.23:635][  0]LogConfig: Setting CVar [[r.Tonemapper.GrainQuantization:0]]
[2019.05.24-21.17.23:635][  0]LogConfig: Setting CVar [[r.LightShaftQuality:0]]
[2019.05.24-21.17.23:635][  0]LogConfig: Setting CVar [[r.Filter.SizeScale:0.7]]
[2019.05.24-21.17.23:635][  0]LogConfig: Setting CVar [[r.Tonemapper.Quality:2]]
[2019.05.24-21.17.23:635][  0]LogConfig: Setting CVar [[r.DOF.Gather.AccumulatorQuality:0        ; lower gathering accumulator quality]]
[2019.05.24-21.17.23:635][  0]LogConfig: Setting CVar [[r.DOF.Gather.PostfilterMethod:2          ; Max3x3 postfilering method]]
[2019.05.24-21.17.23:635][  0]LogConfig: Setting CVar [[r.DOF.Gather.EnableBokehSettings:0       ; no bokeh simulation when gathering]]
[2019.05.24-21.17.23:635][  0]LogConfig: Setting CVar [[r.DOF.Gather.RingCount:3                 ; low number of samples when gathering]]
[2019.05.24-21.17.23:636][  0]LogConfig: Setting CVar [[r.DOF.Scatter.ForegroundCompositing:0    ; no foreground scattering]]
[2019.05.24-21.17.23:636][  0]LogConfig: Setting CVar [[r.DOF.Scatter.BackgroundCompositing:0    ; no foreground scattering]]
[2019.05.24-21.17.23:636][  0]LogConfig: Setting CVar [[r.DOF.Recombine.Quality:0                ; no slight out of focus]]
[2019.05.24-21.17.23:636][  0]LogConfig: Setting CVar [[r.DOF.TemporalAAQuality:0                ; faster temporal accumulation]]
[2019.05.24-21.17.23:636][  0]LogConfig: Setting CVar [[r.DOF.Kernel.MaxForegroundRadius:0.006   ; required because low gathering and no scattering and not looking great at 1080p]]
[2019.05.24-21.17.23:636][  0]LogConfig: Setting CVar [[r.DOF.Kernel.MaxBackgroundRadius:0.006   ; required because low gathering and no scattering and not looking great at 1080p]]
[2019.05.24-21.17.23:636][  0]LogConfig: Applying CVar settings from Section [TextureQuality@1] File [C:/Users/Samuel/Documents/GitHub/CFE_RV/CFE_LeapMotion2/Saved/Config/Windows/Scalability.ini]
[2019.05.24-21.17.23:636][  0]LogConfig: Setting CVar [[r.Streaming.MipBias:1]]
[2019.05.24-21.17.23:636][  0]LogConfig: Setting CVar [[r.Streaming.AmortizeCPUToGPUCopy:0]]
[2019.05.24-21.17.23:636][  0]LogConfig: Setting CVar [[r.Streaming.MaxNumTexturesToStreamPerFrame:0]]
[2019.05.24-21.17.23:636][  0]LogConfig: Setting CVar [[r.Streaming.Boost:1]]
[2019.05.24-21.17.23:636][  0]LogConfig: Setting CVar [[r.MaxAnisotropy:2]]
[2019.05.24-21.17.23:636][  0]LogConfig: Setting CVar [[r.Streaming.LimitPoolSizeToVRAM:1]]
[2019.05.24-21.17.23:636][  0]LogConfig: Setting CVar [[r.Streaming.PoolSize:600]]
[2019.05.24-21.17.23:636][  0]LogConfig: Setting CVar [[r.Streaming.MaxEffectiveScreenSize:0]]
[2019.05.24-21.17.23:636][  0]LogConfig: Applying CVar settings from Section [EffectsQuality@1] File [C:/Users/Samuel/Documents/GitHub/CFE_RV/CFE_LeapMotion2/Saved/Config/Windows/Scalability.ini]
[2019.05.24-21.17.23:636][  0]LogConfig: Setting CVar [[r.TranslucencyLightingVolumeDim:32]]
[2019.05.24-21.17.23:636][  0]LogConfig: Setting CVar [[r.RefractionQuality:0]]
[2019.05.24-21.17.23:636][  0]LogConfig: Setting CVar [[r.SSR.Quality:0]]
[2019.05.24-21.17.23:636][  0]LogConfig: Setting CVar [[r.SceneColorFormat:3]]
[2019.05.24-21.17.23:636][  0]LogConfig: Setting CVar [[r.DetailMode:1]]
[2019.05.24-21.17.23:636][  0]LogConfig: Setting CVar [[r.TranslucencyVolumeBlur:0]]
[2019.05.24-21.17.23:636][  0]LogConfig: Setting CVar [[r.MaterialQualityLevel:2 ; Medium quality]]
[2019.05.24-21.17.23:636][  0]LogConfig: Setting CVar [[r.SSS.Scale:0.75]]
[2019.05.24-21.17.23:636][  0]LogConfig: Setting CVar [[r.SSS.SampleSet:0]]
[2019.05.24-21.17.23:636][  0]LogConfig: Setting CVar [[r.SSS.Quality:0]]
[2019.05.24-21.17.23:636][  0]LogConfig: Setting CVar [[r.SSS.HalfRes:1]]
[2019.05.24-21.17.23:636][  0]LogConfig: Setting CVar [[r.EmitterSpawnRateScale:0.25]]
[2019.05.24-21.17.23:636][  0]LogConfig: Setting CVar [[r.ParticleLightQuality:0]]
[2019.05.24-21.17.23:636][  0]LogConfig: Applying CVar settings from Section [FoliageQuality@1] File [C:/Users/Samuel/Documents/GitHub/CFE_RV/CFE_LeapMotion2/Saved/Config/Windows/Scalability.ini]
[2019.05.24-21.17.23:636][  0]LogConfig: Setting CVar [[foliage.DensityScale:0.4]]
[2019.05.24-21.17.23:636][  0]LogConfig: Setting CVar [[grass.DensityScale:0.4]]
[2019.05.24-21.17.23:636][  0]LogConfig: Applying CVar settings from Section [Startup] File [../../../Engine/Config/ConsoleVariables.ini]
[2019.05.24-21.17.23:637][  0]LogConfig: Setting CVar [[net.UseAdaptiveNetUpdateFrequency:0]]
[2019.05.24-21.17.23:637][  0]LogConfig: Applying CVar settings from Section [ConsoleVariables] File [C:/Users/Samuel/Documents/GitHub/CFE_RV/CFE_LeapMotion2/Saved/Config/Windows/Engine.ini]
[2019.05.24-21.17.23:638][  0]LogInit: Computer: DESKTOP-RTM83TK
[2019.05.24-21.17.23:638][  0]LogInit: User: Samuel
[2019.05.24-21.17.23:638][  0]LogInit: CPU Page size=4096, Cores=4
[2019.05.24-21.17.23:638][  0]LogInit: High frequency timer resolution =10.000000 MHz
[2019.05.24-21.17.23:639][  0]LogMemory: Memory total: Physical=6.9GB (7GB approx)
[2019.05.24-21.17.23:639][  0]LogMemory: Platform Memory Stats for Windows
[2019.05.24-21.17.23:639][  0]LogMemory: Process Physical Memory: 102.73 MB used, 102.73 MB peak
[2019.05.24-21.17.23:639][  0]LogMemory: Process Virtual Memory: 95.95 MB used, 95.95 MB peak
[2019.05.24-21.17.23:639][  0]LogMemory: Physical Memory: 3272.85 MB used,  3836.93 MB free, 7109.78 MB total
[2019.05.24-21.17.23:639][  0]LogMemory: Virtual Memory: 4641.57 MB used,  134213088.00 MB free, 134217728.00 MB total
[2019.05.24-21.17.23:690][  0]LogInit: Overriding language with editor language configuration option (en).
[2019.05.24-21.17.23:690][  0]LogInit: Overriding locale with editor locale configuration option (en).
[2019.05.24-21.17.24:471][  0]LogStreaming: Display: Took  0.781s to InitEngineTextLocalization.
[2019.05.24-21.17.24:472][  0]LogInit: Setting process to per monitor DPI aware
[2019.05.24-21.17.24:555][  0]LogSlate: New Slate User Created.  User Index 0, Is Virtual User: 0
[2019.05.24-21.17.24:555][  0]LogSlate: Slate User Registered.  User Index 0, Is Virtual User: 0
[2019.05.24-21.17.25:096][  0]LogHMD: Failed to initialize OpenVR with code 110
[2019.05.24-21.17.25:096][  0]LogD3D11RHI: D3D11 adapters:
[2019.05.24-21.17.25:161][  0]LogD3D11RHI:    0. 'AMD Radeon(TM) R6 Graphics' (Feature Level 11_0)
[2019.05.24-21.17.25:161][  0]LogD3D11RHI:       1012/0/3554 MB DedicatedVideo/DedicatedSystem/SharedSystem, Outputs:1, VendorId:0x1002
[2019.05.24-21.17.25:168][  0]LogD3D11RHI:    1. 'Microsoft Basic Render Driver' (Feature Level 11_0)
[2019.05.24-21.17.25:168][  0]LogD3D11RHI:       0/0/3554 MB DedicatedVideo/DedicatedSystem/SharedSystem, Outputs:0, VendorId:0x1414
[2019.05.24-21.17.25:168][  0]LogD3D11RHI: Chosen D3D11 Adapter: 0
[2019.05.24-21.17.25:184][  0]LogD3D11RHI: Creating new Direct3DDevice
[2019.05.24-21.17.25:184][  0]LogD3D11RHI:     GPU DeviceId: 0x9874 (for the marketing name, search the web for "GPU Device Id")
[2019.05.24-21.17.25:185][  0]LogWindows: EnumDisplayDevices:
[2019.05.24-21.17.25:185][  0]LogWindows:    0. 'AMD Radeon(TM) R6 Graphics' (P:1 D:1)
[2019.05.24-21.17.25:186][  0]LogWindows:    1. 'AMD Radeon(TM) R6 Graphics' (P:0 D:0)
[2019.05.24-21.17.25:187][  0]LogWindows:    2. 'AMD Radeon(TM) R6 Graphics' (P:0 D:0)
[2019.05.24-21.17.25:187][  0]LogWindows: DebugString: FoundDriverCount:3 
[2019.05.24-21.17.25:187][  0]LogD3D11RHI:     Adapter Name: AMD Radeon(TM) R6 Graphics
[2019.05.24-21.17.25:187][  0]LogD3D11RHI:   Driver Version: 15.201.1101.1002 (internal:15.201.1101.1002, unified:15.201.1101.1002)
[2019.05.24-21.17.25:187][  0]LogD3D11RHI:      Driver Date: 8-21-2015
[2019.05.24-21.17.25:187][  0]LogRHI: Texture pool is 708 MB (70% of 1012 MB)
[2019.05.24-21.17.25:362][  0]LogD3D11RHI: Async texture creation enabled
[2019.05.24-21.17.25:395][  0]LogD3D11RHI: GPU Timing Frequency: 27.000000 (Debug: 2 2)
[2019.05.24-21.17.26:170][  0]LogTemp: Display: Loaded TP AllDesktopTargetPlatform
[2019.05.24-21.17.26:200][  0]LogTemp: Display: Loaded TP MacClientTargetPlatform
[2019.05.24-21.17.26:232][  0]LogTemp: Display: Loaded TP MacNoEditorTargetPlatform
[2019.05.24-21.17.26:264][  0]LogTemp: Display: Loaded TP MacServerTargetPlatform
[2019.05.24-21.17.26:296][  0]LogTemp: Display: Loaded TP MacTargetPlatform
[2019.05.24-21.17.26:329][  0]LogTemp: Display: Loaded TP WindowsClientTargetPlatform
[2019.05.24-21.17.26:360][  0]LogTemp: Display: Loaded TP WindowsNoEditorTargetPlatform
[2019.05.24-21.17.26:392][  0]LogTemp: Display: Loaded TP WindowsServerTargetPlatform
[2019.05.24-21.17.26:407][  0]LogTemp: Display: Loaded TP WindowsTargetPlatform
[2019.05.24-21.17.26:592][  0]LogTemp: Display: Loaded TP AndroidTargetPlatform
[2019.05.24-21.17.26:592][  0]LogTemp: Display: Loaded TP AndroidTargetPlatform
[2019.05.24-21.17.26:592][  0]LogTemp: Display: Loaded TP AndroidTargetPlatform
[2019.05.24-21.17.26:592][  0]LogTemp: Display: Loaded TP AndroidTargetPlatform
[2019.05.24-21.17.26:592][  0]LogTemp: Display: Loaded TP AndroidTargetPlatform
[2019.05.24-21.17.26:592][  0]LogTemp: Display: Loaded TP AndroidTargetPlatform
[2019.05.24-21.17.26:592][  0]LogTemp: Display: Loaded TP AndroidTargetPlatform
[2019.05.24-21.17.26:592][  0]LogTemp: Display: Loaded TP AndroidTargetPlatform
[2019.05.24-21.17.26:592][  0]LogTemp: Display: Loaded TP AndroidTargetPlatform
[2019.05.24-21.17.26:592][  0]LogTemp: Display: Loaded TP AndroidTargetPlatform
[2019.05.24-21.17.26:592][  0]LogTemp: Display: Loaded TP AndroidTargetPlatform
[2019.05.24-21.17.26:592][  0]LogTemp: Display: Loaded TP AndroidTargetPlatform
[2019.05.24-21.17.26:592][  0]LogTemp: Display: Loaded TP AndroidTargetPlatform
[2019.05.24-21.17.26:592][  0]LogTemp: Display: Loaded TP AndroidTargetPlatform
[2019.05.24-21.17.26:592][  0]LogTemp: Display: Loaded TP AndroidTargetPlatform
[2019.05.24-21.17.26:592][  0]LogTemp: Display: Loaded TP AndroidTargetPlatform
[2019.05.24-21.17.26:592][  0]LogTemp: Display: Loaded TP AndroidTargetPlatform
[2019.05.24-21.17.26:592][  0]LogTemp: Display: Loaded TP AndroidTargetPlatform
[2019.05.24-21.17.26:596][  0]LogTemp: Display: Loaded TP HTML5TargetPlatform
[2019.05.24-21.17.26:696][  0]LogTemp: Display: Loaded TP IOSTargetPlatform
[2019.05.24-21.17.26:696][  0]LogTemp: Display: Loaded TP IOSTargetPlatform
[2019.05.24-21.17.26:756][  0]LogTemp: Display: Loaded TP TVOSTargetPlatform
[2019.05.24-21.17.26:756][  0]LogTemp: Display: Loaded TP TVOSTargetPlatform
[2019.05.24-21.17.26:790][  0]LogTemp: Display: Loaded TP LinuxClientTargetPlatform
[2019.05.24-21.17.26:822][  0]LogTemp: Display: Loaded TP LinuxNoEditorTargetPlatform
[2019.05.24-21.17.26:853][  0]LogTemp: Display: Loaded TP LinuxServerTargetPlatform
[2019.05.24-21.17.26:888][  0]LogTemp: Display: Loaded TP LinuxTargetPlatform
[2019.05.24-21.17.26:995][  0]LogTemp: Display: Loaded TP LuminTargetPlatform
[2019.05.24-21.17.26:996][  0]LogTemp: Display: Loaded TP LuminTargetPlatform
[2019.05.24-21.17.26:996][  0]LogTargetPlatformManager: Display: Building Assets For Windows
[2019.05.24-21.17.27:138][  0]LogShaderCompilers: Guid format shader working directory is -23 characters bigger than the processId version (../../../../../../Users/Samuel/Documents/GitHub/CFE_RV/CFE_LeapMotion2/Intermediate/Shaders/WorkingDirectory/5232/).
[2019.05.24-21.17.27:138][  0]LogShaderCompilers: Cleaned the shader compiler working directory 'C:/Users/Samuel/AppData/Local/Temp/UnrealShaderWorkingDir/8E656B4C4925121843B0A9B7FF6FF587/'.
[2019.05.24-21.17.27:143][  0]LogXGEController: Cleaning working directory: C:/Users/Samuel/AppData/Local/Temp/UnrealXGEWorkingDir/
[2019.05.24-21.17.27:144][  0]LogXGEController: Cannot use XGE Controller as Incredibuild is not installed on this machine.
[2019.05.24-21.17.27:144][  0]LogShaderCompilers: Cannot use XGE Shader Compiler as Incredibuild is not installed on this machine.
[2019.05.24-21.17.27:144][  0]LogShaderCompilers: Display: Using Local Shader Compiler.
[2019.05.24-21.17.28:717][  0]LogDerivedDataCache: Display: Max Cache Size: 512 MB
[2019.05.24-21.17.28:867][  0]LogDerivedDataCache: Loaded boot cache 0.15s 71MB C:/Users/Samuel/AppData/Local/UnrealEngine/4.21/DerivedDataCache/Boot.ddc.
[2019.05.24-21.17.28:867][  0]LogDerivedDataCache: Display: Loaded Boot cache: C:/Users/Samuel/AppData/Local/UnrealEngine/4.21/DerivedDataCache/Boot.ddc
[2019.05.24-21.17.28:867][  0]LogDerivedDataCache: FDerivedDataBackendGraph:  Pak pak cache file ../../../../../../Users/Samuel/Documents/GitHub/CFE_RV/CFE_LeapMotion2/DerivedDataCache/DDC.ddp not found, will not use a pak cache.
[2019.05.24-21.17.28:867][  0]LogDerivedDataCache: Unable to find inner node Pak for hierarchical cache Hierarchy.
[2019.05.24-21.17.28:867][  0]LogDerivedDataCache: FDerivedDataBackendGraph:  CompressedPak pak cache file ../../../../../../Users/Samuel/Documents/GitHub/CFE_RV/CFE_LeapMotion2/DerivedDataCache/Compressed.ddp not found, will not use a pak cache.
[2019.05.24-21.17.28:867][  0]LogDerivedDataCache: Unable to find inner node CompressedPak for hierarchical cache Hierarchy.
[2019.05.24-21.17.28:902][  0]LogDerivedDataCache: Display: Pak cache opened for reading ../../../Engine/DerivedDataCache/Compressed.ddp.
[2019.05.24-21.17.28:903][  0]LogDerivedDataCache: FDerivedDataBackendGraph:  EnterprisePak pak cache file ../../../Enterprise/DerivedDataCache/Compressed.ddp not found, will not use a pak cache.
[2019.05.24-21.17.28:903][  0]LogDerivedDataCache: Unable to find inner node EnterprisePak for hierarchical cache Hierarchy.
[2019.05.24-21.17.28:917][  0]LogDerivedDataCache: Using Local data cache path C:/Users/Samuel/AppData/Local/UnrealEngine/Common/DerivedDataCache: Writable
[2019.05.24-21.17.28:917][  0]LogDerivedDataCache: Shared data cache path not found in *engine.ini, will not use an Shared cache.
[2019.05.24-21.17.28:917][  0]LogDerivedDataCache: Unable to find inner node Shared for hierarchical cache Hierarchy.
[2019.05.24-21.17.28:972][  0]LogMaterial: Verifying Global Shaders for PCD3D_SM5
[2019.05.24-21.17.28:974][  0]LogSlate: Using FreeType 2.6.0
[2019.05.24-21.17.28:976][  0]LogSlate: SlateFontServices - WITH_FREETYPE: 1, WITH_HARFBUZZ: 1
[2019.05.24-21.17.29:139][  0]LogAssetRegistry: FAssetRegistry took 0.0502 seconds to start up
[2019.05.24-21.17.30:043][  0]LogInit: Selected Device Profile: [Windows]
[2019.05.24-21.17.30:408][  0]LogSimplygon: Simplygon DLL not present - disabling.
[2019.05.24-21.17.30:416][  0]LogMeshReduction: Using SimplygonSwarm for distributed automatic mesh merging
[2019.05.24-21.17.30:417][  0]LogMeshReduction: Using ProxyLODMeshReduction for automatic mesh merging
[2019.05.24-21.17.30:417][  0]LogMeshReduction: Using QuadricMeshReduction for automatic static mesh reduction
[2019.05.24-21.17.30:417][  0]LogMeshReduction: No automatic skeletal mesh reduction module available
[2019.05.24-21.17.30:453][  0]LogNetVersion: CFE_LeapMotion 1.0.0, NetCL: 4541578, EngineNetVer: 5, GameNetVer: 0 (Checksum: 1837852655)
[2019.05.24-21.17.31:686][  0]LogPackageLocalizationCache: Processed 12 localized package path(s) for 1 prioritized culture(s) in 0.137612 seconds
[2019.05.24-21.17.31:702][  0]LogUObjectArray: 39775 objects as part of root set at end of initial load.
[2019.05.24-21.17.31:702][  0]LogUObjectAllocator: 6914656 out of 0 bytes used by permanent object pool.
[2019.05.24-21.17.31:702][  0]LogUObjectArray: CloseDisregardForGC: 0/0 objects in disregard for GC pool
[2019.05.24-21.17.33:672][  0]LogTcpMessaging: Initializing TcpMessaging bridge
[2019.05.24-21.17.33:693][  0]LogUdpMessaging: Initializing bridge on interface 0.0.0.0:0 to multicast group 230.0.0.1:6666.
[2019.05.24-21.17.35:257][  0]SourceControl: Source control is disabled
[2019.05.24-21.17.36:626][  0]LogAndroidPermission: UAndroidPermissionCallbackProxy::GetInstance
[2019.05.24-21.17.36:786][  0]LogWindows: Failed to load '../../../Engine/Binaries/ThirdParty/LeapMotion/Win64/LeapC.dll' (GetLastError=126)
[2019.05.24-21.17.36:786][  0]LogWindows: File '../../../Engine/Binaries/ThirdParty/LeapMotion/Win64/LeapC.dll' does not exist
[2019.05.24-21.17.36:786][  0]LeapMotionLog: Leap Plugin started v3.3.1
[2019.05.24-21.17.36:795][  0]LogOcInput: OculusInput pre-init called
[2019.05.24-21.17.37:014][  0]LogClass: Warning: ObjectProperty FMappedBoneAnimData::BodyStateSkeleton is not initialized properly
[2019.05.24-21.17.37:014][  0]LogClass: Warning: FBodyStateDeviceConfig::InputType is not initialized properly
[2019.05.24-21.17.37:014][  0]LogClass: Warning: FLeapStats::FrameExtrapolationInMS is not initialized properly
[2019.05.24-21.17.37:014][  0]LogClass: Display: 3 Uninitialized script stuct members found
[2019.05.24-21.17.37:016][  0]LogAutomationTest: Warning: ObjectProperty FMappedBoneAnimData::BodyStateSkeleton is not initialized properly
[2019.05.24-21.17.37:016][  0]LogAutomationTest: Warning: FBodyStateDeviceConfig::InputType is not initialized properly
[2019.05.24-21.17.37:016][  0]LogAutomationTest: Warning: FLeapStats::FrameExtrapolationInMS is not initialized properly
[2019.05.24-21.17.37:021][  0]LogEngine: Initializing Engine...
[2019.05.24-21.17.37:023][  0]LogHMD: Failed to initialize OpenVR with code 110
[2019.05.24-21.17.37:026][  0]LogStats: UGameplayTagsManager::ConstructGameplayTagTree: ImportINI prefixes -  0.000 s
[2019.05.24-21.17.37:027][  0]LogStats: UGameplayTagsManager::ConstructGameplayTagTree: Construct from data asset -  0.000 s
[2019.05.24-21.17.37:027][  0]LogStats: UGameplayTagsManager::ConstructGameplayTagTree: ImportINI -  0.000 s
[2019.05.24-21.17.37:027][  0]LogStats: UGameplayTagsManager::ConstructGameplayTagTree: GameplayTagTreeChangedEvent.Broadcast -  0.000 s
[2019.05.24-21.17.37:604][  0]LogInit: Initializing FReadOnlyCVARCache
[2019.05.24-21.17.37:639][  0]LogAIModule: Creating AISystem for world Untitled
[2019.05.24-21.17.37:657][  0]LogInit: XAudio2 using 'Altavoces (Conexant SmartAudio HD)' : 2 channels at 48 kHz using 32 bits per sample (channel mask 0x3)
[2019.05.24-21.17.37:730][  0]LogInit: FAudioDevice initialized.
[2019.05.24-21.17.37:731][  0]LogNetVersion: Set ProjectVersion to 1.0.0.0. Version Checksum will be recalculated on next use.
[2019.05.24-21.17.38:131][  0]LogDerivedDataCache: Saved boot cache 0.40s 71MB C:/Users/Samuel/AppData/Local/UnrealEngine/4.21/DerivedDataCache/Boot.ddc.
[2019.05.24-21.17.38:158][  0]LogInit: Texture streaming: Enabled
[2019.05.24-21.17.38:204][  0]LogEngineSessionManager: EngineSessionManager initialized
[2019.05.24-21.17.38:204][  0]LogEngineSessionManager: EngineSessionManager sent abnormal shutdown report. Type=Crashed, SessionId={CAD949CD-4711-46E2-49CD-4399DD02AE68}
[2019.05.24-21.17.38:240][  0]LogInit: Transaction tracking system initialized
[2019.05.24-21.17.38:297][  0]BlueprintLog: New page: Editor Load
[2019.05.24-21.17.38:477][  0]LocalizationService: Localization service is disabled
[2019.05.24-21.17.40:583][  0]LogFileCache: Scanning file cache for directory 'C:/Users/Samuel/Documents/GitHub/CFE_RV/CFE_LeapMotion2/Content/' took 0.03s
[2019.05.24-21.17.40:584][  0]LogCook: Display: Max memory allowance for cook 16384mb min free memory 0mb
[2019.05.24-21.17.40:584][  0]LogCook: Display: Mobile HDR setting 1
[2019.05.24-21.17.40:584][  0]LogGameplayTags: Display: UGameplayTagsManager::DoneAddingNativeTags. DelegateIsBound: 0
[2019.05.24-21.17.40:584][  0]LogStats: UGameplayTagsManager::ConstructGameplayTagTree: ImportINI prefixes -  0.000 s
[2019.05.24-21.17.40:584][  0]LogStats: UGameplayTagsManager::ConstructGameplayTagTree: Construct from data asset -  0.000 s
[2019.05.24-21.17.40:584][  0]LogStats: UGameplayTagsManager::ConstructGameplayTagTree: ImportINI -  0.000 s
[2019.05.24-21.17.40:584][  0]LogStats: UGameplayTagsManager::ConstructGameplayTagTree: GameplayTagTreeChangedEvent.Broadcast -  0.000 s
[2019.05.24-21.17.40:927][  0]Cmd: MAP LOAD FILE="../../../../../../Users/Samuel/Documents/GitHub/CFE_RV/CFE_LeapMotion2/Content/StarterContent/Maps/Minimal_Default.umap" TEMPLATE=0 SHOWPROGRESS=1 FEATURELEVEL=3
[2019.05.24-21.17.40:928][  0]LightingResults: New page: Lighting Build
[2019.05.24-21.17.40:935][  0]MapCheck: New page: Map Check
[2019.05.24-21.17.40:935][  0]LightingResults: New page: Lighting Build
[2019.05.24-21.17.42:192][  0]LogAIModule: Creating AISystem for world Minimal_Default
[2019.05.24-21.17.42:209][  0]LogEditorServer: Finished looking for orphan Actors (0.000 secs)
[2019.05.24-21.17.42:372][  0]Cmd: MAP CHECKDEP NOCLEARLOG
[2019.05.24-21.17.42:373][  0]MapCheck: Map check complete: 0 Error(s), 0 Warning(s), took 0.481ms to complete.
[2019.05.24-21.17.42:373][  0]LogFileHelpers: Loading map 'Minimal_Default' took 1.447
[2019.05.24-21.17.42:560][  0]LogSlate: Updating window title bar state: overlay mode, drag disabled, window buttons hidden, title bar hidden
[2019.05.24-21.17.42:585][  0]LogSlate: Updating window title bar state: overlay mode, drag disabled, window buttons hidden, title bar hidden
[2019.05.24-21.17.42:607][  0]LogSlate: Updating window title bar state: overlay mode, drag disabled, window buttons hidden, title bar hidden
[2019.05.24-21.17.42:630][  0]LogSlate: Updating window title bar state: overlay mode, drag disabled, window buttons hidden, title bar hidden
[2019.05.24-21.17.42:647][  0]LogCollectionManager: Loaded 0 collections in 0.005384 seconds
[2019.05.24-21.17.42:685][  0]LogFileCache: Scanning file cache for directory 'C:/Users/Samuel/Documents/GitHub/CFE_RV/CFE_LeapMotion2/Saved/Collections/' took 0.01s
[2019.05.24-21.17.42:685][  0]LogFileCache: Scanning file cache for directory 'C:/Users/Samuel/Documents/GitHub/CFE_RV/CFE_LeapMotion2/Content/Developers/Samuel/Collections/' took 0.00s
[2019.05.24-21.17.42:685][  0]LogFileCache: Scanning file cache for directory 'C:/Users/Samuel/Documents/GitHub/CFE_RV/CFE_LeapMotion2/Content/Collections/' took 0.01s
[2019.05.24-21.17.42:685][  0]LogCollectionManager: Rebuilt the GUID cache for 0 collections in 0.000001 seconds
[2019.05.24-21.17.42:711][  0]LogContentBrowser: Native class hierarchy populated in 0.0254 seconds. Added 2665 classes and 628 folders.
[2019.05.24-21.17.42:728][  0]LogContentBrowser: Native class hierarchy updated for 'WidgetCarousel' in 0.0007 seconds. Added 0 classes and 0 folders.
[2019.05.24-21.17.42:732][  0]LogPakFile: Registered encryption key '00000000000000000000000000000000': 0 pak files mounted, 0 remain pending
[2019.05.24-21.17.42:734][  0]LogPakFile: Registered encryption key '00000000000000000000000000000000': 0 pak files mounted, 0 remain pending
[2019.05.24-21.17.42:735][  0]LogPakFile: Registered encryption key '00000000000000000000000000000000': 0 pak files mounted, 0 remain pending
[2019.05.24-21.17.42:737][  0]LogPakFile: Registered encryption key '00000000000000000000000000000000': 0 pak files mounted, 0 remain pending
[2019.05.24-21.17.42:738][  0]LogPakFile: Registered encryption key '00000000000000000000000000000000': 0 pak files mounted, 0 remain pending
[2019.05.24-21.17.42:740][  0]LogPakFile: Registered encryption key '00000000000000000000000000000000': 0 pak files mounted, 0 remain pending
[2019.05.24-21.17.42:742][  0]LogPakFile: Registered encryption key '00000000000000000000000000000000': 0 pak files mounted, 0 remain pending
[2019.05.24-21.17.42:744][  0]LogPakFile: Registered encryption key '00000000000000000000000000000000': 0 pak files mounted, 0 remain pending
[2019.05.24-21.17.42:745][  0]LogPakFile: Registered encryption key '00000000000000000000000000000000': 0 pak files mounted, 0 remain pending
[2019.05.24-21.17.42:747][  0]LogPakFile: Registered encryption key '00000000000000000000000000000000': 0 pak files mounted, 0 remain pending
[2019.05.24-21.17.42:748][  0]LogPakFile: Registered encryption key '00000000000000000000000000000000': 0 pak files mounted, 0 remain pending
[2019.05.24-21.17.42:750][  0]LogPakFile: Registered encryption key '00000000000000000000000000000000': 0 pak files mounted, 0 remain pending
[2019.05.24-21.17.42:751][  0]LogPakFile: Registered encryption key '00000000000000000000000000000000': 0 pak files mounted, 0 remain pending
[2019.05.24-21.17.42:753][  0]LogPakFile: Registered encryption key '00000000000000000000000000000000': 0 pak files mounted, 0 remain pending
[2019.05.24-21.17.42:754][  0]LogPakFile: Registered encryption key '00000000000000000000000000000000': 0 pak files mounted, 0 remain pending
[2019.05.24-21.17.42:755][  0]LogPakFile: Registered encryption key '00000000000000000000000000000000': 0 pak files mounted, 0 remain pending
[2019.05.24-21.17.42:757][  0]LogPakFile: Registered encryption key '00000000000000000000000000000000': 0 pak files mounted, 0 remain pending
[2019.05.24-21.17.42:759][  0]LogPakFile: Registered encryption key '00000000000000000000000000000000': 0 pak files mounted, 0 remain pending
[2019.05.24-21.17.42:760][  0]LogPakFile: Registered encryption key '00000000000000000000000000000000': 0 pak files mounted, 0 remain pending
[2019.05.24-21.17.42:762][  0]LogPakFile: Registered encryption key '00000000000000000000000000000000': 0 pak files mounted, 0 remain pending
[2019.05.24-21.17.42:764][  0]LogPakFile: Registered encryption key '00000000000000000000000000000000': 0 pak files mounted, 0 remain pending
[2019.05.24-21.17.42:765][  0]LogPakFile: Registered encryption key '00000000000000000000000000000000': 0 pak files mounted, 0 remain pending
[2019.05.24-21.17.42:767][  0]LogPakFile: Registered encryption key '00000000000000000000000000000000': 0 pak files mounted, 0 remain pending
[2019.05.24-21.17.42:769][  0]LogPakFile: Registered encryption key '00000000000000000000000000000000': 0 pak files mounted, 0 remain pending
[2019.05.24-21.17.42:771][  0]LogPakFile: Registered encryption key '00000000000000000000000000000000': 0 pak files mounted, 0 remain pending
[2019.05.24-21.17.42:772][  0]LogPakFile: Registered encryption key '00000000000000000000000000000000': 0 pak files mounted, 0 remain pending
[2019.05.24-21.17.42:872][  0]LogContentBrowser: Native class hierarchy updated for 'AddContentDialog' in 0.0007 seconds. Added 0 classes and 0 folders.
[2019.05.24-21.17.42:886][  0]LogContentBrowser: Native class hierarchy updated for 'SceneOutliner' in 0.0007 seconds. Added 1 classes and 2 folders.
[2019.05.24-21.17.43:099][  0]LogSlate: Took 0.000503 seconds to synchronously load lazily loaded font '../../../Engine/Content/Slate/Fonts/Roboto-Regular.ttf' (155K)
[2019.05.24-21.17.43:104][  0]LogSlate: Took 0.000389 seconds to synchronously load lazily loaded font '../../../Engine/Content/Slate/Fonts/Roboto-Bold.ttf' (160K)
[2019.05.24-21.17.43:120][  0]LogSlate: Took 0.000522 seconds to synchronously load lazily loaded font '../../../Engine/Content/Editor/Slate/Fonts/FontAwesome.ttf' (139K)
[2019.05.24-21.17.43:361][  0]LogRenderer: Reallocating scene render targets to support 856x300 Format 9 NumSamples 1 (Frame:1).
[2019.05.24-21.17.44:153][  0]LogSlate: Took 0.000485 seconds to synchronously load lazily loaded font '../../../Engine/Content/Slate/Fonts/Roboto-Light.ttf' (167K)
[2019.05.24-21.17.44:325][  0]LogContentBrowser: Native class hierarchy updated for 'HierarchicalLODOutliner' in 0.0006 seconds. Added 0 classes and 0 folders.
[2019.05.24-21.17.44:326][  0]LogLoad: (Engine Initialization) Total time: 24.09 seconds
[2019.05.24-21.17.44:326][  0]LogLoad: (Engine Initialization) Total Blueprint compile time: 0.00 seconds
[2019.05.24-21.17.44:360][  0]LeapMotionLog: ServiceMessageLoop started.
[2019.05.24-21.17.44:360][  0]BodyStateLog: BodyState::DeviceAttached: Leap Motion (1)
[2019.05.24-21.17.44:362][  0]BodyStateLog: BodyState::DeviceAttached: HMD (2)
[2019.05.24-21.17.44:450][  0]LogContentStreaming: Texture pool size now 600 MB
[2019.05.24-21.17.44:545][  1]LeapMotionLog: LeapService: OnConnect.
[2019.05.24-21.17.44:681][  2]LogD3D11RHI: Error: agsDriverExtensionsDX11_SetDepthBounds(1,0.000000, 1.000000) returned error code 6. **********PLEASE UPDATE YOUR VIDEO DRIVERS*********
[2019.05.24-21.17.45:414][  5]LogAssetRegistry: Asset discovery search completed in 16.2990 seconds
[2019.05.24-21.17.45:418][  5]LogCollectionManager: Rebuilt the object cache for 0 collections in 0.000001 seconds (found 0 objects)
[2019.05.24-21.17.45:418][  5]LogCollectionManager: Fixed up redirectors for 0 collections in 0.000159 seconds (updated 0 objects)
[2019.05.24-21.17.45:528][  6]LogSlate: Took 0.000497 seconds to synchronously load lazily loaded font '../../../Engine/Content/Slate/Fonts/Roboto-Light.ttf' (167K)
[2019.05.24-21.17.46:983][ 78]LogSlate: FSceneViewport::OnFocusLost() reason 0
[2019.05.24-21.17.47:142][ 83]LogAssetEditorManager: Opening Asset editor for Blueprint /Game/BP_Character/BP_Pawn.BP_Pawn
[2019.05.24-21.17.48:182][ 83]LogContentBrowser: Native class hierarchy updated for 'BlueprintGraph' in 0.0013 seconds. Added 117 classes and 0 folders.
[2019.05.24-21.17.49:890][ 83]LogAssetEditorManager: Opening Asset editor for Blueprint /Game/BP_Items/BLUEPRINTS/BP_Item.BP_Item
[2019.05.24-21.17.50:605][ 83]LogTemp: Bone cache synced: 20
[2019.05.24-21.17.50:609][ 83]LogTemp: Bone cache synced: 0
[2019.05.24-21.17.50:610][ 83]LogTemp: Bone cache synced: 20
[2019.05.24-21.17.50:629][ 83]LogSlate: Took 0.000519 seconds to synchronously load lazily loaded font '../../../Engine/Content/Slate/Fonts/Roboto-BoldCondensed.ttf' (158K)
[2019.05.24-21.17.51:134][ 84]LogSlate: Took 0.000713 seconds to synchronously load lazily loaded font '../../../Engine/Content/Slate/Fonts/Roboto-Italic.ttf' (157K)
[2019.05.24-21.17.57:671][374]LogEditorViewport: Clicking on Actor (LMB): BP_Aislante_C (BP_Aislante11)
[2019.05.24-21.18.11:082][994]LogSlate: FSceneViewport::OnFocusLost() reason 0
[2019.05.24-21.19.30:556][456]BlueprintLog: New page: Compile BP_Item
[2019.05.24-21.19.31:267][456]LogTemp: Bone cache synced: 20
[2019.05.24-21.19.31:269][456]LogTemp: Bone cache synced: 0
[2019.05.24-21.19.31:269][456]LogTemp: Bone cache synced: 20
[2019.05.24-21.19.31:273][456]LogTemp: Bone cache synced: 20
[2019.05.24-21.19.31:273][456]LogTemp: Bone cache synced: 20
[2019.05.24-21.19.31:275][456]LogTemp: Bone cache synced: 20
[2019.05.24-21.19.31:275][456]LogTemp: Bone cache synced: 20
[2019.05.24-21.19.31:277][456]LogTemp: Bone cache synced: 20
[2019.05.24-21.19.31:277][456]LogTemp: Bone cache synced: 20
[2019.05.24-21.19.31:279][456]LogTemp: Bone cache synced: 20
[2019.05.24-21.19.31:279][456]LogTemp: Bone cache synced: 20
[2019.05.24-21.19.31:281][456]LogTemp: Bone cache synced: 20
[2019.05.24-21.19.31:281][456]LogTemp: Bone cache synced: 20
[2019.05.24-21.19.31:283][456]LogTemp: Bone cache synced: 20
[2019.05.24-21.19.31:283][456]LogTemp: Bone cache synced: 20
[2019.05.24-21.19.31:285][456]LogTemp: Bone cache synced: 20
[2019.05.24-21.19.31:285][456]LogTemp: Bone cache synced: 20
[2019.05.24-21.19.31:286][456]LogTemp: Bone cache synced: 20
[2019.05.24-21.19.31:287][456]LogTemp: Bone cache synced: 20
[2019.05.24-21.19.31:305][456]LogTemp: Bone cache synced: 20
[2019.05.24-21.19.31:308][456]LogTemp: Bone cache synced: 0
[2019.05.24-21.19.31:308][456]LogTemp: Bone cache synced: 20
[2019.05.24-21.19.32:745][504]Cmd: OBJ SAVEPACKAGE PACKAGE="/Game/BP_Items/BLUEPRINTS/BP_Item" FILE="../../../../../../Users/Samuel/Documents/GitHub/CFE_RV/CFE_LeapMotion2/Content/BP_Items/BLUEPRINTS/BP_Item.uasset" SILENT=true
[2019.05.24-21.19.33:051][504]LogSavePackage: Moving '../../../../../../Users/Samuel/Documents/GitHub/CFE_RV/CFE_LeapMotion2/Saved/BP_ItemCA5161814811873319DB3AB78AC239C4.tmp' to '../../../../../../Users/Samuel/Documents/GitHub/CFE_RV/CFE_LeapMotion2/Content/BP_Items/BLUEPRINTS/BP_Item.uasset'
[2019.05.24-21.19.46:048][212]LogTemp: Bone cache synced: 20
[2019.05.24-21.19.46:050][212]LogTemp: Bone cache synced: 0
[2019.05.24-21.19.46:050][212]LogTemp: Bone cache synced: 20
[2019.05.24-21.19.46:071][212]LogTemp: Bone cache synced: 20
[2019.05.24-21.19.46:073][212]LogTemp: Bone cache synced: 0
[2019.05.24-21.19.46:074][212]LogTemp: Bone cache synced: 20
[2019.05.24-21.19.46:090][212]LogTemp: Bone cache synced: 20
[2019.05.24-21.19.46:092][212]LogTemp: Bone cache synced: 0
[2019.05.24-21.19.46:093][212]LogTemp: Bone cache synced: 20
[2019.05.24-21.19.46:111][212]LogTemp: Bone cache synced: 20
[2019.05.24-21.19.46:113][212]LogTemp: Bone cache synced: 0
[2019.05.24-21.19.46:113][212]LogTemp: Bone cache synced: 20
[2019.05.24-21.19.46:130][212]LogTemp: Bone cache synced: 20
[2019.05.24-21.19.46:132][212]LogTemp: Bone cache synced: 0
[2019.05.24-21.19.46:132][212]LogTemp: Bone cache synced: 20
[2019.05.24-21.19.46:161][212]LogTemp: Bone cache synced: 20
[2019.05.24-21.19.46:164][212]LogTemp: Bone cache synced: 0
[2019.05.24-21.19.46:164][212]LogTemp: Bone cache synced: 20
[2019.05.24-21.19.49:308][384]LogTemp: Bone cache synced: 20
[2019.05.24-21.19.49:310][384]LogTemp: Bone cache synced: 0
[2019.05.24-21.19.49:310][384]LogTemp: Bone cache synced: 20
[2019.05.24-21.19.59:350][887]LogTemp: Bone cache synced: 20
[2019.05.24-21.19.59:352][887]LogTemp: Bone cache synced: 0
[2019.05.24-21.19.59:352][887]LogTemp: Bone cache synced: 20
[2019.05.24-21.20.10:162][514]LogTemp: Bone cache synced: 20
[2019.05.24-21.20.10:166][514]LogTemp: Bone cache synced: 0
[2019.05.24-21.20.10:166][514]LogTemp: Bone cache synced: 20
[2019.05.24-21.20.13:171][680]LogTemp: Bone cache synced: 20
[2019.05.24-21.20.13:173][680]LogTemp: Bone cache synced: 0
[2019.05.24-21.20.13:173][680]LogTemp: Bone cache synced: 20
[2019.05.24-21.20.13:191][680]LogTemp: Bone cache synced: 20
[2019.05.24-21.20.13:193][680]LogTemp: Bone cache synced: 0
[2019.05.24-21.20.13:193][680]LogTemp: Bone cache synced: 20
[2019.05.24-21.20.14:849][760]LogSlate: Took 0.028072 seconds to synchronously load lazily loaded font '../../../Engine/Content/Slate/Fonts/Roboto-BoldCondensedItalic.ttf' (160K)
[2019.05.24-21.20.18:363][969]LogTemp: Bone cache synced: 20
[2019.05.24-21.20.18:365][969]LogTemp: Bone cache synced: 0
[2019.05.24-21.20.18:365][969]LogTemp: Bone cache synced: 20
[2019.05.24-21.20.18:383][969]LogTemp: Bone cache synced: 20
[2019.05.24-21.20.18:385][969]LogTemp: Bone cache synced: 0
[2019.05.24-21.20.18:385][969]LogTemp: Bone cache synced: 20
[2019.05.24-21.20.22:439][197]LogTemp: Bone cache synced: 20
[2019.05.24-21.20.22:440][197]LogTemp: Bone cache synced: 0
[2019.05.24-21.20.22:441][197]LogTemp: Bone cache synced: 20
[2019.05.24-21.20.22:460][197]LogTemp: Bone cache synced: 20
[2019.05.24-21.20.22:462][197]LogTemp: Bone cache synced: 0
[2019.05.24-21.20.22:462][197]LogTemp: Bone cache synced: 20
[2019.05.24-21.20.24:829][324]LogTemp: Bone cache synced: 20
[2019.05.24-21.20.24:830][324]LogTemp: Bone cache synced: 0
[2019.05.24-21.20.24:831][324]LogTemp: Bone cache synced: 20
[2019.05.24-21.20.24:852][324]LogTemp: Bone cache synced: 20
[2019.05.24-21.20.24:854][324]LogTemp: Bone cache synced: 0
[2019.05.24-21.20.24:854][324]LogTemp: Bone cache synced: 20
[2019.05.24-21.20.56:297][189]LogTemp: Bone cache synced: 20
[2019.05.24-21.20.56:299][189]LogTemp: Bone cache synced: 0
[2019.05.24-21.20.56:299][189]LogTemp: Bone cache synced: 20
[2019.05.24-21.20.56:326][189]LogTemp: Bone cache synced: 20
[2019.05.24-21.20.56:328][189]LogTemp: Bone cache synced: 0
[2019.05.24-21.20.56:328][189]LogTemp: Bone cache synced: 20
[2019.05.24-21.21.08:668][885]LogTemp: Bone cache synced: 20
[2019.05.24-21.21.08:670][885]LogTemp: Bone cache synced: 0
[2019.05.24-21.21.08:670][885]LogTemp: Bone cache synced: 20
[2019.05.24-21.21.10:465][978]LogTemp: Bone cache synced: 20
[2019.05.24-21.21.10:467][978]LogTemp: Bone cache synced: 0
[2019.05.24-21.21.10:467][978]LogTemp: Bone cache synced: 20
[2019.05.24-21.22.08:400][291]LogTemp: Bone cache synced: 20
[2019.05.24-21.22.08:402][291]LogTemp: Bone cache synced: 0
[2019.05.24-21.22.08:402][291]LogTemp: Bone cache synced: 20
[2019.05.24-21.22.08:424][291]LogTemp: Bone cache synced: 20
[2019.05.24-21.22.08:426][291]LogTemp: Bone cache synced: 0
[2019.05.24-21.22.08:426][291]LogTemp: Bone cache synced: 20
[2019.05.24-21.22.17:205][806]LogTemp: Bone cache synced: 20
[2019.05.24-21.22.17:207][806]LogTemp: Bone cache synced: 0
[2019.05.24-21.22.17:207][806]LogTemp: Bone cache synced: 20
[2019.05.24-21.22.17:230][806]LogTemp: Bone cache synced: 20
[2019.05.24-21.22.17:232][806]LogTemp: Bone cache synced: 0
[2019.05.24-21.22.17:232][806]LogTemp: Bone cache synced: 20
[2019.05.24-21.22.18:025][843]LogTemp: Bone cache synced: 20
[2019.05.24-21.22.18:027][843]LogTemp: Bone cache synced: 0
[2019.05.24-21.22.18:027][843]LogTemp: Bone cache synced: 20
[2019.05.24-21.22.18:049][843]LogTemp: Bone cache synced: 20
[2019.05.24-21.22.18:051][843]LogTemp: Bone cache synced: 0
[2019.05.24-21.22.18:051][843]LogTemp: Bone cache synced: 20
[2019.05.24-21.22.18:959][887]LogTemp: Bone cache synced: 20
[2019.05.24-21.22.18:961][887]LogTemp: Bone cache synced: 0
[2019.05.24-21.22.18:961][887]LogTemp: Bone cache synced: 20
[2019.05.24-21.22.18:987][887]LogTemp: Bone cache synced: 20
[2019.05.24-21.22.18:989][887]LogTemp: Bone cache synced: 0
[2019.05.24-21.22.18:990][887]LogTemp: Bone cache synced: 20
[2019.05.24-21.22.20:333][956]LogTemp: Bone cache synced: 20
[2019.05.24-21.22.20:334][956]LogTemp: Bone cache synced: 0
[2019.05.24-21.22.20:335][956]LogTemp: Bone cache synced: 20
[2019.05.24-21.22.20:356][956]LogTemp: Bone cache synced: 20
[2019.05.24-21.22.20:358][956]LogTemp: Bone cache synced: 0
[2019.05.24-21.22.20:358][956]LogTemp: Bone cache synced: 20
[2019.05.24-21.22.21:750][ 29]LogTemp: Bone cache synced: 20
[2019.05.24-21.22.21:752][ 29]LogTemp: Bone cache synced: 0
[2019.05.24-21.22.21:752][ 29]LogTemp: Bone cache synced: 20
[2019.05.24-21.22.21:774][ 29]LogTemp: Bone cache synced: 20
[2019.05.24-21.22.21:776][ 29]LogTemp: Bone cache synced: 0
[2019.05.24-21.22.21:776][ 29]LogTemp: Bone cache synced: 20
[2019.05.24-21.22.26:029][273]LogTemp: Bone cache synced: 20
[2019.05.24-21.22.26:031][273]LogTemp: Bone cache synced: 0
[2019.05.24-21.22.26:032][273]LogTemp: Bone cache synced: 20
[2019.05.24-21.22.26:056][273]LogTemp: Bone cache synced: 20
[2019.05.24-21.22.26:058][273]LogTemp: Bone cache synced: 0
[2019.05.24-21.22.26:058][273]LogTemp: Bone cache synced: 20
[2019.05.24-21.22.36:256][869]LogTemp: Bone cache synced: 20
[2019.05.24-21.22.36:258][869]LogTemp: Bone cache synced: 0
[2019.05.24-21.22.36:258][869]LogTemp: Bone cache synced: 20
[2019.05.24-21.22.36:281][869]LogTemp: Bone cache synced: 20
[2019.05.24-21.22.36:282][869]LogTemp: Bone cache synced: 0
[2019.05.24-21.22.36:282][869]LogTemp: Bone cache synced: 20
[2019.05.24-21.22.58:494][175]LogTemp: Bone cache synced: 20
[2019.05.24-21.22.58:496][175]LogTemp: Bone cache synced: 0
[2019.05.24-21.22.58:496][175]LogTemp: Bone cache synced: 20
[2019.05.24-21.22.58:500][175]LogTemp: Bone cache synced: 20
[2019.05.24-21.22.58:500][175]LogTemp: Bone cache synced: 20
[2019.05.24-21.22.58:502][175]LogTemp: Bone cache synced: 20
[2019.05.24-21.22.58:502][175]LogTemp: Bone cache synced: 20
[2019.05.24-21.22.58:504][175]LogTemp: Bone cache synced: 20
[2019.05.24-21.22.58:504][175]LogTemp: Bone cache synced: 20
[2019.05.24-21.22.58:506][175]LogTemp: Bone cache synced: 20
[2019.05.24-21.22.58:506][175]LogTemp: Bone cache synced: 20
[2019.05.24-21.22.58:509][175]LogTemp: Bone cache synced: 20
[2019.05.24-21.22.58:509][175]LogTemp: Bone cache synced: 20
[2019.05.24-21.22.58:511][175]LogTemp: Bone cache synced: 20
[2019.05.24-21.22.58:511][175]LogTemp: Bone cache synced: 20
[2019.05.24-21.22.58:513][175]LogTemp: Bone cache synced: 20
[2019.05.24-21.22.58:513][175]LogTemp: Bone cache synced: 20
[2019.05.24-21.22.58:515][175]LogTemp: Bone cache synced: 20
[2019.05.24-21.22.58:515][175]LogTemp: Bone cache synced: 20
[2019.05.24-21.23.05:086][552]LogTemp: Bone cache synced: 20
[2019.05.24-21.23.05:088][552]LogTemp: Bone cache synced: 0
[2019.05.24-21.23.05:088][552]LogTemp: Bone cache synced: 20
[2019.05.24-21.23.05:102][552]LogTemp: Bone cache synced: 20
[2019.05.24-21.23.05:104][552]LogTemp: Bone cache synced: 0
[2019.05.24-21.23.05:104][552]LogTemp: Bone cache synced: 20
[2019.05.24-21.23.26:857][807]LogTemp: Bone cache synced: 20
[2019.05.24-21.23.26:859][807]LogTemp: Bone cache synced: 0
[2019.05.24-21.23.26:859][807]LogTemp: Bone cache synced: 20
[2019.05.24-21.23.36:672][365]LogTemp: Bone cache synced: 20
[2019.05.24-21.23.36:674][365]LogTemp: Bone cache synced: 0
[2019.05.24-21.23.36:674][365]LogTemp: Bone cache synced: 20
[2019.05.24-21.23.36:679][365]LogTemp: Bone cache synced: 20
[2019.05.24-21.23.36:679][365]LogTemp: Bone cache synced: 20
[2019.05.24-21.23.36:681][365]LogTemp: Bone cache synced: 20
[2019.05.24-21.23.36:681][365]LogTemp: Bone cache synced: 20
[2019.05.24-21.23.36:683][365]LogTemp: Bone cache synced: 20
[2019.05.24-21.23.36:683][365]LogTemp: Bone cache synced: 20
[2019.05.24-21.23.36:685][365]LogTemp: Bone cache synced: 20
[2019.05.24-21.23.36:685][365]LogTemp: Bone cache synced: 20
[2019.05.24-21.23.36:687][365]LogTemp: Bone cache synced: 20
[2019.05.24-21.23.36:687][365]LogTemp: Bone cache synced: 20
[2019.05.24-21.23.36:689][365]LogTemp: Bone cache synced: 20
[2019.05.24-21.23.36:689][365]LogTemp: Bone cache synced: 20
[2019.05.24-21.23.36:691][365]LogTemp: Bone cache synced: 20
[2019.05.24-21.23.36:691][365]LogTemp: Bone cache synced: 20
[2019.05.24-21.23.36:693][365]LogTemp: Bone cache synced: 20
[2019.05.24-21.23.36:693][365]LogTemp: Bone cache synced: 20
[2019.05.24-21.23.39:293][510]LogTemp: Bone cache synced: 20
[2019.05.24-21.23.39:295][510]LogTemp: Bone cache synced: 0
[2019.05.24-21.23.39:295][510]LogTemp: Bone cache synced: 20
[2019.05.24-21.23.39:310][510]LogTemp: Bone cache synced: 20
[2019.05.24-21.23.39:312][510]LogTemp: Bone cache synced: 0
[2019.05.24-21.23.39:312][510]LogTemp: Bone cache synced: 20
[2019.05.24-21.23.39:329][510]LogTemp: Bone cache synced: 20
[2019.05.24-21.23.39:330][510]LogTemp: Bone cache synced: 0
[2019.05.24-21.23.39:331][510]LogTemp: Bone cache synced: 20
[2019.05.24-21.24.01:560][799]LogTemp: Bone cache synced: 20
[2019.05.24-21.24.01:562][799]LogTemp: Bone cache synced: 0
[2019.05.24-21.24.01:563][799]LogTemp: Bone cache synced: 20
[2019.05.24-21.24.01:579][799]LogTemp: Bone cache synced: 20
[2019.05.24-21.24.01:581][799]LogTemp: Bone cache synced: 0
[2019.05.24-21.24.01:581][799]LogTemp: Bone cache synced: 20
[2019.05.24-21.24.05:615][ 20]LogTemp: Bone cache synced: 20
[2019.05.24-21.24.05:618][ 20]LogTemp: Bone cache synced: 0
[2019.05.24-21.24.05:618][ 20]LogTemp: Bone cache synced: 20
[2019.05.24-21.24.05:634][ 20]LogTemp: Bone cache synced: 20
[2019.05.24-21.24.05:636][ 20]LogTemp: Bone cache synced: 0
[2019.05.24-21.24.05:636][ 20]LogTemp: Bone cache synced: 20
[2019.05.24-21.24.09:988][259]LogTemp: Bone cache synced: 20
[2019.05.24-21.24.09:991][259]LogTemp: Bone cache synced: 0
[2019.05.24-21.24.09:991][259]LogTemp: Bone cache synced: 20
[2019.05.24-21.24.10:011][259]LogTemp: Bone cache synced: 20
[2019.05.24-21.24.10:013][259]LogTemp: Bone cache synced: 0
[2019.05.24-21.24.10:014][259]LogTemp: Bone cache synced: 20
[2019.05.24-21.24.32:886][581]LogSlate: Prevented a slow task dialog from being summoned while a context menu was open
[2019.05.24-21.24.34:652][664]LogSlate: Prevented a slow task dialog from being summoned while a context menu was open
[2019.05.24-21.24.44:306][220]LogTemp: Bone cache synced: 20
[2019.05.24-21.24.44:308][220]LogTemp: Bone cache synced: 0
[2019.05.24-21.24.44:308][220]LogTemp: Bone cache synced: 20
[2019.05.24-21.24.44:325][220]LogTemp: Bone cache synced: 20
[2019.05.24-21.24.44:327][220]LogTemp: Bone cache synced: 0
[2019.05.24-21.24.44:327][220]LogTemp: Bone cache synced: 20
[2019.05.24-21.24.54:784][838]BlueprintLog: New page: Compile BP_Pawn
[2019.05.24-21.24.54:953][838]LogTemp: Bone cache synced: 20
[2019.05.24-21.24.54:955][838]LogTemp: Bone cache synced: 0
[2019.05.24-21.24.54:955][838]LogTemp: Bone cache synced: 20
[2019.05.24-21.24.54:960][838]LogTemp: Bone cache synced: 20
[2019.05.24-21.24.54:960][838]LogTemp: Bone cache synced: 20
[2019.05.24-21.24.54:961][838]LogTemp: Bone cache synced: 20
[2019.05.24-21.24.54:962][838]LogTemp: Bone cache synced: 20
[2019.05.24-21.24.54:963][838]LogTemp: Bone cache synced: 20
[2019.05.24-21.24.54:964][838]LogTemp: Bone cache synced: 20
[2019.05.24-21.24.54:966][838]LogTemp: Bone cache synced: 20
[2019.05.24-21.24.54:966][838]LogTemp: Bone cache synced: 20
[2019.05.24-21.24.54:968][838]LogTemp: Bone cache synced: 20
[2019.05.24-21.24.54:968][838]LogTemp: Bone cache synced: 20
[2019.05.24-21.24.54:970][838]LogTemp: Bone cache synced: 20
[2019.05.24-21.24.54:970][838]LogTemp: Bone cache synced: 20
[2019.05.24-21.24.54:972][838]LogTemp: Bone cache synced: 20
[2019.05.24-21.24.54:972][838]LogTemp: Bone cache synced: 20
[2019.05.24-21.24.54:974][838]LogTemp: Bone cache synced: 20
[2019.05.24-21.24.54:974][838]LogTemp: Bone cache synced: 20
[2019.05.24-21.24.55:390][838]LogTemp: Bone cache synced: 20
[2019.05.24-21.24.55:392][838]LogTemp: Bone cache synced: 0
[2019.05.24-21.24.55:392][838]LogTemp: Bone cache synced: 20
[2019.05.24-21.24.55:432][838]LogTemp: Bone cache synced: 20
[2019.05.24-21.24.55:434][838]LogTemp: Bone cache synced: 0
[2019.05.24-21.24.55:434][838]LogTemp: Bone cache synced: 20
[2019.05.24-21.24.56:659][886]Cmd: OBJ SAVEPACKAGE PACKAGE="/Game/BP_Character/BP_Pawn" FILE="../../../../../../Users/Samuel/Documents/GitHub/CFE_RV/CFE_LeapMotion2/Content/BP_Character/BP_Pawn.uasset" SILENT=true
[2019.05.24-21.24.56:857][886]LogSavePackage: Moving '../../../../../../Users/Samuel/Documents/GitHub/CFE_RV/CFE_LeapMotion2/Saved/BP_Pawn197C430646CFD875FECDD58BEB4DA89A.tmp' to '../../../../../../Users/Samuel/Documents/GitHub/CFE_RV/CFE_LeapMotion2/Content/BP_Character/BP_Pawn.uasset'
[2019.05.24-21.25.04:165][243]LogSavePackage: Moving '../../../../../../Users/Samuel/Documents/GitHub/CFE_RV/CFE_LeapMotion2/Saved/Minimal_DefaultB327A8D244AFD2FC7016E78CF93E434B.tmp' to '../../../../../../Users/Samuel/Documents/GitHub/CFE_RV/CFE_LeapMotion2/Content/StarterContent/Maps/Minimal_Default.umap'
[2019.05.24-21.25.04:700][243]LogSavePackage: Moving '../../../../../../Users/Samuel/Documents/GitHub/CFE_RV/CFE_LeapMotion2/Saved/Minimal_Default_BuiltDataA77384D3403E7C397448C080BA8BBEF8.tmp' to '../../../../../../Users/Samuel/Documents/GitHub/CFE_RV/CFE_LeapMotion2/Content/StarterContent/Maps/Minimal_Default_BuiltData.uasset'
[2019.05.24-21.25.14:408][807]LogTemp: Bone cache synced: 20
[2019.05.24-21.25.14:410][807]LogTemp: Bone cache synced: 0
[2019.05.24-21.25.14:410][807]LogTemp: Bone cache synced: 20
[2019.05.24-21.25.14:425][807]LogTemp: Bone cache synced: 20
[2019.05.24-21.25.14:428][807]LogTemp: Bone cache synced: 0
[2019.05.24-21.25.14:428][807]LogTemp: Bone cache synced: 20
[2019.05.24-21.25.24:058][346]LogEditorTransaction: Undo Refresh Node(s)
[2019.05.24-21.25.24:067][346]LogTemp: Bone cache synced: 20
[2019.05.24-21.25.24:070][346]LogTemp: Bone cache synced: 0
[2019.05.24-21.25.24:070][346]LogTemp: Bone cache synced: 20
[2019.05.24-21.25.24:075][346]LogTemp: Bone cache synced: 20
[2019.05.24-21.25.24:075][346]LogTemp: Bone cache synced: 20
[2019.05.24-21.25.24:077][346]LogTemp: Bone cache synced: 20
[2019.05.24-21.25.24:077][346]LogTemp: Bone cache synced: 20
[2019.05.24-21.25.24:078][346]LogTemp: Bone cache synced: 20
[2019.05.24-21.25.24:078][346]LogTemp: Bone cache synced: 20
[2019.05.24-21.25.24:080][346]LogTemp: Bone cache synced: 20
[2019.05.24-21.25.24:081][346]LogTemp: Bone cache synced: 20
[2019.05.24-21.25.24:083][346]LogTemp: Bone cache synced: 20
[2019.05.24-21.25.24:083][346]LogTemp: Bone cache synced: 20
[2019.05.24-21.25.24:085][346]LogTemp: Bone cache synced: 20
[2019.05.24-21.25.24:085][346]LogTemp: Bone cache synced: 20
[2019.05.24-21.25.24:087][346]LogTemp: Bone cache synced: 20
[2019.05.24-21.25.24:087][346]LogTemp: Bone cache synced: 20
[2019.05.24-21.25.24:089][346]LogTemp: Bone cache synced: 20
[2019.05.24-21.25.24:089][346]LogTemp: Bone cache synced: 20
[2019.05.24-21.25.32:207][808]LogSlate: Prevented a slow task dialog from being summoned while a context menu was open
[2019.05.24-21.25.51:814][885]LogTemp: Bone cache synced: 20
[2019.05.24-21.25.51:816][885]LogTemp: Bone cache synced: 0
[2019.05.24-21.25.51:816][885]LogTemp: Bone cache synced: 20
[2019.05.24-21.25.51:833][885]LogTemp: Bone cache synced: 20
[2019.05.24-21.25.51:835][885]LogTemp: Bone cache synced: 0
[2019.05.24-21.25.51:835][885]LogTemp: Bone cache synced: 20
[2019.05.24-21.27.06:535][204]LogTemp: Bone cache synced: 20
[2019.05.24-21.27.06:537][204]LogTemp: Bone cache synced: 0
[2019.05.24-21.27.06:537][204]LogTemp: Bone cache synced: 20
[2019.05.24-21.27.08:186][294]LogEditorTransaction: Undo Break Pin Links
[2019.05.24-21.27.08:233][294]LogTemp: Bone cache synced: 20
[2019.05.24-21.27.08:234][294]LogTemp: Bone cache synced: 0
[2019.05.24-21.27.08:235][294]LogTemp: Bone cache synced: 20
[2019.05.24-21.27.08:238][294]LogTemp: Bone cache synced: 20
[2019.05.24-21.27.08:238][294]LogTemp: Bone cache synced: 20
[2019.05.24-21.27.08:240][294]LogTemp: Bone cache synced: 20
[2019.05.24-21.27.08:240][294]LogTemp: Bone cache synced: 20
[2019.05.24-21.27.08:242][294]LogTemp: Bone cache synced: 20
[2019.05.24-21.27.08:242][294]LogTemp: Bone cache synced: 20
[2019.05.24-21.27.08:244][294]LogTemp: Bone cache synced: 20
[2019.05.24-21.27.08:244][294]LogTemp: Bone cache synced: 20
[2019.05.24-21.27.08:246][294]LogTemp: Bone cache synced: 20
[2019.05.24-21.27.08:246][294]LogTemp: Bone cache synced: 20
[2019.05.24-21.27.08:248][294]LogTemp: Bone cache synced: 20
[2019.05.24-21.27.08:248][294]LogTemp: Bone cache synced: 20
[2019.05.24-21.27.08:250][294]LogTemp: Bone cache synced: 20
[2019.05.24-21.27.08:251][294]LogTemp: Bone cache synced: 20
[2019.05.24-21.27.08:253][294]LogTemp: Bone cache synced: 20
[2019.05.24-21.27.08:253][294]LogTemp: Bone cache synced: 20
[2019.05.24-21.27.08:265][294]LogTemp: Bone cache synced: 20
[2019.05.24-21.27.08:268][294]LogTemp: Bone cache synced: 0
[2019.05.24-21.27.08:268][294]LogTemp: Bone cache synced: 20
[2019.05.24-21.31.40:085][211]BlueprintLog: New page: Compile BP_Pawn
[2019.05.24-21.31.40:263][211]LogTemp: Bone cache synced: 20
[2019.05.24-21.31.40:265][211]LogTemp: Bone cache synced: 0
[2019.05.24-21.31.40:266][211]LogTemp: Bone cache synced: 20
[2019.05.24-21.31.40:270][211]LogTemp: Bone cache synced: 20
[2019.05.24-21.31.40:271][211]LogTemp: Bone cache synced: 20
[2019.05.24-21.31.40:273][211]LogTemp: Bone cache synced: 20
[2019.05.24-21.31.40:273][211]LogTemp: Bone cache synced: 20
[2019.05.24-21.31.40:275][211]LogTemp: Bone cache synced: 20
[2019.05.24-21.31.40:275][211]LogTemp: Bone cache synced: 20
[2019.05.24-21.31.40:278][211]LogTemp: Bone cache synced: 20
[2019.05.24-21.31.40:278][211]LogTemp: Bone cache synced: 20
[2019.05.24-21.31.40:280][211]LogTemp: Bone cache synced: 20
[2019.05.24-21.31.40:281][211]LogTemp: Bone cache synced: 20
[2019.05.24-21.31.40:283][211]LogTemp: Bone cache synced: 20
[2019.05.24-21.31.40:283][211]LogTemp: Bone cache synced: 20
[2019.05.24-21.31.40:285][211]LogTemp: Bone cache synced: 20
[2019.05.24-21.31.40:285][211]LogTemp: Bone cache synced: 20
[2019.05.24-21.31.40:287][211]LogTemp: Bone cache synced: 20
[2019.05.24-21.31.40:287][211]LogTemp: Bone cache synced: 20
[2019.05.24-21.31.40:654][211]LogTemp: Bone cache synced: 20
[2019.05.24-21.31.40:656][211]LogTemp: Bone cache synced: 0
[2019.05.24-21.31.40:656][211]LogTemp: Bone cache synced: 20
[2019.05.24-21.31.40:705][211]LogTemp: Bone cache synced: 20
[2019.05.24-21.31.40:706][211]LogTemp: Bone cache synced: 0
[2019.05.24-21.31.40:707][211]LogTemp: Bone cache synced: 20
[2019.05.24-21.31.41:647][243]Cmd: OBJ SAVEPACKAGE PACKAGE="/Game/BP_Character/BP_Pawn" FILE="../../../../../../Users/Samuel/Documents/GitHub/CFE_RV/CFE_LeapMotion2/Content/BP_Character/BP_Pawn.uasset" SILENT=true
[2019.05.24-21.31.41:863][243]LogSavePackage: Moving '../../../../../../Users/Samuel/Documents/GitHub/CFE_RV/CFE_LeapMotion2/Saved/BP_Pawn6BB73C3B4BA34BED84D0E69F57A2403B.tmp' to '../../../../../../Users/Samuel/Documents/GitHub/CFE_RV/CFE_LeapMotion2/Content/BP_Character/BP_Pawn.uasset'
[2019.05.24-21.31.58:012][166]LeapMotionLog: LeapServiceLog: Leap Motion Controller detected: S323A047707
[2019.05.24-21.31.58:023][166]LeapMotionLog: OnDeviceFound Peripheral S323A047707.
[2019.05.24-21.31.58:059][167]LeapMotionLog: LeapServiceLog: Firmware is up to date.
[2019.05.24-21.32.00:897][333]LogTemp: Repeating last play command: Selected Viewport
[2019.05.24-21.32.00:981][333]LogBlueprintUserMessages: Early PlayInEditor Detection: Level '/Game/StarterContent/Maps/Minimal_Default.Minimal_Default:PersistentLevel' has LevelScriptBlueprint '/Game/StarterContent/Maps/Minimal_Default.Minimal_Default:PersistentLevel.Minimal_Default' with GeneratedClass '/Game/StarterContent/Maps/Minimal_Default.Minimal_Default_C' with ClassGeneratedBy '/Game/StarterContent/Maps/Minimal_Default.Minimal_Default:PersistentLevel.Minimal_Default'
[2019.05.24-21.32.00:982][333]LogPlayLevel: PlayLevel: No blueprints needed recompiling
[2019.05.24-21.32.00:983][333]PIE: New page: PIE session: Minimal_Default (May 24, 2019, 11:32:00 AM)
[2019.05.24-21.32.00:997][333]LogPlayLevel: Creating play world package: /Game/StarterContent/Maps/UEDPIE_0_Minimal_Default
[2019.05.24-21.32.01:012][333]LogPlayLevel: PIE: StaticDuplicateObject took: (0.014238s)
[2019.05.24-21.32.01:014][333]LogAIModule: Creating AISystem for world Minimal_Default
[2019.05.24-21.32.01:014][333]LogPlayLevel: PIE: World Init took: (0.002244s)
[2019.05.24-21.32.01:015][333]LogPlayLevel: PIE: Created PIE world by copying editor world from /Game/StarterContent/Maps/Minimal_Default.Minimal_Default to /Game/StarterContent/Maps/UEDPIE_0_Minimal_Default.Minimal_Default (0.017282s)
[2019.05.24-21.32.01:108][333]LogInit: XAudio2 using 'Altavoces (Conexant SmartAudio HD)' : 2 channels at 48 kHz using 32 bits per sample (channel mask 0x3)
[2019.05.24-21.32.01:166][333]LogInit: FAudioDevice initialized.
[2019.05.24-21.32.01:179][333]LogSlate: Updating window title bar state: overlay mode, drag disabled, window buttons hidden, title bar hidden
[2019.05.24-21.32.01:244][333]LogLoad: Game class is 'CFE_GameMode_C'
[2019.05.24-21.32.01:250][333]LogWorld: Bringing World /Game/StarterContent/Maps/UEDPIE_0_Minimal_Default.Minimal_Default up for play (max tick rate 60) at 2019.05.24-16.32.01
[2019.05.24-21.32.01:251][333]LogWorld: Bringing up level for play took: 0.003748
[2019.05.24-21.32.01:288][333]LogContentBrowser: Native class hierarchy updated for 'MovieSceneCapture' in 0.0008 seconds. Added 20 classes and 0 folders.
[2019.05.24-21.32.01:288][333]LogGameMode: Display: Match State Changed from EnteringMap to WaitingToStart
[2019.05.24-21.32.01:289][333]LogGameState: Match State Changed from EnteringMap to WaitingToStart
[2019.05.24-21.32.01:289][333]LogGameMode: Display: Match State Changed from WaitingToStart to InProgress
[2019.05.24-21.32.01:290][333]LogTemp: Bone cache synced: 20
[2019.05.24-21.32.01:292][333]LogTemp: Bone cache synced: 0
[2019.05.24-21.32.01:292][333]LogTemp: Bone cache synced: 20
[2019.05.24-21.32.01:293][333]LeapMotionLog: AddEventDelegate (1).
[2019.05.24-21.32.01:300][333]LogGameState: Match State Changed from WaitingToStart to InProgress
[2019.05.24-21.32.01:311][333]PIE: Play in editor start time for /Game/StarterContent/Maps/UEDPIE_0_Minimal_Default 0.865
[2019.05.24-21.32.01:312][333]LogBlueprintUserMessages: Late PlayInEditor Detection: Level '/Game/StarterContent/Maps/Minimal_Default.Minimal_Default:PersistentLevel' has LevelScriptBlueprint '/Game/StarterContent/Maps/Minimal_Default.Minimal_Default:PersistentLevel.Minimal_Default' with GeneratedClass '/Game/StarterContent/Maps/Minimal_Default.Minimal_Default_C' with ClassGeneratedBy '/Game/StarterContent/Maps/Minimal_Default.Minimal_Default:PersistentLevel.Minimal_Default'
[2019.05.24-21.32.01:392][333]LogRenderer: Reallocating scene render targets to support 916x536 Format 9 NumSamples 1 (Frame:1).
[2019.05.24-21.32.07:611][586]LogScript: Warning: Script Msg: Attempted to access index 0 from array 'CallFunc_GetOverlappingActors_OverlappingActors' of length 0 in '/LeapMotion/DirectRigging/LowPoly/LeapDesktopLowPoly.LeapDesktopLowPoly_C:ExecuteUbergraph_LeapDesktopLowPoly'!
[2019.05.24-21.32.16:811][969]LogScript: Warning: Script Msg: Attempted to access index 0 from array 'CallFunc_GetOverlappingActors_OverlappingActors' of length 0 in '/LeapMotion/DirectRigging/LowPoly/LeapDesktopLowPoly.LeapDesktopLowPoly_C:ExecuteUbergraph_LeapDesktopLowPoly'!
[2019.05.24-21.32.16:942][974]LogScript: Warning: Script Msg: Attempted to access index 0 from array 'CallFunc_GetOverlappingActors_OverlappingActors' of length 0 in '/LeapMotion/DirectRigging/LowPoly/LeapDesktopLowPoly.LeapDesktopLowPoly_C:ExecuteUbergraph_LeapDesktopLowPoly'!
[2019.05.24-21.32.24:238][282]LogScript: Warning: Script Msg: Attempted to access index 0 from array 'CallFunc_GetOverlappingActors_OverlappingActors' of length 0 in '/LeapMotion/DirectRigging/LowPoly/LeapDesktopLowPoly.LeapDesktopLowPoly_C:ExecuteUbergraph_LeapDesktopLowPoly'!
[2019.05.24-21.32.24:311][285]LogScript: Warning: Script Msg: Attempted to access index 0 from array 'CallFunc_GetOverlappingActors_OverlappingActors' of length 0 in '/LeapMotion/DirectRigging/LowPoly/LeapDesktopLowPoly.LeapDesktopLowPoly_C:ExecuteUbergraph_LeapDesktopLowPoly'!
[2019.05.24-21.32.24:409][289]LogScript: Warning: Script Msg: Attempted to access index 0 from array 'CallFunc_GetOverlappingActors_OverlappingActors' of length 0 in '/LeapMotion/DirectRigging/LowPoly/LeapDesktopLowPoly.LeapDesktopLowPoly_C:ExecuteUbergraph_LeapDesktopLowPoly'!
[2019.05.24-21.32.27:893][438]LogScript: Warning: Script Msg: Attempted to access index 0 from array 'CallFunc_GetOverlappingActors_OverlappingActors' of length 0 in '/LeapMotion/DirectRigging/LowPoly/LeapDesktopLowPoly.LeapDesktopLowPoly_C:ExecuteUbergraph_LeapDesktopLowPoly'!
[2019.05.24-21.32.27:999][442]LogScript: Warning: Script Msg: Attempted to access index 0 from array 'CallFunc_GetOverlappingActors_OverlappingActors' of length 0 in '/LeapMotion/DirectRigging/LowPoly/LeapDesktopLowPoly.LeapDesktopLowPoly_C:ExecuteUbergraph_LeapDesktopLowPoly'!
[2019.05.24-21.32.32:214][615]LogScript: Warning: Script Msg: Attempted to access index 0 from array 'CallFunc_GetOverlappingActors_OverlappingActors' of length 0 in '/LeapMotion/DirectRigging/LowPoly/LeapDesktopLowPoly.LeapDesktopLowPoly_C:ExecuteUbergraph_LeapDesktopLowPoly'!
[2019.05.24-21.32.36:458][788]LogScript: Warning: Script Msg: Attempted to access index 0 from array 'CallFunc_GetOverlappingActors_OverlappingActors' of length 0 in '/LeapMotion/DirectRigging/LowPoly/LeapDesktopLowPoly.LeapDesktopLowPoly_C:ExecuteUbergraph_LeapDesktopLowPoly'!
[2019.05.24-21.32.46:221][192]LogScript: Warning: Script Msg: Attempted to access index 0 from array 'CallFunc_GetOverlappingActors_OverlappingActors' of length 0 in '/LeapMotion/DirectRigging/LowPoly/LeapDesktopLowPoly.LeapDesktopLowPoly_C:ExecuteUbergraph_LeapDesktopLowPoly'!
[2019.05.24-21.32.49:607][327]LogScript: Warning: Script Msg: Attempted to access index 0 from array 'CallFunc_GetOverlappingActors_OverlappingActors' of length 0 in '/LeapMotion/DirectRigging/LowPoly/LeapDesktopLowPoly.LeapDesktopLowPoly_C:ExecuteUbergraph_LeapDesktopLowPoly'!
[2019.05.24-21.32.57:004][631]LogScript: Warning: Script Msg: Attempted to access index 0 from array 'CallFunc_GetOverlappingActors_OverlappingActors' of length 0 in '/LeapMotion/DirectRigging/LowPoly/LeapDesktopLowPoly.LeapDesktopLowPoly_C:ExecuteUbergraph_LeapDesktopLowPoly'!
[2019.05.24-21.32.58:098][676]LogBlueprintUserMessages: Early EndPlayMap Detection: Level '/Game/StarterContent/Maps/Minimal_Default.Minimal_Default:PersistentLevel' has LevelScriptBlueprint '/Game/StarterContent/Maps/Minimal_Default.Minimal_Default:PersistentLevel.Minimal_Default' with GeneratedClass '/Game/StarterContent/Maps/Minimal_Default.Minimal_Default_C' with ClassGeneratedBy '/Game/StarterContent/Maps/Minimal_Default.Minimal_Default:PersistentLevel.Minimal_Default'
[2019.05.24-21.32.58:100][676]LogSlate: Updating window title bar state: overlay mode, drag disabled, window buttons hidden, title bar hidden
[2019.05.24-21.32.58:184][676]LogSlate: Window 'CFE_LeapMotion Game Preview Standalone (64-bit/PCD3D_SM5)' being destroyed
[2019.05.24-21.32.58:242][676]LogPlayLevel: Display: Shutting down PIE online subsystems
[2019.05.24-21.32.58:243][676]LogBlueprintUserMessages: Late EndPlayMap Detection: Level '/Game/StarterContent/Maps/Minimal_Default.Minimal_Default:PersistentLevel' has LevelScriptBlueprint '/Game/StarterContent/Maps/Minimal_Default.Minimal_Default:PersistentLevel.Minimal_Default' with GeneratedClass '/Game/StarterContent/Maps/Minimal_Default.Minimal_Default_C' with ClassGeneratedBy '/Game/StarterContent/Maps/Minimal_Default.Minimal_Default:PersistentLevel.Minimal_Default'
[2019.05.24-21.32.58:370][677]LogPlayLevel: Display: Destroying online subsystem :Context_7
[2019.05.24-21.33.03:062][938]LogOutputDevice: Warning: 

Script Stack (0 frames):

[2019.05.24-21.33.03:062][938]LogWindows: Windows GetLastError: La operación se completó correctamente. (0)
[2019.05.24-21.33.05:663][938]LogThreadingWindows: Error: Runnable thread TaskGraphThreadHP 4 crashed.
[2019.05.24-21.33.05:664][938]LogWindows: Error: === Critical error: ===
[2019.05.24-21.33.05:664][938]LogWindows: Error: 
[2019.05.24-21.33.05:664][938]LogWindows: Error: Assertion failed: !Pose[ParentIndex].ContainsNaN() [File:c:\program files\epic games\ue_4.21\engine\source\runtime\engine\public\BonePose.h] [Line: 584] 
[2019.05.24-21.33.05:664][938]LogWindows: Error: 
[2019.05.24-21.33.05:664][938]LogWindows: Error: 
[2019.05.24-21.33.05:664][938]LogWindows: Error: 
[2019.05.24-21.33.05:664][938]LogWindows: Error: [Callstack] 0x00007ff8a31f9129 KERNELBASE.dll!UnknownFunction []
[2019.05.24-21.33.05:664][938]LogWindows: Error: [Callstack] 0x00007ff86dd2cd1a UE4Editor-Core.dll!UnknownFunction []
[2019.05.24-21.33.05:664][938]LogWindows: Error: [Callstack] 0x00007ff86db0a967 UE4Editor-Core.dll!UnknownFunction []
[2019.05.24-21.33.05:664][938]LogWindows: Error: [Callstack] 0x00007ff86da40df7 UE4Editor-Core.dll!UnknownFunction []
[2019.05.24-21.33.05:664][938]LogWindows: Error: [Callstack] 0x00007ff8463b69f9 UE4Editor-BodyState.dll!UnknownFunction []
[2019.05.24-21.33.05:664][938]LogWindows: Error: [Callstack] 0x00007ff8463b66dd UE4Editor-BodyState.dll!UnknownFunction []
[2019.05.24-21.33.05:664][938]LogWindows: Error: [Callstack] 0x00007ff8463bbd79 UE4Editor-BodyState.dll!UnknownFunction []
[2019.05.24-21.33.05:664][938]LogWindows: Error: [Callstack] 0x00007ff8463bb0f2 UE4Editor-BodyState.dll!UnknownFunction []
[2019.05.24-21.33.05:664][938]LogWindows: Error: [Callstack] 0x00007ff866f442f8 UE4Editor-AnimGraphRuntime.dll!UnknownFunction []
[2019.05.24-21.33.05:664][938]LogWindows: Error: [Callstack] 0x00007ff86203edac UE4Editor-Engine.dll!UnknownFunction []
[2019.05.24-21.33.05:664][938]LogWindows: Error: [Callstack] 0x00007ff86204079e UE4Editor-Engine.dll!UnknownFunction []
[2019.05.24-21.33.05:664][938]LogWindows: Error: [Callstack] 0x00007ff86203e5ef UE4Editor-Engine.dll!UnknownFunction []
[2019.05.24-21.33.05:664][938]LogWindows: Error: [Callstack] 0x00007ff861fb589a UE4Editor-Engine.dll!UnknownFunction []
[2019.05.24-21.33.05:664][938]LogWindows: Error: [Callstack] 0x00007ff861fb558e UE4Editor-Engine.dll!UnknownFunction []
[2019.05.24-21.33.05:664][938]LogWindows: Error: [Callstack] 0x00007ff861fe89b3 UE4Editor-Engine.dll!UnknownFunction []
[2019.05.24-21.33.05:664][938]LogWindows: Error: [Callstack] 0x00007ff8623997f0 UE4Editor-Engine.dll!UnknownFunction []
[2019.05.24-21.33.05:664][938]LogWindows: Error: [Callstack] 0x00007ff8623b3e77 UE4Editor-Engine.dll!UnknownFunction []
[2019.05.24-21.33.05:664][938]LogWindows: Error: [Callstack] 0x00007ff862398547 UE4Editor-Engine.dll!UnknownFunction []
[2019.05.24-21.33.05:664][938]LogWindows: Error: [Callstack] 0x00007ff86239aab0 UE4Editor-Engine.dll!UnknownFunction []
[2019.05.24-21.33.05:665][938]LogWindows: Error: [Callstack] 0x00007ff86d8d0aec UE4Editor-Core.dll!UnknownFunction []
[2019.05.24-21.33.05:665][938]LogWindows: Error: [Callstack] 0x00007ff86d8d1d70 UE4Editor-Core.dll!UnknownFunction []
[2019.05.24-21.33.05:665][938]LogWindows: Error: [Callstack] 0x00007ff86d8dbaae UE4Editor-Core.dll!UnknownFunction []
[2019.05.24-21.33.05:665][938]LogWindows: Error: [Callstack] 0x00007ff86dd2c500 UE4Editor-Core.dll!UnknownFunction []
[2019.05.24-21.33.05:665][938]LogWindows: Error: [Callstack] 0x00007ff86dd1cac1 UE4Editor-Core.dll!UnknownFunction []
[2019.05.24-21.33.05:665][938]LogWindows: Error: [Callstack] 0x00007ff8a4697974 KERNEL32.DLL!UnknownFunction []
[2019.05.24-21.33.05:665][938]LogWindows: Error: [Callstack] 0x00007ff8a6dea271 ntdll.dll!UnknownFunction []
[2019.05.24-21.33.05:665][938]LogWindows: Error: 
[2019.05.24-21.33.05:665][938]LogWindows: Error: Crash in runnable thread TaskGraphThreadHP 4
[2019.05.24-21.33.10:441][938]LeapMotionLog: Error: LeapServiceError: Unhandled exception: [DShow] The device has been unplugged
[2019.05.24-21.33.10:441][938]LeapMotionLog: Error: LeapServiceError: [DShow] The device has been unplugged
[2019.05.24-21.33.10:443][938]LeapMotionLog: Error: LeapServiceError: UDShow] The device has been unplugged
[2019.05.24-21.33.10:443][938]LeapMotionLog: Error: LeapServiceError: [DShow] The device has been unplugged
[2019.05.24-21.33.10:444][938]LeapMotionLog: Warning: OnDeviceLost S323A047707.
[2019.05.24-21.33.10:447][938]LeapMotionLog: LeapServiceLog: Leap Motion Controller disconnected: S323A047707
[2019.05.24-21.33.11:035][938]LogExit: Executing StaticShutdownAfterError
[2019.05.24-21.33.11:035][938]LogWindows: FPlatformMisc::RequestExit(1)
[2019.05.24-21.33.11:039][938]Log file closed, 05/24/19 16:33:11
