Log file open, 05/15/19 19:03:27
LogWindows: Failed to load 'aqProf.dll' (GetLastError=126)
LogWindows: File 'aqProf.dll' does not exist
LogWindows: Failed to load 'VtuneApi.dll' (GetLastError=126)
LogWindows: File 'VtuneApi.dll' does not exist
LogWindows: Failed to load 'VtuneApi32e.dll' (GetLastError=126)
LogWindows: File 'VtuneApi32e.dll' does not exist
LogConsoleResponse: Display: Failed to find resolution value strings in scalability ini. Falling back to default.
LogInit: Display: Running engine for game: CFE_LeapMotion
LogPakFile: Registered encryption key '00000000000000000000000000000000': 0 pak files mounted, 0 remain pending
LogPlatformFile: Not using cached read wrapper
LogTaskGraph: Started task graph with 5 named threads and 23 total threads with 3 sets of task threads.
LogStats: Stats thread started at 0.281808
LogD3D11RHI: Loaded GFSDK_Aftermath_Lib.x64.dll
LogICUInternationalization: ICU TimeZone Detection - Raw Offset: -6:00, Platform Override: ''
LogPluginManager: Mounting plugin Paper2D
LogPluginManager: Mounting plugin AISupport
LogPluginManager: Mounting plugin LightPropagationVolume
LogPluginManager: Mounting plugin ActorLayerUtilities
LogPluginManager: Mounting plugin CLionSourceCodeAccess
LogPluginManager: Mounting plugin CodeLiteSourceCodeAccess
LogPluginManager: Mounting plugin GitSourceControl
LogPluginManager: Mounting plugin KDevelopSourceCodeAccess
LogPluginManager: Mounting plugin NullSourceCodeAccess
LogPluginManager: Mounting plugin PerforceSourceControl
LogPluginManager: Mounting plugin SubversionSourceControl
LogPluginManager: Mounting plugin UObjectPlugin
LogPluginManager: Mounting plugin VisualStudioCodeSourceCodeAccess
LogPluginManager: Mounting plugin VisualStudioSourceCodeAccess
LogPluginManager: Mounting plugin XCodeSourceCodeAccess
LogPluginManager: Mounting plugin AssetManagerEditor
LogPluginManager: Mounting plugin CryptoKeys
LogPluginManager: Mounting plugin DataValidation
LogPluginManager: Mounting plugin FacialAnimation
LogPluginManager: Mounting plugin GameplayTagsEditor
LogPluginManager: Mounting plugin MacGraphicsSwitching
LogPluginManager: Mounting plugin MeshEditor
LogPluginManager: Mounting plugin MobileLauncherProfileWizard
LogPluginManager: Mounting plugin PluginBrowser
LogPluginManager: Mounting plugin SpeedTreeImporter
LogPluginManager: Mounting plugin DatasmithContent
LogPluginManager: Mounting plugin VariantManagerContent
LogPluginManager: Mounting plugin AlembicImporter
LogPluginManager: Mounting plugin AppleImageUtils
LogPluginManager: Mounting plugin AppleVision
LogPluginManager: Mounting plugin BackChannel
LogPluginManager: Mounting plugin CharacterAI
LogPluginManager: Mounting plugin GeometryCache
LogPluginManager: Mounting plugin HTML5Networking
LogPluginManager: Mounting plugin ProxyLODPlugin
LogPluginManager: Mounting plugin MagicLeap
LogPluginManager: Mounting plugin MagicLeapMedia
LogPluginManager: Mounting plugin AndroidMedia
LogPluginManager: Mounting plugin AvfMedia
LogPluginManager: Mounting plugin ImgMedia
LogPluginManager: Mounting plugin LinearTimecode
LogPluginManager: Mounting plugin MediaCompositing
LogPluginManager: Mounting plugin MediaPlayerEditor
LogPluginManager: Mounting plugin WebMMedia
LogPluginManager: Mounting plugin WmfMedia
LogPluginManager: Mounting plugin TcpMessaging
LogPluginManager: Mounting plugin UdpMessaging
LogPluginManager: Mounting plugin ActorSequence
LogPluginManager: Mounting plugin LevelSequenceEditor
LogPluginManager: Mounting plugin MatineeToLevelSequence
LogPluginManager: Mounting plugin NetcodeUnitTest
LogPluginManager: Mounting plugin NUTUnrealEngine4
LogPluginManager: Mounting plugin OnlineSubsystemGooglePlay
LogPluginManager: Mounting plugin OnlineSubsystemIOS
LogPluginManager: Mounting plugin OnlineSubsystem
LogPluginManager: Mounting plugin OnlineSubsystemNull
LogPluginManager: Mounting plugin OnlineSubsystemUtils
LogPluginManager: Mounting plugin LauncherChunkInstaller
LogPluginManager: Mounting plugin AndroidDeviceProfileSelector
LogPluginManager: Mounting plugin AndroidMoviePlayer
LogPluginManager: Mounting plugin AndroidPermission
LogPluginManager: Mounting plugin AppleMoviePlayer
LogPluginManager: Mounting plugin ArchVisCharacter
LogPluginManager: Mounting plugin AudioCapture
LogPluginManager: Mounting plugin CableComponent
LogPluginManager: Mounting plugin CustomMeshComponent
LogPluginManager: Mounting plugin EditableMesh
LogPluginManager: Mounting plugin ExampleDeviceProfileSelector
LogPluginManager: Mounting plugin Firebase
LogPluginManager: Mounting plugin GoogleCloudMessaging
LogPluginManager: Mounting plugin IOSDeviceProfileSelector
LogPluginManager: Mounting plugin LeapMotion
LogPluginManager: Mounting plugin LinuxDeviceProfileSelector
LogPluginManager: Mounting plugin LocationServicesBPLibrary
LogPluginManager: Mounting plugin MobilePatchingUtils
LogPluginManager: Mounting plugin OculusVR
LogPluginManager: Mounting plugin PhysXVehicles
LogPluginManager: Mounting plugin ProceduralMeshComponent
LogPluginManager: Mounting plugin RuntimePhysXCooking
LogPluginManager: Mounting plugin SteamVR
LogPluginManager: Mounting plugin WebMMoviePlayer
LogPluginManager: Mounting plugin WindowsMoviePlayer
LogStreaming: Display: Took  0.069s to configure plugins.
LogInit: Using libcurl 7.55.1-DEV
LogInit:  - built for x86_64-pc-win32
LogInit:  - supports SSL with OpenSSL/1.0.2h
LogInit:  - supports HTTP deflate (compression) using libz 1.2.8
LogInit:  - other features:
LogInit:      CURL_VERSION_SSL
LogInit:      CURL_VERSION_LIBZ
LogInit:      CURL_VERSION_IPV6
LogInit:      CURL_VERSION_ASYNCHDNS
LogInit:      CURL_VERSION_LARGEFILE
LogInit:      CURL_VERSION_IDN
LogInit:  CurlRequestOptions (configurable via config and command line):
LogInit:  - bVerifyPeer = true  - Libcurl will verify peer certificate
LogInit:  - bUseHttpProxy = false  - Libcurl will NOT use HTTP proxy
LogInit:  - bDontReuseConnections = false  - Libcurl will reuse connections
LogInit:  - MaxHostConnections = 16  - Libcurl will limit the number of connections to a host
LogInit:  - LocalHostAddr = Default
LogInit:  - BufferSize = 65536
LogInit: WinSock: version 1.1 (2.2), MaxSocks=32767, MaxUdp=65467
LogHMD: Failed initializing OVRPlugin 1.28.0
LogInit: Build: ++UE4+Release-4.21-CL-4753647
LogInit: Engine Version: 4.21.2-4753647+++UE4+Release-4.21
LogInit: Compatible Engine Version: 4.21.0-4541578+++UE4+Release-4.21
LogInit: Net CL: 4541578
LogInit: OS: Windows 10 (), CPU: Intel(R) Core(TM) i7-7700HQ CPU @ 2.80GHz, GPU: Intel(R) HD Graphics 630
LogInit: Compiled (64-bit): Jan 19 2019 02:07:31
LogInit: Compiled with Visual C++: 19.13.26129.00
LogInit: Build Configuration: Development
LogInit: Branch Name: ++UE4+Release-4.21
LogInit: Command Line: 
LogInit: Base Directory: D:/UE_4.21/Engine/Binaries/Win64/
LogInit: Installed Engine Build: 1
LogDevObjectVersion: Number of dev versions registered: 22
LogDevObjectVersion:   Dev-Blueprints (B0D832E4-1F89-4F0D-ACCF-7EB736FD4AA2): 10
LogDevObjectVersion:   Dev-Build (E1C64328-A22C-4D53-A36C-8E866417BD8C): 0
LogDevObjectVersion:   Dev-Core (375EC13C-06E4-48FB-B500-84F0262A717E): 2
LogDevObjectVersion:   Dev-Editor (E4B068ED-F494-42E9-A231-DA0B2E46BB41): 26
LogDevObjectVersion:   Dev-Framework (CFFC743F-43B0-4480-9391-14DF171D2073): 34
LogDevObjectVersion:   Dev-Mobile (B02B49B5-BB20-44E9-A304-32B752E40360): 2
LogDevObjectVersion:   Dev-Networking (A4E4105C-59A1-49B5-A7C5-40C4547EDFEE): 0
LogDevObjectVersion:   Dev-Online (39C831C9-5AE6-47DC-9A44-9C173E1C8E7C): 0
LogDevObjectVersion:   Dev-Physics (78F01B33-EBEA-4F98-B9B4-84EACCB95AA2): 0
LogDevObjectVersion:   Dev-Platform (6631380F-2D4D-43E0-8009-CF276956A95A): 0
LogDevObjectVersion:   Dev-Rendering (12F88B9F-8875-4AFC-A67C-D90C383ABD29): 27
LogDevObjectVersion:   Dev-Sequencer (7B5AE74C-D270-4C10-A958-57980B212A5A): 9
LogDevObjectVersion:   Dev-VR (D7296918-1DD6-4BDD-9DE2-64A83CC13884): 2
LogDevObjectVersion:   Dev-LoadTimes (C2A15278-BFE7-4AFE-6C17-90FF531DF755): 1
LogDevObjectVersion:   Private-Geometry (6EACA3D4-40EC-4CC1-B786-8BED09428FC5): 3
LogDevObjectVersion:   Dev-AnimPhys (29E575DD-E0A3-4627-9D10-D276232CDCEA): 17
LogDevObjectVersion:   Dev-Anim (AF43A65D-7FD3-4947-9873-3E8ED9C1BB05): 2
LogDevObjectVersion:   Dev-ReflectionCapture (6B266CEC-1EC7-4B8F-A30B-E4D90942FC07): 1
LogDevObjectVersion:   Dev-Automation (0DF73D61-A23F-47EA-B727-89E90C41499A): 1
LogDevObjectVersion:   FortniteMain (601D1886-AC64-4F84-AA16-D3DE0DEAC7D6): 17
LogDevObjectVersion:   Dev-Enterprise (9DFFBCD6-494F-0158-E221-12823C92A888): 4
LogDevObjectVersion:   Dev-Niagara (F2AED0AC-9AFE-416F-8664-AA7FFA26D6FC): 1
LogStreaming: Display: Took  0.001s to delete old logs.
LogInit: Presizing for max 8388607 objects, including 0 objects not considered by GC, pre-allocating 0 bytes for permanent pool.
LogInit: Object subsystem initialized
LogConfig: Setting CVar [[con.DebugEarlyDefault:1]]
LogConfig: Setting CVar [[r.setres:1280x720]]
[2019.05.16-00.03.28:327][  0]LogConfig: Setting CVar [[r.VSync:0]]
[2019.05.16-00.03.28:327][  0]LogConfig: Setting CVar [[r.RHICmdBypass:0]]
[2019.05.16-00.03.28:327][  0]LogConfig: Applying CVar settings from Section [/Script/Engine.RendererSettings] File [D:/VR/CFE_LeapMotion/Saved/Config/Windows/Engine.ini]
[2019.05.16-00.03.28:328][  0]LogConfig: Setting CVar [[r.GPUCrashDebugging:0]]
[2019.05.16-00.03.28:328][  0]LogConfig: Applying CVar settings from Section [/Script/Engine.RendererOverrideSettings] File [D:/VR/CFE_LeapMotion/Saved/Config/Windows/Engine.ini]
[2019.05.16-00.03.28:328][  0]LogConfig: Applying CVar settings from Section [/Script/Engine.StreamingSettings] File [D:/VR/CFE_LeapMotion/Saved/Config/Windows/Engine.ini]
[2019.05.16-00.03.28:328][  0]LogConfig: Setting CVar [[s.MinBulkDataSizeForAsyncLoading:131072]]
[2019.05.16-00.03.28:328][  0]LogConfig: Setting CVar [[s.AsyncLoadingThreadEnabled:0]]
[2019.05.16-00.03.28:328][  0]LogConfig: Setting CVar [[s.EventDrivenLoaderEnabled:1]]
[2019.05.16-00.03.28:328][  0]LogConfig: Setting CVar [[s.WarnIfTimeLimitExceeded:0]]
[2019.05.16-00.03.28:328][  0]LogConfig: Setting CVar [[s.TimeLimitExceededMultiplier:1.5]]
[2019.05.16-00.03.28:328][  0]LogConfig: Setting CVar [[s.TimeLimitExceededMinTime:0.005]]
[2019.05.16-00.03.28:328][  0]LogConfig: Setting CVar [[s.UseBackgroundLevelStreaming:1]]
[2019.05.16-00.03.28:328][  0]LogConfig: Setting CVar [[s.PriorityAsyncLoadingExtraTime:15.0]]
[2019.05.16-00.03.28:328][  0]LogConfig: Setting CVar [[s.LevelStreamingActorsUpdateTimeLimit:5.0]]
[2019.05.16-00.03.28:328][  0]LogConfig: Setting CVar [[s.PriorityLevelStreamingActorsUpdateExtraTime:5.0]]
[2019.05.16-00.03.28:328][  0]LogConfig: Setting CVar [[s.LevelStreamingComponentsRegistrationGranularity:10]]
[2019.05.16-00.03.28:328][  0]LogConfig: Setting CVar [[s.UnregisterComponentsTimeLimit:1.0]]
[2019.05.16-00.03.28:328][  0]LogConfig: Setting CVar [[s.LevelStreamingComponentsUnregistrationGranularity:5]]
[2019.05.16-00.03.28:328][  0]LogConfig: Applying CVar settings from Section [/Script/Engine.GarbageCollectionSettings] File [D:/VR/CFE_LeapMotion/Saved/Config/Windows/Engine.ini]
[2019.05.16-00.03.28:328][  0]LogConfig: Setting CVar [[gc.MaxObjectsNotConsideredByGC:1]]
[2019.05.16-00.03.28:328][  0]LogConfig: Setting CVar [[gc.SizeOfPermanentObjectPool:0]]
[2019.05.16-00.03.28:328][  0]LogConfig: Setting CVar [[gc.FlushStreamingOnGC:0]]
[2019.05.16-00.03.28:328][  0]LogConfig: Setting CVar [[gc.NumRetriesBeforeForcingGC:10]]
[2019.05.16-00.03.28:328][  0]LogConfig: Setting CVar [[gc.AllowParallelGC:1]]
[2019.05.16-00.03.28:328][  0]LogConfig: Setting CVar [[gc.TimeBetweenPurgingPendingKillObjects:61.1]]
[2019.05.16-00.03.28:328][  0]LogConfig: Setting CVar [[gc.MaxObjectsInEditor:8388607]]
[2019.05.16-00.03.28:328][  0]LogConfig: Setting CVar [[gc.IncrementalBeginDestroyEnabled:1]]
[2019.05.16-00.03.28:328][  0]LogConfig: Setting CVar [[gc.CreateGCClusters:1]]
[2019.05.16-00.03.28:328][  0]LogConfig: Setting CVar [[gc.MergeGCClusters:0]]
[2019.05.16-00.03.28:328][  0]LogConfig: Setting CVar [[gc.MinGCClusterSize:5]]
[2019.05.16-00.03.28:328][  0]LogConfig: Setting CVar [[gc.ActorClusteringEnabled:0]]
[2019.05.16-00.03.28:328][  0]LogConfig: Setting CVar [[gc.BlueprintClusteringEnabled:0]]
[2019.05.16-00.03.28:328][  0]LogConfig: Setting CVar [[gc.UseDisregardForGCOnDedicatedServers:0]]
[2019.05.16-00.03.28:328][  0]LogConfig: Applying CVar settings from Section [/Script/Engine.NetworkSettings] File [D:/VR/CFE_LeapMotion/Saved/Config/Windows/Engine.ini]
[2019.05.16-00.03.28:328][  0]LogConfig: Applying CVar settings from Section [/Script/UnrealEd.CookerSettings] File [D:/VR/CFE_LeapMotion/Saved/Config/Windows/Engine.ini]
[2019.05.16-00.03.28:331][  0]LogConfig: Applying CVar settings from Section [ViewDistanceQuality@3] File [D:/VR/CFE_LeapMotion/Saved/Config/Windows/Scalability.ini]
[2019.05.16-00.03.28:331][  0]LogConfig: Setting CVar [[r.SkeletalMeshLODBias:0]]
[2019.05.16-00.03.28:331][  0]LogConfig: Setting CVar [[r.ViewDistanceScale:1.0]]
[2019.05.16-00.03.28:331][  0]LogConfig: Applying CVar settings from Section [AntiAliasingQuality@3] File [D:/VR/CFE_LeapMotion/Saved/Config/Windows/Scalability.ini]
[2019.05.16-00.03.28:331][  0]LogConfig: Setting CVar [[r.PostProcessAAQuality:4]]
[2019.05.16-00.03.28:331][  0]LogConfig: Applying CVar settings from Section [ShadowQuality@3] File [D:/VR/CFE_LeapMotion/Saved/Config/Windows/Scalability.ini]
[2019.05.16-00.03.28:331][  0]LogConfig: Setting CVar [[r.LightFunctionQuality:1]]
[2019.05.16-00.03.28:331][  0]LogConfig: Setting CVar [[r.ShadowQuality:5]]
[2019.05.16-00.03.28:331][  0]LogConfig: Setting CVar [[r.Shadow.CSM.MaxCascades:10]]
[2019.05.16-00.03.28:331][  0]LogConfig: Setting CVar [[r.Shadow.MaxResolution:2048]]
[2019.05.16-00.03.28:331][  0]LogConfig: Setting CVar [[r.Shadow.MaxCSMResolution:2048]]
[2019.05.16-00.03.28:331][  0]LogConfig: Setting CVar [[r.Shadow.RadiusThreshold:0.01]]
[2019.05.16-00.03.28:331][  0]LogConfig: Setting CVar [[r.Shadow.DistanceScale:1.0]]
[2019.05.16-00.03.28:331][  0]LogConfig: Setting CVar [[r.Shadow.CSM.TransitionScale:1.0]]
[2019.05.16-00.03.28:331][  0]LogConfig: Setting CVar [[r.Shadow.PreShadowResolutionFactor:1.0]]
[2019.05.16-00.03.28:331][  0]LogConfig: Setting CVar [[r.DistanceFieldShadowing:1]]
[2019.05.16-00.03.28:331][  0]LogConfig: Setting CVar [[r.DistanceFieldAO:1]]
[2019.05.16-00.03.28:331][  0]LogConfig: Setting CVar [[r.AOQuality:2]]
[2019.05.16-00.03.28:331][  0]LogConfig: Setting CVar [[r.VolumetricFog:1]]
[2019.05.16-00.03.28:331][  0]LogConfig: Setting CVar [[r.VolumetricFog.GridPixelSize:8]]
[2019.05.16-00.03.28:331][  0]LogConfig: Setting CVar [[r.VolumetricFog.GridSizeZ:128]]
[2019.05.16-00.03.28:331][  0]LogConfig: Setting CVar [[r.VolumetricFog.HistoryMissSupersampleCount:4]]
[2019.05.16-00.03.28:331][  0]LogConfig: Setting CVar [[r.LightMaxDrawDistanceScale:1]]
[2019.05.16-00.03.28:331][  0]LogConfig: Setting CVar [[r.CapsuleShadows:1]]
[2019.05.16-00.03.28:331][  0]LogConfig: Applying CVar settings from Section [PostProcessQuality@3] File [D:/VR/CFE_LeapMotion/Saved/Config/Windows/Scalability.ini]
[2019.05.16-00.03.28:331][  0]LogConfig: Setting CVar [[r.MotionBlurQuality:4]]
[2019.05.16-00.03.28:331][  0]LogConfig: Setting CVar [[r.AmbientOcclusionMipLevelFactor:0.4]]
[2019.05.16-00.03.28:331][  0]LogConfig: Setting CVar [[r.AmbientOcclusionMaxQuality:100]]
[2019.05.16-00.03.28:332][  0]LogConfig: Setting CVar [[r.AmbientOcclusionLevels:-1]]
[2019.05.16-00.03.28:332][  0]LogConfig: Setting CVar [[r.AmbientOcclusionRadiusScale:1.0]]
[2019.05.16-00.03.28:332][  0]LogConfig: Setting CVar [[r.DepthOfFieldQuality:2]]
[2019.05.16-00.03.28:332][  0]LogConfig: Setting CVar [[r.RenderTargetPoolMin:400]]
[2019.05.16-00.03.28:332][  0]LogConfig: Setting CVar [[r.LensFlareQuality:2]]
[2019.05.16-00.03.28:332][  0]LogConfig: Setting CVar [[r.SceneColorFringeQuality:1]]
[2019.05.16-00.03.28:332][  0]LogConfig: Setting CVar [[r.EyeAdaptationQuality:2]]
[2019.05.16-00.03.28:332][  0]LogConfig: Setting CVar [[r.BloomQuality:5]]
[2019.05.16-00.03.28:332][  0]LogConfig: Setting CVar [[r.FastBlurThreshold:100]]
[2019.05.16-00.03.28:332][  0]LogConfig: Setting CVar [[r.Upscale.Quality:3]]
[2019.05.16-00.03.28:332][  0]LogConfig: Setting CVar [[r.Tonemapper.GrainQuantization:1]]
[2019.05.16-00.03.28:332][  0]LogConfig: Setting CVar [[r.LightShaftQuality:1]]
[2019.05.16-00.03.28:332][  0]LogConfig: Setting CVar [[r.Filter.SizeScale:1]]
[2019.05.16-00.03.28:332][  0]LogConfig: Setting CVar [[r.Tonemapper.Quality:5]]
[2019.05.16-00.03.28:332][  0]LogConfig: Setting CVar [[r.DOF.Gather.AccumulatorQuality:1        ; higher gathering accumulator quality]]
[2019.05.16-00.03.28:332][  0]LogConfig: Setting CVar [[r.DOF.Gather.PostfilterMethod:1          ; Median3x3 postfilering method]]
[2019.05.16-00.03.28:332][  0]LogConfig: Setting CVar [[r.DOF.Gather.EnableBokehSettings:0       ; no bokeh simulation when gathering]]
[2019.05.16-00.03.28:332][  0]LogConfig: Setting CVar [[r.DOF.Gather.RingCount:4                 ; medium number of samples when gathering]]
[2019.05.16-00.03.28:332][  0]LogConfig: Setting CVar [[r.DOF.Scatter.ForegroundCompositing:1    ; additive foreground scattering]]
[2019.05.16-00.03.28:332][  0]LogConfig: Setting CVar [[r.DOF.Scatter.BackgroundCompositing:2    ; additive background scattering]]
[2019.05.16-00.03.28:332][  0]LogConfig: Setting CVar [[r.DOF.Scatter.EnableBokehSettings:1      ; bokeh simulation when scattering]]
[2019.05.16-00.03.28:332][  0]LogConfig: Setting CVar [[r.DOF.Scatter.MaxSpriteRatio:0.1         ; only a maximum of 10% of scattered bokeh]]
[2019.05.16-00.03.28:332][  0]LogConfig: Setting CVar [[r.DOF.Recombine.Quality:1                ; cheap slight out of focus]]
[2019.05.16-00.03.28:332][  0]LogConfig: Setting CVar [[r.DOF.Recombine.EnableBokehSettings:0    ; no bokeh simulation on slight out of focus]]
[2019.05.16-00.03.28:332][  0]LogConfig: Setting CVar [[r.DOF.TemporalAAQuality:1                ; more stable temporal accumulation]]
[2019.05.16-00.03.28:332][  0]LogConfig: Setting CVar [[r.DOF.Kernel.MaxForegroundRadius:0.025]]
[2019.05.16-00.03.28:332][  0]LogConfig: Setting CVar [[r.DOF.Kernel.MaxBackgroundRadius:0.025]]
[2019.05.16-00.03.28:332][  0]LogConfig: Applying CVar settings from Section [TextureQuality@3] File [D:/VR/CFE_LeapMotion/Saved/Config/Windows/Scalability.ini]
[2019.05.16-00.03.28:332][  0]LogConfig: Setting CVar [[r.Streaming.MipBias:0]]
[2019.05.16-00.03.28:332][  0]LogConfig: Setting CVar [[r.Streaming.AmortizeCPUToGPUCopy:0]]
[2019.05.16-00.03.28:332][  0]LogConfig: Setting CVar [[r.Streaming.MaxNumTexturesToStreamPerFrame:0]]
[2019.05.16-00.03.28:332][  0]LogConfig: Setting CVar [[r.Streaming.Boost:1]]
[2019.05.16-00.03.28:332][  0]LogConfig: Setting CVar [[r.MaxAnisotropy:8]]
[2019.05.16-00.03.28:332][  0]LogConfig: Setting CVar [[r.Streaming.LimitPoolSizeToVRAM:0]]
[2019.05.16-00.03.28:332][  0]LogConfig: Setting CVar [[r.Streaming.PoolSize:1000]]
[2019.05.16-00.03.28:332][  0]LogConfig: Setting CVar [[r.Streaming.MaxEffectiveScreenSize:0]]
[2019.05.16-00.03.28:332][  0]LogConfig: Applying CVar settings from Section [EffectsQuality@3] File [D:/VR/CFE_LeapMotion/Saved/Config/Windows/Scalability.ini]
[2019.05.16-00.03.28:332][  0]LogConfig: Setting CVar [[r.TranslucencyLightingVolumeDim:64]]
[2019.05.16-00.03.28:332][  0]LogConfig: Setting CVar [[r.RefractionQuality:2]]
[2019.05.16-00.03.28:332][  0]LogConfig: Setting CVar [[r.SSR.Quality:3]]
[2019.05.16-00.03.28:332][  0]LogConfig: Setting CVar [[r.SceneColorFormat:4]]
[2019.05.16-00.03.28:332][  0]LogConfig: Setting CVar [[r.DetailMode:2]]
[2019.05.16-00.03.28:332][  0]LogConfig: Setting CVar [[r.TranslucencyVolumeBlur:1]]
[2019.05.16-00.03.28:332][  0]LogConfig: Setting CVar [[r.MaterialQualityLevel:1 ; High quality]]
[2019.05.16-00.03.28:332][  0]LogConfig: Setting CVar [[r.SSS.Scale:1]]
[2019.05.16-00.03.28:332][  0]LogConfig: Setting CVar [[r.SSS.SampleSet:2]]
[2019.05.16-00.03.28:332][  0]LogConfig: Setting CVar [[r.SSS.Quality:1]]
[2019.05.16-00.03.28:332][  0]LogConfig: Setting CVar [[r.SSS.HalfRes:1]]
[2019.05.16-00.03.28:332][  0]LogConfig: Setting CVar [[r.EmitterSpawnRateScale:1.0]]
[2019.05.16-00.03.28:332][  0]LogConfig: Setting CVar [[r.ParticleLightQuality:2]]
[2019.05.16-00.03.28:332][  0]LogConfig: Applying CVar settings from Section [FoliageQuality@3] File [D:/VR/CFE_LeapMotion/Saved/Config/Windows/Scalability.ini]
[2019.05.16-00.03.28:332][  0]LogConfig: Setting CVar [[foliage.DensityScale:1.0]]
[2019.05.16-00.03.28:332][  0]LogConfig: Setting CVar [[grass.DensityScale:1.0]]
[2019.05.16-00.03.28:332][  0]LogInit: Selected Device Profile: [Windows]
[2019.05.16-00.03.28:332][  0]LogInit: Applying CVar settings loaded from the selected device profile: [Windows]
[2019.05.16-00.03.28:343][  0]LogHAL: Display: Platform has ~ 16 GB [17057812480 / 17179869184 / 16], which maps to Larger [LargestMinGB=32, LargerMinGB=12, DefaultMinGB=8, SmallerMinGB=6, SmallestMinGB=0)
[2019.05.16-00.03.28:343][  0]LogConfig: Setting CVar [[r.Vulkan.UseRealUBs:1]]
[2019.05.16-00.03.28:343][  0]LogInit: Going up to parent DeviceProfile []
[2019.05.16-00.03.28:343][  0]LogConfig: Applying CVar settings from Section [ViewDistanceQuality@3] File [D:/VR/CFE_LeapMotion/Saved/Config/Windows/Scalability.ini]
[2019.05.16-00.03.28:343][  0]LogConfig: Setting CVar [[r.SkeletalMeshLODBias:0]]
[2019.05.16-00.03.28:343][  0]LogConfig: Setting CVar [[r.ViewDistanceScale:1.0]]
[2019.05.16-00.03.28:343][  0]LogConfig: Applying CVar settings from Section [AntiAliasingQuality@3] File [D:/VR/CFE_LeapMotion/Saved/Config/Windows/Scalability.ini]
[2019.05.16-00.03.28:343][  0]LogConfig: Setting CVar [[r.PostProcessAAQuality:4]]
[2019.05.16-00.03.28:343][  0]LogConfig: Applying CVar settings from Section [ShadowQuality@3] File [D:/VR/CFE_LeapMotion/Saved/Config/Windows/Scalability.ini]
[2019.05.16-00.03.28:343][  0]LogConfig: Setting CVar [[r.LightFunctionQuality:1]]
[2019.05.16-00.03.28:343][  0]LogConfig: Setting CVar [[r.ShadowQuality:5]]
[2019.05.16-00.03.28:343][  0]LogConfig: Setting CVar [[r.Shadow.CSM.MaxCascades:10]]
[2019.05.16-00.03.28:343][  0]LogConfig: Setting CVar [[r.Shadow.MaxResolution:2048]]
[2019.05.16-00.03.28:343][  0]LogConfig: Setting CVar [[r.Shadow.MaxCSMResolution:2048]]
[2019.05.16-00.03.28:343][  0]LogConfig: Setting CVar [[r.Shadow.RadiusThreshold:0.01]]
[2019.05.16-00.03.28:343][  0]LogConfig: Setting CVar [[r.Shadow.DistanceScale:1.0]]
[2019.05.16-00.03.28:343][  0]LogConfig: Setting CVar [[r.Shadow.CSM.TransitionScale:1.0]]
[2019.05.16-00.03.28:343][  0]LogConfig: Setting CVar [[r.Shadow.PreShadowResolutionFactor:1.0]]
[2019.05.16-00.03.28:343][  0]LogConfig: Setting CVar [[r.DistanceFieldShadowing:1]]
[2019.05.16-00.03.28:343][  0]LogConfig: Setting CVar [[r.DistanceFieldAO:1]]
[2019.05.16-00.03.28:343][  0]LogConfig: Setting CVar [[r.AOQuality:2]]
[2019.05.16-00.03.28:343][  0]LogConfig: Setting CVar [[r.VolumetricFog:1]]
[2019.05.16-00.03.28:343][  0]LogConfig: Setting CVar [[r.VolumetricFog.GridPixelSize:8]]
[2019.05.16-00.03.28:343][  0]LogConfig: Setting CVar [[r.VolumetricFog.GridSizeZ:128]]
[2019.05.16-00.03.28:343][  0]LogConfig: Setting CVar [[r.VolumetricFog.HistoryMissSupersampleCount:4]]
[2019.05.16-00.03.28:343][  0]LogConfig: Setting CVar [[r.LightMaxDrawDistanceScale:1]]
[2019.05.16-00.03.28:343][  0]LogConfig: Setting CVar [[r.CapsuleShadows:1]]
[2019.05.16-00.03.28:343][  0]LogConfig: Applying CVar settings from Section [PostProcessQuality@3] File [D:/VR/CFE_LeapMotion/Saved/Config/Windows/Scalability.ini]
[2019.05.16-00.03.28:343][  0]LogConfig: Setting CVar [[r.MotionBlurQuality:4]]
[2019.05.16-00.03.28:343][  0]LogConfig: Setting CVar [[r.AmbientOcclusionMipLevelFactor:0.4]]
[2019.05.16-00.03.28:343][  0]LogConfig: Setting CVar [[r.AmbientOcclusionMaxQuality:100]]
[2019.05.16-00.03.28:343][  0]LogConfig: Setting CVar [[r.AmbientOcclusionLevels:-1]]
[2019.05.16-00.03.28:344][  0]LogConfig: Setting CVar [[r.AmbientOcclusionRadiusScale:1.0]]
[2019.05.16-00.03.28:344][  0]LogConfig: Setting CVar [[r.DepthOfFieldQuality:2]]
[2019.05.16-00.03.28:344][  0]LogConfig: Setting CVar [[r.RenderTargetPoolMin:400]]
[2019.05.16-00.03.28:344][  0]LogConfig: Setting CVar [[r.LensFlareQuality:2]]
[2019.05.16-00.03.28:344][  0]LogConfig: Setting CVar [[r.SceneColorFringeQuality:1]]
[2019.05.16-00.03.28:344][  0]LogConfig: Setting CVar [[r.EyeAdaptationQuality:2]]
[2019.05.16-00.03.28:344][  0]LogConfig: Setting CVar [[r.BloomQuality:5]]
[2019.05.16-00.03.28:344][  0]LogConfig: Setting CVar [[r.FastBlurThreshold:100]]
[2019.05.16-00.03.28:344][  0]LogConfig: Setting CVar [[r.Upscale.Quality:3]]
[2019.05.16-00.03.28:344][  0]LogConfig: Setting CVar [[r.Tonemapper.GrainQuantization:1]]
[2019.05.16-00.03.28:344][  0]LogConfig: Setting CVar [[r.LightShaftQuality:1]]
[2019.05.16-00.03.28:344][  0]LogConfig: Setting CVar [[r.Filter.SizeScale:1]]
[2019.05.16-00.03.28:344][  0]LogConfig: Setting CVar [[r.Tonemapper.Quality:5]]
[2019.05.16-00.03.28:344][  0]LogConfig: Setting CVar [[r.DOF.Gather.AccumulatorQuality:1        ; higher gathering accumulator quality]]
[2019.05.16-00.03.28:344][  0]LogConfig: Setting CVar [[r.DOF.Gather.PostfilterMethod:1          ; Median3x3 postfilering method]]
[2019.05.16-00.03.28:344][  0]LogConfig: Setting CVar [[r.DOF.Gather.EnableBokehSettings:0       ; no bokeh simulation when gathering]]
[2019.05.16-00.03.28:344][  0]LogConfig: Setting CVar [[r.DOF.Gather.RingCount:4                 ; medium number of samples when gathering]]
[2019.05.16-00.03.28:344][  0]LogConfig: Setting CVar [[r.DOF.Scatter.ForegroundCompositing:1    ; additive foreground scattering]]
[2019.05.16-00.03.28:344][  0]LogConfig: Setting CVar [[r.DOF.Scatter.BackgroundCompositing:2    ; additive background scattering]]
[2019.05.16-00.03.28:344][  0]LogConfig: Setting CVar [[r.DOF.Scatter.EnableBokehSettings:1      ; bokeh simulation when scattering]]
[2019.05.16-00.03.28:344][  0]LogConfig: Setting CVar [[r.DOF.Scatter.MaxSpriteRatio:0.1         ; only a maximum of 10% of scattered bokeh]]
[2019.05.16-00.03.28:344][  0]LogConfig: Setting CVar [[r.DOF.Recombine.Quality:1                ; cheap slight out of focus]]
[2019.05.16-00.03.28:344][  0]LogConfig: Setting CVar [[r.DOF.Recombine.EnableBokehSettings:0    ; no bokeh simulation on slight out of focus]]
[2019.05.16-00.03.28:344][  0]LogConfig: Setting CVar [[r.DOF.TemporalAAQuality:1                ; more stable temporal accumulation]]
[2019.05.16-00.03.28:344][  0]LogConfig: Setting CVar [[r.DOF.Kernel.MaxForegroundRadius:0.025]]
[2019.05.16-00.03.28:344][  0]LogConfig: Setting CVar [[r.DOF.Kernel.MaxBackgroundRadius:0.025]]
[2019.05.16-00.03.28:344][  0]LogConfig: Applying CVar settings from Section [TextureQuality@3] File [D:/VR/CFE_LeapMotion/Saved/Config/Windows/Scalability.ini]
[2019.05.16-00.03.28:344][  0]LogConfig: Setting CVar [[r.Streaming.MipBias:0]]
[2019.05.16-00.03.28:344][  0]LogConfig: Setting CVar [[r.Streaming.AmortizeCPUToGPUCopy:0]]
[2019.05.16-00.03.28:344][  0]LogConfig: Setting CVar [[r.Streaming.MaxNumTexturesToStreamPerFrame:0]]
[2019.05.16-00.03.28:344][  0]LogConfig: Setting CVar [[r.Streaming.Boost:1]]
[2019.05.16-00.03.28:344][  0]LogConfig: Setting CVar [[r.MaxAnisotropy:8]]
[2019.05.16-00.03.28:344][  0]LogConfig: Setting CVar [[r.Streaming.LimitPoolSizeToVRAM:0]]
[2019.05.16-00.03.28:344][  0]LogConfig: Setting CVar [[r.Streaming.PoolSize:1000]]
[2019.05.16-00.03.28:344][  0]LogConfig: Setting CVar [[r.Streaming.MaxEffectiveScreenSize:0]]
[2019.05.16-00.03.28:344][  0]LogConfig: Applying CVar settings from Section [EffectsQuality@3] File [D:/VR/CFE_LeapMotion/Saved/Config/Windows/Scalability.ini]
[2019.05.16-00.03.28:344][  0]LogConfig: Setting CVar [[r.TranslucencyLightingVolumeDim:64]]
[2019.05.16-00.03.28:344][  0]LogConfig: Setting CVar [[r.RefractionQuality:2]]
[2019.05.16-00.03.28:344][  0]LogConfig: Setting CVar [[r.SSR.Quality:3]]
[2019.05.16-00.03.28:344][  0]LogConfig: Setting CVar [[r.SceneColorFormat:4]]
[2019.05.16-00.03.28:344][  0]LogConfig: Setting CVar [[r.DetailMode:2]]
[2019.05.16-00.03.28:344][  0]LogConfig: Setting CVar [[r.TranslucencyVolumeBlur:1]]
[2019.05.16-00.03.28:344][  0]LogConfig: Setting CVar [[r.MaterialQualityLevel:1 ; High quality]]
[2019.05.16-00.03.28:344][  0]LogConfig: Setting CVar [[r.SSS.Scale:1]]
[2019.05.16-00.03.28:344][  0]LogConfig: Setting CVar [[r.SSS.SampleSet:2]]
[2019.05.16-00.03.28:344][  0]LogConfig: Setting CVar [[r.SSS.Quality:1]]
[2019.05.16-00.03.28:344][  0]LogConfig: Setting CVar [[r.SSS.HalfRes:1]]
[2019.05.16-00.03.28:344][  0]LogConfig: Setting CVar [[r.EmitterSpawnRateScale:1.0]]
[2019.05.16-00.03.28:344][  0]LogConfig: Setting CVar [[r.ParticleLightQuality:2]]
[2019.05.16-00.03.28:344][  0]LogConfig: Applying CVar settings from Section [FoliageQuality@3] File [D:/VR/CFE_LeapMotion/Saved/Config/Windows/Scalability.ini]
[2019.05.16-00.03.28:344][  0]LogConfig: Setting CVar [[foliage.DensityScale:1.0]]
[2019.05.16-00.03.28:344][  0]LogConfig: Setting CVar [[grass.DensityScale:1.0]]
[2019.05.16-00.03.28:344][  0]LogConfig: Applying CVar settings from Section [Startup] File [../../../Engine/Config/ConsoleVariables.ini]
[2019.05.16-00.03.28:344][  0]LogConfig: Setting CVar [[net.UseAdaptiveNetUpdateFrequency:0]]
[2019.05.16-00.03.28:344][  0]LogConfig: Applying CVar settings from Section [ConsoleVariables] File [D:/VR/CFE_LeapMotion/Saved/Config/Windows/Engine.ini]
[2019.05.16-00.03.28:344][  0]LogInit: Computer: LAPTOP-H01BRSTG
[2019.05.16-00.03.28:344][  0]LogInit: User: Usuario
[2019.05.16-00.03.28:344][  0]LogInit: CPU Page size=4096, Cores=4
[2019.05.16-00.03.28:344][  0]LogInit: High frequency timer resolution =2.742191 MHz
[2019.05.16-00.03.28:345][  0]LogMemory: Memory total: Physical=15.9GB (16GB approx)
[2019.05.16-00.03.28:345][  0]LogMemory: Platform Memory Stats for Windows
[2019.05.16-00.03.28:345][  0]LogMemory: Process Physical Memory: 106.51 MB used, 106.51 MB peak
[2019.05.16-00.03.28:345][  0]LogMemory: Process Virtual Memory: 93.59 MB used, 93.59 MB peak
[2019.05.16-00.03.28:345][  0]LogMemory: Physical Memory: 6352.39 MB used,  9915.21 MB free, 16267.60 MB total
[2019.05.16-00.03.28:345][  0]LogMemory: Virtual Memory: 4666.95 MB used,  134213064.00 MB free, 134217728.00 MB total
[2019.05.16-00.03.28:369][  0]LogInit: Overriding language with editor language configuration option (en).
[2019.05.16-00.03.28:369][  0]LogInit: Overriding locale with editor culture configuration option ().
[2019.05.16-00.03.28:369][  0]LogInit: Using OS detected locale (es-MX).
[2019.05.16-00.03.28:743][  0]LogStreaming: Display: Took  0.375s to InitEngineTextLocalization.
[2019.05.16-00.03.28:744][  0]LogInit: Setting process to per monitor DPI aware
[2019.05.16-00.03.28:770][  0]LogSlate: New Slate User Created.  User Index 0, Is Virtual User: 0
[2019.05.16-00.03.28:770][  0]LogSlate: Slate User Registered.  User Index 0, Is Virtual User: 0
[2019.05.16-00.03.29:000][  0]LogHMD: Failed to initialize OpenVR with code 126
[2019.05.16-00.03.29:000][  0]LogD3D11RHI: D3D11 adapters:
[2019.05.16-00.03.29:149][  0]LogD3D11RHI:    0. 'NVIDIA GeForce GTX 1060' (Feature Level 11_0)
[2019.05.16-00.03.29:149][  0]LogD3D11RHI:       6052/0/8133 MB DedicatedVideo/DedicatedSystem/SharedSystem, Outputs:1, VendorId:0x10de
[2019.05.16-00.03.29:159][  0]LogD3D11RHI:    1. 'Intel(R) HD Graphics 630' (Feature Level 11_0)
[2019.05.16-00.03.29:159][  0]LogD3D11RHI:       128/0/8133 MB DedicatedVideo/DedicatedSystem/SharedSystem, Outputs:0, VendorId:0x8086
[2019.05.16-00.03.29:163][  0]LogD3D11RHI:    2. 'Microsoft Basic Render Driver' (Feature Level 11_0)
[2019.05.16-00.03.29:163][  0]LogD3D11RHI:       0/0/8133 MB DedicatedVideo/DedicatedSystem/SharedSystem, Outputs:0, VendorId:0x1414
[2019.05.16-00.03.29:163][  0]LogD3D11RHI: Chosen D3D11 Adapter: 0
[2019.05.16-00.03.29:195][  0]LogD3D11RHI: Creating new Direct3DDevice
[2019.05.16-00.03.29:195][  0]LogD3D11RHI:     GPU DeviceId: 0x1c20 (for the marketing name, search the web for "GPU Device Id")
[2019.05.16-00.03.29:195][  0]LogWindows: EnumDisplayDevices:
[2019.05.16-00.03.29:195][  0]LogWindows:    0. 'Intel(R) HD Graphics 630' (P:1 D:1)
[2019.05.16-00.03.29:196][  0]LogWindows:    1. 'Intel(R) HD Graphics 630' (P:0 D:0)
[2019.05.16-00.03.29:197][  0]LogWindows:    2. 'Intel(R) HD Graphics 630' (P:0 D:0)
[2019.05.16-00.03.29:197][  0]LogWindows:    3. 'NVIDIA GeForce GTX 1060' (P:0 D:0)
[2019.05.16-00.03.29:197][  0]LogWindows:    4. 'NVIDIA GeForce GTX 1060' (P:0 D:0)
[2019.05.16-00.03.29:197][  0]LogWindows:    5. 'NVIDIA GeForce GTX 1060' (P:0 D:0)
[2019.05.16-00.03.29:198][  0]LogWindows:    6. 'NVIDIA GeForce GTX 1060' (P:0 D:0)
[2019.05.16-00.03.29:198][  0]LogWindows: DebugString: PrimaryIsNotTheChoosenAdapter PrimaryIsNotTheChoosenAdapter PrimaryIsNotTheChoosenAdapter FoundDriverCount:4 
[2019.05.16-00.03.29:198][  0]LogD3D11RHI:     Adapter Name: NVIDIA GeForce GTX 1060
[2019.05.16-00.03.29:198][  0]LogD3D11RHI:   Driver Version: 430.39 (internal:26.21.14.3039, unified:430.39)
[2019.05.16-00.03.29:198][  0]LogD3D11RHI:      Driver Date: 4-17-2019
[2019.05.16-00.03.29:198][  0]LogRHI: Texture pool is 4236 MB (70% of 6052 MB)
[2019.05.16-00.03.29:254][  0]LogD3D11RHI: Async texture creation enabled
[2019.05.16-00.03.29:273][  0]LogD3D11RHI: GPU Timing Frequency: 1000.000000 (Debug: 2 1)
[2019.05.16-00.03.29:560][  0]LogTemp: Display: Loaded TP AllDesktopTargetPlatform
[2019.05.16-00.03.29:572][  0]LogTemp: Display: Loaded TP MacClientTargetPlatform
[2019.05.16-00.03.29:584][  0]LogTemp: Display: Loaded TP MacNoEditorTargetPlatform
[2019.05.16-00.03.29:595][  0]LogTemp: Display: Loaded TP MacServerTargetPlatform
[2019.05.16-00.03.29:607][  0]LogTemp: Display: Loaded TP MacTargetPlatform
[2019.05.16-00.03.29:619][  0]LogTemp: Display: Loaded TP WindowsClientTargetPlatform
[2019.05.16-00.03.29:631][  0]LogTemp: Display: Loaded TP WindowsNoEditorTargetPlatform
[2019.05.16-00.03.29:643][  0]LogTemp: Display: Loaded TP WindowsServerTargetPlatform
[2019.05.16-00.03.29:648][  0]LogTemp: Display: Loaded TP WindowsTargetPlatform
[2019.05.16-00.03.29:720][  0]LogTemp: Display: Loaded TP AndroidTargetPlatform
[2019.05.16-00.03.29:720][  0]LogTemp: Display: Loaded TP AndroidTargetPlatform
[2019.05.16-00.03.29:720][  0]LogTemp: Display: Loaded TP AndroidTargetPlatform
[2019.05.16-00.03.29:720][  0]LogTemp: Display: Loaded TP AndroidTargetPlatform
[2019.05.16-00.03.29:720][  0]LogTemp: Display: Loaded TP AndroidTargetPlatform
[2019.05.16-00.03.29:720][  0]LogTemp: Display: Loaded TP AndroidTargetPlatform
[2019.05.16-00.03.29:720][  0]LogTemp: Display: Loaded TP AndroidTargetPlatform
[2019.05.16-00.03.29:720][  0]LogTemp: Display: Loaded TP AndroidTargetPlatform
[2019.05.16-00.03.29:720][  0]LogTemp: Display: Loaded TP AndroidTargetPlatform
[2019.05.16-00.03.29:720][  0]LogTemp: Display: Loaded TP AndroidTargetPlatform
[2019.05.16-00.03.29:720][  0]LogTemp: Display: Loaded TP AndroidTargetPlatform
[2019.05.16-00.03.29:720][  0]LogTemp: Display: Loaded TP AndroidTargetPlatform
[2019.05.16-00.03.29:720][  0]LogTemp: Display: Loaded TP AndroidTargetPlatform
[2019.05.16-00.03.29:720][  0]LogTemp: Display: Loaded TP AndroidTargetPlatform
[2019.05.16-00.03.29:720][  0]LogTemp: Display: Loaded TP AndroidTargetPlatform
[2019.05.16-00.03.29:720][  0]LogTemp: Display: Loaded TP AndroidTargetPlatform
[2019.05.16-00.03.29:720][  0]LogTemp: Display: Loaded TP AndroidTargetPlatform
[2019.05.16-00.03.29:720][  0]LogTemp: Display: Loaded TP AndroidTargetPlatform
[2019.05.16-00.03.29:721][  0]LogTemp: Display: Loaded TP HTML5TargetPlatform
[2019.05.16-00.03.29:784][  0]LogTemp: Display: Loaded TP IOSTargetPlatform
[2019.05.16-00.03.29:784][  0]LogTemp: Display: Loaded TP IOSTargetPlatform
[2019.05.16-00.03.29:806][  0]LogTemp: Display: Loaded TP TVOSTargetPlatform
[2019.05.16-00.03.29:806][  0]LogTemp: Display: Loaded TP TVOSTargetPlatform
[2019.05.16-00.03.29:818][  0]LogTemp: Display: Loaded TP LinuxClientTargetPlatform
[2019.05.16-00.03.29:829][  0]LogTemp: Display: Loaded TP LinuxNoEditorTargetPlatform
[2019.05.16-00.03.29:841][  0]LogTemp: Display: Loaded TP LinuxServerTargetPlatform
[2019.05.16-00.03.29:853][  0]LogTemp: Display: Loaded TP LinuxTargetPlatform
[2019.05.16-00.03.29:894][  0]LogTemp: Display: Loaded TP LuminTargetPlatform
[2019.05.16-00.03.29:894][  0]LogTemp: Display: Loaded TP LuminTargetPlatform
[2019.05.16-00.03.29:894][  0]LogTargetPlatformManager: Display: Building Assets For Windows
[2019.05.16-00.03.29:936][  0]LogShaderCompilers: Guid format shader working directory is 19 characters bigger than the processId version (../../../../VR/CFE_LeapMotion/Intermediate/Shaders/WorkingDirectory/5668/).
[2019.05.16-00.03.29:936][  0]LogShaderCompilers: Cleaned the shader compiler working directory 'C:/Users/Usuario/AppData/Local/Temp/UnrealShaderWorkingDir/8999548E4DA9A82E66E6ECB8FF7C5B41/'.
[2019.05.16-00.03.29:937][  0]LogXGEController: Cannot use XGE Controller as Incredibuild is not installed on this machine.
[2019.05.16-00.03.29:937][  0]LogShaderCompilers: Cannot use XGE Shader Compiler as Incredibuild is not installed on this machine.
[2019.05.16-00.03.29:937][  0]LogShaderCompilers: Display: Using Local Shader Compiler.
[2019.05.16-00.03.30:514][  0]LogDerivedDataCache: Display: Max Cache Size: 512 MB
[2019.05.16-00.03.30:564][  0]LogDerivedDataCache: Loaded boot cache 0.05s 71MB C:/Users/Usuario/AppData/Local/UnrealEngine/4.21/DerivedDataCache/Boot.ddc.
[2019.05.16-00.03.30:564][  0]LogDerivedDataCache: Display: Loaded Boot cache: C:/Users/Usuario/AppData/Local/UnrealEngine/4.21/DerivedDataCache/Boot.ddc
[2019.05.16-00.03.30:564][  0]LogDerivedDataCache: FDerivedDataBackendGraph:  Pak pak cache file ../../../../VR/CFE_LeapMotion/DerivedDataCache/DDC.ddp not found, will not use a pak cache.
[2019.05.16-00.03.30:564][  0]LogDerivedDataCache: Unable to find inner node Pak for hierarchical cache Hierarchy.
[2019.05.16-00.03.30:564][  0]LogDerivedDataCache: FDerivedDataBackendGraph:  CompressedPak pak cache file ../../../../VR/CFE_LeapMotion/DerivedDataCache/Compressed.ddp not found, will not use a pak cache.
[2019.05.16-00.03.30:564][  0]LogDerivedDataCache: Unable to find inner node CompressedPak for hierarchical cache Hierarchy.
[2019.05.16-00.03.30:580][  0]LogDerivedDataCache: Display: Pak cache opened for reading ../../../Engine/DerivedDataCache/Compressed.ddp.
[2019.05.16-00.03.30:580][  0]LogDerivedDataCache: FDerivedDataBackendGraph:  EnterprisePak pak cache file ../../../Enterprise/DerivedDataCache/Compressed.ddp not found, will not use a pak cache.
[2019.05.16-00.03.30:580][  0]LogDerivedDataCache: Unable to find inner node EnterprisePak for hierarchical cache Hierarchy.
[2019.05.16-00.03.30:592][  0]LogDerivedDataCache: Using Local data cache path C:/Users/Usuario/AppData/Local/UnrealEngine/Common/DerivedDataCache: Writable
[2019.05.16-00.03.30:592][  0]LogDerivedDataCache: Shared data cache path not found in *engine.ini, will not use an Shared cache.
[2019.05.16-00.03.30:592][  0]LogDerivedDataCache: Unable to find inner node Shared for hierarchical cache Hierarchy.
[2019.05.16-00.03.30:617][  0]LogMaterial: Verifying Global Shaders for PCD3D_SM5
[2019.05.16-00.03.30:618][  0]LogSlate: Using FreeType 2.6.0
[2019.05.16-00.03.30:619][  0]LogSlate: SlateFontServices - WITH_FREETYPE: 1, WITH_HARFBUZZ: 1
[2019.05.16-00.03.30:707][  0]LogAssetRegistry: FAssetRegistry took 0.0338 seconds to start up
[2019.05.16-00.03.31:025][  0]LogInit: Selected Device Profile: [Windows]
[2019.05.16-00.03.31:171][  0]LogSimplygon: Simplygon DLL not present - disabling.
[2019.05.16-00.03.31:174][  0]LogMeshReduction: Using SimplygonSwarm for distributed automatic mesh merging
[2019.05.16-00.03.31:174][  0]LogMeshReduction: Using ProxyLODMeshReduction for automatic mesh merging
[2019.05.16-00.03.31:174][  0]LogMeshReduction: Using QuadricMeshReduction for automatic static mesh reduction
[2019.05.16-00.03.31:174][  0]LogMeshReduction: No automatic skeletal mesh reduction module available
[2019.05.16-00.03.31:188][  0]LogNetVersion: CFE_LeapMotion 1.0.0, NetCL: 4541578, EngineNetVer: 5, GameNetVer: 0 (Checksum: 1837852655)
[2019.05.16-00.03.31:656][  0]LogPackageLocalizationCache: Processed 12 localized package path(s) for 1 prioritized culture(s) in 0.047894 seconds
[2019.05.16-00.03.31:662][  0]LogUObjectArray: 39775 objects as part of root set at end of initial load.
[2019.05.16-00.03.31:662][  0]LogUObjectAllocator: 6914656 out of 0 bytes used by permanent object pool.
[2019.05.16-00.03.31:662][  0]LogUObjectArray: CloseDisregardForGC: 0/0 objects in disregard for GC pool
[2019.05.16-00.03.32:566][  0]LogTcpMessaging: Initializing TcpMessaging bridge
[2019.05.16-00.03.32:578][  0]LogUdpMessaging: Initializing bridge on interface 0.0.0.0:0 to multicast group 230.0.0.1:6666.
[2019.05.16-00.03.33:239][  0]SourceControl: Source control is disabled
[2019.05.16-00.03.33:239][  0]SourceControl: Source control is disabled
[2019.05.16-00.03.33:241][  0]SourceControl: Source control is disabled
[2019.05.16-00.03.33:241][  0]SourceControl: Source control is disabled
[2019.05.16-00.03.33:393][  0]LogAndroidPermission: UAndroidPermissionCallbackProxy::GetInstance
[2019.05.16-00.03.33:440][  0]LogWindows: Failed to load '../../../Engine/Binaries/ThirdParty/LeapMotion/Win64/LeapC.dll' (GetLastError=126)
[2019.05.16-00.03.33:441][  0]LogWindows: File '../../../Engine/Binaries/ThirdParty/LeapMotion/Win64/LeapC.dll' does not exist
[2019.05.16-00.03.33:441][  0]LeapMotionLog: Leap Plugin started v3.3.1
[2019.05.16-00.03.33:443][  0]LogOcInput: OculusInput pre-init called
[2019.05.16-00.03.33:569][  0]LogClass: Warning: ObjectProperty FMappedBoneAnimData::BodyStateSkeleton is not initialized properly
[2019.05.16-00.03.33:569][  0]LogClass: Warning: FBodyStateDeviceConfig::InputType is not initialized properly
[2019.05.16-00.03.33:569][  0]LogClass: Warning: FLeapStats::FrameExtrapolationInMS is not initialized properly
[2019.05.16-00.03.33:569][  0]LogClass: Display: 3 Uninitialized script stuct members found
[2019.05.16-00.03.33:570][  0]LogAutomationTest: Warning: ObjectProperty FMappedBoneAnimData::BodyStateSkeleton is not initialized properly
[2019.05.16-00.03.33:570][  0]LogAutomationTest: Warning: FBodyStateDeviceConfig::InputType is not initialized properly
[2019.05.16-00.03.33:570][  0]LogAutomationTest: Warning: FLeapStats::FrameExtrapolationInMS is not initialized properly
[2019.05.16-00.03.33:572][  0]LogEngine: Initializing Engine...
[2019.05.16-00.03.33:594][  0]LogHMD: Failed to initialize OpenVR with code 126
[2019.05.16-00.03.33:596][  0]LogStats: UGameplayTagsManager::ConstructGameplayTagTree: ImportINI prefixes -  0.000 s
[2019.05.16-00.03.33:596][  0]LogStats: UGameplayTagsManager::ConstructGameplayTagTree: Construct from data asset -  0.000 s
[2019.05.16-00.03.33:596][  0]LogStats: UGameplayTagsManager::ConstructGameplayTagTree: ImportINI -  0.000 s
[2019.05.16-00.03.33:596][  0]LogStats: UGameplayTagsManager::ConstructGameplayTagTree: GameplayTagTreeChangedEvent.Broadcast -  0.000 s
[2019.05.16-00.03.33:829][  0]LogInit: Initializing FReadOnlyCVARCache
[2019.05.16-00.03.33:839][  0]LogAIModule: Creating AISystem for world Untitled
[2019.05.16-00.03.33:849][  0]LogInit: XAudio2 using 'Altavoces (Realtek High Definition Audio(SST))' : 2 channels at 48 kHz using 32 bits per sample (channel mask 0x3)
[2019.05.16-00.03.33:868][  0]LogInit: FAudioDevice initialized.
[2019.05.16-00.03.33:868][  0]LogNetVersion: Set ProjectVersion to 1.0.0.0. Version Checksum will be recalculated on next use.
[2019.05.16-00.03.34:003][  0]LogDerivedDataCache: Saved boot cache 0.13s 71MB C:/Users/Usuario/AppData/Local/UnrealEngine/4.21/DerivedDataCache/Boot.ddc.
[2019.05.16-00.03.34:008][  0]LogInit: Texture streaming: Enabled
[2019.05.16-00.03.34:021][  0]LogEngineSessionManager: EngineSessionManager initialized
[2019.05.16-00.03.34:021][  0]LogEngineSessionManager: EngineSessionManager sent abnormal shutdown report. Type=AbnormalShutdown, SessionId={4F04DD4C-4F2B-728C-741A-D2BB00071523}
[2019.05.16-00.03.34:021][  0]LogEngineSessionManager: EngineSessionManager sent abnormal shutdown report. Type=Crashed, SessionId={6E3101EC-447A-C05E-170E-4FB7B76C91DE}
[2019.05.16-00.03.34:031][  0]LogInit: Transaction tracking system initialized
[2019.05.16-00.03.34:046][  0]BlueprintLog: New page: Editor Load
[2019.05.16-00.03.34:094][  0]LocalizationService: Localization service is disabled
[2019.05.16-00.03.34:523][  0]LogFileCache: Scanning file cache for directory 'D:/VR/CFE_LeapMotion/Content/' took 0.01s
[2019.05.16-00.03.34:523][  0]LogCook: Display: Max memory allowance for cook 16384mb min free memory 0mb
[2019.05.16-00.03.34:523][  0]LogCook: Display: Mobile HDR setting 1
[2019.05.16-00.03.34:524][  0]LogGameplayTags: Display: UGameplayTagsManager::DoneAddingNativeTags. DelegateIsBound: 0
[2019.05.16-00.03.34:524][  0]LogStats: UGameplayTagsManager::ConstructGameplayTagTree: ImportINI prefixes -  0.000 s
[2019.05.16-00.03.34:524][  0]LogStats: UGameplayTagsManager::ConstructGameplayTagTree: Construct from data asset -  0.000 s
[2019.05.16-00.03.34:524][  0]LogStats: UGameplayTagsManager::ConstructGameplayTagTree: ImportINI -  0.000 s
[2019.05.16-00.03.34:524][  0]LogStats: UGameplayTagsManager::ConstructGameplayTagTree: GameplayTagTreeChangedEvent.Broadcast -  0.000 s
[2019.05.16-00.03.34:631][  0]SourceControl: Source control is disabled
[2019.05.16-00.03.34:631][  0]Cmd: MAP LOAD FILE="../../../../VR/CFE_LeapMotion/Content/StarterContent/Maps/Minimal_Default.umap" TEMPLATE=0 SHOWPROGRESS=1 FEATURELEVEL=3
[2019.05.16-00.03.34:632][  0]LightingResults: New page: Lighting Build
[2019.05.16-00.03.34:633][  0]MapCheck: New page: Map Check
[2019.05.16-00.03.34:633][  0]LightingResults: New page: Lighting Build
[2019.05.16-00.03.35:078][  0]LogAIModule: Creating AISystem for world Minimal_Default
[2019.05.16-00.03.35:088][  0]LogEditorServer: Finished looking for orphan Actors (0.000 secs)
[2019.05.16-00.03.35:114][  0]Cmd: MAP CHECKDEP NOCLEARLOG
[2019.05.16-00.03.35:114][  0]MapCheck: Map check complete: 0 Error(s), 0 Warning(s), took 0.093ms to complete.
[2019.05.16-00.03.35:114][  0]LogFileHelpers: Loading map 'Minimal_Default' took 0.483
[2019.05.16-00.03.35:223][  0]LogSlate: Updating window title bar state: overlay mode, drag disabled, window buttons hidden, title bar hidden
[2019.05.16-00.03.35:231][  0]LogSlate: Updating window title bar state: overlay mode, drag disabled, window buttons hidden, title bar hidden
[2019.05.16-00.03.35:238][  0]LogSlate: Updating window title bar state: overlay mode, drag disabled, window buttons hidden, title bar hidden
[2019.05.16-00.03.35:245][  0]LogSlate: Updating window title bar state: overlay mode, drag disabled, window buttons hidden, title bar hidden
[2019.05.16-00.03.35:250][  0]LogCollectionManager: Loaded 0 collections in 0.000920 seconds
[2019.05.16-00.03.35:265][  0]LogFileCache: Scanning file cache for directory 'D:/VR/CFE_LeapMotion/Saved/Collections/' took 0.01s
[2019.05.16-00.03.35:265][  0]LogFileCache: Scanning file cache for directory 'D:/VR/CFE_LeapMotion/Content/Developers/Usuario/Collections/' took 0.00s
[2019.05.16-00.03.35:265][  0]LogFileCache: Scanning file cache for directory 'D:/VR/CFE_LeapMotion/Content/Collections/' took 0.00s
[2019.05.16-00.03.35:265][  0]LogCollectionManager: Rebuilt the GUID cache for 0 collections in 0.000000 seconds
[2019.05.16-00.03.35:274][  0]LogContentBrowser: Native class hierarchy populated in 0.0087 seconds. Added 2665 classes and 628 folders.
[2019.05.16-00.03.35:278][  0]LogContentBrowser: Native class hierarchy updated for 'WidgetCarousel' in 0.0002 seconds. Added 0 classes and 0 folders.
[2019.05.16-00.03.35:280][  0]LogPakFile: Registered encryption key '00000000000000000000000000000000': 0 pak files mounted, 0 remain pending
[2019.05.16-00.03.35:280][  0]LogPakFile: Registered encryption key '00000000000000000000000000000000': 0 pak files mounted, 0 remain pending
[2019.05.16-00.03.35:281][  0]LogPakFile: Registered encryption key '00000000000000000000000000000000': 0 pak files mounted, 0 remain pending
[2019.05.16-00.03.35:281][  0]LogPakFile: Registered encryption key '00000000000000000000000000000000': 0 pak files mounted, 0 remain pending
[2019.05.16-00.03.35:281][  0]LogPakFile: Registered encryption key '00000000000000000000000000000000': 0 pak files mounted, 0 remain pending
[2019.05.16-00.03.35:282][  0]LogPakFile: Registered encryption key '00000000000000000000000000000000': 0 pak files mounted, 0 remain pending
[2019.05.16-00.03.35:282][  0]LogPakFile: Registered encryption key '00000000000000000000000000000000': 0 pak files mounted, 0 remain pending
[2019.05.16-00.03.35:283][  0]LogPakFile: Registered encryption key '00000000000000000000000000000000': 0 pak files mounted, 0 remain pending
[2019.05.16-00.03.35:283][  0]LogPakFile: Registered encryption key '00000000000000000000000000000000': 0 pak files mounted, 0 remain pending
[2019.05.16-00.03.35:283][  0]LogPakFile: Registered encryption key '00000000000000000000000000000000': 0 pak files mounted, 0 remain pending
[2019.05.16-00.03.35:284][  0]LogPakFile: Registered encryption key '00000000000000000000000000000000': 0 pak files mounted, 0 remain pending
[2019.05.16-00.03.35:284][  0]LogPakFile: Registered encryption key '00000000000000000000000000000000': 0 pak files mounted, 0 remain pending
[2019.05.16-00.03.35:284][  0]LogPakFile: Registered encryption key '00000000000000000000000000000000': 0 pak files mounted, 0 remain pending
[2019.05.16-00.03.35:285][  0]LogPakFile: Registered encryption key '00000000000000000000000000000000': 0 pak files mounted, 0 remain pending
[2019.05.16-00.03.35:285][  0]LogPakFile: Registered encryption key '00000000000000000000000000000000': 0 pak files mounted, 0 remain pending
[2019.05.16-00.03.35:286][  0]LogPakFile: Registered encryption key '00000000000000000000000000000000': 0 pak files mounted, 0 remain pending
[2019.05.16-00.03.35:286][  0]LogPakFile: Registered encryption key '00000000000000000000000000000000': 0 pak files mounted, 0 remain pending
[2019.05.16-00.03.35:286][  0]LogPakFile: Registered encryption key '00000000000000000000000000000000': 0 pak files mounted, 0 remain pending
[2019.05.16-00.03.35:287][  0]LogPakFile: Registered encryption key '00000000000000000000000000000000': 0 pak files mounted, 0 remain pending
[2019.05.16-00.03.35:287][  0]LogPakFile: Registered encryption key '00000000000000000000000000000000': 0 pak files mounted, 0 remain pending
[2019.05.16-00.03.35:288][  0]LogPakFile: Registered encryption key '00000000000000000000000000000000': 0 pak files mounted, 0 remain pending
[2019.05.16-00.03.35:288][  0]LogPakFile: Registered encryption key '00000000000000000000000000000000': 0 pak files mounted, 0 remain pending
[2019.05.16-00.03.35:288][  0]LogPakFile: Registered encryption key '00000000000000000000000000000000': 0 pak files mounted, 0 remain pending
[2019.05.16-00.03.35:289][  0]LogPakFile: Registered encryption key '00000000000000000000000000000000': 0 pak files mounted, 0 remain pending
[2019.05.16-00.03.35:289][  0]LogPakFile: Registered encryption key '00000000000000000000000000000000': 0 pak files mounted, 0 remain pending
[2019.05.16-00.03.35:289][  0]LogPakFile: Registered encryption key '00000000000000000000000000000000': 0 pak files mounted, 0 remain pending
[2019.05.16-00.03.35:316][  0]LogContentBrowser: Native class hierarchy updated for 'AddContentDialog' in 0.0002 seconds. Added 0 classes and 0 folders.
[2019.05.16-00.03.35:320][  0]LogContentBrowser: Native class hierarchy updated for 'SceneOutliner' in 0.0003 seconds. Added 1 classes and 2 folders.
[2019.05.16-00.03.35:391][  0]LogSlate: Took 0.000154 seconds to synchronously load lazily loaded font '../../../Engine/Content/Slate/Fonts/Roboto-Regular.ttf' (155K)
[2019.05.16-00.03.35:395][  0]LogSlate: Took 0.000208 seconds to synchronously load lazily loaded font '../../../Engine/Content/Slate/Fonts/Roboto-Bold.ttf' (160K)
[2019.05.16-00.03.35:401][  0]LogSlate: Took 0.000139 seconds to synchronously load lazily loaded font '../../../Engine/Content/Editor/Slate/Fonts/FontAwesome.ttf' (139K)
[2019.05.16-00.03.35:482][  0]LogRenderer: Reallocating scene render targets to support 928x432 Format 10 NumSamples 1 (Frame:1).
[2019.05.16-00.03.35:547][  0]LogSlate: Took 0.000107 seconds to synchronously load lazily loaded font '../../../Engine/Content/Slate/Fonts/Roboto-Light.ttf' (167K)
[2019.05.16-00.03.35:641][  0]LogContentBrowser: Native class hierarchy updated for 'HierarchicalLODOutliner' in 0.0003 seconds. Added 0 classes and 0 folders.
[2019.05.16-00.03.35:641][  0]LogLoad: (Engine Initialization) Total time: 9.43 seconds
[2019.05.16-00.03.35:641][  0]LogLoad: (Engine Initialization) Total Blueprint compile time: 0.00 seconds
[2019.05.16-00.03.35:662][  0]LogWindowsTextInputMethodSystem: Display: IME system now deactivated.
[2019.05.16-00.03.35:674][  0]LeapMotionLog: ServiceMessageLoop started.
[2019.05.16-00.03.35:674][  0]BodyStateLog: BodyState::DeviceAttached: Leap Motion (1)
[2019.05.16-00.03.35:675][  0]BodyStateLog: BodyState::DeviceAttached: HMD (2)
[2019.05.16-00.03.35:735][  0]LogContentStreaming: Texture pool size now 1000 MB
[2019.05.16-00.03.35:805][  1]LeapMotionLog: LeapService: OnConnect.
[2019.05.16-00.03.35:805][  1]LogRenderer: Reallocating scene render targets to support 928x448 Format 10 NumSamples 1 (Frame:2).
[2019.05.16-00.03.35:805][  1]LeapMotionLog: OnDeviceFound Peripheral S323A047707.
[2019.05.16-00.03.35:992][  2]LogAssetRegistry: Asset discovery search completed in 5.3071 seconds
[2019.05.16-00.03.35:994][  2]LogCollectionManager: Rebuilt the object cache for 0 collections in 0.000001 seconds (found 0 objects)
[2019.05.16-00.03.35:995][  2]LogCollectionManager: Fixed up redirectors for 0 collections in 0.000084 seconds (updated 0 objects)
[2019.05.16-00.03.36:687][ 43]LogSlate: Took 0.000224 seconds to synchronously load lazily loaded font '../../../Engine/Content/Slate/Fonts/Roboto-Light.ttf' (167K)
[2019.05.16-00.03.38:471][150]LogSlate: FSceneViewport::OnFocusLost() reason 0
[2019.05.16-00.03.38:577][155]LogAssetEditorManager: Opening Asset editor for Blueprint /Game/BP_Items/BP_Item_Attach.BP_Item_Attach
[2019.05.16-00.03.39:017][155]LogContentBrowser: Native class hierarchy updated for 'BlueprintGraph' in 0.0005 seconds. Added 117 classes and 0 folders.
[2019.05.16-00.03.39:762][155]LogAssetEditorManager: Opening Asset editor for Blueprint /Game/BP_Character/BP_Pawn.BP_Pawn
[2019.05.16-00.03.40:066][155]LogTemp: Bone cache synced: 20
[2019.05.16-00.03.40:067][155]LogTemp: Bone cache synced: 0
[2019.05.16-00.03.40:067][155]LogTemp: Bone cache synced: 20
[2019.05.16-00.03.40:073][155]LogSlate: Took 0.000146 seconds to synchronously load lazily loaded font '../../../Engine/Content/Slate/Fonts/Roboto-BoldCondensed.ttf' (158K)
[2019.05.16-00.03.40:157][156]LogSlate: Took 0.000139 seconds to synchronously load lazily loaded font '../../../Engine/Content/Slate/Fonts/Roboto-Italic.ttf' (157K)
[2019.05.16-00.04.09:117][872]BlueprintLog: New page: Compile BP_Pawn
[2019.05.16-00.04.09:141][872]LogTemp: Bone cache synced: 20
[2019.05.16-00.04.09:141][872]LogTemp: Bone cache synced: 0
[2019.05.16-00.04.09:141][872]LogTemp: Bone cache synced: 20
[2019.05.16-00.04.09:143][872]LogTemp: Bone cache synced: 20
[2019.05.16-00.04.09:143][872]LogTemp: Bone cache synced: 20
[2019.05.16-00.04.09:144][872]LogTemp: Bone cache synced: 20
[2019.05.16-00.04.09:144][872]LogTemp: Bone cache synced: 20
[2019.05.16-00.04.09:144][872]LogTemp: Bone cache synced: 20
[2019.05.16-00.04.09:144][872]LogTemp: Bone cache synced: 20
[2019.05.16-00.04.09:144][872]LogTemp: Bone cache synced: 20
[2019.05.16-00.04.09:145][872]LogTemp: Bone cache synced: 20
[2019.05.16-00.04.09:145][872]LogTemp: Bone cache synced: 20
[2019.05.16-00.04.09:145][872]LogTemp: Bone cache synced: 20
[2019.05.16-00.04.09:145][872]LogTemp: Bone cache synced: 20
[2019.05.16-00.04.09:145][872]LogTemp: Bone cache synced: 20
[2019.05.16-00.04.09:146][872]LogTemp: Bone cache synced: 20
[2019.05.16-00.04.09:146][872]LogTemp: Bone cache synced: 20
[2019.05.16-00.04.09:146][872]LogTemp: Bone cache synced: 20
[2019.05.16-00.04.09:146][872]LogTemp: Bone cache synced: 20
[2019.05.16-00.04.09:304][872]LogTemp: Bone cache synced: 20
[2019.05.16-00.04.09:305][872]LogTemp: Bone cache synced: 0
[2019.05.16-00.04.09:305][872]LogTemp: Bone cache synced: 20
[2019.05.16-00.04.09:314][872]LogTemp: Bone cache synced: 20
[2019.05.16-00.04.09:314][872]LogTemp: Bone cache synced: 0
[2019.05.16-00.04.09:314][872]LogTemp: Bone cache synced: 20
[2019.05.16-00.04.10:262][926]Cmd: OBJ SAVEPACKAGE PACKAGE="/Game/BP_Character/BP_Pawn" FILE="../../../../VR/CFE_LeapMotion/Content/BP_Character/BP_Pawn.uasset" SILENT=true
[2019.05.16-00.04.10:297][926]LogSavePackage: Moving '../../../../VR/CFE_LeapMotion/Saved/BP_PawnE62C7077454E1FDECD5E22801350C840.tmp' to '../../../../VR/CFE_LeapMotion/Content/BP_Character/BP_Pawn.uasset'
[2019.05.16-00.04.11:213][980]LogTemp: Repeating last play command: Selected Viewport
[2019.05.16-00.04.11:231][980]LogBlueprintUserMessages: Early PlayInEditor Detection: Level '/Game/StarterContent/Maps/Minimal_Default.Minimal_Default:PersistentLevel' has LevelScriptBlueprint '/Game/StarterContent/Maps/Minimal_Default.Minimal_Default:PersistentLevel.Minimal_Default' with GeneratedClass '/Game/StarterContent/Maps/Minimal_Default.Minimal_Default_C' with ClassGeneratedBy '/Game/StarterContent/Maps/Minimal_Default.Minimal_Default:PersistentLevel.Minimal_Default'
[2019.05.16-00.04.11:231][980]LogPlayLevel: PlayLevel: No blueprints needed recompiling
[2019.05.16-00.04.11:231][980]PIE: New page: PIE session: Minimal_Default (15/05/2019 14:04:11)
[2019.05.16-00.04.11:244][980]LogPlayLevel: Creating play world package: /Game/StarterContent/Maps/UEDPIE_0_Minimal_Default
[2019.05.16-00.04.11:248][980]LogPlayLevel: PIE: StaticDuplicateObject took: (0.003840s)
[2019.05.16-00.04.11:249][980]LogAIModule: Creating AISystem for world Minimal_Default
[2019.05.16-00.04.11:249][980]LogPlayLevel: PIE: World Init took: (0.001401s)
[2019.05.16-00.04.11:250][980]LogPlayLevel: PIE: Created PIE world by copying editor world from /Game/StarterContent/Maps/Minimal_Default.Minimal_Default to /Game/StarterContent/Maps/UEDPIE_0_Minimal_Default.Minimal_Default (0.005698s)
[2019.05.16-00.04.11:283][980]LogInit: XAudio2 using 'Altavoces (Realtek High Definition Audio(SST))' : 2 channels at 48 kHz using 32 bits per sample (channel mask 0x3)
[2019.05.16-00.04.11:299][980]LogInit: FAudioDevice initialized.
[2019.05.16-00.04.11:306][980]LogSlate: Updating window title bar state: overlay mode, drag disabled, window buttons hidden, title bar hidden
[2019.05.16-00.04.11:390][980]LogLoad: Game class is 'CFE_GameMode_C'
[2019.05.16-00.04.11:392][980]LogWorld: Bringing World /Game/StarterContent/Maps/UEDPIE_0_Minimal_Default.Minimal_Default up for play (max tick rate 60) at 2019.05.15-19.04.11
[2019.05.16-00.04.11:392][980]LogWorld: Bringing up level for play took: 0.001312
[2019.05.16-00.04.11:413][980]LogContentBrowser: Native class hierarchy updated for 'MovieSceneCapture' in 0.0003 seconds. Added 20 classes and 0 folders.
[2019.05.16-00.04.11:413][980]LogGameMode: Display: Match State Changed from EnteringMap to WaitingToStart
[2019.05.16-00.04.11:413][980]LogGameState: Match State Changed from EnteringMap to WaitingToStart
[2019.05.16-00.04.11:413][980]LogGameMode: Display: Match State Changed from WaitingToStart to InProgress
[2019.05.16-00.04.11:414][980]LogTemp: Bone cache synced: 20
[2019.05.16-00.04.11:415][980]LogTemp: Bone cache synced: 0
[2019.05.16-00.04.11:415][980]LogTemp: Bone cache synced: 20
[2019.05.16-00.04.11:415][980]LeapMotionLog: AddEventDelegate (1).
[2019.05.16-00.04.11:417][980]LogGameState: Match State Changed from WaitingToStart to InProgress
[2019.05.16-00.04.11:418][980]PIE: Play in editor start time for /Game/StarterContent/Maps/UEDPIE_0_Minimal_Default 0.948
[2019.05.16-00.04.11:419][980]LogBlueprintUserMessages: Late PlayInEditor Detection: Level '/Game/StarterContent/Maps/Minimal_Default.Minimal_Default:PersistentLevel' has LevelScriptBlueprint '/Game/StarterContent/Maps/Minimal_Default.Minimal_Default:PersistentLevel.Minimal_Default' with GeneratedClass '/Game/StarterContent/Maps/Minimal_Default.Minimal_Default_C' with ClassGeneratedBy '/Game/StarterContent/Maps/Minimal_Default.Minimal_Default:PersistentLevel.Minimal_Default'
[2019.05.16-00.04.11:443][980]LogRenderer: Reallocating scene render targets to support 1024x576 Format 10 NumSamples 1 (Frame:1).
[2019.05.16-00.04.12:609][ 48]LogScript: Warning: Script Msg: Attempted to access index 0 from array 'CallFunc_GetOverlappingActors_OverlappingActors' of length 0 in '/LeapMotion/DirectRigging/LowPoly/LeapDesktopLowPoly.LeapDesktopLowPoly_C:ExecuteUbergraph_LeapDesktopLowPoly'!
[2019.05.16-00.04.12:659][ 51]LogScript: Warning: Script Msg: Attempted to access index 0 from array 'CallFunc_GetOverlappingActors_OverlappingActors' of length 0 in '/LeapMotion/DirectRigging/LowPoly/LeapDesktopLowPoly.LeapDesktopLowPoly_C:ExecuteUbergraph_LeapDesktopLowPoly'!
[2019.05.16-00.04.12:743][ 56]LogScript: Warning: Script Msg: Attempted to access index 0 from array 'CallFunc_GetOverlappingActors_OverlappingActors' of length 0 in '/LeapMotion/DirectRigging/LowPoly/LeapDesktopLowPoly.LeapDesktopLowPoly_C:ExecuteUbergraph_LeapDesktopLowPoly'!
[2019.05.16-00.04.14:276][148]LogScript: Warning: Script Msg: Attempted to access index 0 from array 'CallFunc_GetOverlappingActors_OverlappingActors1' of length 0 in '/LeapMotion/DirectRigging/LowPoly/LeapDesktopLowPoly.LeapDesktopLowPoly_C:ExecuteUbergraph_LeapDesktopLowPoly'!
[2019.05.16-00.04.14:309][150]LogScript: Warning: Script Msg: Attempted to access index 0 from array 'CallFunc_GetOverlappingActors_OverlappingActors1' of length 0 in '/LeapMotion/DirectRigging/LowPoly/LeapDesktopLowPoly.LeapDesktopLowPoly_C:ExecuteUbergraph_LeapDesktopLowPoly'!
[2019.05.16-00.04.14:526][163]LogScript: Warning: Script Msg: Attempted to access index 0 from array 'CallFunc_GetOverlappingActors_OverlappingActors1' of length 0 in '/LeapMotion/DirectRigging/LowPoly/LeapDesktopLowPoly.LeapDesktopLowPoly_C:ExecuteUbergraph_LeapDesktopLowPoly'!
[2019.05.16-00.04.18:244][386]LogScript: Warning: Script Msg: Attempted to access index 0 from array 'Percent' of length 0 in '/Game/BP_Character/BP_Pawn.BP_Pawn_C'!
[2019.05.16-00.04.18:244][386]LogScript: Warning: Script Msg: Attempted to set an invalid index on array Percent [0/0]!
[2019.05.16-00.04.18:244][386]LogScript: Warning: Script Msg: Attempted to access index 0 from array 'Percent' of length 0 in '/Game/BP_Character/BP_Pawn.BP_Pawn_C'!
[2019.05.16-00.04.18:244][386]LogBlueprintUserMessages: [BP_Pawn_C_0] 0
[2019.05.16-00.04.21:060][555]LogScript: Warning: Script Msg: Attempted to access index 0 from array 'Percent' of length 0 in '/Game/BP_Character/BP_Pawn.BP_Pawn_C'!
[2019.05.16-00.04.21:060][555]LogScript: Warning: Script Msg: Attempted to set an invalid index on array Percent [0/0]!
[2019.05.16-00.04.21:060][555]LogScript: Warning: Script Msg: Attempted to access index 0 from array 'Percent' of length 0 in '/Game/BP_Character/BP_Pawn.BP_Pawn_C'!
[2019.05.16-00.04.21:060][555]LogBlueprintUserMessages: [BP_Pawn_C_0] 0
[2019.05.16-00.04.22:111][618]LogScript: Warning: Script Msg: Attempted to access index 0 from array 'CallFunc_GetOverlappingActors_OverlappingActors1' of length 0 in '/LeapMotion/DirectRigging/LowPoly/LeapDesktopLowPoly.LeapDesktopLowPoly_C:ExecuteUbergraph_LeapDesktopLowPoly'!
[2019.05.16-00.04.22:177][622]LogScript: Warning: Script Msg: Attempted to access index 0 from array 'CallFunc_GetOverlappingActors_OverlappingActors1' of length 0 in '/LeapMotion/DirectRigging/LowPoly/LeapDesktopLowPoly.LeapDesktopLowPoly_C:ExecuteUbergraph_LeapDesktopLowPoly'!
[2019.05.16-00.04.22:677][652]LogBlueprintUserMessages: Early EndPlayMap Detection: Level '/Game/StarterContent/Maps/Minimal_Default.Minimal_Default:PersistentLevel' has LevelScriptBlueprint '/Game/StarterContent/Maps/Minimal_Default.Minimal_Default:PersistentLevel.Minimal_Default' with GeneratedClass '/Game/StarterContent/Maps/Minimal_Default.Minimal_Default_C' with ClassGeneratedBy '/Game/StarterContent/Maps/Minimal_Default.Minimal_Default:PersistentLevel.Minimal_Default'
[2019.05.16-00.04.22:678][652]LogSlate: Updating window title bar state: overlay mode, drag disabled, window buttons hidden, title bar hidden
[2019.05.16-00.04.22:696][652]LogSlate: Window 'CFE_LeapMotion Game Preview Standalone (64-bit/PCD3D_SM5)' being destroyed
[2019.05.16-00.04.22:740][652]LogPlayLevel: Display: Shutting down PIE online subsystems
[2019.05.16-00.04.22:740][652]LogBlueprintUserMessages: Late EndPlayMap Detection: Level '/Game/StarterContent/Maps/Minimal_Default.Minimal_Default:PersistentLevel' has LevelScriptBlueprint '/Game/StarterContent/Maps/Minimal_Default.Minimal_Default:PersistentLevel.Minimal_Default' with GeneratedClass '/Game/StarterContent/Maps/Minimal_Default.Minimal_Default_C' with ClassGeneratedBy '/Game/StarterContent/Maps/Minimal_Default.Minimal_Default:PersistentLevel.Minimal_Default'
[2019.05.16-00.04.22:799][653]LogPlayLevel: Display: Destroying online subsystem :Context_5
[2019.05.16-00.04.23:574][699]LogOutputDevice: Warning: 

Script Stack (0 frames):

[2019.05.16-00.04.23:574][699]LogWindows: Windows GetLastError: La operación se completó correctamente. (0)
[2019.05.16-00.04.24:507][699]LogThreadingWindows: Error: Runnable thread TaskGraphThreadHP 7 crashed.
[2019.05.16-00.04.24:507][699]LogWindows: Error: === Critical error: ===
[2019.05.16-00.04.24:507][699]LogWindows: Error: 
[2019.05.16-00.04.24:507][699]LogWindows: Error: Assertion failed: !Pose[ParentIndex].ContainsNaN() [File:c:\program files\epic games\ue_4.21\engine\source\runtime\engine\public\BonePose.h] [Line: 584] 
[2019.05.16-00.04.24:507][699]LogWindows: Error: 
[2019.05.16-00.04.24:507][699]LogWindows: Error: 
[2019.05.16-00.04.24:507][699]LogWindows: Error: 
[2019.05.16-00.04.24:507][699]LogWindows: Error: [Callstack] 0x00007fff3150a388 KERNELBASE.dll!UnknownFunction []
[2019.05.16-00.04.24:507][699]LogWindows: Error: [Callstack] 0x00007ffee5a7cd1a UE4Editor-Core.dll!UnknownFunction []
[2019.05.16-00.04.24:507][699]LogWindows: Error: [Callstack] 0x00007ffee585a967 UE4Editor-Core.dll!UnknownFunction []
[2019.05.16-00.04.24:507][699]LogWindows: Error: [Callstack] 0x00007ffee5790df7 UE4Editor-Core.dll!UnknownFunction []
[2019.05.16-00.04.24:507][699]LogWindows: Error: [Callstack] 0x00007ffec7f669f9 UE4Editor-BodyState.dll!UnknownFunction []
[2019.05.16-00.04.24:507][699]LogWindows: Error: [Callstack] 0x00007ffec7f666dd UE4Editor-BodyState.dll!UnknownFunction []
[2019.05.16-00.04.24:507][699]LogWindows: Error: [Callstack] 0x00007ffec7f6bd79 UE4Editor-BodyState.dll!UnknownFunction []
[2019.05.16-00.04.24:507][699]LogWindows: Error: [Callstack] 0x00007ffec7f6b0f2 UE4Editor-BodyState.dll!UnknownFunction []
[2019.05.16-00.04.24:507][699]LogWindows: Error: [Callstack] 0x00007ffed49b42f8 UE4Editor-AnimGraphRuntime.dll!UnknownFunction []
[2019.05.16-00.04.24:507][699]LogWindows: Error: [Callstack] 0x00007ffee248edac UE4Editor-Engine.dll!UnknownFunction []
[2019.05.16-00.04.24:507][699]LogWindows: Error: [Callstack] 0x00007ffee249079e UE4Editor-Engine.dll!UnknownFunction []
[2019.05.16-00.04.24:507][699]LogWindows: Error: [Callstack] 0x00007ffee248e5ef UE4Editor-Engine.dll!UnknownFunction []
[2019.05.16-00.04.24:507][699]LogWindows: Error: [Callstack] 0x00007ffee240589a UE4Editor-Engine.dll!UnknownFunction []
[2019.05.16-00.04.24:507][699]LogWindows: Error: [Callstack] 0x00007ffee240558e UE4Editor-Engine.dll!UnknownFunction []
[2019.05.16-00.04.24:507][699]LogWindows: Error: [Callstack] 0x00007ffee24389b3 UE4Editor-Engine.dll!UnknownFunction []
[2019.05.16-00.04.24:507][699]LogWindows: Error: [Callstack] 0x00007ffee27e97f0 UE4Editor-Engine.dll!UnknownFunction []
[2019.05.16-00.04.24:507][699]LogWindows: Error: [Callstack] 0x00007ffee2803e77 UE4Editor-Engine.dll!UnknownFunction []
[2019.05.16-00.04.24:507][699]LogWindows: Error: [Callstack] 0x00007ffee27e8547 UE4Editor-Engine.dll!UnknownFunction []
[2019.05.16-00.04.24:507][699]LogWindows: Error: [Callstack] 0x00007ffee27eaab0 UE4Editor-Engine.dll!UnknownFunction []
[2019.05.16-00.04.24:507][699]LogWindows: Error: [Callstack] 0x00007ffee5620aec UE4Editor-Core.dll!UnknownFunction []
[2019.05.16-00.04.24:507][699]LogWindows: Error: [Callstack] 0x00007ffee5621d70 UE4Editor-Core.dll!UnknownFunction []
[2019.05.16-00.04.24:507][699]LogWindows: Error: [Callstack] 0x00007ffee562baae UE4Editor-Core.dll!UnknownFunction []
[2019.05.16-00.04.24:507][699]LogWindows: Error: [Callstack] 0x00007ffee5a7c500 UE4Editor-Core.dll!UnknownFunction []
[2019.05.16-00.04.24:507][699]LogWindows: Error: [Callstack] 0x00007ffee5a6cac1 UE4Editor-Core.dll!UnknownFunction []
[2019.05.16-00.04.24:507][699]LogWindows: Error: [Callstack] 0x00007fff32c24034 KERNEL32.DLL!UnknownFunction []
[2019.05.16-00.04.24:507][699]LogWindows: Error: [Callstack] 0x00007fff346c3691 ntdll.dll!UnknownFunction []
[2019.05.16-00.04.24:507][699]LogWindows: Error: 
[2019.05.16-00.04.24:507][699]LogWindows: Error: Crash in runnable thread TaskGraphThreadHP 7
[2019.05.16-00.04.24:513][699]LogExit: Executing StaticShutdownAfterError
[2019.05.16-00.04.24:513][699]LogWindows: FPlatformMisc::RequestExit(1)
[2019.05.16-00.04.24:521][699]Log file closed, 05/15/19 19:04:24
