Log file open, 05/25/19 14:20:33
LogWindows: Failed to load 'aqProf.dll' (GetLastError=126)
LogWindows: File 'aqProf.dll' does not exist
LogWindows: Failed to load 'VtuneApi.dll' (GetLastError=126)
LogWindows: File 'VtuneApi.dll' does not exist
LogWindows: Failed to load 'VtuneApi32e.dll' (GetLastError=126)
LogWindows: File 'VtuneApi32e.dll' does not exist
LogConsoleResponse: Display: Failed to find resolution value strings in scalability ini. Falling back to default.
LogInit: Display: Running engine for game: CFE_LeapMotion
LogPakFile: Registered encryption key '00000000000000000000000000000000': 0 pak files mounted, 0 remain pending
LogPlatformFile: Not using cached read wrapper
LogTaskGraph: Started task graph with 5 named threads and 14 total threads with 3 sets of task threads.
LogStats: Stats thread started at 0.566290
LogD3D11RHI: Loaded GFSDK_Aftermath_Lib.x64.dll
LogICUInternationalization: ICU TimeZone Detection - Raw Offset: -6:00, Platform Override: ''
LogPluginManager: Mounting plugin Paper2D
LogPluginManager: Mounting plugin AISupport
LogPluginManager: Mounting plugin LightPropagationVolume
LogPluginManager: Mounting plugin ActorLayerUtilities
LogPluginManager: Mounting plugin CLionSourceCodeAccess
LogPluginManager: Mounting plugin CodeLiteSourceCodeAccess
LogPluginManager: Mounting plugin GitSourceControl
LogPluginManager: Mounting plugin KDevelopSourceCodeAccess
LogPluginManager: Mounting plugin NullSourceCodeAccess
LogPluginManager: Mounting plugin PerforceSourceControl
LogPluginManager: Mounting plugin SubversionSourceControl
LogPluginManager: Mounting plugin UObjectPlugin
LogPluginManager: Mounting plugin VisualStudioCodeSourceCodeAccess
LogPluginManager: Mounting plugin VisualStudioSourceCodeAccess
LogPluginManager: Mounting plugin XCodeSourceCodeAccess
LogPluginManager: Mounting plugin AssetManagerEditor
LogPluginManager: Mounting plugin CryptoKeys
LogPluginManager: Mounting plugin DataValidation
LogPluginManager: Mounting plugin FacialAnimation
LogPluginManager: Mounting plugin GameplayTagsEditor
LogPluginManager: Mounting plugin MacGraphicsSwitching
LogPluginManager: Mounting plugin MeshEditor
LogPluginManager: Mounting plugin MobileLauncherProfileWizard
LogPluginManager: Mounting plugin PluginBrowser
LogPluginManager: Mounting plugin SpeedTreeImporter
LogPluginManager: Mounting plugin DatasmithContent
LogPluginManager: Mounting plugin VariantManagerContent
LogPluginManager: Mounting plugin AlembicImporter
LogPluginManager: Mounting plugin AppleImageUtils
LogPluginManager: Mounting plugin AppleVision
LogPluginManager: Mounting plugin BackChannel
LogPluginManager: Mounting plugin CharacterAI
LogPluginManager: Mounting plugin GeometryCache
LogPluginManager: Mounting plugin HTML5Networking
LogPluginManager: Mounting plugin ProxyLODPlugin
LogPluginManager: Mounting plugin MagicLeap
LogPluginManager: Mounting plugin MagicLeapMedia
LogPluginManager: Mounting plugin AndroidMedia
LogPluginManager: Mounting plugin AvfMedia
LogPluginManager: Mounting plugin ImgMedia
LogPluginManager: Mounting plugin LinearTimecode
LogPluginManager: Mounting plugin MediaCompositing
LogPluginManager: Mounting plugin MediaPlayerEditor
LogPluginManager: Mounting plugin WebMMedia
LogPluginManager: Mounting plugin WmfMedia
LogPluginManager: Mounting plugin TcpMessaging
LogPluginManager: Mounting plugin UdpMessaging
LogPluginManager: Mounting plugin ActorSequence
LogPluginManager: Mounting plugin LevelSequenceEditor
LogPluginManager: Mounting plugin MatineeToLevelSequence
LogPluginManager: Mounting plugin NetcodeUnitTest
LogPluginManager: Mounting plugin NUTUnrealEngine4
LogPluginManager: Mounting plugin OnlineSubsystemGooglePlay
LogPluginManager: Mounting plugin OnlineSubsystemIOS
LogPluginManager: Mounting plugin OnlineSubsystem
LogPluginManager: Mounting plugin OnlineSubsystemNull
LogPluginManager: Mounting plugin OnlineSubsystemUtils
LogPluginManager: Mounting plugin LauncherChunkInstaller
LogPluginManager: Mounting plugin AndroidDeviceProfileSelector
LogPluginManager: Mounting plugin AndroidMoviePlayer
LogPluginManager: Mounting plugin AndroidPermission
LogPluginManager: Mounting plugin AppleMoviePlayer
LogPluginManager: Mounting plugin ArchVisCharacter
LogPluginManager: Mounting plugin AudioCapture
LogPluginManager: Mounting plugin CableComponent
LogPluginManager: Mounting plugin CustomMeshComponent
LogPluginManager: Mounting plugin EditableMesh
LogPluginManager: Mounting plugin ExampleDeviceProfileSelector
LogPluginManager: Mounting plugin Firebase
LogPluginManager: Mounting plugin GoogleCloudMessaging
LogPluginManager: Mounting plugin IOSDeviceProfileSelector
LogPluginManager: Mounting plugin LeapMotion
LogPluginManager: Mounting plugin LinuxDeviceProfileSelector
LogPluginManager: Mounting plugin LocationServicesBPLibrary
LogPluginManager: Mounting plugin MobilePatchingUtils
LogPluginManager: Mounting plugin OculusVR
LogPluginManager: Mounting plugin PhysXVehicles
LogPluginManager: Mounting plugin ProceduralMeshComponent
LogPluginManager: Mounting plugin RuntimePhysXCooking
LogPluginManager: Mounting plugin SteamVR
LogPluginManager: Mounting plugin WebMMoviePlayer
LogPluginManager: Mounting plugin WindowsMoviePlayer
LogStreaming: Display: Took  0.505s to configure plugins.
LogInit: Using libcurl 7.55.1-DEV
LogInit:  - built for x86_64-pc-win32
LogInit:  - supports SSL with OpenSSL/1.0.2h
LogInit:  - supports HTTP deflate (compression) using libz 1.2.8
LogInit:  - other features:
LogInit:      CURL_VERSION_SSL
LogInit:      CURL_VERSION_LIBZ
LogInit:      CURL_VERSION_IPV6
LogInit:      CURL_VERSION_ASYNCHDNS
LogInit:      CURL_VERSION_LARGEFILE
LogInit:      CURL_VERSION_IDN
LogInit:  CurlRequestOptions (configurable via config and command line):
LogInit:  - bVerifyPeer = true  - Libcurl will verify peer certificate
LogInit:  - bUseHttpProxy = false  - Libcurl will NOT use HTTP proxy
LogInit:  - bDontReuseConnections = false  - Libcurl will reuse connections
LogInit:  - MaxHostConnections = 16  - Libcurl will limit the number of connections to a host
LogInit:  - LocalHostAddr = Default
LogInit:  - BufferSize = 65536
LogInit: WinSock: version 1.1 (2.2), MaxSocks=32767, MaxUdp=65467
LogInit: Build: ++UE4+Release-4.21-CL-4753647
LogInit: Engine Version: 4.21.2-4753647+++UE4+Release-4.21
LogInit: Compatible Engine Version: 4.21.0-4541578+++UE4+Release-4.21
LogInit: Net CL: 4541578
LogInit: OS: Windows 10 (), CPU: AMD A10-8700P Radeon R6, 10 Compute Cores 4C+6G, GPU: AMD Radeon(TM) R6 Graphics
LogInit: Compiled (64-bit): Jan 19 2019 02:07:31
LogInit: Compiled with Visual C++: 19.13.26129.00
LogInit: Build Configuration: Development
LogInit: Branch Name: ++UE4+Release-4.21
LogInit: Command Line: 
LogInit: Base Directory: C:/Program Files/Epic Games/UE_4.21/Engine/Binaries/Win64/
LogInit: Installed Engine Build: 1
LogDevObjectVersion: Number of dev versions registered: 22
LogDevObjectVersion:   Dev-Blueprints (B0D832E4-1F89-4F0D-ACCF-7EB736FD4AA2): 10
LogDevObjectVersion:   Dev-Build (E1C64328-A22C-4D53-A36C-8E866417BD8C): 0
LogDevObjectVersion:   Dev-Core (375EC13C-06E4-48FB-B500-84F0262A717E): 2
LogDevObjectVersion:   Dev-Editor (E4B068ED-F494-42E9-A231-DA0B2E46BB41): 26
LogDevObjectVersion:   Dev-Framework (CFFC743F-43B0-4480-9391-14DF171D2073): 34
LogDevObjectVersion:   Dev-Mobile (B02B49B5-BB20-44E9-A304-32B752E40360): 2
LogDevObjectVersion:   Dev-Networking (A4E4105C-59A1-49B5-A7C5-40C4547EDFEE): 0
LogDevObjectVersion:   Dev-Online (39C831C9-5AE6-47DC-9A44-9C173E1C8E7C): 0
LogDevObjectVersion:   Dev-Physics (78F01B33-EBEA-4F98-B9B4-84EACCB95AA2): 0
LogDevObjectVersion:   Dev-Platform (6631380F-2D4D-43E0-8009-CF276956A95A): 0
LogDevObjectVersion:   Dev-Rendering (12F88B9F-8875-4AFC-A67C-D90C383ABD29): 27
LogDevObjectVersion:   Dev-Sequencer (7B5AE74C-D270-4C10-A958-57980B212A5A): 9
LogDevObjectVersion:   Dev-VR (D7296918-1DD6-4BDD-9DE2-64A83CC13884): 2
LogDevObjectVersion:   Dev-LoadTimes (C2A15278-BFE7-4AFE-6C17-90FF531DF755): 1
LogDevObjectVersion:   Private-Geometry (6EACA3D4-40EC-4CC1-B786-8BED09428FC5): 3
LogDevObjectVersion:   Dev-AnimPhys (29E575DD-E0A3-4627-9D10-D276232CDCEA): 17
LogDevObjectVersion:   Dev-Anim (AF43A65D-7FD3-4947-9873-3E8ED9C1BB05): 2
LogDevObjectVersion:   Dev-ReflectionCapture (6B266CEC-1EC7-4B8F-A30B-E4D90942FC07): 1
LogDevObjectVersion:   Dev-Automation (0DF73D61-A23F-47EA-B727-89E90C41499A): 1
LogDevObjectVersion:   FortniteMain (601D1886-AC64-4F84-AA16-D3DE0DEAC7D6): 17
LogDevObjectVersion:   Dev-Enterprise (9DFFBCD6-494F-0158-E221-12823C92A888): 4
LogDevObjectVersion:   Dev-Niagara (F2AED0AC-9AFE-416F-8664-AA7FFA26D6FC): 1
LogStreaming: Display: Took  0.034s to delete old logs.
LogInit: Presizing for max 8388607 objects, including 0 objects not considered by GC, pre-allocating 0 bytes for permanent pool.
LogInit: Object subsystem initialized
LogConfig: Setting CVar [[con.DebugEarlyDefault:1]]
LogConfig: Setting CVar [[r.setres:1280x720]]
[2019.05.25-19.20.35:747][  0]LogConfig: Setting CVar [[r.VSync:0]]
[2019.05.25-19.20.35:747][  0]LogConfig: Setting CVar [[r.RHICmdBypass:0]]
[2019.05.25-19.20.35:747][  0]LogConfig: Applying CVar settings from Section [/Script/Engine.RendererSettings] File [C:/Users/Samuel/Documents/GitHub/CFE_RV/CFE_LeapMotion2/Saved/Config/Windows/Engine.ini]
[2019.05.25-19.20.35:747][  0]LogConfig: Setting CVar [[r.GPUCrashDebugging:0]]
[2019.05.25-19.20.35:747][  0]LogConfig: Applying CVar settings from Section [/Script/Engine.RendererOverrideSettings] File [C:/Users/Samuel/Documents/GitHub/CFE_RV/CFE_LeapMotion2/Saved/Config/Windows/Engine.ini]
[2019.05.25-19.20.35:747][  0]LogConfig: Applying CVar settings from Section [/Script/Engine.StreamingSettings] File [C:/Users/Samuel/Documents/GitHub/CFE_RV/CFE_LeapMotion2/Saved/Config/Windows/Engine.ini]
[2019.05.25-19.20.35:747][  0]LogConfig: Setting CVar [[s.MinBulkDataSizeForAsyncLoading:131072]]
[2019.05.25-19.20.35:747][  0]LogConfig: Setting CVar [[s.AsyncLoadingThreadEnabled:0]]
[2019.05.25-19.20.35:747][  0]LogConfig: Setting CVar [[s.EventDrivenLoaderEnabled:1]]
[2019.05.25-19.20.35:747][  0]LogConfig: Setting CVar [[s.WarnIfTimeLimitExceeded:0]]
[2019.05.25-19.20.35:747][  0]LogConfig: Setting CVar [[s.TimeLimitExceededMultiplier:1.5]]
[2019.05.25-19.20.35:747][  0]LogConfig: Setting CVar [[s.TimeLimitExceededMinTime:0.005]]
[2019.05.25-19.20.35:747][  0]LogConfig: Setting CVar [[s.UseBackgroundLevelStreaming:1]]
[2019.05.25-19.20.35:747][  0]LogConfig: Setting CVar [[s.PriorityAsyncLoadingExtraTime:15.0]]
[2019.05.25-19.20.35:747][  0]LogConfig: Setting CVar [[s.LevelStreamingActorsUpdateTimeLimit:5.0]]
[2019.05.25-19.20.35:747][  0]LogConfig: Setting CVar [[s.PriorityLevelStreamingActorsUpdateExtraTime:5.0]]
[2019.05.25-19.20.35:747][  0]LogConfig: Setting CVar [[s.LevelStreamingComponentsRegistrationGranularity:10]]
[2019.05.25-19.20.35:747][  0]LogConfig: Setting CVar [[s.UnregisterComponentsTimeLimit:1.0]]
[2019.05.25-19.20.35:747][  0]LogConfig: Setting CVar [[s.LevelStreamingComponentsUnregistrationGranularity:5]]
[2019.05.25-19.20.35:747][  0]LogConfig: Applying CVar settings from Section [/Script/Engine.GarbageCollectionSettings] File [C:/Users/Samuel/Documents/GitHub/CFE_RV/CFE_LeapMotion2/Saved/Config/Windows/Engine.ini]
[2019.05.25-19.20.35:747][  0]LogConfig: Setting CVar [[gc.MaxObjectsNotConsideredByGC:1]]
[2019.05.25-19.20.35:747][  0]LogConfig: Setting CVar [[gc.SizeOfPermanentObjectPool:0]]
[2019.05.25-19.20.35:747][  0]LogConfig: Setting CVar [[gc.FlushStreamingOnGC:0]]
[2019.05.25-19.20.35:747][  0]LogConfig: Setting CVar [[gc.NumRetriesBeforeForcingGC:10]]
[2019.05.25-19.20.35:747][  0]LogConfig: Setting CVar [[gc.AllowParallelGC:1]]
[2019.05.25-19.20.35:747][  0]LogConfig: Setting CVar [[gc.TimeBetweenPurgingPendingKillObjects:61.1]]
[2019.05.25-19.20.35:747][  0]LogConfig: Setting CVar [[gc.MaxObjectsInEditor:8388607]]
[2019.05.25-19.20.35:747][  0]LogConfig: Setting CVar [[gc.IncrementalBeginDestroyEnabled:1]]
[2019.05.25-19.20.35:747][  0]LogConfig: Setting CVar [[gc.CreateGCClusters:1]]
[2019.05.25-19.20.35:747][  0]LogConfig: Setting CVar [[gc.MergeGCClusters:0]]
[2019.05.25-19.20.35:747][  0]LogConfig: Setting CVar [[gc.MinGCClusterSize:5]]
[2019.05.25-19.20.35:747][  0]LogConfig: Setting CVar [[gc.ActorClusteringEnabled:0]]
[2019.05.25-19.20.35:747][  0]LogConfig: Setting CVar [[gc.BlueprintClusteringEnabled:0]]
[2019.05.25-19.20.35:747][  0]LogConfig: Setting CVar [[gc.UseDisregardForGCOnDedicatedServers:0]]
[2019.05.25-19.20.35:747][  0]LogConfig: Applying CVar settings from Section [/Script/Engine.NetworkSettings] File [C:/Users/Samuel/Documents/GitHub/CFE_RV/CFE_LeapMotion2/Saved/Config/Windows/Engine.ini]
[2019.05.25-19.20.35:747][  0]LogConfig: Applying CVar settings from Section [/Script/UnrealEd.CookerSettings] File [C:/Users/Samuel/Documents/GitHub/CFE_RV/CFE_LeapMotion2/Saved/Config/Windows/Engine.ini]
[2019.05.25-19.20.35:747][  0]LogConfig: Applying CVar settings from Section [ViewDistanceQuality@3] File [C:/Users/Samuel/Documents/GitHub/CFE_RV/CFE_LeapMotion2/Saved/Config/Windows/Scalability.ini]
[2019.05.25-19.20.35:747][  0]LogConfig: Setting CVar [[r.SkeletalMeshLODBias:0]]
[2019.05.25-19.20.35:747][  0]LogConfig: Setting CVar [[r.ViewDistanceScale:1.0]]
[2019.05.25-19.20.35:747][  0]LogConfig: Applying CVar settings from Section [AntiAliasingQuality@3] File [C:/Users/Samuel/Documents/GitHub/CFE_RV/CFE_LeapMotion2/Saved/Config/Windows/Scalability.ini]
[2019.05.25-19.20.35:747][  0]LogConfig: Setting CVar [[r.PostProcessAAQuality:4]]
[2019.05.25-19.20.35:747][  0]LogConfig: Applying CVar settings from Section [ShadowQuality@3] File [C:/Users/Samuel/Documents/GitHub/CFE_RV/CFE_LeapMotion2/Saved/Config/Windows/Scalability.ini]
[2019.05.25-19.20.35:747][  0]LogConfig: Setting CVar [[r.LightFunctionQuality:1]]
[2019.05.25-19.20.35:747][  0]LogConfig: Setting CVar [[r.ShadowQuality:5]]
[2019.05.25-19.20.35:747][  0]LogConfig: Setting CVar [[r.Shadow.CSM.MaxCascades:10]]
[2019.05.25-19.20.35:747][  0]LogConfig: Setting CVar [[r.Shadow.MaxResolution:2048]]
[2019.05.25-19.20.35:747][  0]LogConfig: Setting CVar [[r.Shadow.MaxCSMResolution:2048]]
[2019.05.25-19.20.35:747][  0]LogConfig: Setting CVar [[r.Shadow.RadiusThreshold:0.01]]
[2019.05.25-19.20.35:747][  0]LogConfig: Setting CVar [[r.Shadow.DistanceScale:1.0]]
[2019.05.25-19.20.35:747][  0]LogConfig: Setting CVar [[r.Shadow.CSM.TransitionScale:1.0]]
[2019.05.25-19.20.35:747][  0]LogConfig: Setting CVar [[r.Shadow.PreShadowResolutionFactor:1.0]]
[2019.05.25-19.20.35:747][  0]LogConfig: Setting CVar [[r.DistanceFieldShadowing:1]]
[2019.05.25-19.20.35:747][  0]LogConfig: Setting CVar [[r.DistanceFieldAO:1]]
[2019.05.25-19.20.35:747][  0]LogConfig: Setting CVar [[r.AOQuality:2]]
[2019.05.25-19.20.35:747][  0]LogConfig: Setting CVar [[r.VolumetricFog:1]]
[2019.05.25-19.20.35:747][  0]LogConfig: Setting CVar [[r.VolumetricFog.GridPixelSize:8]]
[2019.05.25-19.20.35:747][  0]LogConfig: Setting CVar [[r.VolumetricFog.GridSizeZ:128]]
[2019.05.25-19.20.35:747][  0]LogConfig: Setting CVar [[r.VolumetricFog.HistoryMissSupersampleCount:4]]
[2019.05.25-19.20.35:747][  0]LogConfig: Setting CVar [[r.LightMaxDrawDistanceScale:1]]
[2019.05.25-19.20.35:747][  0]LogConfig: Setting CVar [[r.CapsuleShadows:1]]
[2019.05.25-19.20.35:747][  0]LogConfig: Applying CVar settings from Section [PostProcessQuality@3] File [C:/Users/Samuel/Documents/GitHub/CFE_RV/CFE_LeapMotion2/Saved/Config/Windows/Scalability.ini]
[2019.05.25-19.20.35:747][  0]LogConfig: Setting CVar [[r.MotionBlurQuality:4]]
[2019.05.25-19.20.35:747][  0]LogConfig: Setting CVar [[r.AmbientOcclusionMipLevelFactor:0.4]]
[2019.05.25-19.20.35:747][  0]LogConfig: Setting CVar [[r.AmbientOcclusionMaxQuality:100]]
[2019.05.25-19.20.35:747][  0]LogConfig: Setting CVar [[r.AmbientOcclusionLevels:-1]]
[2019.05.25-19.20.35:747][  0]LogConfig: Setting CVar [[r.AmbientOcclusionRadiusScale:1.0]]
[2019.05.25-19.20.35:747][  0]LogConfig: Setting CVar [[r.DepthOfFieldQuality:2]]
[2019.05.25-19.20.35:747][  0]LogConfig: Setting CVar [[r.RenderTargetPoolMin:400]]
[2019.05.25-19.20.35:747][  0]LogConfig: Setting CVar [[r.LensFlareQuality:2]]
[2019.05.25-19.20.35:747][  0]LogConfig: Setting CVar [[r.SceneColorFringeQuality:1]]
[2019.05.25-19.20.35:747][  0]LogConfig: Setting CVar [[r.EyeAdaptationQuality:2]]
[2019.05.25-19.20.35:747][  0]LogConfig: Setting CVar [[r.BloomQuality:5]]
[2019.05.25-19.20.35:747][  0]LogConfig: Setting CVar [[r.FastBlurThreshold:100]]
[2019.05.25-19.20.35:747][  0]LogConfig: Setting CVar [[r.Upscale.Quality:3]]
[2019.05.25-19.20.35:747][  0]LogConfig: Setting CVar [[r.Tonemapper.GrainQuantization:1]]
[2019.05.25-19.20.35:747][  0]LogConfig: Setting CVar [[r.LightShaftQuality:1]]
[2019.05.25-19.20.35:747][  0]LogConfig: Setting CVar [[r.Filter.SizeScale:1]]
[2019.05.25-19.20.35:747][  0]LogConfig: Setting CVar [[r.Tonemapper.Quality:5]]
[2019.05.25-19.20.35:747][  0]LogConfig: Setting CVar [[r.DOF.Gather.AccumulatorQuality:1        ; higher gathering accumulator quality]]
[2019.05.25-19.20.35:747][  0]LogConfig: Setting CVar [[r.DOF.Gather.PostfilterMethod:1          ; Median3x3 postfilering method]]
[2019.05.25-19.20.35:747][  0]LogConfig: Setting CVar [[r.DOF.Gather.EnableBokehSettings:0       ; no bokeh simulation when gathering]]
[2019.05.25-19.20.35:747][  0]LogConfig: Setting CVar [[r.DOF.Gather.RingCount:4                 ; medium number of samples when gathering]]
[2019.05.25-19.20.35:747][  0]LogConfig: Setting CVar [[r.DOF.Scatter.ForegroundCompositing:1    ; additive foreground scattering]]
[2019.05.25-19.20.35:747][  0]LogConfig: Setting CVar [[r.DOF.Scatter.BackgroundCompositing:2    ; additive background scattering]]
[2019.05.25-19.20.35:747][  0]LogConfig: Setting CVar [[r.DOF.Scatter.EnableBokehSettings:1      ; bokeh simulation when scattering]]
[2019.05.25-19.20.35:747][  0]LogConfig: Setting CVar [[r.DOF.Scatter.MaxSpriteRatio:0.1         ; only a maximum of 10% of scattered bokeh]]
[2019.05.25-19.20.35:747][  0]LogConfig: Setting CVar [[r.DOF.Recombine.Quality:1                ; cheap slight out of focus]]
[2019.05.25-19.20.35:747][  0]LogConfig: Setting CVar [[r.DOF.Recombine.EnableBokehSettings:0    ; no bokeh simulation on slight out of focus]]
[2019.05.25-19.20.35:747][  0]LogConfig: Setting CVar [[r.DOF.TemporalAAQuality:1                ; more stable temporal accumulation]]
[2019.05.25-19.20.35:747][  0]LogConfig: Setting CVar [[r.DOF.Kernel.MaxForegroundRadius:0.025]]
[2019.05.25-19.20.35:747][  0]LogConfig: Setting CVar [[r.DOF.Kernel.MaxBackgroundRadius:0.025]]
[2019.05.25-19.20.35:747][  0]LogConfig: Applying CVar settings from Section [TextureQuality@3] File [C:/Users/Samuel/Documents/GitHub/CFE_RV/CFE_LeapMotion2/Saved/Config/Windows/Scalability.ini]
[2019.05.25-19.20.35:747][  0]LogConfig: Setting CVar [[r.Streaming.MipBias:0]]
[2019.05.25-19.20.35:747][  0]LogConfig: Setting CVar [[r.Streaming.AmortizeCPUToGPUCopy:0]]
[2019.05.25-19.20.35:747][  0]LogConfig: Setting CVar [[r.Streaming.MaxNumTexturesToStreamPerFrame:0]]
[2019.05.25-19.20.35:747][  0]LogConfig: Setting CVar [[r.Streaming.Boost:1]]
[2019.05.25-19.20.35:747][  0]LogConfig: Setting CVar [[r.MaxAnisotropy:8]]
[2019.05.25-19.20.35:747][  0]LogConfig: Setting CVar [[r.Streaming.LimitPoolSizeToVRAM:0]]
[2019.05.25-19.20.35:747][  0]LogConfig: Setting CVar [[r.Streaming.PoolSize:1000]]
[2019.05.25-19.20.35:747][  0]LogConfig: Setting CVar [[r.Streaming.MaxEffectiveScreenSize:0]]
[2019.05.25-19.20.35:747][  0]LogConfig: Applying CVar settings from Section [EffectsQuality@3] File [C:/Users/Samuel/Documents/GitHub/CFE_RV/CFE_LeapMotion2/Saved/Config/Windows/Scalability.ini]
[2019.05.25-19.20.35:747][  0]LogConfig: Setting CVar [[r.TranslucencyLightingVolumeDim:64]]
[2019.05.25-19.20.35:747][  0]LogConfig: Setting CVar [[r.RefractionQuality:2]]
[2019.05.25-19.20.35:747][  0]LogConfig: Setting CVar [[r.SSR.Quality:3]]
[2019.05.25-19.20.35:747][  0]LogConfig: Setting CVar [[r.SceneColorFormat:4]]
[2019.05.25-19.20.35:747][  0]LogConfig: Setting CVar [[r.DetailMode:2]]
[2019.05.25-19.20.35:747][  0]LogConfig: Setting CVar [[r.TranslucencyVolumeBlur:1]]
[2019.05.25-19.20.35:747][  0]LogConfig: Setting CVar [[r.MaterialQualityLevel:1 ; High quality]]
[2019.05.25-19.20.35:747][  0]LogConfig: Setting CVar [[r.SSS.Scale:1]]
[2019.05.25-19.20.35:747][  0]LogConfig: Setting CVar [[r.SSS.SampleSet:2]]
[2019.05.25-19.20.35:747][  0]LogConfig: Setting CVar [[r.SSS.Quality:1]]
[2019.05.25-19.20.35:747][  0]LogConfig: Setting CVar [[r.SSS.HalfRes:1]]
[2019.05.25-19.20.35:747][  0]LogConfig: Setting CVar [[r.EmitterSpawnRateScale:1.0]]
[2019.05.25-19.20.35:747][  0]LogConfig: Setting CVar [[r.ParticleLightQuality:2]]
[2019.05.25-19.20.35:747][  0]LogConfig: Applying CVar settings from Section [FoliageQuality@3] File [C:/Users/Samuel/Documents/GitHub/CFE_RV/CFE_LeapMotion2/Saved/Config/Windows/Scalability.ini]
[2019.05.25-19.20.35:747][  0]LogConfig: Setting CVar [[foliage.DensityScale:1.0]]
[2019.05.25-19.20.35:747][  0]LogConfig: Setting CVar [[grass.DensityScale:1.0]]
[2019.05.25-19.20.35:747][  0]LogInit: Selected Device Profile: [Windows]
[2019.05.25-19.20.35:747][  0]LogInit: Applying CVar settings loaded from the selected device profile: [Windows]
[2019.05.25-19.20.35:809][  0]LogHAL: Display: Platform has ~ 7 GB [7455145984 / 8589934592 / 7], which maps to Smaller [LargestMinGB=32, LargerMinGB=12, DefaultMinGB=8, SmallerMinGB=6, SmallestMinGB=0)
[2019.05.25-19.20.35:809][  0]LogConfig: Setting CVar [[r.Vulkan.UseRealUBs:1]]
[2019.05.25-19.20.35:809][  0]LogInit: Going up to parent DeviceProfile []
[2019.05.25-19.20.35:809][  0]LogConfig: Applying CVar settings from Section [ViewDistanceQuality@1] File [C:/Users/Samuel/Documents/GitHub/CFE_RV/CFE_LeapMotion2/Saved/Config/Windows/Scalability.ini]
[2019.05.25-19.20.35:809][  0]LogConfig: Setting CVar [[r.SkeletalMeshLODBias:1]]
[2019.05.25-19.20.35:809][  0]LogConfig: Setting CVar [[r.ViewDistanceScale:0.6]]
[2019.05.25-19.20.35:809][  0]LogConfig: Applying CVar settings from Section [AntiAliasingQuality@1] File [C:/Users/Samuel/Documents/GitHub/CFE_RV/CFE_LeapMotion2/Saved/Config/Windows/Scalability.ini]
[2019.05.25-19.20.35:809][  0]LogConfig: Setting CVar [[r.PostProcessAAQuality:2]]
[2019.05.25-19.20.35:809][  0]LogConfig: Applying CVar settings from Section [ShadowQuality@1] File [C:/Users/Samuel/Documents/GitHub/CFE_RV/CFE_LeapMotion2/Saved/Config/Windows/Scalability.ini]
[2019.05.25-19.20.35:809][  0]LogConfig: Setting CVar [[r.LightFunctionQuality:1]]
[2019.05.25-19.20.35:809][  0]LogConfig: Setting CVar [[r.ShadowQuality:3]]
[2019.05.25-19.20.35:809][  0]LogConfig: Setting CVar [[r.Shadow.CSM.MaxCascades:1]]
[2019.05.25-19.20.35:809][  0]LogConfig: Setting CVar [[r.Shadow.MaxResolution:1024]]
[2019.05.25-19.20.35:809][  0]LogConfig: Setting CVar [[r.Shadow.MaxCSMResolution:1024]]
[2019.05.25-19.20.35:809][  0]LogConfig: Setting CVar [[r.Shadow.RadiusThreshold:0.05]]
[2019.05.25-19.20.35:809][  0]LogConfig: Setting CVar [[r.Shadow.DistanceScale:0.7]]
[2019.05.25-19.20.35:809][  0]LogConfig: Setting CVar [[r.Shadow.CSM.TransitionScale:0.25]]
[2019.05.25-19.20.35:809][  0]LogConfig: Setting CVar [[r.Shadow.PreShadowResolutionFactor:0.5]]
[2019.05.25-19.20.35:809][  0]LogConfig: Setting CVar [[r.DistanceFieldShadowing:0]]
[2019.05.25-19.20.35:809][  0]LogConfig: Setting CVar [[r.DistanceFieldAO:0]]
[2019.05.25-19.20.35:809][  0]LogConfig: Setting CVar [[r.VolumetricFog:0]]
[2019.05.25-19.20.35:809][  0]LogConfig: Setting CVar [[r.LightMaxDrawDistanceScale:.5]]
[2019.05.25-19.20.35:809][  0]LogConfig: Setting CVar [[r.CapsuleShadows:1]]
[2019.05.25-19.20.35:809][  0]LogConfig: Applying CVar settings from Section [PostProcessQuality@1] File [C:/Users/Samuel/Documents/GitHub/CFE_RV/CFE_LeapMotion2/Saved/Config/Windows/Scalability.ini]
[2019.05.25-19.20.35:809][  0]LogConfig: Setting CVar [[r.MotionBlurQuality:3]]
[2019.05.25-19.20.35:809][  0]LogConfig: Setting CVar [[r.AmbientOcclusionMipLevelFactor:1.0]]
[2019.05.25-19.20.35:809][  0]LogConfig: Setting CVar [[r.AmbientOcclusionMaxQuality:60]]
[2019.05.25-19.20.35:809][  0]LogConfig: Setting CVar [[r.AmbientOcclusionLevels:-1]]
[2019.05.25-19.20.35:809][  0]LogConfig: Setting CVar [[r.AmbientOcclusionRadiusScale:1.5]]
[2019.05.25-19.20.35:809][  0]LogConfig: Setting CVar [[r.DepthOfFieldQuality:1]]
[2019.05.25-19.20.35:809][  0]LogConfig: Setting CVar [[r.RenderTargetPoolMin:350]]
[2019.05.25-19.20.35:809][  0]LogConfig: Setting CVar [[r.LensFlareQuality:0]]
[2019.05.25-19.20.35:809][  0]LogConfig: Setting CVar [[r.SceneColorFringeQuality:0]]
[2019.05.25-19.20.35:809][  0]LogConfig: Setting CVar [[r.EyeAdaptationQuality:0]]
[2019.05.25-19.20.35:809][  0]LogConfig: Setting CVar [[r.BloomQuality:4]]
[2019.05.25-19.20.35:809][  0]LogConfig: Setting CVar [[r.FastBlurThreshold:2]]
[2019.05.25-19.20.35:809][  0]LogConfig: Setting CVar [[r.Upscale.Quality:2]]
[2019.05.25-19.20.35:809][  0]LogConfig: Setting CVar [[r.Tonemapper.GrainQuantization:0]]
[2019.05.25-19.20.35:809][  0]LogConfig: Setting CVar [[r.LightShaftQuality:0]]
[2019.05.25-19.20.35:809][  0]LogConfig: Setting CVar [[r.Filter.SizeScale:0.7]]
[2019.05.25-19.20.35:809][  0]LogConfig: Setting CVar [[r.Tonemapper.Quality:2]]
[2019.05.25-19.20.35:809][  0]LogConfig: Setting CVar [[r.DOF.Gather.AccumulatorQuality:0        ; lower gathering accumulator quality]]
[2019.05.25-19.20.35:809][  0]LogConfig: Setting CVar [[r.DOF.Gather.PostfilterMethod:2          ; Max3x3 postfilering method]]
[2019.05.25-19.20.35:809][  0]LogConfig: Setting CVar [[r.DOF.Gather.EnableBokehSettings:0       ; no bokeh simulation when gathering]]
[2019.05.25-19.20.35:809][  0]LogConfig: Setting CVar [[r.DOF.Gather.RingCount:3                 ; low number of samples when gathering]]
[2019.05.25-19.20.35:809][  0]LogConfig: Setting CVar [[r.DOF.Scatter.ForegroundCompositing:0    ; no foreground scattering]]
[2019.05.25-19.20.35:809][  0]LogConfig: Setting CVar [[r.DOF.Scatter.BackgroundCompositing:0    ; no foreground scattering]]
[2019.05.25-19.20.35:809][  0]LogConfig: Setting CVar [[r.DOF.Recombine.Quality:0                ; no slight out of focus]]
[2019.05.25-19.20.35:809][  0]LogConfig: Setting CVar [[r.DOF.TemporalAAQuality:0                ; faster temporal accumulation]]
[2019.05.25-19.20.35:809][  0]LogConfig: Setting CVar [[r.DOF.Kernel.MaxForegroundRadius:0.006   ; required because low gathering and no scattering and not looking great at 1080p]]
[2019.05.25-19.20.35:809][  0]LogConfig: Setting CVar [[r.DOF.Kernel.MaxBackgroundRadius:0.006   ; required because low gathering and no scattering and not looking great at 1080p]]
[2019.05.25-19.20.35:809][  0]LogConfig: Applying CVar settings from Section [TextureQuality@1] File [C:/Users/Samuel/Documents/GitHub/CFE_RV/CFE_LeapMotion2/Saved/Config/Windows/Scalability.ini]
[2019.05.25-19.20.35:809][  0]LogConfig: Setting CVar [[r.Streaming.MipBias:1]]
[2019.05.25-19.20.35:809][  0]LogConfig: Setting CVar [[r.Streaming.AmortizeCPUToGPUCopy:0]]
[2019.05.25-19.20.35:809][  0]LogConfig: Setting CVar [[r.Streaming.MaxNumTexturesToStreamPerFrame:0]]
[2019.05.25-19.20.35:809][  0]LogConfig: Setting CVar [[r.Streaming.Boost:1]]
[2019.05.25-19.20.35:809][  0]LogConfig: Setting CVar [[r.MaxAnisotropy:2]]
[2019.05.25-19.20.35:809][  0]LogConfig: Setting CVar [[r.Streaming.LimitPoolSizeToVRAM:1]]
[2019.05.25-19.20.35:809][  0]LogConfig: Setting CVar [[r.Streaming.PoolSize:600]]
[2019.05.25-19.20.35:809][  0]LogConfig: Setting CVar [[r.Streaming.MaxEffectiveScreenSize:0]]
[2019.05.25-19.20.35:809][  0]LogConfig: Applying CVar settings from Section [EffectsQuality@1] File [C:/Users/Samuel/Documents/GitHub/CFE_RV/CFE_LeapMotion2/Saved/Config/Windows/Scalability.ini]
[2019.05.25-19.20.35:809][  0]LogConfig: Setting CVar [[r.TranslucencyLightingVolumeDim:32]]
[2019.05.25-19.20.35:809][  0]LogConfig: Setting CVar [[r.RefractionQuality:0]]
[2019.05.25-19.20.35:809][  0]LogConfig: Setting CVar [[r.SSR.Quality:0]]
[2019.05.25-19.20.35:809][  0]LogConfig: Setting CVar [[r.SceneColorFormat:3]]
[2019.05.25-19.20.35:809][  0]LogConfig: Setting CVar [[r.DetailMode:1]]
[2019.05.25-19.20.35:809][  0]LogConfig: Setting CVar [[r.TranslucencyVolumeBlur:0]]
[2019.05.25-19.20.35:809][  0]LogConfig: Setting CVar [[r.MaterialQualityLevel:2 ; Medium quality]]
[2019.05.25-19.20.35:809][  0]LogConfig: Setting CVar [[r.SSS.Scale:0.75]]
[2019.05.25-19.20.35:809][  0]LogConfig: Setting CVar [[r.SSS.SampleSet:0]]
[2019.05.25-19.20.35:809][  0]LogConfig: Setting CVar [[r.SSS.Quality:0]]
[2019.05.25-19.20.35:809][  0]LogConfig: Setting CVar [[r.SSS.HalfRes:1]]
[2019.05.25-19.20.35:809][  0]LogConfig: Setting CVar [[r.EmitterSpawnRateScale:0.25]]
[2019.05.25-19.20.35:809][  0]LogConfig: Setting CVar [[r.ParticleLightQuality:0]]
[2019.05.25-19.20.35:809][  0]LogConfig: Applying CVar settings from Section [FoliageQuality@1] File [C:/Users/Samuel/Documents/GitHub/CFE_RV/CFE_LeapMotion2/Saved/Config/Windows/Scalability.ini]
[2019.05.25-19.20.35:809][  0]LogConfig: Setting CVar [[foliage.DensityScale:0.4]]
[2019.05.25-19.20.35:809][  0]LogConfig: Setting CVar [[grass.DensityScale:0.4]]
[2019.05.25-19.20.35:809][  0]LogConfig: Applying CVar settings from Section [Startup] File [../../../Engine/Config/ConsoleVariables.ini]
[2019.05.25-19.20.35:856][  0]LogConfig: Setting CVar [[net.UseAdaptiveNetUpdateFrequency:0]]
[2019.05.25-19.20.35:856][  0]LogConfig: Applying CVar settings from Section [ConsoleVariables] File [C:/Users/Samuel/Documents/GitHub/CFE_RV/CFE_LeapMotion2/Saved/Config/Windows/Engine.ini]
[2019.05.25-19.20.35:866][  0]LogInit: Computer: DESKTOP-RTM83TK
[2019.05.25-19.20.35:866][  0]LogInit: User: Samuel
[2019.05.25-19.20.35:866][  0]LogInit: CPU Page size=4096, Cores=4
[2019.05.25-19.20.35:866][  0]LogInit: High frequency timer resolution =10.000000 MHz
[2019.05.25-19.20.35:866][  0]LogMemory: Memory total: Physical=6.9GB (7GB approx)
[2019.05.25-19.20.35:866][  0]LogMemory: Platform Memory Stats for Windows
[2019.05.25-19.20.35:866][  0]LogMemory: Process Physical Memory: 102.92 MB used, 102.93 MB peak
[2019.05.25-19.20.35:866][  0]LogMemory: Process Virtual Memory: 96.00 MB used, 96.00 MB peak
[2019.05.25-19.20.35:866][  0]LogMemory: Physical Memory: 2949.73 MB used,  4160.05 MB free, 7109.78 MB total
[2019.05.25-19.20.35:866][  0]LogMemory: Virtual Memory: 4641.57 MB used,  134213088.00 MB free, 134217728.00 MB total
[2019.05.25-19.20.36:472][  0]LogInit: Overriding language with editor language configuration option (en).
[2019.05.25-19.20.36:473][  0]LogInit: Overriding locale with editor locale configuration option (en).
[2019.05.25-19.20.37:698][  0]LogStreaming: Display: Took  1.226s to InitEngineTextLocalization.
[2019.05.25-19.20.37:698][  0]LogInit: Setting process to per monitor DPI aware
[2019.05.25-19.20.38:326][  0]LogSlate: New Slate User Created.  User Index 0, Is Virtual User: 0
[2019.05.25-19.20.38:326][  0]LogSlate: Slate User Registered.  User Index 0, Is Virtual User: 0
[2019.05.25-19.20.48:825][  0]LogHMD: Failed to initialize OpenVR with code 110
[2019.05.25-19.20.48:825][  0]LogD3D11RHI: D3D11 adapters:
[2019.05.25-19.20.49:119][  0]LogD3D11RHI:    0. 'AMD Radeon(TM) R6 Graphics' (Feature Level 11_0)
[2019.05.25-19.20.49:119][  0]LogD3D11RHI:       1012/0/3554 MB DedicatedVideo/DedicatedSystem/SharedSystem, Outputs:1, VendorId:0x1002
[2019.05.25-19.20.49:127][  0]LogD3D11RHI:    1. 'Microsoft Basic Render Driver' (Feature Level 11_0)
[2019.05.25-19.20.49:127][  0]LogD3D11RHI:       0/0/3554 MB DedicatedVideo/DedicatedSystem/SharedSystem, Outputs:0, VendorId:0x1414
[2019.05.25-19.20.49:127][  0]LogD3D11RHI: Chosen D3D11 Adapter: 0
[2019.05.25-19.20.49:145][  0]LogD3D11RHI: Creating new Direct3DDevice
[2019.05.25-19.20.49:145][  0]LogD3D11RHI:     GPU DeviceId: 0x9874 (for the marketing name, search the web for "GPU Device Id")
[2019.05.25-19.20.49:145][  0]LogWindows: EnumDisplayDevices:
[2019.05.25-19.20.49:146][  0]LogWindows:    0. 'AMD Radeon(TM) R6 Graphics' (P:1 D:1)
[2019.05.25-19.20.49:146][  0]LogWindows:    1. 'AMD Radeon(TM) R6 Graphics' (P:0 D:0)
[2019.05.25-19.20.49:147][  0]LogWindows:    2. 'AMD Radeon(TM) R6 Graphics' (P:0 D:0)
[2019.05.25-19.20.49:147][  0]LogWindows: DebugString: FoundDriverCount:3 
[2019.05.25-19.20.49:147][  0]LogD3D11RHI:     Adapter Name: AMD Radeon(TM) R6 Graphics
[2019.05.25-19.20.49:147][  0]LogD3D11RHI:   Driver Version: 15.201.1101.1002 (internal:15.201.1101.1002, unified:15.201.1101.1002)
[2019.05.25-19.20.49:148][  0]LogD3D11RHI:      Driver Date: 8-21-2015
[2019.05.25-19.20.49:148][  0]LogRHI: Texture pool is 708 MB (70% of 1012 MB)
[2019.05.25-19.20.49:305][  0]LogD3D11RHI: Async texture creation enabled
[2019.05.25-19.20.49:341][  0]LogD3D11RHI: GPU Timing Frequency: 27.000000 (Debug: 2 2)
[2019.05.25-19.20.50:475][  0]LogTemp: Display: Loaded TP AllDesktopTargetPlatform
[2019.05.25-19.20.50:511][  0]LogTemp: Display: Loaded TP MacClientTargetPlatform
[2019.05.25-19.20.50:535][  0]LogTemp: Display: Loaded TP MacNoEditorTargetPlatform
[2019.05.25-19.20.50:567][  0]LogTemp: Display: Loaded TP MacServerTargetPlatform
[2019.05.25-19.20.50:642][  0]LogTemp: Display: Loaded TP MacTargetPlatform
[2019.05.25-19.20.50:683][  0]LogTemp: Display: Loaded TP WindowsClientTargetPlatform
[2019.05.25-19.20.50:707][  0]LogTemp: Display: Loaded TP WindowsNoEditorTargetPlatform
[2019.05.25-19.20.50:743][  0]LogTemp: Display: Loaded TP WindowsServerTargetPlatform
[2019.05.25-19.20.50:762][  0]LogTemp: Display: Loaded TP WindowsTargetPlatform
[2019.05.25-19.20.50:949][  0]LogTemp: Display: Loaded TP AndroidTargetPlatform
[2019.05.25-19.20.50:949][  0]LogTemp: Display: Loaded TP AndroidTargetPlatform
[2019.05.25-19.20.50:949][  0]LogTemp: Display: Loaded TP AndroidTargetPlatform
[2019.05.25-19.20.50:949][  0]LogTemp: Display: Loaded TP AndroidTargetPlatform
[2019.05.25-19.20.50:949][  0]LogTemp: Display: Loaded TP AndroidTargetPlatform
[2019.05.25-19.20.50:949][  0]LogTemp: Display: Loaded TP AndroidTargetPlatform
[2019.05.25-19.20.50:949][  0]LogTemp: Display: Loaded TP AndroidTargetPlatform
[2019.05.25-19.20.50:949][  0]LogTemp: Display: Loaded TP AndroidTargetPlatform
[2019.05.25-19.20.50:949][  0]LogTemp: Display: Loaded TP AndroidTargetPlatform
[2019.05.25-19.20.50:949][  0]LogTemp: Display: Loaded TP AndroidTargetPlatform
[2019.05.25-19.20.50:949][  0]LogTemp: Display: Loaded TP AndroidTargetPlatform
[2019.05.25-19.20.50:949][  0]LogTemp: Display: Loaded TP AndroidTargetPlatform
[2019.05.25-19.20.50:949][  0]LogTemp: Display: Loaded TP AndroidTargetPlatform
[2019.05.25-19.20.50:949][  0]LogTemp: Display: Loaded TP AndroidTargetPlatform
[2019.05.25-19.20.50:949][  0]LogTemp: Display: Loaded TP AndroidTargetPlatform
[2019.05.25-19.20.50:949][  0]LogTemp: Display: Loaded TP AndroidTargetPlatform
[2019.05.25-19.20.50:949][  0]LogTemp: Display: Loaded TP AndroidTargetPlatform
[2019.05.25-19.20.50:949][  0]LogTemp: Display: Loaded TP AndroidTargetPlatform
[2019.05.25-19.20.50:968][  0]LogTemp: Display: Loaded TP HTML5TargetPlatform
[2019.05.25-19.20.51:122][  0]LogTemp: Display: Loaded TP IOSTargetPlatform
[2019.05.25-19.20.51:122][  0]LogTemp: Display: Loaded TP IOSTargetPlatform
[2019.05.25-19.20.51:174][  0]LogTemp: Display: Loaded TP TVOSTargetPlatform
[2019.05.25-19.20.51:174][  0]LogTemp: Display: Loaded TP TVOSTargetPlatform
[2019.05.25-19.20.51:238][  0]LogTemp: Display: Loaded TP LinuxClientTargetPlatform
[2019.05.25-19.20.51:270][  0]LogTemp: Display: Loaded TP LinuxNoEditorTargetPlatform
[2019.05.25-19.20.51:299][  0]LogTemp: Display: Loaded TP LinuxServerTargetPlatform
[2019.05.25-19.20.51:365][  0]LogTemp: Display: Loaded TP LinuxTargetPlatform
[2019.05.25-19.20.51:457][  0]LogTemp: Display: Loaded TP LuminTargetPlatform
[2019.05.25-19.20.51:457][  0]LogTemp: Display: Loaded TP LuminTargetPlatform
[2019.05.25-19.20.51:458][  0]LogTargetPlatformManager: Display: Building Assets For Windows
[2019.05.25-19.20.52:084][  0]LogShaderCompilers: Guid format shader working directory is -24 characters bigger than the processId version (../../../../../../Users/Samuel/Documents/GitHub/CFE_RV/CFE_LeapMotion2/Intermediate/Shaders/WorkingDirectory/12236/).
[2019.05.25-19.20.52:084][  0]LogShaderCompilers: Cleaned the shader compiler working directory 'C:/Users/Samuel/AppData/Local/Temp/UnrealShaderWorkingDir/359E299448B9C0A9DF4F61BB416A25E5/'.
[2019.05.25-19.20.52:103][  0]LogXGEController: Cleaning working directory: C:/Users/Samuel/AppData/Local/Temp/UnrealXGEWorkingDir/
[2019.05.25-19.20.52:103][  0]LogXGEController: Cannot use XGE Controller as Incredibuild is not installed on this machine.
[2019.05.25-19.20.52:103][  0]LogShaderCompilers: Cannot use XGE Shader Compiler as Incredibuild is not installed on this machine.
[2019.05.25-19.20.52:103][  0]LogShaderCompilers: Display: Using Local Shader Compiler.
[2019.05.25-19.20.59:275][  0]LogDerivedDataCache: Display: Max Cache Size: 512 MB
[2019.05.25-19.21.00:153][  0]LogDerivedDataCache: Loaded boot cache 0.86s 71MB C:/Users/Samuel/AppData/Local/UnrealEngine/4.21/DerivedDataCache/Boot.ddc.
[2019.05.25-19.21.00:153][  0]LogDerivedDataCache: Display: Loaded Boot cache: C:/Users/Samuel/AppData/Local/UnrealEngine/4.21/DerivedDataCache/Boot.ddc
[2019.05.25-19.21.00:154][  0]LogDerivedDataCache: FDerivedDataBackendGraph:  Pak pak cache file ../../../../../../Users/Samuel/Documents/GitHub/CFE_RV/CFE_LeapMotion2/DerivedDataCache/DDC.ddp not found, will not use a pak cache.
[2019.05.25-19.21.00:154][  0]LogDerivedDataCache: Unable to find inner node Pak for hierarchical cache Hierarchy.
[2019.05.25-19.21.00:154][  0]LogDerivedDataCache: FDerivedDataBackendGraph:  CompressedPak pak cache file ../../../../../../Users/Samuel/Documents/GitHub/CFE_RV/CFE_LeapMotion2/DerivedDataCache/Compressed.ddp not found, will not use a pak cache.
[2019.05.25-19.21.00:154][  0]LogDerivedDataCache: Unable to find inner node CompressedPak for hierarchical cache Hierarchy.
[2019.05.25-19.21.00:248][  0]LogDerivedDataCache: Display: Pak cache opened for reading ../../../Engine/DerivedDataCache/Compressed.ddp.
[2019.05.25-19.21.00:248][  0]LogDerivedDataCache: FDerivedDataBackendGraph:  EnterprisePak pak cache file ../../../Enterprise/DerivedDataCache/Compressed.ddp not found, will not use a pak cache.
[2019.05.25-19.21.00:249][  0]LogDerivedDataCache: Unable to find inner node EnterprisePak for hierarchical cache Hierarchy.
[2019.05.25-19.21.00:262][  0]LogDerivedDataCache: Using Local data cache path C:/Users/Samuel/AppData/Local/UnrealEngine/Common/DerivedDataCache: Writable
[2019.05.25-19.21.00:262][  0]LogDerivedDataCache: Shared data cache path not found in *engine.ini, will not use an Shared cache.
[2019.05.25-19.21.00:262][  0]LogDerivedDataCache: Unable to find inner node Shared for hierarchical cache Hierarchy.
[2019.05.25-19.21.00:313][  0]LogMaterial: Verifying Global Shaders for PCD3D_SM5
[2019.05.25-19.21.00:316][  0]LogSlate: Using FreeType 2.6.0
[2019.05.25-19.21.00:405][  0]LogSlate: SlateFontServices - WITH_FREETYPE: 1, WITH_HARFBUZZ: 1
[2019.05.25-19.21.02:690][  0]LogAssetRegistry: FAssetRegistry took 0.0495 seconds to start up
[2019.05.25-19.21.03:637][  0]LogInit: Selected Device Profile: [Windows]
[2019.05.25-19.21.05:021][  0]LogSimplygon: Simplygon DLL not present - disabling.
[2019.05.25-19.21.05:094][  0]LogMeshReduction: Using SimplygonSwarm for distributed automatic mesh merging
[2019.05.25-19.21.05:094][  0]LogMeshReduction: Using ProxyLODMeshReduction for automatic mesh merging
[2019.05.25-19.21.05:094][  0]LogMeshReduction: Using QuadricMeshReduction for automatic static mesh reduction
[2019.05.25-19.21.05:094][  0]LogMeshReduction: No automatic skeletal mesh reduction module available
[2019.05.25-19.21.05:598][  0]LogNetVersion: CFE_LeapMotion 1.0.0, NetCL: 4541578, EngineNetVer: 5, GameNetVer: 0 (Checksum: 1837852655)
[2019.05.25-19.21.10:466][  0]LogPackageLocalizationCache: Processed 12 localized package path(s) for 1 prioritized culture(s) in 0.213448 seconds
[2019.05.25-19.21.10:480][  0]LogUObjectArray: 39775 objects as part of root set at end of initial load.
[2019.05.25-19.21.10:480][  0]LogUObjectAllocator: 6914656 out of 0 bytes used by permanent object pool.
[2019.05.25-19.21.10:481][  0]LogUObjectArray: CloseDisregardForGC: 0/0 objects in disregard for GC pool
[2019.05.25-19.21.33:113][  0]LogTcpMessaging: Initializing TcpMessaging bridge
[2019.05.25-19.21.33:140][  0]LogUdpMessaging: Initializing bridge on interface 0.0.0.0:0 to multicast group 230.0.0.1:6666.
[2019.05.25-19.21.35:813][  0]SourceControl: Source control is disabled
[2019.05.25-19.21.38:832][  0]LogAndroidPermission: UAndroidPermissionCallbackProxy::GetInstance
[2019.05.25-19.21.39:162][  0]LogWindows: Failed to load '../../../Engine/Binaries/ThirdParty/LeapMotion/Win64/LeapC.dll' (GetLastError=126)
[2019.05.25-19.21.39:162][  0]LogWindows: File '../../../Engine/Binaries/ThirdParty/LeapMotion/Win64/LeapC.dll' does not exist
[2019.05.25-19.21.39:162][  0]LeapMotionLog: Leap Plugin started v3.3.1
[2019.05.25-19.21.39:188][  0]LogOcInput: OculusInput pre-init called
[2019.05.25-19.21.39:657][  0]LogClass: Warning: ObjectProperty FMappedBoneAnimData::BodyStateSkeleton is not initialized properly
[2019.05.25-19.21.39:657][  0]LogClass: Warning: FBodyStateDeviceConfig::InputType is not initialized properly
[2019.05.25-19.21.39:657][  0]LogClass: Warning: FLeapStats::FrameExtrapolationInMS is not initialized properly
[2019.05.25-19.21.39:657][  0]LogClass: Display: 3 Uninitialized script stuct members found
[2019.05.25-19.21.39:659][  0]LogAutomationTest: Warning: ObjectProperty FMappedBoneAnimData::BodyStateSkeleton is not initialized properly
[2019.05.25-19.21.39:659][  0]LogAutomationTest: Warning: FBodyStateDeviceConfig::InputType is not initialized properly
[2019.05.25-19.21.39:659][  0]LogAutomationTest: Warning: FLeapStats::FrameExtrapolationInMS is not initialized properly
[2019.05.25-19.21.39:677][  0]LogEngine: Initializing Engine...
[2019.05.25-19.21.39:678][  0]LogHMD: Failed to initialize OpenVR with code 110
[2019.05.25-19.21.39:681][  0]LogStats: UGameplayTagsManager::ConstructGameplayTagTree: ImportINI prefixes -  0.000 s
[2019.05.25-19.21.39:681][  0]LogStats: UGameplayTagsManager::ConstructGameplayTagTree: Construct from data asset -  0.000 s
[2019.05.25-19.21.39:681][  0]LogStats: UGameplayTagsManager::ConstructGameplayTagTree: ImportINI -  0.000 s
[2019.05.25-19.21.39:681][  0]LogStats: UGameplayTagsManager::ConstructGameplayTagTree: GameplayTagTreeChangedEvent.Broadcast -  0.000 s
[2019.05.25-19.21.41:099][  0]LogInit: Initializing FReadOnlyCVARCache
[2019.05.25-19.21.41:198][  0]LogAIModule: Creating AISystem for world Untitled
[2019.05.25-19.21.41:215][  0]LogInit: XAudio2 using 'Altavoces (Conexant SmartAudio HD)' : 2 channels at 48 kHz using 32 bits per sample (channel mask 0x3)
[2019.05.25-19.21.41:357][  0]LogInit: FAudioDevice initialized.
[2019.05.25-19.21.41:357][  0]LogNetVersion: Set ProjectVersion to 1.0.0.0. Version Checksum will be recalculated on next use.
[2019.05.25-19.21.41:564][  0]LogDerivedDataCache: Saved boot cache 0.21s 71MB C:/Users/Samuel/AppData/Local/UnrealEngine/4.21/DerivedDataCache/Boot.ddc.
[2019.05.25-19.21.41:587][  0]LogInit: Texture streaming: Enabled
[2019.05.25-19.21.41:731][  0]LogEngineSessionManager: EngineSessionManager initialized
[2019.05.25-19.21.41:732][  0]LogEngineSessionManager: EngineSessionManager sent abnormal shutdown report. Type=Crashed, SessionId={34B2B431-47DD-5103-68D2-9A846088E1F1}
[2019.05.25-19.21.42:096][  0]LogInit: Transaction tracking system initialized
[2019.05.25-19.21.42:413][  0]BlueprintLog: New page: Editor Load
[2019.05.25-19.21.44:378][  0]LocalizationService: Localization service is disabled
[2019.05.25-19.21.51:376][  0]LogFileCache: Scanning file cache for directory 'C:/Users/Samuel/Documents/GitHub/CFE_RV/CFE_LeapMotion2/Content/' took 0.03s
[2019.05.25-19.21.51:376][  0]LogCook: Display: Max memory allowance for cook 16384mb min free memory 0mb
[2019.05.25-19.21.51:377][  0]LogCook: Display: Mobile HDR setting 1
[2019.05.25-19.21.51:377][  0]LogGameplayTags: Display: UGameplayTagsManager::DoneAddingNativeTags. DelegateIsBound: 0
[2019.05.25-19.21.51:377][  0]LogStats: UGameplayTagsManager::ConstructGameplayTagTree: ImportINI prefixes -  0.000 s
[2019.05.25-19.21.51:377][  0]LogStats: UGameplayTagsManager::ConstructGameplayTagTree: Construct from data asset -  0.000 s
[2019.05.25-19.21.51:377][  0]LogStats: UGameplayTagsManager::ConstructGameplayTagTree: ImportINI -  0.000 s
[2019.05.25-19.21.51:377][  0]LogStats: UGameplayTagsManager::ConstructGameplayTagTree: GameplayTagTreeChangedEvent.Broadcast -  0.000 s
[2019.05.25-19.21.55:946][  0]Cmd: MAP LOAD FILE="../../../../../../Users/Samuel/Documents/GitHub/CFE_RV/CFE_LeapMotion2/Content/StarterContent/Maps/Minimal_Default.umap" TEMPLATE=0 SHOWPROGRESS=1 FEATURELEVEL=3
[2019.05.25-19.21.56:037][  0]LightingResults: New page: Lighting Build
[2019.05.25-19.21.56:142][  0]MapCheck: New page: Map Check
[2019.05.25-19.21.56:142][  0]LightingResults: New page: Lighting Build
[2019.05.25-19.22.03:382][  0]LogAIModule: Creating AISystem for world Minimal_Default
[2019.05.25-19.22.03:453][  0]LogEditorServer: Finished looking for orphan Actors (0.000 secs)
[2019.05.25-19.22.03:598][  0]Cmd: MAP CHECKDEP NOCLEARLOG
[2019.05.25-19.22.03:599][  0]MapCheck: Map check complete: 0 Error(s), 0 Warning(s), took 0.495ms to complete.
[2019.05.25-19.22.03:600][  0]LogFileHelpers: Loading map 'Minimal_Default' took 7.653
[2019.05.25-19.22.03:890][  0]LogSlate: Updating window title bar state: overlay mode, drag disabled, window buttons hidden, title bar hidden
[2019.05.25-19.22.03:911][  0]LogSlate: Updating window title bar state: overlay mode, drag disabled, window buttons hidden, title bar hidden
[2019.05.25-19.22.03:930][  0]LogSlate: Updating window title bar state: overlay mode, drag disabled, window buttons hidden, title bar hidden
[2019.05.25-19.22.03:949][  0]LogSlate: Updating window title bar state: overlay mode, drag disabled, window buttons hidden, title bar hidden
[2019.05.25-19.22.03:989][  0]LogCollectionManager: Loaded 0 collections in 0.004359 seconds
[2019.05.25-19.22.04:057][  0]LogFileCache: Scanning file cache for directory 'C:/Users/Samuel/Documents/GitHub/CFE_RV/CFE_LeapMotion2/Saved/Collections/' took 0.02s
[2019.05.25-19.22.04:057][  0]LogFileCache: Scanning file cache for directory 'C:/Users/Samuel/Documents/GitHub/CFE_RV/CFE_LeapMotion2/Content/Developers/Samuel/Collections/' took 0.01s
[2019.05.25-19.22.04:057][  0]LogFileCache: Scanning file cache for directory 'C:/Users/Samuel/Documents/GitHub/CFE_RV/CFE_LeapMotion2/Content/Collections/' took 0.00s
[2019.05.25-19.22.04:057][  0]LogCollectionManager: Rebuilt the GUID cache for 0 collections in 0.000001 seconds
[2019.05.25-19.22.04:080][  0]LogContentBrowser: Native class hierarchy populated in 0.0221 seconds. Added 2665 classes and 628 folders.
[2019.05.25-19.22.04:202][  0]LogContentBrowser: Native class hierarchy updated for 'WidgetCarousel' in 0.0007 seconds. Added 0 classes and 0 folders.
[2019.05.25-19.22.04:539][  0]LogPakFile: Registered encryption key '00000000000000000000000000000000': 0 pak files mounted, 0 remain pending
[2019.05.25-19.22.04:575][  0]LogPakFile: Registered encryption key '00000000000000000000000000000000': 0 pak files mounted, 0 remain pending
[2019.05.25-19.22.04:680][  0]LogPakFile: Registered encryption key '00000000000000000000000000000000': 0 pak files mounted, 0 remain pending
[2019.05.25-19.22.04:765][  0]LogPakFile: Registered encryption key '00000000000000000000000000000000': 0 pak files mounted, 0 remain pending
[2019.05.25-19.22.04:878][  0]LogPakFile: Registered encryption key '00000000000000000000000000000000': 0 pak files mounted, 0 remain pending
[2019.05.25-19.22.04:971][  0]LogPakFile: Registered encryption key '00000000000000000000000000000000': 0 pak files mounted, 0 remain pending
[2019.05.25-19.22.05:049][  0]LogPakFile: Registered encryption key '00000000000000000000000000000000': 0 pak files mounted, 0 remain pending
[2019.05.25-19.22.05:147][  0]LogPakFile: Registered encryption key '00000000000000000000000000000000': 0 pak files mounted, 0 remain pending
[2019.05.25-19.22.05:273][  0]LogPakFile: Registered encryption key '00000000000000000000000000000000': 0 pak files mounted, 0 remain pending
[2019.05.25-19.22.05:327][  0]LogPakFile: Registered encryption key '00000000000000000000000000000000': 0 pak files mounted, 0 remain pending
[2019.05.25-19.22.05:381][  0]LogPakFile: Registered encryption key '00000000000000000000000000000000': 0 pak files mounted, 0 remain pending
[2019.05.25-19.22.05:401][  0]LogPakFile: Registered encryption key '00000000000000000000000000000000': 0 pak files mounted, 0 remain pending
[2019.05.25-19.22.05:428][  0]LogPakFile: Registered encryption key '00000000000000000000000000000000': 0 pak files mounted, 0 remain pending
[2019.05.25-19.22.05:546][  0]LogPakFile: Registered encryption key '00000000000000000000000000000000': 0 pak files mounted, 0 remain pending
[2019.05.25-19.22.05:643][  0]LogPakFile: Registered encryption key '00000000000000000000000000000000': 0 pak files mounted, 0 remain pending
[2019.05.25-19.22.05:731][  0]LogPakFile: Registered encryption key '00000000000000000000000000000000': 0 pak files mounted, 0 remain pending
[2019.05.25-19.22.05:829][  0]LogPakFile: Registered encryption key '00000000000000000000000000000000': 0 pak files mounted, 0 remain pending
[2019.05.25-19.22.05:964][  0]LogPakFile: Registered encryption key '00000000000000000000000000000000': 0 pak files mounted, 0 remain pending
[2019.05.25-19.22.06:015][  0]LogPakFile: Registered encryption key '00000000000000000000000000000000': 0 pak files mounted, 0 remain pending
[2019.05.25-19.22.06:048][  0]LogPakFile: Registered encryption key '00000000000000000000000000000000': 0 pak files mounted, 0 remain pending
[2019.05.25-19.22.06:125][  0]LogPakFile: Registered encryption key '00000000000000000000000000000000': 0 pak files mounted, 0 remain pending
[2019.05.25-19.22.06:286][  0]LogPakFile: Registered encryption key '00000000000000000000000000000000': 0 pak files mounted, 0 remain pending
[2019.05.25-19.22.06:338][  0]LogPakFile: Registered encryption key '00000000000000000000000000000000': 0 pak files mounted, 0 remain pending
[2019.05.25-19.22.06:424][  0]LogPakFile: Registered encryption key '00000000000000000000000000000000': 0 pak files mounted, 0 remain pending
[2019.05.25-19.22.06:461][  0]LogPakFile: Registered encryption key '00000000000000000000000000000000': 0 pak files mounted, 0 remain pending
[2019.05.25-19.22.06:492][  0]LogPakFile: Registered encryption key '00000000000000000000000000000000': 0 pak files mounted, 0 remain pending
[2019.05.25-19.22.08:972][  0]LogContentBrowser: Native class hierarchy updated for 'AddContentDialog' in 0.0008 seconds. Added 0 classes and 0 folders.
[2019.05.25-19.22.09:026][  0]LogContentBrowser: Native class hierarchy updated for 'SceneOutliner' in 0.0007 seconds. Added 1 classes and 2 folders.
[2019.05.25-19.22.09:445][  0]LogSlate: Took 0.055604 seconds to synchronously load lazily loaded font '../../../Engine/Content/Slate/Fonts/Roboto-Regular.ttf' (155K)
[2019.05.25-19.22.09:487][  0]LogSlate: Took 0.037176 seconds to synchronously load lazily loaded font '../../../Engine/Content/Slate/Fonts/Roboto-Bold.ttf' (160K)
[2019.05.25-19.22.09:515][  0]LogSlate: Took 0.017797 seconds to synchronously load lazily loaded font '../../../Engine/Content/Editor/Slate/Fonts/FontAwesome.ttf' (139K)
[2019.05.25-19.22.10:058][  0]LogRenderer: Reallocating scene render targets to support 856x300 Format 9 NumSamples 1 (Frame:1).
[2019.05.25-19.22.10:723][  0]LogSlate: Took 0.025832 seconds to synchronously load lazily loaded font '../../../Engine/Content/Slate/Fonts/Roboto-Light.ttf' (167K)
[2019.05.25-19.22.10:928][  0]LogContentBrowser: Native class hierarchy updated for 'HierarchicalLODOutliner' in 0.0006 seconds. Added 0 classes and 0 folders.
[2019.05.25-19.22.10:928][  0]LogLoad: (Engine Initialization) Total time: 118.15 seconds
[2019.05.25-19.22.10:928][  0]LogLoad: (Engine Initialization) Total Blueprint compile time: 0.00 seconds
[2019.05.25-19.22.10:967][  0]LeapMotionLog: ServiceMessageLoop started.
[2019.05.25-19.22.10:968][  0]BodyStateLog: BodyState::DeviceAttached: Leap Motion (1)
[2019.05.25-19.22.10:968][  0]BodyStateLog: BodyState::DeviceAttached: HMD (2)
[2019.05.25-19.22.11:058][  0]LogContentStreaming: Texture pool size now 600 MB
[2019.05.25-19.22.11:359][  1]LeapMotionLog: LeapService: OnConnect.
[2019.05.25-19.22.11:651][  2]LogD3D11RHI: Error: agsDriverExtensionsDX11_SetDepthBounds(1,0.000000, 1.000000) returned error code 6. **********PLEASE UPDATE YOUR VIDEO DRIVERS*********
[2019.05.25-19.22.12:280][  5]LogAssetRegistry: Asset discovery search completed in 69.6145 seconds
[2019.05.25-19.22.12:284][  5]LogCollectionManager: Rebuilt the object cache for 0 collections in 0.000001 seconds (found 0 objects)
[2019.05.25-19.22.12:284][  5]LogCollectionManager: Fixed up redirectors for 0 collections in 0.000165 seconds (updated 0 objects)
[2019.05.25-19.22.12:313][  5]LogSlate: Took 0.001604 seconds to synchronously load lazily loaded font '../../../Engine/Content/Slate/Fonts/Roboto-Light.ttf' (167K)
[2019.05.25-20.16.37:539][738]LogSlate: FSceneViewport::OnFocusLost() reason 0
[2019.05.25-20.17.13:183][920]LogSlate: FSceneViewport::OnFocusLost() reason 0
[2019.05.25-20.17.46:520][380]LogEditorViewport: Clicking on Actor (LMB): PlayerStart (Player Start)
[2019.05.25-20.17.47:718][444]LogSlate: FSceneViewport::OnFocusLost() reason 0
[2019.05.25-20.17.51:004][617]LogEditorViewport: Clicking on Actor (LMB): BP_MantaAislante_C (BP_MantaAislante)
[2019.05.25-20.17.55:363][842]LogEditorViewport: Clicking on Actor (LMB): BP_MantaAislante_C (BP_MantaAislante5)
[2019.05.25-20.17.58:214][986]LogEditorViewport: Clicking on Actor (LMB): BP_Aislante_C (BP_Aislante5)
[2019.05.25-20.18.04:690][324]LogEditorViewport: Clicking on Actor (LMB): BP_Aislante_C (BP_Aislante12)
[2019.05.25-21.07.43:434][562]LogSlate: FSceneViewport::OnFocusLost() reason 0
[2019.05.25-21.07.43:676][562]LogAssetEditorManager: Opening Asset editor for Blueprint /Game/BP_Items/BLUEPRINTS/BP_Item.BP_Item
[2019.05.25-21.07.45:386][562]LogContentBrowser: Native class hierarchy updated for 'BlueprintGraph' in 0.0012 seconds. Added 117 classes and 0 folders.
[2019.05.25-21.07.47:429][562]LogSlate: Took 0.024346 seconds to synchronously load lazily loaded font '../../../Engine/Content/Slate/Fonts/Roboto-BoldCondensed.ttf' (158K)
[2019.05.25-21.07.48:141][563]LogSlate: Took 0.064527 seconds to synchronously load lazily loaded font '../../../Engine/Content/Slate/Fonts/Roboto-Italic.ttf' (157K)
[2019.05.25-21.08.45:678][720]BlueprintLog: New page: Compile BP_Item
[2019.05.25-21.08.46:983][721]Cmd: OBJ SAVEPACKAGE PACKAGE="/Game/BP_Items/BLUEPRINTS/BP_Item" FILE="../../../../../../Users/Samuel/Documents/GitHub/CFE_RV/CFE_LeapMotion2/Content/BP_Items/BLUEPRINTS/BP_Item.uasset" SILENT=true
[2019.05.25-21.08.47:262][721]LogSavePackage: Moving '../../../../../../Users/Samuel/Documents/GitHub/CFE_RV/CFE_LeapMotion2/Saved/BP_ItemC604D6D44139201D5B83D3AD3FF61B05.tmp' to '../../../../../../Users/Samuel/Documents/GitHub/CFE_RV/CFE_LeapMotion2/Content/BP_Items/BLUEPRINTS/BP_Item.uasset'
[2019.05.25-21.09.13:153][831]LogSavePackage: Moving '../../../../../../Users/Samuel/Documents/GitHub/CFE_RV/CFE_LeapMotion2/Saved/Minimal_Default_Auto10B9017E54171D0C84F5424A4441EC01B.tmp' to '../../../../../../Users/Samuel/Documents/GitHub/CFE_RV/CFE_LeapMotion2/Saved/Autosaves/Game/StarterContent/Maps/Minimal_Default_Auto1.umap'
[2019.05.25-21.09.13:220][831]LogFileHelpers: Editor autosave (incl. sublevels) for '/Game/StarterContent/Maps/Minimal_Default' took 0.777
[2019.05.25-21.09.13:220][831]LogFileHelpers: Editor autosave (incl. sublevels) for all levels took 0.777
[2019.05.25-21.11.16:463][102]LogSlate: Took 0.025535 seconds to synchronously load lazily loaded font '../../../Engine/Content/Slate/Fonts/Roboto-BoldCondensedItalic.ttf' (160K)
[2019.05.25-21.11.36:887][225]BlueprintLog: New page: Compile BP_Item
[2019.05.25-21.11.38:358][241]Cmd: OBJ SAVEPACKAGE PACKAGE="/Game/BP_Items/BLUEPRINTS/BP_Item" FILE="../../../../../../Users/Samuel/Documents/GitHub/CFE_RV/CFE_LeapMotion2/Content/BP_Items/BLUEPRINTS/BP_Item.uasset" SILENT=true
[2019.05.25-21.11.38:610][241]LogSavePackage: Moving '../../../../../../Users/Samuel/Documents/GitHub/CFE_RV/CFE_LeapMotion2/Saved/BP_Item311F959B4951458E57AD28A0103C6F76.tmp' to '../../../../../../Users/Samuel/Documents/GitHub/CFE_RV/CFE_LeapMotion2/Content/BP_Items/BLUEPRINTS/BP_Item.uasset'
[2019.05.25-21.11.41:867][420]BlueprintLog: New page: Compile BP_Item
[2019.05.25-21.11.43:341][440]Cmd: OBJ SAVEPACKAGE PACKAGE="/Game/BP_Items/BLUEPRINTS/BP_Item" FILE="../../../../../../Users/Samuel/Documents/GitHub/CFE_RV/CFE_LeapMotion2/Content/BP_Items/BLUEPRINTS/BP_Item.uasset" SILENT=true
[2019.05.25-21.11.43:583][440]LogSavePackage: Moving '../../../../../../Users/Samuel/Documents/GitHub/CFE_RV/CFE_LeapMotion2/Saved/BP_ItemC47FD80946E051217FC5EFAB1C82337F.tmp' to '../../../../../../Users/Samuel/Documents/GitHub/CFE_RV/CFE_LeapMotion2/Content/BP_Items/BLUEPRINTS/BP_Item.uasset'
[2019.05.25-21.12.11:800][  8]LogAssetEditorManager: Opening Asset editor for Blueprint /Game/BP_Character/BP_Pawn.BP_Pawn
[2019.05.25-21.12.12:588][  8]LogTemp: Bone cache synced: 20
[2019.05.25-21.12.12:612][  8]LogTemp: Bone cache synced: 0
[2019.05.25-21.12.12:612][  8]LogTemp: Bone cache synced: 20
[2019.05.25-21.15.20:956][776]BlueprintLog: New page: Compile BP_Item
[2019.05.25-21.15.21:664][776]LogTemp: Bone cache synced: 20
[2019.05.25-21.15.21:665][776]LogTemp: Bone cache synced: 0
[2019.05.25-21.15.21:666][776]LogTemp: Bone cache synced: 20
[2019.05.25-21.15.21:670][776]LogTemp: Bone cache synced: 20
[2019.05.25-21.15.21:671][776]LogTemp: Bone cache synced: 20
[2019.05.25-21.15.21:671][776]LogTemp: Bone cache synced: 20
[2019.05.25-21.15.21:672][776]LogTemp: Bone cache synced: 20
[2019.05.25-21.15.21:673][776]LogTemp: Bone cache synced: 20
[2019.05.25-21.15.21:674][776]LogTemp: Bone cache synced: 20
[2019.05.25-21.15.21:675][776]LogTemp: Bone cache synced: 20
[2019.05.25-21.15.21:675][776]LogTemp: Bone cache synced: 20
[2019.05.25-21.15.21:677][776]LogTemp: Bone cache synced: 20
[2019.05.25-21.15.21:677][776]LogTemp: Bone cache synced: 20
[2019.05.25-21.15.21:679][776]LogTemp: Bone cache synced: 20
[2019.05.25-21.15.21:679][776]LogTemp: Bone cache synced: 20
[2019.05.25-21.15.21:681][776]LogTemp: Bone cache synced: 20
[2019.05.25-21.15.21:681][776]LogTemp: Bone cache synced: 20
[2019.05.25-21.15.21:683][776]LogTemp: Bone cache synced: 20
[2019.05.25-21.15.21:683][776]LogTemp: Bone cache synced: 20
[2019.05.25-21.15.21:718][776]LogTemp: Bone cache synced: 20
[2019.05.25-21.15.21:720][776]LogTemp: Bone cache synced: 0
[2019.05.25-21.15.21:720][776]LogTemp: Bone cache synced: 20
[2019.05.25-21.15.22:615][798]Cmd: OBJ SAVEPACKAGE PACKAGE="/Game/BP_Items/BLUEPRINTS/BP_Item" FILE="../../../../../../Users/Samuel/Documents/GitHub/CFE_RV/CFE_LeapMotion2/Content/BP_Items/BLUEPRINTS/BP_Item.uasset" SILENT=true
[2019.05.25-21.15.22:925][798]LogSavePackage: Moving '../../../../../../Users/Samuel/Documents/GitHub/CFE_RV/CFE_LeapMotion2/Saved/BP_Item02EC538B484A495378D8EF8767415CA0.tmp' to '../../../../../../Users/Samuel/Documents/GitHub/CFE_RV/CFE_LeapMotion2/Content/BP_Items/BLUEPRINTS/BP_Item.uasset'
[2019.05.25-21.15.31:035][246]BlueprintLog: New page: Compile BP_Pawn
[2019.05.25-21.15.31:189][246]LogTemp: Bone cache synced: 20
[2019.05.25-21.15.31:191][246]LogTemp: Bone cache synced: 0
[2019.05.25-21.15.31:191][246]LogTemp: Bone cache synced: 20
[2019.05.25-21.15.31:195][246]LogTemp: Bone cache synced: 20
[2019.05.25-21.15.31:195][246]LogTemp: Bone cache synced: 20
[2019.05.25-21.15.31:197][246]LogTemp: Bone cache synced: 20
[2019.05.25-21.15.31:197][246]LogTemp: Bone cache synced: 20
[2019.05.25-21.15.31:200][246]LogTemp: Bone cache synced: 20
[2019.05.25-21.15.31:200][246]LogTemp: Bone cache synced: 20
[2019.05.25-21.15.31:201][246]LogTemp: Bone cache synced: 20
[2019.05.25-21.15.31:202][246]LogTemp: Bone cache synced: 20
[2019.05.25-21.15.31:203][246]LogTemp: Bone cache synced: 20
[2019.05.25-21.15.31:204][246]LogTemp: Bone cache synced: 20
[2019.05.25-21.15.31:205][246]LogTemp: Bone cache synced: 20
[2019.05.25-21.15.31:206][246]LogTemp: Bone cache synced: 20
[2019.05.25-21.15.31:207][246]LogTemp: Bone cache synced: 20
[2019.05.25-21.15.31:208][246]LogTemp: Bone cache synced: 20
[2019.05.25-21.15.31:210][246]LogTemp: Bone cache synced: 20
[2019.05.25-21.15.31:210][246]LogTemp: Bone cache synced: 20
[2019.05.25-21.15.31:585][246]LogTemp: Bone cache synced: 20
[2019.05.25-21.15.31:587][246]LogTemp: Bone cache synced: 0
[2019.05.25-21.15.31:587][246]LogTemp: Bone cache synced: 20
[2019.05.25-21.15.31:625][246]LogTemp: Bone cache synced: 20
[2019.05.25-21.15.31:627][246]LogTemp: Bone cache synced: 0
[2019.05.25-21.15.31:628][246]LogTemp: Bone cache synced: 20
[2019.05.25-21.15.32:521][273]Cmd: OBJ SAVEPACKAGE PACKAGE="/Game/BP_Character/BP_Pawn" FILE="../../../../../../Users/Samuel/Documents/GitHub/CFE_RV/CFE_LeapMotion2/Content/BP_Character/BP_Pawn.uasset" SILENT=true
[2019.05.25-21.15.32:745][273]LogSavePackage: Moving '../../../../../../Users/Samuel/Documents/GitHub/CFE_RV/CFE_LeapMotion2/Saved/BP_Pawn7D5D4F254D758D00BCC6C4918619ADF0.tmp' to '../../../../../../Users/Samuel/Documents/GitHub/CFE_RV/CFE_LeapMotion2/Content/BP_Character/BP_Pawn.uasset'
[2019.05.25-21.16.02:360][824]BlueprintLog: New page: Compile BP_Item
[2019.05.25-21.16.03:051][824]LogTemp: Bone cache synced: 20
[2019.05.25-21.16.03:053][824]LogTemp: Bone cache synced: 0
[2019.05.25-21.16.03:053][824]LogTemp: Bone cache synced: 20
[2019.05.25-21.16.03:057][824]LogTemp: Bone cache synced: 20
[2019.05.25-21.16.03:057][824]LogTemp: Bone cache synced: 20
[2019.05.25-21.16.03:059][824]LogTemp: Bone cache synced: 20
[2019.05.25-21.16.03:059][824]LogTemp: Bone cache synced: 20
[2019.05.25-21.16.03:061][824]LogTemp: Bone cache synced: 20
[2019.05.25-21.16.03:061][824]LogTemp: Bone cache synced: 20
[2019.05.25-21.16.03:062][824]LogTemp: Bone cache synced: 20
[2019.05.25-21.16.03:063][824]LogTemp: Bone cache synced: 20
[2019.05.25-21.16.03:064][824]LogTemp: Bone cache synced: 20
[2019.05.25-21.16.03:064][824]LogTemp: Bone cache synced: 20
[2019.05.25-21.16.03:066][824]LogTemp: Bone cache synced: 20
[2019.05.25-21.16.03:066][824]LogTemp: Bone cache synced: 20
[2019.05.25-21.16.03:068][824]LogTemp: Bone cache synced: 20
[2019.05.25-21.16.03:068][824]LogTemp: Bone cache synced: 20
[2019.05.25-21.16.03:070][824]LogTemp: Bone cache synced: 20
[2019.05.25-21.16.03:070][824]LogTemp: Bone cache synced: 20
[2019.05.25-21.16.03:089][824]LogTemp: Bone cache synced: 20
[2019.05.25-21.16.03:090][824]LogTemp: Bone cache synced: 0
[2019.05.25-21.16.03:091][824]LogTemp: Bone cache synced: 20
[2019.05.25-21.16.03:818][833]Cmd: OBJ SAVEPACKAGE PACKAGE="/Game/BP_Items/BLUEPRINTS/BP_Item" FILE="../../../../../../Users/Samuel/Documents/GitHub/CFE_RV/CFE_LeapMotion2/Content/BP_Items/BLUEPRINTS/BP_Item.uasset" SILENT=true
[2019.05.25-21.16.04:101][833]LogSavePackage: Moving '../../../../../../Users/Samuel/Documents/GitHub/CFE_RV/CFE_LeapMotion2/Saved/BP_Item014C03B6451737978B98CE9379351EC4.tmp' to '../../../../../../Users/Samuel/Documents/GitHub/CFE_RV/CFE_LeapMotion2/Content/BP_Items/BLUEPRINTS/BP_Item.uasset'
[2019.05.25-21.16.09:843][107]LogTemp: Bone cache synced: 20
[2019.05.25-21.16.09:845][107]LogTemp: Bone cache synced: 0
[2019.05.25-21.16.09:845][107]LogTemp: Bone cache synced: 20
[2019.05.25-21.16.13:480][280]BlueprintLog: New page: Compile BP_Pawn
[2019.05.25-21.16.13:629][280]LogTemp: Bone cache synced: 20
[2019.05.25-21.16.13:630][280]LogTemp: Bone cache synced: 0
[2019.05.25-21.16.13:631][280]LogTemp: Bone cache synced: 20
[2019.05.25-21.16.13:635][280]LogTemp: Bone cache synced: 20
[2019.05.25-21.16.13:635][280]LogTemp: Bone cache synced: 20
[2019.05.25-21.16.13:637][280]LogTemp: Bone cache synced: 20
[2019.05.25-21.16.13:638][280]LogTemp: Bone cache synced: 20
[2019.05.25-21.16.13:640][280]LogTemp: Bone cache synced: 20
[2019.05.25-21.16.13:640][280]LogTemp: Bone cache synced: 20
[2019.05.25-21.16.13:642][280]LogTemp: Bone cache synced: 20
[2019.05.25-21.16.13:642][280]LogTemp: Bone cache synced: 20
[2019.05.25-21.16.13:644][280]LogTemp: Bone cache synced: 20
[2019.05.25-21.16.13:644][280]LogTemp: Bone cache synced: 20
[2019.05.25-21.16.13:646][280]LogTemp: Bone cache synced: 20
[2019.05.25-21.16.13:646][280]LogTemp: Bone cache synced: 20
[2019.05.25-21.16.13:648][280]LogTemp: Bone cache synced: 20
[2019.05.25-21.16.13:649][280]LogTemp: Bone cache synced: 20
[2019.05.25-21.16.13:651][280]LogTemp: Bone cache synced: 20
[2019.05.25-21.16.13:651][280]LogTemp: Bone cache synced: 20
[2019.05.25-21.16.14:004][280]LogTemp: Bone cache synced: 20
[2019.05.25-21.16.14:006][280]LogTemp: Bone cache synced: 0
[2019.05.25-21.16.14:006][280]LogTemp: Bone cache synced: 20
[2019.05.25-21.16.14:043][280]LogTemp: Bone cache synced: 20
[2019.05.25-21.16.14:046][280]LogTemp: Bone cache synced: 0
[2019.05.25-21.16.14:046][280]LogTemp: Bone cache synced: 20
[2019.05.25-21.16.15:095][319]Cmd: OBJ SAVEPACKAGE PACKAGE="/Game/BP_Character/BP_Pawn" FILE="../../../../../../Users/Samuel/Documents/GitHub/CFE_RV/CFE_LeapMotion2/Content/BP_Character/BP_Pawn.uasset" SILENT=true
[2019.05.25-21.16.15:303][319]LogSavePackage: Moving '../../../../../../Users/Samuel/Documents/GitHub/CFE_RV/CFE_LeapMotion2/Saved/BP_Pawn337E0C574459CADD43DC7D85EDA91FE7.tmp' to '../../../../../../Users/Samuel/Documents/GitHub/CFE_RV/CFE_LeapMotion2/Content/BP_Character/BP_Pawn.uasset'
[2019.05.25-21.16.23:387][747]LogEditorViewport: Clicking on Actor (LMB): BP_Aislante_C (BP_Aislante2)
[2019.05.25-21.16.32:371][159]LogSlate: FSceneViewport::OnFocusLost() reason 0
[2019.05.25-21.16.41:904][568]BlueprintLog: New page: Compile BP_Item
[2019.05.25-21.16.42:841][568]LogTemp: Bone cache synced: 20
[2019.05.25-21.16.42:843][568]LogTemp: Bone cache synced: 0
[2019.05.25-21.16.42:844][568]LogTemp: Bone cache synced: 20
[2019.05.25-21.16.42:848][568]LogTemp: Bone cache synced: 20
[2019.05.25-21.16.42:848][568]LogTemp: Bone cache synced: 20
[2019.05.25-21.16.42:850][568]LogTemp: Bone cache synced: 20
[2019.05.25-21.16.42:850][568]LogTemp: Bone cache synced: 20
[2019.05.25-21.16.42:852][568]LogTemp: Bone cache synced: 20
[2019.05.25-21.16.42:852][568]LogTemp: Bone cache synced: 20
[2019.05.25-21.16.42:855][568]LogTemp: Bone cache synced: 20
[2019.05.25-21.16.42:855][568]LogTemp: Bone cache synced: 20
[2019.05.25-21.16.42:857][568]LogTemp: Bone cache synced: 20
[2019.05.25-21.16.42:857][568]LogTemp: Bone cache synced: 20
[2019.05.25-21.16.42:858][568]LogTemp: Bone cache synced: 20
[2019.05.25-21.16.42:858][568]LogTemp: Bone cache synced: 20
[2019.05.25-21.16.42:861][568]LogTemp: Bone cache synced: 20
[2019.05.25-21.16.42:861][568]LogTemp: Bone cache synced: 20
[2019.05.25-21.16.42:862][568]LogTemp: Bone cache synced: 20
[2019.05.25-21.16.42:862][568]LogTemp: Bone cache synced: 20
[2019.05.25-21.16.42:881][568]LogTemp: Bone cache synced: 20
[2019.05.25-21.16.42:883][568]LogTemp: Bone cache synced: 0
[2019.05.25-21.16.42:883][568]LogTemp: Bone cache synced: 20
[2019.05.25-21.16.43:413][569]Cmd: OBJ SAVEPACKAGE PACKAGE="/Game/BP_Items/BLUEPRINTS/BP_Item" FILE="../../../../../../Users/Samuel/Documents/GitHub/CFE_RV/CFE_LeapMotion2/Content/BP_Items/BLUEPRINTS/BP_Item.uasset" SILENT=true
[2019.05.25-21.16.43:689][569]LogSavePackage: Moving '../../../../../../Users/Samuel/Documents/GitHub/CFE_RV/CFE_LeapMotion2/Saved/BP_Item3FAEA84A4C9C54F957258595BD3215F1.tmp' to '../../../../../../Users/Samuel/Documents/GitHub/CFE_RV/CFE_LeapMotion2/Content/BP_Items/BLUEPRINTS/BP_Item.uasset'
[2019.05.25-21.16.56:625][173]LogSavePackage: Moving '../../../../../../Users/Samuel/Documents/GitHub/CFE_RV/CFE_LeapMotion2/Saved/Minimal_Default369670E7470AFAABB4C84882CC9B46D7.tmp' to '../../../../../../Users/Samuel/Documents/GitHub/CFE_RV/CFE_LeapMotion2/Content/StarterContent/Maps/Minimal_Default.umap'
[2019.05.25-21.16.57:198][173]LogSavePackage: Moving '../../../../../../Users/Samuel/Documents/GitHub/CFE_RV/CFE_LeapMotion2/Saved/Minimal_Default_BuiltDataB7F1A15A40A4AECC56CA3D828E8E2ABB.tmp' to '../../../../../../Users/Samuel/Documents/GitHub/CFE_RV/CFE_LeapMotion2/Content/StarterContent/Maps/Minimal_Default_BuiltData.uasset'
[2019.05.25-21.17.34:570][215]BlueprintLog: New page: Compile BP_Item
[2019.05.25-21.17.35:549][215]LogTemp: Bone cache synced: 20
[2019.05.25-21.17.35:551][215]LogTemp: Bone cache synced: 0
[2019.05.25-21.17.35:551][215]LogTemp: Bone cache synced: 20
[2019.05.25-21.17.35:555][215]LogTemp: Bone cache synced: 20
[2019.05.25-21.17.35:555][215]LogTemp: Bone cache synced: 20
[2019.05.25-21.17.35:557][215]LogTemp: Bone cache synced: 20
[2019.05.25-21.17.35:557][215]LogTemp: Bone cache synced: 20
[2019.05.25-21.17.35:559][215]LogTemp: Bone cache synced: 20
[2019.05.25-21.17.35:559][215]LogTemp: Bone cache synced: 20
[2019.05.25-21.17.35:561][215]LogTemp: Bone cache synced: 20
[2019.05.25-21.17.35:562][215]LogTemp: Bone cache synced: 20
[2019.05.25-21.17.35:563][215]LogTemp: Bone cache synced: 20
[2019.05.25-21.17.35:564][215]LogTemp: Bone cache synced: 20
[2019.05.25-21.17.35:565][215]LogTemp: Bone cache synced: 20
[2019.05.25-21.17.35:566][215]LogTemp: Bone cache synced: 20
[2019.05.25-21.17.35:568][215]LogTemp: Bone cache synced: 20
[2019.05.25-21.17.35:568][215]LogTemp: Bone cache synced: 20
[2019.05.25-21.17.35:570][215]LogTemp: Bone cache synced: 20
[2019.05.25-21.17.35:570][215]LogTemp: Bone cache synced: 20
[2019.05.25-21.17.35:591][215]LogTemp: Bone cache synced: 20
[2019.05.25-21.17.35:593][215]LogTemp: Bone cache synced: 0
[2019.05.25-21.17.35:593][215]LogTemp: Bone cache synced: 20
[2019.05.25-21.17.36:508][239]Cmd: OBJ SAVEPACKAGE PACKAGE="/Game/BP_Items/BLUEPRINTS/BP_Item" FILE="../../../../../../Users/Samuel/Documents/GitHub/CFE_RV/CFE_LeapMotion2/Content/BP_Items/BLUEPRINTS/BP_Item.uasset" SILENT=true
[2019.05.25-21.17.36:783][239]LogSavePackage: Moving '../../../../../../Users/Samuel/Documents/GitHub/CFE_RV/CFE_LeapMotion2/Saved/BP_Item0D206D474396256BF2094E86580DA06F.tmp' to '../../../../../../Users/Samuel/Documents/GitHub/CFE_RV/CFE_LeapMotion2/Content/BP_Items/BLUEPRINTS/BP_Item.uasset'
[2019.05.25-21.17.53:555][624]LogSlate: FSceneViewport::OnFocusLost() reason 0
[2019.05.25-21.17.54:538][629]LogSavePackage: Moving '../../../../../../Users/Samuel/Documents/GitHub/CFE_RV/CFE_LeapMotion2/Saved/Minimal_DefaultEAB22B514C7D823AF476C882D8C83192.tmp' to '../../../../../../Users/Samuel/Documents/GitHub/CFE_RV/CFE_LeapMotion2/Content/StarterContent/Maps/Minimal_Default.umap'
[2019.05.25-21.17.55:087][629]LogSavePackage: Moving '../../../../../../Users/Samuel/Documents/GitHub/CFE_RV/CFE_LeapMotion2/Saved/Minimal_Default_BuiltDataFE68C5184F7DA61269CC6AA680930353.tmp' to '../../../../../../Users/Samuel/Documents/GitHub/CFE_RV/CFE_LeapMotion2/Content/StarterContent/Maps/Minimal_Default_BuiltData.uasset'
[2019.05.25-21.19.06:351][350]LeapMotionLog: OnDeviceFound Peripheral S323A047707.
[2019.05.25-21.19.06:351][350]LeapMotionLog: LeapServiceLog: Firmware is up to date.
[2019.05.25-21.19.13:332][685]LogBlueprintUserMessages: Early PlayInEditor Detection: Level '/Game/StarterContent/Maps/Minimal_Default.Minimal_Default:PersistentLevel' has LevelScriptBlueprint '/Game/StarterContent/Maps/Minimal_Default.Minimal_Default:PersistentLevel.Minimal_Default' with GeneratedClass '/Game/StarterContent/Maps/Minimal_Default.Minimal_Default_C' with ClassGeneratedBy '/Game/StarterContent/Maps/Minimal_Default.Minimal_Default:PersistentLevel.Minimal_Default'
[2019.05.25-21.19.13:332][685]LogPlayLevel: PlayLevel: No blueprints needed recompiling
[2019.05.25-21.19.13:410][685]PIE: New page: PIE session: Minimal_Default (May 25, 2019, 11:19:13 AM)
[2019.05.25-21.19.13:428][685]LogPlayLevel: Creating play world package: /Game/StarterContent/Maps/UEDPIE_0_Minimal_Default
[2019.05.25-21.19.13:447][685]LogPlayLevel: PIE: StaticDuplicateObject took: (0.018475s)
[2019.05.25-21.19.13:449][685]LogAIModule: Creating AISystem for world Minimal_Default
[2019.05.25-21.19.13:450][685]LogPlayLevel: PIE: World Init took: (0.002802s)
[2019.05.25-21.19.13:450][685]LogPlayLevel: PIE: Created PIE world by copying editor world from /Game/StarterContent/Maps/Minimal_Default.Minimal_Default to /Game/StarterContent/Maps/UEDPIE_0_Minimal_Default.Minimal_Default (0.022399s)
[2019.05.25-21.19.13:571][685]LogInit: XAudio2 using 'Altavoces (Conexant SmartAudio HD)' : 2 channels at 48 kHz using 32 bits per sample (channel mask 0x3)
[2019.05.25-21.19.13:644][685]LogInit: FAudioDevice initialized.
[2019.05.25-21.19.13:659][685]LogSlate: Updating window title bar state: overlay mode, drag disabled, window buttons hidden, title bar hidden
[2019.05.25-21.19.13:772][685]LogLoad: Game class is 'CFE_GameMode_C'
[2019.05.25-21.19.13:781][685]LogWorld: Bringing World /Game/StarterContent/Maps/UEDPIE_0_Minimal_Default.Minimal_Default up for play (max tick rate 60) at 2019.05.25-16.19.13
[2019.05.25-21.19.13:782][685]LogWorld: Bringing up level for play took: 0.005519
[2019.05.25-21.19.13:848][685]LogContentBrowser: Native class hierarchy updated for 'MovieSceneCapture' in 0.0014 seconds. Added 20 classes and 0 folders.
[2019.05.25-21.19.13:848][685]LogGameMode: Display: Match State Changed from EnteringMap to WaitingToStart
[2019.05.25-21.19.13:848][685]LogGameState: Match State Changed from EnteringMap to WaitingToStart
[2019.05.25-21.19.13:848][685]LogGameMode: Display: Match State Changed from WaitingToStart to InProgress
[2019.05.25-21.19.13:886][685]LogTemp: Bone cache synced: 20
[2019.05.25-21.19.13:901][685]LogTemp: Bone cache synced: 0
[2019.05.25-21.19.13:901][685]LogTemp: Bone cache synced: 20
[2019.05.25-21.19.13:903][685]LeapMotionLog: AddEventDelegate (1).
[2019.05.25-21.19.14:085][685]LogGameState: Match State Changed from WaitingToStart to InProgress
[2019.05.25-21.19.14:107][685]PIE: Play in editor start time for /Game/StarterContent/Maps/UEDPIE_0_Minimal_Default 0.669
[2019.05.25-21.19.14:108][685]LogBlueprintUserMessages: Late PlayInEditor Detection: Level '/Game/StarterContent/Maps/Minimal_Default.Minimal_Default:PersistentLevel' has LevelScriptBlueprint '/Game/StarterContent/Maps/Minimal_Default.Minimal_Default:PersistentLevel.Minimal_Default' with GeneratedClass '/Game/StarterContent/Maps/Minimal_Default.Minimal_Default_C' with ClassGeneratedBy '/Game/StarterContent/Maps/Minimal_Default.Minimal_Default:PersistentLevel.Minimal_Default'
[2019.05.25-21.19.14:364][685]LogRenderer: Reallocating scene render targets to support 916x536 Format 9 NumSamples 1 (Frame:1).
[2019.05.25-21.19.18:734][851]LogScript: Warning: Script Msg: Attempted to access index 0 from array 'CallFunc_GetOverlappingActors_OverlappingActors' of length 0 in '/LeapMotion/DirectRigging/LowPoly/LeapDesktopLowPoly.LeapDesktopLowPoly_C:ExecuteUbergraph_LeapDesktopLowPoly'!
[2019.05.25-21.19.19:919][898]LogScript: Warning: Script Msg: Attempted to access index 0 from array 'CallFunc_GetOverlappingActors_OverlappingActors' of length 0 in '/LeapMotion/DirectRigging/LowPoly/LeapDesktopLowPoly.LeapDesktopLowPoly_C:ExecuteUbergraph_LeapDesktopLowPoly'!
[2019.05.25-21.19.20:609][924]LogScript: Warning: Script Msg: Attempted to access index 0 from array 'CallFunc_GetOverlappingActors_OverlappingActors' of length 0 in '/LeapMotion/DirectRigging/LowPoly/LeapDesktopLowPoly.LeapDesktopLowPoly_C:ExecuteUbergraph_LeapDesktopLowPoly'!
[2019.05.25-21.19.20:890][935]LogScript: Warning: Script Msg: Attempted to access index 0 from array 'CallFunc_GetOverlappingActors_OverlappingActors' of length 0 in '/LeapMotion/DirectRigging/LowPoly/LeapDesktopLowPoly.LeapDesktopLowPoly_C:ExecuteUbergraph_LeapDesktopLowPoly'!
[2019.05.25-21.19.25:413][ 97]LogScript: Warning: Script Msg: Attempted to access index 0 from array 'CallFunc_GetOverlappingActors_OverlappingActors' of length 0 in '/LeapMotion/DirectRigging/LowPoly/LeapDesktopLowPoly.LeapDesktopLowPoly_C:ExecuteUbergraph_LeapDesktopLowPoly'!
[2019.05.25-21.19.27:872][191]LogScript: Warning: Script Msg: Attempted to access index 0 from array 'CallFunc_GetOverlappingActors_OverlappingActors' of length 0 in '/LeapMotion/DirectRigging/LowPoly/LeapDesktopLowPoly.LeapDesktopLowPoly_C:ExecuteUbergraph_LeapDesktopLowPoly'!
[2019.05.25-21.19.30:042][275]LogScript: Warning: Script Msg: Attempted to access index 0 from array 'CallFunc_GetOverlappingActors_OverlappingActors' of length 0 in '/LeapMotion/DirectRigging/LowPoly/LeapDesktopLowPoly.LeapDesktopLowPoly_C:ExecuteUbergraph_LeapDesktopLowPoly'!
[2019.05.25-21.19.30:221][282]LogScript: Warning: Script Msg: Attempted to access index 0 from array 'CallFunc_GetOverlappingActors_OverlappingActors' of length 0 in '/LeapMotion/DirectRigging/LowPoly/LeapDesktopLowPoly.LeapDesktopLowPoly_C:ExecuteUbergraph_LeapDesktopLowPoly'!
[2019.05.25-21.19.39:056][645]LogScript: Warning: Script Msg: Attempted to access index 0 from array 'CallFunc_GetOverlappingActors_OverlappingActors' of length 0 in '/LeapMotion/DirectRigging/LowPoly/LeapDesktopLowPoly.LeapDesktopLowPoly_C:ExecuteUbergraph_LeapDesktopLowPoly'!
[2019.05.25-21.19.40:590][704]LogScript: Warning: Script Msg: Attempted to access index 0 from array 'CallFunc_GetOverlappingActors_OverlappingActors' of length 0 in '/LeapMotion/DirectRigging/LowPoly/LeapDesktopLowPoly.LeapDesktopLowPoly_C:ExecuteUbergraph_LeapDesktopLowPoly'!
[2019.05.25-21.19.41:093][724]LogScript: Warning: Script Msg: Attempted to access index 0 from array 'CallFunc_GetOverlappingActors_OverlappingActors' of length 0 in '/LeapMotion/DirectRigging/LowPoly/LeapDesktopLowPoly.LeapDesktopLowPoly_C:ExecuteUbergraph_LeapDesktopLowPoly'!
[2019.05.25-21.19.41:865][754]LogScript: Warning: Script Msg: Attempted to access index 0 from array 'CallFunc_GetOverlappingActors_OverlappingActors' of length 0 in '/LeapMotion/DirectRigging/LowPoly/LeapDesktopLowPoly.LeapDesktopLowPoly_C:ExecuteUbergraph_LeapDesktopLowPoly'!
[2019.05.25-21.19.42:963][797]LogScript: Warning: Script Msg: Attempted to access index 0 from array 'CallFunc_GetOverlappingActors_OverlappingActors' of length 0 in '/LeapMotion/DirectRigging/LowPoly/LeapDesktopLowPoly.LeapDesktopLowPoly_C:ExecuteUbergraph_LeapDesktopLowPoly'!
[2019.05.25-21.19.43:091][802]LogScript: Warning: Script Msg: Attempted to access index 0 from array 'CallFunc_GetOverlappingActors_OverlappingActors' of length 0 in '/LeapMotion/DirectRigging/LowPoly/LeapDesktopLowPoly.LeapDesktopLowPoly_C:ExecuteUbergraph_LeapDesktopLowPoly'!
[2019.05.25-21.19.44:238][846]LogScript: Warning: Script Msg: Attempted to access index 0 from array 'CallFunc_GetOverlappingActors_OverlappingActors' of length 0 in '/LeapMotion/DirectRigging/LowPoly/LeapDesktopLowPoly.LeapDesktopLowPoly_C:ExecuteUbergraph_LeapDesktopLowPoly'!
[2019.05.25-21.19.45:082][878]LogScript: Warning: Script Msg: Attempted to access index 0 from array 'CallFunc_GetOverlappingActors_OverlappingActors' of length 0 in '/LeapMotion/DirectRigging/LowPoly/LeapDesktopLowPoly.LeapDesktopLowPoly_C:ExecuteUbergraph_LeapDesktopLowPoly'!
[2019.05.25-21.19.45:234][884]LogScript: Warning: Script Msg: Attempted to access index 0 from array 'CallFunc_GetOverlappingActors_OverlappingActors' of length 0 in '/LeapMotion/DirectRigging/LowPoly/LeapDesktopLowPoly.LeapDesktopLowPoly_C:ExecuteUbergraph_LeapDesktopLowPoly'!
[2019.05.25-21.19.45:421][891]LogScript: Warning: Script Msg: Attempted to access index 0 from array 'CallFunc_GetOverlappingActors_OverlappingActors' of length 0 in '/LeapMotion/DirectRigging/LowPoly/LeapDesktopLowPoly.LeapDesktopLowPoly_C:ExecuteUbergraph_LeapDesktopLowPoly'!
[2019.05.25-21.19.47:159][960]LogScript: Warning: Script Msg: Attempted to access index 0 from array 'CallFunc_GetOverlappingActors_OverlappingActors' of length 0 in '/LeapMotion/DirectRigging/LowPoly/LeapDesktopLowPoly.LeapDesktopLowPoly_C:ExecuteUbergraph_LeapDesktopLowPoly'!
[2019.05.25-21.19.48:692][ 10]LogScript: Warning: Script Msg: Attempted to access index 0 from array 'CallFunc_GetOverlappingActors_OverlappingActors' of length 0 in '/LeapMotion/DirectRigging/LowPoly/LeapDesktopLowPoly.LeapDesktopLowPoly_C:ExecuteUbergraph_LeapDesktopLowPoly'!
[2019.05.25-21.19.49:950][ 45]LogScript: Warning: Script Msg: Attempted to access index 0 from array 'CallFunc_GetOverlappingActors_OverlappingActors' of length 0 in '/LeapMotion/DirectRigging/LowPoly/LeapDesktopLowPoly.LeapDesktopLowPoly_C:ExecuteUbergraph_LeapDesktopLowPoly'!
[2019.05.25-21.19.52:242][113]LogScript: Warning: Script Msg: Attempted to access index 0 from array 'CallFunc_GetOverlappingActors_OverlappingActors' of length 0 in '/LeapMotion/DirectRigging/LowPoly/LeapDesktopLowPoly.LeapDesktopLowPoly_C:ExecuteUbergraph_LeapDesktopLowPoly'!
[2019.05.25-21.19.52:436][119]LogScript: Warning: Script Msg: Attempted to access index 0 from array 'CallFunc_GetOverlappingActors_OverlappingActors' of length 0 in '/LeapMotion/DirectRigging/LowPoly/LeapDesktopLowPoly.LeapDesktopLowPoly_C:ExecuteUbergraph_LeapDesktopLowPoly'!
[2019.05.25-21.19.55:002][214]LogScript: Warning: Script Msg: Attempted to access index 0 from array 'CallFunc_GetOverlappingActors_OverlappingActors' of length 0 in '/LeapMotion/DirectRigging/LowPoly/LeapDesktopLowPoly.LeapDesktopLowPoly_C:ExecuteUbergraph_LeapDesktopLowPoly'!
[2019.05.25-21.19.55:082][217]LogScript: Warning: Script Msg: Attempted to access index 0 from array 'CallFunc_GetOverlappingActors_OverlappingActors' of length 0 in '/LeapMotion/DirectRigging/LowPoly/LeapDesktopLowPoly.LeapDesktopLowPoly_C:ExecuteUbergraph_LeapDesktopLowPoly'!
[2019.05.25-21.19.59:244][362]LogScript: Warning: Script Msg: Attempted to access index 0 from array 'CallFunc_GetOverlappingActors_OverlappingActors' of length 0 in '/LeapMotion/DirectRigging/LowPoly/LeapDesktopLowPoly.LeapDesktopLowPoly_C:ExecuteUbergraph_LeapDesktopLowPoly'!
[2019.05.25-21.20.02:971][497]LogScript: Warning: Script Msg: Attempted to access index 0 from array 'CallFunc_GetOverlappingActors_OverlappingActors' of length 0 in '/LeapMotion/DirectRigging/LowPoly/LeapDesktopLowPoly.LeapDesktopLowPoly_C:ExecuteUbergraph_LeapDesktopLowPoly'!
[2019.05.25-21.20.03:210][505]LogScript: Warning: Script Msg: Attempted to access index 0 from array 'CallFunc_GetOverlappingActors_OverlappingActors' of length 0 in '/LeapMotion/DirectRigging/LowPoly/LeapDesktopLowPoly.LeapDesktopLowPoly_C:ExecuteUbergraph_LeapDesktopLowPoly'!
[2019.05.25-21.20.03:301][508]LogScript: Warning: Script Msg: Attempted to access index 0 from array 'CallFunc_GetOverlappingActors_OverlappingActors' of length 0 in '/LeapMotion/DirectRigging/LowPoly/LeapDesktopLowPoly.LeapDesktopLowPoly_C:ExecuteUbergraph_LeapDesktopLowPoly'!
[2019.05.25-21.20.30:438][481]LogScript: Warning: Script Msg: Attempted to access index 0 from array 'CallFunc_GetOverlappingActors_OverlappingActors1' of length 0 in '/LeapMotion/DirectRigging/LowPoly/LeapDesktopLowPoly.LeapDesktopLowPoly_C:ExecuteUbergraph_LeapDesktopLowPoly'!
[2019.05.25-21.20.30:495][483]LogScript: Warning: Script Msg: Attempted to access index 0 from array 'CallFunc_GetOverlappingActors_OverlappingActors1' of length 0 in '/LeapMotion/DirectRigging/LowPoly/LeapDesktopLowPoly.LeapDesktopLowPoly_C:ExecuteUbergraph_LeapDesktopLowPoly'!
[2019.05.25-21.20.31:058][504]LogScript: Warning: Script Msg: Attempted to access index 0 from array 'CallFunc_GetOverlappingActors_OverlappingActors1' of length 0 in '/LeapMotion/DirectRigging/LowPoly/LeapDesktopLowPoly.LeapDesktopLowPoly_C:ExecuteUbergraph_LeapDesktopLowPoly'!
[2019.05.25-21.20.37:994][760]LogScript: Warning: Script Msg: Attempted to access index 0 from array 'CallFunc_GetOverlappingActors_OverlappingActors1' of length 0 in '/LeapMotion/DirectRigging/LowPoly/LeapDesktopLowPoly.LeapDesktopLowPoly_C:ExecuteUbergraph_LeapDesktopLowPoly'!
[2019.05.25-21.20.38:092][763]LogScript: Warning: Script Msg: Attempted to access index 0 from array 'CallFunc_GetOverlappingActors_OverlappingActors1' of length 0 in '/LeapMotion/DirectRigging/LowPoly/LeapDesktopLowPoly.LeapDesktopLowPoly_C:ExecuteUbergraph_LeapDesktopLowPoly'!
[2019.05.25-21.20.40:531][839]LogScript: Warning: Script Msg: Attempted to access index 0 from array 'CallFunc_GetOverlappingActors_OverlappingActors1' of length 0 in '/LeapMotion/DirectRigging/LowPoly/LeapDesktopLowPoly.LeapDesktopLowPoly_C:ExecuteUbergraph_LeapDesktopLowPoly'!
[2019.05.25-21.20.42:790][909]LogScript: Warning: Script Msg: Attempted to access index 0 from array 'CallFunc_GetOverlappingActors_OverlappingActors1' of length 0 in '/LeapMotion/DirectRigging/LowPoly/LeapDesktopLowPoly.LeapDesktopLowPoly_C:ExecuteUbergraph_LeapDesktopLowPoly'!
[2019.05.25-21.20.44:736][978]LogScript: Warning: Script Msg: Attempted to access index 0 from array 'CallFunc_GetOverlappingActors_OverlappingActors1' of length 0 in '/LeapMotion/DirectRigging/LowPoly/LeapDesktopLowPoly.LeapDesktopLowPoly_C:ExecuteUbergraph_LeapDesktopLowPoly'!
[2019.05.25-21.20.50:009][147]LogScript: Warning: Script Msg: Attempted to access index 0 from array 'CallFunc_GetOverlappingActors_OverlappingActors1' of length 0 in '/LeapMotion/DirectRigging/LowPoly/LeapDesktopLowPoly.LeapDesktopLowPoly_C:ExecuteUbergraph_LeapDesktopLowPoly'!
[2019.05.25-21.20.50:133][151]LogScript: Warning: Script Msg: Attempted to access index 0 from array 'CallFunc_GetOverlappingActors_OverlappingActors1' of length 0 in '/LeapMotion/DirectRigging/LowPoly/LeapDesktopLowPoly.LeapDesktopLowPoly_C:ExecuteUbergraph_LeapDesktopLowPoly'!
[2019.05.25-21.20.51:455][202]LogBlueprintUserMessages: Early EndPlayMap Detection: Level '/Game/StarterContent/Maps/Minimal_Default.Minimal_Default:PersistentLevel' has LevelScriptBlueprint '/Game/StarterContent/Maps/Minimal_Default.Minimal_Default:PersistentLevel.Minimal_Default' with GeneratedClass '/Game/StarterContent/Maps/Minimal_Default.Minimal_Default_C' with ClassGeneratedBy '/Game/StarterContent/Maps/Minimal_Default.Minimal_Default:PersistentLevel.Minimal_Default'
[2019.05.25-21.20.51:457][202]LogSlate: Updating window title bar state: overlay mode, drag disabled, window buttons hidden, title bar hidden
[2019.05.25-21.20.51:594][202]LogSlate: Window 'CFE_LeapMotion Game Preview Standalone (64-bit/PCD3D_SM5)' being destroyed
[2019.05.25-21.20.51:665][202]LogPlayLevel: Display: Shutting down PIE online subsystems
[2019.05.25-21.20.51:666][202]LogBlueprintUserMessages: Late EndPlayMap Detection: Level '/Game/StarterContent/Maps/Minimal_Default.Minimal_Default:PersistentLevel' has LevelScriptBlueprint '/Game/StarterContent/Maps/Minimal_Default.Minimal_Default:PersistentLevel.Minimal_Default' with GeneratedClass '/Game/StarterContent/Maps/Minimal_Default.Minimal_Default_C' with ClassGeneratedBy '/Game/StarterContent/Maps/Minimal_Default.Minimal_Default:PersistentLevel.Minimal_Default'
[2019.05.25-21.20.51:844][203]LogPlayLevel: Display: Destroying online subsystem :Context_7
[2019.05.25-21.20.59:204][550]LogTemp: Bone cache synced: 20
[2019.05.25-21.20.59:206][550]LogTemp: Bone cache synced: 0
[2019.05.25-21.20.59:207][550]LogTemp: Bone cache synced: 20
[2019.05.25-21.21.02:202][679]LogTemp: Bone cache synced: 20
[2019.05.25-21.21.02:204][679]LogTemp: Bone cache synced: 0
[2019.05.25-21.21.02:204][679]LogTemp: Bone cache synced: 20
[2019.05.25-21.21.02:233][679]LogTemp: Bone cache synced: 20
[2019.05.25-21.21.02:235][679]LogTemp: Bone cache synced: 0
[2019.05.25-21.21.02:235][679]LogTemp: Bone cache synced: 20
[2019.05.25-21.21.02:262][679]LogTemp: Bone cache synced: 20
[2019.05.25-21.21.02:264][679]LogTemp: Bone cache synced: 0
[2019.05.25-21.21.02:264][679]LogTemp: Bone cache synced: 20
[2019.05.25-21.21.08:419][  2]BlueprintLog: New page: Compile BP_Pawn
[2019.05.25-21.21.08:862][  2]LogTemp: Bone cache synced: 20
[2019.05.25-21.21.08:865][  2]LogTemp: Bone cache synced: 0
[2019.05.25-21.21.08:866][  2]LogTemp: Bone cache synced: 20
[2019.05.25-21.21.08:871][  2]LogTemp: Bone cache synced: 20
[2019.05.25-21.21.08:871][  2]LogTemp: Bone cache synced: 20
[2019.05.25-21.21.08:875][  2]LogTemp: Bone cache synced: 20
[2019.05.25-21.21.08:876][  2]LogTemp: Bone cache synced: 20
[2019.05.25-21.21.08:877][  2]LogTemp: Bone cache synced: 20
[2019.05.25-21.21.08:878][  2]LogTemp: Bone cache synced: 20
[2019.05.25-21.21.08:880][  2]LogTemp: Bone cache synced: 20
[2019.05.25-21.21.08:880][  2]LogTemp: Bone cache synced: 20
[2019.05.25-21.21.08:884][  2]LogTemp: Bone cache synced: 20
[2019.05.25-21.21.08:884][  2]LogTemp: Bone cache synced: 20
[2019.05.25-21.21.08:887][  2]LogTemp: Bone cache synced: 20
[2019.05.25-21.21.08:887][  2]LogTemp: Bone cache synced: 20
[2019.05.25-21.21.08:890][  2]LogTemp: Bone cache synced: 20
[2019.05.25-21.21.08:891][  2]LogTemp: Bone cache synced: 20
[2019.05.25-21.21.08:893][  2]LogTemp: Bone cache synced: 20
[2019.05.25-21.21.08:894][  2]LogTemp: Bone cache synced: 20
[2019.05.25-21.21.09:317][  2]LogTemp: Bone cache synced: 20
[2019.05.25-21.21.09:319][  2]LogTemp: Bone cache synced: 0
[2019.05.25-21.21.09:319][  2]LogTemp: Bone cache synced: 20
[2019.05.25-21.21.09:345][  2]LogTemp: Bone cache synced: 20
[2019.05.25-21.21.09:347][  2]LogTemp: Bone cache synced: 0
[2019.05.25-21.21.09:347][  2]LogTemp: Bone cache synced: 20
[2019.05.25-21.21.10:276][ 23]Cmd: OBJ SAVEPACKAGE PACKAGE="/Game/BP_Character/BP_Pawn" FILE="../../../../../../Users/Samuel/Documents/GitHub/CFE_RV/CFE_LeapMotion2/Content/BP_Character/BP_Pawn.uasset" SILENT=true
[2019.05.25-21.21.10:512][ 23]LogSavePackage: Moving '../../../../../../Users/Samuel/Documents/GitHub/CFE_RV/CFE_LeapMotion2/Saved/BP_Pawn87C88BDD454B7F67E6C7D897786EA35B.tmp' to '../../../../../../Users/Samuel/Documents/GitHub/CFE_RV/CFE_LeapMotion2/Content/BP_Character/BP_Pawn.uasset'
[2019.05.25-21.21.13:885][145]LogOutputDevice: Warning: 

Script Stack (0 frames):

[2019.05.25-21.21.13:885][145]LogWindows: Windows GetLastError: La operación se completó correctamente. (0)
[2019.05.25-21.21.24:131][145]LogThreadingWindows: Error: Runnable thread TaskGraphThreadHP 4 crashed.
[2019.05.25-21.21.24:132][145]LogWindows: Error: === Critical error: ===
[2019.05.25-21.21.24:132][145]LogWindows: Error: 
[2019.05.25-21.21.24:132][145]LogWindows: Error: Assertion failed: !Pose[ParentIndex].ContainsNaN() [File:c:\program files\epic games\ue_4.21\engine\source\runtime\engine\public\BonePose.h] [Line: 584] 
[2019.05.25-21.21.24:132][145]LogWindows: Error: 
[2019.05.25-21.21.24:132][145]LogWindows: Error: 
[2019.05.25-21.21.24:132][145]LogWindows: Error: 
[2019.05.25-21.21.24:132][145]LogWindows: Error: [Callstack] 0x00007ff8a31f9129 KERNELBASE.dll!UnknownFunction []
[2019.05.25-21.21.24:132][145]LogWindows: Error: [Callstack] 0x00007ff86457cd1a UE4Editor-Core.dll!UnknownFunction []
[2019.05.25-21.21.24:132][145]LogWindows: Error: [Callstack] 0x00007ff86435a967 UE4Editor-Core.dll!UnknownFunction []
[2019.05.25-21.21.24:132][145]LogWindows: Error: [Callstack] 0x00007ff864290df7 UE4Editor-Core.dll!UnknownFunction []
[2019.05.25-21.21.24:132][145]LogWindows: Error: [Callstack] 0x00007ff83ef469f9 UE4Editor-BodyState.dll!UnknownFunction []
[2019.05.25-21.21.24:132][145]LogWindows: Error: [Callstack] 0x00007ff83ef466dd UE4Editor-BodyState.dll!UnknownFunction []
[2019.05.25-21.21.24:132][145]LogWindows: Error: [Callstack] 0x00007ff83ef4bd79 UE4Editor-BodyState.dll!UnknownFunction []
[2019.05.25-21.21.24:132][145]LogWindows: Error: [Callstack] 0x00007ff83ef4b0f2 UE4Editor-BodyState.dll!UnknownFunction []
[2019.05.25-21.21.24:132][145]LogWindows: Error: [Callstack] 0x00007ff8542042f8 UE4Editor-AnimGraphRuntime.dll!UnknownFunction []
[2019.05.25-21.21.24:132][145]LogWindows: Error: [Callstack] 0x00007ff860f8edac UE4Editor-Engine.dll!UnknownFunction []
[2019.05.25-21.21.24:132][145]LogWindows: Error: [Callstack] 0x00007ff860f9079e UE4Editor-Engine.dll!UnknownFunction []
[2019.05.25-21.21.24:132][145]LogWindows: Error: [Callstack] 0x00007ff860f8e5ef UE4Editor-Engine.dll!UnknownFunction []
[2019.05.25-21.21.24:132][145]LogWindows: Error: [Callstack] 0x00007ff860f0589a UE4Editor-Engine.dll!UnknownFunction []
[2019.05.25-21.21.24:132][145]LogWindows: Error: [Callstack] 0x00007ff860f0558e UE4Editor-Engine.dll!UnknownFunction []
[2019.05.25-21.21.24:132][145]LogWindows: Error: [Callstack] 0x00007ff860f389b3 UE4Editor-Engine.dll!UnknownFunction []
[2019.05.25-21.21.24:132][145]LogWindows: Error: [Callstack] 0x00007ff8612e97f0 UE4Editor-Engine.dll!UnknownFunction []
[2019.05.25-21.21.24:132][145]LogWindows: Error: [Callstack] 0x00007ff861303e77 UE4Editor-Engine.dll!UnknownFunction []
[2019.05.25-21.21.24:132][145]LogWindows: Error: [Callstack] 0x00007ff8612e8547 UE4Editor-Engine.dll!UnknownFunction []
[2019.05.25-21.21.24:132][145]LogWindows: Error: [Callstack] 0x00007ff8612eaab0 UE4Editor-Engine.dll!UnknownFunction []
[2019.05.25-21.21.24:132][145]LogWindows: Error: [Callstack] 0x00007ff864120aec UE4Editor-Core.dll!UnknownFunction []
[2019.05.25-21.21.24:133][145]LogWindows: Error: [Callstack] 0x00007ff864121d70 UE4Editor-Core.dll!UnknownFunction []
[2019.05.25-21.21.24:133][145]LogWindows: Error: [Callstack] 0x00007ff86412baae UE4Editor-Core.dll!UnknownFunction []
[2019.05.25-21.21.24:133][145]LogWindows: Error: [Callstack] 0x00007ff86457c500 UE4Editor-Core.dll!UnknownFunction []
[2019.05.25-21.21.24:133][145]LogWindows: Error: [Callstack] 0x00007ff86456cac1 UE4Editor-Core.dll!UnknownFunction []
[2019.05.25-21.21.24:133][145]LogWindows: Error: [Callstack] 0x00007ff8a4697974 KERNEL32.DLL!UnknownFunction []
[2019.05.25-21.21.24:133][145]LogWindows: Error: [Callstack] 0x00007ff8a6dea271 ntdll.dll!UnknownFunction []
[2019.05.25-21.21.24:133][145]LogWindows: Error: 
[2019.05.25-21.21.24:133][145]LogWindows: Error: Crash in runnable thread TaskGraphThreadHP 4
[2019.05.25-21.21.24:238][145]LogExit: Executing StaticShutdownAfterError
[2019.05.25-21.21.24:238][145]LogWindows: FPlatformMisc::RequestExit(1)
[2019.05.25-21.21.24:244][145]Log file closed, 05/25/19 16:21:24
