Log file open, 05/30/19 15:09:19
LogWindows: Failed to load 'aqProf.dll' (GetLastError=126)
LogWindows: File 'aqProf.dll' does not exist
LogWindows: Failed to load 'VtuneApi.dll' (GetLastError=126)
LogWindows: File 'VtuneApi.dll' does not exist
LogWindows: Failed to load 'VtuneApi32e.dll' (GetLastError=126)
LogWindows: File 'VtuneApi32e.dll' does not exist
LogConsoleResponse: Display: Failed to find resolution value strings in scalability ini. Falling back to default.
LogInit: Display: Running engine for game: CFE_LeapMotion
LogPakFile: Registered encryption key '00000000000000000000000000000000': 0 pak files mounted, 0 remain pending
LogPlatformFile: Not using cached read wrapper
LogTaskGraph: Started task graph with 5 named threads and 14 total threads with 3 sets of task threads.
LogStats: Stats thread started at 0.278119
LogD3D11RHI: Loaded GFSDK_Aftermath_Lib.x64.dll
LogICUInternationalization: ICU TimeZone Detection - Raw Offset: -6:00, Platform Override: ''
LogPluginManager: Mounting plugin Paper2D
LogPluginManager: Mounting plugin AISupport
LogPluginManager: Mounting plugin LightPropagationVolume
LogPluginManager: Mounting plugin ActorLayerUtilities
LogPluginManager: Mounting plugin CLionSourceCodeAccess
LogPluginManager: Mounting plugin CodeLiteSourceCodeAccess
LogPluginManager: Mounting plugin GitSourceControl
LogPluginManager: Mounting plugin KDevelopSourceCodeAccess
LogPluginManager: Mounting plugin NullSourceCodeAccess
LogPluginManager: Mounting plugin PerforceSourceControl
LogPluginManager: Mounting plugin SubversionSourceControl
LogPluginManager: Mounting plugin UObjectPlugin
LogPluginManager: Mounting plugin VisualStudioCodeSourceCodeAccess
LogPluginManager: Mounting plugin VisualStudioSourceCodeAccess
LogPluginManager: Mounting plugin XCodeSourceCodeAccess
LogPluginManager: Mounting plugin AssetManagerEditor
LogPluginManager: Mounting plugin CryptoKeys
LogPluginManager: Mounting plugin DataValidation
LogPluginManager: Mounting plugin FacialAnimation
LogPluginManager: Mounting plugin GameplayTagsEditor
LogPluginManager: Mounting plugin MacGraphicsSwitching
LogPluginManager: Mounting plugin MeshEditor
LogPluginManager: Mounting plugin MobileLauncherProfileWizard
LogPluginManager: Mounting plugin PluginBrowser
LogPluginManager: Mounting plugin SpeedTreeImporter
LogPluginManager: Mounting plugin DatasmithContent
LogPluginManager: Mounting plugin VariantManagerContent
LogPluginManager: Mounting plugin AlembicImporter
LogPluginManager: Mounting plugin AppleImageUtils
LogPluginManager: Mounting plugin AppleVision
LogPluginManager: Mounting plugin BackChannel
LogPluginManager: Mounting plugin CharacterAI
LogPluginManager: Mounting plugin GeometryCache
LogPluginManager: Mounting plugin HTML5Networking
LogPluginManager: Mounting plugin ProxyLODPlugin
LogPluginManager: Mounting plugin MagicLeap
LogPluginManager: Mounting plugin MagicLeapMedia
LogPluginManager: Mounting plugin AndroidMedia
LogPluginManager: Mounting plugin AvfMedia
LogPluginManager: Mounting plugin ImgMedia
LogPluginManager: Mounting plugin LinearTimecode
LogPluginManager: Mounting plugin MediaCompositing
LogPluginManager: Mounting plugin MediaPlayerEditor
LogPluginManager: Mounting plugin WebMMedia
LogPluginManager: Mounting plugin WmfMedia
LogPluginManager: Mounting plugin TcpMessaging
LogPluginManager: Mounting plugin UdpMessaging
LogPluginManager: Mounting plugin ActorSequence
LogPluginManager: Mounting plugin LevelSequenceEditor
LogPluginManager: Mounting plugin MatineeToLevelSequence
LogPluginManager: Mounting plugin NetcodeUnitTest
LogPluginManager: Mounting plugin NUTUnrealEngine4
LogPluginManager: Mounting plugin OnlineSubsystemGooglePlay
LogPluginManager: Mounting plugin OnlineSubsystemIOS
LogPluginManager: Mounting plugin OnlineSubsystem
LogPluginManager: Mounting plugin OnlineSubsystemNull
LogPluginManager: Mounting plugin OnlineSubsystemUtils
LogPluginManager: Mounting plugin LauncherChunkInstaller
LogPluginManager: Mounting plugin AndroidDeviceProfileSelector
LogPluginManager: Mounting plugin AndroidMoviePlayer
LogPluginManager: Mounting plugin AndroidPermission
LogPluginManager: Mounting plugin AppleMoviePlayer
LogPluginManager: Mounting plugin ArchVisCharacter
LogPluginManager: Mounting plugin AudioCapture
LogPluginManager: Mounting plugin CableComponent
LogPluginManager: Mounting plugin CustomMeshComponent
LogPluginManager: Mounting plugin EditableMesh
LogPluginManager: Mounting plugin ExampleDeviceProfileSelector
LogPluginManager: Mounting plugin Firebase
LogPluginManager: Mounting plugin GoogleCloudMessaging
LogPluginManager: Mounting plugin IOSDeviceProfileSelector
LogPluginManager: Mounting plugin LeapMotion
LogPluginManager: Mounting plugin LinuxDeviceProfileSelector
LogPluginManager: Mounting plugin LocationServicesBPLibrary
LogPluginManager: Mounting plugin MobilePatchingUtils
LogPluginManager: Mounting plugin OculusVR
LogPluginManager: Mounting plugin PhysXVehicles
LogPluginManager: Mounting plugin ProceduralMeshComponent
LogPluginManager: Mounting plugin RuntimePhysXCooking
LogPluginManager: Mounting plugin SteamVR
LogPluginManager: Mounting plugin WebMMoviePlayer
LogPluginManager: Mounting plugin WindowsMoviePlayer
LogPluginManager: Mounting plugin UE4Duino
LogStreaming: Display: Took  0.222s to configure plugins.
LogInit: Using libcurl 7.55.1-DEV
LogInit:  - built for x86_64-pc-win32
LogInit:  - supports SSL with OpenSSL/1.0.2h
LogInit:  - supports HTTP deflate (compression) using libz 1.2.8
LogInit:  - other features:
LogInit:      CURL_VERSION_SSL
LogInit:      CURL_VERSION_LIBZ
LogInit:      CURL_VERSION_IPV6
LogInit:      CURL_VERSION_ASYNCHDNS
LogInit:      CURL_VERSION_LARGEFILE
LogInit:      CURL_VERSION_IDN
LogInit:  CurlRequestOptions (configurable via config and command line):
LogInit:  - bVerifyPeer = true  - Libcurl will verify peer certificate
LogInit:  - bUseHttpProxy = false  - Libcurl will NOT use HTTP proxy
LogInit:  - bDontReuseConnections = false  - Libcurl will reuse connections
LogInit:  - MaxHostConnections = 16  - Libcurl will limit the number of connections to a host
LogInit:  - LocalHostAddr = Default
LogInit:  - BufferSize = 65536
LogInit: WinSock: version 1.1 (2.2), MaxSocks=32767, MaxUdp=65467
LogInit: Build: ++UE4+Release-4.21-CL-4753647
LogInit: Engine Version: 4.21.2-4753647+++UE4+Release-4.21
LogInit: Compatible Engine Version: 4.21.0-4541578+++UE4+Release-4.21
LogInit: Net CL: 4541578
LogInit: OS: Windows 10 (), CPU: AMD A10-8700P Radeon R6, 10 Compute Cores 4C+6G, GPU: AMD Radeon(TM) R6 Graphics
LogInit: Compiled (64-bit): Jan 19 2019 02:07:31
LogInit: Compiled with Visual C++: 19.13.26129.00
LogInit: Build Configuration: Development
LogInit: Branch Name: ++UE4+Release-4.21
LogInit: Command Line: 
LogInit: Base Directory: C:/Program Files/Epic Games/UE_4.21/Engine/Binaries/Win64/
LogInit: Installed Engine Build: 1
LogDevObjectVersion: Number of dev versions registered: 22
LogDevObjectVersion:   Dev-Blueprints (B0D832E4-1F89-4F0D-ACCF-7EB736FD4AA2): 10
LogDevObjectVersion:   Dev-Build (E1C64328-A22C-4D53-A36C-8E866417BD8C): 0
LogDevObjectVersion:   Dev-Core (375EC13C-06E4-48FB-B500-84F0262A717E): 2
LogDevObjectVersion:   Dev-Editor (E4B068ED-F494-42E9-A231-DA0B2E46BB41): 26
LogDevObjectVersion:   Dev-Framework (CFFC743F-43B0-4480-9391-14DF171D2073): 34
LogDevObjectVersion:   Dev-Mobile (B02B49B5-BB20-44E9-A304-32B752E40360): 2
LogDevObjectVersion:   Dev-Networking (A4E4105C-59A1-49B5-A7C5-40C4547EDFEE): 0
LogDevObjectVersion:   Dev-Online (39C831C9-5AE6-47DC-9A44-9C173E1C8E7C): 0
LogDevObjectVersion:   Dev-Physics (78F01B33-EBEA-4F98-B9B4-84EACCB95AA2): 0
LogDevObjectVersion:   Dev-Platform (6631380F-2D4D-43E0-8009-CF276956A95A): 0
LogDevObjectVersion:   Dev-Rendering (12F88B9F-8875-4AFC-A67C-D90C383ABD29): 27
LogDevObjectVersion:   Dev-Sequencer (7B5AE74C-D270-4C10-A958-57980B212A5A): 9
LogDevObjectVersion:   Dev-VR (D7296918-1DD6-4BDD-9DE2-64A83CC13884): 2
LogDevObjectVersion:   Dev-LoadTimes (C2A15278-BFE7-4AFE-6C17-90FF531DF755): 1
LogDevObjectVersion:   Private-Geometry (6EACA3D4-40EC-4CC1-B786-8BED09428FC5): 3
LogDevObjectVersion:   Dev-AnimPhys (29E575DD-E0A3-4627-9D10-D276232CDCEA): 17
LogDevObjectVersion:   Dev-Anim (AF43A65D-7FD3-4947-9873-3E8ED9C1BB05): 2
LogDevObjectVersion:   Dev-ReflectionCapture (6B266CEC-1EC7-4B8F-A30B-E4D90942FC07): 1
LogDevObjectVersion:   Dev-Automation (0DF73D61-A23F-47EA-B727-89E90C41499A): 1
LogDevObjectVersion:   FortniteMain (601D1886-AC64-4F84-AA16-D3DE0DEAC7D6): 17
LogDevObjectVersion:   Dev-Enterprise (9DFFBCD6-494F-0158-E221-12823C92A888): 4
LogDevObjectVersion:   Dev-Niagara (F2AED0AC-9AFE-416F-8664-AA7FFA26D6FC): 1
LogStreaming: Display: Took  0.349s to delete old logs.
LogInit: Presizing for max 8388607 objects, including 0 objects not considered by GC, pre-allocating 0 bytes for permanent pool.
LogInit: Object subsystem initialized
LogConfig: Setting CVar [[con.DebugEarlyDefault:1]]
LogConfig: Setting CVar [[r.setres:1280x720]]
[2019.05.30-20.09.20:401][  0]LogConfig: Setting CVar [[r.VSync:0]]
[2019.05.30-20.09.20:402][  0]LogConfig: Setting CVar [[r.RHICmdBypass:0]]
[2019.05.30-20.09.20:402][  0]LogConfig: Applying CVar settings from Section [/Script/Engine.RendererSettings] File [C:/Users/Samuel/Documents/GitHub/CFE_RV/CFE_LeapMotion2/Saved/Config/Windows/Engine.ini]
[2019.05.30-20.09.20:402][  0]LogConfig: Setting CVar [[r.GPUCrashDebugging:0]]
[2019.05.30-20.09.20:402][  0]LogConfig: Applying CVar settings from Section [/Script/Engine.RendererOverrideSettings] File [C:/Users/Samuel/Documents/GitHub/CFE_RV/CFE_LeapMotion2/Saved/Config/Windows/Engine.ini]
[2019.05.30-20.09.20:402][  0]LogConfig: Applying CVar settings from Section [/Script/Engine.StreamingSettings] File [C:/Users/Samuel/Documents/GitHub/CFE_RV/CFE_LeapMotion2/Saved/Config/Windows/Engine.ini]
[2019.05.30-20.09.20:402][  0]LogConfig: Setting CVar [[s.MinBulkDataSizeForAsyncLoading:131072]]
[2019.05.30-20.09.20:402][  0]LogConfig: Setting CVar [[s.AsyncLoadingThreadEnabled:0]]
[2019.05.30-20.09.20:402][  0]LogConfig: Setting CVar [[s.EventDrivenLoaderEnabled:1]]
[2019.05.30-20.09.20:402][  0]LogConfig: Setting CVar [[s.WarnIfTimeLimitExceeded:0]]
[2019.05.30-20.09.20:402][  0]LogConfig: Setting CVar [[s.TimeLimitExceededMultiplier:1.5]]
[2019.05.30-20.09.20:402][  0]LogConfig: Setting CVar [[s.TimeLimitExceededMinTime:0.005]]
[2019.05.30-20.09.20:402][  0]LogConfig: Setting CVar [[s.UseBackgroundLevelStreaming:1]]
[2019.05.30-20.09.20:402][  0]LogConfig: Setting CVar [[s.PriorityAsyncLoadingExtraTime:15.0]]
[2019.05.30-20.09.20:402][  0]LogConfig: Setting CVar [[s.LevelStreamingActorsUpdateTimeLimit:5.0]]
[2019.05.30-20.09.20:402][  0]LogConfig: Setting CVar [[s.PriorityLevelStreamingActorsUpdateExtraTime:5.0]]
[2019.05.30-20.09.20:402][  0]LogConfig: Setting CVar [[s.LevelStreamingComponentsRegistrationGranularity:10]]
[2019.05.30-20.09.20:402][  0]LogConfig: Setting CVar [[s.UnregisterComponentsTimeLimit:1.0]]
[2019.05.30-20.09.20:402][  0]LogConfig: Setting CVar [[s.LevelStreamingComponentsUnregistrationGranularity:5]]
[2019.05.30-20.09.20:402][  0]LogConfig: Applying CVar settings from Section [/Script/Engine.GarbageCollectionSettings] File [C:/Users/Samuel/Documents/GitHub/CFE_RV/CFE_LeapMotion2/Saved/Config/Windows/Engine.ini]
[2019.05.30-20.09.20:402][  0]LogConfig: Setting CVar [[gc.MaxObjectsNotConsideredByGC:1]]
[2019.05.30-20.09.20:402][  0]LogConfig: Setting CVar [[gc.SizeOfPermanentObjectPool:0]]
[2019.05.30-20.09.20:402][  0]LogConfig: Setting CVar [[gc.FlushStreamingOnGC:0]]
[2019.05.30-20.09.20:402][  0]LogConfig: Setting CVar [[gc.NumRetriesBeforeForcingGC:10]]
[2019.05.30-20.09.20:402][  0]LogConfig: Setting CVar [[gc.AllowParallelGC:1]]
[2019.05.30-20.09.20:402][  0]LogConfig: Setting CVar [[gc.TimeBetweenPurgingPendingKillObjects:61.1]]
[2019.05.30-20.09.20:402][  0]LogConfig: Setting CVar [[gc.MaxObjectsInEditor:8388607]]
[2019.05.30-20.09.20:402][  0]LogConfig: Setting CVar [[gc.IncrementalBeginDestroyEnabled:1]]
[2019.05.30-20.09.20:402][  0]LogConfig: Setting CVar [[gc.CreateGCClusters:1]]
[2019.05.30-20.09.20:403][  0]LogConfig: Setting CVar [[gc.MergeGCClusters:0]]
[2019.05.30-20.09.20:403][  0]LogConfig: Setting CVar [[gc.MinGCClusterSize:5]]
[2019.05.30-20.09.20:403][  0]LogConfig: Setting CVar [[gc.ActorClusteringEnabled:0]]
[2019.05.30-20.09.20:403][  0]LogConfig: Setting CVar [[gc.BlueprintClusteringEnabled:0]]
[2019.05.30-20.09.20:403][  0]LogConfig: Setting CVar [[gc.UseDisregardForGCOnDedicatedServers:0]]
[2019.05.30-20.09.20:403][  0]LogConfig: Applying CVar settings from Section [/Script/Engine.NetworkSettings] File [C:/Users/Samuel/Documents/GitHub/CFE_RV/CFE_LeapMotion2/Saved/Config/Windows/Engine.ini]
[2019.05.30-20.09.20:403][  0]LogConfig: Applying CVar settings from Section [/Script/UnrealEd.CookerSettings] File [C:/Users/Samuel/Documents/GitHub/CFE_RV/CFE_LeapMotion2/Saved/Config/Windows/Engine.ini]
[2019.05.30-20.09.20:407][  0]LogConfig: Applying CVar settings from Section [ViewDistanceQuality@3] File [C:/Users/Samuel/Documents/GitHub/CFE_RV/CFE_LeapMotion2/Saved/Config/Windows/Scalability.ini]
[2019.05.30-20.09.20:407][  0]LogConfig: Setting CVar [[r.SkeletalMeshLODBias:0]]
[2019.05.30-20.09.20:407][  0]LogConfig: Setting CVar [[r.ViewDistanceScale:1.0]]
[2019.05.30-20.09.20:407][  0]LogConfig: Applying CVar settings from Section [AntiAliasingQuality@3] File [C:/Users/Samuel/Documents/GitHub/CFE_RV/CFE_LeapMotion2/Saved/Config/Windows/Scalability.ini]
[2019.05.30-20.09.20:408][  0]LogConfig: Setting CVar [[r.PostProcessAAQuality:4]]
[2019.05.30-20.09.20:408][  0]LogConfig: Applying CVar settings from Section [ShadowQuality@3] File [C:/Users/Samuel/Documents/GitHub/CFE_RV/CFE_LeapMotion2/Saved/Config/Windows/Scalability.ini]
[2019.05.30-20.09.20:408][  0]LogConfig: Setting CVar [[r.LightFunctionQuality:1]]
[2019.05.30-20.09.20:408][  0]LogConfig: Setting CVar [[r.ShadowQuality:5]]
[2019.05.30-20.09.20:408][  0]LogConfig: Setting CVar [[r.Shadow.CSM.MaxCascades:10]]
[2019.05.30-20.09.20:408][  0]LogConfig: Setting CVar [[r.Shadow.MaxResolution:2048]]
[2019.05.30-20.09.20:408][  0]LogConfig: Setting CVar [[r.Shadow.MaxCSMResolution:2048]]
[2019.05.30-20.09.20:408][  0]LogConfig: Setting CVar [[r.Shadow.RadiusThreshold:0.01]]
[2019.05.30-20.09.20:408][  0]LogConfig: Setting CVar [[r.Shadow.DistanceScale:1.0]]
[2019.05.30-20.09.20:408][  0]LogConfig: Setting CVar [[r.Shadow.CSM.TransitionScale:1.0]]
[2019.05.30-20.09.20:408][  0]LogConfig: Setting CVar [[r.Shadow.PreShadowResolutionFactor:1.0]]
[2019.05.30-20.09.20:408][  0]LogConfig: Setting CVar [[r.DistanceFieldShadowing:1]]
[2019.05.30-20.09.20:408][  0]LogConfig: Setting CVar [[r.DistanceFieldAO:1]]
[2019.05.30-20.09.20:408][  0]LogConfig: Setting CVar [[r.AOQuality:2]]
[2019.05.30-20.09.20:408][  0]LogConfig: Setting CVar [[r.VolumetricFog:1]]
[2019.05.30-20.09.20:408][  0]LogConfig: Setting CVar [[r.VolumetricFog.GridPixelSize:8]]
[2019.05.30-20.09.20:408][  0]LogConfig: Setting CVar [[r.VolumetricFog.GridSizeZ:128]]
[2019.05.30-20.09.20:408][  0]LogConfig: Setting CVar [[r.VolumetricFog.HistoryMissSupersampleCount:4]]
[2019.05.30-20.09.20:408][  0]LogConfig: Setting CVar [[r.LightMaxDrawDistanceScale:1]]
[2019.05.30-20.09.20:408][  0]LogConfig: Setting CVar [[r.CapsuleShadows:1]]
[2019.05.30-20.09.20:408][  0]LogConfig: Applying CVar settings from Section [PostProcessQuality@3] File [C:/Users/Samuel/Documents/GitHub/CFE_RV/CFE_LeapMotion2/Saved/Config/Windows/Scalability.ini]
[2019.05.30-20.09.20:408][  0]LogConfig: Setting CVar [[r.MotionBlurQuality:4]]
[2019.05.30-20.09.20:408][  0]LogConfig: Setting CVar [[r.AmbientOcclusionMipLevelFactor:0.4]]
[2019.05.30-20.09.20:408][  0]LogConfig: Setting CVar [[r.AmbientOcclusionMaxQuality:100]]
[2019.05.30-20.09.20:408][  0]LogConfig: Setting CVar [[r.AmbientOcclusionLevels:-1]]
[2019.05.30-20.09.20:408][  0]LogConfig: Setting CVar [[r.AmbientOcclusionRadiusScale:1.0]]
[2019.05.30-20.09.20:408][  0]LogConfig: Setting CVar [[r.DepthOfFieldQuality:2]]
[2019.05.30-20.09.20:408][  0]LogConfig: Setting CVar [[r.RenderTargetPoolMin:400]]
[2019.05.30-20.09.20:408][  0]LogConfig: Setting CVar [[r.LensFlareQuality:2]]
[2019.05.30-20.09.20:408][  0]LogConfig: Setting CVar [[r.SceneColorFringeQuality:1]]
[2019.05.30-20.09.20:408][  0]LogConfig: Setting CVar [[r.EyeAdaptationQuality:2]]
[2019.05.30-20.09.20:409][  0]LogConfig: Setting CVar [[r.BloomQuality:5]]
[2019.05.30-20.09.20:409][  0]LogConfig: Setting CVar [[r.FastBlurThreshold:100]]
[2019.05.30-20.09.20:409][  0]LogConfig: Setting CVar [[r.Upscale.Quality:3]]
[2019.05.30-20.09.20:409][  0]LogConfig: Setting CVar [[r.Tonemapper.GrainQuantization:1]]
[2019.05.30-20.09.20:409][  0]LogConfig: Setting CVar [[r.LightShaftQuality:1]]
[2019.05.30-20.09.20:409][  0]LogConfig: Setting CVar [[r.Filter.SizeScale:1]]
[2019.05.30-20.09.20:409][  0]LogConfig: Setting CVar [[r.Tonemapper.Quality:5]]
[2019.05.30-20.09.20:409][  0]LogConfig: Setting CVar [[r.DOF.Gather.AccumulatorQuality:1        ; higher gathering accumulator quality]]
[2019.05.30-20.09.20:409][  0]LogConfig: Setting CVar [[r.DOF.Gather.PostfilterMethod:1          ; Median3x3 postfilering method]]
[2019.05.30-20.09.20:409][  0]LogConfig: Setting CVar [[r.DOF.Gather.EnableBokehSettings:0       ; no bokeh simulation when gathering]]
[2019.05.30-20.09.20:409][  0]LogConfig: Setting CVar [[r.DOF.Gather.RingCount:4                 ; medium number of samples when gathering]]
[2019.05.30-20.09.20:409][  0]LogConfig: Setting CVar [[r.DOF.Scatter.ForegroundCompositing:1    ; additive foreground scattering]]
[2019.05.30-20.09.20:409][  0]LogConfig: Setting CVar [[r.DOF.Scatter.BackgroundCompositing:2    ; additive background scattering]]
[2019.05.30-20.09.20:409][  0]LogConfig: Setting CVar [[r.DOF.Scatter.EnableBokehSettings:1      ; bokeh simulation when scattering]]
[2019.05.30-20.09.20:409][  0]LogConfig: Setting CVar [[r.DOF.Scatter.MaxSpriteRatio:0.1         ; only a maximum of 10% of scattered bokeh]]
[2019.05.30-20.09.20:409][  0]LogConfig: Setting CVar [[r.DOF.Recombine.Quality:1                ; cheap slight out of focus]]
[2019.05.30-20.09.20:409][  0]LogConfig: Setting CVar [[r.DOF.Recombine.EnableBokehSettings:0    ; no bokeh simulation on slight out of focus]]
[2019.05.30-20.09.20:409][  0]LogConfig: Setting CVar [[r.DOF.TemporalAAQuality:1                ; more stable temporal accumulation]]
[2019.05.30-20.09.20:409][  0]LogConfig: Setting CVar [[r.DOF.Kernel.MaxForegroundRadius:0.025]]
[2019.05.30-20.09.20:409][  0]LogConfig: Setting CVar [[r.DOF.Kernel.MaxBackgroundRadius:0.025]]
[2019.05.30-20.09.20:409][  0]LogConfig: Applying CVar settings from Section [TextureQuality@3] File [C:/Users/Samuel/Documents/GitHub/CFE_RV/CFE_LeapMotion2/Saved/Config/Windows/Scalability.ini]
[2019.05.30-20.09.20:409][  0]LogConfig: Setting CVar [[r.Streaming.MipBias:0]]
[2019.05.30-20.09.20:409][  0]LogConfig: Setting CVar [[r.Streaming.AmortizeCPUToGPUCopy:0]]
[2019.05.30-20.09.20:409][  0]LogConfig: Setting CVar [[r.Streaming.MaxNumTexturesToStreamPerFrame:0]]
[2019.05.30-20.09.20:409][  0]LogConfig: Setting CVar [[r.Streaming.Boost:1]]
[2019.05.30-20.09.20:409][  0]LogConfig: Setting CVar [[r.MaxAnisotropy:8]]
[2019.05.30-20.09.20:409][  0]LogConfig: Setting CVar [[r.Streaming.LimitPoolSizeToVRAM:0]]
[2019.05.30-20.09.20:409][  0]LogConfig: Setting CVar [[r.Streaming.PoolSize:1000]]
[2019.05.30-20.09.20:409][  0]LogConfig: Setting CVar [[r.Streaming.MaxEffectiveScreenSize:0]]
[2019.05.30-20.09.20:409][  0]LogConfig: Applying CVar settings from Section [EffectsQuality@3] File [C:/Users/Samuel/Documents/GitHub/CFE_RV/CFE_LeapMotion2/Saved/Config/Windows/Scalability.ini]
[2019.05.30-20.09.20:409][  0]LogConfig: Setting CVar [[r.TranslucencyLightingVolumeDim:64]]
[2019.05.30-20.09.20:410][  0]LogConfig: Setting CVar [[r.RefractionQuality:2]]
[2019.05.30-20.09.20:410][  0]LogConfig: Setting CVar [[r.SSR.Quality:3]]
[2019.05.30-20.09.20:410][  0]LogConfig: Setting CVar [[r.SceneColorFormat:4]]
[2019.05.30-20.09.20:410][  0]LogConfig: Setting CVar [[r.DetailMode:2]]
[2019.05.30-20.09.20:410][  0]LogConfig: Setting CVar [[r.TranslucencyVolumeBlur:1]]
[2019.05.30-20.09.20:410][  0]LogConfig: Setting CVar [[r.MaterialQualityLevel:1 ; High quality]]
[2019.05.30-20.09.20:410][  0]LogConfig: Setting CVar [[r.SSS.Scale:1]]
[2019.05.30-20.09.20:410][  0]LogConfig: Setting CVar [[r.SSS.SampleSet:2]]
[2019.05.30-20.09.20:410][  0]LogConfig: Setting CVar [[r.SSS.Quality:1]]
[2019.05.30-20.09.20:410][  0]LogConfig: Setting CVar [[r.SSS.HalfRes:1]]
[2019.05.30-20.09.20:410][  0]LogConfig: Setting CVar [[r.EmitterSpawnRateScale:1.0]]
[2019.05.30-20.09.20:410][  0]LogConfig: Setting CVar [[r.ParticleLightQuality:2]]
[2019.05.30-20.09.20:410][  0]LogConfig: Applying CVar settings from Section [FoliageQuality@3] File [C:/Users/Samuel/Documents/GitHub/CFE_RV/CFE_LeapMotion2/Saved/Config/Windows/Scalability.ini]
[2019.05.30-20.09.20:410][  0]LogConfig: Setting CVar [[foliage.DensityScale:1.0]]
[2019.05.30-20.09.20:410][  0]LogConfig: Setting CVar [[grass.DensityScale:1.0]]
[2019.05.30-20.09.20:410][  0]LogInit: Selected Device Profile: [Windows]
[2019.05.30-20.09.20:410][  0]LogInit: Applying CVar settings loaded from the selected device profile: [Windows]
[2019.05.30-20.09.20:443][  0]LogHAL: Display: Platform has ~ 7 GB [7455145984 / 8589934592 / 7], which maps to Smaller [LargestMinGB=32, LargerMinGB=12, DefaultMinGB=8, SmallerMinGB=6, SmallestMinGB=0)
[2019.05.30-20.09.20:443][  0]LogConfig: Setting CVar [[r.Vulkan.UseRealUBs:1]]
[2019.05.30-20.09.20:443][  0]LogInit: Going up to parent DeviceProfile []
[2019.05.30-20.09.20:443][  0]LogConfig: Applying CVar settings from Section [ViewDistanceQuality@1] File [C:/Users/Samuel/Documents/GitHub/CFE_RV/CFE_LeapMotion2/Saved/Config/Windows/Scalability.ini]
[2019.05.30-20.09.20:443][  0]LogConfig: Setting CVar [[r.SkeletalMeshLODBias:1]]
[2019.05.30-20.09.20:443][  0]LogConfig: Setting CVar [[r.ViewDistanceScale:0.6]]
[2019.05.30-20.09.20:443][  0]LogConfig: Applying CVar settings from Section [AntiAliasingQuality@1] File [C:/Users/Samuel/Documents/GitHub/CFE_RV/CFE_LeapMotion2/Saved/Config/Windows/Scalability.ini]
[2019.05.30-20.09.20:443][  0]LogConfig: Setting CVar [[r.PostProcessAAQuality:2]]
[2019.05.30-20.09.20:444][  0]LogConfig: Applying CVar settings from Section [ShadowQuality@1] File [C:/Users/Samuel/Documents/GitHub/CFE_RV/CFE_LeapMotion2/Saved/Config/Windows/Scalability.ini]
[2019.05.30-20.09.20:444][  0]LogConfig: Setting CVar [[r.LightFunctionQuality:1]]
[2019.05.30-20.09.20:444][  0]LogConfig: Setting CVar [[r.ShadowQuality:3]]
[2019.05.30-20.09.20:444][  0]LogConfig: Setting CVar [[r.Shadow.CSM.MaxCascades:1]]
[2019.05.30-20.09.20:444][  0]LogConfig: Setting CVar [[r.Shadow.MaxResolution:1024]]
[2019.05.30-20.09.20:444][  0]LogConfig: Setting CVar [[r.Shadow.MaxCSMResolution:1024]]
[2019.05.30-20.09.20:444][  0]LogConfig: Setting CVar [[r.Shadow.RadiusThreshold:0.05]]
[2019.05.30-20.09.20:444][  0]LogConfig: Setting CVar [[r.Shadow.DistanceScale:0.7]]
[2019.05.30-20.09.20:444][  0]LogConfig: Setting CVar [[r.Shadow.CSM.TransitionScale:0.25]]
[2019.05.30-20.09.20:444][  0]LogConfig: Setting CVar [[r.Shadow.PreShadowResolutionFactor:0.5]]
[2019.05.30-20.09.20:444][  0]LogConfig: Setting CVar [[r.DistanceFieldShadowing:0]]
[2019.05.30-20.09.20:444][  0]LogConfig: Setting CVar [[r.DistanceFieldAO:0]]
[2019.05.30-20.09.20:444][  0]LogConfig: Setting CVar [[r.VolumetricFog:0]]
[2019.05.30-20.09.20:444][  0]LogConfig: Setting CVar [[r.LightMaxDrawDistanceScale:.5]]
[2019.05.30-20.09.20:444][  0]LogConfig: Setting CVar [[r.CapsuleShadows:1]]
[2019.05.30-20.09.20:444][  0]LogConfig: Applying CVar settings from Section [PostProcessQuality@1] File [C:/Users/Samuel/Documents/GitHub/CFE_RV/CFE_LeapMotion2/Saved/Config/Windows/Scalability.ini]
[2019.05.30-20.09.20:444][  0]LogConfig: Setting CVar [[r.MotionBlurQuality:3]]
[2019.05.30-20.09.20:444][  0]LogConfig: Setting CVar [[r.AmbientOcclusionMipLevelFactor:1.0]]
[2019.05.30-20.09.20:444][  0]LogConfig: Setting CVar [[r.AmbientOcclusionMaxQuality:60]]
[2019.05.30-20.09.20:444][  0]LogConfig: Setting CVar [[r.AmbientOcclusionLevels:-1]]
[2019.05.30-20.09.20:444][  0]LogConfig: Setting CVar [[r.AmbientOcclusionRadiusScale:1.5]]
[2019.05.30-20.09.20:444][  0]LogConfig: Setting CVar [[r.DepthOfFieldQuality:1]]
[2019.05.30-20.09.20:444][  0]LogConfig: Setting CVar [[r.RenderTargetPoolMin:350]]
[2019.05.30-20.09.20:444][  0]LogConfig: Setting CVar [[r.LensFlareQuality:0]]
[2019.05.30-20.09.20:444][  0]LogConfig: Setting CVar [[r.SceneColorFringeQuality:0]]
[2019.05.30-20.09.20:444][  0]LogConfig: Setting CVar [[r.EyeAdaptationQuality:0]]
[2019.05.30-20.09.20:444][  0]LogConfig: Setting CVar [[r.BloomQuality:4]]
[2019.05.30-20.09.20:444][  0]LogConfig: Setting CVar [[r.FastBlurThreshold:2]]
[2019.05.30-20.09.20:445][  0]LogConfig: Setting CVar [[r.Upscale.Quality:2]]
[2019.05.30-20.09.20:445][  0]LogConfig: Setting CVar [[r.Tonemapper.GrainQuantization:0]]
[2019.05.30-20.09.20:445][  0]LogConfig: Setting CVar [[r.LightShaftQuality:0]]
[2019.05.30-20.09.20:445][  0]LogConfig: Setting CVar [[r.Filter.SizeScale:0.7]]
[2019.05.30-20.09.20:445][  0]LogConfig: Setting CVar [[r.Tonemapper.Quality:2]]
[2019.05.30-20.09.20:445][  0]LogConfig: Setting CVar [[r.DOF.Gather.AccumulatorQuality:0        ; lower gathering accumulator quality]]
[2019.05.30-20.09.20:445][  0]LogConfig: Setting CVar [[r.DOF.Gather.PostfilterMethod:2          ; Max3x3 postfilering method]]
[2019.05.30-20.09.20:445][  0]LogConfig: Setting CVar [[r.DOF.Gather.EnableBokehSettings:0       ; no bokeh simulation when gathering]]
[2019.05.30-20.09.20:445][  0]LogConfig: Setting CVar [[r.DOF.Gather.RingCount:3                 ; low number of samples when gathering]]
[2019.05.30-20.09.20:445][  0]LogConfig: Setting CVar [[r.DOF.Scatter.ForegroundCompositing:0    ; no foreground scattering]]
[2019.05.30-20.09.20:445][  0]LogConfig: Setting CVar [[r.DOF.Scatter.BackgroundCompositing:0    ; no foreground scattering]]
[2019.05.30-20.09.20:445][  0]LogConfig: Setting CVar [[r.DOF.Recombine.Quality:0                ; no slight out of focus]]
[2019.05.30-20.09.20:445][  0]LogConfig: Setting CVar [[r.DOF.TemporalAAQuality:0                ; faster temporal accumulation]]
[2019.05.30-20.09.20:445][  0]LogConfig: Setting CVar [[r.DOF.Kernel.MaxForegroundRadius:0.006   ; required because low gathering and no scattering and not looking great at 1080p]]
[2019.05.30-20.09.20:445][  0]LogConfig: Setting CVar [[r.DOF.Kernel.MaxBackgroundRadius:0.006   ; required because low gathering and no scattering and not looking great at 1080p]]
[2019.05.30-20.09.20:445][  0]LogConfig: Applying CVar settings from Section [TextureQuality@1] File [C:/Users/Samuel/Documents/GitHub/CFE_RV/CFE_LeapMotion2/Saved/Config/Windows/Scalability.ini]
[2019.05.30-20.09.20:445][  0]LogConfig: Setting CVar [[r.Streaming.MipBias:1]]
[2019.05.30-20.09.20:445][  0]LogConfig: Setting CVar [[r.Streaming.AmortizeCPUToGPUCopy:0]]
[2019.05.30-20.09.20:445][  0]LogConfig: Setting CVar [[r.Streaming.MaxNumTexturesToStreamPerFrame:0]]
[2019.05.30-20.09.20:445][  0]LogConfig: Setting CVar [[r.Streaming.Boost:1]]
[2019.05.30-20.09.20:445][  0]LogConfig: Setting CVar [[r.MaxAnisotropy:2]]
[2019.05.30-20.09.20:445][  0]LogConfig: Setting CVar [[r.Streaming.LimitPoolSizeToVRAM:1]]
[2019.05.30-20.09.20:445][  0]LogConfig: Setting CVar [[r.Streaming.PoolSize:600]]
[2019.05.30-20.09.20:445][  0]LogConfig: Setting CVar [[r.Streaming.MaxEffectiveScreenSize:0]]
[2019.05.30-20.09.20:445][  0]LogConfig: Applying CVar settings from Section [EffectsQuality@1] File [C:/Users/Samuel/Documents/GitHub/CFE_RV/CFE_LeapMotion2/Saved/Config/Windows/Scalability.ini]
[2019.05.30-20.09.20:445][  0]LogConfig: Setting CVar [[r.TranslucencyLightingVolumeDim:32]]
[2019.05.30-20.09.20:445][  0]LogConfig: Setting CVar [[r.RefractionQuality:0]]
[2019.05.30-20.09.20:445][  0]LogConfig: Setting CVar [[r.SSR.Quality:0]]
[2019.05.30-20.09.20:445][  0]LogConfig: Setting CVar [[r.SceneColorFormat:3]]
[2019.05.30-20.09.20:446][  0]LogConfig: Setting CVar [[r.DetailMode:1]]
[2019.05.30-20.09.20:446][  0]LogConfig: Setting CVar [[r.TranslucencyVolumeBlur:0]]
[2019.05.30-20.09.20:446][  0]LogConfig: Setting CVar [[r.MaterialQualityLevel:2 ; Medium quality]]
[2019.05.30-20.09.20:446][  0]LogConfig: Setting CVar [[r.SSS.Scale:0.75]]
[2019.05.30-20.09.20:446][  0]LogConfig: Setting CVar [[r.SSS.SampleSet:0]]
[2019.05.30-20.09.20:446][  0]LogConfig: Setting CVar [[r.SSS.Quality:0]]
[2019.05.30-20.09.20:446][  0]LogConfig: Setting CVar [[r.SSS.HalfRes:1]]
[2019.05.30-20.09.20:446][  0]LogConfig: Setting CVar [[r.EmitterSpawnRateScale:0.25]]
[2019.05.30-20.09.20:446][  0]LogConfig: Setting CVar [[r.ParticleLightQuality:0]]
[2019.05.30-20.09.20:446][  0]LogConfig: Applying CVar settings from Section [FoliageQuality@1] File [C:/Users/Samuel/Documents/GitHub/CFE_RV/CFE_LeapMotion2/Saved/Config/Windows/Scalability.ini]
[2019.05.30-20.09.20:446][  0]LogConfig: Setting CVar [[foliage.DensityScale:0.4]]
[2019.05.30-20.09.20:446][  0]LogConfig: Setting CVar [[grass.DensityScale:0.4]]
[2019.05.30-20.09.20:446][  0]LogConfig: Applying CVar settings from Section [Startup] File [../../../Engine/Config/ConsoleVariables.ini]
[2019.05.30-20.09.20:447][  0]LogConfig: Setting CVar [[net.UseAdaptiveNetUpdateFrequency:0]]
[2019.05.30-20.09.20:447][  0]LogConfig: Applying CVar settings from Section [ConsoleVariables] File [C:/Users/Samuel/Documents/GitHub/CFE_RV/CFE_LeapMotion2/Saved/Config/Windows/Engine.ini]
[2019.05.30-20.09.20:447][  0]LogInit: Computer: DESKTOP-RTM83TK
[2019.05.30-20.09.20:447][  0]LogInit: User: Samuel
[2019.05.30-20.09.20:447][  0]LogInit: CPU Page size=4096, Cores=4
[2019.05.30-20.09.20:447][  0]LogInit: High frequency timer resolution =10.000000 MHz
[2019.05.30-20.09.20:448][  0]LogMemory: Memory total: Physical=6.9GB (7GB approx)
[2019.05.30-20.09.20:448][  0]LogMemory: Platform Memory Stats for Windows
[2019.05.30-20.09.20:448][  0]LogMemory: Process Physical Memory: 104.18 MB used, 104.19 MB peak
[2019.05.30-20.09.20:448][  0]LogMemory: Process Virtual Memory: 97.76 MB used, 97.76 MB peak
[2019.05.30-20.09.20:448][  0]LogMemory: Physical Memory: 3254.96 MB used,  3854.82 MB free, 7109.78 MB total
[2019.05.30-20.09.20:448][  0]LogMemory: Virtual Memory: 4643.13 MB used,  134213088.00 MB free, 134217728.00 MB total
[2019.05.30-20.09.20:494][  0]LogInit: Overriding language with editor language configuration option (en).
[2019.05.30-20.09.20:494][  0]LogInit: Overriding locale with editor locale configuration option (en).
[2019.05.30-20.09.21:297][  0]LogStreaming: Display: Took  0.802s to InitEngineTextLocalization.
[2019.05.30-20.09.21:297][  0]LogInit: Setting process to per monitor DPI aware
[2019.05.30-20.09.21:375][  0]LogSlate: New Slate User Created.  User Index 0, Is Virtual User: 0
[2019.05.30-20.09.21:375][  0]LogSlate: Slate User Registered.  User Index 0, Is Virtual User: 0
[2019.05.30-20.09.21:971][  0]LogHMD: Failed to initialize OpenVR with code 110
[2019.05.30-20.09.21:971][  0]LogD3D11RHI: D3D11 adapters:
[2019.05.30-20.09.22:280][  0]LogD3D11RHI:    0. 'AMD Radeon(TM) R6 Graphics' (Feature Level 11_0)
[2019.05.30-20.09.22:280][  0]LogD3D11RHI:       1012/0/3554 MB DedicatedVideo/DedicatedSystem/SharedSystem, Outputs:1, VendorId:0x1002
[2019.05.30-20.09.22:287][  0]LogD3D11RHI:    1. 'Microsoft Basic Render Driver' (Feature Level 11_0)
[2019.05.30-20.09.22:287][  0]LogD3D11RHI:       0/0/3554 MB DedicatedVideo/DedicatedSystem/SharedSystem, Outputs:0, VendorId:0x1414
[2019.05.30-20.09.22:287][  0]LogD3D11RHI: Chosen D3D11 Adapter: 0
[2019.05.30-20.09.22:303][  0]LogD3D11RHI: Creating new Direct3DDevice
[2019.05.30-20.09.22:303][  0]LogD3D11RHI:     GPU DeviceId: 0x9874 (for the marketing name, search the web for "GPU Device Id")
[2019.05.30-20.09.22:303][  0]LogWindows: EnumDisplayDevices:
[2019.05.30-20.09.22:303][  0]LogWindows:    0. 'AMD Radeon(TM) R6 Graphics' (P:1 D:1)
[2019.05.30-20.09.22:304][  0]LogWindows:    1. 'AMD Radeon(TM) R6 Graphics' (P:0 D:0)
[2019.05.30-20.09.22:305][  0]LogWindows:    2. 'AMD Radeon(TM) R6 Graphics' (P:0 D:0)
[2019.05.30-20.09.22:306][  0]LogWindows: DebugString: FoundDriverCount:3 
[2019.05.30-20.09.22:306][  0]LogD3D11RHI:     Adapter Name: AMD Radeon(TM) R6 Graphics
[2019.05.30-20.09.22:306][  0]LogD3D11RHI:   Driver Version: 15.201.1101.1002 (internal:15.201.1101.1002, unified:15.201.1101.1002)
[2019.05.30-20.09.22:306][  0]LogD3D11RHI:      Driver Date: 8-21-2015
[2019.05.30-20.09.22:306][  0]LogRHI: Texture pool is 708 MB (70% of 1012 MB)
[2019.05.30-20.09.22:488][  0]LogD3D11RHI: Async texture creation enabled
[2019.05.30-20.09.22:521][  0]LogD3D11RHI: GPU Timing Frequency: 27.000000 (Debug: 2 2)
[2019.05.30-20.09.24:123][  0]LogTemp: Display: Loaded TP AllDesktopTargetPlatform
[2019.05.30-20.09.24:154][  0]LogTemp: Display: Loaded TP MacClientTargetPlatform
[2019.05.30-20.09.24:185][  0]LogTemp: Display: Loaded TP MacNoEditorTargetPlatform
[2019.05.30-20.09.24:216][  0]LogTemp: Display: Loaded TP MacServerTargetPlatform
[2019.05.30-20.09.24:245][  0]LogTemp: Display: Loaded TP MacTargetPlatform
[2019.05.30-20.09.24:277][  0]LogTemp: Display: Loaded TP WindowsClientTargetPlatform
[2019.05.30-20.09.24:305][  0]LogTemp: Display: Loaded TP WindowsNoEditorTargetPlatform
[2019.05.30-20.09.24:339][  0]LogTemp: Display: Loaded TP WindowsServerTargetPlatform
[2019.05.30-20.09.24:352][  0]LogTemp: Display: Loaded TP WindowsTargetPlatform
[2019.05.30-20.09.24:523][  0]LogTemp: Display: Loaded TP AndroidTargetPlatform
[2019.05.30-20.09.24:523][  0]LogTemp: Display: Loaded TP AndroidTargetPlatform
[2019.05.30-20.09.24:523][  0]LogTemp: Display: Loaded TP AndroidTargetPlatform
[2019.05.30-20.09.24:523][  0]LogTemp: Display: Loaded TP AndroidTargetPlatform
[2019.05.30-20.09.24:523][  0]LogTemp: Display: Loaded TP AndroidTargetPlatform
[2019.05.30-20.09.24:523][  0]LogTemp: Display: Loaded TP AndroidTargetPlatform
[2019.05.30-20.09.24:523][  0]LogTemp: Display: Loaded TP AndroidTargetPlatform
[2019.05.30-20.09.24:523][  0]LogTemp: Display: Loaded TP AndroidTargetPlatform
[2019.05.30-20.09.24:524][  0]LogTemp: Display: Loaded TP AndroidTargetPlatform
[2019.05.30-20.09.24:524][  0]LogTemp: Display: Loaded TP AndroidTargetPlatform
[2019.05.30-20.09.24:524][  0]LogTemp: Display: Loaded TP AndroidTargetPlatform
[2019.05.30-20.09.24:524][  0]LogTemp: Display: Loaded TP AndroidTargetPlatform
[2019.05.30-20.09.24:524][  0]LogTemp: Display: Loaded TP AndroidTargetPlatform
[2019.05.30-20.09.24:524][  0]LogTemp: Display: Loaded TP AndroidTargetPlatform
[2019.05.30-20.09.24:524][  0]LogTemp: Display: Loaded TP AndroidTargetPlatform
[2019.05.30-20.09.24:524][  0]LogTemp: Display: Loaded TP AndroidTargetPlatform
[2019.05.30-20.09.24:524][  0]LogTemp: Display: Loaded TP AndroidTargetPlatform
[2019.05.30-20.09.24:524][  0]LogTemp: Display: Loaded TP AndroidTargetPlatform
[2019.05.30-20.09.24:527][  0]LogTemp: Display: Loaded TP HTML5TargetPlatform
[2019.05.30-20.09.24:626][  0]LogTemp: Display: Loaded TP IOSTargetPlatform
[2019.05.30-20.09.24:626][  0]LogTemp: Display: Loaded TP IOSTargetPlatform
[2019.05.30-20.09.24:689][  0]LogTemp: Display: Loaded TP TVOSTargetPlatform
[2019.05.30-20.09.24:689][  0]LogTemp: Display: Loaded TP TVOSTargetPlatform
[2019.05.30-20.09.24:722][  0]LogTemp: Display: Loaded TP LinuxClientTargetPlatform
[2019.05.30-20.09.24:753][  0]LogTemp: Display: Loaded TP LinuxNoEditorTargetPlatform
[2019.05.30-20.09.24:784][  0]LogTemp: Display: Loaded TP LinuxServerTargetPlatform
[2019.05.30-20.09.24:818][  0]LogTemp: Display: Loaded TP LinuxTargetPlatform
[2019.05.30-20.09.24:932][  0]LogTemp: Display: Loaded TP LuminTargetPlatform
[2019.05.30-20.09.24:932][  0]LogTemp: Display: Loaded TP LuminTargetPlatform
[2019.05.30-20.09.24:932][  0]LogTargetPlatformManager: Display: Building Assets For Windows
[2019.05.30-20.09.25:066][  0]LogShaderCompilers: Guid format shader working directory is -23 characters bigger than the processId version (../../../../../../Users/Samuel/Documents/GitHub/CFE_RV/CFE_LeapMotion2/Intermediate/Shaders/WorkingDirectory/3488/).
[2019.05.30-20.09.25:067][  0]LogShaderCompilers: Cleaned the shader compiler working directory 'C:/Users/Samuel/AppData/Local/Temp/UnrealShaderWorkingDir/D8F17A554604B4756200C888B4D901FC/'.
[2019.05.30-20.09.25:071][  0]LogXGEController: Cleaning working directory: C:/Users/Samuel/AppData/Local/Temp/UnrealXGEWorkingDir/
[2019.05.30-20.09.25:072][  0]LogXGEController: Cannot use XGE Controller as Incredibuild is not installed on this machine.
[2019.05.30-20.09.25:072][  0]LogShaderCompilers: Cannot use XGE Shader Compiler as Incredibuild is not installed on this machine.
[2019.05.30-20.09.25:072][  0]LogShaderCompilers: Display: Using Local Shader Compiler.
[2019.05.30-20.09.26:592][  0]LogDerivedDataCache: Display: Max Cache Size: 512 MB
[2019.05.30-20.09.26:736][  0]LogDerivedDataCache: Loaded boot cache 0.14s 71MB C:/Users/Samuel/AppData/Local/UnrealEngine/4.21/DerivedDataCache/Boot.ddc.
[2019.05.30-20.09.26:736][  0]LogDerivedDataCache: Display: Loaded Boot cache: C:/Users/Samuel/AppData/Local/UnrealEngine/4.21/DerivedDataCache/Boot.ddc
[2019.05.30-20.09.26:736][  0]LogDerivedDataCache: FDerivedDataBackendGraph:  Pak pak cache file ../../../../../../Users/Samuel/Documents/GitHub/CFE_RV/CFE_LeapMotion2/DerivedDataCache/DDC.ddp not found, will not use a pak cache.
[2019.05.30-20.09.26:736][  0]LogDerivedDataCache: Unable to find inner node Pak for hierarchical cache Hierarchy.
[2019.05.30-20.09.26:736][  0]LogDerivedDataCache: FDerivedDataBackendGraph:  CompressedPak pak cache file ../../../../../../Users/Samuel/Documents/GitHub/CFE_RV/CFE_LeapMotion2/DerivedDataCache/Compressed.ddp not found, will not use a pak cache.
[2019.05.30-20.09.26:736][  0]LogDerivedDataCache: Unable to find inner node CompressedPak for hierarchical cache Hierarchy.
[2019.05.30-20.09.26:767][  0]LogDerivedDataCache: Display: Pak cache opened for reading ../../../Engine/DerivedDataCache/Compressed.ddp.
[2019.05.30-20.09.26:767][  0]LogDerivedDataCache: FDerivedDataBackendGraph:  EnterprisePak pak cache file ../../../Enterprise/DerivedDataCache/Compressed.ddp not found, will not use a pak cache.
[2019.05.30-20.09.26:767][  0]LogDerivedDataCache: Unable to find inner node EnterprisePak for hierarchical cache Hierarchy.
[2019.05.30-20.09.26:781][  0]LogDerivedDataCache: Using Local data cache path C:/Users/Samuel/AppData/Local/UnrealEngine/Common/DerivedDataCache: Writable
[2019.05.30-20.09.26:781][  0]LogDerivedDataCache: Shared data cache path not found in *engine.ini, will not use an Shared cache.
[2019.05.30-20.09.26:781][  0]LogDerivedDataCache: Unable to find inner node Shared for hierarchical cache Hierarchy.
[2019.05.30-20.09.26:837][  0]LogMaterial: Verifying Global Shaders for PCD3D_SM5
[2019.05.30-20.09.26:840][  0]LogSlate: Using FreeType 2.6.0
[2019.05.30-20.09.26:842][  0]LogSlate: SlateFontServices - WITH_FREETYPE: 1, WITH_HARFBUZZ: 1
[2019.05.30-20.09.27:021][  0]LogAssetRegistry: FAssetRegistry took 0.0518 seconds to start up
[2019.05.30-20.09.27:874][  0]LogInit: Selected Device Profile: [Windows]
[2019.05.30-20.09.28:264][  0]LogSimplygon: Simplygon DLL not present - disabling.
[2019.05.30-20.09.28:274][  0]LogMeshReduction: Using SimplygonSwarm for distributed automatic mesh merging
[2019.05.30-20.09.28:274][  0]LogMeshReduction: Using ProxyLODMeshReduction for automatic mesh merging
[2019.05.30-20.09.28:274][  0]LogMeshReduction: Using QuadricMeshReduction for automatic static mesh reduction
[2019.05.30-20.09.28:274][  0]LogMeshReduction: No automatic skeletal mesh reduction module available
[2019.05.30-20.09.28:310][  0]LogNetVersion: CFE_LeapMotion 1.0.0, NetCL: 4541578, EngineNetVer: 5, GameNetVer: 0 (Checksum: 1837852655)
[2019.05.30-20.09.29:589][  0]LogPackageLocalizationCache: Processed 12 localized package path(s) for 1 prioritized culture(s) in 0.140030 seconds
[2019.05.30-20.09.29:605][  0]LogUObjectArray: 39775 objects as part of root set at end of initial load.
[2019.05.30-20.09.29:605][  0]LogUObjectAllocator: 6914656 out of 0 bytes used by permanent object pool.
[2019.05.30-20.09.29:605][  0]LogUObjectArray: CloseDisregardForGC: 0/0 objects in disregard for GC pool
[2019.05.30-20.09.31:599][  0]LogTcpMessaging: Initializing TcpMessaging bridge
[2019.05.30-20.09.31:618][  0]LogUdpMessaging: Initializing bridge on interface 0.0.0.0:0 to multicast group 230.0.0.1:6666.
[2019.05.30-20.09.33:004][  0]UE4DuinoLog: Warning: UE4Duino: Log Started
[2019.05.30-20.09.33:099][  0]SourceControl: Source control is disabled
[2019.05.30-20.09.39:498][  0]LogAndroidPermission: UAndroidPermissionCallbackProxy::GetInstance
[2019.05.30-20.09.39:621][  0]LogWindows: Failed to load '../../../Engine/Binaries/ThirdParty/LeapMotion/Win64/LeapC.dll' (GetLastError=126)
[2019.05.30-20.09.39:621][  0]LogWindows: File '../../../Engine/Binaries/ThirdParty/LeapMotion/Win64/LeapC.dll' does not exist
[2019.05.30-20.09.39:621][  0]LeapMotionLog: Leap Plugin started v3.3.1
[2019.05.30-20.09.39:637][  0]LogOcInput: OculusInput pre-init called
[2019.05.30-20.09.39:856][  0]LogClass: Warning: ObjectProperty FMappedBoneAnimData::BodyStateSkeleton is not initialized properly
[2019.05.30-20.09.39:856][  0]LogClass: Warning: FBodyStateDeviceConfig::InputType is not initialized properly
[2019.05.30-20.09.39:857][  0]LogClass: Warning: FLeapStats::FrameExtrapolationInMS is not initialized properly
[2019.05.30-20.09.39:857][  0]LogClass: Display: 3 Uninitialized script stuct members found
[2019.05.30-20.09.39:858][  0]LogAutomationTest: Warning: ObjectProperty FMappedBoneAnimData::BodyStateSkeleton is not initialized properly
[2019.05.30-20.09.39:858][  0]LogAutomationTest: Warning: FBodyStateDeviceConfig::InputType is not initialized properly
[2019.05.30-20.09.39:858][  0]LogAutomationTest: Warning: FLeapStats::FrameExtrapolationInMS is not initialized properly
[2019.05.30-20.09.39:866][  0]LogEngine: Initializing Engine...
[2019.05.30-20.09.39:868][  0]LogHMD: Failed to initialize OpenVR with code 110
[2019.05.30-20.09.39:873][  0]LogStats: UGameplayTagsManager::ConstructGameplayTagTree: ImportINI prefixes -  0.000 s
[2019.05.30-20.09.39:873][  0]LogStats: UGameplayTagsManager::ConstructGameplayTagTree: Construct from data asset -  0.000 s
[2019.05.30-20.09.39:874][  0]LogStats: UGameplayTagsManager::ConstructGameplayTagTree: ImportINI -  0.000 s
[2019.05.30-20.09.39:874][  0]LogStats: UGameplayTagsManager::ConstructGameplayTagTree: GameplayTagTreeChangedEvent.Broadcast -  0.000 s
[2019.05.30-20.09.40:515][  0]LogInit: Initializing FReadOnlyCVARCache
[2019.05.30-20.09.40:549][  0]LogAIModule: Creating AISystem for world Untitled
[2019.05.30-20.09.40:568][  0]LogInit: XAudio2 using 'Altavoces (Conexant SmartAudio HD)' : 2 channels at 48 kHz using 32 bits per sample (channel mask 0x3)
[2019.05.30-20.09.40:712][  0]LogInit: FAudioDevice initialized.
[2019.05.30-20.09.40:713][  0]LogNetVersion: Set ProjectVersion to 1.0.0.0. Version Checksum will be recalculated on next use.
[2019.05.30-20.09.41:349][  0]LogDerivedDataCache: Saved boot cache 0.64s 71MB C:/Users/Samuel/AppData/Local/UnrealEngine/4.21/DerivedDataCache/Boot.ddc.
[2019.05.30-20.09.41:376][  0]LogInit: Texture streaming: Enabled
[2019.05.30-20.09.41:420][  0]LogEngineSessionManager: EngineSessionManager initialized
[2019.05.30-20.09.41:464][  0]LogInit: Transaction tracking system initialized
[2019.05.30-20.09.41:521][  0]BlueprintLog: New page: Editor Load
[2019.05.30-20.09.41:705][  0]LocalizationService: Localization service is disabled
[2019.05.30-20.09.44:485][  0]LogFileCache: Scanning file cache for directory 'C:/Users/Samuel/Documents/GitHub/CFE_RV/CFE_LeapMotion2/Content/' took 0.03s
[2019.05.30-20.09.44:485][  0]LogCook: Display: Max memory allowance for cook 16384mb min free memory 0mb
[2019.05.30-20.09.44:485][  0]LogCook: Display: Mobile HDR setting 1
[2019.05.30-20.09.44:485][  0]LogGameplayTags: Display: UGameplayTagsManager::DoneAddingNativeTags. DelegateIsBound: 0
[2019.05.30-20.09.44:485][  0]LogStats: UGameplayTagsManager::ConstructGameplayTagTree: ImportINI prefixes -  0.000 s
[2019.05.30-20.09.44:485][  0]LogStats: UGameplayTagsManager::ConstructGameplayTagTree: Construct from data asset -  0.000 s
[2019.05.30-20.09.44:486][  0]LogStats: UGameplayTagsManager::ConstructGameplayTagTree: ImportINI -  0.000 s
[2019.05.30-20.09.44:486][  0]LogStats: UGameplayTagsManager::ConstructGameplayTagTree: GameplayTagTreeChangedEvent.Broadcast -  0.000 s
[2019.05.30-20.09.44:884][  0]Cmd: MAP LOAD FILE="../../../../../../Users/Samuel/Documents/GitHub/CFE_RV/CFE_LeapMotion2/Content/StarterContent/Maps/Minimal_Default.umap" TEMPLATE=0 SHOWPROGRESS=1 FEATURELEVEL=3
[2019.05.30-20.09.44:885][  0]LightingResults: New page: Lighting Build
[2019.05.30-20.09.44:892][  0]MapCheck: New page: Map Check
[2019.05.30-20.09.44:892][  0]LightingResults: New page: Lighting Build
[2019.05.30-20.09.46:533][  0]LogAIModule: Creating AISystem for world Minimal_Default
[2019.05.30-20.09.46:555][  0]LogEditorServer: Finished looking for orphan Actors (0.000 secs)
[2019.05.30-20.09.46:704][  0]Cmd: MAP CHECKDEP NOCLEARLOG
[2019.05.30-20.09.46:705][  0]MapCheck: Map check complete: 0 Error(s), 0 Warning(s), took 0.774ms to complete.
[2019.05.30-20.09.46:705][  0]LogFileHelpers: Loading map 'Minimal_Default' took 1.822
[2019.05.30-20.09.46:893][  0]LogSlate: Updating window title bar state: overlay mode, drag disabled, window buttons hidden, title bar hidden
[2019.05.30-20.09.46:918][  0]LogSlate: Updating window title bar state: overlay mode, drag disabled, window buttons hidden, title bar hidden
[2019.05.30-20.09.46:941][  0]LogSlate: Updating window title bar state: overlay mode, drag disabled, window buttons hidden, title bar hidden
[2019.05.30-20.09.46:958][  0]LogSlate: Updating window title bar state: overlay mode, drag disabled, window buttons hidden, title bar hidden
[2019.05.30-20.09.46:973][  0]LogCollectionManager: Loaded 0 collections in 0.004921 seconds
[2019.05.30-20.09.46:996][  0]LogFileCache: Scanning file cache for directory 'C:/Users/Samuel/Documents/GitHub/CFE_RV/CFE_LeapMotion2/Saved/Collections/' took 0.01s
[2019.05.30-20.09.46:996][  0]LogFileCache: Scanning file cache for directory 'C:/Users/Samuel/Documents/GitHub/CFE_RV/CFE_LeapMotion2/Content/Developers/Samuel/Collections/' took 0.00s
[2019.05.30-20.09.46:996][  0]LogFileCache: Scanning file cache for directory 'C:/Users/Samuel/Documents/GitHub/CFE_RV/CFE_LeapMotion2/Content/Collections/' took 0.00s
[2019.05.30-20.09.46:996][  0]LogCollectionManager: Rebuilt the GUID cache for 0 collections in 0.000001 seconds
[2019.05.30-20.09.47:015][  0]LogContentBrowser: Native class hierarchy populated in 0.0191 seconds. Added 2666 classes and 631 folders.
[2019.05.30-20.09.47:029][  0]LogContentBrowser: Native class hierarchy updated for 'WidgetCarousel' in 0.0006 seconds. Added 0 classes and 0 folders.
[2019.05.30-20.09.47:032][  0]LogPakFile: Registered encryption key '00000000000000000000000000000000': 0 pak files mounted, 0 remain pending
[2019.05.30-20.09.47:034][  0]LogPakFile: Registered encryption key '00000000000000000000000000000000': 0 pak files mounted, 0 remain pending
[2019.05.30-20.09.47:035][  0]LogPakFile: Registered encryption key '00000000000000000000000000000000': 0 pak files mounted, 0 remain pending
[2019.05.30-20.09.47:036][  0]LogPakFile: Registered encryption key '00000000000000000000000000000000': 0 pak files mounted, 0 remain pending
[2019.05.30-20.09.47:037][  0]LogPakFile: Registered encryption key '00000000000000000000000000000000': 0 pak files mounted, 0 remain pending
[2019.05.30-20.09.47:039][  0]LogPakFile: Registered encryption key '00000000000000000000000000000000': 0 pak files mounted, 0 remain pending
[2019.05.30-20.09.47:040][  0]LogPakFile: Registered encryption key '00000000000000000000000000000000': 0 pak files mounted, 0 remain pending
[2019.05.30-20.09.47:042][  0]LogPakFile: Registered encryption key '00000000000000000000000000000000': 0 pak files mounted, 0 remain pending
[2019.05.30-20.09.47:043][  0]LogPakFile: Registered encryption key '00000000000000000000000000000000': 0 pak files mounted, 0 remain pending
[2019.05.30-20.09.47:044][  0]LogPakFile: Registered encryption key '00000000000000000000000000000000': 0 pak files mounted, 0 remain pending
[2019.05.30-20.09.47:046][  0]LogPakFile: Registered encryption key '00000000000000000000000000000000': 0 pak files mounted, 0 remain pending
[2019.05.30-20.09.47:047][  0]LogPakFile: Registered encryption key '00000000000000000000000000000000': 0 pak files mounted, 0 remain pending
[2019.05.30-20.09.47:048][  0]LogPakFile: Registered encryption key '00000000000000000000000000000000': 0 pak files mounted, 0 remain pending
[2019.05.30-20.09.47:049][  0]LogPakFile: Registered encryption key '00000000000000000000000000000000': 0 pak files mounted, 0 remain pending
[2019.05.30-20.09.47:051][  0]LogPakFile: Registered encryption key '00000000000000000000000000000000': 0 pak files mounted, 0 remain pending
[2019.05.30-20.09.47:052][  0]LogPakFile: Registered encryption key '00000000000000000000000000000000': 0 pak files mounted, 0 remain pending
[2019.05.30-20.09.47:054][  0]LogPakFile: Registered encryption key '00000000000000000000000000000000': 0 pak files mounted, 0 remain pending
[2019.05.30-20.09.47:055][  0]LogPakFile: Registered encryption key '00000000000000000000000000000000': 0 pak files mounted, 0 remain pending
[2019.05.30-20.09.47:057][  0]LogPakFile: Registered encryption key '00000000000000000000000000000000': 0 pak files mounted, 0 remain pending
[2019.05.30-20.09.47:058][  0]LogPakFile: Registered encryption key '00000000000000000000000000000000': 0 pak files mounted, 0 remain pending
[2019.05.30-20.09.47:059][  0]LogPakFile: Registered encryption key '00000000000000000000000000000000': 0 pak files mounted, 0 remain pending
[2019.05.30-20.09.47:060][  0]LogPakFile: Registered encryption key '00000000000000000000000000000000': 0 pak files mounted, 0 remain pending
[2019.05.30-20.09.47:062][  0]LogPakFile: Registered encryption key '00000000000000000000000000000000': 0 pak files mounted, 0 remain pending
[2019.05.30-20.09.47:063][  0]LogPakFile: Registered encryption key '00000000000000000000000000000000': 0 pak files mounted, 0 remain pending
[2019.05.30-20.09.47:064][  0]LogPakFile: Registered encryption key '00000000000000000000000000000000': 0 pak files mounted, 0 remain pending
[2019.05.30-20.09.47:066][  0]LogPakFile: Registered encryption key '00000000000000000000000000000000': 0 pak files mounted, 0 remain pending
[2019.05.30-20.09.47:143][  0]LogContentBrowser: Native class hierarchy updated for 'AddContentDialog' in 0.0005 seconds. Added 0 classes and 0 folders.
[2019.05.30-20.09.47:154][  0]LogContentBrowser: Native class hierarchy updated for 'SceneOutliner' in 0.0007 seconds. Added 1 classes and 2 folders.
[2019.05.30-20.09.47:310][  0]LogSlate: Took 0.000500 seconds to synchronously load lazily loaded font '../../../Engine/Content/Slate/Fonts/Roboto-Regular.ttf' (155K)
[2019.05.30-20.09.47:314][  0]LogSlate: Took 0.000444 seconds to synchronously load lazily loaded font '../../../Engine/Content/Slate/Fonts/Roboto-Bold.ttf' (160K)
[2019.05.30-20.09.47:327][  0]LogSlate: Took 0.000534 seconds to synchronously load lazily loaded font '../../../Engine/Content/Editor/Slate/Fonts/FontAwesome.ttf' (139K)
[2019.05.30-20.09.47:536][  0]LogRenderer: Reallocating scene render targets to support 776x300 Format 9 NumSamples 1 (Frame:1).
[2019.05.30-20.09.48:256][  0]LogSlate: Took 0.000571 seconds to synchronously load lazily loaded font '../../../Engine/Content/Slate/Fonts/Roboto-Light.ttf' (167K)
[2019.05.30-20.09.48:438][  0]LogContentBrowser: Native class hierarchy updated for 'HierarchicalLODOutliner' in 0.0007 seconds. Added 0 classes and 0 folders.
[2019.05.30-20.09.48:438][  0]LogLoad: (Engine Initialization) Total time: 31.82 seconds
[2019.05.30-20.09.48:438][  0]LogLoad: (Engine Initialization) Total Blueprint compile time: 0.00 seconds
[2019.05.30-20.09.48:475][  0]LeapMotionLog: ServiceMessageLoop started.
[2019.05.30-20.09.48:475][  0]BodyStateLog: BodyState::DeviceAttached: Leap Motion (1)
[2019.05.30-20.09.48:476][  0]BodyStateLog: BodyState::DeviceAttached: HMD (2)
[2019.05.30-20.09.49:241][  0]LogContentStreaming: Texture pool size now 600 MB
[2019.05.30-20.09.49:417][  2]LeapMotionLog: LeapService: OnConnect.
[2019.05.30-20.09.50:205][  7]LogAssetRegistry: Asset discovery search completed in 23.2087 seconds
[2019.05.30-20.09.50:211][  7]LogCollectionManager: Rebuilt the object cache for 0 collections in 0.000002 seconds (found 0 objects)
[2019.05.30-20.09.50:211][  7]LogCollectionManager: Fixed up redirectors for 0 collections in 0.000324 seconds (updated 0 objects)
[2019.05.30-20.09.51:961][105]LogSlate: FSceneViewport::OnFocusLost() reason 2
[2019.05.30-20.09.57:146][338]LogSlate: FSceneViewport::OnFocusLost() reason 2
[2019.05.30-20.11.50:074][862]LogSlate: Window 'Source Control Login' being destroyed
[2019.05.30-20.12.06:720][148]LogSlate: Took 0.000555 seconds to synchronously load lazily loaded font '../../../Engine/Content/Slate/Fonts/Roboto-Light.ttf' (167K)
[2019.05.30-20.12.06:739][148]LogAssetEditorManager: Opening Asset editor for Blueprint /Game/BP_Character/BP_Pawn.BP_Pawn
[2019.05.30-20.12.07:981][148]LogContentBrowser: Native class hierarchy updated for 'BlueprintGraph' in 0.0017 seconds. Added 117 classes and 0 folders.
[2019.05.30-20.12.10:215][148]LogTemp: Bone cache synced: 20
[2019.05.30-20.12.10:219][148]LogTemp: Bone cache synced: 0
[2019.05.30-20.12.10:219][148]LogTemp: Bone cache synced: 20
[2019.05.30-20.12.10:233][148]LogSlate: Took 0.000515 seconds to synchronously load lazily loaded font '../../../Engine/Content/Slate/Fonts/Roboto-BoldCondensed.ttf' (158K)
[2019.05.30-20.12.11:711][190]LogSlate: Took 0.000798 seconds to synchronously load lazily loaded font '../../../Engine/Content/Slate/Fonts/Roboto-Italic.ttf' (157K)
[2019.05.30-20.12.22:266][564]LogSlate: FSceneViewport::OnFocusLost() reason 0
[2019.05.30-20.12.22:776][569]LogSlate: Window 'CFE_LeapMotion - Unreal Editor' being destroyed
[2019.05.30-20.12.22:778][569]LogWindowsTextInputMethodSystem: Display: IME system now deactivated.
[2019.05.30-20.12.23:110][570]Cmd: QUIT_EDITOR
[2019.05.30-20.12.23:201][570]LogExit: Preparing to exit.
[2019.05.30-20.12.23:844][570]LogExit: Editor shut down
[2019.05.30-20.12.23:845][570]LogExit: Transaction tracking system shut down
[2019.05.30-20.12.24:336][570]LogExit: Object subsystem successfully closed.
[2019.05.30-20.12.24:364][570]LogShaderCompilers: Display: Shaders left to compile 0
[2019.05.30-20.12.24:375][570]LogD3D11RHI: Shutdown
[2019.05.30-20.12.24:375][570]LogD3D11RHI: CleanupD3DDevice
[2019.05.30-20.12.24:391][570]LogD3D11RHI: ~FD3D11DynamicRHI
[2019.05.30-20.12.24:443][570]LogModuleManager: Shutting down and abandoning module BlueprintGraph (632)
[2019.05.30-20.12.24:443][570]LogModuleManager: Shutting down and abandoning module HierarchicalLODOutliner (630)
[2019.05.30-20.12.24:443][570]LogModuleManager: Shutting down and abandoning module SceneOutliner (628)
[2019.05.30-20.12.24:443][570]LogModuleManager: Shutting down and abandoning module AddContentDialog (626)
[2019.05.30-20.12.24:444][570]LogModuleManager: Shutting down and abandoning module WidgetCarousel (625)
[2019.05.30-20.12.24:444][570]LogModuleManager: Shutting down and abandoning module EditorWidgets (622)
[2019.05.30-20.12.24:444][570]LogModuleManager: Shutting down and abandoning module CollectionManager (620)
[2019.05.30-20.12.24:445][570]LogModuleManager: Shutting down and abandoning module StatsViewer (618)
[2019.05.30-20.12.24:445][570]LogModuleManager: Shutting down and abandoning module FoliageEdit (616)
[2019.05.30-20.12.24:445][570]LogModuleManager: Shutting down and abandoning module LandscapeEditor (614)
[2019.05.30-20.12.24:446][570]LogModuleManager: Shutting down and abandoning module MeshPaintMode (612)
[2019.05.30-20.12.24:446][570]LogModuleManager: Shutting down and abandoning module SceneDepthPickerMode (610)
[2019.05.30-20.12.24:446][570]LogModuleManager: Shutting down and abandoning module ActorPickerMode (608)
[2019.05.30-20.12.24:446][570]LogModuleManager: Shutting down and abandoning module GeometryMode (606)
[2019.05.30-20.12.24:446][570]LogModuleManager: Shutting down and abandoning module TextureAlignMode (604)
[2019.05.30-20.12.24:446][570]LogModuleManager: Shutting down and abandoning module BspMode (602)
[2019.05.30-20.12.24:446][570]LogModuleManager: Shutting down and abandoning module PIEPreviewDeviceProfileSelector (600)
[2019.05.30-20.12.24:446][570]LogModuleManager: Shutting down and abandoning module SequenceRecorderSections (598)
[2019.05.30-20.12.24:446][570]LogModuleManager: Shutting down and abandoning module AutomationWorker (596)
[2019.05.30-20.12.24:446][570]LogModuleManager: Shutting down and abandoning module AudioCaptureEditor (594)
[2019.05.30-20.12.24:446][570]LogModuleManager: Shutting down and abandoning module MatineeToLevelSequence (592)
[2019.05.30-20.12.24:446][570]LogModuleManager: Shutting down and abandoning module LevelSequenceEditor (590)
[2019.05.30-20.12.24:446][570]LogModuleManager: Shutting down and abandoning module PlacementMode (589)
[2019.05.30-20.12.24:446][570]LogModuleManager: Shutting down and abandoning module MaterialEditor (588)
[2019.05.30-20.12.24:446][570]LogModuleManager: Shutting down and abandoning module WmfMediaFactory (584)
[2019.05.30-20.12.24:446][570]LogModuleManager: Shutting down and abandoning module WmfMediaEditor (582)
[2019.05.30-20.12.24:446][570]LogModuleManager: Shutting down and abandoning module WebMMediaFactory (580)
[2019.05.30-20.12.24:446][570]LogModuleManager: Shutting down and abandoning module WebMMediaEditor (578)
[2019.05.30-20.12.24:446][570]LogModuleManager: Shutting down and abandoning module WebMMedia (576)
[2019.05.30-20.12.24:447][570]LogModuleManager: Shutting down and abandoning module MediaPlayerEditor (574)
[2019.05.30-20.12.24:447][570]LogModuleManager: Shutting down and abandoning module MediaCompositingEditor (572)
[2019.05.30-20.12.24:447][570]LogModuleManager: Shutting down and abandoning module SequenceRecorder (571)
[2019.05.30-20.12.24:447][570]LogModuleManager: Shutting down and abandoning module OpenExrWrapper (568)
[2019.05.30-20.12.24:447][570]LogModuleManager: Shutting down and abandoning module ImgMediaFactory (566)
[2019.05.30-20.12.24:447][570]LogModuleManager: Shutting down and abandoning module ImgMediaEditor (564)
[2019.05.30-20.12.24:447][570]LogModuleManager: Shutting down and abandoning module AvfMediaFactory (562)
[2019.05.30-20.12.24:447][570]LogModuleManager: Shutting down and abandoning module AvfMediaEditor (560)
[2019.05.30-20.12.24:447][570]LogModuleManager: Shutting down and abandoning module AndroidMediaFactory (558)
[2019.05.30-20.12.24:447][570]LogModuleManager: Shutting down and abandoning module AndroidMediaEditor (556)
[2019.05.30-20.12.24:447][570]LogModuleManager: Shutting down and abandoning module MagicLeapCameraPreviewFactory (554)
[2019.05.30-20.12.24:447][570]LogModuleManager: Shutting down and abandoning module MagicLeapMediaFactory (552)
[2019.05.30-20.12.24:447][570]LogModuleManager: Shutting down and abandoning module MagicLeapMediaEditor (550)
[2019.05.30-20.12.24:447][570]LogModuleManager: Shutting down and abandoning module CharacterAI (548)
[2019.05.30-20.12.24:447][570]LogModuleManager: Shutting down and abandoning module SmartSnapping (546)
[2019.05.30-20.12.24:447][570]LogModuleManager: Shutting down and abandoning module SessionServices (544)
[2019.05.30-20.12.24:447][570]LogModuleManager: Shutting down and abandoning module ViewportSnapping (542)
[2019.05.30-20.12.24:447][570]LogModuleManager: Shutting down and abandoning module ViewportInteraction (540)
[2019.05.30-20.12.24:447][570]LogModuleManager: Shutting down and abandoning module ClothPainter (538)
[2019.05.30-20.12.24:448][570]LogModuleManager: Shutting down and abandoning module SkeletalMeshEditor (537)
[2019.05.30-20.12.24:448][570]LogModuleManager: Shutting down and abandoning module LogVisualizer (534)
[2019.05.30-20.12.24:448][570]LogModuleManager: Shutting down and abandoning module IntroTutorials (532)
[2019.05.30-20.12.24:448][570]LogModuleManager: Shutting down and abandoning module GameProjectGeneration (531)
[2019.05.30-20.12.24:448][570]LogModuleManager: Shutting down and abandoning module LuminPlatformEditor (528)
[2019.05.30-20.12.24:448][570]LogModuleManager: Shutting down and abandoning module IOSPlatformEditor (526)
[2019.05.30-20.12.24:448][570]LogModuleManager: Shutting down and abandoning module HTML5PlatformEditor (524)
[2019.05.30-20.12.24:448][570]LogModuleManager: Shutting down and abandoning module AndroidPlatformEditor (522)
[2019.05.30-20.12.24:448][570]LogModuleManager: Shutting down and abandoning module AndroidDeviceDetection (521)
[2019.05.30-20.12.25:301][570]LogModuleManager: Shutting down and abandoning module WindowsPlatformEditor (518)
[2019.05.30-20.12.25:301][570]LogModuleManager: Shutting down and abandoning module LuminRuntimeSettings (516)
[2019.05.30-20.12.25:301][570]LogModuleManager: Shutting down and abandoning module IOSRuntimeSettings (514)
[2019.05.30-20.12.25:301][570]LogModuleManager: Shutting down and abandoning module AndroidRuntimeSettings (512)
[2019.05.30-20.12.25:301][570]LogModuleManager: Shutting down and abandoning module TimeManagementEditor (510)
[2019.05.30-20.12.25:301][570]LogModuleManager: Shutting down and abandoning module InputBindingEditor (508)
[2019.05.30-20.12.25:301][570]LogModuleManager: Shutting down and abandoning module MergeActors (506)
[2019.05.30-20.12.25:301][570]LogModuleManager: Shutting down and abandoning module LocalizationDashboard (504)
[2019.05.30-20.12.25:301][570]LogModuleManager: Shutting down and abandoning module LocalizationService (503)
[2019.05.30-20.12.25:301][570]LogModuleManager: Shutting down and abandoning module HardwareTargeting (500)
[2019.05.30-20.12.25:301][570]LogModuleManager: Shutting down and abandoning module DeviceProfileEditor (498)
[2019.05.30-20.12.25:301][570]LogModuleManager: Shutting down and abandoning module UndoHistory (496)
[2019.05.30-20.12.25:301][570]LogModuleManager: Shutting down and abandoning module XmlParser (494)
[2019.05.30-20.12.25:301][570]LogModuleManager: Shutting down and abandoning module Blutility (492)
[2019.05.30-20.12.25:302][570]LogModuleManager: Shutting down and abandoning module ProjectSettingsViewer (490)
[2019.05.30-20.12.25:302][570]LogModuleManager: Shutting down and abandoning module ProjectTargetPlatformEditor (489)
[2019.05.30-20.12.25:302][570]LogModuleManager: Shutting down and abandoning module EditorSettingsViewer (486)
[2019.05.30-20.12.25:302][570]LogModuleManager: Shutting down and abandoning module SettingsEditor (484)
[2019.05.30-20.12.25:302][570]LogModuleManager: Shutting down and abandoning module ProjectLauncher (482)
[2019.05.30-20.12.25:302][570]LogModuleManager: Shutting down and abandoning module SessionFrontend (480)
[2019.05.30-20.12.25:302][570]LogModuleManager: Shutting down and abandoning module ProfilerClient (478)
[2019.05.30-20.12.25:302][570]LogModuleManager: Shutting down and abandoning module DeviceManager (476)
[2019.05.30-20.12.25:302][570]LogModuleManager: Shutting down and abandoning module TargetDeviceServices (475)
[2019.05.30-20.12.25:356][570]LogModuleManager: Shutting down and abandoning module AutomationController (472)
[2019.05.30-20.12.25:356][570]LogModuleManager: Shutting down and abandoning module AutomationWindow (470)
[2019.05.30-20.12.25:356][570]LogModuleManager: Shutting down and abandoning module Layers (468)
[2019.05.30-20.12.25:356][570]LogModuleManager: Shutting down and abandoning module ComponentVisualizers (466)
[2019.05.30-20.12.25:356][570]LogModuleManager: Shutting down and abandoning module DetailCustomizations (464)
[2019.05.30-20.12.25:356][570]LogModuleManager: Shutting down and abandoning module PackagesDialog (462)
[2019.05.30-20.12.25:356][570]LogModuleManager: Shutting down and abandoning module Persona (460)
[2019.05.30-20.12.25:356][570]LogModuleManager: Shutting down and abandoning module AdvancedPreviewScene (459)
[2019.05.30-20.12.25:356][570]LogModuleManager: Shutting down and abandoning module AnimGraph (457)
[2019.05.30-20.12.25:356][570]LogModuleManager: Shutting down and abandoning module Kismet (454)
[2019.05.30-20.12.25:367][570]LogModuleManager: Shutting down and abandoning module GraphEditor (452)
[2019.05.30-20.12.25:367][570]LogModuleManager: Shutting down and abandoning module ClassViewer (450)
[2019.05.30-20.12.25:368][570]LogModuleManager: Shutting down and abandoning module Toolbox (448)
[2019.05.30-20.12.25:368][570]LogModuleManager: Shutting down and abandoning module ModuleUI (446)
[2019.05.30-20.12.25:368][570]LogModuleManager: Shutting down and abandoning module MovieSceneTools (444)
[2019.05.30-20.12.25:368][570]LogModuleManager: Shutting down and abandoning module OutputLog (442)
[2019.05.30-20.12.25:368][570]LogModuleManager: Shutting down and abandoning module GammaUI (440)
[2019.05.30-20.12.25:368][570]LogModuleManager: Shutting down and abandoning module Documentation (438)
[2019.05.30-20.12.25:368][570]LogModuleManager: Shutting down and abandoning module MovieSceneTracks (436)
[2019.05.30-20.12.25:368][570]LogModuleManager: Shutting down and abandoning module MovieScene (434)
[2019.05.30-20.12.25:368][570]LogModuleManager: Shutting down and abandoning module StreamingPauseRendering (432)
[2019.05.30-20.12.25:368][570]LogModuleManager: Shutting down and abandoning module LauncherPlatform (430)
[2019.05.30-20.12.25:368][570]LogModuleManager: Shutting down and abandoning module AnalyticsET (428)
[2019.05.30-20.12.25:368][570]LogModuleManager: Shutting down and abandoning module PortalServices (426)
[2019.05.30-20.12.25:368][570]LogModuleManager: Shutting down and abandoning module PortalRpc (424)
[2019.05.30-20.12.25:368][570]LogModuleManager: Shutting down and abandoning module MessagingRpc (422)
[2019.05.30-20.12.25:368][570]LogModuleManager: Shutting down and abandoning module AIModule (420)
[2019.05.30-20.12.25:368][570]LogModuleManager: Shutting down and abandoning module GameplayDebugger (419)
[2019.05.30-20.12.25:368][570]LogModuleManager: Shutting down and abandoning module AITestSuite (417)
[2019.05.30-20.12.25:368][570]LogModuleManager: Shutting down and abandoning module NavigationSystem (415)
[2019.05.30-20.12.25:368][570]LogModuleManager: Shutting down and abandoning module DesktopPlatform (412)
[2019.05.30-20.12.25:368][570]LogModuleManager: Shutting down and abandoning module ImageWriteQueue (410)
[2019.05.30-20.12.25:375][570]LogModuleManager: Shutting down and abandoning module ProfilerService (408)
[2019.05.30-20.12.25:560][570]LogModuleManager: Shutting down and abandoning module TaskGraph (406)
[2019.05.30-20.12.25:560][570]LogModuleManager: Shutting down and abandoning module SteamVRController (404)
[2019.05.30-20.12.25:560][570]LogModuleManager: Shutting down and abandoning module ProceduralMeshComponentEditor (402)
[2019.05.30-20.12.25:560][570]LogModuleManager: Shutting down and abandoning module ProceduralMeshComponent (400)
[2019.05.30-20.12.25:560][570]LogModuleManager: Shutting down and abandoning module OculusInput (398)
[2019.05.30-20.12.25:560][570]LogModuleManager: Shutting down and abandoning module MobilePatchingUtils (396)
[2019.05.30-20.12.25:560][570]LogModuleManager: Shutting down and abandoning module LeapMotion (394)
[2019.05.30-20.12.25:560][570]LeapMotionLog: Leap Plugin shutdown.
[2019.05.30-20.12.25:560][570]BodyStateLog: Id: 1
[2019.05.30-20.12.25:561][570]LogUObjectArray: Warning: Empty slot
[2019.05.30-20.12.25:561][570]BodyStateLog: BodyState::Device Detached: Leap Motion (1)
[2019.05.30-20.12.28:562][570]LeapMotionLog: Connection successfully closed.
[2019.05.30-20.12.28:562][570]LogModuleManager: Shutting down and abandoning module EditableMesh (392)
[2019.05.30-20.12.28:562][570]LogModuleManager: Shutting down and abandoning module CustomMeshComponent (390)
[2019.05.30-20.12.28:562][570]LogModuleManager: Shutting down and abandoning module CableComponent (388)
[2019.05.30-20.12.28:562][570]LogModuleManager: Shutting down and abandoning module AudioCapture (386)
[2019.05.30-20.12.28:562][570]LogModuleManager: Shutting down and abandoning module ArchVisCharacter (384)
[2019.05.30-20.12.28:562][570]LogModuleManager: Shutting down and abandoning module AndroidPermission (382)
[2019.05.30-20.12.28:562][570]LogModuleManager: Shutting down and abandoning module NUTUnrealEngine4 (380)
[2019.05.30-20.12.28:562][570]LogModuleManager: Shutting down and abandoning module NetcodeUnitTest (378)
[2019.05.30-20.12.28:562][570]LogModuleManager: Shutting down and abandoning module MediaCompositing (376)
[2019.05.30-20.12.28:562][570]LogModuleManager: Shutting down and abandoning module LinearTimecode (374)
[2019.05.30-20.12.28:562][570]LogModuleManager: Shutting down and abandoning module ImgMedia (372)
[2019.05.30-20.12.28:573][570]LogModuleManager: Shutting down and abandoning module HTML5Networking (370)
[2019.05.30-20.12.28:573][570]LogModuleManager: Shutting down and abandoning module GeometryCacheTracks (368)
[2019.05.30-20.12.28:573][570]LogModuleManager: Shutting down and abandoning module GeometryCacheSequencer (366)
[2019.05.30-20.12.28:573][570]LogModuleManager: Shutting down and abandoning module BackChannel (364)
[2019.05.30-20.12.28:573][570]LogModuleManager: Shutting down and abandoning module AppleVision (362)
[2019.05.30-20.12.28:573][570]LogModuleManager: Shutting down and abandoning module AppleImageUtilsBlueprintSupport (360)
[2019.05.30-20.12.28:573][570]LogModuleManager: Shutting down and abandoning module AppleImageUtils (358)
[2019.05.30-20.12.28:573][570]LogModuleManager: Shutting down and abandoning module AlembicImporter (356)
[2019.05.30-20.12.28:573][570]LogModuleManager: Shutting down and abandoning module AlembicLibrary (355)
[2019.05.30-20.12.28:573][570]LogModuleManager: Shutting down and abandoning module GeometryCache (354)
[2019.05.30-20.12.28:573][570]LogModuleManager: Shutting down and abandoning module GeometryCacheEd (353)
[2019.05.30-20.12.28:574][570]LogModuleManager: Shutting down and abandoning module VariantManagerContent (348)
[2019.05.30-20.12.28:574][570]LogModuleManager: Shutting down and abandoning module DatasmithContentEditor (346)
[2019.05.30-20.12.28:574][570]LogModuleManager: Shutting down and abandoning module SpeedTreeImporter (344)
[2019.05.30-20.12.28:574][570]LogModuleManager: Shutting down and abandoning module PluginBrowser (342)
[2019.05.30-20.12.28:574][570]LogModuleManager: Shutting down and abandoning module MobileLauncherProfileWizard (340)
[2019.05.30-20.12.28:574][570]LogModuleManager: Shutting down and abandoning module PolygonModeling (338)
[2019.05.30-20.12.28:574][570]LogModuleManager: Shutting down and abandoning module MeshEditor (336)
[2019.05.30-20.12.28:575][570]LogModuleManager: Shutting down and abandoning module CryptoKeysOpenSSL (334)
[2019.05.30-20.12.28:575][570]LogModuleManager: Shutting down and abandoning module CryptoKeys (332)
[2019.05.30-20.12.28:575][570]LogModuleManager: Shutting down and abandoning module VisualStudioSourceCodeAccess (330)
[2019.05.30-20.12.28:575][570]LogModuleManager: Shutting down and abandoning module VisualStudioCodeSourceCodeAccess (328)
[2019.05.30-20.12.28:575][570]LogModuleManager: Shutting down and abandoning module UObjectPlugin (326)
[2019.05.30-20.12.28:575][570]LogModuleManager: Shutting down and abandoning module SubversionSourceControl (324)
[2019.05.30-20.12.28:575][570]LogModuleManager: Shutting down and abandoning module PerforceSourceControl (322)
[2019.05.30-20.12.28:575][570]LogModuleManager: Shutting down and abandoning module GitSourceControl (320)
[2019.05.30-20.12.28:575][570]LogModuleManager: Shutting down and abandoning module SourceControl (319)
[2019.05.30-20.12.28:575][570]LogModuleManager: Shutting down and abandoning module CLionSourceCodeAccess (316)
[2019.05.30-20.12.28:575][570]LogModuleManager: Shutting down and abandoning module ActorLayerUtilitiesEditor (314)
[2019.05.30-20.12.28:575][570]LogModuleManager: Shutting down and abandoning module ActorLayerUtilities (312)
[2019.05.30-20.12.28:575][570]LogModuleManager: Shutting down and abandoning module LightPropagationVolumeEditor (310)
[2019.05.30-20.12.28:575][570]LogModuleManager: Shutting down and abandoning module PaperTiledImporter (308)
[2019.05.30-20.12.28:575][570]LogModuleManager: Shutting down and abandoning module PaperSpriteSheetImporter (306)
[2019.05.30-20.12.28:575][570]LogModuleManager: Shutting down and abandoning module Paper2DEditor (304)
[2019.05.30-20.12.28:576][570]LogModuleManager: Shutting down and abandoning module MeshPaint (303)
[2019.05.30-20.12.28:576][570]LogModuleManager: Shutting down and abandoning module UE4Duino (300)
[2019.05.30-20.12.28:576][570]UE4DuinoLog: Warning: UE4Duino: Log Ended
[2019.05.30-20.12.28:576][570]LogModuleManager: Shutting down and abandoning module RuntimePhysXCooking (298)
[2019.05.30-20.12.28:576][570]LogModuleManager: Shutting down and abandoning module PhysXVehiclesEditor (296)
[2019.05.30-20.12.28:576][570]LogModuleManager: Shutting down and abandoning module PhysXVehicles (294)
[2019.05.30-20.12.28:576][570]LogModuleManager: Shutting down and abandoning module OculusEditor (292)
[2019.05.30-20.12.28:576][570]LogModuleManager: Shutting down and abandoning module LocationServicesBPLibrary (290)
[2019.05.30-20.12.28:576][570]LogModuleManager: Shutting down and abandoning module BodyState (288)
[2019.05.30-20.12.28:576][570]BodyStateLog: Id: 2
[2019.05.30-20.12.28:576][570]LogUObjectArray: Warning: Empty slot
[2019.05.30-20.12.28:576][570]BodyStateLog: BodyState::Device Detached: HMD (0)
[2019.05.30-20.12.28:576][570]LogUObjectArray: Warning: Empty slot
[2019.05.30-20.12.28:576][570]LogModuleManager: Shutting down and abandoning module LeapMotionEditor (286)
[2019.05.30-20.12.28:577][570]LogModuleManager: Shutting down and abandoning module ActorSequence (284)
[2019.05.30-20.12.28:577][570]LogModuleManager: Shutting down and abandoning module UdpMessaging (282)
[2019.05.30-20.12.28:678][570]LogModuleManager: Shutting down and abandoning module TcpMessaging (280)
[2019.05.30-20.12.28:780][570]LogModuleManager: Shutting down and abandoning module MagicLeapAudio (278)
[2019.05.30-20.12.28:780][570]LogModuleManager: Shutting down and abandoning module GameplayTagsEditor (276)
[2019.05.30-20.12.28:780][570]LogModuleManager: Shutting down and abandoning module FacialAnimationEditor (274)
[2019.05.30-20.12.28:780][570]LogModuleManager: Shutting down and abandoning module FacialAnimation (272)
[2019.05.30-20.12.28:780][570]LogModuleManager: Shutting down and abandoning module DataValidation (270)
[2019.05.30-20.12.28:780][570]LogModuleManager: Shutting down and abandoning module AssetManagerEditor (268)
[2019.05.30-20.12.28:781][570]LogModuleManager: Shutting down and abandoning module LevelEditor (267)
[2019.05.30-20.12.28:782][570]LogModuleManager: Shutting down and abandoning module PixelInspectorModule (266)
[2019.05.30-20.12.28:782][570]LogModuleManager: Shutting down and abandoning module CommonMenuExtensions (264)
[2019.05.30-20.12.28:782][570]LogModuleManager: Shutting down and abandoning module MainFrame (262)
[2019.05.30-20.12.28:782][570]LogModuleManager: Shutting down and abandoning module HotReload (261)
[2019.05.30-20.12.28:898][570]LogModuleManager: Shutting down and abandoning module ContentBrowser (257)
[2019.05.30-20.12.28:900][570]LogModuleManager: Shutting down and abandoning module TreeMap (255)
[2019.05.30-20.12.28:900][570]LogModuleManager: Shutting down and abandoning module LightPropagationVolumeRuntime (252)
[2019.05.30-20.12.28:900][570]LogModuleManager: Shutting down and abandoning module AISupportModule (250)
[2019.05.30-20.12.28:900][570]LogModuleManager: Shutting down and abandoning module Paper2D (248)
[2019.05.30-20.12.28:900][570]LogModuleManager: Shutting down and abandoning module WindowsMoviePlayer (246)
[2019.05.30-20.12.28:900][570]LogModuleManager: Shutting down and abandoning module WebMMoviePlayer (244)
[2019.05.30-20.12.28:900][570]LogModuleManager: Shutting down and abandoning module WmfMedia (242)
[2019.05.30-20.12.28:903][570]LogModuleManager: Shutting down and abandoning module Media (241)
[2019.05.30-20.12.28:910][570]LogModuleManager: Shutting down and abandoning module PacketHandler (238)
[2019.05.30-20.12.28:910][570]LogModuleManager: Shutting down and abandoning module ClothingSystemEditor (236)
[2019.05.30-20.12.28:910][570]LogModuleManager: Shutting down and abandoning module ClothingSystemRuntime (234)
[2019.05.30-20.12.28:910][570]LogModuleManager: Shutting down and abandoning module MediaAssets (232)
[2019.05.30-20.12.28:910][570]LogModuleManager: Shutting down and abandoning module Overlay (230)
[2019.05.30-20.12.28:910][570]LogModuleManager: Shutting down and abandoning module OverlayEditor (229)
[2019.05.30-20.12.28:910][570]LogModuleManager: Shutting down and abandoning module VREditor (226)
[2019.05.30-20.12.28:910][570]LogModuleManager: Shutting down and abandoning module StringTableEditor (224)
[2019.05.30-20.12.28:910][570]LogModuleManager: Shutting down and abandoning module GameplayTasksEditor (222)
[2019.05.30-20.12.28:910][570]LogModuleManager: Shutting down and abandoning module BehaviorTreeEditor (220)
[2019.05.30-20.12.28:910][570]LogModuleManager: Shutting down and abandoning module FunctionalTesting (218)
[2019.05.30-20.12.28:910][570]LogModuleManager: Shutting down and abandoning module CollisionAnalyzer (216)
[2019.05.30-20.12.28:910][570]LogModuleManager: Shutting down and abandoning module WorkspaceMenuStructure (215)
[2019.05.30-20.12.28:910][570]LogModuleManager: Shutting down and abandoning module UMG (212)
[2019.05.30-20.12.28:910][570]LogModuleManager: Shutting down and abandoning module UMGEditor (211)
[2019.05.30-20.12.28:910][570]LogModuleManager: Shutting down and abandoning module Sequencer (210)
[2019.05.30-20.12.28:910][570]LogModuleManager: Shutting down and abandoning module MessageLog (207)
[2019.05.30-20.12.28:910][570]LogModuleManager: Shutting down and abandoning module SlateReflector (202)
[2019.05.30-20.12.28:910][570]LogModuleManager: Shutting down and abandoning module Slate (200)
[2019.05.30-20.12.28:910][570]LogModuleManager: Shutting down and abandoning module EditorStyle (198)
[2019.05.30-20.12.28:914][570]LogModuleManager: Shutting down and abandoning module MRMesh (196)
[2019.05.30-20.12.28:914][570]LogModuleManager: Shutting down and abandoning module SourceCodeAccess (194)
[2019.05.30-20.12.28:914][570]LogModuleManager: Shutting down and abandoning module HeadMountedDisplay (192)
[2019.05.30-20.12.28:914][570]LogModuleManager: Shutting down and abandoning module XAudio2 (190)
[2019.05.30-20.12.28:914][570]LogModuleManager: Shutting down and abandoning module Networking (188)
[2019.05.30-20.12.28:914][570]LogModuleManager: Shutting down and abandoning module Core (186)
[2019.05.30-20.12.28:914][570]LogModuleManager: Shutting down and abandoning module LevelSequence (184)
[2019.05.30-20.12.28:914][570]LogModuleManager: Shutting down and abandoning module KismetCompiler (182)
[2019.05.30-20.12.28:914][570]LogModuleManager: Shutting down and abandoning module MeshUtilities (180)
[2019.05.30-20.12.28:914][570]LogModuleManager: Shutting down and abandoning module MeshMergeUtilities (179)
[2019.05.30-20.12.28:914][570]LogModuleManager: Shutting down and abandoning module MeshReductionInterface (178)
[2019.05.30-20.12.28:914][570]LogModuleManager: Shutting down and abandoning module SimplygonSwarm (177)
[2019.05.30-20.12.28:914][570]LogModuleManager: Shutting down and abandoning module ProxyLODMeshReduction (175)
[2019.05.30-20.12.28:914][570]LogModuleManager: Shutting down and abandoning module SimplygonMeshReduction (173)
[2019.05.30-20.12.28:914][570]LogModuleManager: Shutting down and abandoning module QuadricMeshReduction (171)
[2019.05.30-20.12.28:914][570]LogModuleManager: Shutting down and abandoning module MaterialBaking (167)
[2019.05.30-20.12.28:914][570]LogModuleManager: Shutting down and abandoning module DirectoryWatcher (163)
[2019.05.30-20.12.28:915][570]LogModuleManager: Shutting down and abandoning module DerivedDataCache (160)
[2019.05.30-20.12.28:937][570]LogDerivedDataCache: Shutdown
[2019.05.30-20.12.28:937][570]LogModuleManager: Shutting down and abandoning module XGEController (158)
[2019.05.30-20.12.28:937][570]LogXGEController: Cleaning working directory: C:/Users/Samuel/AppData/Local/Temp/UnrealXGEWorkingDir/
[2019.05.30-20.12.28:937][570]LogModuleManager: Shutting down and abandoning module TargetPlatform (156)
[2019.05.30-20.12.28:937][570]LogModuleManager: Shutting down and abandoning module VulkanShaderFormat (155)
[2019.05.30-20.12.28:937][570]LogModuleManager: Shutting down and abandoning module ShaderFormatVectorVM (153)
[2019.05.30-20.12.28:937][570]LogModuleManager: Shutting down and abandoning module ShaderFormatOpenGL (151)
[2019.05.30-20.12.28:938][570]LogModuleManager: Shutting down and abandoning module ShaderFormatD3D (149)
[2019.05.30-20.12.28:938][570]LogModuleManager: Shutting down and abandoning module MetalShaderFormat (147)
[2019.05.30-20.12.28:938][570]LogModuleManager: Shutting down and abandoning module TextureFormatUncompressed (145)
[2019.05.30-20.12.28:938][570]LogModuleManager: Shutting down and abandoning module TextureFormatPVR (143)
[2019.05.30-20.12.28:938][570]LogModuleManager: Shutting down and abandoning module TextureFormatDXT (141)
[2019.05.30-20.12.28:938][570]LogModuleManager: Shutting down and abandoning module TextureFormatIntelISPCTexComp (139)
[2019.05.30-20.12.28:938][570]LogModuleManager: Shutting down and abandoning module TextureFormatASTC (137)
[2019.05.30-20.12.28:938][570]LogModuleManager: Shutting down and abandoning module ImageWrapper (136)
[2019.05.30-20.12.28:938][570]LogModuleManager: Shutting down and abandoning module TextureFormatAndroid (133)
[2019.05.30-20.12.28:938][570]LogModuleManager: Shutting down and abandoning module AudioFormatOpus (131)
[2019.05.30-20.12.28:938][570]LogModuleManager: Shutting down and abandoning module AudioFormatOgg (129)
[2019.05.30-20.12.28:938][570]LogModuleManager: Shutting down and abandoning module AudioFormatADPCM (127)
[2019.05.30-20.12.28:938][570]LogModuleManager: Shutting down and abandoning module LuminTargetPlatform (125)
[2019.05.30-20.12.28:939][570]LogModuleManager: Shutting down and abandoning module LinuxTargetPlatform (123)
[2019.05.30-20.12.28:939][570]LogModuleManager: Shutting down and abandoning module LinuxServerTargetPlatform (121)
[2019.05.30-20.12.28:939][570]LogModuleManager: Shutting down and abandoning module LinuxNoEditorTargetPlatform (119)
[2019.05.30-20.12.28:939][570]LogModuleManager: Shutting down and abandoning module LinuxClientTargetPlatform (117)
[2019.05.30-20.12.28:939][570]LogModuleManager: Shutting down and abandoning module TVOSTargetPlatform (115)
[2019.05.30-20.12.28:940][570]LogModuleManager: Shutting down and abandoning module Messaging (113)
[2019.05.30-20.12.28:941][570]LogModuleManager: Shutting down and abandoning module IOSTargetPlatform (111)
[2019.05.30-20.12.28:942][570]LogModuleManager: Shutting down and abandoning module HTML5TargetPlatform (109)
[2019.05.30-20.12.28:942][570]LogModuleManager: Shutting down and abandoning module AndroidTargetPlatform (107)
[2019.05.30-20.12.28:952][570]LogModuleManager: Shutting down and abandoning module WindowsTargetPlatform (105)
[2019.05.30-20.12.28:952][570]LogModuleManager: Shutting down and abandoning module WindowsServerTargetPlatform (103)
[2019.05.30-20.12.28:952][570]LogModuleManager: Shutting down and abandoning module WindowsNoEditorTargetPlatform (101)
[2019.05.30-20.12.28:952][570]LogModuleManager: Shutting down and abandoning module WindowsClientTargetPlatform (99)
[2019.05.30-20.12.28:952][570]LogModuleManager: Shutting down and abandoning module MacTargetPlatform (97)
[2019.05.30-20.12.28:952][570]LogModuleManager: Shutting down and abandoning module MacServerTargetPlatform (95)
[2019.05.30-20.12.28:952][570]LogModuleManager: Shutting down and abandoning module MacNoEditorTargetPlatform (93)
[2019.05.30-20.12.28:952][570]LogModuleManager: Shutting down and abandoning module MacClientTargetPlatform (91)
[2019.05.30-20.12.28:952][570]LogModuleManager: Shutting down and abandoning module AllDesktopTargetPlatform (89)
[2019.05.30-20.12.28:952][570]LogModuleManager: Shutting down and abandoning module InputCore (86)
[2019.05.30-20.12.28:952][570]LogModuleManager: Shutting down and abandoning module Settings (84)
[2019.05.30-20.12.28:952][570]LogModuleManager: Shutting down and abandoning module PhysXCooking (82)
[2019.05.30-20.12.28:952][570]LogModuleManager: Shutting down and abandoning module SteamVR (80)
[2019.05.30-20.12.28:952][570]LogHMD: Freeing OpenVRDLLHandle.
[2019.05.30-20.12.28:952][570]LogModuleManager: Shutting down and abandoning module OculusHMD (78)
[2019.05.30-20.12.28:952][570]LogModuleManager: Shutting down and abandoning module ExampleDeviceProfileSelector (76)
[2019.05.30-20.12.28:952][570]LogModuleManager: Shutting down and abandoning module LauncherChunkInstaller (74)
[2019.05.30-20.12.28:952][570]LogModuleManager: Shutting down and abandoning module OnlineBlueprintSupport (72)
[2019.05.30-20.12.28:952][570]LogModuleManager: Shutting down and abandoning module OnlineSubsystem (68)
[2019.05.30-20.12.28:954][570]LogModuleManager: Shutting down and abandoning module XMPP (63)
[2019.05.30-20.12.28:954][570]LogModuleManager: Shutting down and abandoning module WebSockets (62)
[2019.05.30-20.12.28:971][570]LogModuleManager: Shutting down and abandoning module HTTP (59)
[2019.05.30-20.12.28:971][570]LogHttp: Display: Http module shutting down, but needs to wait on 1 outstanding Http requests:
[2019.05.30-20.12.28:971][570]LogHttp: Display: 	verb=[POST] url=[https://datarouter.ol.epicgames.com/datarouter/api/v1/public/data?SessionID=%7B259D1BA8-49D4-B9D7-0BA6-1995A26C3C35%7D&AppID=UEEditor.Rocket.Release&AppVersion=4.21.2-4753647%2B%2B%2BUE4%2BRelease-4.21&UserID=34b3586e4a633e0d90f680967c10b65a%7C5817b15a57bb4b6dba2f996d373837f5%7C216417f5-3d98-4c9e-a9c4-0049c7a7195e&AppEnvironment=datacollector-binary&UploadType=eteventstream] status=Processing
[2019.05.30-20.12.29:009][570]LogModuleManager: Shutting down and abandoning module SSL (58)
[2019.05.30-20.12.29:012][570]LogModuleManager: Shutting down and abandoning module MagicLeapIdentity (54)
[2019.05.30-20.12.29:012][570]LogModuleManager: Shutting down and abandoning module MagicLeapHelperVulkan (52)
[2019.05.30-20.12.29:012][570]LogModuleManager: Shutting down and abandoning module MagicLeapHelperOpenGL (50)
[2019.05.30-20.12.29:012][570]LogModuleManager: Shutting down and abandoning module MagicLeapSecureStorage (48)
[2019.05.30-20.12.29:012][570]LogModuleManager: Shutting down and abandoning module MagicLeapHandTracking (46)
[2019.05.30-20.12.29:012][570]LogModuleManager: Shutting down and abandoning module MagicLeapEyeTracker (44)
[2019.05.30-20.12.29:012][570]LogModuleManager: Shutting down and abandoning module MagicLeapController (42)
[2019.05.30-20.12.29:013][570]LogSlate: Slate User Destroyed.  User Index 0, Is Virtual User: 0
[2019.05.30-20.12.29:013][570]LogModuleManager: Shutting down and abandoning module MagicLeap (40)
[2019.05.30-20.12.29:013][570]LogModuleManager: Shutting down and abandoning module DatasmithContent (38)
[2019.05.30-20.12.29:014][570]LogModuleManager: Shutting down and abandoning module AnimationModifiers (36)
[2019.05.30-20.12.29:014][570]LogModuleManager: Shutting down and abandoning module PropertyEditor (35)
[2019.05.30-20.12.29:014][570]LogModuleManager: Shutting down and abandoning module AudioEditor (32)
[2019.05.30-20.12.29:014][570]LogModuleManager: Shutting down and abandoning module TextureCompressor (30)
[2019.05.30-20.12.29:015][570]LogModuleManager: Shutting down and abandoning module ShaderCore (28)
[2019.05.30-20.12.29:015][570]LogModuleManager: Shutting down and abandoning module Landscape (26)
[2019.05.30-20.12.29:015][570]LogModuleManager: Shutting down and abandoning module SlateRHIRenderer (24)
[2019.05.30-20.12.29:015][570]LogModuleManager: Shutting down and abandoning module OpenGLDrv (22)
[2019.05.30-20.12.29:015][570]LogModuleManager: Shutting down and abandoning module D3D11RHI (20)
[2019.05.30-20.12.29:015][570]LogModuleManager: Shutting down and abandoning module AnimGraphRuntime (18)
[2019.05.30-20.12.29:015][570]LogModuleManager: Shutting down and abandoning module Renderer (16)
[2019.05.30-20.12.29:015][570]LogModuleManager: Shutting down and abandoning module Engine (14)
[2019.05.30-20.12.29:016][570]LogModuleManager: Shutting down and abandoning module CoreUObject (12)
[2019.05.30-20.12.29:016][570]LogModuleManager: Shutting down and abandoning module NetworkFile (10)
[2019.05.30-20.12.29:016][570]LogModuleManager: Shutting down and abandoning module CookedIterativeFile (8)
[2019.05.30-20.12.29:016][570]LogModuleManager: Shutting down and abandoning module StreamingFile (6)
[2019.05.30-20.12.29:016][570]LogModuleManager: Shutting down and abandoning module SandboxFile (4)
[2019.05.30-20.12.29:016][570]LogModuleManager: Shutting down and abandoning module PakFile (2)
[2019.05.30-20.12.29:026][570]LogExit: Exiting.
[2019.05.30-20.12.29:032][570]Log file closed, 05/30/19 15:12:29
