Log file open, 05/22/19 15:15:17
LogWindows: Failed to load 'aqProf.dll' (GetLastError=126)
LogWindows: File 'aqProf.dll' does not exist
LogWindows: Failed to load 'VtuneApi.dll' (GetLastError=126)
LogWindows: File 'VtuneApi.dll' does not exist
LogWindows: Failed to load 'VtuneApi32e.dll' (GetLastError=126)
LogWindows: File 'VtuneApi32e.dll' does not exist
LogConsoleResponse: Display: Failed to find resolution value strings in scalability ini. Falling back to default.
LogInit: Display: Running engine for game: CFE_LeapMotion
LogPakFile: Registered encryption key '00000000000000000000000000000000': 0 pak files mounted, 0 remain pending
LogPlatformFile: Not using cached read wrapper
LogTaskGraph: Started task graph with 5 named threads and 14 total threads with 3 sets of task threads.
LogStats: Stats thread started at 0.288144
LogD3D11RHI: Loaded GFSDK_Aftermath_Lib.x64.dll
LogICUInternationalization: ICU TimeZone Detection - Raw Offset: -6:00, Platform Override: ''
LogPluginManager: Mounting plugin Paper2D
LogPluginManager: Mounting plugin AISupport
LogPluginManager: Mounting plugin LightPropagationVolume
LogPluginManager: Mounting plugin ActorLayerUtilities
LogPluginManager: Mounting plugin CLionSourceCodeAccess
LogPluginManager: Mounting plugin CodeLiteSourceCodeAccess
LogPluginManager: Mounting plugin GitSourceControl
LogPluginManager: Mounting plugin KDevelopSourceCodeAccess
LogPluginManager: Mounting plugin NullSourceCodeAccess
LogPluginManager: Mounting plugin PerforceSourceControl
LogPluginManager: Mounting plugin SubversionSourceControl
LogPluginManager: Mounting plugin UObjectPlugin
LogPluginManager: Mounting plugin VisualStudioCodeSourceCodeAccess
LogPluginManager: Mounting plugin VisualStudioSourceCodeAccess
LogPluginManager: Mounting plugin XCodeSourceCodeAccess
LogPluginManager: Mounting plugin AssetManagerEditor
LogPluginManager: Mounting plugin CryptoKeys
LogPluginManager: Mounting plugin DataValidation
LogPluginManager: Mounting plugin FacialAnimation
LogPluginManager: Mounting plugin GameplayTagsEditor
LogPluginManager: Mounting plugin MacGraphicsSwitching
LogPluginManager: Mounting plugin MeshEditor
LogPluginManager: Mounting plugin MobileLauncherProfileWizard
LogPluginManager: Mounting plugin PluginBrowser
LogPluginManager: Mounting plugin SpeedTreeImporter
LogPluginManager: Mounting plugin DatasmithContent
LogPluginManager: Mounting plugin VariantManagerContent
LogPluginManager: Mounting plugin AlembicImporter
LogPluginManager: Mounting plugin AppleImageUtils
LogPluginManager: Mounting plugin AppleVision
LogPluginManager: Mounting plugin BackChannel
LogPluginManager: Mounting plugin CharacterAI
LogPluginManager: Mounting plugin GeometryCache
LogPluginManager: Mounting plugin HTML5Networking
LogPluginManager: Mounting plugin ProxyLODPlugin
LogPluginManager: Mounting plugin MagicLeap
LogPluginManager: Mounting plugin MagicLeapMedia
LogPluginManager: Mounting plugin AndroidMedia
LogPluginManager: Mounting plugin AvfMedia
LogPluginManager: Mounting plugin ImgMedia
LogPluginManager: Mounting plugin LinearTimecode
LogPluginManager: Mounting plugin MediaCompositing
LogPluginManager: Mounting plugin MediaPlayerEditor
LogPluginManager: Mounting plugin WebMMedia
LogPluginManager: Mounting plugin WmfMedia
LogPluginManager: Mounting plugin TcpMessaging
LogPluginManager: Mounting plugin UdpMessaging
LogPluginManager: Mounting plugin ActorSequence
LogPluginManager: Mounting plugin LevelSequenceEditor
LogPluginManager: Mounting plugin MatineeToLevelSequence
LogPluginManager: Mounting plugin NetcodeUnitTest
LogPluginManager: Mounting plugin NUTUnrealEngine4
LogPluginManager: Mounting plugin OnlineSubsystemGooglePlay
LogPluginManager: Mounting plugin OnlineSubsystemIOS
LogPluginManager: Mounting plugin OnlineSubsystem
LogPluginManager: Mounting plugin OnlineSubsystemNull
LogPluginManager: Mounting plugin OnlineSubsystemUtils
LogPluginManager: Mounting plugin LauncherChunkInstaller
LogPluginManager: Mounting plugin AndroidDeviceProfileSelector
LogPluginManager: Mounting plugin AndroidMoviePlayer
LogPluginManager: Mounting plugin AndroidPermission
LogPluginManager: Mounting plugin AppleMoviePlayer
LogPluginManager: Mounting plugin ArchVisCharacter
LogPluginManager: Mounting plugin AudioCapture
LogPluginManager: Mounting plugin CableComponent
LogPluginManager: Mounting plugin CustomMeshComponent
LogPluginManager: Mounting plugin EditableMesh
LogPluginManager: Mounting plugin ExampleDeviceProfileSelector
LogPluginManager: Mounting plugin Firebase
LogPluginManager: Mounting plugin GoogleCloudMessaging
LogPluginManager: Mounting plugin IOSDeviceProfileSelector
LogPluginManager: Mounting plugin LeapMotion
LogPluginManager: Mounting plugin LinuxDeviceProfileSelector
LogPluginManager: Mounting plugin LocationServicesBPLibrary
LogPluginManager: Mounting plugin MobilePatchingUtils
LogPluginManager: Mounting plugin OculusVR
LogPluginManager: Mounting plugin PhysXVehicles
LogPluginManager: Mounting plugin ProceduralMeshComponent
LogPluginManager: Mounting plugin RuntimePhysXCooking
LogPluginManager: Mounting plugin SteamVR
LogPluginManager: Mounting plugin WebMMoviePlayer
LogPluginManager: Mounting plugin WindowsMoviePlayer
LogStreaming: Display: Took  0.220s to configure plugins.
LogInit: Using libcurl 7.55.1-DEV
LogInit:  - built for x86_64-pc-win32
LogInit:  - supports SSL with OpenSSL/1.0.2h
LogInit:  - supports HTTP deflate (compression) using libz 1.2.8
LogInit:  - other features:
LogInit:      CURL_VERSION_SSL
LogInit:      CURL_VERSION_LIBZ
LogInit:      CURL_VERSION_IPV6
LogInit:      CURL_VERSION_ASYNCHDNS
LogInit:      CURL_VERSION_LARGEFILE
LogInit:      CURL_VERSION_IDN
LogInit:  CurlRequestOptions (configurable via config and command line):
LogInit:  - bVerifyPeer = true  - Libcurl will verify peer certificate
LogInit:  - bUseHttpProxy = false  - Libcurl will NOT use HTTP proxy
LogInit:  - bDontReuseConnections = false  - Libcurl will reuse connections
LogInit:  - MaxHostConnections = 16  - Libcurl will limit the number of connections to a host
LogInit:  - LocalHostAddr = Default
LogInit:  - BufferSize = 65536
LogInit: WinSock: version 1.1 (2.2), MaxSocks=32767, MaxUdp=65467
LogInit: Build: ++UE4+Release-4.21-CL-4753647
LogInit: Engine Version: 4.21.2-4753647+++UE4+Release-4.21
LogInit: Compatible Engine Version: 4.21.0-4541578+++UE4+Release-4.21
LogInit: Net CL: 4541578
LogInit: OS: Windows 10 (), CPU: AMD A10-8700P Radeon R6, 10 Compute Cores 4C+6G, GPU: AMD Radeon(TM) R6 Graphics
LogInit: Compiled (64-bit): Jan 19 2019 02:07:31
LogInit: Compiled with Visual C++: 19.13.26129.00
LogInit: Build Configuration: Development
LogInit: Branch Name: ++UE4+Release-4.21
LogInit: Command Line: 
LogInit: Base Directory: C:/Program Files/Epic Games/UE_4.21/Engine/Binaries/Win64/
LogInit: Installed Engine Build: 1
LogDevObjectVersion: Number of dev versions registered: 22
LogDevObjectVersion:   Dev-Blueprints (B0D832E4-1F89-4F0D-ACCF-7EB736FD4AA2): 10
LogDevObjectVersion:   Dev-Build (E1C64328-A22C-4D53-A36C-8E866417BD8C): 0
LogDevObjectVersion:   Dev-Core (375EC13C-06E4-48FB-B500-84F0262A717E): 2
LogDevObjectVersion:   Dev-Editor (E4B068ED-F494-42E9-A231-DA0B2E46BB41): 26
LogDevObjectVersion:   Dev-Framework (CFFC743F-43B0-4480-9391-14DF171D2073): 34
LogDevObjectVersion:   Dev-Mobile (B02B49B5-BB20-44E9-A304-32B752E40360): 2
LogDevObjectVersion:   Dev-Networking (A4E4105C-59A1-49B5-A7C5-40C4547EDFEE): 0
LogDevObjectVersion:   Dev-Online (39C831C9-5AE6-47DC-9A44-9C173E1C8E7C): 0
LogDevObjectVersion:   Dev-Physics (78F01B33-EBEA-4F98-B9B4-84EACCB95AA2): 0
LogDevObjectVersion:   Dev-Platform (6631380F-2D4D-43E0-8009-CF276956A95A): 0
LogDevObjectVersion:   Dev-Rendering (12F88B9F-8875-4AFC-A67C-D90C383ABD29): 27
LogDevObjectVersion:   Dev-Sequencer (7B5AE74C-D270-4C10-A958-57980B212A5A): 9
LogDevObjectVersion:   Dev-VR (D7296918-1DD6-4BDD-9DE2-64A83CC13884): 2
LogDevObjectVersion:   Dev-LoadTimes (C2A15278-BFE7-4AFE-6C17-90FF531DF755): 1
LogDevObjectVersion:   Private-Geometry (6EACA3D4-40EC-4CC1-B786-8BED09428FC5): 3
LogDevObjectVersion:   Dev-AnimPhys (29E575DD-E0A3-4627-9D10-D276232CDCEA): 17
LogDevObjectVersion:   Dev-Anim (AF43A65D-7FD3-4947-9873-3E8ED9C1BB05): 2
LogDevObjectVersion:   Dev-ReflectionCapture (6B266CEC-1EC7-4B8F-A30B-E4D90942FC07): 1
LogDevObjectVersion:   Dev-Automation (0DF73D61-A23F-47EA-B727-89E90C41499A): 1
LogDevObjectVersion:   FortniteMain (601D1886-AC64-4F84-AA16-D3DE0DEAC7D6): 17
LogDevObjectVersion:   Dev-Enterprise (9DFFBCD6-494F-0158-E221-12823C92A888): 4
LogDevObjectVersion:   Dev-Niagara (F2AED0AC-9AFE-416F-8664-AA7FFA26D6FC): 1
LogStreaming: Display: Took  0.009s to delete old logs.
LogInit: Presizing for max 8388607 objects, including 0 objects not considered by GC, pre-allocating 0 bytes for permanent pool.
LogInit: Object subsystem initialized
LogConfig: Setting CVar [[con.DebugEarlyDefault:1]]
LogConfig: Setting CVar [[r.setres:1280x720]]
[2019.05.22-20.15.18:471][  0]LogConfig: Setting CVar [[r.VSync:0]]
[2019.05.22-20.15.18:471][  0]LogConfig: Setting CVar [[r.RHICmdBypass:0]]
[2019.05.22-20.15.18:471][  0]LogConfig: Applying CVar settings from Section [/Script/Engine.RendererSettings] File [C:/Users/Samuel/Documents/GitHub/CFE_RV/CFE_LeapMotion2/Saved/Config/Windows/Engine.ini]
[2019.05.22-20.15.18:471][  0]LogConfig: Setting CVar [[r.GPUCrashDebugging:0]]
[2019.05.22-20.15.18:471][  0]LogConfig: Applying CVar settings from Section [/Script/Engine.RendererOverrideSettings] File [C:/Users/Samuel/Documents/GitHub/CFE_RV/CFE_LeapMotion2/Saved/Config/Windows/Engine.ini]
[2019.05.22-20.15.18:471][  0]LogConfig: Applying CVar settings from Section [/Script/Engine.StreamingSettings] File [C:/Users/Samuel/Documents/GitHub/CFE_RV/CFE_LeapMotion2/Saved/Config/Windows/Engine.ini]
[2019.05.22-20.15.18:471][  0]LogConfig: Setting CVar [[s.MinBulkDataSizeForAsyncLoading:131072]]
[2019.05.22-20.15.18:471][  0]LogConfig: Setting CVar [[s.AsyncLoadingThreadEnabled:0]]
[2019.05.22-20.15.18:471][  0]LogConfig: Setting CVar [[s.EventDrivenLoaderEnabled:1]]
[2019.05.22-20.15.18:471][  0]LogConfig: Setting CVar [[s.WarnIfTimeLimitExceeded:0]]
[2019.05.22-20.15.18:471][  0]LogConfig: Setting CVar [[s.TimeLimitExceededMultiplier:1.5]]
[2019.05.22-20.15.18:471][  0]LogConfig: Setting CVar [[s.TimeLimitExceededMinTime:0.005]]
[2019.05.22-20.15.18:471][  0]LogConfig: Setting CVar [[s.UseBackgroundLevelStreaming:1]]
[2019.05.22-20.15.18:472][  0]LogConfig: Setting CVar [[s.PriorityAsyncLoadingExtraTime:15.0]]
[2019.05.22-20.15.18:472][  0]LogConfig: Setting CVar [[s.LevelStreamingActorsUpdateTimeLimit:5.0]]
[2019.05.22-20.15.18:472][  0]LogConfig: Setting CVar [[s.PriorityLevelStreamingActorsUpdateExtraTime:5.0]]
[2019.05.22-20.15.18:472][  0]LogConfig: Setting CVar [[s.LevelStreamingComponentsRegistrationGranularity:10]]
[2019.05.22-20.15.18:472][  0]LogConfig: Setting CVar [[s.UnregisterComponentsTimeLimit:1.0]]
[2019.05.22-20.15.18:472][  0]LogConfig: Setting CVar [[s.LevelStreamingComponentsUnregistrationGranularity:5]]
[2019.05.22-20.15.18:472][  0]LogConfig: Applying CVar settings from Section [/Script/Engine.GarbageCollectionSettings] File [C:/Users/Samuel/Documents/GitHub/CFE_RV/CFE_LeapMotion2/Saved/Config/Windows/Engine.ini]
[2019.05.22-20.15.18:472][  0]LogConfig: Setting CVar [[gc.MaxObjectsNotConsideredByGC:1]]
[2019.05.22-20.15.18:472][  0]LogConfig: Setting CVar [[gc.SizeOfPermanentObjectPool:0]]
[2019.05.22-20.15.18:472][  0]LogConfig: Setting CVar [[gc.FlushStreamingOnGC:0]]
[2019.05.22-20.15.18:472][  0]LogConfig: Setting CVar [[gc.NumRetriesBeforeForcingGC:10]]
[2019.05.22-20.15.18:472][  0]LogConfig: Setting CVar [[gc.AllowParallelGC:1]]
[2019.05.22-20.15.18:472][  0]LogConfig: Setting CVar [[gc.TimeBetweenPurgingPendingKillObjects:61.1]]
[2019.05.22-20.15.18:472][  0]LogConfig: Setting CVar [[gc.MaxObjectsInEditor:8388607]]
[2019.05.22-20.15.18:472][  0]LogConfig: Setting CVar [[gc.IncrementalBeginDestroyEnabled:1]]
[2019.05.22-20.15.18:472][  0]LogConfig: Setting CVar [[gc.CreateGCClusters:1]]
[2019.05.22-20.15.18:472][  0]LogConfig: Setting CVar [[gc.MergeGCClusters:0]]
[2019.05.22-20.15.18:472][  0]LogConfig: Setting CVar [[gc.MinGCClusterSize:5]]
[2019.05.22-20.15.18:472][  0]LogConfig: Setting CVar [[gc.ActorClusteringEnabled:0]]
[2019.05.22-20.15.18:472][  0]LogConfig: Setting CVar [[gc.BlueprintClusteringEnabled:0]]
[2019.05.22-20.15.18:472][  0]LogConfig: Setting CVar [[gc.UseDisregardForGCOnDedicatedServers:0]]
[2019.05.22-20.15.18:472][  0]LogConfig: Applying CVar settings from Section [/Script/Engine.NetworkSettings] File [C:/Users/Samuel/Documents/GitHub/CFE_RV/CFE_LeapMotion2/Saved/Config/Windows/Engine.ini]
[2019.05.22-20.15.18:472][  0]LogConfig: Applying CVar settings from Section [/Script/UnrealEd.CookerSettings] File [C:/Users/Samuel/Documents/GitHub/CFE_RV/CFE_LeapMotion2/Saved/Config/Windows/Engine.ini]
[2019.05.22-20.15.18:478][  0]LogConfig: Applying CVar settings from Section [ViewDistanceQuality@3] File [C:/Users/Samuel/Documents/GitHub/CFE_RV/CFE_LeapMotion2/Saved/Config/Windows/Scalability.ini]
[2019.05.22-20.15.18:478][  0]LogConfig: Setting CVar [[r.SkeletalMeshLODBias:0]]
[2019.05.22-20.15.18:478][  0]LogConfig: Setting CVar [[r.ViewDistanceScale:1.0]]
[2019.05.22-20.15.18:478][  0]LogConfig: Applying CVar settings from Section [AntiAliasingQuality@3] File [C:/Users/Samuel/Documents/GitHub/CFE_RV/CFE_LeapMotion2/Saved/Config/Windows/Scalability.ini]
[2019.05.22-20.15.18:478][  0]LogConfig: Setting CVar [[r.PostProcessAAQuality:4]]
[2019.05.22-20.15.18:478][  0]LogConfig: Applying CVar settings from Section [ShadowQuality@3] File [C:/Users/Samuel/Documents/GitHub/CFE_RV/CFE_LeapMotion2/Saved/Config/Windows/Scalability.ini]
[2019.05.22-20.15.18:478][  0]LogConfig: Setting CVar [[r.LightFunctionQuality:1]]
[2019.05.22-20.15.18:478][  0]LogConfig: Setting CVar [[r.ShadowQuality:5]]
[2019.05.22-20.15.18:478][  0]LogConfig: Setting CVar [[r.Shadow.CSM.MaxCascades:10]]
[2019.05.22-20.15.18:479][  0]LogConfig: Setting CVar [[r.Shadow.MaxResolution:2048]]
[2019.05.22-20.15.18:479][  0]LogConfig: Setting CVar [[r.Shadow.MaxCSMResolution:2048]]
[2019.05.22-20.15.18:479][  0]LogConfig: Setting CVar [[r.Shadow.RadiusThreshold:0.01]]
[2019.05.22-20.15.18:479][  0]LogConfig: Setting CVar [[r.Shadow.DistanceScale:1.0]]
[2019.05.22-20.15.18:479][  0]LogConfig: Setting CVar [[r.Shadow.CSM.TransitionScale:1.0]]
[2019.05.22-20.15.18:479][  0]LogConfig: Setting CVar [[r.Shadow.PreShadowResolutionFactor:1.0]]
[2019.05.22-20.15.18:479][  0]LogConfig: Setting CVar [[r.DistanceFieldShadowing:1]]
[2019.05.22-20.15.18:479][  0]LogConfig: Setting CVar [[r.DistanceFieldAO:1]]
[2019.05.22-20.15.18:479][  0]LogConfig: Setting CVar [[r.AOQuality:2]]
[2019.05.22-20.15.18:479][  0]LogConfig: Setting CVar [[r.VolumetricFog:1]]
[2019.05.22-20.15.18:479][  0]LogConfig: Setting CVar [[r.VolumetricFog.GridPixelSize:8]]
[2019.05.22-20.15.18:479][  0]LogConfig: Setting CVar [[r.VolumetricFog.GridSizeZ:128]]
[2019.05.22-20.15.18:479][  0]LogConfig: Setting CVar [[r.VolumetricFog.HistoryMissSupersampleCount:4]]
[2019.05.22-20.15.18:479][  0]LogConfig: Setting CVar [[r.LightMaxDrawDistanceScale:1]]
[2019.05.22-20.15.18:479][  0]LogConfig: Setting CVar [[r.CapsuleShadows:1]]
[2019.05.22-20.15.18:479][  0]LogConfig: Applying CVar settings from Section [PostProcessQuality@3] File [C:/Users/Samuel/Documents/GitHub/CFE_RV/CFE_LeapMotion2/Saved/Config/Windows/Scalability.ini]
[2019.05.22-20.15.18:479][  0]LogConfig: Setting CVar [[r.MotionBlurQuality:4]]
[2019.05.22-20.15.18:479][  0]LogConfig: Setting CVar [[r.AmbientOcclusionMipLevelFactor:0.4]]
[2019.05.22-20.15.18:479][  0]LogConfig: Setting CVar [[r.AmbientOcclusionMaxQuality:100]]
[2019.05.22-20.15.18:479][  0]LogConfig: Setting CVar [[r.AmbientOcclusionLevels:-1]]
[2019.05.22-20.15.18:479][  0]LogConfig: Setting CVar [[r.AmbientOcclusionRadiusScale:1.0]]
[2019.05.22-20.15.18:479][  0]LogConfig: Setting CVar [[r.DepthOfFieldQuality:2]]
[2019.05.22-20.15.18:479][  0]LogConfig: Setting CVar [[r.RenderTargetPoolMin:400]]
[2019.05.22-20.15.18:479][  0]LogConfig: Setting CVar [[r.LensFlareQuality:2]]
[2019.05.22-20.15.18:479][  0]LogConfig: Setting CVar [[r.SceneColorFringeQuality:1]]
[2019.05.22-20.15.18:479][  0]LogConfig: Setting CVar [[r.EyeAdaptationQuality:2]]
[2019.05.22-20.15.18:479][  0]LogConfig: Setting CVar [[r.BloomQuality:5]]
[2019.05.22-20.15.18:479][  0]LogConfig: Setting CVar [[r.FastBlurThreshold:100]]
[2019.05.22-20.15.18:479][  0]LogConfig: Setting CVar [[r.Upscale.Quality:3]]
[2019.05.22-20.15.18:479][  0]LogConfig: Setting CVar [[r.Tonemapper.GrainQuantization:1]]
[2019.05.22-20.15.18:479][  0]LogConfig: Setting CVar [[r.LightShaftQuality:1]]
[2019.05.22-20.15.18:479][  0]LogConfig: Setting CVar [[r.Filter.SizeScale:1]]
[2019.05.22-20.15.18:479][  0]LogConfig: Setting CVar [[r.Tonemapper.Quality:5]]
[2019.05.22-20.15.18:479][  0]LogConfig: Setting CVar [[r.DOF.Gather.AccumulatorQuality:1        ; higher gathering accumulator quality]]
[2019.05.22-20.15.18:479][  0]LogConfig: Setting CVar [[r.DOF.Gather.PostfilterMethod:1          ; Median3x3 postfilering method]]
[2019.05.22-20.15.18:480][  0]LogConfig: Setting CVar [[r.DOF.Gather.EnableBokehSettings:0       ; no bokeh simulation when gathering]]
[2019.05.22-20.15.18:480][  0]LogConfig: Setting CVar [[r.DOF.Gather.RingCount:4                 ; medium number of samples when gathering]]
[2019.05.22-20.15.18:480][  0]LogConfig: Setting CVar [[r.DOF.Scatter.ForegroundCompositing:1    ; additive foreground scattering]]
[2019.05.22-20.15.18:480][  0]LogConfig: Setting CVar [[r.DOF.Scatter.BackgroundCompositing:2    ; additive background scattering]]
[2019.05.22-20.15.18:480][  0]LogConfig: Setting CVar [[r.DOF.Scatter.EnableBokehSettings:1      ; bokeh simulation when scattering]]
[2019.05.22-20.15.18:480][  0]LogConfig: Setting CVar [[r.DOF.Scatter.MaxSpriteRatio:0.1         ; only a maximum of 10% of scattered bokeh]]
[2019.05.22-20.15.18:480][  0]LogConfig: Setting CVar [[r.DOF.Recombine.Quality:1                ; cheap slight out of focus]]
[2019.05.22-20.15.18:480][  0]LogConfig: Setting CVar [[r.DOF.Recombine.EnableBokehSettings:0    ; no bokeh simulation on slight out of focus]]
[2019.05.22-20.15.18:480][  0]LogConfig: Setting CVar [[r.DOF.TemporalAAQuality:1                ; more stable temporal accumulation]]
[2019.05.22-20.15.18:480][  0]LogConfig: Setting CVar [[r.DOF.Kernel.MaxForegroundRadius:0.025]]
[2019.05.22-20.15.18:480][  0]LogConfig: Setting CVar [[r.DOF.Kernel.MaxBackgroundRadius:0.025]]
[2019.05.22-20.15.18:480][  0]LogConfig: Applying CVar settings from Section [TextureQuality@3] File [C:/Users/Samuel/Documents/GitHub/CFE_RV/CFE_LeapMotion2/Saved/Config/Windows/Scalability.ini]
[2019.05.22-20.15.18:480][  0]LogConfig: Setting CVar [[r.Streaming.MipBias:0]]
[2019.05.22-20.15.18:480][  0]LogConfig: Setting CVar [[r.Streaming.AmortizeCPUToGPUCopy:0]]
[2019.05.22-20.15.18:480][  0]LogConfig: Setting CVar [[r.Streaming.MaxNumTexturesToStreamPerFrame:0]]
[2019.05.22-20.15.18:480][  0]LogConfig: Setting CVar [[r.Streaming.Boost:1]]
[2019.05.22-20.15.18:480][  0]LogConfig: Setting CVar [[r.MaxAnisotropy:8]]
[2019.05.22-20.15.18:480][  0]LogConfig: Setting CVar [[r.Streaming.LimitPoolSizeToVRAM:0]]
[2019.05.22-20.15.18:480][  0]LogConfig: Setting CVar [[r.Streaming.PoolSize:1000]]
[2019.05.22-20.15.18:480][  0]LogConfig: Setting CVar [[r.Streaming.MaxEffectiveScreenSize:0]]
[2019.05.22-20.15.18:480][  0]LogConfig: Applying CVar settings from Section [EffectsQuality@3] File [C:/Users/Samuel/Documents/GitHub/CFE_RV/CFE_LeapMotion2/Saved/Config/Windows/Scalability.ini]
[2019.05.22-20.15.18:480][  0]LogConfig: Setting CVar [[r.TranslucencyLightingVolumeDim:64]]
[2019.05.22-20.15.18:480][  0]LogConfig: Setting CVar [[r.RefractionQuality:2]]
[2019.05.22-20.15.18:480][  0]LogConfig: Setting CVar [[r.SSR.Quality:3]]
[2019.05.22-20.15.18:480][  0]LogConfig: Setting CVar [[r.SceneColorFormat:4]]
[2019.05.22-20.15.18:480][  0]LogConfig: Setting CVar [[r.DetailMode:2]]
[2019.05.22-20.15.18:480][  0]LogConfig: Setting CVar [[r.TranslucencyVolumeBlur:1]]
[2019.05.22-20.15.18:480][  0]LogConfig: Setting CVar [[r.MaterialQualityLevel:1 ; High quality]]
[2019.05.22-20.15.18:480][  0]LogConfig: Setting CVar [[r.SSS.Scale:1]]
[2019.05.22-20.15.18:480][  0]LogConfig: Setting CVar [[r.SSS.SampleSet:2]]
[2019.05.22-20.15.18:480][  0]LogConfig: Setting CVar [[r.SSS.Quality:1]]
[2019.05.22-20.15.18:480][  0]LogConfig: Setting CVar [[r.SSS.HalfRes:1]]
[2019.05.22-20.15.18:480][  0]LogConfig: Setting CVar [[r.EmitterSpawnRateScale:1.0]]
[2019.05.22-20.15.18:480][  0]LogConfig: Setting CVar [[r.ParticleLightQuality:2]]
[2019.05.22-20.15.18:480][  0]LogConfig: Applying CVar settings from Section [FoliageQuality@3] File [C:/Users/Samuel/Documents/GitHub/CFE_RV/CFE_LeapMotion2/Saved/Config/Windows/Scalability.ini]
[2019.05.22-20.15.18:480][  0]LogConfig: Setting CVar [[foliage.DensityScale:1.0]]
[2019.05.22-20.15.18:480][  0]LogConfig: Setting CVar [[grass.DensityScale:1.0]]
[2019.05.22-20.15.18:481][  0]LogInit: Selected Device Profile: [Windows]
[2019.05.22-20.15.18:481][  0]LogInit: Applying CVar settings loaded from the selected device profile: [Windows]
[2019.05.22-20.15.18:515][  0]LogHAL: Display: Platform has ~ 7 GB [7455145984 / 8589934592 / 7], which maps to Smaller [LargestMinGB=32, LargerMinGB=12, DefaultMinGB=8, SmallerMinGB=6, SmallestMinGB=0)
[2019.05.22-20.15.18:515][  0]LogConfig: Setting CVar [[r.Vulkan.UseRealUBs:1]]
[2019.05.22-20.15.18:515][  0]LogInit: Going up to parent DeviceProfile []
[2019.05.22-20.15.18:515][  0]LogConfig: Applying CVar settings from Section [ViewDistanceQuality@3] File [C:/Users/Samuel/Documents/GitHub/CFE_RV/CFE_LeapMotion2/Saved/Config/Windows/Scalability.ini]
[2019.05.22-20.15.18:515][  0]LogConfig: Setting CVar [[r.SkeletalMeshLODBias:0]]
[2019.05.22-20.15.18:515][  0]LogConfig: Setting CVar [[r.ViewDistanceScale:1.0]]
[2019.05.22-20.15.18:515][  0]LogConfig: Applying CVar settings from Section [AntiAliasingQuality@3] File [C:/Users/Samuel/Documents/GitHub/CFE_RV/CFE_LeapMotion2/Saved/Config/Windows/Scalability.ini]
[2019.05.22-20.15.18:515][  0]LogConfig: Setting CVar [[r.PostProcessAAQuality:4]]
[2019.05.22-20.15.18:515][  0]LogConfig: Applying CVar settings from Section [ShadowQuality@3] File [C:/Users/Samuel/Documents/GitHub/CFE_RV/CFE_LeapMotion2/Saved/Config/Windows/Scalability.ini]
[2019.05.22-20.15.18:515][  0]LogConfig: Setting CVar [[r.LightFunctionQuality:1]]
[2019.05.22-20.15.18:515][  0]LogConfig: Setting CVar [[r.ShadowQuality:5]]
[2019.05.22-20.15.18:515][  0]LogConfig: Setting CVar [[r.Shadow.CSM.MaxCascades:10]]
[2019.05.22-20.15.18:515][  0]LogConfig: Setting CVar [[r.Shadow.MaxResolution:2048]]
[2019.05.22-20.15.18:515][  0]LogConfig: Setting CVar [[r.Shadow.MaxCSMResolution:2048]]
[2019.05.22-20.15.18:515][  0]LogConfig: Setting CVar [[r.Shadow.RadiusThreshold:0.01]]
[2019.05.22-20.15.18:515][  0]LogConfig: Setting CVar [[r.Shadow.DistanceScale:1.0]]
[2019.05.22-20.15.18:515][  0]LogConfig: Setting CVar [[r.Shadow.CSM.TransitionScale:1.0]]
[2019.05.22-20.15.18:515][  0]LogConfig: Setting CVar [[r.Shadow.PreShadowResolutionFactor:1.0]]
[2019.05.22-20.15.18:515][  0]LogConfig: Setting CVar [[r.DistanceFieldShadowing:1]]
[2019.05.22-20.15.18:515][  0]LogConfig: Setting CVar [[r.DistanceFieldAO:1]]
[2019.05.22-20.15.18:515][  0]LogConfig: Setting CVar [[r.AOQuality:2]]
[2019.05.22-20.15.18:516][  0]LogConfig: Setting CVar [[r.VolumetricFog:1]]
[2019.05.22-20.15.18:516][  0]LogConfig: Setting CVar [[r.VolumetricFog.GridPixelSize:8]]
[2019.05.22-20.15.18:516][  0]LogConfig: Setting CVar [[r.VolumetricFog.GridSizeZ:128]]
[2019.05.22-20.15.18:516][  0]LogConfig: Setting CVar [[r.VolumetricFog.HistoryMissSupersampleCount:4]]
[2019.05.22-20.15.18:516][  0]LogConfig: Setting CVar [[r.LightMaxDrawDistanceScale:1]]
[2019.05.22-20.15.18:516][  0]LogConfig: Setting CVar [[r.CapsuleShadows:1]]
[2019.05.22-20.15.18:516][  0]LogConfig: Applying CVar settings from Section [PostProcessQuality@3] File [C:/Users/Samuel/Documents/GitHub/CFE_RV/CFE_LeapMotion2/Saved/Config/Windows/Scalability.ini]
[2019.05.22-20.15.18:516][  0]LogConfig: Setting CVar [[r.MotionBlurQuality:4]]
[2019.05.22-20.15.18:516][  0]LogConfig: Setting CVar [[r.AmbientOcclusionMipLevelFactor:0.4]]
[2019.05.22-20.15.18:516][  0]LogConfig: Setting CVar [[r.AmbientOcclusionMaxQuality:100]]
[2019.05.22-20.15.18:516][  0]LogConfig: Setting CVar [[r.AmbientOcclusionLevels:-1]]
[2019.05.22-20.15.18:516][  0]LogConfig: Setting CVar [[r.AmbientOcclusionRadiusScale:1.0]]
[2019.05.22-20.15.18:516][  0]LogConfig: Setting CVar [[r.DepthOfFieldQuality:2]]
[2019.05.22-20.15.18:516][  0]LogConfig: Setting CVar [[r.RenderTargetPoolMin:400]]
[2019.05.22-20.15.18:516][  0]LogConfig: Setting CVar [[r.LensFlareQuality:2]]
[2019.05.22-20.15.18:516][  0]LogConfig: Setting CVar [[r.SceneColorFringeQuality:1]]
[2019.05.22-20.15.18:516][  0]LogConfig: Setting CVar [[r.EyeAdaptationQuality:2]]
[2019.05.22-20.15.18:516][  0]LogConfig: Setting CVar [[r.BloomQuality:5]]
[2019.05.22-20.15.18:516][  0]LogConfig: Setting CVar [[r.FastBlurThreshold:100]]
[2019.05.22-20.15.18:516][  0]LogConfig: Setting CVar [[r.Upscale.Quality:3]]
[2019.05.22-20.15.18:516][  0]LogConfig: Setting CVar [[r.Tonemapper.GrainQuantization:1]]
[2019.05.22-20.15.18:516][  0]LogConfig: Setting CVar [[r.LightShaftQuality:1]]
[2019.05.22-20.15.18:516][  0]LogConfig: Setting CVar [[r.Filter.SizeScale:1]]
[2019.05.22-20.15.18:516][  0]LogConfig: Setting CVar [[r.Tonemapper.Quality:5]]
[2019.05.22-20.15.18:516][  0]LogConfig: Setting CVar [[r.DOF.Gather.AccumulatorQuality:1        ; higher gathering accumulator quality]]
[2019.05.22-20.15.18:516][  0]LogConfig: Setting CVar [[r.DOF.Gather.PostfilterMethod:1          ; Median3x3 postfilering method]]
[2019.05.22-20.15.18:516][  0]LogConfig: Setting CVar [[r.DOF.Gather.EnableBokehSettings:0       ; no bokeh simulation when gathering]]
[2019.05.22-20.15.18:516][  0]LogConfig: Setting CVar [[r.DOF.Gather.RingCount:4                 ; medium number of samples when gathering]]
[2019.05.22-20.15.18:516][  0]LogConfig: Setting CVar [[r.DOF.Scatter.ForegroundCompositing:1    ; additive foreground scattering]]
[2019.05.22-20.15.18:516][  0]LogConfig: Setting CVar [[r.DOF.Scatter.BackgroundCompositing:2    ; additive background scattering]]
[2019.05.22-20.15.18:516][  0]LogConfig: Setting CVar [[r.DOF.Scatter.EnableBokehSettings:1      ; bokeh simulation when scattering]]
[2019.05.22-20.15.18:516][  0]LogConfig: Setting CVar [[r.DOF.Scatter.MaxSpriteRatio:0.1         ; only a maximum of 10% of scattered bokeh]]
[2019.05.22-20.15.18:516][  0]LogConfig: Setting CVar [[r.DOF.Recombine.Quality:1                ; cheap slight out of focus]]
[2019.05.22-20.15.18:517][  0]LogConfig: Setting CVar [[r.DOF.Recombine.EnableBokehSettings:0    ; no bokeh simulation on slight out of focus]]
[2019.05.22-20.15.18:517][  0]LogConfig: Setting CVar [[r.DOF.TemporalAAQuality:1                ; more stable temporal accumulation]]
[2019.05.22-20.15.18:517][  0]LogConfig: Setting CVar [[r.DOF.Kernel.MaxForegroundRadius:0.025]]
[2019.05.22-20.15.18:517][  0]LogConfig: Setting CVar [[r.DOF.Kernel.MaxBackgroundRadius:0.025]]
[2019.05.22-20.15.18:517][  0]LogConfig: Applying CVar settings from Section [TextureQuality@3] File [C:/Users/Samuel/Documents/GitHub/CFE_RV/CFE_LeapMotion2/Saved/Config/Windows/Scalability.ini]
[2019.05.22-20.15.18:517][  0]LogConfig: Setting CVar [[r.Streaming.MipBias:0]]
[2019.05.22-20.15.18:517][  0]LogConfig: Setting CVar [[r.Streaming.AmortizeCPUToGPUCopy:0]]
[2019.05.22-20.15.18:517][  0]LogConfig: Setting CVar [[r.Streaming.MaxNumTexturesToStreamPerFrame:0]]
[2019.05.22-20.15.18:517][  0]LogConfig: Setting CVar [[r.Streaming.Boost:1]]
[2019.05.22-20.15.18:517][  0]LogConfig: Setting CVar [[r.MaxAnisotropy:8]]
[2019.05.22-20.15.18:517][  0]LogConfig: Setting CVar [[r.Streaming.LimitPoolSizeToVRAM:0]]
[2019.05.22-20.15.18:517][  0]LogConfig: Setting CVar [[r.Streaming.PoolSize:1000]]
[2019.05.22-20.15.18:517][  0]LogConfig: Setting CVar [[r.Streaming.MaxEffectiveScreenSize:0]]
[2019.05.22-20.15.18:517][  0]LogConfig: Applying CVar settings from Section [EffectsQuality@3] File [C:/Users/Samuel/Documents/GitHub/CFE_RV/CFE_LeapMotion2/Saved/Config/Windows/Scalability.ini]
[2019.05.22-20.15.18:517][  0]LogConfig: Setting CVar [[r.TranslucencyLightingVolumeDim:64]]
[2019.05.22-20.15.18:517][  0]LogConfig: Setting CVar [[r.RefractionQuality:2]]
[2019.05.22-20.15.18:517][  0]LogConfig: Setting CVar [[r.SSR.Quality:3]]
[2019.05.22-20.15.18:517][  0]LogConfig: Setting CVar [[r.SceneColorFormat:4]]
[2019.05.22-20.15.18:517][  0]LogConfig: Setting CVar [[r.DetailMode:2]]
[2019.05.22-20.15.18:517][  0]LogConfig: Setting CVar [[r.TranslucencyVolumeBlur:1]]
[2019.05.22-20.15.18:517][  0]LogConfig: Setting CVar [[r.MaterialQualityLevel:1 ; High quality]]
[2019.05.22-20.15.18:517][  0]LogConfig: Setting CVar [[r.SSS.Scale:1]]
[2019.05.22-20.15.18:517][  0]LogConfig: Setting CVar [[r.SSS.SampleSet:2]]
[2019.05.22-20.15.18:517][  0]LogConfig: Setting CVar [[r.SSS.Quality:1]]
[2019.05.22-20.15.18:517][  0]LogConfig: Setting CVar [[r.SSS.HalfRes:1]]
[2019.05.22-20.15.18:517][  0]LogConfig: Setting CVar [[r.EmitterSpawnRateScale:1.0]]
[2019.05.22-20.15.18:517][  0]LogConfig: Setting CVar [[r.ParticleLightQuality:2]]
[2019.05.22-20.15.18:517][  0]LogConfig: Applying CVar settings from Section [FoliageQuality@3] File [C:/Users/Samuel/Documents/GitHub/CFE_RV/CFE_LeapMotion2/Saved/Config/Windows/Scalability.ini]
[2019.05.22-20.15.18:517][  0]LogConfig: Setting CVar [[foliage.DensityScale:1.0]]
[2019.05.22-20.15.18:517][  0]LogConfig: Setting CVar [[grass.DensityScale:1.0]]
[2019.05.22-20.15.18:517][  0]LogConfig: Applying CVar settings from Section [Startup] File [../../../Engine/Config/ConsoleVariables.ini]
[2019.05.22-20.15.18:518][  0]LogConfig: Setting CVar [[net.UseAdaptiveNetUpdateFrequency:0]]
[2019.05.22-20.15.18:518][  0]LogConfig: Applying CVar settings from Section [ConsoleVariables] File [C:/Users/Samuel/Documents/GitHub/CFE_RV/CFE_LeapMotion2/Saved/Config/Windows/Engine.ini]
[2019.05.22-20.15.18:519][  0]LogInit: Computer: DESKTOP-RTM83TK
[2019.05.22-20.15.18:519][  0]LogInit: User: Samuel
[2019.05.22-20.15.18:519][  0]LogInit: CPU Page size=4096, Cores=4
[2019.05.22-20.15.18:519][  0]LogInit: High frequency timer resolution =10.000000 MHz
[2019.05.22-20.15.18:520][  0]LogMemory: Memory total: Physical=6.9GB (7GB approx)
[2019.05.22-20.15.18:520][  0]LogMemory: Platform Memory Stats for Windows
[2019.05.22-20.15.18:520][  0]LogMemory: Process Physical Memory: 103.52 MB used, 103.53 MB peak
[2019.05.22-20.15.18:520][  0]LogMemory: Process Virtual Memory: 92.82 MB used, 92.82 MB peak
[2019.05.22-20.15.18:520][  0]LogMemory: Physical Memory: 3086.98 MB used,  4022.80 MB free, 7109.78 MB total
[2019.05.22-20.15.18:520][  0]LogMemory: Virtual Memory: 4638.13 MB used,  134213088.00 MB free, 134217728.00 MB total
[2019.05.22-20.15.18:571][  0]LogInit: Overriding language with editor language configuration option (en).
[2019.05.22-20.15.18:571][  0]LogInit: Overriding locale with editor locale configuration option (en).
[2019.05.22-20.15.19:346][  0]LogStreaming: Display: Took  0.775s to InitEngineTextLocalization.
[2019.05.22-20.15.19:347][  0]LogInit: Setting process to per monitor DPI aware
[2019.05.22-20.15.19:432][  0]LogSlate: New Slate User Created.  User Index 0, Is Virtual User: 0
[2019.05.22-20.15.19:432][  0]LogSlate: Slate User Registered.  User Index 0, Is Virtual User: 0
[2019.05.22-20.15.19:935][  0]LogHMD: Failed to initialize OpenVR with code 110
[2019.05.22-20.15.19:935][  0]LogD3D11RHI: D3D11 adapters:
[2019.05.22-20.15.19:998][  0]LogD3D11RHI:    0. 'AMD Radeon(TM) R6 Graphics' (Feature Level 11_0)
[2019.05.22-20.15.19:998][  0]LogD3D11RHI:       1012/0/3554 MB DedicatedVideo/DedicatedSystem/SharedSystem, Outputs:1, VendorId:0x1002
[2019.05.22-20.15.20:004][  0]LogD3D11RHI:    1. 'Microsoft Basic Render Driver' (Feature Level 11_0)
[2019.05.22-20.15.20:004][  0]LogD3D11RHI:       0/0/3554 MB DedicatedVideo/DedicatedSystem/SharedSystem, Outputs:0, VendorId:0x1414
[2019.05.22-20.15.20:004][  0]LogD3D11RHI: Chosen D3D11 Adapter: 0
[2019.05.22-20.15.20:019][  0]LogD3D11RHI: Creating new Direct3DDevice
[2019.05.22-20.15.20:019][  0]LogD3D11RHI:     GPU DeviceId: 0x9874 (for the marketing name, search the web for "GPU Device Id")
[2019.05.22-20.15.20:019][  0]LogWindows: EnumDisplayDevices:
[2019.05.22-20.15.20:020][  0]LogWindows:    0. 'AMD Radeon(TM) R6 Graphics' (P:1 D:1)
[2019.05.22-20.15.20:021][  0]LogWindows:    1. 'AMD Radeon(TM) R6 Graphics' (P:0 D:0)
[2019.05.22-20.15.20:021][  0]LogWindows:    2. 'AMD Radeon(TM) R6 Graphics' (P:0 D:0)
[2019.05.22-20.15.20:022][  0]LogWindows: DebugString: FoundDriverCount:3 
[2019.05.22-20.15.20:022][  0]LogD3D11RHI:     Adapter Name: AMD Radeon(TM) R6 Graphics
[2019.05.22-20.15.20:022][  0]LogD3D11RHI:   Driver Version: 15.201.1101.1002 (internal:15.201.1101.1002, unified:15.201.1101.1002)
[2019.05.22-20.15.20:022][  0]LogD3D11RHI:      Driver Date: 8-21-2015
[2019.05.22-20.15.20:022][  0]LogRHI: Texture pool is 708 MB (70% of 1012 MB)
[2019.05.22-20.15.20:195][  0]LogD3D11RHI: Async texture creation enabled
[2019.05.22-20.15.20:229][  0]LogD3D11RHI: GPU Timing Frequency: 27.000000 (Debug: 2 2)
[2019.05.22-20.15.21:168][  0]LogTemp: Display: Loaded TP AllDesktopTargetPlatform
[2019.05.22-20.15.21:197][  0]LogTemp: Display: Loaded TP MacClientTargetPlatform
[2019.05.22-20.15.21:226][  0]LogTemp: Display: Loaded TP MacNoEditorTargetPlatform
[2019.05.22-20.15.21:254][  0]LogTemp: Display: Loaded TP MacServerTargetPlatform
[2019.05.22-20.15.21:282][  0]LogTemp: Display: Loaded TP MacTargetPlatform
[2019.05.22-20.15.21:311][  0]LogTemp: Display: Loaded TP WindowsClientTargetPlatform
[2019.05.22-20.15.21:343][  0]LogTemp: Display: Loaded TP WindowsNoEditorTargetPlatform
[2019.05.22-20.15.21:370][  0]LogTemp: Display: Loaded TP WindowsServerTargetPlatform
[2019.05.22-20.15.21:383][  0]LogTemp: Display: Loaded TP WindowsTargetPlatform
[2019.05.22-20.15.21:608][  0]LogTemp: Display: Loaded TP AndroidTargetPlatform
[2019.05.22-20.15.21:608][  0]LogTemp: Display: Loaded TP AndroidTargetPlatform
[2019.05.22-20.15.21:608][  0]LogTemp: Display: Loaded TP AndroidTargetPlatform
[2019.05.22-20.15.21:608][  0]LogTemp: Display: Loaded TP AndroidTargetPlatform
[2019.05.22-20.15.21:608][  0]LogTemp: Display: Loaded TP AndroidTargetPlatform
[2019.05.22-20.15.21:609][  0]LogTemp: Display: Loaded TP AndroidTargetPlatform
[2019.05.22-20.15.21:609][  0]LogTemp: Display: Loaded TP AndroidTargetPlatform
[2019.05.22-20.15.21:609][  0]LogTemp: Display: Loaded TP AndroidTargetPlatform
[2019.05.22-20.15.21:609][  0]LogTemp: Display: Loaded TP AndroidTargetPlatform
[2019.05.22-20.15.21:609][  0]LogTemp: Display: Loaded TP AndroidTargetPlatform
[2019.05.22-20.15.21:609][  0]LogTemp: Display: Loaded TP AndroidTargetPlatform
[2019.05.22-20.15.21:609][  0]LogTemp: Display: Loaded TP AndroidTargetPlatform
[2019.05.22-20.15.21:609][  0]LogTemp: Display: Loaded TP AndroidTargetPlatform
[2019.05.22-20.15.21:609][  0]LogTemp: Display: Loaded TP AndroidTargetPlatform
[2019.05.22-20.15.21:609][  0]LogTemp: Display: Loaded TP AndroidTargetPlatform
[2019.05.22-20.15.21:609][  0]LogTemp: Display: Loaded TP AndroidTargetPlatform
[2019.05.22-20.15.21:609][  0]LogTemp: Display: Loaded TP AndroidTargetPlatform
[2019.05.22-20.15.21:609][  0]LogTemp: Display: Loaded TP AndroidTargetPlatform
[2019.05.22-20.15.21:613][  0]LogTemp: Display: Loaded TP HTML5TargetPlatform
[2019.05.22-20.15.21:725][  0]LogTemp: Display: Loaded TP IOSTargetPlatform
[2019.05.22-20.15.21:725][  0]LogTemp: Display: Loaded TP IOSTargetPlatform
[2019.05.22-20.15.21:770][  0]LogTemp: Display: Loaded TP TVOSTargetPlatform
[2019.05.22-20.15.21:770][  0]LogTemp: Display: Loaded TP TVOSTargetPlatform
[2019.05.22-20.15.21:796][  0]LogTemp: Display: Loaded TP LinuxClientTargetPlatform
[2019.05.22-20.15.21:822][  0]LogTemp: Display: Loaded TP LinuxNoEditorTargetPlatform
[2019.05.22-20.15.21:849][  0]LogTemp: Display: Loaded TP LinuxServerTargetPlatform
[2019.05.22-20.15.21:877][  0]LogTemp: Display: Loaded TP LinuxTargetPlatform
[2019.05.22-20.15.21:972][  0]LogTemp: Display: Loaded TP LuminTargetPlatform
[2019.05.22-20.15.21:973][  0]LogTemp: Display: Loaded TP LuminTargetPlatform
[2019.05.22-20.15.21:973][  0]LogTargetPlatformManager: Display: Building Assets For Windows
[2019.05.22-20.15.22:102][  0]LogShaderCompilers: Guid format shader working directory is -22 characters bigger than the processId version (../../../../../../Users/Samuel/Documents/GitHub/CFE_RV/CFE_LeapMotion2/Intermediate/Shaders/WorkingDirectory/360/).
[2019.05.22-20.15.22:102][  0]LogShaderCompilers: Cleaned the shader compiler working directory 'C:/Users/Samuel/AppData/Local/Temp/UnrealShaderWorkingDir/EC8FBC92470FA88A271F5BBD124516A5/'.
[2019.05.22-20.15.22:106][  0]LogXGEController: Cleaning working directory: C:/Users/Samuel/AppData/Local/Temp/UnrealXGEWorkingDir/
[2019.05.22-20.15.22:107][  0]LogXGEController: Cannot use XGE Controller as Incredibuild is not installed on this machine.
[2019.05.22-20.15.22:107][  0]LogShaderCompilers: Cannot use XGE Shader Compiler as Incredibuild is not installed on this machine.
[2019.05.22-20.15.22:107][  0]LogShaderCompilers: Display: Using Local Shader Compiler.
[2019.05.22-20.15.23:482][  0]LogDerivedDataCache: Display: Max Cache Size: 512 MB
[2019.05.22-20.15.23:826][  0]LogDerivedDataCache: Loaded boot cache 0.34s 71MB C:/Users/Samuel/AppData/Local/UnrealEngine/4.21/DerivedDataCache/Boot.ddc.
[2019.05.22-20.15.23:826][  0]LogDerivedDataCache: Display: Loaded Boot cache: C:/Users/Samuel/AppData/Local/UnrealEngine/4.21/DerivedDataCache/Boot.ddc
[2019.05.22-20.15.23:827][  0]LogDerivedDataCache: FDerivedDataBackendGraph:  Pak pak cache file ../../../../../../Users/Samuel/Documents/GitHub/CFE_RV/CFE_LeapMotion2/DerivedDataCache/DDC.ddp not found, will not use a pak cache.
[2019.05.22-20.15.23:827][  0]LogDerivedDataCache: Unable to find inner node Pak for hierarchical cache Hierarchy.
[2019.05.22-20.15.23:827][  0]LogDerivedDataCache: FDerivedDataBackendGraph:  CompressedPak pak cache file ../../../../../../Users/Samuel/Documents/GitHub/CFE_RV/CFE_LeapMotion2/DerivedDataCache/Compressed.ddp not found, will not use a pak cache.
[2019.05.22-20.15.23:827][  0]LogDerivedDataCache: Unable to find inner node CompressedPak for hierarchical cache Hierarchy.
[2019.05.22-20.15.23:856][  0]LogDerivedDataCache: Display: Pak cache opened for reading ../../../Engine/DerivedDataCache/Compressed.ddp.
[2019.05.22-20.15.23:857][  0]LogDerivedDataCache: FDerivedDataBackendGraph:  EnterprisePak pak cache file ../../../Enterprise/DerivedDataCache/Compressed.ddp not found, will not use a pak cache.
[2019.05.22-20.15.23:857][  0]LogDerivedDataCache: Unable to find inner node EnterprisePak for hierarchical cache Hierarchy.
[2019.05.22-20.15.23:870][  0]LogDerivedDataCache: Using Local data cache path C:/Users/Samuel/AppData/Local/UnrealEngine/Common/DerivedDataCache: Writable
[2019.05.22-20.15.23:870][  0]LogDerivedDataCache: Shared data cache path not found in *engine.ini, will not use an Shared cache.
[2019.05.22-20.15.23:870][  0]LogDerivedDataCache: Unable to find inner node Shared for hierarchical cache Hierarchy.
[2019.05.22-20.15.23:919][  0]LogMaterial: Verifying Global Shaders for PCD3D_SM5
[2019.05.22-20.15.23:921][  0]LogSlate: Using FreeType 2.6.0
[2019.05.22-20.15.23:922][  0]LogSlate: SlateFontServices - WITH_FREETYPE: 1, WITH_HARFBUZZ: 1
[2019.05.22-20.15.24:400][  0]LogAssetRegistry: FAssetRegistry took 0.0472 seconds to start up
[2019.05.22-20.15.25:139][  0]LogInit: Selected Device Profile: [Windows]
[2019.05.22-20.15.25:455][  0]LogSimplygon: Simplygon DLL not present - disabling.
[2019.05.22-20.15.25:463][  0]LogMeshReduction: Using SimplygonSwarm for distributed automatic mesh merging
[2019.05.22-20.15.25:463][  0]LogMeshReduction: Using ProxyLODMeshReduction for automatic mesh merging
[2019.05.22-20.15.25:463][  0]LogMeshReduction: Using QuadricMeshReduction for automatic static mesh reduction
[2019.05.22-20.15.25:463][  0]LogMeshReduction: No automatic skeletal mesh reduction module available
[2019.05.22-20.15.25:493][  0]LogNetVersion: CFE_LeapMotion 1.0.0, NetCL: 4541578, EngineNetVer: 5, GameNetVer: 0 (Checksum: 1837852655)
[2019.05.22-20.15.26:564][  0]LogPackageLocalizationCache: Processed 12 localized package path(s) for 1 prioritized culture(s) in 0.136101 seconds
[2019.05.22-20.15.26:578][  0]LogUObjectArray: 39775 objects as part of root set at end of initial load.
[2019.05.22-20.15.26:578][  0]LogUObjectAllocator: 6914656 out of 0 bytes used by permanent object pool.
[2019.05.22-20.15.26:578][  0]LogUObjectArray: CloseDisregardForGC: 0/0 objects in disregard for GC pool
[2019.05.22-20.15.52:591][  0]LogTcpMessaging: Initializing TcpMessaging bridge
[2019.05.22-20.15.52:610][  0]LogUdpMessaging: Initializing bridge on interface 0.0.0.0:0 to multicast group 230.0.0.1:6666.
[2019.05.22-20.15.54:086][  0]SourceControl: Source control is disabled
[2019.05.22-20.15.55:957][  0]LogAndroidPermission: UAndroidPermissionCallbackProxy::GetInstance
[2019.05.22-20.15.56:067][  0]LogWindows: Failed to load '../../../Engine/Binaries/ThirdParty/LeapMotion/Win64/LeapC.dll' (GetLastError=126)
[2019.05.22-20.15.56:067][  0]LogWindows: File '../../../Engine/Binaries/ThirdParty/LeapMotion/Win64/LeapC.dll' does not exist
[2019.05.22-20.15.56:067][  0]LeapMotionLog: Leap Plugin started v3.3.1
[2019.05.22-20.15.56:075][  0]LogOcInput: OculusInput pre-init called
[2019.05.22-20.15.56:296][  0]LogClass: Warning: ObjectProperty FMappedBoneAnimData::BodyStateSkeleton is not initialized properly
[2019.05.22-20.15.56:296][  0]LogClass: Warning: FBodyStateDeviceConfig::InputType is not initialized properly
[2019.05.22-20.15.56:297][  0]LogClass: Warning: FLeapStats::FrameExtrapolationInMS is not initialized properly
[2019.05.22-20.15.56:297][  0]LogClass: Display: 3 Uninitialized script stuct members found
[2019.05.22-20.15.56:298][  0]LogAutomationTest: Warning: ObjectProperty FMappedBoneAnimData::BodyStateSkeleton is not initialized properly
[2019.05.22-20.15.56:298][  0]LogAutomationTest: Warning: FBodyStateDeviceConfig::InputType is not initialized properly
[2019.05.22-20.15.56:298][  0]LogAutomationTest: Warning: FLeapStats::FrameExtrapolationInMS is not initialized properly
[2019.05.22-20.15.56:302][  0]LogEngine: Initializing Engine...
[2019.05.22-20.15.56:304][  0]LogHMD: Failed to initialize OpenVR with code 110
[2019.05.22-20.15.56:306][  0]LogStats: UGameplayTagsManager::ConstructGameplayTagTree: ImportINI prefixes -  0.000 s
[2019.05.22-20.15.56:306][  0]LogStats: UGameplayTagsManager::ConstructGameplayTagTree: Construct from data asset -  0.000 s
[2019.05.22-20.15.56:306][  0]LogStats: UGameplayTagsManager::ConstructGameplayTagTree: ImportINI -  0.000 s
[2019.05.22-20.15.56:306][  0]LogStats: UGameplayTagsManager::ConstructGameplayTagTree: GameplayTagTreeChangedEvent.Broadcast -  0.000 s
[2019.05.22-20.15.56:794][  0]LogInit: Initializing FReadOnlyCVARCache
[2019.05.22-20.15.56:835][  0]LogAIModule: Creating AISystem for world Untitled
[2019.05.22-20.15.56:851][  0]LogInit: XAudio2 using 'Altavoces (Conexant SmartAudio HD)' : 2 channels at 48 kHz using 32 bits per sample (channel mask 0x3)
[2019.05.22-20.15.56:968][  0]LogInit: FAudioDevice initialized.
[2019.05.22-20.15.56:969][  0]LogNetVersion: Set ProjectVersion to 1.0.0.0. Version Checksum will be recalculated on next use.
[2019.05.22-20.15.57:166][  0]LogDerivedDataCache: Saved boot cache 0.20s 71MB C:/Users/Samuel/AppData/Local/UnrealEngine/4.21/DerivedDataCache/Boot.ddc.
[2019.05.22-20.15.57:182][  0]LogInit: Texture streaming: Enabled
[2019.05.22-20.15.57:232][  0]LogEngineSessionManager: EngineSessionManager initialized
[2019.05.22-20.15.57:246][  0]LogEngineSessionManager: EngineSessionManager sent abnormal shutdown report. Type=Crashed, SessionId={1C3215C7-4D47-E595-6982-4A8A16185353}
[2019.05.22-20.15.57:280][  0]LogInit: Transaction tracking system initialized
[2019.05.22-20.15.57:342][  0]BlueprintLog: New page: Editor Load
[2019.05.22-20.15.57:530][  0]LocalizationService: Localization service is disabled
[2019.05.22-20.15.58:627][  0]LogFileCache: Scanning file cache for directory 'C:/Users/Samuel/Documents/GitHub/CFE_RV/CFE_LeapMotion2/Content/' took 0.02s
[2019.05.22-20.15.58:627][  0]LogCook: Display: Max memory allowance for cook 16384mb min free memory 0mb
[2019.05.22-20.15.58:628][  0]LogCook: Display: Mobile HDR setting 1
[2019.05.22-20.15.58:628][  0]LogGameplayTags: Display: UGameplayTagsManager::DoneAddingNativeTags. DelegateIsBound: 0
[2019.05.22-20.15.58:628][  0]LogStats: UGameplayTagsManager::ConstructGameplayTagTree: ImportINI prefixes -  0.000 s
[2019.05.22-20.15.58:628][  0]LogStats: UGameplayTagsManager::ConstructGameplayTagTree: Construct from data asset -  0.000 s
[2019.05.22-20.15.58:628][  0]LogStats: UGameplayTagsManager::ConstructGameplayTagTree: ImportINI -  0.000 s
[2019.05.22-20.15.58:628][  0]LogStats: UGameplayTagsManager::ConstructGameplayTagTree: GameplayTagTreeChangedEvent.Broadcast -  0.000 s
[2019.05.22-20.15.59:141][  0]Cmd: MAP LOAD FILE="../../../../../../Users/Samuel/Documents/GitHub/CFE_RV/CFE_LeapMotion2/Content/StarterContent/Maps/Minimal_Default.umap" TEMPLATE=0 SHOWPROGRESS=1 FEATURELEVEL=3
[2019.05.22-20.15.59:142][  0]LightingResults: New page: Lighting Build
[2019.05.22-20.15.59:148][  0]MapCheck: New page: Map Check
[2019.05.22-20.15.59:148][  0]LightingResults: New page: Lighting Build
[2019.05.22-20.16.00:997][  0]LogAIModule: Creating AISystem for world Minimal_Default
[2019.05.22-20.16.01:021][  0]LogEditorServer: Finished looking for orphan Actors (0.000 secs)
[2019.05.22-20.16.01:153][  0]Cmd: MAP CHECKDEP NOCLEARLOG
[2019.05.22-20.16.01:154][  0]MapCheck: Map check complete: 0 Error(s), 0 Warning(s), took 0.431ms to complete.
[2019.05.22-20.16.01:154][  0]LogFileHelpers: Loading map 'Minimal_Default' took 2.012
[2019.05.22-20.16.01:370][  0]LogSlate: Updating window title bar state: overlay mode, drag disabled, window buttons hidden, title bar hidden
[2019.05.22-20.16.01:389][  0]LogSlate: Updating window title bar state: overlay mode, drag disabled, window buttons hidden, title bar hidden
[2019.05.22-20.16.01:404][  0]LogSlate: Updating window title bar state: overlay mode, drag disabled, window buttons hidden, title bar hidden
[2019.05.22-20.16.01:420][  0]LogSlate: Updating window title bar state: overlay mode, drag disabled, window buttons hidden, title bar hidden
[2019.05.22-20.16.01:435][  0]LogCollectionManager: Loaded 0 collections in 0.004048 seconds
[2019.05.22-20.16.01:457][  0]LogFileCache: Scanning file cache for directory 'C:/Users/Samuel/Documents/GitHub/CFE_RV/CFE_LeapMotion2/Saved/Collections/' took 0.01s
[2019.05.22-20.16.01:457][  0]LogFileCache: Scanning file cache for directory 'C:/Users/Samuel/Documents/GitHub/CFE_RV/CFE_LeapMotion2/Content/Developers/Samuel/Collections/' took 0.00s
[2019.05.22-20.16.01:457][  0]LogFileCache: Scanning file cache for directory 'C:/Users/Samuel/Documents/GitHub/CFE_RV/CFE_LeapMotion2/Content/Collections/' took 0.00s
[2019.05.22-20.16.01:457][  0]LogCollectionManager: Rebuilt the GUID cache for 0 collections in 0.000001 seconds
[2019.05.22-20.16.01:479][  0]LogContentBrowser: Native class hierarchy populated in 0.0212 seconds. Added 2665 classes and 628 folders.
[2019.05.22-20.16.01:494][  0]LogContentBrowser: Native class hierarchy updated for 'WidgetCarousel' in 0.0006 seconds. Added 0 classes and 0 folders.
[2019.05.22-20.16.01:498][  0]LogPakFile: Registered encryption key '00000000000000000000000000000000': 0 pak files mounted, 0 remain pending
[2019.05.22-20.16.01:499][  0]LogPakFile: Registered encryption key '00000000000000000000000000000000': 0 pak files mounted, 0 remain pending
[2019.05.22-20.16.01:501][  0]LogPakFile: Registered encryption key '00000000000000000000000000000000': 0 pak files mounted, 0 remain pending
[2019.05.22-20.16.01:502][  0]LogPakFile: Registered encryption key '00000000000000000000000000000000': 0 pak files mounted, 0 remain pending
[2019.05.22-20.16.01:504][  0]LogPakFile: Registered encryption key '00000000000000000000000000000000': 0 pak files mounted, 0 remain pending
[2019.05.22-20.16.01:505][  0]LogPakFile: Registered encryption key '00000000000000000000000000000000': 0 pak files mounted, 0 remain pending
[2019.05.22-20.16.01:507][  0]LogPakFile: Registered encryption key '00000000000000000000000000000000': 0 pak files mounted, 0 remain pending
[2019.05.22-20.16.01:508][  0]LogPakFile: Registered encryption key '00000000000000000000000000000000': 0 pak files mounted, 0 remain pending
[2019.05.22-20.16.01:510][  0]LogPakFile: Registered encryption key '00000000000000000000000000000000': 0 pak files mounted, 0 remain pending
[2019.05.22-20.16.01:511][  0]LogPakFile: Registered encryption key '00000000000000000000000000000000': 0 pak files mounted, 0 remain pending
[2019.05.22-20.16.01:512][  0]LogPakFile: Registered encryption key '00000000000000000000000000000000': 0 pak files mounted, 0 remain pending
[2019.05.22-20.16.01:513][  0]LogPakFile: Registered encryption key '00000000000000000000000000000000': 0 pak files mounted, 0 remain pending
[2019.05.22-20.16.01:515][  0]LogPakFile: Registered encryption key '00000000000000000000000000000000': 0 pak files mounted, 0 remain pending
[2019.05.22-20.16.01:516][  0]LogPakFile: Registered encryption key '00000000000000000000000000000000': 0 pak files mounted, 0 remain pending
[2019.05.22-20.16.01:518][  0]LogPakFile: Registered encryption key '00000000000000000000000000000000': 0 pak files mounted, 0 remain pending
[2019.05.22-20.16.01:520][  0]LogPakFile: Registered encryption key '00000000000000000000000000000000': 0 pak files mounted, 0 remain pending
[2019.05.22-20.16.01:521][  0]LogPakFile: Registered encryption key '00000000000000000000000000000000': 0 pak files mounted, 0 remain pending
[2019.05.22-20.16.01:522][  0]LogPakFile: Registered encryption key '00000000000000000000000000000000': 0 pak files mounted, 0 remain pending
[2019.05.22-20.16.01:524][  0]LogPakFile: Registered encryption key '00000000000000000000000000000000': 0 pak files mounted, 0 remain pending
[2019.05.22-20.16.01:525][  0]LogPakFile: Registered encryption key '00000000000000000000000000000000': 0 pak files mounted, 0 remain pending
[2019.05.22-20.16.01:527][  0]LogPakFile: Registered encryption key '00000000000000000000000000000000': 0 pak files mounted, 0 remain pending
[2019.05.22-20.16.01:529][  0]LogPakFile: Registered encryption key '00000000000000000000000000000000': 0 pak files mounted, 0 remain pending
[2019.05.22-20.16.01:530][  0]LogPakFile: Registered encryption key '00000000000000000000000000000000': 0 pak files mounted, 0 remain pending
[2019.05.22-20.16.01:532][  0]LogPakFile: Registered encryption key '00000000000000000000000000000000': 0 pak files mounted, 0 remain pending
[2019.05.22-20.16.01:533][  0]LogPakFile: Registered encryption key '00000000000000000000000000000000': 0 pak files mounted, 0 remain pending
[2019.05.22-20.16.01:535][  0]LogPakFile: Registered encryption key '00000000000000000000000000000000': 0 pak files mounted, 0 remain pending
[2019.05.22-20.16.01:614][  0]LogContentBrowser: Native class hierarchy updated for 'AddContentDialog' in 0.0005 seconds. Added 0 classes and 0 folders.
[2019.05.22-20.16.01:626][  0]LogContentBrowser: Native class hierarchy updated for 'SceneOutliner' in 0.0007 seconds. Added 1 classes and 2 folders.
[2019.05.22-20.16.01:798][  0]LogSlate: Took 0.000509 seconds to synchronously load lazily loaded font '../../../Engine/Content/Slate/Fonts/Roboto-Regular.ttf' (155K)
[2019.05.22-20.16.01:803][  0]LogSlate: Took 0.000547 seconds to synchronously load lazily loaded font '../../../Engine/Content/Slate/Fonts/Roboto-Bold.ttf' (160K)
[2019.05.22-20.16.01:817][  0]LogSlate: Took 0.000549 seconds to synchronously load lazily loaded font '../../../Engine/Content/Editor/Slate/Fonts/FontAwesome.ttf' (139K)
[2019.05.22-20.16.02:027][  0]LogRenderer: Reallocating scene render targets to support 856x372 Format 10 NumSamples 1 (Frame:1).
[2019.05.22-20.16.02:840][  0]LogSlate: Took 0.000491 seconds to synchronously load lazily loaded font '../../../Engine/Content/Slate/Fonts/Roboto-Light.ttf' (167K)
[2019.05.22-20.16.03:044][  0]LogContentBrowser: Native class hierarchy updated for 'HierarchicalLODOutliner' in 0.0007 seconds. Added 0 classes and 0 folders.
[2019.05.22-20.16.03:044][  0]LogLoad: (Engine Initialization) Total time: 47.84 seconds
[2019.05.22-20.16.03:044][  0]LogLoad: (Engine Initialization) Total Blueprint compile time: 0.00 seconds
[2019.05.22-20.16.03:080][  0]LeapMotionLog: ServiceMessageLoop started.
[2019.05.22-20.16.03:080][  0]BodyStateLog: BodyState::DeviceAttached: Leap Motion (1)
[2019.05.22-20.16.03:081][  0]BodyStateLog: BodyState::DeviceAttached: HMD (2)
[2019.05.22-20.16.03:182][  0]LogContentStreaming: Texture pool size now 1000 MB
[2019.05.22-20.16.03:367][  2]LeapMotionLog: LeapService: OnConnect.
[2019.05.22-20.16.03:724][  5]LogAssetRegistry: Asset discovery search completed in 39.3476 seconds
[2019.05.22-20.16.03:728][  5]LogCollectionManager: Rebuilt the object cache for 0 collections in 0.000001 seconds (found 0 objects)
[2019.05.22-20.16.03:728][  5]LogCollectionManager: Fixed up redirectors for 0 collections in 0.000287 seconds (updated 0 objects)
[2019.05.22-20.16.04:130][ 21]LogSlate: Took 0.000459 seconds to synchronously load lazily loaded font '../../../Engine/Content/Slate/Fonts/Roboto-Light.ttf' (167K)
[2019.05.22-20.22.54:622][749]LogSlate: FSceneViewport::OnFocusLost() reason 0
[2019.05.22-20.22.55:609][793]LogSlate: FSceneViewport::OnFocusLost() reason 0
[2019.05.22-20.25.56:678][359]LogSlate: FSceneViewport::OnFocusLost() reason 0
[2019.05.22-20.26.05:744][729]LogD3D11RHI: Error: agsDriverExtensionsDX11_SetDepthBounds(1,0.000000, 1.000000) returned error code 6. **********PLEASE UPDATE YOUR VIDEO DRIVERS*********
[2019.05.22-20.26.43:058][152]LogSlate: FSceneViewport::OnFocusLost() reason 0
[2019.05.22-20.26.44:055][157]LogSynthBenchmark: Display: FSynthBenchmark (V0.95):  requested WorkScale=1.00
[2019.05.22-20.26.44:055][157]LogSynthBenchmark: Display: ===============
[2019.05.22-20.26.44:055][157]LogSynthBenchmark: Display: Main Processor:
[2019.05.22-20.26.44:135][157]LogSynthBenchmark: Display:          ... 0.041300 s/Run 'RayIntersect'
[2019.05.22-20.26.44:135][157]LogSynthBenchmark: Display:          ... 0.038133 s/Run 'Fractal'
[2019.05.22-20.26.44:135][157]LogSynthBenchmark: Display: 
[2019.05.22-20.26.44:135][157]LogSynthBenchmark: Display:   CompiledTarget_x_Bits: 64
[2019.05.22-20.26.44:135][157]LogSynthBenchmark: Display:   UE_BUILD_SHIPPING: 0
[2019.05.22-20.26.44:135][157]LogSynthBenchmark: Display:   UE_BUILD_TEST: 0
[2019.05.22-20.26.44:135][157]LogSynthBenchmark: Display:   UE_BUILD_DEBUG: 0
[2019.05.22-20.26.44:135][157]LogSynthBenchmark: Display:   TotalPhysicalGBRam: 7
[2019.05.22-20.26.44:135][157]LogSynthBenchmark: Display:   NumberOfCores (physical): 4
[2019.05.22-20.26.44:135][157]LogSynthBenchmark: Display:   NumberOfCores (logical): 4
[2019.05.22-20.26.44:135][157]LogSynthBenchmark: Display:   CPU Perf Index 0: 62.0 (weight 1.00)
[2019.05.22-20.26.44:135][157]LogSynthBenchmark: Display:   CPU Perf Index 1: 75.0 (weight 1.50)
[2019.05.22-20.26.44:135][157]LogSynthBenchmark: Display:  
[2019.05.22-20.26.44:135][157]LogSynthBenchmark: Display: Graphics:
[2019.05.22-20.26.44:135][157]LogSynthBenchmark: Display:   Adapter Name: 'AMD Radeon(TM) R6 Graphics'
[2019.05.22-20.26.44:135][157]LogSynthBenchmark: Display:   (On Optimus the name might be wrong, memory should be ok)
[2019.05.22-20.26.44:135][157]LogSynthBenchmark: Display:   Vendor Id: 0x1002
[2019.05.22-20.26.44:135][157]LogSynthBenchmark: Display:   Device Id: 0x9874
[2019.05.22-20.26.44:135][157]LogSynthBenchmark: Display:   Device Revision: 0xC5
[2019.05.22-20.26.44:135][157]LogSynthBenchmark: Display:   GPU Memory: 1013/0/3555 MB
[2019.05.22-20.26.44:485][157]LogSynthBenchmark: Display:   GPU first test: 0.03s
[2019.05.22-20.26.44:485][157]LogSynthBenchmark: Display:          ... 0.594 s/GigaPix, Confidence=100% 'ALUHeavyNoise' (likely to be very inaccurate)
[2019.05.22-20.26.44:485][157]LogSynthBenchmark: Display:          ... 0.694 s/GigaPix, Confidence=100% 'TexHeavy' (likely to be very inaccurate)
[2019.05.22-20.26.44:486][157]LogSynthBenchmark: Display:          ... 0.601 s/GigaPix, Confidence=100% 'DepTexHeavy' (likely to be very inaccurate)
[2019.05.22-20.26.44:486][157]LogSynthBenchmark: Display:          ... 1.023 s/GigaPix, Confidence=100% 'FillOnly' (likely to be very inaccurate)
[2019.05.22-20.26.44:486][157]LogSynthBenchmark: Display:          ... 0.062 s/GigaPix, Confidence=100% 'Bandwidth' (likely to be very inaccurate)
[2019.05.22-20.26.44:486][157]LogSynthBenchmark: Display:          ... 0.163 s/GigaVert, Confidence=100% 'VertThroughPut1' (likely to be very inaccurate)
[2019.05.22-20.26.44:486][157]LogSynthBenchmark: Display:          ... 0.965 s/GigaVert, Confidence=100% 'VertThroughPut2' (likely to be very inaccurate)
[2019.05.22-20.26.45:018][157]LogSynthBenchmark: Display:   GPU second test: 0.30s
[2019.05.22-20.26.45:019][157]LogSynthBenchmark: Display:          ... 1.033 s/GigaPix, Confidence=100% 'ALUHeavyNoise' (likely to be inaccurate)
[2019.05.22-20.26.45:019][157]LogSynthBenchmark: Display:          ... 1.097 s/GigaPix, Confidence=100% 'TexHeavy' (likely to be inaccurate)
[2019.05.22-20.26.45:019][157]LogSynthBenchmark: Display:          ... 0.826 s/GigaPix, Confidence=100% 'DepTexHeavy' (likely to be inaccurate)
[2019.05.22-20.26.45:019][157]LogSynthBenchmark: Display:          ... 1.454 s/GigaPix, Confidence=100% 'FillOnly' (likely to be inaccurate)
[2019.05.22-20.26.45:019][157]LogSynthBenchmark: Display:          ... 0.059 s/GigaPix, Confidence=100% 'Bandwidth' (likely to be inaccurate)
[2019.05.22-20.26.45:019][157]LogSynthBenchmark: Display:          ... 0.165 s/GigaVert, Confidence=100% 'VertThroughPut1' (likely to be inaccurate)
[2019.05.22-20.26.45:019][157]LogSynthBenchmark: Display:          ... 0.967 s/GigaVert, Confidence=100% 'VertThroughPut2' (likely to be inaccurate)
[2019.05.22-20.26.45:019][157]LogSynthBenchmark: Display:   GPU Final Results:
[2019.05.22-20.26.45:019][157]LogSynthBenchmark: Display:          ... 1.033 s/GigaPix, Confidence=100% 'ALUHeavyNoise'
[2019.05.22-20.26.45:019][157]LogSynthBenchmark: Display:          ... 1.097 s/GigaPix, Confidence=100% 'TexHeavy'
[2019.05.22-20.26.45:019][157]LogSynthBenchmark: Display:          ... 0.826 s/GigaPix, Confidence=100% 'DepTexHeavy'
[2019.05.22-20.26.45:019][157]LogSynthBenchmark: Display:          ... 1.454 s/GigaPix, Confidence=100% 'FillOnly'
[2019.05.22-20.26.45:019][157]LogSynthBenchmark: Display:          ... 0.059 s/GigaPix, Confidence=100% 'Bandwidth'
[2019.05.22-20.26.45:019][157]LogSynthBenchmark: Display:          ... 0.165 s/GigaVert, Confidence=100% 'VertThroughPut1'
[2019.05.22-20.26.45:019][157]LogSynthBenchmark: Display:          ... 0.967 s/GigaVert, Confidence=100% 'VertThroughPut2'
[2019.05.22-20.26.45:019][157]LogSynthBenchmark: Display: 
[2019.05.22-20.26.45:019][157]LogSynthBenchmark: Display:   GPU Perf Index 0: 22.4 (weight 1.00)
[2019.05.22-20.26.45:019][157]LogSynthBenchmark: Display:   GPU Perf Index 1: 14.7 (weight 0.10)
[2019.05.22-20.26.45:019][157]LogSynthBenchmark: Display:   GPU Perf Index 2: 21.5 (weight 0.10)
[2019.05.22-20.26.45:019][157]LogSynthBenchmark: Display:   GPU Perf Index 3: 5.7 (weight 3.00)
[2019.05.22-20.26.45:019][157]LogSynthBenchmark: Display:   GPU Perf Index 4: 5.5 (weight 1.00)
[2019.05.22-20.26.45:019][157]LogSynthBenchmark: Display:   GPU Perf Index 5: 10.8 (weight 0.00)
[2019.05.22-20.26.45:019][157]LogSynthBenchmark: Display:   GPU Perf Index 6: 54.7 (weight 0.00)
[2019.05.22-20.26.45:019][157]LogSynthBenchmark: Display:   GPUIndex: 9.4
[2019.05.22-20.26.45:019][157]LogSynthBenchmark: Display:   CPUIndex: 69.8
[2019.05.22-20.26.45:019][157]LogSynthBenchmark: Display: 
[2019.05.22-20.26.45:019][157]LogSynthBenchmark: Display:          ... Total Time: 0.964400 sec
[2019.05.22-20.26.45:020][157]LogConfig: Applying CVar settings from Section [ViewDistanceQuality@0] File [C:/Users/Samuel/Documents/GitHub/CFE_RV/CFE_LeapMotion2/Saved/Config/Windows/Scalability.ini]
[2019.05.22-20.26.45:020][157]LogConfig: Setting CVar [[r.SkeletalMeshLODBias:2]]
[2019.05.22-20.26.45:020][157]LogConfig: Setting CVar [[r.ViewDistanceScale:0.4]]
[2019.05.22-20.26.45:020][157]LogConfig: Applying CVar settings from Section [AntiAliasingQuality@0] File [C:/Users/Samuel/Documents/GitHub/CFE_RV/CFE_LeapMotion2/Saved/Config/Windows/Scalability.ini]
[2019.05.22-20.26.45:020][157]LogConfig: Setting CVar [[r.PostProcessAAQuality:0]]
[2019.05.22-20.26.45:020][157]LogConfig: Applying CVar settings from Section [ShadowQuality@0] File [C:/Users/Samuel/Documents/GitHub/CFE_RV/CFE_LeapMotion2/Saved/Config/Windows/Scalability.ini]
[2019.05.22-20.26.45:020][157]LogConfig: Setting CVar [[r.LightFunctionQuality:0]]
[2019.05.22-20.26.45:020][157]LogConfig: Setting CVar [[r.ShadowQuality:0]]
[2019.05.22-20.26.45:020][157]LogConfig: Setting CVar [[r.Shadow.CSM.MaxCascades:1]]
[2019.05.22-20.26.45:020][157]LogConfig: Setting CVar [[r.Shadow.MaxResolution:512]]
[2019.05.22-20.26.45:020][157]LogConfig: Setting CVar [[r.Shadow.MaxCSMResolution:512]]
[2019.05.22-20.26.45:020][157]LogConfig: Setting CVar [[r.Shadow.RadiusThreshold:0.06]]
[2019.05.22-20.26.45:020][157]LogConfig: Setting CVar [[r.Shadow.DistanceScale:0.6]]
[2019.05.22-20.26.45:020][157]LogConfig: Setting CVar [[r.Shadow.CSM.TransitionScale:0]]
[2019.05.22-20.26.45:020][157]LogConfig: Setting CVar [[r.Shadow.PreShadowResolutionFactor:0.5]]
[2019.05.22-20.26.45:020][157]LogConfig: Setting CVar [[r.DistanceFieldShadowing:0]]
[2019.05.22-20.26.45:020][157]LogConfig: Setting CVar [[r.DistanceFieldAO:0]]
[2019.05.22-20.26.45:020][157]LogConfig: Setting CVar [[r.VolumetricFog:0]]
[2019.05.22-20.26.45:020][157]LogConfig: Setting CVar [[r.LightMaxDrawDistanceScale:0]]
[2019.05.22-20.26.45:020][157]LogConfig: Setting CVar [[r.CapsuleShadows:0]]
[2019.05.22-20.26.45:020][157]LogConfig: Applying CVar settings from Section [PostProcessQuality@0] File [C:/Users/Samuel/Documents/GitHub/CFE_RV/CFE_LeapMotion2/Saved/Config/Windows/Scalability.ini]
[2019.05.22-20.26.45:020][157]LogConfig: Setting CVar [[r.MotionBlurQuality:0]]
[2019.05.22-20.26.45:020][157]LogConfig: Setting CVar [[r.AmbientOcclusionMipLevelFactor:1.0]]
[2019.05.22-20.26.45:020][157]LogConfig: Setting CVar [[r.AmbientOcclusionMaxQuality:0]]
[2019.05.22-20.26.45:020][157]LogConfig: Setting CVar [[r.AmbientOcclusionLevels:0]]
[2019.05.22-20.26.45:020][157]LogConfig: Setting CVar [[r.AmbientOcclusionRadiusScale:1.2]]
[2019.05.22-20.26.45:020][157]LogConfig: Setting CVar [[r.DepthOfFieldQuality:0]]
[2019.05.22-20.26.45:020][157]LogConfig: Setting CVar [[r.RenderTargetPoolMin:300]]
[2019.05.22-20.26.45:020][157]LogConfig: Setting CVar [[r.LensFlareQuality:0]]
[2019.05.22-20.26.45:021][157]LogConfig: Setting CVar [[r.SceneColorFringeQuality:0]]
[2019.05.22-20.26.45:021][157]LogConfig: Setting CVar [[r.EyeAdaptationQuality:0]]
[2019.05.22-20.26.45:021][157]LogConfig: Setting CVar [[r.BloomQuality:4]]
[2019.05.22-20.26.45:021][157]LogConfig: Setting CVar [[r.FastBlurThreshold:0]]
[2019.05.22-20.26.45:021][157]LogConfig: Setting CVar [[r.Upscale.Quality:1]]
[2019.05.22-20.26.45:021][157]LogConfig: Setting CVar [[r.Tonemapper.GrainQuantization:0]]
[2019.05.22-20.26.45:021][157]LogConfig: Setting CVar [[r.LightShaftQuality:0]]
[2019.05.22-20.26.45:021][157]LogConfig: Setting CVar [[r.Filter.SizeScale:0.6]]
[2019.05.22-20.26.45:021][157]LogConfig: Setting CVar [[r.Tonemapper.Quality:0]]
[2019.05.22-20.26.45:021][157]LogConfig: Applying CVar settings from Section [TextureQuality@0] File [C:/Users/Samuel/Documents/GitHub/CFE_RV/CFE_LeapMotion2/Saved/Config/Windows/Scalability.ini]
[2019.05.22-20.26.45:021][157]LogConfig: Setting CVar [[r.Streaming.MipBias:16]]
[2019.05.22-20.26.45:021][157]LogConfig: Setting CVar [[r.Streaming.AmortizeCPUToGPUCopy:1]]
[2019.05.22-20.26.45:021][157]LogConfig: Setting CVar [[r.Streaming.MaxNumTexturesToStreamPerFrame:1]]
[2019.05.22-20.26.45:021][157]LogConfig: Setting CVar [[r.Streaming.Boost:0.3]]
[2019.05.22-20.26.45:021][157]LogConfig: Setting CVar [[r.MaxAnisotropy:0]]
[2019.05.22-20.26.45:021][157]LogConfig: Setting CVar [[r.Streaming.LimitPoolSizeToVRAM:1]]
[2019.05.22-20.26.45:021][157]LogConfig: Setting CVar [[r.Streaming.PoolSize:400]]
[2019.05.22-20.26.45:021][157]LogConfig: Setting CVar [[r.Streaming.MaxEffectiveScreenSize:0]]
[2019.05.22-20.26.45:021][157]LogConfig: Applying CVar settings from Section [EffectsQuality@0] File [C:/Users/Samuel/Documents/GitHub/CFE_RV/CFE_LeapMotion2/Saved/Config/Windows/Scalability.ini]
[2019.05.22-20.26.45:021][157]LogConfig: Setting CVar [[r.TranslucencyLightingVolumeDim:24]]
[2019.05.22-20.26.45:021][157]LogConfig: Setting CVar [[r.RefractionQuality:0]]
[2019.05.22-20.26.45:021][157]LogConfig: Setting CVar [[r.SSR.Quality:0]]
[2019.05.22-20.26.45:021][157]LogConfig: Setting CVar [[r.SceneColorFormat:3]]
[2019.05.22-20.26.45:021][157]LogConfig: Setting CVar [[r.DetailMode:0]]
[2019.05.22-20.26.45:021][157]LogConfig: Setting CVar [[r.TranslucencyVolumeBlur:0]]
[2019.05.22-20.26.45:021][157]LogConfig: Setting CVar [[r.MaterialQualityLevel:0 ; Low quality]]
[2019.05.22-20.26.45:021][157]LogConfig: Setting CVar [[r.SSS.Scale:0]]
[2019.05.22-20.26.45:021][157]LogConfig: Setting CVar [[r.SSS.SampleSet:0]]
[2019.05.22-20.26.45:021][157]LogConfig: Setting CVar [[r.SSS.Quality:0]]
[2019.05.22-20.26.45:021][157]LogConfig: Setting CVar [[r.SSS.HalfRes:1]]
[2019.05.22-20.26.45:021][157]LogConfig: Setting CVar [[r.EmitterSpawnRateScale:0.125]]
[2019.05.22-20.26.45:022][157]LogConfig: Setting CVar [[r.ParticleLightQuality:0]]
[2019.05.22-20.26.45:022][157]LogConfig: Applying CVar settings from Section [FoliageQuality@0] File [C:/Users/Samuel/Documents/GitHub/CFE_RV/CFE_LeapMotion2/Saved/Config/Windows/Scalability.ini]
[2019.05.22-20.26.45:022][157]LogConfig: Setting CVar [[foliage.DensityScale:0]]
[2019.05.22-20.26.45:022][157]LogConfig: Setting CVar [[grass.DensityScale:0]]
[2019.05.22-20.26.45:028][157]LogConfig: Applying CVar settings from Section [ViewDistanceQuality@0] File [C:/Users/Samuel/Documents/GitHub/CFE_RV/CFE_LeapMotion2/Saved/Config/Windows/Scalability.ini]
[2019.05.22-20.26.45:028][157]LogConfig: Setting CVar [[r.SkeletalMeshLODBias:2]]
[2019.05.22-20.26.45:028][157]LogConfig: Setting CVar [[r.ViewDistanceScale:0.4]]
[2019.05.22-20.26.45:028][157]LogConfig: Applying CVar settings from Section [AntiAliasingQuality@0] File [C:/Users/Samuel/Documents/GitHub/CFE_RV/CFE_LeapMotion2/Saved/Config/Windows/Scalability.ini]
[2019.05.22-20.26.45:028][157]LogConfig: Setting CVar [[r.PostProcessAAQuality:0]]
[2019.05.22-20.26.45:028][157]LogConfig: Applying CVar settings from Section [ShadowQuality@0] File [C:/Users/Samuel/Documents/GitHub/CFE_RV/CFE_LeapMotion2/Saved/Config/Windows/Scalability.ini]
[2019.05.22-20.26.45:028][157]LogConfig: Setting CVar [[r.LightFunctionQuality:0]]
[2019.05.22-20.26.45:028][157]LogConfig: Setting CVar [[r.ShadowQuality:0]]
[2019.05.22-20.26.45:028][157]LogConfig: Setting CVar [[r.Shadow.CSM.MaxCascades:1]]
[2019.05.22-20.26.45:028][157]LogConfig: Setting CVar [[r.Shadow.MaxResolution:512]]
[2019.05.22-20.26.45:028][157]LogConfig: Setting CVar [[r.Shadow.MaxCSMResolution:512]]
[2019.05.22-20.26.45:029][157]LogConfig: Setting CVar [[r.Shadow.RadiusThreshold:0.06]]
[2019.05.22-20.26.45:029][157]LogConfig: Setting CVar [[r.Shadow.DistanceScale:0.6]]
[2019.05.22-20.26.45:029][157]LogConfig: Setting CVar [[r.Shadow.CSM.TransitionScale:0]]
[2019.05.22-20.26.45:029][157]LogConfig: Setting CVar [[r.Shadow.PreShadowResolutionFactor:0.5]]
[2019.05.22-20.26.45:029][157]LogConfig: Setting CVar [[r.DistanceFieldShadowing:0]]
[2019.05.22-20.26.45:029][157]LogConfig: Setting CVar [[r.DistanceFieldAO:0]]
[2019.05.22-20.26.45:029][157]LogConfig: Setting CVar [[r.VolumetricFog:0]]
[2019.05.22-20.26.45:029][157]LogConfig: Setting CVar [[r.LightMaxDrawDistanceScale:0]]
[2019.05.22-20.26.45:029][157]LogConfig: Setting CVar [[r.CapsuleShadows:0]]
[2019.05.22-20.26.45:029][157]LogConfig: Applying CVar settings from Section [PostProcessQuality@0] File [C:/Users/Samuel/Documents/GitHub/CFE_RV/CFE_LeapMotion2/Saved/Config/Windows/Scalability.ini]
[2019.05.22-20.26.45:030][157]LogConfig: Setting CVar [[r.MotionBlurQuality:0]]
[2019.05.22-20.26.45:030][157]LogConfig: Setting CVar [[r.AmbientOcclusionMipLevelFactor:1.0]]
[2019.05.22-20.26.45:030][157]LogConfig: Setting CVar [[r.AmbientOcclusionMaxQuality:0]]
[2019.05.22-20.26.45:030][157]LogConfig: Setting CVar [[r.AmbientOcclusionLevels:0]]
[2019.05.22-20.26.45:031][157]LogConfig: Setting CVar [[r.AmbientOcclusionRadiusScale:1.2]]
[2019.05.22-20.26.45:031][157]LogConfig: Setting CVar [[r.DepthOfFieldQuality:0]]
[2019.05.22-20.26.45:031][157]LogConfig: Setting CVar [[r.RenderTargetPoolMin:300]]
[2019.05.22-20.26.45:031][157]LogConfig: Setting CVar [[r.LensFlareQuality:0]]
[2019.05.22-20.26.45:032][157]LogConfig: Setting CVar [[r.SceneColorFringeQuality:0]]
[2019.05.22-20.26.45:032][157]LogConfig: Setting CVar [[r.EyeAdaptationQuality:0]]
[2019.05.22-20.26.45:032][157]LogConfig: Setting CVar [[r.BloomQuality:4]]
[2019.05.22-20.26.45:032][157]LogConfig: Setting CVar [[r.FastBlurThreshold:0]]
[2019.05.22-20.26.45:032][157]LogConfig: Setting CVar [[r.Upscale.Quality:1]]
[2019.05.22-20.26.45:032][157]LogConfig: Setting CVar [[r.Tonemapper.GrainQuantization:0]]
[2019.05.22-20.26.45:032][157]LogConfig: Setting CVar [[r.LightShaftQuality:0]]
[2019.05.22-20.26.45:032][157]LogConfig: Setting CVar [[r.Filter.SizeScale:0.6]]
[2019.05.22-20.26.45:032][157]LogConfig: Setting CVar [[r.Tonemapper.Quality:0]]
[2019.05.22-20.26.45:032][157]LogConfig: Applying CVar settings from Section [TextureQuality@0] File [C:/Users/Samuel/Documents/GitHub/CFE_RV/CFE_LeapMotion2/Saved/Config/Windows/Scalability.ini]
[2019.05.22-20.26.45:032][157]LogConfig: Setting CVar [[r.Streaming.MipBias:16]]
[2019.05.22-20.26.45:032][157]LogConfig: Setting CVar [[r.Streaming.AmortizeCPUToGPUCopy:1]]
[2019.05.22-20.26.45:032][157]LogConfig: Setting CVar [[r.Streaming.MaxNumTexturesToStreamPerFrame:1]]
[2019.05.22-20.26.45:032][157]LogConfig: Setting CVar [[r.Streaming.Boost:0.3]]
[2019.05.22-20.26.45:032][157]LogConfig: Setting CVar [[r.MaxAnisotropy:0]]
[2019.05.22-20.26.45:033][157]LogConfig: Setting CVar [[r.Streaming.LimitPoolSizeToVRAM:1]]
[2019.05.22-20.26.45:033][157]LogConfig: Setting CVar [[r.Streaming.PoolSize:400]]
[2019.05.22-20.26.45:033][157]LogConfig: Setting CVar [[r.Streaming.MaxEffectiveScreenSize:0]]
[2019.05.22-20.26.45:033][157]LogConfig: Applying CVar settings from Section [EffectsQuality@0] File [C:/Users/Samuel/Documents/GitHub/CFE_RV/CFE_LeapMotion2/Saved/Config/Windows/Scalability.ini]
[2019.05.22-20.26.45:033][157]LogConfig: Setting CVar [[r.TranslucencyLightingVolumeDim:24]]
[2019.05.22-20.26.45:033][157]LogConfig: Setting CVar [[r.RefractionQuality:0]]
[2019.05.22-20.26.45:033][157]LogConfig: Setting CVar [[r.SSR.Quality:0]]
[2019.05.22-20.26.45:033][157]LogConfig: Setting CVar [[r.SceneColorFormat:3]]
[2019.05.22-20.26.45:033][157]LogConfig: Setting CVar [[r.DetailMode:0]]
[2019.05.22-20.26.45:033][157]LogConfig: Setting CVar [[r.TranslucencyVolumeBlur:0]]
[2019.05.22-20.26.45:033][157]LogConfig: Setting CVar [[r.MaterialQualityLevel:0 ; Low quality]]
[2019.05.22-20.26.45:033][157]LogConfig: Setting CVar [[r.SSS.Scale:0]]
[2019.05.22-20.26.45:033][157]LogConfig: Setting CVar [[r.SSS.SampleSet:0]]
[2019.05.22-20.26.45:033][157]LogConfig: Setting CVar [[r.SSS.Quality:0]]
[2019.05.22-20.26.45:033][157]LogConfig: Setting CVar [[r.SSS.HalfRes:1]]
[2019.05.22-20.26.45:033][157]LogConfig: Setting CVar [[r.EmitterSpawnRateScale:0.125]]
[2019.05.22-20.26.45:033][157]LogConfig: Setting CVar [[r.ParticleLightQuality:0]]
[2019.05.22-20.26.45:033][157]LogConfig: Applying CVar settings from Section [FoliageQuality@0] File [C:/Users/Samuel/Documents/GitHub/CFE_RV/CFE_LeapMotion2/Saved/Config/Windows/Scalability.ini]
[2019.05.22-20.26.45:033][157]LogConfig: Setting CVar [[foliage.DensityScale:0]]
[2019.05.22-20.26.45:034][157]LogConfig: Setting CVar [[grass.DensityScale:0]]
[2019.05.22-20.26.48:630][157]LogMaterial: Display: Missing cached shader map for material Cross_Mat, compiling. 
[2019.05.22-20.26.48:780][157]LogMaterial: Display: Missing cached shader map for material PhAT_BoneSelectedMaterial, compiling. 
[2019.05.22-20.26.48:843][157]LogShaderCompilers: Display: Shaders left to compile 16
[2019.05.22-20.26.48:843][157]LogShaderCompilers: Display: Shaders left to compile 6
[2019.05.22-20.26.48:843][157]LogMaterial: Display: Missing cached shader map for material PhAT_ElemSelectedMaterial, compiling. 
[2019.05.22-20.26.48:865][157]LogMaterial: Display: Missing cached shader map for material PhAT_NoCollisionMaterial, compiling. 
[2019.05.22-20.26.48:889][157]LogMaterial: Display: Missing cached shader map for material PhAT_UnselectedMaterial, compiling. 
[2019.05.22-20.26.48:912][157]LogMaterial: Display: Missing cached shader map for material Tick_Mat, compiling. 
[2019.05.22-20.26.48:939][157]LogMaterial: Display: Missing cached shader map for material WidgetGridVertexColorMaterial_Ma, compiling. 
[2019.05.22-20.26.48:969][157]LogMaterial: Display: Missing cached shader map for material WidgetMaterial, compiling. 
[2019.05.22-20.26.48:992][157]LogMaterial: Display: Missing cached shader map for material WidgetMaterial_Current, compiling. 
[2019.05.22-20.26.49:010][157]LogMaterial: Display: Missing cached shader map for material WidgetMaterial_X, compiling. 
[2019.05.22-20.26.49:027][157]LogMaterial: Display: Missing cached shader map for material WidgetMaterial_Y, compiling. 
[2019.05.22-20.26.49:043][157]LogMaterial: Display: Missing cached shader map for material WidgetMaterial_Z, compiling. 
[2019.05.22-20.26.49:060][157]LogMaterial: Display: Missing cached shader map for material WidgetVertexColorMaterial, compiling. 
[2019.05.22-20.26.49:079][157]LogMaterial: Display: Missing cached shader map for material LevelGridMaterial, compiling. 
[2019.05.22-20.26.49:176][157]LogMaterial: Display: Missing cached shader map for material BlinkingCaret, compiling. 
[2019.05.22-20.26.49:196][157]LogMaterial: Display: Missing cached shader map for material M_StreamingPause, compiling. 
[2019.05.22-20.26.49:215][157]LogMaterial: Display: Missing cached shader map for material M_Sky_Panning_Clouds2, compiling. 
[2019.05.22-20.26.49:238][157]LogShaderCompilers: Display: Shaders left to compile 174
[2019.05.22-20.26.49:238][157]LogMaterial: Display: Missing cached shader map for material TwoToneHandMaterial, compiling. 
[2019.05.22-20.26.49:572][157]LogMaterial: Display: Missing cached shader map for material M_Aislador, compiling. 
[2019.05.22-20.26.49:611][157]LogMaterial: Display: Missing cached shader map for material lambert2, compiling. 
[2019.05.22-20.26.49:632][157]LogMaterial: Display: Missing cached shader map for material lambert1, compiling. 
[2019.05.22-20.26.49:676][157]LogMaterial: Display: Missing cached shader map for material lambert1, compiling. 
[2019.05.22-20.26.49:727][157]LogMaterial: Display: Missing cached shader map for material M_Metal_Brushed_Nickel, compiling. 
[2019.05.22-20.26.49:822][157]LogMaterial: Display: Missing cached shader map for material CIMENTO, compiling. 
[2019.05.22-20.26.49:869][157]LogMaterial: Display: Missing cached shader map for material FIO, compiling. 
[2019.05.22-20.26.49:923][157]LogMaterial: Display: Missing cached shader map for material MADEIRA, compiling. 
[2019.05.22-20.26.49:976][157]LogMaterial: Display: Missing cached shader map for material METAL, compiling. 
[2019.05.22-20.26.50:030][157]LogMaterial: Display: Missing cached shader map for material M_Basic_Floor, compiling. 
[2019.05.22-20.26.50:084][157]LogMaterial: Display: Missing cached shader map for material LevelGridMaterial2, compiling. 
[2019.05.22-20.26.50:495][158]LogRenderer: Reallocating scene render targets to support 856x372 Format 9 NumSamples 1 (Frame:12070).
[2019.05.22-20.26.50:747][160]LogContentStreaming: Texture pool size now 400 MB
[2019.05.22-20.27.11:262][ 63]LogShaderCompilers: Display: Shaders left to compile 513
[2019.05.22-20.27.11:622][ 73]LogEditorViewport: Clicking on Actor (LMB): StaticMeshActor (Floor)
[2019.05.22-20.27.12:184][ 91]LogEditorViewport: Clicking on Actor (LMB): SkeletalMeshActor (LowPoly_Rigged_Hand_Left)
[2019.05.22-20.27.12:519][ 91]LogShaderCompilers: Display: Shaders left to compile 503
[2019.05.22-20.27.15:794][248]LogSlate: FSceneViewport::OnFocusLost() reason 0
[2019.05.22-20.27.16:511][280]LogShaderCompilers: Display: Shaders left to compile 493
[2019.05.22-20.27.18:555][371]LogEditorActor: Deleted Actor: SkeletalMeshActor
[2019.05.22-20.27.18:558][371]LogEditorActor: Deleted Actor: SkeletalMeshActor
[2019.05.22-20.27.18:650][371]LogEditorActor: Deleted 2 Actors (0.160 secs)
[2019.05.22-20.27.23:419][598]LogShaderCompilers: Display: Shaders left to compile 483
[2019.05.22-20.27.24:636][659]LogSlate: FSceneViewport::OnFocusLost() reason 0
[2019.05.22-20.27.25:066][676]LogShaderCompilers: Display: Shaders left to compile 473
[2019.05.22-20.27.25:246][684]Cmd: CAMERA ALIGN ACTIVEVIEWPORTONLY
[2019.05.22-20.27.30:273][893]LogShaderCompilers: Display: Shaders left to compile 463
[2019.05.22-20.27.31:002][931]Cmd: DELETE
[2019.05.22-20.27.31:002][931]Cmd: ACTOR DELETE
[2019.05.22-20.27.31:270][931]LogEditorActor: Deleted Actor: StaticMeshActor
[2019.05.22-20.27.31:353][931]LogEditorActor: Deleted 1 Actors (0.093 secs)
[2019.05.22-20.27.32:721][  5]LogSlate: FSceneViewport::OnFocusLost() reason 0
[2019.05.22-20.27.34:331][ 87]LogEditorActor: Deleted Actor: StaticMeshActor
[2019.05.22-20.27.34:425][ 87]LogEditorActor: Deleted 1 Actors (0.104 secs)
[2019.05.22-20.27.36:961][192]LogShaderCompilers: Display: Shaders left to compile 453
[2019.05.22-20.27.37:559][212]LogShaderCompilers: Display: Shaders left to compile 443
[2019.05.22-20.27.41:153][395]LogShaderCompilers: Display: Shaders left to compile 433
[2019.05.22-20.27.51:594][836]LogSlate: FSceneViewport::OnFocusLost() reason 0
[2019.05.22-20.27.53:148][900]LogAssetEditorManager: Opening Asset editor for Blueprint /Game/BP_Items/BP_Cono_B.BP_Cono_B
[2019.05.22-20.27.53:664][900]LogShaderCompilers: Display: Shaders left to compile 423
[2019.05.22-20.27.54:657][900]LogShaderCompilers: Display: Shaders left to compile 413
[2019.05.22-20.27.54:976][900]LogShaderCompilers: Display: Shaders left to compile 403
[2019.05.22-20.27.55:100][900]LogContentBrowser: Native class hierarchy updated for 'BlueprintGraph' in 0.0026 seconds. Added 117 classes and 0 folders.
[2019.05.22-20.27.57:605][900]LogMaterial: Display: Missing cached shader map for material GridMaterial, compiling. 
[2019.05.22-20.27.57:727][900]LogMaterial: Display: Missing cached shader map for material PersonaFloorMat, compiling. 
[2019.05.22-20.28.00:153][ 31]LogAssetEditorManager: Opening Asset editor for Blueprint /Game/BP_Items/BP_Cono_B.BP_Cono_B
[2019.05.22-20.28.01:497][ 31]LogShaderCompilers: Display: Shaders left to compile 446
[2019.05.22-20.28.01:497][ 31]LogSlate: Took 0.020659 seconds to synchronously load lazily loaded font '../../../Engine/Content/Slate/Fonts/Roboto-BoldCondensed.ttf' (158K)
[2019.05.22-20.28.02:248][ 47]LogShaderCompilers: Display: Shaders left to compile 436
[2019.05.22-20.28.02:559][ 71]LogShaderCompilers: Display: Shaders left to compile 426
[2019.05.22-20.28.13:998][533]LogShaderCompilers: Display: Shaders left to compile 416
[2019.05.22-20.28.13:998][533]LogShaderCompilers: Display: Shaders left to compile 406
[2019.05.22-20.28.13:998][533]LogShaderCompilers: Display: Shaders left to compile 396
[2019.05.22-20.28.18:125][720]LogAssetEditorManager: Opening Asset editor for Blueprint /Game/BP_Items/BP_Item_Attach.BP_Item_Attach
[2019.05.22-20.28.21:457][822]LogShaderCompilers: Display: Shaders left to compile 386
[2019.05.22-20.28.22:639][887]LogSlate: Took 0.000822 seconds to synchronously load lazily loaded font '../../../Engine/Content/Slate/Fonts/Roboto-Italic.ttf' (157K)
[2019.05.22-20.28.27:027][117]LogShaderCompilers: Display: Shaders left to compile 376
[2019.05.22-20.28.27:278][129]LogShaderCompilers: Display: Shaders left to compile 366
[2019.05.22-20.28.36:632][552]LogAssetEditorManager: Opening Asset editor for Blueprint /Game/BP_Character/BP_Pawn.BP_Pawn
[2019.05.22-20.28.40:023][552]LogShaderCompilers: Display: Shaders left to compile 356
[2019.05.22-20.28.40:023][552]LogShaderCompilers: Display: Shaders left to compile 346
[2019.05.22-20.28.41:028][552]LogTemp: Bone cache synced: 20
[2019.05.22-20.28.41:032][552]LogTemp: Bone cache synced: 0
[2019.05.22-20.28.41:032][552]LogTemp: Bone cache synced: 20
[2019.05.22-20.28.44:496][661]LogShaderCompilers: Display: Shaders left to compile 336
[2019.05.22-20.28.49:398][856]LogTemp: Bone cache synced: 20
[2019.05.22-20.28.49:400][856]LogTemp: Bone cache synced: 0
[2019.05.22-20.28.49:400][856]LogTemp: Bone cache synced: 20
[2019.05.22-20.28.49:442][856]LogD3D11RHI: Error: Direct3DDevice->CreateBuffer(&Desc, NULL, UniformBufferResource.GetInitReference()) failed 
 at D:\Build\++UE4\Sync\Engine\Source\Runtime\Windows\D3D11RHI\Private\D3D11UniformBuffer.cpp:159 
 with error DXGI_ERROR_DEVICE_REMOVED DXGI_ERROR_DRIVER_INTERNAL_ERROR
[2019.05.22-20.28.49:443][856]LogD3D11RHI: [Aftermath] GDynamicRHI=000002B93C9C0080, GDX11NVAfterMathEnabled=0, Result=0xFFFFFFFF, bDeviceActive=0
[2019.05.22-20.28.49:443][856]LogWindows: Windows GetLastError: La operación se completó correctamente. (0)
[2019.05.22-20.28.53:794][858]LogShaderCompilers: Display: Shaders left to compile 326
[2019.05.22-20.28.53:794][858]LogShaderCompilers: Display: Shaders left to compile 316
[2019.05.22-20.28.53:794][858]LogShaderCompilers: Display: Shaders left to compile 306
[2019.05.22-20.28.53:794][858]LogOutputDevice: Warning: 

Script Stack (0 frames):

[2019.05.22-20.28.53:794][858]LogWindows: Windows GetLastError: La operación se completó correctamente. (0)
[2019.05.22-20.28.53:795][858]LogWindows: Error: === Critical error: ===
[2019.05.22-20.28.53:795][858]LogWindows: Error: 
[2019.05.22-20.28.53:795][858]LogWindows: Error: Fatal error: [File:D:\Build\++UE4\Sync\Engine\Source\Runtime\RenderCore\Private\RenderingThread.cpp] [Line: 826] 
[2019.05.22-20.28.53:795][858]LogWindows: Error: Rendering thread exception:
[2019.05.22-20.28.53:795][858]LogWindows: Error: Fatal error: [File:D:\Build\++UE4\Sync\Engine\Source\Runtime\Windows\D3D11RHI\Private\D3D11Util.cpp] [Line: 200] 
[2019.05.22-20.28.53:795][858]LogWindows: Error: Unreal Engine is exiting due to D3D device being lost. (Error: 0x887A0020 - 'INTERNAL_ERROR')
[2019.05.22-20.28.53:795][858]LogWindows: Error: 
[2019.05.22-20.28.53:795][858]LogWindows: Error: 
[2019.05.22-20.28.53:795][858]LogWindows: Error: [Callstack] 0x00007ff8a31f9129 KERNELBASE.dll!UnknownFunction []
[2019.05.22-20.28.53:795][858]LogWindows: Error: [Callstack] 0x00007ff86d4fcd1a UE4Editor-Core.dll!UnknownFunction []
[2019.05.22-20.28.53:795][858]LogWindows: Error: [Callstack] 0x00007ff86d2da967 UE4Editor-Core.dll!UnknownFunction []
[2019.05.22-20.28.53:795][858]LogWindows: Error: [Callstack] 0x00007ff86d210df7 UE4Editor-Core.dll!UnknownFunction []
[2019.05.22-20.28.53:795][858]LogWindows: Error: [Callstack] 0x00007ff85466d32a UE4Editor-D3D11RHI.dll!UnknownFunction []
[2019.05.22-20.28.53:795][858]LogWindows: Error: [Callstack] 0x00007ff854670d64 UE4Editor-D3D11RHI.dll!UnknownFunction []
[2019.05.22-20.28.53:795][858]LogWindows: Error: [Callstack] 0x00007ff854657bf5 UE4Editor-D3D11RHI.dll!UnknownFunction []
[2019.05.22-20.28.53:795][858]LogWindows: Error: [Callstack] 0x00007ff84cc362cb UE4Editor-Engine.dll!UnknownFunction []
[2019.05.22-20.28.53:795][858]LogWindows: Error: [Callstack] 0x00007ff84cc5347d UE4Editor-Engine.dll!UnknownFunction []
[2019.05.22-20.28.53:795][858]LogWindows: Error: [Callstack] 0x00007ff88227599d UE4Editor-RenderCore.dll!UnknownFunction []
[2019.05.22-20.28.53:795][858]LogWindows: Error: [Callstack] 0x00007ff8822888b1 UE4Editor-RenderCore.dll!UnknownFunction []
[2019.05.22-20.28.53:795][858]LogWindows: Error: [Callstack] 0x00007ff86d0a1798 UE4Editor-Core.dll!UnknownFunction []
[2019.05.22-20.28.53:795][858]LogWindows: Error: [Callstack] 0x00007ff86d0a1c56 UE4Editor-Core.dll!UnknownFunction []
[2019.05.22-20.28.53:795][858]LogWindows: Error: [Callstack] 0x00007ff882299af9 UE4Editor-RenderCore.dll!UnknownFunction []
[2019.05.22-20.28.53:796][858]LogWindows: Error: [Callstack] 0x00007ff88229aa74 UE4Editor-RenderCore.dll!UnknownFunction []
[2019.05.22-20.28.53:796][858]LogWindows: Error: [Callstack] 0x00007ff86d4fc500 UE4Editor-Core.dll!UnknownFunction []
[2019.05.22-20.28.53:796][858]LogWindows: Error: [Callstack] 0x00007ff86d4ecac1 UE4Editor-Core.dll!UnknownFunction []
[2019.05.22-20.28.53:796][858]LogWindows: Error: [Callstack] 0x00007ff8a4697974 KERNEL32.DLL!UnknownFunction []
[2019.05.22-20.28.53:796][858]LogWindows: Error: [Callstack] 0x00007ff8a6dea271 ntdll.dll!UnknownFunction []
[2019.05.22-20.28.53:796][858]LogWindows: Error: 
[2019.05.22-20.28.53:796][858]LogWindows: Error: 
[2019.05.22-20.28.53:796][858]LogWindows: Error: 
[2019.05.22-20.28.53:796][858]LogWindows: Error: 
[2019.05.22-20.28.53:823][858]LogExit: Executing StaticShutdownAfterError
[2019.05.22-20.28.53:833][858]LogWindows: FPlatformMisc::RequestExit(1)
[2019.05.22-20.28.53:842][858]Log file closed, 05/22/19 15:28:53
