Log file open, 05/15/19 14:39:30
LogWindows: Failed to load 'aqProf.dll' (GetLastError=126)
LogWindows: File 'aqProf.dll' does not exist
LogWindows: Failed to load 'VtuneApi.dll' (GetLastError=126)
LogWindows: File 'VtuneApi.dll' does not exist
LogWindows: Failed to load 'VtuneApi32e.dll' (GetLastError=126)
LogWindows: File 'VtuneApi32e.dll' does not exist
LogConsoleResponse: Display: Failed to find resolution value strings in scalability ini. Falling back to default.
LogInit: Display: Running engine for game: CFE_LeapMotion
LogPakFile: Registered encryption key '00000000000000000000000000000000': 0 pak files mounted, 0 remain pending
LogPlatformFile: Not using cached read wrapper
LogTaskGraph: Started task graph with 5 named threads and 23 total threads with 3 sets of task threads.
LogStats: Stats thread started at 0.278772
LogD3D11RHI: Loaded GFSDK_Aftermath_Lib.x64.dll
LogICUInternationalization: ICU TimeZone Detection - Raw Offset: -6:00, Platform Override: ''
LogPluginManager: Mounting plugin Paper2D
LogPluginManager: Mounting plugin AISupport
LogPluginManager: Mounting plugin LightPropagationVolume
LogPluginManager: Mounting plugin ActorLayerUtilities
LogPluginManager: Mounting plugin CLionSourceCodeAccess
LogPluginManager: Mounting plugin CodeLiteSourceCodeAccess
LogPluginManager: Mounting plugin GitSourceControl
LogPluginManager: Mounting plugin KDevelopSourceCodeAccess
LogPluginManager: Mounting plugin NullSourceCodeAccess
LogPluginManager: Mounting plugin PerforceSourceControl
LogPluginManager: Mounting plugin SubversionSourceControl
LogPluginManager: Mounting plugin UObjectPlugin
LogPluginManager: Mounting plugin VisualStudioCodeSourceCodeAccess
LogPluginManager: Mounting plugin VisualStudioSourceCodeAccess
LogPluginManager: Mounting plugin XCodeSourceCodeAccess
LogPluginManager: Mounting plugin AssetManagerEditor
LogPluginManager: Mounting plugin CryptoKeys
LogPluginManager: Mounting plugin DataValidation
LogPluginManager: Mounting plugin FacialAnimation
LogPluginManager: Mounting plugin GameplayTagsEditor
LogPluginManager: Mounting plugin MacGraphicsSwitching
LogPluginManager: Mounting plugin MeshEditor
LogPluginManager: Mounting plugin MobileLauncherProfileWizard
LogPluginManager: Mounting plugin PluginBrowser
LogPluginManager: Mounting plugin SpeedTreeImporter
LogPluginManager: Mounting plugin DatasmithContent
LogPluginManager: Mounting plugin VariantManagerContent
LogPluginManager: Mounting plugin AlembicImporter
LogPluginManager: Mounting plugin AppleImageUtils
LogPluginManager: Mounting plugin AppleVision
LogPluginManager: Mounting plugin BackChannel
LogPluginManager: Mounting plugin CharacterAI
LogPluginManager: Mounting plugin GeometryCache
LogPluginManager: Mounting plugin HTML5Networking
LogPluginManager: Mounting plugin ProxyLODPlugin
LogPluginManager: Mounting plugin MagicLeap
LogPluginManager: Mounting plugin MagicLeapMedia
LogPluginManager: Mounting plugin AndroidMedia
LogPluginManager: Mounting plugin AvfMedia
LogPluginManager: Mounting plugin ImgMedia
LogPluginManager: Mounting plugin LinearTimecode
LogPluginManager: Mounting plugin MediaCompositing
LogPluginManager: Mounting plugin MediaPlayerEditor
LogPluginManager: Mounting plugin WebMMedia
LogPluginManager: Mounting plugin WmfMedia
LogPluginManager: Mounting plugin TcpMessaging
LogPluginManager: Mounting plugin UdpMessaging
LogPluginManager: Mounting plugin ActorSequence
LogPluginManager: Mounting plugin LevelSequenceEditor
LogPluginManager: Mounting plugin MatineeToLevelSequence
LogPluginManager: Mounting plugin NetcodeUnitTest
LogPluginManager: Mounting plugin NUTUnrealEngine4
LogPluginManager: Mounting plugin OnlineSubsystemGooglePlay
LogPluginManager: Mounting plugin OnlineSubsystemIOS
LogPluginManager: Mounting plugin OnlineSubsystem
LogPluginManager: Mounting plugin OnlineSubsystemNull
LogPluginManager: Mounting plugin OnlineSubsystemUtils
LogPluginManager: Mounting plugin LauncherChunkInstaller
LogPluginManager: Mounting plugin AndroidDeviceProfileSelector
LogPluginManager: Mounting plugin AndroidMoviePlayer
LogPluginManager: Mounting plugin AndroidPermission
LogPluginManager: Mounting plugin AppleMoviePlayer
LogPluginManager: Mounting plugin ArchVisCharacter
LogPluginManager: Mounting plugin AudioCapture
LogPluginManager: Mounting plugin CableComponent
LogPluginManager: Mounting plugin CustomMeshComponent
LogPluginManager: Mounting plugin EditableMesh
LogPluginManager: Mounting plugin ExampleDeviceProfileSelector
LogPluginManager: Mounting plugin Firebase
LogPluginManager: Mounting plugin GoogleCloudMessaging
LogPluginManager: Mounting plugin IOSDeviceProfileSelector
LogPluginManager: Mounting plugin LeapMotion
LogPluginManager: Mounting plugin LinuxDeviceProfileSelector
LogPluginManager: Mounting plugin LocationServicesBPLibrary
LogPluginManager: Mounting plugin MobilePatchingUtils
LogPluginManager: Mounting plugin OculusVR
LogPluginManager: Mounting plugin PhysXVehicles
LogPluginManager: Mounting plugin ProceduralMeshComponent
LogPluginManager: Mounting plugin RuntimePhysXCooking
LogPluginManager: Mounting plugin SteamVR
LogPluginManager: Mounting plugin WebMMoviePlayer
LogPluginManager: Mounting plugin WindowsMoviePlayer
LogStreaming: Display: Took  0.166s to configure plugins.
LogInit: Using libcurl 7.55.1-DEV
LogInit:  - built for x86_64-pc-win32
LogInit:  - supports SSL with OpenSSL/1.0.2h
LogInit:  - supports HTTP deflate (compression) using libz 1.2.8
LogInit:  - other features:
LogInit:      CURL_VERSION_SSL
LogInit:      CURL_VERSION_LIBZ
LogInit:      CURL_VERSION_IPV6
LogInit:      CURL_VERSION_ASYNCHDNS
LogInit:      CURL_VERSION_LARGEFILE
LogInit:      CURL_VERSION_IDN
LogInit:  CurlRequestOptions (configurable via config and command line):
LogInit:  - bVerifyPeer = true  - Libcurl will verify peer certificate
LogInit:  - bUseHttpProxy = false  - Libcurl will NOT use HTTP proxy
LogInit:  - bDontReuseConnections = false  - Libcurl will reuse connections
LogInit:  - MaxHostConnections = 16  - Libcurl will limit the number of connections to a host
LogInit:  - LocalHostAddr = Default
LogInit:  - BufferSize = 65536
LogInit: WinSock: version 1.1 (2.2), MaxSocks=32767, MaxUdp=65467
LogHMD: Failed initializing OVRPlugin 1.28.0
LogInit: Build: ++UE4+Release-4.21-CL-4753647
LogInit: Engine Version: 4.21.2-4753647+++UE4+Release-4.21
LogInit: Compatible Engine Version: 4.21.0-4541578+++UE4+Release-4.21
LogInit: Net CL: 4541578
LogInit: OS: Windows 10 (), CPU: Intel(R) Core(TM) i7-7700HQ CPU @ 2.80GHz, GPU: Intel(R) HD Graphics 630
LogInit: Compiled (64-bit): Jan 19 2019 02:07:31
LogInit: Compiled with Visual C++: 19.13.26129.00
LogInit: Build Configuration: Development
LogInit: Branch Name: ++UE4+Release-4.21
LogInit: Command Line: 
LogInit: Base Directory: D:/UE_4.21/Engine/Binaries/Win64/
LogInit: Installed Engine Build: 1
LogDevObjectVersion: Number of dev versions registered: 22
LogDevObjectVersion:   Dev-Blueprints (B0D832E4-1F89-4F0D-ACCF-7EB736FD4AA2): 10
LogDevObjectVersion:   Dev-Build (E1C64328-A22C-4D53-A36C-8E866417BD8C): 0
LogDevObjectVersion:   Dev-Core (375EC13C-06E4-48FB-B500-84F0262A717E): 2
LogDevObjectVersion:   Dev-Editor (E4B068ED-F494-42E9-A231-DA0B2E46BB41): 26
LogDevObjectVersion:   Dev-Framework (CFFC743F-43B0-4480-9391-14DF171D2073): 34
LogDevObjectVersion:   Dev-Mobile (B02B49B5-BB20-44E9-A304-32B752E40360): 2
LogDevObjectVersion:   Dev-Networking (A4E4105C-59A1-49B5-A7C5-40C4547EDFEE): 0
LogDevObjectVersion:   Dev-Online (39C831C9-5AE6-47DC-9A44-9C173E1C8E7C): 0
LogDevObjectVersion:   Dev-Physics (78F01B33-EBEA-4F98-B9B4-84EACCB95AA2): 0
LogDevObjectVersion:   Dev-Platform (6631380F-2D4D-43E0-8009-CF276956A95A): 0
LogDevObjectVersion:   Dev-Rendering (12F88B9F-8875-4AFC-A67C-D90C383ABD29): 27
LogDevObjectVersion:   Dev-Sequencer (7B5AE74C-D270-4C10-A958-57980B212A5A): 9
LogDevObjectVersion:   Dev-VR (D7296918-1DD6-4BDD-9DE2-64A83CC13884): 2
LogDevObjectVersion:   Dev-LoadTimes (C2A15278-BFE7-4AFE-6C17-90FF531DF755): 1
LogDevObjectVersion:   Private-Geometry (6EACA3D4-40EC-4CC1-B786-8BED09428FC5): 3
LogDevObjectVersion:   Dev-AnimPhys (29E575DD-E0A3-4627-9D10-D276232CDCEA): 17
LogDevObjectVersion:   Dev-Anim (AF43A65D-7FD3-4947-9873-3E8ED9C1BB05): 2
LogDevObjectVersion:   Dev-ReflectionCapture (6B266CEC-1EC7-4B8F-A30B-E4D90942FC07): 1
LogDevObjectVersion:   Dev-Automation (0DF73D61-A23F-47EA-B727-89E90C41499A): 1
LogDevObjectVersion:   FortniteMain (601D1886-AC64-4F84-AA16-D3DE0DEAC7D6): 17
LogDevObjectVersion:   Dev-Enterprise (9DFFBCD6-494F-0158-E221-12823C92A888): 4
LogDevObjectVersion:   Dev-Niagara (F2AED0AC-9AFE-416F-8664-AA7FFA26D6FC): 1
LogStreaming: Display: Took  0.001s to delete old logs.
LogInit: Presizing for max 8388607 objects, including 0 objects not considered by GC, pre-allocating 0 bytes for permanent pool.
LogInit: Object subsystem initialized
LogConfig: Setting CVar [[con.DebugEarlyDefault:1]]
LogConfig: Setting CVar [[r.setres:1280x720]]
[2019.05.15-19.39.30:946][  0]LogConfig: Setting CVar [[r.VSync:0]]
[2019.05.15-19.39.30:946][  0]LogConfig: Setting CVar [[r.RHICmdBypass:0]]
[2019.05.15-19.39.30:946][  0]LogConfig: Applying CVar settings from Section [/Script/Engine.RendererSettings] File [D:/VR/CFE_LeapMotion/Saved/Config/Windows/Engine.ini]
[2019.05.15-19.39.30:946][  0]LogConfig: Setting CVar [[r.GPUCrashDebugging:0]]
[2019.05.15-19.39.30:946][  0]LogConfig: Applying CVar settings from Section [/Script/Engine.RendererOverrideSettings] File [D:/VR/CFE_LeapMotion/Saved/Config/Windows/Engine.ini]
[2019.05.15-19.39.30:946][  0]LogConfig: Applying CVar settings from Section [/Script/Engine.StreamingSettings] File [D:/VR/CFE_LeapMotion/Saved/Config/Windows/Engine.ini]
[2019.05.15-19.39.30:946][  0]LogConfig: Setting CVar [[s.MinBulkDataSizeForAsyncLoading:131072]]
[2019.05.15-19.39.30:946][  0]LogConfig: Setting CVar [[s.AsyncLoadingThreadEnabled:0]]
[2019.05.15-19.39.30:946][  0]LogConfig: Setting CVar [[s.EventDrivenLoaderEnabled:1]]
[2019.05.15-19.39.30:946][  0]LogConfig: Setting CVar [[s.WarnIfTimeLimitExceeded:0]]
[2019.05.15-19.39.30:946][  0]LogConfig: Setting CVar [[s.TimeLimitExceededMultiplier:1.5]]
[2019.05.15-19.39.30:946][  0]LogConfig: Setting CVar [[s.TimeLimitExceededMinTime:0.005]]
[2019.05.15-19.39.30:946][  0]LogConfig: Setting CVar [[s.UseBackgroundLevelStreaming:1]]
[2019.05.15-19.39.30:946][  0]LogConfig: Setting CVar [[s.PriorityAsyncLoadingExtraTime:15.0]]
[2019.05.15-19.39.30:946][  0]LogConfig: Setting CVar [[s.LevelStreamingActorsUpdateTimeLimit:5.0]]
[2019.05.15-19.39.30:946][  0]LogConfig: Setting CVar [[s.PriorityLevelStreamingActorsUpdateExtraTime:5.0]]
[2019.05.15-19.39.30:946][  0]LogConfig: Setting CVar [[s.LevelStreamingComponentsRegistrationGranularity:10]]
[2019.05.15-19.39.30:946][  0]LogConfig: Setting CVar [[s.UnregisterComponentsTimeLimit:1.0]]
[2019.05.15-19.39.30:946][  0]LogConfig: Setting CVar [[s.LevelStreamingComponentsUnregistrationGranularity:5]]
[2019.05.15-19.39.30:946][  0]LogConfig: Applying CVar settings from Section [/Script/Engine.GarbageCollectionSettings] File [D:/VR/CFE_LeapMotion/Saved/Config/Windows/Engine.ini]
[2019.05.15-19.39.30:946][  0]LogConfig: Setting CVar [[gc.MaxObjectsNotConsideredByGC:1]]
[2019.05.15-19.39.30:946][  0]LogConfig: Setting CVar [[gc.SizeOfPermanentObjectPool:0]]
[2019.05.15-19.39.30:946][  0]LogConfig: Setting CVar [[gc.FlushStreamingOnGC:0]]
[2019.05.15-19.39.30:947][  0]LogConfig: Setting CVar [[gc.NumRetriesBeforeForcingGC:10]]
[2019.05.15-19.39.30:947][  0]LogConfig: Setting CVar [[gc.AllowParallelGC:1]]
[2019.05.15-19.39.30:947][  0]LogConfig: Setting CVar [[gc.TimeBetweenPurgingPendingKillObjects:61.1]]
[2019.05.15-19.39.30:947][  0]LogConfig: Setting CVar [[gc.MaxObjectsInEditor:8388607]]
[2019.05.15-19.39.30:947][  0]LogConfig: Setting CVar [[gc.IncrementalBeginDestroyEnabled:1]]
[2019.05.15-19.39.30:947][  0]LogConfig: Setting CVar [[gc.CreateGCClusters:1]]
[2019.05.15-19.39.30:947][  0]LogConfig: Setting CVar [[gc.MergeGCClusters:0]]
[2019.05.15-19.39.30:947][  0]LogConfig: Setting CVar [[gc.MinGCClusterSize:5]]
[2019.05.15-19.39.30:947][  0]LogConfig: Setting CVar [[gc.ActorClusteringEnabled:0]]
[2019.05.15-19.39.30:947][  0]LogConfig: Setting CVar [[gc.BlueprintClusteringEnabled:0]]
[2019.05.15-19.39.30:947][  0]LogConfig: Setting CVar [[gc.UseDisregardForGCOnDedicatedServers:0]]
[2019.05.15-19.39.30:947][  0]LogConfig: Applying CVar settings from Section [/Script/Engine.NetworkSettings] File [D:/VR/CFE_LeapMotion/Saved/Config/Windows/Engine.ini]
[2019.05.15-19.39.30:947][  0]LogConfig: Applying CVar settings from Section [/Script/UnrealEd.CookerSettings] File [D:/VR/CFE_LeapMotion/Saved/Config/Windows/Engine.ini]
[2019.05.15-19.39.30:949][  0]LogConfig: Applying CVar settings from Section [ViewDistanceQuality@3] File [D:/VR/CFE_LeapMotion/Saved/Config/Windows/Scalability.ini]
[2019.05.15-19.39.30:949][  0]LogConfig: Setting CVar [[r.SkeletalMeshLODBias:0]]
[2019.05.15-19.39.30:949][  0]LogConfig: Setting CVar [[r.ViewDistanceScale:1.0]]
[2019.05.15-19.39.30:949][  0]LogConfig: Applying CVar settings from Section [AntiAliasingQuality@3] File [D:/VR/CFE_LeapMotion/Saved/Config/Windows/Scalability.ini]
[2019.05.15-19.39.30:949][  0]LogConfig: Setting CVar [[r.PostProcessAAQuality:4]]
[2019.05.15-19.39.30:949][  0]LogConfig: Applying CVar settings from Section [ShadowQuality@3] File [D:/VR/CFE_LeapMotion/Saved/Config/Windows/Scalability.ini]
[2019.05.15-19.39.30:949][  0]LogConfig: Setting CVar [[r.LightFunctionQuality:1]]
[2019.05.15-19.39.30:949][  0]LogConfig: Setting CVar [[r.ShadowQuality:5]]
[2019.05.15-19.39.30:949][  0]LogConfig: Setting CVar [[r.Shadow.CSM.MaxCascades:10]]
[2019.05.15-19.39.30:949][  0]LogConfig: Setting CVar [[r.Shadow.MaxResolution:2048]]
[2019.05.15-19.39.30:949][  0]LogConfig: Setting CVar [[r.Shadow.MaxCSMResolution:2048]]
[2019.05.15-19.39.30:949][  0]LogConfig: Setting CVar [[r.Shadow.RadiusThreshold:0.01]]
[2019.05.15-19.39.30:949][  0]LogConfig: Setting CVar [[r.Shadow.DistanceScale:1.0]]
[2019.05.15-19.39.30:949][  0]LogConfig: Setting CVar [[r.Shadow.CSM.TransitionScale:1.0]]
[2019.05.15-19.39.30:949][  0]LogConfig: Setting CVar [[r.Shadow.PreShadowResolutionFactor:1.0]]
[2019.05.15-19.39.30:949][  0]LogConfig: Setting CVar [[r.DistanceFieldShadowing:1]]
[2019.05.15-19.39.30:949][  0]LogConfig: Setting CVar [[r.DistanceFieldAO:1]]
[2019.05.15-19.39.30:949][  0]LogConfig: Setting CVar [[r.AOQuality:2]]
[2019.05.15-19.39.30:949][  0]LogConfig: Setting CVar [[r.VolumetricFog:1]]
[2019.05.15-19.39.30:949][  0]LogConfig: Setting CVar [[r.VolumetricFog.GridPixelSize:8]]
[2019.05.15-19.39.30:949][  0]LogConfig: Setting CVar [[r.VolumetricFog.GridSizeZ:128]]
[2019.05.15-19.39.30:949][  0]LogConfig: Setting CVar [[r.VolumetricFog.HistoryMissSupersampleCount:4]]
[2019.05.15-19.39.30:949][  0]LogConfig: Setting CVar [[r.LightMaxDrawDistanceScale:1]]
[2019.05.15-19.39.30:949][  0]LogConfig: Setting CVar [[r.CapsuleShadows:1]]
[2019.05.15-19.39.30:949][  0]LogConfig: Applying CVar settings from Section [PostProcessQuality@3] File [D:/VR/CFE_LeapMotion/Saved/Config/Windows/Scalability.ini]
[2019.05.15-19.39.30:949][  0]LogConfig: Setting CVar [[r.MotionBlurQuality:4]]
[2019.05.15-19.39.30:949][  0]LogConfig: Setting CVar [[r.AmbientOcclusionMipLevelFactor:0.4]]
[2019.05.15-19.39.30:949][  0]LogConfig: Setting CVar [[r.AmbientOcclusionMaxQuality:100]]
[2019.05.15-19.39.30:949][  0]LogConfig: Setting CVar [[r.AmbientOcclusionLevels:-1]]
[2019.05.15-19.39.30:949][  0]LogConfig: Setting CVar [[r.AmbientOcclusionRadiusScale:1.0]]
[2019.05.15-19.39.30:949][  0]LogConfig: Setting CVar [[r.DepthOfFieldQuality:2]]
[2019.05.15-19.39.30:949][  0]LogConfig: Setting CVar [[r.RenderTargetPoolMin:400]]
[2019.05.15-19.39.30:949][  0]LogConfig: Setting CVar [[r.LensFlareQuality:2]]
[2019.05.15-19.39.30:949][  0]LogConfig: Setting CVar [[r.SceneColorFringeQuality:1]]
[2019.05.15-19.39.30:949][  0]LogConfig: Setting CVar [[r.EyeAdaptationQuality:2]]
[2019.05.15-19.39.30:949][  0]LogConfig: Setting CVar [[r.BloomQuality:5]]
[2019.05.15-19.39.30:949][  0]LogConfig: Setting CVar [[r.FastBlurThreshold:100]]
[2019.05.15-19.39.30:949][  0]LogConfig: Setting CVar [[r.Upscale.Quality:3]]
[2019.05.15-19.39.30:949][  0]LogConfig: Setting CVar [[r.Tonemapper.GrainQuantization:1]]
[2019.05.15-19.39.30:949][  0]LogConfig: Setting CVar [[r.LightShaftQuality:1]]
[2019.05.15-19.39.30:949][  0]LogConfig: Setting CVar [[r.Filter.SizeScale:1]]
[2019.05.15-19.39.30:949][  0]LogConfig: Setting CVar [[r.Tonemapper.Quality:5]]
[2019.05.15-19.39.30:949][  0]LogConfig: Setting CVar [[r.DOF.Gather.AccumulatorQuality:1        ; higher gathering accumulator quality]]
[2019.05.15-19.39.30:949][  0]LogConfig: Setting CVar [[r.DOF.Gather.PostfilterMethod:1          ; Median3x3 postfilering method]]
[2019.05.15-19.39.30:949][  0]LogConfig: Setting CVar [[r.DOF.Gather.EnableBokehSettings:0       ; no bokeh simulation when gathering]]
[2019.05.15-19.39.30:949][  0]LogConfig: Setting CVar [[r.DOF.Gather.RingCount:4                 ; medium number of samples when gathering]]
[2019.05.15-19.39.30:949][  0]LogConfig: Setting CVar [[r.DOF.Scatter.ForegroundCompositing:1    ; additive foreground scattering]]
[2019.05.15-19.39.30:949][  0]LogConfig: Setting CVar [[r.DOF.Scatter.BackgroundCompositing:2    ; additive background scattering]]
[2019.05.15-19.39.30:949][  0]LogConfig: Setting CVar [[r.DOF.Scatter.EnableBokehSettings:1      ; bokeh simulation when scattering]]
[2019.05.15-19.39.30:949][  0]LogConfig: Setting CVar [[r.DOF.Scatter.MaxSpriteRatio:0.1         ; only a maximum of 10% of scattered bokeh]]
[2019.05.15-19.39.30:949][  0]LogConfig: Setting CVar [[r.DOF.Recombine.Quality:1                ; cheap slight out of focus]]
[2019.05.15-19.39.30:949][  0]LogConfig: Setting CVar [[r.DOF.Recombine.EnableBokehSettings:0    ; no bokeh simulation on slight out of focus]]
[2019.05.15-19.39.30:949][  0]LogConfig: Setting CVar [[r.DOF.TemporalAAQuality:1                ; more stable temporal accumulation]]
[2019.05.15-19.39.30:949][  0]LogConfig: Setting CVar [[r.DOF.Kernel.MaxForegroundRadius:0.025]]
[2019.05.15-19.39.30:949][  0]LogConfig: Setting CVar [[r.DOF.Kernel.MaxBackgroundRadius:0.025]]
[2019.05.15-19.39.30:949][  0]LogConfig: Applying CVar settings from Section [TextureQuality@3] File [D:/VR/CFE_LeapMotion/Saved/Config/Windows/Scalability.ini]
[2019.05.15-19.39.30:949][  0]LogConfig: Setting CVar [[r.Streaming.MipBias:0]]
[2019.05.15-19.39.30:949][  0]LogConfig: Setting CVar [[r.Streaming.AmortizeCPUToGPUCopy:0]]
[2019.05.15-19.39.30:949][  0]LogConfig: Setting CVar [[r.Streaming.MaxNumTexturesToStreamPerFrame:0]]
[2019.05.15-19.39.30:949][  0]LogConfig: Setting CVar [[r.Streaming.Boost:1]]
[2019.05.15-19.39.30:949][  0]LogConfig: Setting CVar [[r.MaxAnisotropy:8]]
[2019.05.15-19.39.30:949][  0]LogConfig: Setting CVar [[r.Streaming.LimitPoolSizeToVRAM:0]]
[2019.05.15-19.39.30:949][  0]LogConfig: Setting CVar [[r.Streaming.PoolSize:1000]]
[2019.05.15-19.39.30:949][  0]LogConfig: Setting CVar [[r.Streaming.MaxEffectiveScreenSize:0]]
[2019.05.15-19.39.30:949][  0]LogConfig: Applying CVar settings from Section [EffectsQuality@3] File [D:/VR/CFE_LeapMotion/Saved/Config/Windows/Scalability.ini]
[2019.05.15-19.39.30:949][  0]LogConfig: Setting CVar [[r.TranslucencyLightingVolumeDim:64]]
[2019.05.15-19.39.30:949][  0]LogConfig: Setting CVar [[r.RefractionQuality:2]]
[2019.05.15-19.39.30:949][  0]LogConfig: Setting CVar [[r.SSR.Quality:3]]
[2019.05.15-19.39.30:949][  0]LogConfig: Setting CVar [[r.SceneColorFormat:4]]
[2019.05.15-19.39.30:949][  0]LogConfig: Setting CVar [[r.DetailMode:2]]
[2019.05.15-19.39.30:949][  0]LogConfig: Setting CVar [[r.TranslucencyVolumeBlur:1]]
[2019.05.15-19.39.30:949][  0]LogConfig: Setting CVar [[r.MaterialQualityLevel:1 ; High quality]]
[2019.05.15-19.39.30:949][  0]LogConfig: Setting CVar [[r.SSS.Scale:1]]
[2019.05.15-19.39.30:949][  0]LogConfig: Setting CVar [[r.SSS.SampleSet:2]]
[2019.05.15-19.39.30:949][  0]LogConfig: Setting CVar [[r.SSS.Quality:1]]
[2019.05.15-19.39.30:949][  0]LogConfig: Setting CVar [[r.SSS.HalfRes:1]]
[2019.05.15-19.39.30:949][  0]LogConfig: Setting CVar [[r.EmitterSpawnRateScale:1.0]]
[2019.05.15-19.39.30:949][  0]LogConfig: Setting CVar [[r.ParticleLightQuality:2]]
[2019.05.15-19.39.30:949][  0]LogConfig: Applying CVar settings from Section [FoliageQuality@3] File [D:/VR/CFE_LeapMotion/Saved/Config/Windows/Scalability.ini]
[2019.05.15-19.39.30:950][  0]LogConfig: Setting CVar [[foliage.DensityScale:1.0]]
[2019.05.15-19.39.30:950][  0]LogConfig: Setting CVar [[grass.DensityScale:1.0]]
[2019.05.15-19.39.30:950][  0]LogInit: Selected Device Profile: [Windows]
[2019.05.15-19.39.30:950][  0]LogInit: Applying CVar settings loaded from the selected device profile: [Windows]
[2019.05.15-19.39.30:961][  0]LogHAL: Display: Platform has ~ 16 GB [17057812480 / 17179869184 / 16], which maps to Larger [LargestMinGB=32, LargerMinGB=12, DefaultMinGB=8, SmallerMinGB=6, SmallestMinGB=0)
[2019.05.15-19.39.30:961][  0]LogConfig: Setting CVar [[r.Vulkan.UseRealUBs:1]]
[2019.05.15-19.39.30:961][  0]LogInit: Going up to parent DeviceProfile []
[2019.05.15-19.39.30:961][  0]LogConfig: Applying CVar settings from Section [ViewDistanceQuality@3] File [D:/VR/CFE_LeapMotion/Saved/Config/Windows/Scalability.ini]
[2019.05.15-19.39.30:961][  0]LogConfig: Setting CVar [[r.SkeletalMeshLODBias:0]]
[2019.05.15-19.39.30:961][  0]LogConfig: Setting CVar [[r.ViewDistanceScale:1.0]]
[2019.05.15-19.39.30:961][  0]LogConfig: Applying CVar settings from Section [AntiAliasingQuality@3] File [D:/VR/CFE_LeapMotion/Saved/Config/Windows/Scalability.ini]
[2019.05.15-19.39.30:961][  0]LogConfig: Setting CVar [[r.PostProcessAAQuality:4]]
[2019.05.15-19.39.30:961][  0]LogConfig: Applying CVar settings from Section [ShadowQuality@3] File [D:/VR/CFE_LeapMotion/Saved/Config/Windows/Scalability.ini]
[2019.05.15-19.39.30:961][  0]LogConfig: Setting CVar [[r.LightFunctionQuality:1]]
[2019.05.15-19.39.30:961][  0]LogConfig: Setting CVar [[r.ShadowQuality:5]]
[2019.05.15-19.39.30:961][  0]LogConfig: Setting CVar [[r.Shadow.CSM.MaxCascades:10]]
[2019.05.15-19.39.30:961][  0]LogConfig: Setting CVar [[r.Shadow.MaxResolution:2048]]
[2019.05.15-19.39.30:961][  0]LogConfig: Setting CVar [[r.Shadow.MaxCSMResolution:2048]]
[2019.05.15-19.39.30:961][  0]LogConfig: Setting CVar [[r.Shadow.RadiusThreshold:0.01]]
[2019.05.15-19.39.30:961][  0]LogConfig: Setting CVar [[r.Shadow.DistanceScale:1.0]]
[2019.05.15-19.39.30:961][  0]LogConfig: Setting CVar [[r.Shadow.CSM.TransitionScale:1.0]]
[2019.05.15-19.39.30:961][  0]LogConfig: Setting CVar [[r.Shadow.PreShadowResolutionFactor:1.0]]
[2019.05.15-19.39.30:961][  0]LogConfig: Setting CVar [[r.DistanceFieldShadowing:1]]
[2019.05.15-19.39.30:961][  0]LogConfig: Setting CVar [[r.DistanceFieldAO:1]]
[2019.05.15-19.39.30:961][  0]LogConfig: Setting CVar [[r.AOQuality:2]]
[2019.05.15-19.39.30:961][  0]LogConfig: Setting CVar [[r.VolumetricFog:1]]
[2019.05.15-19.39.30:961][  0]LogConfig: Setting CVar [[r.VolumetricFog.GridPixelSize:8]]
[2019.05.15-19.39.30:961][  0]LogConfig: Setting CVar [[r.VolumetricFog.GridSizeZ:128]]
[2019.05.15-19.39.30:961][  0]LogConfig: Setting CVar [[r.VolumetricFog.HistoryMissSupersampleCount:4]]
[2019.05.15-19.39.30:961][  0]LogConfig: Setting CVar [[r.LightMaxDrawDistanceScale:1]]
[2019.05.15-19.39.30:961][  0]LogConfig: Setting CVar [[r.CapsuleShadows:1]]
[2019.05.15-19.39.30:961][  0]LogConfig: Applying CVar settings from Section [PostProcessQuality@3] File [D:/VR/CFE_LeapMotion/Saved/Config/Windows/Scalability.ini]
[2019.05.15-19.39.30:961][  0]LogConfig: Setting CVar [[r.MotionBlurQuality:4]]
[2019.05.15-19.39.30:961][  0]LogConfig: Setting CVar [[r.AmbientOcclusionMipLevelFactor:0.4]]
[2019.05.15-19.39.30:961][  0]LogConfig: Setting CVar [[r.AmbientOcclusionMaxQuality:100]]
[2019.05.15-19.39.30:961][  0]LogConfig: Setting CVar [[r.AmbientOcclusionLevels:-1]]
[2019.05.15-19.39.30:961][  0]LogConfig: Setting CVar [[r.AmbientOcclusionRadiusScale:1.0]]
[2019.05.15-19.39.30:961][  0]LogConfig: Setting CVar [[r.DepthOfFieldQuality:2]]
[2019.05.15-19.39.30:961][  0]LogConfig: Setting CVar [[r.RenderTargetPoolMin:400]]
[2019.05.15-19.39.30:961][  0]LogConfig: Setting CVar [[r.LensFlareQuality:2]]
[2019.05.15-19.39.30:961][  0]LogConfig: Setting CVar [[r.SceneColorFringeQuality:1]]
[2019.05.15-19.39.30:961][  0]LogConfig: Setting CVar [[r.EyeAdaptationQuality:2]]
[2019.05.15-19.39.30:961][  0]LogConfig: Setting CVar [[r.BloomQuality:5]]
[2019.05.15-19.39.30:961][  0]LogConfig: Setting CVar [[r.FastBlurThreshold:100]]
[2019.05.15-19.39.30:961][  0]LogConfig: Setting CVar [[r.Upscale.Quality:3]]
[2019.05.15-19.39.30:961][  0]LogConfig: Setting CVar [[r.Tonemapper.GrainQuantization:1]]
[2019.05.15-19.39.30:962][  0]LogConfig: Setting CVar [[r.LightShaftQuality:1]]
[2019.05.15-19.39.30:962][  0]LogConfig: Setting CVar [[r.Filter.SizeScale:1]]
[2019.05.15-19.39.30:962][  0]LogConfig: Setting CVar [[r.Tonemapper.Quality:5]]
[2019.05.15-19.39.30:962][  0]LogConfig: Setting CVar [[r.DOF.Gather.AccumulatorQuality:1        ; higher gathering accumulator quality]]
[2019.05.15-19.39.30:962][  0]LogConfig: Setting CVar [[r.DOF.Gather.PostfilterMethod:1          ; Median3x3 postfilering method]]
[2019.05.15-19.39.30:962][  0]LogConfig: Setting CVar [[r.DOF.Gather.EnableBokehSettings:0       ; no bokeh simulation when gathering]]
[2019.05.15-19.39.30:962][  0]LogConfig: Setting CVar [[r.DOF.Gather.RingCount:4                 ; medium number of samples when gathering]]
[2019.05.15-19.39.30:962][  0]LogConfig: Setting CVar [[r.DOF.Scatter.ForegroundCompositing:1    ; additive foreground scattering]]
[2019.05.15-19.39.30:962][  0]LogConfig: Setting CVar [[r.DOF.Scatter.BackgroundCompositing:2    ; additive background scattering]]
[2019.05.15-19.39.30:962][  0]LogConfig: Setting CVar [[r.DOF.Scatter.EnableBokehSettings:1      ; bokeh simulation when scattering]]
[2019.05.15-19.39.30:962][  0]LogConfig: Setting CVar [[r.DOF.Scatter.MaxSpriteRatio:0.1         ; only a maximum of 10% of scattered bokeh]]
[2019.05.15-19.39.30:962][  0]LogConfig: Setting CVar [[r.DOF.Recombine.Quality:1                ; cheap slight out of focus]]
[2019.05.15-19.39.30:962][  0]LogConfig: Setting CVar [[r.DOF.Recombine.EnableBokehSettings:0    ; no bokeh simulation on slight out of focus]]
[2019.05.15-19.39.30:962][  0]LogConfig: Setting CVar [[r.DOF.TemporalAAQuality:1                ; more stable temporal accumulation]]
[2019.05.15-19.39.30:962][  0]LogConfig: Setting CVar [[r.DOF.Kernel.MaxForegroundRadius:0.025]]
[2019.05.15-19.39.30:962][  0]LogConfig: Setting CVar [[r.DOF.Kernel.MaxBackgroundRadius:0.025]]
[2019.05.15-19.39.30:962][  0]LogConfig: Applying CVar settings from Section [TextureQuality@3] File [D:/VR/CFE_LeapMotion/Saved/Config/Windows/Scalability.ini]
[2019.05.15-19.39.30:962][  0]LogConfig: Setting CVar [[r.Streaming.MipBias:0]]
[2019.05.15-19.39.30:962][  0]LogConfig: Setting CVar [[r.Streaming.AmortizeCPUToGPUCopy:0]]
[2019.05.15-19.39.30:962][  0]LogConfig: Setting CVar [[r.Streaming.MaxNumTexturesToStreamPerFrame:0]]
[2019.05.15-19.39.30:962][  0]LogConfig: Setting CVar [[r.Streaming.Boost:1]]
[2019.05.15-19.39.30:962][  0]LogConfig: Setting CVar [[r.MaxAnisotropy:8]]
[2019.05.15-19.39.30:962][  0]LogConfig: Setting CVar [[r.Streaming.LimitPoolSizeToVRAM:0]]
[2019.05.15-19.39.30:962][  0]LogConfig: Setting CVar [[r.Streaming.PoolSize:1000]]
[2019.05.15-19.39.30:962][  0]LogConfig: Setting CVar [[r.Streaming.MaxEffectiveScreenSize:0]]
[2019.05.15-19.39.30:962][  0]LogConfig: Applying CVar settings from Section [EffectsQuality@3] File [D:/VR/CFE_LeapMotion/Saved/Config/Windows/Scalability.ini]
[2019.05.15-19.39.30:962][  0]LogConfig: Setting CVar [[r.TranslucencyLightingVolumeDim:64]]
[2019.05.15-19.39.30:962][  0]LogConfig: Setting CVar [[r.RefractionQuality:2]]
[2019.05.15-19.39.30:962][  0]LogConfig: Setting CVar [[r.SSR.Quality:3]]
[2019.05.15-19.39.30:962][  0]LogConfig: Setting CVar [[r.SceneColorFormat:4]]
[2019.05.15-19.39.30:962][  0]LogConfig: Setting CVar [[r.DetailMode:2]]
[2019.05.15-19.39.30:962][  0]LogConfig: Setting CVar [[r.TranslucencyVolumeBlur:1]]
[2019.05.15-19.39.30:962][  0]LogConfig: Setting CVar [[r.MaterialQualityLevel:1 ; High quality]]
[2019.05.15-19.39.30:962][  0]LogConfig: Setting CVar [[r.SSS.Scale:1]]
[2019.05.15-19.39.30:962][  0]LogConfig: Setting CVar [[r.SSS.SampleSet:2]]
[2019.05.15-19.39.30:962][  0]LogConfig: Setting CVar [[r.SSS.Quality:1]]
[2019.05.15-19.39.30:962][  0]LogConfig: Setting CVar [[r.SSS.HalfRes:1]]
[2019.05.15-19.39.30:962][  0]LogConfig: Setting CVar [[r.EmitterSpawnRateScale:1.0]]
[2019.05.15-19.39.30:962][  0]LogConfig: Setting CVar [[r.ParticleLightQuality:2]]
[2019.05.15-19.39.30:962][  0]LogConfig: Applying CVar settings from Section [FoliageQuality@3] File [D:/VR/CFE_LeapMotion/Saved/Config/Windows/Scalability.ini]
[2019.05.15-19.39.30:962][  0]LogConfig: Setting CVar [[foliage.DensityScale:1.0]]
[2019.05.15-19.39.30:962][  0]LogConfig: Setting CVar [[grass.DensityScale:1.0]]
[2019.05.15-19.39.30:962][  0]LogConfig: Applying CVar settings from Section [Startup] File [../../../Engine/Config/ConsoleVariables.ini]
[2019.05.15-19.39.30:962][  0]LogConfig: Setting CVar [[net.UseAdaptiveNetUpdateFrequency:0]]
[2019.05.15-19.39.30:962][  0]LogConfig: Applying CVar settings from Section [ConsoleVariables] File [D:/VR/CFE_LeapMotion/Saved/Config/Windows/Engine.ini]
[2019.05.15-19.39.30:962][  0]LogInit: Computer: LAPTOP-H01BRSTG
[2019.05.15-19.39.30:962][  0]LogInit: User: Usuario
[2019.05.15-19.39.30:962][  0]LogInit: CPU Page size=4096, Cores=4
[2019.05.15-19.39.30:962][  0]LogInit: High frequency timer resolution =2.742191 MHz
[2019.05.15-19.39.30:963][  0]LogMemory: Memory total: Physical=15.9GB (16GB approx)
[2019.05.15-19.39.30:963][  0]LogMemory: Platform Memory Stats for Windows
[2019.05.15-19.39.30:963][  0]LogMemory: Process Physical Memory: 106.29 MB used, 106.29 MB peak
[2019.05.15-19.39.30:963][  0]LogMemory: Process Virtual Memory: 93.69 MB used, 93.69 MB peak
[2019.05.15-19.39.30:963][  0]LogMemory: Physical Memory: 5821.47 MB used,  10446.13 MB free, 16267.60 MB total
[2019.05.15-19.39.30:963][  0]LogMemory: Virtual Memory: 4666.95 MB used,  134213064.00 MB free, 134217728.00 MB total
[2019.05.15-19.39.30:982][  0]LogInit: Overriding language with editor language configuration option (en).
[2019.05.15-19.39.30:982][  0]LogInit: Overriding locale with editor culture configuration option ().
[2019.05.15-19.39.30:982][  0]LogInit: Using OS detected locale (es-MX).
[2019.05.15-19.39.31:406][  0]LogStreaming: Display: Took  0.424s to InitEngineTextLocalization.
[2019.05.15-19.39.31:406][  0]LogInit: Setting process to per monitor DPI aware
[2019.05.15-19.39.31:433][  0]LogSlate: New Slate User Created.  User Index 0, Is Virtual User: 0
[2019.05.15-19.39.31:433][  0]LogSlate: Slate User Registered.  User Index 0, Is Virtual User: 0
[2019.05.15-19.39.31:646][  0]LogHMD: Failed to initialize OpenVR with code 126
[2019.05.15-19.39.31:646][  0]LogD3D11RHI: D3D11 adapters:
[2019.05.15-19.39.31:711][  0]LogD3D11RHI:    0. 'NVIDIA GeForce GTX 1060' (Feature Level 11_0)
[2019.05.15-19.39.31:711][  0]LogD3D11RHI:       6052/0/8133 MB DedicatedVideo/DedicatedSystem/SharedSystem, Outputs:1, VendorId:0x10de
[2019.05.15-19.39.31:721][  0]LogD3D11RHI:    1. 'Intel(R) HD Graphics 630' (Feature Level 11_0)
[2019.05.15-19.39.31:721][  0]LogD3D11RHI:       128/0/8133 MB DedicatedVideo/DedicatedSystem/SharedSystem, Outputs:0, VendorId:0x8086
[2019.05.15-19.39.31:723][  0]LogD3D11RHI:    2. 'Microsoft Basic Render Driver' (Feature Level 11_0)
[2019.05.15-19.39.31:723][  0]LogD3D11RHI:       0/0/8133 MB DedicatedVideo/DedicatedSystem/SharedSystem, Outputs:0, VendorId:0x1414
[2019.05.15-19.39.31:723][  0]LogD3D11RHI: Chosen D3D11 Adapter: 0
[2019.05.15-19.39.31:752][  0]LogD3D11RHI: Creating new Direct3DDevice
[2019.05.15-19.39.31:752][  0]LogD3D11RHI:     GPU DeviceId: 0x1c20 (for the marketing name, search the web for "GPU Device Id")
[2019.05.15-19.39.31:752][  0]LogWindows: EnumDisplayDevices:
[2019.05.15-19.39.31:753][  0]LogWindows:    0. 'Intel(R) HD Graphics 630' (P:1 D:1)
[2019.05.15-19.39.31:753][  0]LogWindows:    1. 'Intel(R) HD Graphics 630' (P:0 D:0)
[2019.05.15-19.39.31:753][  0]LogWindows:    2. 'Intel(R) HD Graphics 630' (P:0 D:0)
[2019.05.15-19.39.31:753][  0]LogWindows:    3. 'NVIDIA GeForce GTX 1060' (P:0 D:0)
[2019.05.15-19.39.31:754][  0]LogWindows:    4. 'NVIDIA GeForce GTX 1060' (P:0 D:0)
[2019.05.15-19.39.31:754][  0]LogWindows:    5. 'NVIDIA GeForce GTX 1060' (P:0 D:0)
[2019.05.15-19.39.31:754][  0]LogWindows:    6. 'NVIDIA GeForce GTX 1060' (P:0 D:0)
[2019.05.15-19.39.31:754][  0]LogWindows: DebugString: PrimaryIsNotTheChoosenAdapter PrimaryIsNotTheChoosenAdapter PrimaryIsNotTheChoosenAdapter FoundDriverCount:4 
[2019.05.15-19.39.31:754][  0]LogD3D11RHI:     Adapter Name: NVIDIA GeForce GTX 1060
[2019.05.15-19.39.31:754][  0]LogD3D11RHI:   Driver Version: 430.39 (internal:26.21.14.3039, unified:430.39)
[2019.05.15-19.39.31:754][  0]LogD3D11RHI:      Driver Date: 4-17-2019
[2019.05.15-19.39.31:754][  0]LogRHI: Texture pool is 4236 MB (70% of 6052 MB)
[2019.05.15-19.39.31:799][  0]LogD3D11RHI: Async texture creation enabled
[2019.05.15-19.39.31:816][  0]LogD3D11RHI: GPU Timing Frequency: 1000.000000 (Debug: 2 1)
[2019.05.15-19.39.32:101][  0]LogTemp: Display: Loaded TP AllDesktopTargetPlatform
[2019.05.15-19.39.32:114][  0]LogTemp: Display: Loaded TP MacClientTargetPlatform
[2019.05.15-19.39.32:127][  0]LogTemp: Display: Loaded TP MacNoEditorTargetPlatform
[2019.05.15-19.39.32:138][  0]LogTemp: Display: Loaded TP MacServerTargetPlatform
[2019.05.15-19.39.32:150][  0]LogTemp: Display: Loaded TP MacTargetPlatform
[2019.05.15-19.39.32:162][  0]LogTemp: Display: Loaded TP WindowsClientTargetPlatform
[2019.05.15-19.39.32:175][  0]LogTemp: Display: Loaded TP WindowsNoEditorTargetPlatform
[2019.05.15-19.39.32:188][  0]LogTemp: Display: Loaded TP WindowsServerTargetPlatform
[2019.05.15-19.39.32:193][  0]LogTemp: Display: Loaded TP WindowsTargetPlatform
[2019.05.15-19.39.32:260][  0]LogTemp: Display: Loaded TP AndroidTargetPlatform
[2019.05.15-19.39.32:260][  0]LogTemp: Display: Loaded TP AndroidTargetPlatform
[2019.05.15-19.39.32:261][  0]LogTemp: Display: Loaded TP AndroidTargetPlatform
[2019.05.15-19.39.32:261][  0]LogTemp: Display: Loaded TP AndroidTargetPlatform
[2019.05.15-19.39.32:261][  0]LogTemp: Display: Loaded TP AndroidTargetPlatform
[2019.05.15-19.39.32:261][  0]LogTemp: Display: Loaded TP AndroidTargetPlatform
[2019.05.15-19.39.32:261][  0]LogTemp: Display: Loaded TP AndroidTargetPlatform
[2019.05.15-19.39.32:261][  0]LogTemp: Display: Loaded TP AndroidTargetPlatform
[2019.05.15-19.39.32:261][  0]LogTemp: Display: Loaded TP AndroidTargetPlatform
[2019.05.15-19.39.32:261][  0]LogTemp: Display: Loaded TP AndroidTargetPlatform
[2019.05.15-19.39.32:261][  0]LogTemp: Display: Loaded TP AndroidTargetPlatform
[2019.05.15-19.39.32:261][  0]LogTemp: Display: Loaded TP AndroidTargetPlatform
[2019.05.15-19.39.32:261][  0]LogTemp: Display: Loaded TP AndroidTargetPlatform
[2019.05.15-19.39.32:261][  0]LogTemp: Display: Loaded TP AndroidTargetPlatform
[2019.05.15-19.39.32:261][  0]LogTemp: Display: Loaded TP AndroidTargetPlatform
[2019.05.15-19.39.32:261][  0]LogTemp: Display: Loaded TP AndroidTargetPlatform
[2019.05.15-19.39.32:261][  0]LogTemp: Display: Loaded TP AndroidTargetPlatform
[2019.05.15-19.39.32:261][  0]LogTemp: Display: Loaded TP AndroidTargetPlatform
[2019.05.15-19.39.32:262][  0]LogTemp: Display: Loaded TP HTML5TargetPlatform
[2019.05.15-19.39.32:319][  0]LogTemp: Display: Loaded TP IOSTargetPlatform
[2019.05.15-19.39.32:319][  0]LogTemp: Display: Loaded TP IOSTargetPlatform
[2019.05.15-19.39.32:340][  0]LogTemp: Display: Loaded TP TVOSTargetPlatform
[2019.05.15-19.39.32:340][  0]LogTemp: Display: Loaded TP TVOSTargetPlatform
[2019.05.15-19.39.32:352][  0]LogTemp: Display: Loaded TP LinuxClientTargetPlatform
[2019.05.15-19.39.32:363][  0]LogTemp: Display: Loaded TP LinuxNoEditorTargetPlatform
[2019.05.15-19.39.32:376][  0]LogTemp: Display: Loaded TP LinuxServerTargetPlatform
[2019.05.15-19.39.32:388][  0]LogTemp: Display: Loaded TP LinuxTargetPlatform
[2019.05.15-19.39.32:430][  0]LogTemp: Display: Loaded TP LuminTargetPlatform
[2019.05.15-19.39.32:430][  0]LogTemp: Display: Loaded TP LuminTargetPlatform
[2019.05.15-19.39.32:431][  0]LogTargetPlatformManager: Display: Building Assets For Windows
[2019.05.15-19.39.32:472][  0]LogShaderCompilers: Guid format shader working directory is 20 characters bigger than the processId version (../../../../VR/CFE_LeapMotion/Intermediate/Shaders/WorkingDirectory/520/).
[2019.05.15-19.39.32:472][  0]LogShaderCompilers: Cleaned the shader compiler working directory 'C:/Users/Usuario/AppData/Local/Temp/UnrealShaderWorkingDir/C0C07A734A633A5F3C110EBE8BF04AF7/'.
[2019.05.15-19.39.32:473][  0]LogXGEController: Cannot use XGE Controller as Incredibuild is not installed on this machine.
[2019.05.15-19.39.32:474][  0]LogShaderCompilers: Cannot use XGE Shader Compiler as Incredibuild is not installed on this machine.
[2019.05.15-19.39.32:474][  0]LogShaderCompilers: Display: Using Local Shader Compiler.
[2019.05.15-19.39.33:018][  0]LogDerivedDataCache: Display: Max Cache Size: 512 MB
[2019.05.15-19.39.33:083][  0]LogDerivedDataCache: Loaded boot cache 0.06s 85MB C:/Users/Usuario/AppData/Local/UnrealEngine/4.21/DerivedDataCache/Boot.ddc.
[2019.05.15-19.39.33:083][  0]LogDerivedDataCache: Display: Loaded Boot cache: C:/Users/Usuario/AppData/Local/UnrealEngine/4.21/DerivedDataCache/Boot.ddc
[2019.05.15-19.39.33:083][  0]LogDerivedDataCache: FDerivedDataBackendGraph:  Pak pak cache file ../../../../VR/CFE_LeapMotion/DerivedDataCache/DDC.ddp not found, will not use a pak cache.
[2019.05.15-19.39.33:083][  0]LogDerivedDataCache: Unable to find inner node Pak for hierarchical cache Hierarchy.
[2019.05.15-19.39.33:083][  0]LogDerivedDataCache: FDerivedDataBackendGraph:  CompressedPak pak cache file ../../../../VR/CFE_LeapMotion/DerivedDataCache/Compressed.ddp not found, will not use a pak cache.
[2019.05.15-19.39.33:083][  0]LogDerivedDataCache: Unable to find inner node CompressedPak for hierarchical cache Hierarchy.
[2019.05.15-19.39.33:099][  0]LogDerivedDataCache: Display: Pak cache opened for reading ../../../Engine/DerivedDataCache/Compressed.ddp.
[2019.05.15-19.39.33:100][  0]LogDerivedDataCache: FDerivedDataBackendGraph:  EnterprisePak pak cache file ../../../Enterprise/DerivedDataCache/Compressed.ddp not found, will not use a pak cache.
[2019.05.15-19.39.33:100][  0]LogDerivedDataCache: Unable to find inner node EnterprisePak for hierarchical cache Hierarchy.
[2019.05.15-19.39.33:111][  0]LogDerivedDataCache: Using Local data cache path C:/Users/Usuario/AppData/Local/UnrealEngine/Common/DerivedDataCache: Writable
[2019.05.15-19.39.33:111][  0]LogDerivedDataCache: Shared data cache path not found in *engine.ini, will not use an Shared cache.
[2019.05.15-19.39.33:111][  0]LogDerivedDataCache: Unable to find inner node Shared for hierarchical cache Hierarchy.
[2019.05.15-19.39.33:136][  0]LogMaterial: Verifying Global Shaders for PCD3D_SM5
[2019.05.15-19.39.33:138][  0]LogSlate: Using FreeType 2.6.0
[2019.05.15-19.39.33:138][  0]LogSlate: SlateFontServices - WITH_FREETYPE: 1, WITH_HARFBUZZ: 1
[2019.05.15-19.39.33:220][  0]LogAssetRegistry: FAssetRegistry took 0.0319 seconds to start up
[2019.05.15-19.39.33:518][  0]LogInit: Selected Device Profile: [Windows]
[2019.05.15-19.39.33:656][  0]LogSimplygon: Simplygon DLL not present - disabling.
[2019.05.15-19.39.33:659][  0]LogMeshReduction: Using SimplygonSwarm for distributed automatic mesh merging
[2019.05.15-19.39.33:659][  0]LogMeshReduction: Using ProxyLODMeshReduction for automatic mesh merging
[2019.05.15-19.39.33:659][  0]LogMeshReduction: Using QuadricMeshReduction for automatic static mesh reduction
[2019.05.15-19.39.33:659][  0]LogMeshReduction: No automatic skeletal mesh reduction module available
[2019.05.15-19.39.33:673][  0]LogNetVersion: CFE_LeapMotion 1.0.0, NetCL: 4541578, EngineNetVer: 5, GameNetVer: 0 (Checksum: 1837852655)
[2019.05.15-19.39.34:098][  0]LogPackageLocalizationCache: Processed 12 localized package path(s) for 1 prioritized culture(s) in 0.041062 seconds
[2019.05.15-19.39.34:103][  0]LogUObjectArray: 39775 objects as part of root set at end of initial load.
[2019.05.15-19.39.34:103][  0]LogUObjectAllocator: 6914664 out of 0 bytes used by permanent object pool.
[2019.05.15-19.39.34:103][  0]LogUObjectArray: CloseDisregardForGC: 0/0 objects in disregard for GC pool
[2019.05.15-19.39.34:871][  0]LogTcpMessaging: Initializing TcpMessaging bridge
[2019.05.15-19.39.34:883][  0]LogUdpMessaging: Initializing bridge on interface 0.0.0.0:0 to multicast group 230.0.0.1:6666.
[2019.05.15-19.39.35:532][  0]SourceControl: Source control is disabled
[2019.05.15-19.39.35:532][  0]SourceControl: Source control is disabled
[2019.05.15-19.39.35:534][  0]SourceControl: Source control is disabled
[2019.05.15-19.39.35:534][  0]SourceControl: Source control is disabled
[2019.05.15-19.39.35:684][  0]LogAndroidPermission: UAndroidPermissionCallbackProxy::GetInstance
[2019.05.15-19.39.35:732][  0]LogWindows: Failed to load '../../../Engine/Binaries/ThirdParty/LeapMotion/Win64/LeapC.dll' (GetLastError=126)
[2019.05.15-19.39.35:733][  0]LogWindows: File '../../../Engine/Binaries/ThirdParty/LeapMotion/Win64/LeapC.dll' does not exist
[2019.05.15-19.39.35:733][  0]LeapMotionLog: Leap Plugin started v3.3.1
[2019.05.15-19.39.35:736][  0]LogOcInput: OculusInput pre-init called
[2019.05.15-19.39.35:862][  0]LogClass: Warning: ObjectProperty FMappedBoneAnimData::BodyStateSkeleton is not initialized properly
[2019.05.15-19.39.35:862][  0]LogClass: Warning: FBodyStateDeviceConfig::InputType is not initialized properly
[2019.05.15-19.39.35:862][  0]LogClass: Warning: FLeapStats::FrameExtrapolationInMS is not initialized properly
[2019.05.15-19.39.35:862][  0]LogClass: Display: 3 Uninitialized script stuct members found
[2019.05.15-19.39.35:863][  0]LogAutomationTest: Warning: ObjectProperty FMappedBoneAnimData::BodyStateSkeleton is not initialized properly
[2019.05.15-19.39.35:863][  0]LogAutomationTest: Warning: FBodyStateDeviceConfig::InputType is not initialized properly
[2019.05.15-19.39.35:863][  0]LogAutomationTest: Warning: FLeapStats::FrameExtrapolationInMS is not initialized properly
[2019.05.15-19.39.35:865][  0]LogEngine: Initializing Engine...
[2019.05.15-19.39.35:887][  0]LogHMD: Failed to initialize OpenVR with code 126
[2019.05.15-19.39.35:888][  0]LogStats: UGameplayTagsManager::ConstructGameplayTagTree: ImportINI prefixes -  0.000 s
[2019.05.15-19.39.35:888][  0]LogStats: UGameplayTagsManager::ConstructGameplayTagTree: Construct from data asset -  0.000 s
[2019.05.15-19.39.35:889][  0]LogStats: UGameplayTagsManager::ConstructGameplayTagTree: ImportINI -  0.000 s
[2019.05.15-19.39.35:889][  0]LogStats: UGameplayTagsManager::ConstructGameplayTagTree: GameplayTagTreeChangedEvent.Broadcast -  0.000 s
[2019.05.15-19.39.36:116][  0]LogInit: Initializing FReadOnlyCVARCache
[2019.05.15-19.39.36:125][  0]LogAIModule: Creating AISystem for world Untitled
[2019.05.15-19.39.36:139][  0]LogInit: XAudio2 using 'Altavoces (Realtek High Definition Audio(SST))' : 2 channels at 48 kHz using 32 bits per sample (channel mask 0x3)
[2019.05.15-19.39.36:186][  0]LogInit: FAudioDevice initialized.
[2019.05.15-19.39.36:186][  0]LogNetVersion: Set ProjectVersion to 1.0.0.0. Version Checksum will be recalculated on next use.
[2019.05.15-19.39.36:329][  0]LogDerivedDataCache: Saved boot cache 0.14s 85MB C:/Users/Usuario/AppData/Local/UnrealEngine/4.21/DerivedDataCache/Boot.ddc.
[2019.05.15-19.39.36:344][  0]LogInit: Texture streaming: Enabled
[2019.05.15-19.39.36:356][  0]LogEngineSessionManager: EngineSessionManager initialized
[2019.05.15-19.39.36:381][  0]LogEngineSessionManager: EngineSessionManager sent abnormal shutdown report. Type=Crashed, SessionId={3ACF3CDB-4546-2EEC-2641-369BDA5DC454}
[2019.05.15-19.39.36:390][  0]LogInit: Transaction tracking system initialized
[2019.05.15-19.39.36:405][  0]BlueprintLog: New page: Editor Load
[2019.05.15-19.39.36:454][  0]LocalizationService: Localization service is disabled
[2019.05.15-19.39.36:861][  0]LogFileCache: Scanning file cache for directory 'D:/VR/CFE_LeapMotion/Content/' took 0.01s
[2019.05.15-19.39.36:861][  0]LogCook: Display: Max memory allowance for cook 16384mb min free memory 0mb
[2019.05.15-19.39.36:861][  0]LogCook: Display: Mobile HDR setting 1
[2019.05.15-19.39.36:861][  0]LogGameplayTags: Display: UGameplayTagsManager::DoneAddingNativeTags. DelegateIsBound: 0
[2019.05.15-19.39.36:861][  0]LogStats: UGameplayTagsManager::ConstructGameplayTagTree: ImportINI prefixes -  0.000 s
[2019.05.15-19.39.36:861][  0]LogStats: UGameplayTagsManager::ConstructGameplayTagTree: Construct from data asset -  0.000 s
[2019.05.15-19.39.36:861][  0]LogStats: UGameplayTagsManager::ConstructGameplayTagTree: ImportINI -  0.000 s
[2019.05.15-19.39.36:861][  0]LogStats: UGameplayTagsManager::ConstructGameplayTagTree: GameplayTagTreeChangedEvent.Broadcast -  0.000 s
[2019.05.15-19.39.36:961][  0]SourceControl: Source control is disabled
[2019.05.15-19.39.36:961][  0]Cmd: MAP LOAD FILE="../../../../VR/CFE_LeapMotion/Content/StarterContent/Maps/Minimal_Default.umap" TEMPLATE=0 SHOWPROGRESS=1 FEATURELEVEL=3
[2019.05.15-19.39.36:961][  0]LightingResults: New page: Lighting Build
[2019.05.15-19.39.36:963][  0]MapCheck: New page: Map Check
[2019.05.15-19.39.36:963][  0]LightingResults: New page: Lighting Build
[2019.05.15-19.39.37:319][  0]LogAIModule: Creating AISystem for world Minimal_Default
[2019.05.15-19.39.37:328][  0]LogEditorServer: Finished looking for orphan Actors (0.000 secs)
[2019.05.15-19.39.37:351][  0]Cmd: MAP CHECKDEP NOCLEARLOG
[2019.05.15-19.39.37:352][  0]MapCheck: Map check complete: 0 Error(s), 0 Warning(s), took 0.177ms to complete.
[2019.05.15-19.39.37:352][  0]LogFileHelpers: Loading map 'Minimal_Default' took 0.392
[2019.05.15-19.39.37:453][  0]LogSlate: Updating window title bar state: overlay mode, drag disabled, window buttons hidden, title bar hidden
[2019.05.15-19.39.37:462][  0]LogSlate: Updating window title bar state: overlay mode, drag disabled, window buttons hidden, title bar hidden
[2019.05.15-19.39.37:469][  0]LogSlate: Updating window title bar state: overlay mode, drag disabled, window buttons hidden, title bar hidden
[2019.05.15-19.39.37:478][  0]LogSlate: Updating window title bar state: overlay mode, drag disabled, window buttons hidden, title bar hidden
[2019.05.15-19.39.37:482][  0]LogCollectionManager: Loaded 0 collections in 0.000953 seconds
[2019.05.15-19.39.37:497][  0]LogFileCache: Scanning file cache for directory 'D:/VR/CFE_LeapMotion/Saved/Collections/' took 0.01s
[2019.05.15-19.39.37:497][  0]LogFileCache: Scanning file cache for directory 'D:/VR/CFE_LeapMotion/Content/Developers/Usuario/Collections/' took 0.00s
[2019.05.15-19.39.37:497][  0]LogFileCache: Scanning file cache for directory 'D:/VR/CFE_LeapMotion/Content/Collections/' took 0.00s
[2019.05.15-19.39.37:497][  0]LogCollectionManager: Rebuilt the GUID cache for 0 collections in 0.000001 seconds
[2019.05.15-19.39.37:506][  0]LogContentBrowser: Native class hierarchy populated in 0.0093 seconds. Added 2665 classes and 628 folders.
[2019.05.15-19.39.37:511][  0]LogContentBrowser: Native class hierarchy updated for 'WidgetCarousel' in 0.0002 seconds. Added 0 classes and 0 folders.
[2019.05.15-19.39.37:512][  0]LogPakFile: Registered encryption key '00000000000000000000000000000000': 0 pak files mounted, 0 remain pending
[2019.05.15-19.39.37:512][  0]LogPakFile: Registered encryption key '00000000000000000000000000000000': 0 pak files mounted, 0 remain pending
[2019.05.15-19.39.37:513][  0]LogPakFile: Registered encryption key '00000000000000000000000000000000': 0 pak files mounted, 0 remain pending
[2019.05.15-19.39.37:513][  0]LogPakFile: Registered encryption key '00000000000000000000000000000000': 0 pak files mounted, 0 remain pending
[2019.05.15-19.39.37:513][  0]LogPakFile: Registered encryption key '00000000000000000000000000000000': 0 pak files mounted, 0 remain pending
[2019.05.15-19.39.37:514][  0]LogPakFile: Registered encryption key '00000000000000000000000000000000': 0 pak files mounted, 0 remain pending
[2019.05.15-19.39.37:514][  0]LogPakFile: Registered encryption key '00000000000000000000000000000000': 0 pak files mounted, 0 remain pending
[2019.05.15-19.39.37:514][  0]LogPakFile: Registered encryption key '00000000000000000000000000000000': 0 pak files mounted, 0 remain pending
[2019.05.15-19.39.37:515][  0]LogPakFile: Registered encryption key '00000000000000000000000000000000': 0 pak files mounted, 0 remain pending
[2019.05.15-19.39.37:515][  0]LogPakFile: Registered encryption key '00000000000000000000000000000000': 0 pak files mounted, 0 remain pending
[2019.05.15-19.39.37:516][  0]LogPakFile: Registered encryption key '00000000000000000000000000000000': 0 pak files mounted, 0 remain pending
[2019.05.15-19.39.37:516][  0]LogPakFile: Registered encryption key '00000000000000000000000000000000': 0 pak files mounted, 0 remain pending
[2019.05.15-19.39.37:516][  0]LogPakFile: Registered encryption key '00000000000000000000000000000000': 0 pak files mounted, 0 remain pending
[2019.05.15-19.39.37:517][  0]LogPakFile: Registered encryption key '00000000000000000000000000000000': 0 pak files mounted, 0 remain pending
[2019.05.15-19.39.37:517][  0]LogPakFile: Registered encryption key '00000000000000000000000000000000': 0 pak files mounted, 0 remain pending
[2019.05.15-19.39.37:517][  0]LogPakFile: Registered encryption key '00000000000000000000000000000000': 0 pak files mounted, 0 remain pending
[2019.05.15-19.39.37:518][  0]LogPakFile: Registered encryption key '00000000000000000000000000000000': 0 pak files mounted, 0 remain pending
[2019.05.15-19.39.37:518][  0]LogPakFile: Registered encryption key '00000000000000000000000000000000': 0 pak files mounted, 0 remain pending
[2019.05.15-19.39.37:518][  0]LogPakFile: Registered encryption key '00000000000000000000000000000000': 0 pak files mounted, 0 remain pending
[2019.05.15-19.39.37:519][  0]LogPakFile: Registered encryption key '00000000000000000000000000000000': 0 pak files mounted, 0 remain pending
[2019.05.15-19.39.37:519][  0]LogPakFile: Registered encryption key '00000000000000000000000000000000': 0 pak files mounted, 0 remain pending
[2019.05.15-19.39.37:520][  0]LogPakFile: Registered encryption key '00000000000000000000000000000000': 0 pak files mounted, 0 remain pending
[2019.05.15-19.39.37:520][  0]LogPakFile: Registered encryption key '00000000000000000000000000000000': 0 pak files mounted, 0 remain pending
[2019.05.15-19.39.37:520][  0]LogPakFile: Registered encryption key '00000000000000000000000000000000': 0 pak files mounted, 0 remain pending
[2019.05.15-19.39.37:521][  0]LogPakFile: Registered encryption key '00000000000000000000000000000000': 0 pak files mounted, 0 remain pending
[2019.05.15-19.39.37:521][  0]LogPakFile: Registered encryption key '00000000000000000000000000000000': 0 pak files mounted, 0 remain pending
[2019.05.15-19.39.37:546][  0]LogContentBrowser: Native class hierarchy updated for 'AddContentDialog' in 0.0002 seconds. Added 0 classes and 0 folders.
[2019.05.15-19.39.37:549][  0]LogContentBrowser: Native class hierarchy updated for 'SceneOutliner' in 0.0003 seconds. Added 1 classes and 2 folders.
[2019.05.15-19.39.37:615][  0]LogSlate: Took 0.000239 seconds to synchronously load lazily loaded font '../../../Engine/Content/Slate/Fonts/Roboto-Regular.ttf' (155K)
[2019.05.15-19.39.37:619][  0]LogSlate: Took 0.000204 seconds to synchronously load lazily loaded font '../../../Engine/Content/Slate/Fonts/Roboto-Bold.ttf' (160K)
[2019.05.15-19.39.37:625][  0]LogSlate: Took 0.000152 seconds to synchronously load lazily loaded font '../../../Engine/Content/Editor/Slate/Fonts/FontAwesome.ttf' (139K)
[2019.05.15-19.39.37:704][  0]LogRenderer: Reallocating scene render targets to support 928x432 Format 10 NumSamples 1 (Frame:1).
[2019.05.15-19.39.37:763][  0]LogSlate: Took 0.000109 seconds to synchronously load lazily loaded font '../../../Engine/Content/Slate/Fonts/Roboto-Light.ttf' (167K)
[2019.05.15-19.39.37:851][  0]LogContentBrowser: Native class hierarchy updated for 'HierarchicalLODOutliner' in 0.0002 seconds. Added 0 classes and 0 folders.
[2019.05.15-19.39.37:851][  0]LogLoad: (Engine Initialization) Total time: 8.97 seconds
[2019.05.15-19.39.37:851][  0]LogLoad: (Engine Initialization) Total Blueprint compile time: 0.00 seconds
[2019.05.15-19.39.37:872][  0]LogWindowsTextInputMethodSystem: Display: IME system now deactivated.
[2019.05.15-19.39.37:884][  0]LeapMotionLog: ServiceMessageLoop started.
[2019.05.15-19.39.37:884][  0]BodyStateLog: BodyState::DeviceAttached: Leap Motion (1)
[2019.05.15-19.39.37:885][  0]BodyStateLog: BodyState::DeviceAttached: HMD (2)
[2019.05.15-19.39.37:945][  0]LogContentStreaming: Texture pool size now 1000 MB
[2019.05.15-19.39.38:013][  1]LeapMotionLog: LeapService: OnConnect.
[2019.05.15-19.39.38:013][  1]LogRenderer: Reallocating scene render targets to support 928x448 Format 10 NumSamples 1 (Frame:2).
[2019.05.15-19.39.38:013][  1]LeapMotionLog: OnDeviceFound Peripheral S323A047707.
[2019.05.15-19.39.38:224][  1]LogAssetRegistry: Asset discovery search completed in 5.0265 seconds
[2019.05.15-19.39.38:225][  1]LogCollectionManager: Rebuilt the object cache for 0 collections in 0.000000 seconds (found 0 objects)
[2019.05.15-19.39.38:225][  1]LogCollectionManager: Fixed up redirectors for 0 collections in 0.000085 seconds (updated 0 objects)
[2019.05.15-19.39.41:079][171]LogSlate: FSceneViewport::OnFocusLost() reason 0
[2019.05.15-19.39.41:179][177]LogTemp: Repeating last play command: Selected Viewport
[2019.05.15-19.39.41:193][177]LogBlueprintUserMessages: Early PlayInEditor Detection: Level '/Game/StarterContent/Maps/Minimal_Default.Minimal_Default:PersistentLevel' has LevelScriptBlueprint '/Game/StarterContent/Maps/Minimal_Default.Minimal_Default:PersistentLevel.Minimal_Default' with GeneratedClass '/Game/StarterContent/Maps/Minimal_Default.Minimal_Default_C' with ClassGeneratedBy '/Game/StarterContent/Maps/Minimal_Default.Minimal_Default:PersistentLevel.Minimal_Default'
[2019.05.15-19.39.41:193][177]LogPlayLevel: PlayLevel: No blueprints needed recompiling
[2019.05.15-19.39.41:194][177]PIE: New page: PIE session: Minimal_Default (15/05/2019 09:39:41)
[2019.05.15-19.39.41:206][177]LogPlayLevel: Creating play world package: /Game/StarterContent/Maps/UEDPIE_0_Minimal_Default
[2019.05.15-19.39.41:210][177]LogPlayLevel: PIE: StaticDuplicateObject took: (0.004085s)
[2019.05.15-19.39.41:211][177]LogAIModule: Creating AISystem for world Minimal_Default
[2019.05.15-19.39.41:211][177]LogPlayLevel: PIE: World Init took: (0.000974s)
[2019.05.15-19.39.41:211][177]LogPlayLevel: PIE: Created PIE world by copying editor world from /Game/StarterContent/Maps/Minimal_Default.Minimal_Default to /Game/StarterContent/Maps/UEDPIE_0_Minimal_Default.Minimal_Default (0.005330s)
[2019.05.15-19.39.41:240][177]LogInit: XAudio2 using 'Altavoces (Realtek High Definition Audio(SST))' : 2 channels at 48 kHz using 32 bits per sample (channel mask 0x3)
[2019.05.15-19.39.41:255][177]LogInit: FAudioDevice initialized.
[2019.05.15-19.39.41:301][177]LogLoad: Game class is 'CFE_GameMode_C'
[2019.05.15-19.39.41:303][177]LogWorld: Bringing World /Game/StarterContent/Maps/UEDPIE_0_Minimal_Default.Minimal_Default up for play (max tick rate 60) at 2019.05.15-14.39.41
[2019.05.15-19.39.41:304][177]LogWorld: Bringing up level for play took: 0.001103
[2019.05.15-19.39.41:318][177]LogContentBrowser: Native class hierarchy updated for 'MovieSceneCapture' in 0.0003 seconds. Added 20 classes and 0 folders.
[2019.05.15-19.39.41:318][177]LogGameMode: Display: Match State Changed from EnteringMap to WaitingToStart
[2019.05.15-19.39.41:318][177]LogGameState: Match State Changed from EnteringMap to WaitingToStart
[2019.05.15-19.39.41:318][177]LogGameMode: Display: Match State Changed from WaitingToStart to InProgress
[2019.05.15-19.39.41:319][177]LogTemp: Bone cache synced: 20
[2019.05.15-19.39.41:320][177]LogTemp: Bone cache synced: 0
[2019.05.15-19.39.41:320][177]LogTemp: Bone cache synced: 20
[2019.05.15-19.39.41:321][177]LeapMotionLog: AddEventDelegate (1).
[2019.05.15-19.39.41:322][177]LogGameState: Match State Changed from WaitingToStart to InProgress
[2019.05.15-19.39.41:322][177]PIE: Play in editor start time for /Game/StarterContent/Maps/UEDPIE_0_Minimal_Default 0.852
[2019.05.15-19.39.41:323][177]LogBlueprintUserMessages: Late PlayInEditor Detection: Level '/Game/StarterContent/Maps/Minimal_Default.Minimal_Default:PersistentLevel' has LevelScriptBlueprint '/Game/StarterContent/Maps/Minimal_Default.Minimal_Default:PersistentLevel.Minimal_Default' with GeneratedClass '/Game/StarterContent/Maps/Minimal_Default.Minimal_Default_C' with ClassGeneratedBy '/Game/StarterContent/Maps/Minimal_Default.Minimal_Default:PersistentLevel.Minimal_Default'
[2019.05.15-19.39.43:467][304]LogScript: Warning: Script Msg: Attempted to access index 0 from array 'CallFunc_GetOverlappingActors_OverlappingActors1' of length 0 in '/LeapMotion/DirectRigging/LowPoly/LeapDesktopLowPoly.LeapDesktopLowPoly_C:ExecuteUbergraph_LeapDesktopLowPoly'!
[2019.05.15-19.39.43:699][318]LogScript: Warning: Script Msg: Attempted to access index 0 from array 'CallFunc_GetOverlappingActors_OverlappingActors1' of length 0 in '/LeapMotion/DirectRigging/LowPoly/LeapDesktopLowPoly.LeapDesktopLowPoly_C:ExecuteUbergraph_LeapDesktopLowPoly'!
[2019.05.15-19.39.45:984][455]LogScript: Warning: Script Msg: Attempted to access index 0 from array 'CallFunc_GetOverlappingActors_OverlappingActors1' of length 0 in '/LeapMotion/DirectRigging/LowPoly/LeapDesktopLowPoly.LeapDesktopLowPoly_C:ExecuteUbergraph_LeapDesktopLowPoly'!
[2019.05.15-19.39.46:250][471]LogScript: Warning: Script Msg: Attempted to access index 0 from array 'CallFunc_GetOverlappingActors_OverlappingActors1' of length 0 in '/LeapMotion/DirectRigging/LowPoly/LeapDesktopLowPoly.LeapDesktopLowPoly_C:ExecuteUbergraph_LeapDesktopLowPoly'!
[2019.05.15-19.39.46:933][512]LogScript: Warning: Script Msg: Attempted to access index 0 from array 'CallFunc_GetOverlappingActors_OverlappingActors1' of length 0 in '/LeapMotion/DirectRigging/LowPoly/LeapDesktopLowPoly.LeapDesktopLowPoly_C:ExecuteUbergraph_LeapDesktopLowPoly'!
[2019.05.15-19.39.47:384][539]LogScript: Warning: Script Msg: Attempted to access index 0 from array 'CallFunc_GetOverlappingActors_OverlappingActors1' of length 0 in '/LeapMotion/DirectRigging/LowPoly/LeapDesktopLowPoly.LeapDesktopLowPoly_C:ExecuteUbergraph_LeapDesktopLowPoly'!
[2019.05.15-19.39.50:567][730]LogScript: Warning: Script Msg: Attempted to access index 0 from array 'CallFunc_GetOverlappingActors_OverlappingActors1' of length 0 in '/LeapMotion/DirectRigging/LowPoly/LeapDesktopLowPoly.LeapDesktopLowPoly_C:ExecuteUbergraph_LeapDesktopLowPoly'!
[2019.05.15-19.39.54:584][971]LogScript: Warning: Script Msg: Attempted to access index 0 from array 'CallFunc_GetOverlappingActors_OverlappingActors1' of length 0 in '/LeapMotion/DirectRigging/LowPoly/LeapDesktopLowPoly.LeapDesktopLowPoly_C:ExecuteUbergraph_LeapDesktopLowPoly'!
[2019.05.15-19.39.55:801][ 44]LogScript: Warning: Script Msg: Attempted to access index 0 from array 'CallFunc_GetOverlappingActors_OverlappingActors1' of length 0 in '/LeapMotion/DirectRigging/LowPoly/LeapDesktopLowPoly.LeapDesktopLowPoly_C:ExecuteUbergraph_LeapDesktopLowPoly'!
[2019.05.15-19.39.55:901][ 50]LogScript: Warning: Script Msg: Attempted to access index 0 from array 'CallFunc_GetOverlappingActors_OverlappingActors1' of length 0 in '/LeapMotion/DirectRigging/LowPoly/LeapDesktopLowPoly.LeapDesktopLowPoly_C:ExecuteUbergraph_LeapDesktopLowPoly'!
[2019.05.15-19.39.55:984][ 55]LogScript: Warning: Script Msg: Attempted to access index 0 from array 'CallFunc_GetOverlappingActors_OverlappingActors1' of length 0 in '/LeapMotion/DirectRigging/LowPoly/LeapDesktopLowPoly.LeapDesktopLowPoly_C:ExecuteUbergraph_LeapDesktopLowPoly'!
[2019.05.15-19.39.56:084][ 61]LogScript: Warning: Script Msg: Attempted to access index 0 from array 'CallFunc_GetOverlappingActors_OverlappingActors1' of length 0 in '/LeapMotion/DirectRigging/LowPoly/LeapDesktopLowPoly.LeapDesktopLowPoly_C:ExecuteUbergraph_LeapDesktopLowPoly'!
[2019.05.15-19.39.57:534][148]LogScript: Warning: Script Msg: Attempted to access index 0 from array 'CallFunc_GetOverlappingActors_OverlappingActors1' of length 0 in '/LeapMotion/DirectRigging/LowPoly/LeapDesktopLowPoly.LeapDesktopLowPoly_C:ExecuteUbergraph_LeapDesktopLowPoly'!
[2019.05.15-19.40.01:901][410]LogScript: Warning: Script Msg: Attempted to access index 0 from array 'CallFunc_GetOverlappingActors_OverlappingActors1' of length 0 in '/LeapMotion/DirectRigging/LowPoly/LeapDesktopLowPoly.LeapDesktopLowPoly_C:ExecuteUbergraph_LeapDesktopLowPoly'!
[2019.05.15-19.40.02:386][439]LogBlueprintUserMessages: Early EndPlayMap Detection: Level '/Game/StarterContent/Maps/Minimal_Default.Minimal_Default:PersistentLevel' has LevelScriptBlueprint '/Game/StarterContent/Maps/Minimal_Default.Minimal_Default:PersistentLevel.Minimal_Default' with GeneratedClass '/Game/StarterContent/Maps/Minimal_Default.Minimal_Default_C' with ClassGeneratedBy '/Game/StarterContent/Maps/Minimal_Default.Minimal_Default:PersistentLevel.Minimal_Default'
[2019.05.15-19.40.02:387][439]LogSlate: Updating window title bar state: overlay mode, drag disabled, window buttons hidden, title bar hidden
[2019.05.15-19.40.02:420][439]LogPlayLevel: Display: Shutting down PIE online subsystems
[2019.05.15-19.40.02:420][439]LogBlueprintUserMessages: Late EndPlayMap Detection: Level '/Game/StarterContent/Maps/Minimal_Default.Minimal_Default:PersistentLevel' has LevelScriptBlueprint '/Game/StarterContent/Maps/Minimal_Default.Minimal_Default:PersistentLevel.Minimal_Default' with GeneratedClass '/Game/StarterContent/Maps/Minimal_Default.Minimal_Default_C' with ClassGeneratedBy '/Game/StarterContent/Maps/Minimal_Default.Minimal_Default:PersistentLevel.Minimal_Default'
[2019.05.15-19.40.02:446][439]LogSlate: Updating window title bar state: overlay mode, drag disabled, window buttons hidden, title bar hidden
[2019.05.15-19.40.02:498][442]LogPlayLevel: Display: Destroying online subsystem :Context_3
[2019.05.15-19.40.04:431][558]LogEditorViewport: Clicking on Actor (LMB): BP_Obj01_B_C (BP_Obj01_B)
[2019.05.15-19.40.07:156][719]LogSlate: FSceneViewport::OnFocusLost() reason 0
[2019.05.15-19.40.08:654][808]LogSlate: Took 0.000154 seconds to synchronously load lazily loaded font '../../../Engine/Content/Slate/Fonts/Roboto-Light.ttf' (167K)
[2019.05.15-19.40.08:662][808]LogAssetEditorManager: Opening Asset editor for Blueprint /Game/BP_Items/BP_Obj01_B.BP_Obj01_B
[2019.05.15-19.40.09:078][808]LogContentBrowser: Native class hierarchy updated for 'BlueprintGraph' in 0.0006 seconds. Added 117 classes and 0 folders.
[2019.05.15-19.40.12:960][983]LogAssetEditorManager: Opening Asset editor for Blueprint /Game/BP_Items/BP_Item_Attach.BP_Item_Attach
[2019.05.15-19.40.13:243][983]LogSlate: Took 0.000139 seconds to synchronously load lazily loaded font '../../../Engine/Content/Slate/Fonts/Roboto-BoldCondensed.ttf' (158K)
[2019.05.15-19.40.13:289][984]LogSlate: Took 0.000172 seconds to synchronously load lazily loaded font '../../../Engine/Content/Slate/Fonts/Roboto-Italic.ttf' (157K)
[2019.05.15-19.40.19:184][334]BlueprintLog: New page: Compile BP_Item_Attach
[2019.05.15-19.40.19:201][334]LogBlueprint: Warning: [Compiler BP_Item_Attach] 'BP Item' does not inherit from 'Primitive Component' ( Cast To BP_Item  would always fail).
[2019.05.15-19.40.19:410][334]LogBlueprint: Warning: [Compiler BP_Item_Attach] [0050.53] Compile of BP_Item_Attach successful, but with 1 Warning(s) [in 225 ms] (/Game/BP_Items/BP_Item_Attach.BP_Item_Attach)
[2019.05.15-19.40.19:956][362]Cmd: OBJ SAVEPACKAGE PACKAGE="/Game/BP_Items/BP_Item_Attach" FILE="../../../../VR/CFE_LeapMotion/Content/BP_Items/BP_Item_Attach.uasset" SILENT=true
[2019.05.15-19.40.19:989][362]LogSavePackage: Moving '../../../../VR/CFE_LeapMotion/Saved/BP_Item_AttachF314EC86498F5C5E3318ACA5F2130756.tmp' to '../../../../VR/CFE_LeapMotion/Content/BP_Items/BP_Item_Attach.uasset'
[2019.05.15-19.40.24:145][611]BlueprintLog: New page: Compile BP_Item_Attach
[2019.05.15-19.40.24:827][635]Cmd: OBJ SAVEPACKAGE PACKAGE="/Game/BP_Items/BP_Item_Attach" FILE="../../../../VR/CFE_LeapMotion/Content/BP_Items/BP_Item_Attach.uasset" SILENT=true
[2019.05.15-19.40.24:852][635]LogSavePackage: Moving '../../../../VR/CFE_LeapMotion/Saved/BP_Item_Attach031341A2402049E03BB5A5A331BB5E2C.tmp' to '../../../../VR/CFE_LeapMotion/Content/BP_Items/BP_Item_Attach.uasset'
[2019.05.15-19.41.00:624][748]BlueprintLog: New page: Compile BP_Item_Attach
[2019.05.15-19.41.01:255][771]Cmd: OBJ SAVEPACKAGE PACKAGE="/Game/BP_Items/BP_Item_Attach" FILE="../../../../VR/CFE_LeapMotion/Content/BP_Items/BP_Item_Attach.uasset" SILENT=true
[2019.05.15-19.41.01:282][771]LogSavePackage: Moving '../../../../VR/CFE_LeapMotion/Saved/BP_Item_Attach079965EB4E360A68015E1FBEA5E484CD.tmp' to '../../../../VR/CFE_LeapMotion/Content/BP_Items/BP_Item_Attach.uasset'
[2019.05.15-19.41.03:364][887]LogTemp: Repeating last play command: Selected Viewport
[2019.05.15-19.41.03:385][887]LogBlueprintUserMessages: Early PlayInEditor Detection: Level '/Game/StarterContent/Maps/Minimal_Default.Minimal_Default:PersistentLevel' has LevelScriptBlueprint '/Game/StarterContent/Maps/Minimal_Default.Minimal_Default:PersistentLevel.Minimal_Default' with GeneratedClass '/Game/StarterContent/Maps/Minimal_Default.Minimal_Default_C' with ClassGeneratedBy '/Game/StarterContent/Maps/Minimal_Default.Minimal_Default:PersistentLevel.Minimal_Default'
[2019.05.15-19.41.03:385][887]LogPlayLevel: PlayLevel: No blueprints needed recompiling
[2019.05.15-19.41.03:386][887]PIE: New page: PIE session: Minimal_Default (15/05/2019 09:41:03)
[2019.05.15-19.41.03:386][887]LogPlayLevel: Creating play world package: /Game/StarterContent/Maps/UEDPIE_0_Minimal_Default
[2019.05.15-19.41.03:388][887]LogPlayLevel: PIE: StaticDuplicateObject took: (0.002596s)
[2019.05.15-19.41.03:389][887]LogAIModule: Creating AISystem for world Minimal_Default
[2019.05.15-19.41.03:389][887]LogPlayLevel: PIE: World Init took: (0.000859s)
[2019.05.15-19.41.03:389][887]LogPlayLevel: PIE: Created PIE world by copying editor world from /Game/StarterContent/Maps/Minimal_Default.Minimal_Default to /Game/StarterContent/Maps/UEDPIE_0_Minimal_Default.Minimal_Default (0.003585s)
[2019.05.15-19.41.03:422][887]LogInit: XAudio2 using 'Altavoces (Realtek High Definition Audio(SST))' : 2 channels at 48 kHz using 32 bits per sample (channel mask 0x3)
[2019.05.15-19.41.03:438][887]LogInit: FAudioDevice initialized.
[2019.05.15-19.41.03:445][887]LogSlate: Updating window title bar state: overlay mode, drag disabled, window buttons hidden, title bar hidden
[2019.05.15-19.41.03:515][887]LogLoad: Game class is 'CFE_GameMode_C'
[2019.05.15-19.41.03:517][887]LogWorld: Bringing World /Game/StarterContent/Maps/UEDPIE_0_Minimal_Default.Minimal_Default up for play (max tick rate 60) at 2019.05.15-14.41.03
[2019.05.15-19.41.03:517][887]LogWorld: Bringing up level for play took: 0.001067
[2019.05.15-19.41.03:529][887]LogGameMode: Display: Match State Changed from EnteringMap to WaitingToStart
[2019.05.15-19.41.03:529][887]LogGameState: Match State Changed from EnteringMap to WaitingToStart
[2019.05.15-19.41.03:529][887]LogGameMode: Display: Match State Changed from WaitingToStart to InProgress
[2019.05.15-19.41.03:530][887]LogTemp: Bone cache synced: 20
[2019.05.15-19.41.03:530][887]LogOutputDevice: Warning: 

Script Stack (2 frames):
GameModeBase.SpawnDefaultPawnAtTransform
GameModeBase.SpawnDefaultPawnFor

[2019.05.15-19.41.03:530][887]LogWindows: Windows GetLastError: La operación se completó correctamente. (0)
[2019.05.15-19.41.04:782][887]LogWindows: Error: === Critical error: ===
[2019.05.15-19.41.04:782][887]LogWindows: Error: 
[2019.05.15-19.41.04:782][887]LogWindows: Error: Assertion failed: !Pose[ParentIndex].ContainsNaN() [File:c:\program files\epic games\ue_4.21\engine\source\runtime\engine\public\BonePose.h] [Line: 584] 
[2019.05.15-19.41.04:782][887]LogWindows: Error: 
[2019.05.15-19.41.04:782][887]LogWindows: Error: 
[2019.05.15-19.41.04:782][887]LogWindows: Error: 
[2019.05.15-19.41.04:782][887]LogWindows: Error: [Callstack] 0x00007fff3150a388 KERNELBASE.dll!UnknownFunction []
[2019.05.15-19.41.04:782][887]LogWindows: Error: [Callstack] 0x00007ffee50acd1a UE4Editor-Core.dll!UnknownFunction []
[2019.05.15-19.41.04:782][887]LogWindows: Error: [Callstack] 0x00007ffee4e8a967 UE4Editor-Core.dll!UnknownFunction []
[2019.05.15-19.41.04:782][887]LogWindows: Error: [Callstack] 0x00007ffee4dc0df7 UE4Editor-Core.dll!UnknownFunction []
[2019.05.15-19.41.04:782][887]LogWindows: Error: [Callstack] 0x00007ffec69869f9 UE4Editor-BodyState.dll!UnknownFunction []
[2019.05.15-19.41.04:782][887]LogWindows: Error: [Callstack] 0x00007ffec69866dd UE4Editor-BodyState.dll!UnknownFunction []
[2019.05.15-19.41.04:782][887]LogWindows: Error: [Callstack] 0x00007ffec698bd79 UE4Editor-BodyState.dll!UnknownFunction []
[2019.05.15-19.41.04:782][887]LogWindows: Error: [Callstack] 0x00007ffec698b0f2 UE4Editor-BodyState.dll!UnknownFunction []
[2019.05.15-19.41.04:782][887]LogWindows: Error: [Callstack] 0x00007ffee06842f8 UE4Editor-AnimGraphRuntime.dll!UnknownFunction []
[2019.05.15-19.41.04:782][887]LogWindows: Error: [Callstack] 0x00007ffee1abedac UE4Editor-Engine.dll!UnknownFunction []
[2019.05.15-19.41.04:782][887]LogWindows: Error: [Callstack] 0x00007ffee1ac079e UE4Editor-Engine.dll!UnknownFunction []
[2019.05.15-19.41.04:782][887]LogWindows: Error: [Callstack] 0x00007ffee1abe5ef UE4Editor-Engine.dll!UnknownFunction []
[2019.05.15-19.41.04:782][887]LogWindows: Error: [Callstack] 0x00007ffee1a3589a UE4Editor-Engine.dll!UnknownFunction []
[2019.05.15-19.41.04:782][887]LogWindows: Error: [Callstack] 0x00007ffee1a3558e UE4Editor-Engine.dll!UnknownFunction []
[2019.05.15-19.41.04:782][887]LogWindows: Error: [Callstack] 0x00007ffee1a689b3 UE4Editor-Engine.dll!UnknownFunction []
[2019.05.15-19.41.04:782][887]LogWindows: Error: [Callstack] 0x00007ffee1e197f0 UE4Editor-Engine.dll!UnknownFunction []
[2019.05.15-19.41.04:782][887]LogWindows: Error: [Callstack] 0x00007ffee1e33e77 UE4Editor-Engine.dll!UnknownFunction []
[2019.05.15-19.41.04:783][887]LogWindows: Error: [Callstack] 0x00007ffee1e33b82 UE4Editor-Engine.dll!UnknownFunction []
[2019.05.15-19.41.04:783][887]LogWindows: Error: [Callstack] 0x00007ffee1e38948 UE4Editor-Engine.dll!UnknownFunction []
[2019.05.15-19.41.04:783][887]LogWindows: Error: [Callstack] 0x00007ffee1e2b647 UE4Editor-Engine.dll!UnknownFunction []
[2019.05.15-19.41.04:783][887]LogWindows: Error: [Callstack] 0x00007ffee1e32dc0 UE4Editor-Engine.dll!UnknownFunction []
[2019.05.15-19.41.04:783][887]LogWindows: Error: [Callstack] 0x00007ffee1d3ddf3 UE4Editor-Engine.dll!UnknownFunction []
[2019.05.15-19.41.04:783][887]LogWindows: Error: [Callstack] 0x00007ffee1d6861a UE4Editor-Engine.dll!UnknownFunction []
[2019.05.15-19.41.04:783][887]LogWindows: Error: [Callstack] 0x00007ffee1d67475 UE4Editor-Engine.dll!UnknownFunction []
[2019.05.15-19.41.04:783][887]LogWindows: Error: [Callstack] 0x00007ffee28da9c4 UE4Editor-Engine.dll!UnknownFunction []
[2019.05.15-19.41.04:783][887]LogWindows: Error: [Callstack] 0x00007ffee281c264 UE4Editor-Engine.dll!UnknownFunction []
[2019.05.15-19.41.04:783][887]LogWindows: Error: [Callstack] 0x00007ffee281c87a UE4Editor-Engine.dll!UnknownFunction []
[2019.05.15-19.41.04:783][887]LogWindows: Error: [Callstack] 0x00007ffee281c87a UE4Editor-Engine.dll!UnknownFunction []
[2019.05.15-19.41.04:783][887]LogWindows: Error: [Callstack] 0x00007ffee28a90bd UE4Editor-Engine.dll!UnknownFunction []
[2019.05.15-19.41.04:783][887]LogWindows: Error: [Callstack] 0x00007ffee18fdd34 UE4Editor-Engine.dll!UnknownFunction []
[2019.05.15-19.41.04:783][887]LogWindows: Error: [Callstack] 0x00007ffee19025a4 UE4Editor-Engine.dll!UnknownFunction []
[2019.05.15-19.41.04:783][887]LogWindows: Error: [Callstack] 0x00007ffee1daa363 UE4Editor-Engine.dll!UnknownFunction []
[2019.05.15-19.41.04:783][887]LogWindows: Error: [Callstack] 0x00007ffee1d3ddf3 UE4Editor-Engine.dll!UnknownFunction []
[2019.05.15-19.41.04:783][887]LogWindows: Error: [Callstack] 0x00007ffee1d6861a UE4Editor-Engine.dll!UnknownFunction []
[2019.05.15-19.41.04:783][887]LogWindows: Error: [Callstack] 0x00007ffee1d67475 UE4Editor-Engine.dll!UnknownFunction []
[2019.05.15-19.41.04:783][887]LogWindows: Error: [Callstack] 0x00007ffee28da9c4 UE4Editor-Engine.dll!UnknownFunction []
[2019.05.15-19.41.04:783][887]LogWindows: Error: [Callstack] 0x00007ffee281c264 UE4Editor-Engine.dll!UnknownFunction []
[2019.05.15-19.41.04:783][887]LogWindows: Error: [Callstack] 0x00007ffee281c87a UE4Editor-Engine.dll!UnknownFunction []
[2019.05.15-19.41.04:783][887]LogWindows: Error: [Callstack] 0x00007ffee28a90bd UE4Editor-Engine.dll!UnknownFunction []
[2019.05.15-19.41.04:783][887]LogWindows: Error: [Callstack] 0x00007ffee18fdd34 UE4Editor-Engine.dll!UnknownFunction []
[2019.05.15-19.41.04:783][887]LogWindows: Error: [Callstack] 0x00007ffee19025a4 UE4Editor-Engine.dll!UnknownFunction []
[2019.05.15-19.41.04:783][887]LogWindows: Error: [Callstack] 0x00007ffee1daa363 UE4Editor-Engine.dll!UnknownFunction []
[2019.05.15-19.41.04:783][887]LogWindows: Error: [Callstack] 0x00007ffee1d3ddf3 UE4Editor-Engine.dll!UnknownFunction []
[2019.05.15-19.41.04:783][887]LogWindows: Error: [Callstack] 0x00007ffee1d6861a UE4Editor-Engine.dll!UnknownFunction []
[2019.05.15-19.41.04:783][887]LogWindows: Error: [Callstack] 0x00007ffee1d67475 UE4Editor-Engine.dll!UnknownFunction []
[2019.05.15-19.41.04:783][887]LogWindows: Error: [Callstack] 0x00007ffee28da9c4 UE4Editor-Engine.dll!UnknownFunction []
[2019.05.15-19.41.04:783][887]LogWindows: Error: [Callstack] 0x00007ffee281c264 UE4Editor-Engine.dll!UnknownFunction []
[2019.05.15-19.41.04:783][887]LogWindows: Error: [Callstack] 0x00007ffee281c87a UE4Editor-Engine.dll!UnknownFunction []
[2019.05.15-19.41.04:783][887]LogWindows: Error: [Callstack] 0x00007ffee28a90bd UE4Editor-Engine.dll!UnknownFunction []
[2019.05.15-19.41.04:783][887]LogWindows: Error: [Callstack] 0x00007ffee18fdd34 UE4Editor-Engine.dll!UnknownFunction []
[2019.05.15-19.41.04:783][887]LogWindows: Error: [Callstack] 0x00007ffee19025a4 UE4Editor-Engine.dll!UnknownFunction []
[2019.05.15-19.41.04:783][887]LogWindows: Error: [Callstack] 0x00007ffee1922d5d UE4Editor-Engine.dll!UnknownFunction []
[2019.05.15-19.41.04:783][887]LogWindows: Error: [Callstack] 0x00007ffee22e2a45 UE4Editor-Engine.dll!UnknownFunction []
[2019.05.15-19.41.04:783][887]LogWindows: Error: [Callstack] 0x00007ffee2098b3f UE4Editor-Engine.dll!UnknownFunction []
[2019.05.15-19.41.04:783][887]LogWindows: Error: [Callstack] 0x00007ffee196c11e UE4Editor-Engine.dll!UnknownFunction []
[2019.05.15-19.41.04:783][887]LogWindows: Error: [Callstack] 0x00007ffee4664b14 UE4Editor-CoreUObject.dll!UnknownFunction []
[2019.05.15-19.41.04:783][887]LogWindows: Error: [Callstack] 0x00007ffee48f73c6 UE4Editor-CoreUObject.dll!UnknownFunction []
[2019.05.15-19.41.04:783][887]LogWindows: Error: [Callstack] 0x00007ffee1923923 UE4Editor-Engine.dll!UnknownFunction []
[2019.05.15-19.41.04:783][887]LogWindows: Error: [Callstack] 0x00007ffee2e35ba4 UE4Editor-Engine.dll!UnknownFunction []
[2019.05.15-19.41.04:783][887]LogWindows: Error: [Callstack] 0x00007ffee2098e70 UE4Editor-Engine.dll!UnknownFunction []
[2019.05.15-19.41.04:783][887]LogWindows: Error: [Callstack] 0x00007ffee196c1f8 UE4Editor-Engine.dll!UnknownFunction []
[2019.05.15-19.41.04:783][887]LogWindows: Error: [Callstack] 0x00007ffee4664b14 UE4Editor-CoreUObject.dll!UnknownFunction []
[2019.05.15-19.41.04:783][887]LogWindows: Error: [Callstack] 0x00007ffee48f73c6 UE4Editor-CoreUObject.dll!UnknownFunction []
[2019.05.15-19.41.04:783][887]LogWindows: Error: [Callstack] 0x00007ffee1923923 UE4Editor-Engine.dll!UnknownFunction []
[2019.05.15-19.41.04:783][887]LogWindows: Error: [Callstack] 0x00007ffee2e35c27 UE4Editor-Engine.dll!UnknownFunction []
[2019.05.15-19.41.04:783][887]LogWindows: Error: [Callstack] 0x00007ffee2095dab UE4Editor-Engine.dll!UnknownFunction []
[2019.05.15-19.41.04:783][887]LogWindows: Error: [Callstack] 0x00007ffee2095aa6 UE4Editor-Engine.dll!UnknownFunction []
[2019.05.15-19.41.04:783][887]LogWindows: Error: [Callstack] 0x00007ffee207e91e UE4Editor-Engine.dll!UnknownFunction []
[2019.05.15-19.41.04:783][887]LogWindows: Error: [Callstack] 0x00007ffee209763b UE4Editor-Engine.dll!UnknownFunction []
[2019.05.15-19.41.04:783][887]LogWindows: Error: [Callstack] 0x00007ffee209b7d3 UE4Editor-Engine.dll!UnknownFunction []
[2019.05.15-19.41.04:783][887]LogWindows: Error: [Callstack] 0x00007ffee2ce865e UE4Editor-Engine.dll!UnknownFunction []
[2019.05.15-19.41.04:783][887]LogWindows: Error: [Callstack] 0x00007ffee209c1f1 UE4Editor-Engine.dll!UnknownFunction []
[2019.05.15-19.41.04:783][887]LogWindows: Error: [Callstack] 0x00007ffed578ac89 UE4Editor-UnrealEd.dll!UnknownFunction []
[2019.05.15-19.41.04:783][887]LogWindows: Error: [Callstack] 0x00007ffed57ab350 UE4Editor-UnrealEd.dll!UnknownFunction []
[2019.05.15-19.41.04:783][887]LogWindows: Error: [Callstack] 0x00007ffed57c92e6 UE4Editor-UnrealEd.dll!UnknownFunction []
[2019.05.15-19.41.04:783][887]LogWindows: Error: [Callstack] 0x00007ffed51c1891 UE4Editor-UnrealEd.dll!UnknownFunction []
[2019.05.15-19.41.04:783][887]LogWindows: Error: [Callstack] 0x00007ffed5ae2346 UE4Editor-UnrealEd.dll!UnknownFunction []
[2019.05.15-19.41.04:783][887]LogWindows: Error: [Callstack] 0x00007ff7db2c6225 UE4Editor.exe!UnknownFunction []
[2019.05.15-19.41.04:783][887]LogWindows: Error: [Callstack] 0x00007ff7db2d596c UE4Editor.exe!UnknownFunction []
[2019.05.15-19.41.04:783][887]LogWindows: Error: [Callstack] 0x00007ff7db2d59ea UE4Editor.exe!UnknownFunction []
[2019.05.15-19.41.04:783][887]LogWindows: Error: [Callstack] 0x00007ff7db2e48da UE4Editor.exe!UnknownFunction []
[2019.05.15-19.41.04:783][887]LogWindows: Error: [Callstack] 0x00007ff7db2e659a UE4Editor.exe!UnknownFunction []
[2019.05.15-19.41.04:783][887]LogWindows: Error: [Callstack] 0x00007fff32c24034 KERNEL32.DLL!UnknownFunction []
[2019.05.15-19.41.04:783][887]LogWindows: Error: [Callstack] 0x00007fff346c3691 ntdll.dll!UnknownFunction []
[2019.05.15-19.41.04:783][887]LogWindows: Error: 
[2019.05.15-19.41.04:793][887]LogExit: Executing StaticShutdownAfterError
[2019.05.15-19.41.04:796][887]LogWindows: FPlatformMisc::RequestExit(1)
[2019.05.15-19.41.04:804][887]Log file closed, 05/15/19 14:41:04
