Log file open, 05/24/19 16:10:53
LogWindows: Failed to load 'aqProf.dll' (GetLastError=126)
LogWindows: File 'aqProf.dll' does not exist
LogWindows: Failed to load 'VtuneApi.dll' (GetLastError=126)
LogWindows: File 'VtuneApi.dll' does not exist
LogWindows: Failed to load 'VtuneApi32e.dll' (GetLastError=126)
LogWindows: File 'VtuneApi32e.dll' does not exist
LogConsoleResponse: Display: Failed to find resolution value strings in scalability ini. Falling back to default.
LogInit: Display: Running engine for game: CFE_LeapMotion
LogPakFile: Registered encryption key '00000000000000000000000000000000': 0 pak files mounted, 0 remain pending
LogPlatformFile: Not using cached read wrapper
LogTaskGraph: Started task graph with 5 named threads and 14 total threads with 3 sets of task threads.
LogStats: Stats thread started at 0.327392
LogD3D11RHI: Loaded GFSDK_Aftermath_Lib.x64.dll
LogICUInternationalization: ICU TimeZone Detection - Raw Offset: -6:00, Platform Override: ''
LogPluginManager: Mounting plugin Paper2D
LogPluginManager: Mounting plugin AISupport
LogPluginManager: Mounting plugin LightPropagationVolume
LogPluginManager: Mounting plugin ActorLayerUtilities
LogPluginManager: Mounting plugin CLionSourceCodeAccess
LogPluginManager: Mounting plugin CodeLiteSourceCodeAccess
LogPluginManager: Mounting plugin GitSourceControl
LogPluginManager: Mounting plugin KDevelopSourceCodeAccess
LogPluginManager: Mounting plugin NullSourceCodeAccess
LogPluginManager: Mounting plugin PerforceSourceControl
LogPluginManager: Mounting plugin SubversionSourceControl
LogPluginManager: Mounting plugin UObjectPlugin
LogPluginManager: Mounting plugin VisualStudioCodeSourceCodeAccess
LogPluginManager: Mounting plugin VisualStudioSourceCodeAccess
LogPluginManager: Mounting plugin XCodeSourceCodeAccess
LogPluginManager: Mounting plugin AssetManagerEditor
LogPluginManager: Mounting plugin CryptoKeys
LogPluginManager: Mounting plugin DataValidation
LogPluginManager: Mounting plugin FacialAnimation
LogPluginManager: Mounting plugin GameplayTagsEditor
LogPluginManager: Mounting plugin MacGraphicsSwitching
LogPluginManager: Mounting plugin MeshEditor
LogPluginManager: Mounting plugin MobileLauncherProfileWizard
LogPluginManager: Mounting plugin PluginBrowser
LogPluginManager: Mounting plugin SpeedTreeImporter
LogPluginManager: Mounting plugin DatasmithContent
LogPluginManager: Mounting plugin VariantManagerContent
LogPluginManager: Mounting plugin AlembicImporter
LogPluginManager: Mounting plugin AppleImageUtils
LogPluginManager: Mounting plugin AppleVision
LogPluginManager: Mounting plugin BackChannel
LogPluginManager: Mounting plugin CharacterAI
LogPluginManager: Mounting plugin GeometryCache
LogPluginManager: Mounting plugin HTML5Networking
LogPluginManager: Mounting plugin ProxyLODPlugin
LogPluginManager: Mounting plugin MagicLeap
LogPluginManager: Mounting plugin MagicLeapMedia
LogPluginManager: Mounting plugin AndroidMedia
LogPluginManager: Mounting plugin AvfMedia
LogPluginManager: Mounting plugin ImgMedia
LogPluginManager: Mounting plugin LinearTimecode
LogPluginManager: Mounting plugin MediaCompositing
LogPluginManager: Mounting plugin MediaPlayerEditor
LogPluginManager: Mounting plugin WebMMedia
LogPluginManager: Mounting plugin WmfMedia
LogPluginManager: Mounting plugin TcpMessaging
LogPluginManager: Mounting plugin UdpMessaging
LogPluginManager: Mounting plugin ActorSequence
LogPluginManager: Mounting plugin LevelSequenceEditor
LogPluginManager: Mounting plugin MatineeToLevelSequence
LogPluginManager: Mounting plugin NetcodeUnitTest
LogPluginManager: Mounting plugin NUTUnrealEngine4
LogPluginManager: Mounting plugin OnlineSubsystemGooglePlay
LogPluginManager: Mounting plugin OnlineSubsystemIOS
LogPluginManager: Mounting plugin OnlineSubsystem
LogPluginManager: Mounting plugin OnlineSubsystemNull
LogPluginManager: Mounting plugin OnlineSubsystemUtils
LogPluginManager: Mounting plugin LauncherChunkInstaller
LogPluginManager: Mounting plugin AndroidDeviceProfileSelector
LogPluginManager: Mounting plugin AndroidMoviePlayer
LogPluginManager: Mounting plugin AndroidPermission
LogPluginManager: Mounting plugin AppleMoviePlayer
LogPluginManager: Mounting plugin ArchVisCharacter
LogPluginManager: Mounting plugin AudioCapture
LogPluginManager: Mounting plugin CableComponent
LogPluginManager: Mounting plugin CustomMeshComponent
LogPluginManager: Mounting plugin EditableMesh
LogPluginManager: Mounting plugin ExampleDeviceProfileSelector
LogPluginManager: Mounting plugin Firebase
LogPluginManager: Mounting plugin GoogleCloudMessaging
LogPluginManager: Mounting plugin IOSDeviceProfileSelector
LogPluginManager: Mounting plugin LeapMotion
LogPluginManager: Mounting plugin LinuxDeviceProfileSelector
LogPluginManager: Mounting plugin LocationServicesBPLibrary
LogPluginManager: Mounting plugin MobilePatchingUtils
LogPluginManager: Mounting plugin OculusVR
LogPluginManager: Mounting plugin PhysXVehicles
LogPluginManager: Mounting plugin ProceduralMeshComponent
LogPluginManager: Mounting plugin RuntimePhysXCooking
LogPluginManager: Mounting plugin SteamVR
LogPluginManager: Mounting plugin WebMMoviePlayer
LogPluginManager: Mounting plugin WindowsMoviePlayer
LogStreaming: Display: Took  0.238s to configure plugins.
LogInit: Using libcurl 7.55.1-DEV
LogInit:  - built for x86_64-pc-win32
LogInit:  - supports SSL with OpenSSL/1.0.2h
LogInit:  - supports HTTP deflate (compression) using libz 1.2.8
LogInit:  - other features:
LogInit:      CURL_VERSION_SSL
LogInit:      CURL_VERSION_LIBZ
LogInit:      CURL_VERSION_IPV6
LogInit:      CURL_VERSION_ASYNCHDNS
LogInit:      CURL_VERSION_LARGEFILE
LogInit:      CURL_VERSION_IDN
LogInit:  CurlRequestOptions (configurable via config and command line):
LogInit:  - bVerifyPeer = true  - Libcurl will verify peer certificate
LogInit:  - bUseHttpProxy = false  - Libcurl will NOT use HTTP proxy
LogInit:  - bDontReuseConnections = false  - Libcurl will reuse connections
LogInit:  - MaxHostConnections = 16  - Libcurl will limit the number of connections to a host
LogInit:  - LocalHostAddr = Default
LogInit:  - BufferSize = 65536
LogInit: WinSock: version 1.1 (2.2), MaxSocks=32767, MaxUdp=65467
LogInit: Build: ++UE4+Release-4.21-CL-4753647
LogInit: Engine Version: 4.21.2-4753647+++UE4+Release-4.21
LogInit: Compatible Engine Version: 4.21.0-4541578+++UE4+Release-4.21
LogInit: Net CL: 4541578
LogInit: OS: Windows 10 (), CPU: AMD A10-8700P Radeon R6, 10 Compute Cores 4C+6G, GPU: AMD Radeon(TM) R6 Graphics
LogInit: Compiled (64-bit): Jan 19 2019 02:07:31
LogInit: Compiled with Visual C++: 19.13.26129.00
LogInit: Build Configuration: Development
LogInit: Branch Name: ++UE4+Release-4.21
LogInit: Command Line: 
LogInit: Base Directory: C:/Program Files/Epic Games/UE_4.21/Engine/Binaries/Win64/
LogInit: Installed Engine Build: 1
LogDevObjectVersion: Number of dev versions registered: 22
LogDevObjectVersion:   Dev-Blueprints (B0D832E4-1F89-4F0D-ACCF-7EB736FD4AA2): 10
LogDevObjectVersion:   Dev-Build (E1C64328-A22C-4D53-A36C-8E866417BD8C): 0
LogDevObjectVersion:   Dev-Core (375EC13C-06E4-48FB-B500-84F0262A717E): 2
LogDevObjectVersion:   Dev-Editor (E4B068ED-F494-42E9-A231-DA0B2E46BB41): 26
LogDevObjectVersion:   Dev-Framework (CFFC743F-43B0-4480-9391-14DF171D2073): 34
LogDevObjectVersion:   Dev-Mobile (B02B49B5-BB20-44E9-A304-32B752E40360): 2
LogDevObjectVersion:   Dev-Networking (A4E4105C-59A1-49B5-A7C5-40C4547EDFEE): 0
LogDevObjectVersion:   Dev-Online (39C831C9-5AE6-47DC-9A44-9C173E1C8E7C): 0
LogDevObjectVersion:   Dev-Physics (78F01B33-EBEA-4F98-B9B4-84EACCB95AA2): 0
LogDevObjectVersion:   Dev-Platform (6631380F-2D4D-43E0-8009-CF276956A95A): 0
LogDevObjectVersion:   Dev-Rendering (12F88B9F-8875-4AFC-A67C-D90C383ABD29): 27
LogDevObjectVersion:   Dev-Sequencer (7B5AE74C-D270-4C10-A958-57980B212A5A): 9
LogDevObjectVersion:   Dev-VR (D7296918-1DD6-4BDD-9DE2-64A83CC13884): 2
LogDevObjectVersion:   Dev-LoadTimes (C2A15278-BFE7-4AFE-6C17-90FF531DF755): 1
LogDevObjectVersion:   Private-Geometry (6EACA3D4-40EC-4CC1-B786-8BED09428FC5): 3
LogDevObjectVersion:   Dev-AnimPhys (29E575DD-E0A3-4627-9D10-D276232CDCEA): 17
LogDevObjectVersion:   Dev-Anim (AF43A65D-7FD3-4947-9873-3E8ED9C1BB05): 2
LogDevObjectVersion:   Dev-ReflectionCapture (6B266CEC-1EC7-4B8F-A30B-E4D90942FC07): 1
LogDevObjectVersion:   Dev-Automation (0DF73D61-A23F-47EA-B727-89E90C41499A): 1
LogDevObjectVersion:   FortniteMain (601D1886-AC64-4F84-AA16-D3DE0DEAC7D6): 17
LogDevObjectVersion:   Dev-Enterprise (9DFFBCD6-494F-0158-E221-12823C92A888): 4
LogDevObjectVersion:   Dev-Niagara (F2AED0AC-9AFE-416F-8664-AA7FFA26D6FC): 1
LogStreaming: Display: Took  0.009s to delete old logs.
LogInit: Presizing for max 8388607 objects, including 0 objects not considered by GC, pre-allocating 0 bytes for permanent pool.
LogInit: Object subsystem initialized
LogConfig: Setting CVar [[con.DebugEarlyDefault:1]]
LogConfig: Setting CVar [[r.setres:1280x720]]
[2019.05.24-21.10.53:961][  0]LogConfig: Setting CVar [[r.VSync:0]]
[2019.05.24-21.10.53:962][  0]LogConfig: Setting CVar [[r.RHICmdBypass:0]]
[2019.05.24-21.10.53:962][  0]LogConfig: Applying CVar settings from Section [/Script/Engine.RendererSettings] File [C:/Users/Samuel/Documents/GitHub/CFE_RV/CFE_LeapMotion2/Saved/Config/Windows/Engine.ini]
[2019.05.24-21.10.53:962][  0]LogConfig: Setting CVar [[r.GPUCrashDebugging:0]]
[2019.05.24-21.10.53:962][  0]LogConfig: Applying CVar settings from Section [/Script/Engine.RendererOverrideSettings] File [C:/Users/Samuel/Documents/GitHub/CFE_RV/CFE_LeapMotion2/Saved/Config/Windows/Engine.ini]
[2019.05.24-21.10.53:962][  0]LogConfig: Applying CVar settings from Section [/Script/Engine.StreamingSettings] File [C:/Users/Samuel/Documents/GitHub/CFE_RV/CFE_LeapMotion2/Saved/Config/Windows/Engine.ini]
[2019.05.24-21.10.53:962][  0]LogConfig: Setting CVar [[s.MinBulkDataSizeForAsyncLoading:131072]]
[2019.05.24-21.10.53:962][  0]LogConfig: Setting CVar [[s.AsyncLoadingThreadEnabled:0]]
[2019.05.24-21.10.53:962][  0]LogConfig: Setting CVar [[s.EventDrivenLoaderEnabled:1]]
[2019.05.24-21.10.53:962][  0]LogConfig: Setting CVar [[s.WarnIfTimeLimitExceeded:0]]
[2019.05.24-21.10.53:962][  0]LogConfig: Setting CVar [[s.TimeLimitExceededMultiplier:1.5]]
[2019.05.24-21.10.53:962][  0]LogConfig: Setting CVar [[s.TimeLimitExceededMinTime:0.005]]
[2019.05.24-21.10.53:962][  0]LogConfig: Setting CVar [[s.UseBackgroundLevelStreaming:1]]
[2019.05.24-21.10.53:962][  0]LogConfig: Setting CVar [[s.PriorityAsyncLoadingExtraTime:15.0]]
[2019.05.24-21.10.53:962][  0]LogConfig: Setting CVar [[s.LevelStreamingActorsUpdateTimeLimit:5.0]]
[2019.05.24-21.10.53:962][  0]LogConfig: Setting CVar [[s.PriorityLevelStreamingActorsUpdateExtraTime:5.0]]
[2019.05.24-21.10.53:962][  0]LogConfig: Setting CVar [[s.LevelStreamingComponentsRegistrationGranularity:10]]
[2019.05.24-21.10.53:962][  0]LogConfig: Setting CVar [[s.UnregisterComponentsTimeLimit:1.0]]
[2019.05.24-21.10.53:962][  0]LogConfig: Setting CVar [[s.LevelStreamingComponentsUnregistrationGranularity:5]]
[2019.05.24-21.10.53:962][  0]LogConfig: Applying CVar settings from Section [/Script/Engine.GarbageCollectionSettings] File [C:/Users/Samuel/Documents/GitHub/CFE_RV/CFE_LeapMotion2/Saved/Config/Windows/Engine.ini]
[2019.05.24-21.10.53:962][  0]LogConfig: Setting CVar [[gc.MaxObjectsNotConsideredByGC:1]]
[2019.05.24-21.10.53:962][  0]LogConfig: Setting CVar [[gc.SizeOfPermanentObjectPool:0]]
[2019.05.24-21.10.53:962][  0]LogConfig: Setting CVar [[gc.FlushStreamingOnGC:0]]
[2019.05.24-21.10.53:962][  0]LogConfig: Setting CVar [[gc.NumRetriesBeforeForcingGC:10]]
[2019.05.24-21.10.53:962][  0]LogConfig: Setting CVar [[gc.AllowParallelGC:1]]
[2019.05.24-21.10.53:962][  0]LogConfig: Setting CVar [[gc.TimeBetweenPurgingPendingKillObjects:61.1]]
[2019.05.24-21.10.53:962][  0]LogConfig: Setting CVar [[gc.MaxObjectsInEditor:8388607]]
[2019.05.24-21.10.53:962][  0]LogConfig: Setting CVar [[gc.IncrementalBeginDestroyEnabled:1]]
[2019.05.24-21.10.53:962][  0]LogConfig: Setting CVar [[gc.CreateGCClusters:1]]
[2019.05.24-21.10.53:963][  0]LogConfig: Setting CVar [[gc.MergeGCClusters:0]]
[2019.05.24-21.10.53:963][  0]LogConfig: Setting CVar [[gc.MinGCClusterSize:5]]
[2019.05.24-21.10.53:963][  0]LogConfig: Setting CVar [[gc.ActorClusteringEnabled:0]]
[2019.05.24-21.10.53:963][  0]LogConfig: Setting CVar [[gc.BlueprintClusteringEnabled:0]]
[2019.05.24-21.10.53:963][  0]LogConfig: Setting CVar [[gc.UseDisregardForGCOnDedicatedServers:0]]
[2019.05.24-21.10.53:963][  0]LogConfig: Applying CVar settings from Section [/Script/Engine.NetworkSettings] File [C:/Users/Samuel/Documents/GitHub/CFE_RV/CFE_LeapMotion2/Saved/Config/Windows/Engine.ini]
[2019.05.24-21.10.53:963][  0]LogConfig: Applying CVar settings from Section [/Script/UnrealEd.CookerSettings] File [C:/Users/Samuel/Documents/GitHub/CFE_RV/CFE_LeapMotion2/Saved/Config/Windows/Engine.ini]
[2019.05.24-21.10.53:967][  0]LogConfig: Applying CVar settings from Section [ViewDistanceQuality@3] File [C:/Users/Samuel/Documents/GitHub/CFE_RV/CFE_LeapMotion2/Saved/Config/Windows/Scalability.ini]
[2019.05.24-21.10.53:967][  0]LogConfig: Setting CVar [[r.SkeletalMeshLODBias:0]]
[2019.05.24-21.10.53:967][  0]LogConfig: Setting CVar [[r.ViewDistanceScale:1.0]]
[2019.05.24-21.10.53:967][  0]LogConfig: Applying CVar settings from Section [AntiAliasingQuality@3] File [C:/Users/Samuel/Documents/GitHub/CFE_RV/CFE_LeapMotion2/Saved/Config/Windows/Scalability.ini]
[2019.05.24-21.10.53:967][  0]LogConfig: Setting CVar [[r.PostProcessAAQuality:4]]
[2019.05.24-21.10.53:967][  0]LogConfig: Applying CVar settings from Section [ShadowQuality@3] File [C:/Users/Samuel/Documents/GitHub/CFE_RV/CFE_LeapMotion2/Saved/Config/Windows/Scalability.ini]
[2019.05.24-21.10.53:967][  0]LogConfig: Setting CVar [[r.LightFunctionQuality:1]]
[2019.05.24-21.10.53:967][  0]LogConfig: Setting CVar [[r.ShadowQuality:5]]
[2019.05.24-21.10.53:967][  0]LogConfig: Setting CVar [[r.Shadow.CSM.MaxCascades:10]]
[2019.05.24-21.10.53:967][  0]LogConfig: Setting CVar [[r.Shadow.MaxResolution:2048]]
[2019.05.24-21.10.53:967][  0]LogConfig: Setting CVar [[r.Shadow.MaxCSMResolution:2048]]
[2019.05.24-21.10.53:968][  0]LogConfig: Setting CVar [[r.Shadow.RadiusThreshold:0.01]]
[2019.05.24-21.10.53:968][  0]LogConfig: Setting CVar [[r.Shadow.DistanceScale:1.0]]
[2019.05.24-21.10.53:968][  0]LogConfig: Setting CVar [[r.Shadow.CSM.TransitionScale:1.0]]
[2019.05.24-21.10.53:968][  0]LogConfig: Setting CVar [[r.Shadow.PreShadowResolutionFactor:1.0]]
[2019.05.24-21.10.53:968][  0]LogConfig: Setting CVar [[r.DistanceFieldShadowing:1]]
[2019.05.24-21.10.53:968][  0]LogConfig: Setting CVar [[r.DistanceFieldAO:1]]
[2019.05.24-21.10.53:968][  0]LogConfig: Setting CVar [[r.AOQuality:2]]
[2019.05.24-21.10.53:968][  0]LogConfig: Setting CVar [[r.VolumetricFog:1]]
[2019.05.24-21.10.53:968][  0]LogConfig: Setting CVar [[r.VolumetricFog.GridPixelSize:8]]
[2019.05.24-21.10.53:968][  0]LogConfig: Setting CVar [[r.VolumetricFog.GridSizeZ:128]]
[2019.05.24-21.10.53:968][  0]LogConfig: Setting CVar [[r.VolumetricFog.HistoryMissSupersampleCount:4]]
[2019.05.24-21.10.53:968][  0]LogConfig: Setting CVar [[r.LightMaxDrawDistanceScale:1]]
[2019.05.24-21.10.53:968][  0]LogConfig: Setting CVar [[r.CapsuleShadows:1]]
[2019.05.24-21.10.53:968][  0]LogConfig: Applying CVar settings from Section [PostProcessQuality@3] File [C:/Users/Samuel/Documents/GitHub/CFE_RV/CFE_LeapMotion2/Saved/Config/Windows/Scalability.ini]
[2019.05.24-21.10.53:968][  0]LogConfig: Setting CVar [[r.MotionBlurQuality:4]]
[2019.05.24-21.10.53:968][  0]LogConfig: Setting CVar [[r.AmbientOcclusionMipLevelFactor:0.4]]
[2019.05.24-21.10.53:968][  0]LogConfig: Setting CVar [[r.AmbientOcclusionMaxQuality:100]]
[2019.05.24-21.10.53:968][  0]LogConfig: Setting CVar [[r.AmbientOcclusionLevels:-1]]
[2019.05.24-21.10.53:968][  0]LogConfig: Setting CVar [[r.AmbientOcclusionRadiusScale:1.0]]
[2019.05.24-21.10.53:968][  0]LogConfig: Setting CVar [[r.DepthOfFieldQuality:2]]
[2019.05.24-21.10.53:968][  0]LogConfig: Setting CVar [[r.RenderTargetPoolMin:400]]
[2019.05.24-21.10.53:968][  0]LogConfig: Setting CVar [[r.LensFlareQuality:2]]
[2019.05.24-21.10.53:968][  0]LogConfig: Setting CVar [[r.SceneColorFringeQuality:1]]
[2019.05.24-21.10.53:968][  0]LogConfig: Setting CVar [[r.EyeAdaptationQuality:2]]
[2019.05.24-21.10.53:968][  0]LogConfig: Setting CVar [[r.BloomQuality:5]]
[2019.05.24-21.10.53:968][  0]LogConfig: Setting CVar [[r.FastBlurThreshold:100]]
[2019.05.24-21.10.53:968][  0]LogConfig: Setting CVar [[r.Upscale.Quality:3]]
[2019.05.24-21.10.53:968][  0]LogConfig: Setting CVar [[r.Tonemapper.GrainQuantization:1]]
[2019.05.24-21.10.53:968][  0]LogConfig: Setting CVar [[r.LightShaftQuality:1]]
[2019.05.24-21.10.53:968][  0]LogConfig: Setting CVar [[r.Filter.SizeScale:1]]
[2019.05.24-21.10.53:968][  0]LogConfig: Setting CVar [[r.Tonemapper.Quality:5]]
[2019.05.24-21.10.53:968][  0]LogConfig: Setting CVar [[r.DOF.Gather.AccumulatorQuality:1        ; higher gathering accumulator quality]]
[2019.05.24-21.10.53:968][  0]LogConfig: Setting CVar [[r.DOF.Gather.PostfilterMethod:1          ; Median3x3 postfilering method]]
[2019.05.24-21.10.53:968][  0]LogConfig: Setting CVar [[r.DOF.Gather.EnableBokehSettings:0       ; no bokeh simulation when gathering]]
[2019.05.24-21.10.53:969][  0]LogConfig: Setting CVar [[r.DOF.Gather.RingCount:4                 ; medium number of samples when gathering]]
[2019.05.24-21.10.53:969][  0]LogConfig: Setting CVar [[r.DOF.Scatter.ForegroundCompositing:1    ; additive foreground scattering]]
[2019.05.24-21.10.53:969][  0]LogConfig: Setting CVar [[r.DOF.Scatter.BackgroundCompositing:2    ; additive background scattering]]
[2019.05.24-21.10.53:969][  0]LogConfig: Setting CVar [[r.DOF.Scatter.EnableBokehSettings:1      ; bokeh simulation when scattering]]
[2019.05.24-21.10.53:969][  0]LogConfig: Setting CVar [[r.DOF.Scatter.MaxSpriteRatio:0.1         ; only a maximum of 10% of scattered bokeh]]
[2019.05.24-21.10.53:969][  0]LogConfig: Setting CVar [[r.DOF.Recombine.Quality:1                ; cheap slight out of focus]]
[2019.05.24-21.10.53:969][  0]LogConfig: Setting CVar [[r.DOF.Recombine.EnableBokehSettings:0    ; no bokeh simulation on slight out of focus]]
[2019.05.24-21.10.53:969][  0]LogConfig: Setting CVar [[r.DOF.TemporalAAQuality:1                ; more stable temporal accumulation]]
[2019.05.24-21.10.53:969][  0]LogConfig: Setting CVar [[r.DOF.Kernel.MaxForegroundRadius:0.025]]
[2019.05.24-21.10.53:969][  0]LogConfig: Setting CVar [[r.DOF.Kernel.MaxBackgroundRadius:0.025]]
[2019.05.24-21.10.53:969][  0]LogConfig: Applying CVar settings from Section [TextureQuality@3] File [C:/Users/Samuel/Documents/GitHub/CFE_RV/CFE_LeapMotion2/Saved/Config/Windows/Scalability.ini]
[2019.05.24-21.10.53:969][  0]LogConfig: Setting CVar [[r.Streaming.MipBias:0]]
[2019.05.24-21.10.53:969][  0]LogConfig: Setting CVar [[r.Streaming.AmortizeCPUToGPUCopy:0]]
[2019.05.24-21.10.53:969][  0]LogConfig: Setting CVar [[r.Streaming.MaxNumTexturesToStreamPerFrame:0]]
[2019.05.24-21.10.53:969][  0]LogConfig: Setting CVar [[r.Streaming.Boost:1]]
[2019.05.24-21.10.53:969][  0]LogConfig: Setting CVar [[r.MaxAnisotropy:8]]
[2019.05.24-21.10.53:969][  0]LogConfig: Setting CVar [[r.Streaming.LimitPoolSizeToVRAM:0]]
[2019.05.24-21.10.53:969][  0]LogConfig: Setting CVar [[r.Streaming.PoolSize:1000]]
[2019.05.24-21.10.53:969][  0]LogConfig: Setting CVar [[r.Streaming.MaxEffectiveScreenSize:0]]
[2019.05.24-21.10.53:969][  0]LogConfig: Applying CVar settings from Section [EffectsQuality@3] File [C:/Users/Samuel/Documents/GitHub/CFE_RV/CFE_LeapMotion2/Saved/Config/Windows/Scalability.ini]
[2019.05.24-21.10.53:969][  0]LogConfig: Setting CVar [[r.TranslucencyLightingVolumeDim:64]]
[2019.05.24-21.10.53:969][  0]LogConfig: Setting CVar [[r.RefractionQuality:2]]
[2019.05.24-21.10.53:969][  0]LogConfig: Setting CVar [[r.SSR.Quality:3]]
[2019.05.24-21.10.53:969][  0]LogConfig: Setting CVar [[r.SceneColorFormat:4]]
[2019.05.24-21.10.53:969][  0]LogConfig: Setting CVar [[r.DetailMode:2]]
[2019.05.24-21.10.53:969][  0]LogConfig: Setting CVar [[r.TranslucencyVolumeBlur:1]]
[2019.05.24-21.10.53:969][  0]LogConfig: Setting CVar [[r.MaterialQualityLevel:1 ; High quality]]
[2019.05.24-21.10.53:969][  0]LogConfig: Setting CVar [[r.SSS.Scale:1]]
[2019.05.24-21.10.53:969][  0]LogConfig: Setting CVar [[r.SSS.SampleSet:2]]
[2019.05.24-21.10.53:969][  0]LogConfig: Setting CVar [[r.SSS.Quality:1]]
[2019.05.24-21.10.53:969][  0]LogConfig: Setting CVar [[r.SSS.HalfRes:1]]
[2019.05.24-21.10.53:969][  0]LogConfig: Setting CVar [[r.EmitterSpawnRateScale:1.0]]
[2019.05.24-21.10.53:969][  0]LogConfig: Setting CVar [[r.ParticleLightQuality:2]]
[2019.05.24-21.10.53:969][  0]LogConfig: Applying CVar settings from Section [FoliageQuality@3] File [C:/Users/Samuel/Documents/GitHub/CFE_RV/CFE_LeapMotion2/Saved/Config/Windows/Scalability.ini]
[2019.05.24-21.10.53:970][  0]LogConfig: Setting CVar [[foliage.DensityScale:1.0]]
[2019.05.24-21.10.53:970][  0]LogConfig: Setting CVar [[grass.DensityScale:1.0]]
[2019.05.24-21.10.53:970][  0]LogInit: Selected Device Profile: [Windows]
[2019.05.24-21.10.53:970][  0]LogInit: Applying CVar settings loaded from the selected device profile: [Windows]
[2019.05.24-21.10.54:000][  0]LogHAL: Display: Platform has ~ 7 GB [7455145984 / 8589934592 / 7], which maps to Smaller [LargestMinGB=32, LargerMinGB=12, DefaultMinGB=8, SmallerMinGB=6, SmallestMinGB=0)
[2019.05.24-21.10.54:000][  0]LogConfig: Setting CVar [[r.Vulkan.UseRealUBs:1]]
[2019.05.24-21.10.54:000][  0]LogInit: Going up to parent DeviceProfile []
[2019.05.24-21.10.54:000][  0]LogConfig: Applying CVar settings from Section [ViewDistanceQuality@1] File [C:/Users/Samuel/Documents/GitHub/CFE_RV/CFE_LeapMotion2/Saved/Config/Windows/Scalability.ini]
[2019.05.24-21.10.54:000][  0]LogConfig: Setting CVar [[r.SkeletalMeshLODBias:1]]
[2019.05.24-21.10.54:000][  0]LogConfig: Setting CVar [[r.ViewDistanceScale:0.6]]
[2019.05.24-21.10.54:000][  0]LogConfig: Applying CVar settings from Section [AntiAliasingQuality@1] File [C:/Users/Samuel/Documents/GitHub/CFE_RV/CFE_LeapMotion2/Saved/Config/Windows/Scalability.ini]
[2019.05.24-21.10.54:000][  0]LogConfig: Setting CVar [[r.PostProcessAAQuality:2]]
[2019.05.24-21.10.54:000][  0]LogConfig: Applying CVar settings from Section [ShadowQuality@1] File [C:/Users/Samuel/Documents/GitHub/CFE_RV/CFE_LeapMotion2/Saved/Config/Windows/Scalability.ini]
[2019.05.24-21.10.54:000][  0]LogConfig: Setting CVar [[r.LightFunctionQuality:1]]
[2019.05.24-21.10.54:001][  0]LogConfig: Setting CVar [[r.ShadowQuality:3]]
[2019.05.24-21.10.54:001][  0]LogConfig: Setting CVar [[r.Shadow.CSM.MaxCascades:1]]
[2019.05.24-21.10.54:001][  0]LogConfig: Setting CVar [[r.Shadow.MaxResolution:1024]]
[2019.05.24-21.10.54:001][  0]LogConfig: Setting CVar [[r.Shadow.MaxCSMResolution:1024]]
[2019.05.24-21.10.54:001][  0]LogConfig: Setting CVar [[r.Shadow.RadiusThreshold:0.05]]
[2019.05.24-21.10.54:001][  0]LogConfig: Setting CVar [[r.Shadow.DistanceScale:0.7]]
[2019.05.24-21.10.54:001][  0]LogConfig: Setting CVar [[r.Shadow.CSM.TransitionScale:0.25]]
[2019.05.24-21.10.54:001][  0]LogConfig: Setting CVar [[r.Shadow.PreShadowResolutionFactor:0.5]]
[2019.05.24-21.10.54:001][  0]LogConfig: Setting CVar [[r.DistanceFieldShadowing:0]]
[2019.05.24-21.10.54:001][  0]LogConfig: Setting CVar [[r.DistanceFieldAO:0]]
[2019.05.24-21.10.54:001][  0]LogConfig: Setting CVar [[r.VolumetricFog:0]]
[2019.05.24-21.10.54:001][  0]LogConfig: Setting CVar [[r.LightMaxDrawDistanceScale:.5]]
[2019.05.24-21.10.54:001][  0]LogConfig: Setting CVar [[r.CapsuleShadows:1]]
[2019.05.24-21.10.54:001][  0]LogConfig: Applying CVar settings from Section [PostProcessQuality@1] File [C:/Users/Samuel/Documents/GitHub/CFE_RV/CFE_LeapMotion2/Saved/Config/Windows/Scalability.ini]
[2019.05.24-21.10.54:001][  0]LogConfig: Setting CVar [[r.MotionBlurQuality:3]]
[2019.05.24-21.10.54:001][  0]LogConfig: Setting CVar [[r.AmbientOcclusionMipLevelFactor:1.0]]
[2019.05.24-21.10.54:001][  0]LogConfig: Setting CVar [[r.AmbientOcclusionMaxQuality:60]]
[2019.05.24-21.10.54:001][  0]LogConfig: Setting CVar [[r.AmbientOcclusionLevels:-1]]
[2019.05.24-21.10.54:001][  0]LogConfig: Setting CVar [[r.AmbientOcclusionRadiusScale:1.5]]
[2019.05.24-21.10.54:001][  0]LogConfig: Setting CVar [[r.DepthOfFieldQuality:1]]
[2019.05.24-21.10.54:001][  0]LogConfig: Setting CVar [[r.RenderTargetPoolMin:350]]
[2019.05.24-21.10.54:001][  0]LogConfig: Setting CVar [[r.LensFlareQuality:0]]
[2019.05.24-21.10.54:001][  0]LogConfig: Setting CVar [[r.SceneColorFringeQuality:0]]
[2019.05.24-21.10.54:001][  0]LogConfig: Setting CVar [[r.EyeAdaptationQuality:0]]
[2019.05.24-21.10.54:001][  0]LogConfig: Setting CVar [[r.BloomQuality:4]]
[2019.05.24-21.10.54:001][  0]LogConfig: Setting CVar [[r.FastBlurThreshold:2]]
[2019.05.24-21.10.54:001][  0]LogConfig: Setting CVar [[r.Upscale.Quality:2]]
[2019.05.24-21.10.54:001][  0]LogConfig: Setting CVar [[r.Tonemapper.GrainQuantization:0]]
[2019.05.24-21.10.54:001][  0]LogConfig: Setting CVar [[r.LightShaftQuality:0]]
[2019.05.24-21.10.54:001][  0]LogConfig: Setting CVar [[r.Filter.SizeScale:0.7]]
[2019.05.24-21.10.54:001][  0]LogConfig: Setting CVar [[r.Tonemapper.Quality:2]]
[2019.05.24-21.10.54:001][  0]LogConfig: Setting CVar [[r.DOF.Gather.AccumulatorQuality:0        ; lower gathering accumulator quality]]
[2019.05.24-21.10.54:001][  0]LogConfig: Setting CVar [[r.DOF.Gather.PostfilterMethod:2          ; Max3x3 postfilering method]]
[2019.05.24-21.10.54:001][  0]LogConfig: Setting CVar [[r.DOF.Gather.EnableBokehSettings:0       ; no bokeh simulation when gathering]]
[2019.05.24-21.10.54:001][  0]LogConfig: Setting CVar [[r.DOF.Gather.RingCount:3                 ; low number of samples when gathering]]
[2019.05.24-21.10.54:001][  0]LogConfig: Setting CVar [[r.DOF.Scatter.ForegroundCompositing:0    ; no foreground scattering]]
[2019.05.24-21.10.54:001][  0]LogConfig: Setting CVar [[r.DOF.Scatter.BackgroundCompositing:0    ; no foreground scattering]]
[2019.05.24-21.10.54:002][  0]LogConfig: Setting CVar [[r.DOF.Recombine.Quality:0                ; no slight out of focus]]
[2019.05.24-21.10.54:002][  0]LogConfig: Setting CVar [[r.DOF.TemporalAAQuality:0                ; faster temporal accumulation]]
[2019.05.24-21.10.54:002][  0]LogConfig: Setting CVar [[r.DOF.Kernel.MaxForegroundRadius:0.006   ; required because low gathering and no scattering and not looking great at 1080p]]
[2019.05.24-21.10.54:002][  0]LogConfig: Setting CVar [[r.DOF.Kernel.MaxBackgroundRadius:0.006   ; required because low gathering and no scattering and not looking great at 1080p]]
[2019.05.24-21.10.54:002][  0]LogConfig: Applying CVar settings from Section [TextureQuality@1] File [C:/Users/Samuel/Documents/GitHub/CFE_RV/CFE_LeapMotion2/Saved/Config/Windows/Scalability.ini]
[2019.05.24-21.10.54:002][  0]LogConfig: Setting CVar [[r.Streaming.MipBias:1]]
[2019.05.24-21.10.54:002][  0]LogConfig: Setting CVar [[r.Streaming.AmortizeCPUToGPUCopy:0]]
[2019.05.24-21.10.54:002][  0]LogConfig: Setting CVar [[r.Streaming.MaxNumTexturesToStreamPerFrame:0]]
[2019.05.24-21.10.54:002][  0]LogConfig: Setting CVar [[r.Streaming.Boost:1]]
[2019.05.24-21.10.54:002][  0]LogConfig: Setting CVar [[r.MaxAnisotropy:2]]
[2019.05.24-21.10.54:002][  0]LogConfig: Setting CVar [[r.Streaming.LimitPoolSizeToVRAM:1]]
[2019.05.24-21.10.54:002][  0]LogConfig: Setting CVar [[r.Streaming.PoolSize:600]]
[2019.05.24-21.10.54:002][  0]LogConfig: Setting CVar [[r.Streaming.MaxEffectiveScreenSize:0]]
[2019.05.24-21.10.54:002][  0]LogConfig: Applying CVar settings from Section [EffectsQuality@1] File [C:/Users/Samuel/Documents/GitHub/CFE_RV/CFE_LeapMotion2/Saved/Config/Windows/Scalability.ini]
[2019.05.24-21.10.54:002][  0]LogConfig: Setting CVar [[r.TranslucencyLightingVolumeDim:32]]
[2019.05.24-21.10.54:002][  0]LogConfig: Setting CVar [[r.RefractionQuality:0]]
[2019.05.24-21.10.54:002][  0]LogConfig: Setting CVar [[r.SSR.Quality:0]]
[2019.05.24-21.10.54:002][  0]LogConfig: Setting CVar [[r.SceneColorFormat:3]]
[2019.05.24-21.10.54:002][  0]LogConfig: Setting CVar [[r.DetailMode:1]]
[2019.05.24-21.10.54:002][  0]LogConfig: Setting CVar [[r.TranslucencyVolumeBlur:0]]
[2019.05.24-21.10.54:002][  0]LogConfig: Setting CVar [[r.MaterialQualityLevel:2 ; Medium quality]]
[2019.05.24-21.10.54:002][  0]LogConfig: Setting CVar [[r.SSS.Scale:0.75]]
[2019.05.24-21.10.54:002][  0]LogConfig: Setting CVar [[r.SSS.SampleSet:0]]
[2019.05.24-21.10.54:002][  0]LogConfig: Setting CVar [[r.SSS.Quality:0]]
[2019.05.24-21.10.54:002][  0]LogConfig: Setting CVar [[r.SSS.HalfRes:1]]
[2019.05.24-21.10.54:002][  0]LogConfig: Setting CVar [[r.EmitterSpawnRateScale:0.25]]
[2019.05.24-21.10.54:002][  0]LogConfig: Setting CVar [[r.ParticleLightQuality:0]]
[2019.05.24-21.10.54:002][  0]LogConfig: Applying CVar settings from Section [FoliageQuality@1] File [C:/Users/Samuel/Documents/GitHub/CFE_RV/CFE_LeapMotion2/Saved/Config/Windows/Scalability.ini]
[2019.05.24-21.10.54:002][  0]LogConfig: Setting CVar [[foliage.DensityScale:0.4]]
[2019.05.24-21.10.54:002][  0]LogConfig: Setting CVar [[grass.DensityScale:0.4]]
[2019.05.24-21.10.54:002][  0]LogConfig: Applying CVar settings from Section [Startup] File [../../../Engine/Config/ConsoleVariables.ini]
[2019.05.24-21.10.54:003][  0]LogConfig: Setting CVar [[net.UseAdaptiveNetUpdateFrequency:0]]
[2019.05.24-21.10.54:003][  0]LogConfig: Applying CVar settings from Section [ConsoleVariables] File [C:/Users/Samuel/Documents/GitHub/CFE_RV/CFE_LeapMotion2/Saved/Config/Windows/Engine.ini]
[2019.05.24-21.10.54:003][  0]LogInit: Computer: DESKTOP-RTM83TK
[2019.05.24-21.10.54:003][  0]LogInit: User: Samuel
[2019.05.24-21.10.54:003][  0]LogInit: CPU Page size=4096, Cores=4
[2019.05.24-21.10.54:003][  0]LogInit: High frequency timer resolution =10.000000 MHz
[2019.05.24-21.10.54:004][  0]LogMemory: Memory total: Physical=6.9GB (7GB approx)
[2019.05.24-21.10.54:004][  0]LogMemory: Platform Memory Stats for Windows
[2019.05.24-21.10.54:004][  0]LogMemory: Process Physical Memory: 102.95 MB used, 102.96 MB peak
[2019.05.24-21.10.54:004][  0]LogMemory: Process Virtual Memory: 96.11 MB used, 96.11 MB peak
[2019.05.24-21.10.54:004][  0]LogMemory: Physical Memory: 3305.05 MB used,  3804.73 MB free, 7109.78 MB total
[2019.05.24-21.10.54:004][  0]LogMemory: Virtual Memory: 4641.57 MB used,  134213088.00 MB free, 134217728.00 MB total
[2019.05.24-21.10.54:049][  0]LogInit: Overriding language with editor language configuration option (en).
[2019.05.24-21.10.54:049][  0]LogInit: Overriding locale with editor locale configuration option (en).
[2019.05.24-21.10.54:824][  0]LogStreaming: Display: Took  0.774s to InitEngineTextLocalization.
[2019.05.24-21.10.54:824][  0]LogInit: Setting process to per monitor DPI aware
[2019.05.24-21.10.54:899][  0]LogSlate: New Slate User Created.  User Index 0, Is Virtual User: 0
[2019.05.24-21.10.54:899][  0]LogSlate: Slate User Registered.  User Index 0, Is Virtual User: 0
[2019.05.24-21.10.55:438][  0]LogHMD: Failed to initialize OpenVR with code 110
[2019.05.24-21.10.55:438][  0]LogD3D11RHI: D3D11 adapters:
[2019.05.24-21.10.55:502][  0]LogD3D11RHI:    0. 'AMD Radeon(TM) R6 Graphics' (Feature Level 11_0)
[2019.05.24-21.10.55:502][  0]LogD3D11RHI:       1012/0/3554 MB DedicatedVideo/DedicatedSystem/SharedSystem, Outputs:1, VendorId:0x1002
[2019.05.24-21.10.55:510][  0]LogD3D11RHI:    1. 'Microsoft Basic Render Driver' (Feature Level 11_0)
[2019.05.24-21.10.55:510][  0]LogD3D11RHI:       0/0/3554 MB DedicatedVideo/DedicatedSystem/SharedSystem, Outputs:0, VendorId:0x1414
[2019.05.24-21.10.55:510][  0]LogD3D11RHI: Chosen D3D11 Adapter: 0
[2019.05.24-21.10.55:531][  0]LogD3D11RHI: Creating new Direct3DDevice
[2019.05.24-21.10.55:531][  0]LogD3D11RHI:     GPU DeviceId: 0x9874 (for the marketing name, search the web for "GPU Device Id")
[2019.05.24-21.10.55:531][  0]LogWindows: EnumDisplayDevices:
[2019.05.24-21.10.55:532][  0]LogWindows:    0. 'AMD Radeon(TM) R6 Graphics' (P:1 D:1)
[2019.05.24-21.10.55:532][  0]LogWindows:    1. 'AMD Radeon(TM) R6 Graphics' (P:0 D:0)
[2019.05.24-21.10.55:533][  0]LogWindows:    2. 'AMD Radeon(TM) R6 Graphics' (P:0 D:0)
[2019.05.24-21.10.55:533][  0]LogWindows: DebugString: FoundDriverCount:3 
[2019.05.24-21.10.55:533][  0]LogD3D11RHI:     Adapter Name: AMD Radeon(TM) R6 Graphics
[2019.05.24-21.10.55:534][  0]LogD3D11RHI:   Driver Version: 15.201.1101.1002 (internal:15.201.1101.1002, unified:15.201.1101.1002)
[2019.05.24-21.10.55:534][  0]LogD3D11RHI:      Driver Date: 8-21-2015
[2019.05.24-21.10.55:534][  0]LogRHI: Texture pool is 708 MB (70% of 1012 MB)
[2019.05.24-21.10.55:770][  0]LogD3D11RHI: Async texture creation enabled
[2019.05.24-21.10.55:807][  0]LogD3D11RHI: GPU Timing Frequency: 27.000000 (Debug: 2 2)
[2019.05.24-21.10.56:508][  0]LogTemp: Display: Loaded TP AllDesktopTargetPlatform
[2019.05.24-21.10.56:535][  0]LogTemp: Display: Loaded TP MacClientTargetPlatform
[2019.05.24-21.10.56:564][  0]LogTemp: Display: Loaded TP MacNoEditorTargetPlatform
[2019.05.24-21.10.56:591][  0]LogTemp: Display: Loaded TP MacServerTargetPlatform
[2019.05.24-21.10.56:619][  0]LogTemp: Display: Loaded TP MacTargetPlatform
[2019.05.24-21.10.56:649][  0]LogTemp: Display: Loaded TP WindowsClientTargetPlatform
[2019.05.24-21.10.56:678][  0]LogTemp: Display: Loaded TP WindowsNoEditorTargetPlatform
[2019.05.24-21.10.56:709][  0]LogTemp: Display: Loaded TP WindowsServerTargetPlatform
[2019.05.24-21.10.56:724][  0]LogTemp: Display: Loaded TP WindowsTargetPlatform
[2019.05.24-21.10.56:883][  0]LogTemp: Display: Loaded TP AndroidTargetPlatform
[2019.05.24-21.10.56:883][  0]LogTemp: Display: Loaded TP AndroidTargetPlatform
[2019.05.24-21.10.56:883][  0]LogTemp: Display: Loaded TP AndroidTargetPlatform
[2019.05.24-21.10.56:883][  0]LogTemp: Display: Loaded TP AndroidTargetPlatform
[2019.05.24-21.10.56:883][  0]LogTemp: Display: Loaded TP AndroidTargetPlatform
[2019.05.24-21.10.56:883][  0]LogTemp: Display: Loaded TP AndroidTargetPlatform
[2019.05.24-21.10.56:883][  0]LogTemp: Display: Loaded TP AndroidTargetPlatform
[2019.05.24-21.10.56:883][  0]LogTemp: Display: Loaded TP AndroidTargetPlatform
[2019.05.24-21.10.56:883][  0]LogTemp: Display: Loaded TP AndroidTargetPlatform
[2019.05.24-21.10.56:883][  0]LogTemp: Display: Loaded TP AndroidTargetPlatform
[2019.05.24-21.10.56:883][  0]LogTemp: Display: Loaded TP AndroidTargetPlatform
[2019.05.24-21.10.56:883][  0]LogTemp: Display: Loaded TP AndroidTargetPlatform
[2019.05.24-21.10.56:883][  0]LogTemp: Display: Loaded TP AndroidTargetPlatform
[2019.05.24-21.10.56:883][  0]LogTemp: Display: Loaded TP AndroidTargetPlatform
[2019.05.24-21.10.56:883][  0]LogTemp: Display: Loaded TP AndroidTargetPlatform
[2019.05.24-21.10.56:883][  0]LogTemp: Display: Loaded TP AndroidTargetPlatform
[2019.05.24-21.10.56:883][  0]LogTemp: Display: Loaded TP AndroidTargetPlatform
[2019.05.24-21.10.56:883][  0]LogTemp: Display: Loaded TP AndroidTargetPlatform
[2019.05.24-21.10.56:887][  0]LogTemp: Display: Loaded TP HTML5TargetPlatform
[2019.05.24-21.10.56:983][  0]LogTemp: Display: Loaded TP IOSTargetPlatform
[2019.05.24-21.10.56:983][  0]LogTemp: Display: Loaded TP IOSTargetPlatform
[2019.05.24-21.10.57:029][  0]LogTemp: Display: Loaded TP TVOSTargetPlatform
[2019.05.24-21.10.57:029][  0]LogTemp: Display: Loaded TP TVOSTargetPlatform
[2019.05.24-21.10.57:054][  0]LogTemp: Display: Loaded TP LinuxClientTargetPlatform
[2019.05.24-21.10.57:079][  0]LogTemp: Display: Loaded TP LinuxNoEditorTargetPlatform
[2019.05.24-21.10.57:107][  0]LogTemp: Display: Loaded TP LinuxServerTargetPlatform
[2019.05.24-21.10.57:138][  0]LogTemp: Display: Loaded TP LinuxTargetPlatform
[2019.05.24-21.10.57:241][  0]LogTemp: Display: Loaded TP LuminTargetPlatform
[2019.05.24-21.10.57:241][  0]LogTemp: Display: Loaded TP LuminTargetPlatform
[2019.05.24-21.10.57:241][  0]LogTargetPlatformManager: Display: Building Assets For Windows
[2019.05.24-21.10.57:371][  0]LogShaderCompilers: Guid format shader working directory is -24 characters bigger than the processId version (../../../../../../Users/Samuel/Documents/GitHub/CFE_RV/CFE_LeapMotion2/Intermediate/Shaders/WorkingDirectory/14436/).
[2019.05.24-21.10.57:372][  0]LogShaderCompilers: Cleaned the shader compiler working directory 'C:/Users/Samuel/AppData/Local/Temp/UnrealShaderWorkingDir/DFCC5E594FADC8B60BD44296CBA79086/'.
[2019.05.24-21.10.57:376][  0]LogXGEController: Cleaning working directory: C:/Users/Samuel/AppData/Local/Temp/UnrealXGEWorkingDir/
[2019.05.24-21.10.57:376][  0]LogXGEController: Cannot use XGE Controller as Incredibuild is not installed on this machine.
[2019.05.24-21.10.57:376][  0]LogShaderCompilers: Cannot use XGE Shader Compiler as Incredibuild is not installed on this machine.
[2019.05.24-21.10.57:377][  0]LogShaderCompilers: Display: Using Local Shader Compiler.
[2019.05.24-21.10.58:820][  0]LogDerivedDataCache: Display: Max Cache Size: 512 MB
[2019.05.24-21.10.58:957][  0]LogDerivedDataCache: Loaded boot cache 0.14s 71MB C:/Users/Samuel/AppData/Local/UnrealEngine/4.21/DerivedDataCache/Boot.ddc.
[2019.05.24-21.10.58:957][  0]LogDerivedDataCache: Display: Loaded Boot cache: C:/Users/Samuel/AppData/Local/UnrealEngine/4.21/DerivedDataCache/Boot.ddc
[2019.05.24-21.10.58:957][  0]LogDerivedDataCache: FDerivedDataBackendGraph:  Pak pak cache file ../../../../../../Users/Samuel/Documents/GitHub/CFE_RV/CFE_LeapMotion2/DerivedDataCache/DDC.ddp not found, will not use a pak cache.
[2019.05.24-21.10.58:957][  0]LogDerivedDataCache: Unable to find inner node Pak for hierarchical cache Hierarchy.
[2019.05.24-21.10.58:957][  0]LogDerivedDataCache: FDerivedDataBackendGraph:  CompressedPak pak cache file ../../../../../../Users/Samuel/Documents/GitHub/CFE_RV/CFE_LeapMotion2/DerivedDataCache/Compressed.ddp not found, will not use a pak cache.
[2019.05.24-21.10.58:957][  0]LogDerivedDataCache: Unable to find inner node CompressedPak for hierarchical cache Hierarchy.
[2019.05.24-21.10.58:987][  0]LogDerivedDataCache: Display: Pak cache opened for reading ../../../Engine/DerivedDataCache/Compressed.ddp.
[2019.05.24-21.10.58:987][  0]LogDerivedDataCache: FDerivedDataBackendGraph:  EnterprisePak pak cache file ../../../Enterprise/DerivedDataCache/Compressed.ddp not found, will not use a pak cache.
[2019.05.24-21.10.58:987][  0]LogDerivedDataCache: Unable to find inner node EnterprisePak for hierarchical cache Hierarchy.
[2019.05.24-21.10.59:001][  0]LogDerivedDataCache: Using Local data cache path C:/Users/Samuel/AppData/Local/UnrealEngine/Common/DerivedDataCache: Writable
[2019.05.24-21.10.59:001][  0]LogDerivedDataCache: Shared data cache path not found in *engine.ini, will not use an Shared cache.
[2019.05.24-21.10.59:001][  0]LogDerivedDataCache: Unable to find inner node Shared for hierarchical cache Hierarchy.
[2019.05.24-21.10.59:050][  0]LogMaterial: Verifying Global Shaders for PCD3D_SM5
[2019.05.24-21.10.59:052][  0]LogSlate: Using FreeType 2.6.0
[2019.05.24-21.10.59:054][  0]LogSlate: SlateFontServices - WITH_FREETYPE: 1, WITH_HARFBUZZ: 1
[2019.05.24-21.10.59:206][  0]LogAssetRegistry: FAssetRegistry took 0.0476 seconds to start up
[2019.05.24-21.11.00:014][  0]LogInit: Selected Device Profile: [Windows]
[2019.05.24-21.11.00:372][  0]LogSimplygon: Simplygon DLL not present - disabling.
[2019.05.24-21.11.00:381][  0]LogMeshReduction: Using SimplygonSwarm for distributed automatic mesh merging
[2019.05.24-21.11.00:381][  0]LogMeshReduction: Using ProxyLODMeshReduction for automatic mesh merging
[2019.05.24-21.11.00:381][  0]LogMeshReduction: Using QuadricMeshReduction for automatic static mesh reduction
[2019.05.24-21.11.00:381][  0]LogMeshReduction: No automatic skeletal mesh reduction module available
[2019.05.24-21.11.00:413][  0]LogNetVersion: CFE_LeapMotion 1.0.0, NetCL: 4541578, EngineNetVer: 5, GameNetVer: 0 (Checksum: 1837852655)
[2019.05.24-21.11.01:571][  0]LogPackageLocalizationCache: Processed 12 localized package path(s) for 1 prioritized culture(s) in 0.130459 seconds
[2019.05.24-21.11.01:585][  0]LogUObjectArray: 39775 objects as part of root set at end of initial load.
[2019.05.24-21.11.01:585][  0]LogUObjectAllocator: 6914656 out of 0 bytes used by permanent object pool.
[2019.05.24-21.11.01:585][  0]LogUObjectArray: CloseDisregardForGC: 0/0 objects in disregard for GC pool
[2019.05.24-21.11.03:342][  0]LogTcpMessaging: Initializing TcpMessaging bridge
[2019.05.24-21.11.03:362][  0]LogUdpMessaging: Initializing bridge on interface 0.0.0.0:0 to multicast group 230.0.0.1:6666.
[2019.05.24-21.11.04:732][  0]SourceControl: Source control is disabled
[2019.05.24-21.11.06:021][  0]LogAndroidPermission: UAndroidPermissionCallbackProxy::GetInstance
[2019.05.24-21.11.06:167][  0]LogWindows: Failed to load '../../../Engine/Binaries/ThirdParty/LeapMotion/Win64/LeapC.dll' (GetLastError=126)
[2019.05.24-21.11.06:167][  0]LogWindows: File '../../../Engine/Binaries/ThirdParty/LeapMotion/Win64/LeapC.dll' does not exist
[2019.05.24-21.11.06:167][  0]LeapMotionLog: Leap Plugin started v3.3.1
[2019.05.24-21.11.06:178][  0]LogOcInput: OculusInput pre-init called
[2019.05.24-21.11.06:387][  0]LogClass: Warning: ObjectProperty FMappedBoneAnimData::BodyStateSkeleton is not initialized properly
[2019.05.24-21.11.06:387][  0]LogClass: Warning: FBodyStateDeviceConfig::InputType is not initialized properly
[2019.05.24-21.11.06:387][  0]LogClass: Warning: FLeapStats::FrameExtrapolationInMS is not initialized properly
[2019.05.24-21.11.06:388][  0]LogClass: Display: 3 Uninitialized script stuct members found
[2019.05.24-21.11.06:389][  0]LogAutomationTest: Warning: ObjectProperty FMappedBoneAnimData::BodyStateSkeleton is not initialized properly
[2019.05.24-21.11.06:389][  0]LogAutomationTest: Warning: FBodyStateDeviceConfig::InputType is not initialized properly
[2019.05.24-21.11.06:389][  0]LogAutomationTest: Warning: FLeapStats::FrameExtrapolationInMS is not initialized properly
[2019.05.24-21.11.06:395][  0]LogEngine: Initializing Engine...
[2019.05.24-21.11.06:397][  0]LogHMD: Failed to initialize OpenVR with code 110
[2019.05.24-21.11.06:400][  0]LogStats: UGameplayTagsManager::ConstructGameplayTagTree: ImportINI prefixes -  0.000 s
[2019.05.24-21.11.06:400][  0]LogStats: UGameplayTagsManager::ConstructGameplayTagTree: Construct from data asset -  0.000 s
[2019.05.24-21.11.06:401][  0]LogStats: UGameplayTagsManager::ConstructGameplayTagTree: ImportINI -  0.000 s
[2019.05.24-21.11.06:401][  0]LogStats: UGameplayTagsManager::ConstructGameplayTagTree: GameplayTagTreeChangedEvent.Broadcast -  0.000 s
[2019.05.24-21.11.06:923][  0]LogInit: Initializing FReadOnlyCVARCache
[2019.05.24-21.11.06:956][  0]LogAIModule: Creating AISystem for world Untitled
[2019.05.24-21.11.06:970][  0]LogInit: XAudio2 using 'Altavoces (Conexant SmartAudio HD)' : 2 channels at 48 kHz using 32 bits per sample (channel mask 0x3)
[2019.05.24-21.11.07:034][  0]LogInit: FAudioDevice initialized.
[2019.05.24-21.11.07:035][  0]LogNetVersion: Set ProjectVersion to 1.0.0.0. Version Checksum will be recalculated on next use.
[2019.05.24-21.11.07:341][  0]LogDerivedDataCache: Saved boot cache 0.31s 71MB C:/Users/Samuel/AppData/Local/UnrealEngine/4.21/DerivedDataCache/Boot.ddc.
[2019.05.24-21.11.07:365][  0]LogInit: Texture streaming: Enabled
[2019.05.24-21.11.07:406][  0]LogEngineSessionManager: EngineSessionManager initialized
[2019.05.24-21.11.07:406][  0]LogEngineSessionManager: EngineSessionManager sent abnormal shutdown report. Type=Crashed, SessionId={9C7D6565-4EAA-46A7-BDB7-C7927A226F30}
[2019.05.24-21.11.07:439][  0]LogInit: Transaction tracking system initialized
[2019.05.24-21.11.07:492][  0]BlueprintLog: New page: Editor Load
[2019.05.24-21.11.07:666][  0]LocalizationService: Localization service is disabled
[2019.05.24-21.11.09:532][  0]LogFileCache: Scanning file cache for directory 'C:/Users/Samuel/Documents/GitHub/CFE_RV/CFE_LeapMotion2/Content/' took 0.03s
[2019.05.24-21.11.09:532][  0]LogCook: Display: Max memory allowance for cook 16384mb min free memory 0mb
[2019.05.24-21.11.09:532][  0]LogCook: Display: Mobile HDR setting 1
[2019.05.24-21.11.09:532][  0]LogGameplayTags: Display: UGameplayTagsManager::DoneAddingNativeTags. DelegateIsBound: 0
[2019.05.24-21.11.09:532][  0]LogStats: UGameplayTagsManager::ConstructGameplayTagTree: ImportINI prefixes -  0.000 s
[2019.05.24-21.11.09:532][  0]LogStats: UGameplayTagsManager::ConstructGameplayTagTree: Construct from data asset -  0.000 s
[2019.05.24-21.11.09:532][  0]LogStats: UGameplayTagsManager::ConstructGameplayTagTree: ImportINI -  0.000 s
[2019.05.24-21.11.09:532][  0]LogStats: UGameplayTagsManager::ConstructGameplayTagTree: GameplayTagTreeChangedEvent.Broadcast -  0.000 s
[2019.05.24-21.11.09:855][  0]Cmd: MAP LOAD FILE="../../../../../../Users/Samuel/Documents/GitHub/CFE_RV/CFE_LeapMotion2/Content/StarterContent/Maps/Minimal_Default.umap" TEMPLATE=0 SHOWPROGRESS=1 FEATURELEVEL=3
[2019.05.24-21.11.09:856][  0]LightingResults: New page: Lighting Build
[2019.05.24-21.11.09:862][  0]MapCheck: New page: Map Check
[2019.05.24-21.11.09:862][  0]LightingResults: New page: Lighting Build
[2019.05.24-21.11.11:034][  0]LogAIModule: Creating AISystem for world Minimal_Default
[2019.05.24-21.11.11:050][  0]LogEditorServer: Finished looking for orphan Actors (0.000 secs)
[2019.05.24-21.11.11:179][  0]Cmd: MAP CHECKDEP NOCLEARLOG
[2019.05.24-21.11.11:180][  0]MapCheck: Map check complete: 0 Error(s), 0 Warning(s), took 0.408ms to complete.
[2019.05.24-21.11.11:180][  0]LogFileHelpers: Loading map 'Minimal_Default' took 1.325
[2019.05.24-21.11.11:344][  0]LogSlate: Updating window title bar state: overlay mode, drag disabled, window buttons hidden, title bar hidden
[2019.05.24-21.11.11:365][  0]LogSlate: Updating window title bar state: overlay mode, drag disabled, window buttons hidden, title bar hidden
[2019.05.24-21.11.11:381][  0]LogSlate: Updating window title bar state: overlay mode, drag disabled, window buttons hidden, title bar hidden
[2019.05.24-21.11.11:400][  0]LogSlate: Updating window title bar state: overlay mode, drag disabled, window buttons hidden, title bar hidden
[2019.05.24-21.11.11:417][  0]LogCollectionManager: Loaded 0 collections in 0.004838 seconds
[2019.05.24-21.11.11:439][  0]LogFileCache: Scanning file cache for directory 'C:/Users/Samuel/Documents/GitHub/CFE_RV/CFE_LeapMotion2/Saved/Collections/' took 0.01s
[2019.05.24-21.11.11:439][  0]LogFileCache: Scanning file cache for directory 'C:/Users/Samuel/Documents/GitHub/CFE_RV/CFE_LeapMotion2/Content/Developers/Samuel/Collections/' took 0.00s
[2019.05.24-21.11.11:439][  0]LogFileCache: Scanning file cache for directory 'C:/Users/Samuel/Documents/GitHub/CFE_RV/CFE_LeapMotion2/Content/Collections/' took 0.00s
[2019.05.24-21.11.11:439][  0]LogCollectionManager: Rebuilt the GUID cache for 0 collections in 0.000001 seconds
[2019.05.24-21.11.11:461][  0]LogContentBrowser: Native class hierarchy populated in 0.0212 seconds. Added 2665 classes and 628 folders.
[2019.05.24-21.11.11:477][  0]LogContentBrowser: Native class hierarchy updated for 'WidgetCarousel' in 0.0007 seconds. Added 0 classes and 0 folders.
[2019.05.24-21.11.11:482][  0]LogPakFile: Registered encryption key '00000000000000000000000000000000': 0 pak files mounted, 0 remain pending
[2019.05.24-21.11.11:483][  0]LogPakFile: Registered encryption key '00000000000000000000000000000000': 0 pak files mounted, 0 remain pending
[2019.05.24-21.11.11:485][  0]LogPakFile: Registered encryption key '00000000000000000000000000000000': 0 pak files mounted, 0 remain pending
[2019.05.24-21.11.11:486][  0]LogPakFile: Registered encryption key '00000000000000000000000000000000': 0 pak files mounted, 0 remain pending
[2019.05.24-21.11.11:487][  0]LogPakFile: Registered encryption key '00000000000000000000000000000000': 0 pak files mounted, 0 remain pending
[2019.05.24-21.11.11:489][  0]LogPakFile: Registered encryption key '00000000000000000000000000000000': 0 pak files mounted, 0 remain pending
[2019.05.24-21.11.11:491][  0]LogPakFile: Registered encryption key '00000000000000000000000000000000': 0 pak files mounted, 0 remain pending
[2019.05.24-21.11.11:492][  0]LogPakFile: Registered encryption key '00000000000000000000000000000000': 0 pak files mounted, 0 remain pending
[2019.05.24-21.11.11:494][  0]LogPakFile: Registered encryption key '00000000000000000000000000000000': 0 pak files mounted, 0 remain pending
[2019.05.24-21.11.11:495][  0]LogPakFile: Registered encryption key '00000000000000000000000000000000': 0 pak files mounted, 0 remain pending
[2019.05.24-21.11.11:497][  0]LogPakFile: Registered encryption key '00000000000000000000000000000000': 0 pak files mounted, 0 remain pending
[2019.05.24-21.11.11:498][  0]LogPakFile: Registered encryption key '00000000000000000000000000000000': 0 pak files mounted, 0 remain pending
[2019.05.24-21.11.11:500][  0]LogPakFile: Registered encryption key '00000000000000000000000000000000': 0 pak files mounted, 0 remain pending
[2019.05.24-21.11.11:502][  0]LogPakFile: Registered encryption key '00000000000000000000000000000000': 0 pak files mounted, 0 remain pending
[2019.05.24-21.11.11:503][  0]LogPakFile: Registered encryption key '00000000000000000000000000000000': 0 pak files mounted, 0 remain pending
[2019.05.24-21.11.11:505][  0]LogPakFile: Registered encryption key '00000000000000000000000000000000': 0 pak files mounted, 0 remain pending
[2019.05.24-21.11.11:507][  0]LogPakFile: Registered encryption key '00000000000000000000000000000000': 0 pak files mounted, 0 remain pending
[2019.05.24-21.11.11:508][  0]LogPakFile: Registered encryption key '00000000000000000000000000000000': 0 pak files mounted, 0 remain pending
[2019.05.24-21.11.11:510][  0]LogPakFile: Registered encryption key '00000000000000000000000000000000': 0 pak files mounted, 0 remain pending
[2019.05.24-21.11.11:511][  0]LogPakFile: Registered encryption key '00000000000000000000000000000000': 0 pak files mounted, 0 remain pending
[2019.05.24-21.11.11:512][  0]LogPakFile: Registered encryption key '00000000000000000000000000000000': 0 pak files mounted, 0 remain pending
[2019.05.24-21.11.11:514][  0]LogPakFile: Registered encryption key '00000000000000000000000000000000': 0 pak files mounted, 0 remain pending
[2019.05.24-21.11.11:516][  0]LogPakFile: Registered encryption key '00000000000000000000000000000000': 0 pak files mounted, 0 remain pending
[2019.05.24-21.11.11:517][  0]LogPakFile: Registered encryption key '00000000000000000000000000000000': 0 pak files mounted, 0 remain pending
[2019.05.24-21.11.11:519][  0]LogPakFile: Registered encryption key '00000000000000000000000000000000': 0 pak files mounted, 0 remain pending
[2019.05.24-21.11.11:520][  0]LogPakFile: Registered encryption key '00000000000000000000000000000000': 0 pak files mounted, 0 remain pending
[2019.05.24-21.11.11:604][  0]LogContentBrowser: Native class hierarchy updated for 'AddContentDialog' in 0.0007 seconds. Added 0 classes and 0 folders.
[2019.05.24-21.11.11:617][  0]LogContentBrowser: Native class hierarchy updated for 'SceneOutliner' in 0.0007 seconds. Added 1 classes and 2 folders.
[2019.05.24-21.11.11:797][  0]LogSlate: Took 0.000543 seconds to synchronously load lazily loaded font '../../../Engine/Content/Slate/Fonts/Roboto-Regular.ttf' (155K)
[2019.05.24-21.11.11:802][  0]LogSlate: Took 0.000549 seconds to synchronously load lazily loaded font '../../../Engine/Content/Slate/Fonts/Roboto-Bold.ttf' (160K)
[2019.05.24-21.11.11:816][  0]LogSlate: Took 0.000674 seconds to synchronously load lazily loaded font '../../../Engine/Content/Editor/Slate/Fonts/FontAwesome.ttf' (139K)
[2019.05.24-21.11.12:038][  0]LogRenderer: Reallocating scene render targets to support 856x300 Format 9 NumSamples 1 (Frame:1).
[2019.05.24-21.11.12:672][  0]LogSlate: Took 0.000431 seconds to synchronously load lazily loaded font '../../../Engine/Content/Slate/Fonts/Roboto-Light.ttf' (167K)
[2019.05.24-21.11.12:830][  0]LogContentBrowser: Native class hierarchy updated for 'HierarchicalLODOutliner' in 0.0005 seconds. Added 0 classes and 0 folders.
[2019.05.24-21.11.12:830][  0]LogLoad: (Engine Initialization) Total time: 22.47 seconds
[2019.05.24-21.11.12:830][  0]LogLoad: (Engine Initialization) Total Blueprint compile time: 0.00 seconds
[2019.05.24-21.11.12:865][  0]LeapMotionLog: ServiceMessageLoop started.
[2019.05.24-21.11.12:865][  0]BodyStateLog: BodyState::DeviceAttached: Leap Motion (1)
[2019.05.24-21.11.12:866][  0]BodyStateLog: BodyState::DeviceAttached: HMD (2)
[2019.05.24-21.11.12:954][  0]LogContentStreaming: Texture pool size now 600 MB
[2019.05.24-21.11.13:051][  1]LeapMotionLog: LeapService: OnConnect.
[2019.05.24-21.11.13:185][  2]LogD3D11RHI: Error: agsDriverExtensionsDX11_SetDepthBounds(1,0.000000, 1.000000) returned error code 6. **********PLEASE UPDATE YOUR VIDEO DRIVERS*********
[2019.05.24-21.11.13:789][  5]LogAssetRegistry: Asset discovery search completed in 14.6062 seconds
[2019.05.24-21.11.13:794][  5]LogCollectionManager: Rebuilt the object cache for 0 collections in 0.000001 seconds (found 0 objects)
[2019.05.24-21.11.13:794][  5]LogCollectionManager: Fixed up redirectors for 0 collections in 0.000182 seconds (updated 0 objects)
[2019.05.24-21.11.13:954][  8]LogSlate: Took 0.000604 seconds to synchronously load lazily loaded font '../../../Engine/Content/Slate/Fonts/Roboto-Light.ttf' (167K)
[2019.05.24-21.11.15:718][100]LogSlate: FSceneViewport::OnFocusLost() reason 0
[2019.05.24-21.11.15:872][105]LogAssetEditorManager: Opening Asset editor for Blueprint /Game/BP_Character/BP_Pawn.BP_Pawn
[2019.05.24-21.11.16:878][105]LogContentBrowser: Native class hierarchy updated for 'BlueprintGraph' in 0.0015 seconds. Added 117 classes and 0 folders.
[2019.05.24-21.11.18:596][105]LogAssetEditorManager: Opening Asset editor for Blueprint /Game/BP_Items/BLUEPRINTS/BP_Item.BP_Item
[2019.05.24-21.11.19:289][105]LogTemp: Bone cache synced: 20
[2019.05.24-21.11.19:292][105]LogTemp: Bone cache synced: 0
[2019.05.24-21.11.19:292][105]LogTemp: Bone cache synced: 20
[2019.05.24-21.11.19:308][105]LogSlate: Took 0.000567 seconds to synchronously load lazily loaded font '../../../Engine/Content/Slate/Fonts/Roboto-BoldCondensed.ttf' (158K)
[2019.05.24-21.11.19:790][106]LogSlate: Took 0.000593 seconds to synchronously load lazily loaded font '../../../Engine/Content/Slate/Fonts/Roboto-Italic.ttf' (157K)
[2019.05.24-21.11.28:343][545]LogEditorViewport: Clicking on Actor (LMB): BP_MantaAislante_C (BP_MantaAislante)
[2019.05.24-21.11.34:563][819]LogSlate: FSceneViewport::OnFocusLost() reason 0
[2019.05.24-21.11.42:775][221]LogEditorViewport: Clicking on Actor (LMB): BP_MantaAislante_C (BP_MantaAislante5)
[2019.05.24-21.11.46:987][428]LogSlate: FSceneViewport::OnFocusLost() reason 0
[2019.05.24-21.11.51:337][621]LogSlate: FSceneViewport::OnFocusLost() reason 0
[2019.05.24-21.11.57:935][940]LogEditorViewport: Clicking on Actor (LMB): BP_Aislante_C (BP_Aislante2)
[2019.05.24-21.12.06:266][287]LogSlate: FSceneViewport::OnFocusLost() reason 0
[2019.05.24-21.12.14:470][652]LogEditorViewport: Clicking on Actor (LMB): BP_Aislante_C (BP_Aislante6)
[2019.05.24-21.12.18:308][812]LogSlate: FSceneViewport::OnFocusLost() reason 0
[2019.05.24-21.12.23:238][ 58]LogEditorViewport: Clicking on Actor (LMB): BP_Aislante_C (BP_Aislante12)
[2019.05.24-21.12.31:366][421]LogSlate: FSceneViewport::OnFocusLost() reason 0
[2019.05.24-21.12.36:472][623]LogSavePackage: Moving '../../../../../../Users/Samuel/Documents/GitHub/CFE_RV/CFE_LeapMotion2/Saved/Minimal_DefaultCBA7C39C4DA19DB354D8C5B6B783E4F4.tmp' to '../../../../../../Users/Samuel/Documents/GitHub/CFE_RV/CFE_LeapMotion2/Content/StarterContent/Maps/Minimal_Default.umap'
[2019.05.24-21.12.37:021][623]LogSavePackage: Moving '../../../../../../Users/Samuel/Documents/GitHub/CFE_RV/CFE_LeapMotion2/Saved/Minimal_Default_BuiltData6C213FFF4D7C536DB7908788827893F7.tmp' to '../../../../../../Users/Samuel/Documents/GitHub/CFE_RV/CFE_LeapMotion2/Content/StarterContent/Maps/Minimal_Default_BuiltData.uasset'
[2019.05.24-21.12.46:586][ 75]LeapMotionLog: OnDeviceFound Peripheral S323A047707.
[2019.05.24-21.12.46:607][ 76]LeapMotionLog: LeapServiceLog: Firmware is up to date.
[2019.05.24-21.13.00:004][726]LogSlate: FSceneViewport::OnFocusLost() reason 0
[2019.05.24-21.13.00:084][730]LogTemp: Repeating last play command: Selected Viewport
[2019.05.24-21.13.00:159][730]LogBlueprintUserMessages: Early PlayInEditor Detection: Level '/Game/StarterContent/Maps/Minimal_Default.Minimal_Default:PersistentLevel' has LevelScriptBlueprint '/Game/StarterContent/Maps/Minimal_Default.Minimal_Default:PersistentLevel.Minimal_Default' with GeneratedClass '/Game/StarterContent/Maps/Minimal_Default.Minimal_Default_C' with ClassGeneratedBy '/Game/StarterContent/Maps/Minimal_Default.Minimal_Default:PersistentLevel.Minimal_Default'
[2019.05.24-21.13.00:160][730]LogPlayLevel: PlayLevel: No blueprints needed recompiling
[2019.05.24-21.13.00:161][730]PIE: New page: PIE session: Minimal_Default (May 24, 2019, 11:13:00 AM)
[2019.05.24-21.13.00:176][730]LogPlayLevel: Creating play world package: /Game/StarterContent/Maps/UEDPIE_0_Minimal_Default
[2019.05.24-21.13.00:189][730]LogPlayLevel: PIE: StaticDuplicateObject took: (0.012601s)
[2019.05.24-21.13.00:191][730]LogAIModule: Creating AISystem for world Minimal_Default
[2019.05.24-21.13.00:191][730]LogPlayLevel: PIE: World Init took: (0.002069s)
[2019.05.24-21.13.00:191][730]LogPlayLevel: PIE: Created PIE world by copying editor world from /Game/StarterContent/Maps/Minimal_Default.Minimal_Default to /Game/StarterContent/Maps/UEDPIE_0_Minimal_Default.Minimal_Default (0.015611s)
[2019.05.24-21.13.00:298][730]LogInit: XAudio2 using 'Altavoces (Conexant SmartAudio HD)' : 2 channels at 48 kHz using 32 bits per sample (channel mask 0x3)
[2019.05.24-21.13.00:360][730]LogInit: FAudioDevice initialized.
[2019.05.24-21.13.00:417][730]LogLoad: Game class is 'CFE_GameMode_C'
[2019.05.24-21.13.00:424][730]LogWorld: Bringing World /Game/StarterContent/Maps/UEDPIE_0_Minimal_Default.Minimal_Default up for play (max tick rate 60) at 2019.05.24-16.13.00
[2019.05.24-21.13.00:425][730]LogWorld: Bringing up level for play took: 0.004637
[2019.05.24-21.13.00:452][730]LogContentBrowser: Native class hierarchy updated for 'MovieSceneCapture' in 0.0009 seconds. Added 20 classes and 0 folders.
[2019.05.24-21.13.00:453][730]LogGameMode: Display: Match State Changed from EnteringMap to WaitingToStart
[2019.05.24-21.13.00:453][730]LogGameState: Match State Changed from EnteringMap to WaitingToStart
[2019.05.24-21.13.00:453][730]LogGameMode: Display: Match State Changed from WaitingToStart to InProgress
[2019.05.24-21.13.00:455][730]LogTemp: Bone cache synced: 20
[2019.05.24-21.13.00:456][730]LogTemp: Bone cache synced: 0
[2019.05.24-21.13.00:457][730]LogTemp: Bone cache synced: 20
[2019.05.24-21.13.00:458][730]LeapMotionLog: AddEventDelegate (1).
[2019.05.24-21.13.00:464][730]LogGameState: Match State Changed from WaitingToStart to InProgress
[2019.05.24-21.13.00:465][730]PIE: Play in editor start time for /Game/StarterContent/Maps/UEDPIE_0_Minimal_Default 0.019
[2019.05.24-21.13.00:465][730]LogBlueprintUserMessages: Late PlayInEditor Detection: Level '/Game/StarterContent/Maps/Minimal_Default.Minimal_Default:PersistentLevel' has LevelScriptBlueprint '/Game/StarterContent/Maps/Minimal_Default.Minimal_Default:PersistentLevel.Minimal_Default' with GeneratedClass '/Game/StarterContent/Maps/Minimal_Default.Minimal_Default_C' with ClassGeneratedBy '/Game/StarterContent/Maps/Minimal_Default.Minimal_Default:PersistentLevel.Minimal_Default'
[2019.05.24-21.13.02:764][843]LogScript: Warning: Script Msg: Attempted to access index 0 from array 'CallFunc_GetOverlappingActors_OverlappingActors1' of length 0 in '/LeapMotion/DirectRigging/LowPoly/LeapDesktopLowPoly.LeapDesktopLowPoly_C:ExecuteUbergraph_LeapDesktopLowPoly'!
[2019.05.24-21.13.06:310][ 27]LogScript: Warning: Script Msg: Attempted to access index 0 from array 'CallFunc_GetOverlappingActors_OverlappingActors' of length 0 in '/LeapMotion/DirectRigging/LowPoly/LeapDesktopLowPoly.LeapDesktopLowPoly_C:ExecuteUbergraph_LeapDesktopLowPoly'!
[2019.05.24-21.13.06:451][ 34]LogScript: Warning: Script Msg: Attempted to access index 0 from array 'CallFunc_GetOverlappingActors_OverlappingActors' of length 0 in '/LeapMotion/DirectRigging/LowPoly/LeapDesktopLowPoly.LeapDesktopLowPoly_C:ExecuteUbergraph_LeapDesktopLowPoly'!
[2019.05.24-21.13.06:532][ 38]LogScript: Warning: Script Msg: Attempted to access index 0 from array 'CallFunc_GetOverlappingActors_OverlappingActors' of length 0 in '/LeapMotion/DirectRigging/LowPoly/LeapDesktopLowPoly.LeapDesktopLowPoly_C:ExecuteUbergraph_LeapDesktopLowPoly'!
[2019.05.24-21.13.10:312][233]LogScript: Warning: Script Msg: Attempted to access index 0 from array 'CallFunc_GetOverlappingActors_OverlappingActors' of length 0 in '/LeapMotion/DirectRigging/LowPoly/LeapDesktopLowPoly.LeapDesktopLowPoly_C:ExecuteUbergraph_LeapDesktopLowPoly'!
[2019.05.24-21.13.12:051][323]LogScript: Warning: Script Msg: Attempted to access index 0 from array 'CallFunc_GetOverlappingActors_OverlappingActors' of length 0 in '/LeapMotion/DirectRigging/LowPoly/LeapDesktopLowPoly.LeapDesktopLowPoly_C:ExecuteUbergraph_LeapDesktopLowPoly'!
[2019.05.24-21.13.13:747][412]LogScript: Warning: Script Msg: Attempted to access index 0 from array 'CallFunc_GetOverlappingActors_OverlappingActors' of length 0 in '/LeapMotion/DirectRigging/LowPoly/LeapDesktopLowPoly.LeapDesktopLowPoly_C:ExecuteUbergraph_LeapDesktopLowPoly'!
[2019.05.24-21.13.26:691][ 92]LogScript: Warning: Script Msg: Attempted to access index 0 from array 'CallFunc_GetOverlappingActors_OverlappingActors' of length 0 in '/LeapMotion/DirectRigging/LowPoly/LeapDesktopLowPoly.LeapDesktopLowPoly_C:ExecuteUbergraph_LeapDesktopLowPoly'!
[2019.05.24-21.13.27:570][140]LogScript: Warning: Script Msg: Attempted to access index 0 from array 'CallFunc_GetOverlappingActors_OverlappingActors' of length 0 in '/LeapMotion/DirectRigging/LowPoly/LeapDesktopLowPoly.LeapDesktopLowPoly_C:ExecuteUbergraph_LeapDesktopLowPoly'!
[2019.05.24-21.13.37:153][653]LogScript: Warning: Script Msg: Attempted to access index 0 from array 'CallFunc_GetOverlappingActors_OverlappingActors' of length 0 in '/LeapMotion/DirectRigging/LowPoly/LeapDesktopLowPoly.LeapDesktopLowPoly_C:ExecuteUbergraph_LeapDesktopLowPoly'!
[2019.05.24-21.13.37:878][692]LogBlueprintUserMessages: Early EndPlayMap Detection: Level '/Game/StarterContent/Maps/Minimal_Default.Minimal_Default:PersistentLevel' has LevelScriptBlueprint '/Game/StarterContent/Maps/Minimal_Default.Minimal_Default:PersistentLevel.Minimal_Default' with GeneratedClass '/Game/StarterContent/Maps/Minimal_Default.Minimal_Default_C' with ClassGeneratedBy '/Game/StarterContent/Maps/Minimal_Default.Minimal_Default:PersistentLevel.Minimal_Default'
[2019.05.24-21.13.37:879][692]LogSlate: Updating window title bar state: overlay mode, drag disabled, window buttons hidden, title bar hidden
[2019.05.24-21.13.37:972][692]LogPlayLevel: Display: Shutting down PIE online subsystems
[2019.05.24-21.13.37:973][692]LogBlueprintUserMessages: Late EndPlayMap Detection: Level '/Game/StarterContent/Maps/Minimal_Default.Minimal_Default:PersistentLevel' has LevelScriptBlueprint '/Game/StarterContent/Maps/Minimal_Default.Minimal_Default:PersistentLevel.Minimal_Default' with GeneratedClass '/Game/StarterContent/Maps/Minimal_Default.Minimal_Default_C' with ClassGeneratedBy '/Game/StarterContent/Maps/Minimal_Default.Minimal_Default:PersistentLevel.Minimal_Default'
[2019.05.24-21.13.38:065][692]LogSlate: Updating window title bar state: overlay mode, drag disabled, window buttons hidden, title bar hidden
[2019.05.24-21.13.38:138][693]LogPlayLevel: Display: Destroying online subsystem :Context_8
[2019.05.24-21.13.43:389][964]LogEditorViewport: Clicking on Actor (LMB): BP_Aislante_C (BP_Aislante7)
[2019.05.24-21.13.51:283][290]LogSlate: FSceneViewport::OnFocusLost() reason 0
[2019.05.24-21.13.56:247][488]LogOutputDevice: Warning: 

Script Stack (0 frames):

[2019.05.24-21.13.56:248][488]LogWindows: Windows GetLastError: La operación se completó correctamente. (0)
[2019.05.24-21.13.59:255][488]LogThreadingWindows: Error: Runnable thread TaskGraphThreadHP 4 crashed.
[2019.05.24-21.13.59:255][488]LogWindows: Error: === Critical error: ===
[2019.05.24-21.13.59:255][488]LogWindows: Error: 
[2019.05.24-21.13.59:256][488]LogWindows: Error: Assertion failed: !Pose[ParentIndex].ContainsNaN() [File:c:\program files\epic games\ue_4.21\engine\source\runtime\engine\public\BonePose.h] [Line: 584] 
[2019.05.24-21.13.59:256][488]LogWindows: Error: 
[2019.05.24-21.13.59:256][488]LogWindows: Error: 
[2019.05.24-21.13.59:256][488]LogWindows: Error: 
[2019.05.24-21.13.59:256][488]LogWindows: Error: [Callstack] 0x00007ff8a31f9129 KERNELBASE.dll!UnknownFunction []
[2019.05.24-21.13.59:256][488]LogWindows: Error: [Callstack] 0x00007ff86dd2cd1a UE4Editor-Core.dll!UnknownFunction []
[2019.05.24-21.13.59:256][488]LogWindows: Error: [Callstack] 0x00007ff86db0a967 UE4Editor-Core.dll!UnknownFunction []
[2019.05.24-21.13.59:256][488]LogWindows: Error: [Callstack] 0x00007ff86da40df7 UE4Editor-Core.dll!UnknownFunction []
[2019.05.24-21.13.59:256][488]LogWindows: Error: [Callstack] 0x00007ff8460869f9 UE4Editor-BodyState.dll!UnknownFunction []
[2019.05.24-21.13.59:256][488]LogWindows: Error: [Callstack] 0x00007ff8460866dd UE4Editor-BodyState.dll!UnknownFunction []
[2019.05.24-21.13.59:256][488]LogWindows: Error: [Callstack] 0x00007ff84608bd79 UE4Editor-BodyState.dll!UnknownFunction []
[2019.05.24-21.13.59:256][488]LogWindows: Error: [Callstack] 0x00007ff84608b0f2 UE4Editor-BodyState.dll!UnknownFunction []
[2019.05.24-21.13.59:256][488]LogWindows: Error: [Callstack] 0x00007ff8693142f8 UE4Editor-AnimGraphRuntime.dll!UnknownFunction []
[2019.05.24-21.13.59:256][488]LogWindows: Error: [Callstack] 0x00007ff86203edac UE4Editor-Engine.dll!UnknownFunction []
[2019.05.24-21.13.59:256][488]LogWindows: Error: [Callstack] 0x00007ff86204079e UE4Editor-Engine.dll!UnknownFunction []
[2019.05.24-21.13.59:256][488]LogWindows: Error: [Callstack] 0x00007ff86203e5ef UE4Editor-Engine.dll!UnknownFunction []
[2019.05.24-21.13.59:256][488]LogWindows: Error: [Callstack] 0x00007ff861fb589a UE4Editor-Engine.dll!UnknownFunction []
[2019.05.24-21.13.59:256][488]LogWindows: Error: [Callstack] 0x00007ff861fb558e UE4Editor-Engine.dll!UnknownFunction []
[2019.05.24-21.13.59:256][488]LogWindows: Error: [Callstack] 0x00007ff861fe89b3 UE4Editor-Engine.dll!UnknownFunction []
[2019.05.24-21.13.59:256][488]LogWindows: Error: [Callstack] 0x00007ff8623997f0 UE4Editor-Engine.dll!UnknownFunction []
[2019.05.24-21.13.59:256][488]LogWindows: Error: [Callstack] 0x00007ff8623b3e77 UE4Editor-Engine.dll!UnknownFunction []
[2019.05.24-21.13.59:256][488]LogWindows: Error: [Callstack] 0x00007ff862398547 UE4Editor-Engine.dll!UnknownFunction []
[2019.05.24-21.13.59:256][488]LogWindows: Error: [Callstack] 0x00007ff86239aab0 UE4Editor-Engine.dll!UnknownFunction []
[2019.05.24-21.13.59:256][488]LogWindows: Error: [Callstack] 0x00007ff86d8d0aec UE4Editor-Core.dll!UnknownFunction []
[2019.05.24-21.13.59:256][488]LogWindows: Error: [Callstack] 0x00007ff86d8d1d70 UE4Editor-Core.dll!UnknownFunction []
[2019.05.24-21.13.59:256][488]LogWindows: Error: [Callstack] 0x00007ff86d8dbaae UE4Editor-Core.dll!UnknownFunction []
[2019.05.24-21.13.59:256][488]LogWindows: Error: [Callstack] 0x00007ff86dd2c500 UE4Editor-Core.dll!UnknownFunction []
[2019.05.24-21.13.59:256][488]LogWindows: Error: [Callstack] 0x00007ff86dd1cac1 UE4Editor-Core.dll!UnknownFunction []
[2019.05.24-21.13.59:256][488]LogWindows: Error: [Callstack] 0x00007ff8a4697974 KERNEL32.DLL!UnknownFunction []
[2019.05.24-21.13.59:256][488]LogWindows: Error: [Callstack] 0x00007ff8a6dea271 ntdll.dll!UnknownFunction []
[2019.05.24-21.13.59:256][488]LogWindows: Error: 
[2019.05.24-21.13.59:256][488]LogWindows: Error: Crash in runnable thread TaskGraphThreadHP 4
[2019.05.24-21.13.59:338][488]LogExit: Executing StaticShutdownAfterError
[2019.05.24-21.13.59:338][488]LogWindows: FPlatformMisc::RequestExit(1)
[2019.05.24-21.13.59:359][488]Log file closed, 05/24/19 16:13:59
