Log file open, 06/26/19 15:40:21
LogWindows: Failed to load 'aqProf.dll' (GetLastError=126)
LogWindows: File 'aqProf.dll' does not exist
LogWindows: Failed to load 'VtuneApi.dll' (GetLastError=126)
LogWindows: File 'VtuneApi.dll' does not exist
LogWindows: Failed to load 'VtuneApi32e.dll' (GetLastError=126)
LogWindows: File 'VtuneApi32e.dll' does not exist
LogConsoleResponse: Display: Failed to find resolution value strings in scalability ini. Falling back to default.
LogInit: Display: Running engine for game: CFE_LeapMotion
LogPakFile: Registered encryption key '00000000000000000000000000000000': 0 pak files mounted, 0 remain pending
LogPlatformFile: Not using cached read wrapper
LogTaskGraph: Started task graph with 5 named threads and 14 total threads with 3 sets of task threads.
LogStats: Stats thread started at 0.475262
LogD3D11RHI: Loaded GFSDK_Aftermath_Lib.x64.dll
LogICUInternationalization: ICU TimeZone Detection - Raw Offset: -6:00, Platform Override: ''
LogPluginManager: Mounting plugin Paper2D
LogPluginManager: Mounting plugin AISupport
LogPluginManager: Mounting plugin LightPropagationVolume
LogPluginManager: Mounting plugin ActorLayerUtilities
LogPluginManager: Mounting plugin CLionSourceCodeAccess
LogPluginManager: Mounting plugin CodeLiteSourceCodeAccess
LogPluginManager: Mounting plugin GitSourceControl
LogPluginManager: Mounting plugin KDevelopSourceCodeAccess
LogPluginManager: Mounting plugin NullSourceCodeAccess
LogPluginManager: Mounting plugin PerforceSourceControl
LogPluginManager: Mounting plugin SubversionSourceControl
LogPluginManager: Mounting plugin UObjectPlugin
LogPluginManager: Mounting plugin VisualStudioCodeSourceCodeAccess
LogPluginManager: Mounting plugin VisualStudioSourceCodeAccess
LogPluginManager: Mounting plugin XCodeSourceCodeAccess
LogPluginManager: Mounting plugin AssetManagerEditor
LogPluginManager: Mounting plugin CryptoKeys
LogPluginManager: Mounting plugin DataValidation
LogPluginManager: Mounting plugin FacialAnimation
LogPluginManager: Mounting plugin GameplayTagsEditor
LogPluginManager: Mounting plugin MacGraphicsSwitching
LogPluginManager: Mounting plugin MeshEditor
LogPluginManager: Mounting plugin MobileLauncherProfileWizard
LogPluginManager: Mounting plugin PluginBrowser
LogPluginManager: Mounting plugin SpeedTreeImporter
LogPluginManager: Mounting plugin DatasmithContent
LogPluginManager: Mounting plugin VariantManagerContent
LogPluginManager: Mounting plugin AlembicImporter
LogPluginManager: Mounting plugin AppleImageUtils
LogPluginManager: Mounting plugin AppleVision
LogPluginManager: Mounting plugin BackChannel
LogPluginManager: Mounting plugin CharacterAI
LogPluginManager: Mounting plugin GeometryCache
LogPluginManager: Mounting plugin HTML5Networking
LogPluginManager: Mounting plugin ProxyLODPlugin
LogPluginManager: Mounting plugin MagicLeap
LogPluginManager: Mounting plugin MagicLeapMedia
LogPluginManager: Mounting plugin AndroidMedia
LogPluginManager: Mounting plugin AvfMedia
LogPluginManager: Mounting plugin ImgMedia
LogPluginManager: Mounting plugin LinearTimecode
LogPluginManager: Mounting plugin MediaCompositing
LogPluginManager: Mounting plugin MediaPlayerEditor
LogPluginManager: Mounting plugin WebMMedia
LogPluginManager: Mounting plugin WmfMedia
LogPluginManager: Mounting plugin TcpMessaging
LogPluginManager: Mounting plugin UdpMessaging
LogPluginManager: Mounting plugin ActorSequence
LogPluginManager: Mounting plugin LevelSequenceEditor
LogPluginManager: Mounting plugin MatineeToLevelSequence
LogPluginManager: Mounting plugin NetcodeUnitTest
LogPluginManager: Mounting plugin NUTUnrealEngine4
LogPluginManager: Mounting plugin OnlineSubsystemGooglePlay
LogPluginManager: Mounting plugin OnlineSubsystemIOS
LogPluginManager: Mounting plugin OnlineSubsystem
LogPluginManager: Mounting plugin OnlineSubsystemNull
LogPluginManager: Mounting plugin OnlineSubsystemUtils
LogPluginManager: Mounting plugin LauncherChunkInstaller
LogPluginManager: Mounting plugin AndroidDeviceProfileSelector
LogPluginManager: Mounting plugin AndroidMoviePlayer
LogPluginManager: Mounting plugin AndroidPermission
LogPluginManager: Mounting plugin AppleMoviePlayer
LogPluginManager: Mounting plugin ArchVisCharacter
LogPluginManager: Mounting plugin AudioCapture
LogPluginManager: Mounting plugin CableComponent
LogPluginManager: Mounting plugin CustomMeshComponent
LogPluginManager: Mounting plugin EditableMesh
LogPluginManager: Mounting plugin ExampleDeviceProfileSelector
LogPluginManager: Mounting plugin Firebase
LogPluginManager: Mounting plugin GoogleCloudMessaging
LogPluginManager: Mounting plugin IOSDeviceProfileSelector
LogPluginManager: Mounting plugin LeapMotion
LogPluginManager: Mounting plugin LinuxDeviceProfileSelector
LogPluginManager: Mounting plugin LocationServicesBPLibrary
LogPluginManager: Mounting plugin MobilePatchingUtils
LogPluginManager: Mounting plugin OculusVR
LogPluginManager: Mounting plugin PhysXVehicles
LogPluginManager: Mounting plugin ProceduralMeshComponent
LogPluginManager: Mounting plugin RuntimePhysXCooking
LogPluginManager: Mounting plugin SteamVR
LogPluginManager: Mounting plugin WebMMoviePlayer
LogPluginManager: Mounting plugin WindowsMoviePlayer
LogPluginManager: Mounting plugin UE4Duino
LogStreaming: Display: Took  0.218s to configure plugins.
LogInit: Using libcurl 7.55.1-DEV
LogInit:  - built for x86_64-pc-win32
LogInit:  - supports SSL with OpenSSL/1.0.2h
LogInit:  - supports HTTP deflate (compression) using libz 1.2.8
LogInit:  - other features:
LogInit:      CURL_VERSION_SSL
LogInit:      CURL_VERSION_LIBZ
LogInit:      CURL_VERSION_IPV6
LogInit:      CURL_VERSION_ASYNCHDNS
LogInit:      CURL_VERSION_LARGEFILE
LogInit:      CURL_VERSION_IDN
LogInit:  CurlRequestOptions (configurable via config and command line):
LogInit:  - bVerifyPeer = true  - Libcurl will verify peer certificate
LogInit:  - bUseHttpProxy = false  - Libcurl will NOT use HTTP proxy
LogInit:  - bDontReuseConnections = false  - Libcurl will reuse connections
LogInit:  - MaxHostConnections = 16  - Libcurl will limit the number of connections to a host
LogInit:  - LocalHostAddr = Default
LogInit:  - BufferSize = 65536
LogInit: WinSock: version 1.1 (2.2), MaxSocks=32767, MaxUdp=65467
LogInit: Build: ++UE4+Release-4.21-CL-4753647
LogInit: Engine Version: 4.21.2-4753647+++UE4+Release-4.21
LogInit: Compatible Engine Version: 4.21.0-4541578+++UE4+Release-4.21
LogInit: Net CL: 4541578
LogInit: OS: Windows 10 (), CPU: AMD A10-8700P Radeon R6, 10 Compute Cores 4C+6G, GPU: AMD Radeon(TM) R6 Graphics
LogInit: Compiled (64-bit): Jan 19 2019 02:07:31
LogInit: Compiled with Visual C++: 19.13.26129.00
LogInit: Build Configuration: Development
LogInit: Branch Name: ++UE4+Release-4.21
LogInit: Command Line: 
LogInit: Base Directory: C:/Program Files/Epic Games/UE_4.21/Engine/Binaries/Win64/
LogInit: Installed Engine Build: 1
LogDevObjectVersion: Number of dev versions registered: 22
LogDevObjectVersion:   Dev-Blueprints (B0D832E4-1F89-4F0D-ACCF-7EB736FD4AA2): 10
LogDevObjectVersion:   Dev-Build (E1C64328-A22C-4D53-A36C-8E866417BD8C): 0
LogDevObjectVersion:   Dev-Core (375EC13C-06E4-48FB-B500-84F0262A717E): 2
LogDevObjectVersion:   Dev-Editor (E4B068ED-F494-42E9-A231-DA0B2E46BB41): 26
LogDevObjectVersion:   Dev-Framework (CFFC743F-43B0-4480-9391-14DF171D2073): 34
LogDevObjectVersion:   Dev-Mobile (B02B49B5-BB20-44E9-A304-32B752E40360): 2
LogDevObjectVersion:   Dev-Networking (A4E4105C-59A1-49B5-A7C5-40C4547EDFEE): 0
LogDevObjectVersion:   Dev-Online (39C831C9-5AE6-47DC-9A44-9C173E1C8E7C): 0
LogDevObjectVersion:   Dev-Physics (78F01B33-EBEA-4F98-B9B4-84EACCB95AA2): 0
LogDevObjectVersion:   Dev-Platform (6631380F-2D4D-43E0-8009-CF276956A95A): 0
LogDevObjectVersion:   Dev-Rendering (12F88B9F-8875-4AFC-A67C-D90C383ABD29): 27
LogDevObjectVersion:   Dev-Sequencer (7B5AE74C-D270-4C10-A958-57980B212A5A): 9
LogDevObjectVersion:   Dev-VR (D7296918-1DD6-4BDD-9DE2-64A83CC13884): 2
LogDevObjectVersion:   Dev-LoadTimes (C2A15278-BFE7-4AFE-6C17-90FF531DF755): 1
LogDevObjectVersion:   Private-Geometry (6EACA3D4-40EC-4CC1-B786-8BED09428FC5): 3
LogDevObjectVersion:   Dev-AnimPhys (29E575DD-E0A3-4627-9D10-D276232CDCEA): 17
LogDevObjectVersion:   Dev-Anim (AF43A65D-7FD3-4947-9873-3E8ED9C1BB05): 2
LogDevObjectVersion:   Dev-ReflectionCapture (6B266CEC-1EC7-4B8F-A30B-E4D90942FC07): 1
LogDevObjectVersion:   Dev-Automation (0DF73D61-A23F-47EA-B727-89E90C41499A): 1
LogDevObjectVersion:   FortniteMain (601D1886-AC64-4F84-AA16-D3DE0DEAC7D6): 17
LogDevObjectVersion:   Dev-Enterprise (9DFFBCD6-494F-0158-E221-12823C92A888): 4
LogDevObjectVersion:   Dev-Niagara (F2AED0AC-9AFE-416F-8664-AA7FFA26D6FC): 1
LogStreaming: Display: Took  0.007s to delete old logs.
LogInit: Presizing for max 8388607 objects, including 0 objects not considered by GC, pre-allocating 0 bytes for permanent pool.
LogInit: Object subsystem initialized
LogConfig: Setting CVar [[con.DebugEarlyDefault:1]]
LogConfig: Setting CVar [[r.setres:1280x720]]
[2019.06.26-20.40.21:853][  0]LogConfig: Setting CVar [[r.VSync:0]]
[2019.06.26-20.40.21:853][  0]LogConfig: Setting CVar [[r.RHICmdBypass:0]]
[2019.06.26-20.40.21:853][  0]LogConfig: Applying CVar settings from Section [/Script/Engine.RendererSettings] File [C:/Users/Samuel/Documents/GitHub/CFE_RV/CFE_LeapMotion2/Saved/Config/Windows/Engine.ini]
[2019.06.26-20.40.21:853][  0]LogConfig: Setting CVar [[r.GPUCrashDebugging:0]]
[2019.06.26-20.40.21:853][  0]LogConfig: Applying CVar settings from Section [/Script/Engine.RendererOverrideSettings] File [C:/Users/Samuel/Documents/GitHub/CFE_RV/CFE_LeapMotion2/Saved/Config/Windows/Engine.ini]
[2019.06.26-20.40.21:853][  0]LogConfig: Applying CVar settings from Section [/Script/Engine.StreamingSettings] File [C:/Users/Samuel/Documents/GitHub/CFE_RV/CFE_LeapMotion2/Saved/Config/Windows/Engine.ini]
[2019.06.26-20.40.21:853][  0]LogConfig: Setting CVar [[s.MinBulkDataSizeForAsyncLoading:131072]]
[2019.06.26-20.40.21:853][  0]LogConfig: Setting CVar [[s.AsyncLoadingThreadEnabled:0]]
[2019.06.26-20.40.21:854][  0]LogConfig: Setting CVar [[s.EventDrivenLoaderEnabled:1]]
[2019.06.26-20.40.21:854][  0]LogConfig: Setting CVar [[s.WarnIfTimeLimitExceeded:0]]
[2019.06.26-20.40.21:854][  0]LogConfig: Setting CVar [[s.TimeLimitExceededMultiplier:1.5]]
[2019.06.26-20.40.21:854][  0]LogConfig: Setting CVar [[s.TimeLimitExceededMinTime:0.005]]
[2019.06.26-20.40.21:854][  0]LogConfig: Setting CVar [[s.UseBackgroundLevelStreaming:1]]
[2019.06.26-20.40.21:854][  0]LogConfig: Setting CVar [[s.PriorityAsyncLoadingExtraTime:15.0]]
[2019.06.26-20.40.21:854][  0]LogConfig: Setting CVar [[s.LevelStreamingActorsUpdateTimeLimit:5.0]]
[2019.06.26-20.40.21:854][  0]LogConfig: Setting CVar [[s.PriorityLevelStreamingActorsUpdateExtraTime:5.0]]
[2019.06.26-20.40.21:854][  0]LogConfig: Setting CVar [[s.LevelStreamingComponentsRegistrationGranularity:10]]
[2019.06.26-20.40.21:854][  0]LogConfig: Setting CVar [[s.UnregisterComponentsTimeLimit:1.0]]
[2019.06.26-20.40.21:854][  0]LogConfig: Setting CVar [[s.LevelStreamingComponentsUnregistrationGranularity:5]]
[2019.06.26-20.40.21:854][  0]LogConfig: Applying CVar settings from Section [/Script/Engine.GarbageCollectionSettings] File [C:/Users/Samuel/Documents/GitHub/CFE_RV/CFE_LeapMotion2/Saved/Config/Windows/Engine.ini]
[2019.06.26-20.40.21:854][  0]LogConfig: Setting CVar [[gc.MaxObjectsNotConsideredByGC:1]]
[2019.06.26-20.40.21:854][  0]LogConfig: Setting CVar [[gc.SizeOfPermanentObjectPool:0]]
[2019.06.26-20.40.21:854][  0]LogConfig: Setting CVar [[gc.FlushStreamingOnGC:0]]
[2019.06.26-20.40.21:854][  0]LogConfig: Setting CVar [[gc.NumRetriesBeforeForcingGC:10]]
[2019.06.26-20.40.21:854][  0]LogConfig: Setting CVar [[gc.AllowParallelGC:1]]
[2019.06.26-20.40.21:854][  0]LogConfig: Setting CVar [[gc.TimeBetweenPurgingPendingKillObjects:61.1]]
[2019.06.26-20.40.21:854][  0]LogConfig: Setting CVar [[gc.MaxObjectsInEditor:8388607]]
[2019.06.26-20.40.21:854][  0]LogConfig: Setting CVar [[gc.IncrementalBeginDestroyEnabled:1]]
[2019.06.26-20.40.21:854][  0]LogConfig: Setting CVar [[gc.CreateGCClusters:1]]
[2019.06.26-20.40.21:854][  0]LogConfig: Setting CVar [[gc.MergeGCClusters:0]]
[2019.06.26-20.40.21:854][  0]LogConfig: Setting CVar [[gc.MinGCClusterSize:5]]
[2019.06.26-20.40.21:854][  0]LogConfig: Setting CVar [[gc.ActorClusteringEnabled:0]]
[2019.06.26-20.40.21:854][  0]LogConfig: Setting CVar [[gc.BlueprintClusteringEnabled:0]]
[2019.06.26-20.40.21:854][  0]LogConfig: Setting CVar [[gc.UseDisregardForGCOnDedicatedServers:0]]
[2019.06.26-20.40.21:854][  0]LogConfig: Applying CVar settings from Section [/Script/Engine.NetworkSettings] File [C:/Users/Samuel/Documents/GitHub/CFE_RV/CFE_LeapMotion2/Saved/Config/Windows/Engine.ini]
[2019.06.26-20.40.21:854][  0]LogConfig: Applying CVar settings from Section [/Script/UnrealEd.CookerSettings] File [C:/Users/Samuel/Documents/GitHub/CFE_RV/CFE_LeapMotion2/Saved/Config/Windows/Engine.ini]
[2019.06.26-20.40.21:860][  0]LogConfig: Applying CVar settings from Section [ViewDistanceQuality@3] File [C:/Users/Samuel/Documents/GitHub/CFE_RV/CFE_LeapMotion2/Saved/Config/Windows/Scalability.ini]
[2019.06.26-20.40.21:860][  0]LogConfig: Setting CVar [[r.SkeletalMeshLODBias:0]]
[2019.06.26-20.40.21:860][  0]LogConfig: Setting CVar [[r.ViewDistanceScale:1.0]]
[2019.06.26-20.40.21:860][  0]LogConfig: Applying CVar settings from Section [AntiAliasingQuality@3] File [C:/Users/Samuel/Documents/GitHub/CFE_RV/CFE_LeapMotion2/Saved/Config/Windows/Scalability.ini]
[2019.06.26-20.40.21:860][  0]LogConfig: Setting CVar [[r.PostProcessAAQuality:4]]
[2019.06.26-20.40.21:860][  0]LogConfig: Applying CVar settings from Section [ShadowQuality@3] File [C:/Users/Samuel/Documents/GitHub/CFE_RV/CFE_LeapMotion2/Saved/Config/Windows/Scalability.ini]
[2019.06.26-20.40.21:860][  0]LogConfig: Setting CVar [[r.LightFunctionQuality:1]]
[2019.06.26-20.40.21:861][  0]LogConfig: Setting CVar [[r.ShadowQuality:5]]
[2019.06.26-20.40.21:861][  0]LogConfig: Setting CVar [[r.Shadow.CSM.MaxCascades:10]]
[2019.06.26-20.40.21:861][  0]LogConfig: Setting CVar [[r.Shadow.MaxResolution:2048]]
[2019.06.26-20.40.21:861][  0]LogConfig: Setting CVar [[r.Shadow.MaxCSMResolution:2048]]
[2019.06.26-20.40.21:861][  0]LogConfig: Setting CVar [[r.Shadow.RadiusThreshold:0.01]]
[2019.06.26-20.40.21:861][  0]LogConfig: Setting CVar [[r.Shadow.DistanceScale:1.0]]
[2019.06.26-20.40.21:861][  0]LogConfig: Setting CVar [[r.Shadow.CSM.TransitionScale:1.0]]
[2019.06.26-20.40.21:861][  0]LogConfig: Setting CVar [[r.Shadow.PreShadowResolutionFactor:1.0]]
[2019.06.26-20.40.21:861][  0]LogConfig: Setting CVar [[r.DistanceFieldShadowing:1]]
[2019.06.26-20.40.21:861][  0]LogConfig: Setting CVar [[r.DistanceFieldAO:1]]
[2019.06.26-20.40.21:861][  0]LogConfig: Setting CVar [[r.AOQuality:2]]
[2019.06.26-20.40.21:861][  0]LogConfig: Setting CVar [[r.VolumetricFog:1]]
[2019.06.26-20.40.21:861][  0]LogConfig: Setting CVar [[r.VolumetricFog.GridPixelSize:8]]
[2019.06.26-20.40.21:861][  0]LogConfig: Setting CVar [[r.VolumetricFog.GridSizeZ:128]]
[2019.06.26-20.40.21:861][  0]LogConfig: Setting CVar [[r.VolumetricFog.HistoryMissSupersampleCount:4]]
[2019.06.26-20.40.21:861][  0]LogConfig: Setting CVar [[r.LightMaxDrawDistanceScale:1]]
[2019.06.26-20.40.21:861][  0]LogConfig: Setting CVar [[r.CapsuleShadows:1]]
[2019.06.26-20.40.21:861][  0]LogConfig: Applying CVar settings from Section [PostProcessQuality@3] File [C:/Users/Samuel/Documents/GitHub/CFE_RV/CFE_LeapMotion2/Saved/Config/Windows/Scalability.ini]
[2019.06.26-20.40.21:861][  0]LogConfig: Setting CVar [[r.MotionBlurQuality:4]]
[2019.06.26-20.40.21:861][  0]LogConfig: Setting CVar [[r.AmbientOcclusionMipLevelFactor:0.4]]
[2019.06.26-20.40.21:861][  0]LogConfig: Setting CVar [[r.AmbientOcclusionMaxQuality:100]]
[2019.06.26-20.40.21:861][  0]LogConfig: Setting CVar [[r.AmbientOcclusionLevels:-1]]
[2019.06.26-20.40.21:861][  0]LogConfig: Setting CVar [[r.AmbientOcclusionRadiusScale:1.0]]
[2019.06.26-20.40.21:861][  0]LogConfig: Setting CVar [[r.DepthOfFieldQuality:2]]
[2019.06.26-20.40.21:861][  0]LogConfig: Setting CVar [[r.RenderTargetPoolMin:400]]
[2019.06.26-20.40.21:861][  0]LogConfig: Setting CVar [[r.LensFlareQuality:2]]
[2019.06.26-20.40.21:861][  0]LogConfig: Setting CVar [[r.SceneColorFringeQuality:1]]
[2019.06.26-20.40.21:861][  0]LogConfig: Setting CVar [[r.EyeAdaptationQuality:2]]
[2019.06.26-20.40.21:861][  0]LogConfig: Setting CVar [[r.BloomQuality:5]]
[2019.06.26-20.40.21:861][  0]LogConfig: Setting CVar [[r.FastBlurThreshold:100]]
[2019.06.26-20.40.21:861][  0]LogConfig: Setting CVar [[r.Upscale.Quality:3]]
[2019.06.26-20.40.21:861][  0]LogConfig: Setting CVar [[r.Tonemapper.GrainQuantization:1]]
[2019.06.26-20.40.21:861][  0]LogConfig: Setting CVar [[r.LightShaftQuality:1]]
[2019.06.26-20.40.21:861][  0]LogConfig: Setting CVar [[r.Filter.SizeScale:1]]
[2019.06.26-20.40.21:861][  0]LogConfig: Setting CVar [[r.Tonemapper.Quality:5]]
[2019.06.26-20.40.21:861][  0]LogConfig: Setting CVar [[r.DOF.Gather.AccumulatorQuality:1        ; higher gathering accumulator quality]]
[2019.06.26-20.40.21:861][  0]LogConfig: Setting CVar [[r.DOF.Gather.PostfilterMethod:1          ; Median3x3 postfilering method]]
[2019.06.26-20.40.21:861][  0]LogConfig: Setting CVar [[r.DOF.Gather.EnableBokehSettings:0       ; no bokeh simulation when gathering]]
[2019.06.26-20.40.21:861][  0]LogConfig: Setting CVar [[r.DOF.Gather.RingCount:4                 ; medium number of samples when gathering]]
[2019.06.26-20.40.21:861][  0]LogConfig: Setting CVar [[r.DOF.Scatter.ForegroundCompositing:1    ; additive foreground scattering]]
[2019.06.26-20.40.21:861][  0]LogConfig: Setting CVar [[r.DOF.Scatter.BackgroundCompositing:2    ; additive background scattering]]
[2019.06.26-20.40.21:861][  0]LogConfig: Setting CVar [[r.DOF.Scatter.EnableBokehSettings:1      ; bokeh simulation when scattering]]
[2019.06.26-20.40.21:861][  0]LogConfig: Setting CVar [[r.DOF.Scatter.MaxSpriteRatio:0.1         ; only a maximum of 10% of scattered bokeh]]
[2019.06.26-20.40.21:861][  0]LogConfig: Setting CVar [[r.DOF.Recombine.Quality:1                ; cheap slight out of focus]]
[2019.06.26-20.40.21:861][  0]LogConfig: Setting CVar [[r.DOF.Recombine.EnableBokehSettings:0    ; no bokeh simulation on slight out of focus]]
[2019.06.26-20.40.21:861][  0]LogConfig: Setting CVar [[r.DOF.TemporalAAQuality:1                ; more stable temporal accumulation]]
[2019.06.26-20.40.21:862][  0]LogConfig: Setting CVar [[r.DOF.Kernel.MaxForegroundRadius:0.025]]
[2019.06.26-20.40.21:862][  0]LogConfig: Setting CVar [[r.DOF.Kernel.MaxBackgroundRadius:0.025]]
[2019.06.26-20.40.21:862][  0]LogConfig: Applying CVar settings from Section [TextureQuality@3] File [C:/Users/Samuel/Documents/GitHub/CFE_RV/CFE_LeapMotion2/Saved/Config/Windows/Scalability.ini]
[2019.06.26-20.40.21:862][  0]LogConfig: Setting CVar [[r.Streaming.MipBias:0]]
[2019.06.26-20.40.21:862][  0]LogConfig: Setting CVar [[r.Streaming.AmortizeCPUToGPUCopy:0]]
[2019.06.26-20.40.21:862][  0]LogConfig: Setting CVar [[r.Streaming.MaxNumTexturesToStreamPerFrame:0]]
[2019.06.26-20.40.21:862][  0]LogConfig: Setting CVar [[r.Streaming.Boost:1]]
[2019.06.26-20.40.21:862][  0]LogConfig: Setting CVar [[r.MaxAnisotropy:8]]
[2019.06.26-20.40.21:862][  0]LogConfig: Setting CVar [[r.Streaming.LimitPoolSizeToVRAM:0]]
[2019.06.26-20.40.21:862][  0]LogConfig: Setting CVar [[r.Streaming.PoolSize:1000]]
[2019.06.26-20.40.21:862][  0]LogConfig: Setting CVar [[r.Streaming.MaxEffectiveScreenSize:0]]
[2019.06.26-20.40.21:862][  0]LogConfig: Applying CVar settings from Section [EffectsQuality@3] File [C:/Users/Samuel/Documents/GitHub/CFE_RV/CFE_LeapMotion2/Saved/Config/Windows/Scalability.ini]
[2019.06.26-20.40.21:862][  0]LogConfig: Setting CVar [[r.TranslucencyLightingVolumeDim:64]]
[2019.06.26-20.40.21:862][  0]LogConfig: Setting CVar [[r.RefractionQuality:2]]
[2019.06.26-20.40.21:862][  0]LogConfig: Setting CVar [[r.SSR.Quality:3]]
[2019.06.26-20.40.21:862][  0]LogConfig: Setting CVar [[r.SceneColorFormat:4]]
[2019.06.26-20.40.21:862][  0]LogConfig: Setting CVar [[r.DetailMode:2]]
[2019.06.26-20.40.21:862][  0]LogConfig: Setting CVar [[r.TranslucencyVolumeBlur:1]]
[2019.06.26-20.40.21:862][  0]LogConfig: Setting CVar [[r.MaterialQualityLevel:1 ; High quality]]
[2019.06.26-20.40.21:862][  0]LogConfig: Setting CVar [[r.SSS.Scale:1]]
[2019.06.26-20.40.21:862][  0]LogConfig: Setting CVar [[r.SSS.SampleSet:2]]
[2019.06.26-20.40.21:862][  0]LogConfig: Setting CVar [[r.SSS.Quality:1]]
[2019.06.26-20.40.21:862][  0]LogConfig: Setting CVar [[r.SSS.HalfRes:1]]
[2019.06.26-20.40.21:862][  0]LogConfig: Setting CVar [[r.EmitterSpawnRateScale:1.0]]
[2019.06.26-20.40.21:862][  0]LogConfig: Setting CVar [[r.ParticleLightQuality:2]]
[2019.06.26-20.40.21:862][  0]LogConfig: Applying CVar settings from Section [FoliageQuality@3] File [C:/Users/Samuel/Documents/GitHub/CFE_RV/CFE_LeapMotion2/Saved/Config/Windows/Scalability.ini]
[2019.06.26-20.40.21:862][  0]LogConfig: Setting CVar [[foliage.DensityScale:1.0]]
[2019.06.26-20.40.21:862][  0]LogConfig: Setting CVar [[grass.DensityScale:1.0]]
[2019.06.26-20.40.21:862][  0]LogInit: Selected Device Profile: [Windows]
[2019.06.26-20.40.21:862][  0]LogInit: Applying CVar settings loaded from the selected device profile: [Windows]
[2019.06.26-20.40.22:007][  0]LogHAL: Display: Platform has ~ 7 GB [7455145984 / 8589934592 / 7], which maps to Smaller [LargestMinGB=32, LargerMinGB=12, DefaultMinGB=8, SmallerMinGB=6, SmallestMinGB=0)
[2019.06.26-20.40.22:007][  0]LogConfig: Setting CVar [[r.Vulkan.UseRealUBs:1]]
[2019.06.26-20.40.22:007][  0]LogInit: Going up to parent DeviceProfile []
[2019.06.26-20.40.22:007][  0]LogConfig: Applying CVar settings from Section [ViewDistanceQuality@1] File [C:/Users/Samuel/Documents/GitHub/CFE_RV/CFE_LeapMotion2/Saved/Config/Windows/Scalability.ini]
[2019.06.26-20.40.22:007][  0]LogConfig: Setting CVar [[r.SkeletalMeshLODBias:1]]
[2019.06.26-20.40.22:007][  0]LogConfig: Setting CVar [[r.ViewDistanceScale:0.6]]
[2019.06.26-20.40.22:007][  0]LogConfig: Applying CVar settings from Section [AntiAliasingQuality@1] File [C:/Users/Samuel/Documents/GitHub/CFE_RV/CFE_LeapMotion2/Saved/Config/Windows/Scalability.ini]
[2019.06.26-20.40.22:007][  0]LogConfig: Setting CVar [[r.PostProcessAAQuality:2]]
[2019.06.26-20.40.22:008][  0]LogConfig: Applying CVar settings from Section [ShadowQuality@1] File [C:/Users/Samuel/Documents/GitHub/CFE_RV/CFE_LeapMotion2/Saved/Config/Windows/Scalability.ini]
[2019.06.26-20.40.22:008][  0]LogConfig: Setting CVar [[r.LightFunctionQuality:1]]
[2019.06.26-20.40.22:008][  0]LogConfig: Setting CVar [[r.ShadowQuality:3]]
[2019.06.26-20.40.22:008][  0]LogConfig: Setting CVar [[r.Shadow.CSM.MaxCascades:1]]
[2019.06.26-20.40.22:008][  0]LogConfig: Setting CVar [[r.Shadow.MaxResolution:1024]]
[2019.06.26-20.40.22:008][  0]LogConfig: Setting CVar [[r.Shadow.MaxCSMResolution:1024]]
[2019.06.26-20.40.22:008][  0]LogConfig: Setting CVar [[r.Shadow.RadiusThreshold:0.05]]
[2019.06.26-20.40.22:008][  0]LogConfig: Setting CVar [[r.Shadow.DistanceScale:0.7]]
[2019.06.26-20.40.22:008][  0]LogConfig: Setting CVar [[r.Shadow.CSM.TransitionScale:0.25]]
[2019.06.26-20.40.22:008][  0]LogConfig: Setting CVar [[r.Shadow.PreShadowResolutionFactor:0.5]]
[2019.06.26-20.40.22:008][  0]LogConfig: Setting CVar [[r.DistanceFieldShadowing:0]]
[2019.06.26-20.40.22:008][  0]LogConfig: Setting CVar [[r.DistanceFieldAO:0]]
[2019.06.26-20.40.22:008][  0]LogConfig: Setting CVar [[r.VolumetricFog:0]]
[2019.06.26-20.40.22:008][  0]LogConfig: Setting CVar [[r.LightMaxDrawDistanceScale:.5]]
[2019.06.26-20.40.22:008][  0]LogConfig: Setting CVar [[r.CapsuleShadows:1]]
[2019.06.26-20.40.22:008][  0]LogConfig: Applying CVar settings from Section [PostProcessQuality@1] File [C:/Users/Samuel/Documents/GitHub/CFE_RV/CFE_LeapMotion2/Saved/Config/Windows/Scalability.ini]
[2019.06.26-20.40.22:008][  0]LogConfig: Setting CVar [[r.MotionBlurQuality:3]]
[2019.06.26-20.40.22:008][  0]LogConfig: Setting CVar [[r.AmbientOcclusionMipLevelFactor:1.0]]
[2019.06.26-20.40.22:008][  0]LogConfig: Setting CVar [[r.AmbientOcclusionMaxQuality:60]]
[2019.06.26-20.40.22:008][  0]LogConfig: Setting CVar [[r.AmbientOcclusionLevels:-1]]
[2019.06.26-20.40.22:008][  0]LogConfig: Setting CVar [[r.AmbientOcclusionRadiusScale:1.5]]
[2019.06.26-20.40.22:008][  0]LogConfig: Setting CVar [[r.DepthOfFieldQuality:1]]
[2019.06.26-20.40.22:008][  0]LogConfig: Setting CVar [[r.RenderTargetPoolMin:350]]
[2019.06.26-20.40.22:008][  0]LogConfig: Setting CVar [[r.LensFlareQuality:0]]
[2019.06.26-20.40.22:008][  0]LogConfig: Setting CVar [[r.SceneColorFringeQuality:0]]
[2019.06.26-20.40.22:008][  0]LogConfig: Setting CVar [[r.EyeAdaptationQuality:0]]
[2019.06.26-20.40.22:008][  0]LogConfig: Setting CVar [[r.BloomQuality:4]]
[2019.06.26-20.40.22:008][  0]LogConfig: Setting CVar [[r.FastBlurThreshold:2]]
[2019.06.26-20.40.22:008][  0]LogConfig: Setting CVar [[r.Upscale.Quality:2]]
[2019.06.26-20.40.22:008][  0]LogConfig: Setting CVar [[r.Tonemapper.GrainQuantization:0]]
[2019.06.26-20.40.22:009][  0]LogConfig: Setting CVar [[r.LightShaftQuality:0]]
[2019.06.26-20.40.22:009][  0]LogConfig: Setting CVar [[r.Filter.SizeScale:0.7]]
[2019.06.26-20.40.22:009][  0]LogConfig: Setting CVar [[r.Tonemapper.Quality:2]]
[2019.06.26-20.40.22:009][  0]LogConfig: Setting CVar [[r.DOF.Gather.AccumulatorQuality:0        ; lower gathering accumulator quality]]
[2019.06.26-20.40.22:009][  0]LogConfig: Setting CVar [[r.DOF.Gather.PostfilterMethod:2          ; Max3x3 postfilering method]]
[2019.06.26-20.40.22:009][  0]LogConfig: Setting CVar [[r.DOF.Gather.EnableBokehSettings:0       ; no bokeh simulation when gathering]]
[2019.06.26-20.40.22:009][  0]LogConfig: Setting CVar [[r.DOF.Gather.RingCount:3                 ; low number of samples when gathering]]
[2019.06.26-20.40.22:009][  0]LogConfig: Setting CVar [[r.DOF.Scatter.ForegroundCompositing:0    ; no foreground scattering]]
[2019.06.26-20.40.22:009][  0]LogConfig: Setting CVar [[r.DOF.Scatter.BackgroundCompositing:0    ; no foreground scattering]]
[2019.06.26-20.40.22:009][  0]LogConfig: Setting CVar [[r.DOF.Recombine.Quality:0                ; no slight out of focus]]
[2019.06.26-20.40.22:009][  0]LogConfig: Setting CVar [[r.DOF.TemporalAAQuality:0                ; faster temporal accumulation]]
[2019.06.26-20.40.22:009][  0]LogConfig: Setting CVar [[r.DOF.Kernel.MaxForegroundRadius:0.006   ; required because low gathering and no scattering and not looking great at 1080p]]
[2019.06.26-20.40.22:009][  0]LogConfig: Setting CVar [[r.DOF.Kernel.MaxBackgroundRadius:0.006   ; required because low gathering and no scattering and not looking great at 1080p]]
[2019.06.26-20.40.22:009][  0]LogConfig: Applying CVar settings from Section [TextureQuality@1] File [C:/Users/Samuel/Documents/GitHub/CFE_RV/CFE_LeapMotion2/Saved/Config/Windows/Scalability.ini]
[2019.06.26-20.40.22:009][  0]LogConfig: Setting CVar [[r.Streaming.MipBias:1]]
[2019.06.26-20.40.22:009][  0]LogConfig: Setting CVar [[r.Streaming.AmortizeCPUToGPUCopy:0]]
[2019.06.26-20.40.22:009][  0]LogConfig: Setting CVar [[r.Streaming.MaxNumTexturesToStreamPerFrame:0]]
[2019.06.26-20.40.22:009][  0]LogConfig: Setting CVar [[r.Streaming.Boost:1]]
[2019.06.26-20.40.22:009][  0]LogConfig: Setting CVar [[r.MaxAnisotropy:2]]
[2019.06.26-20.40.22:009][  0]LogConfig: Setting CVar [[r.Streaming.LimitPoolSizeToVRAM:1]]
[2019.06.26-20.40.22:009][  0]LogConfig: Setting CVar [[r.Streaming.PoolSize:600]]
[2019.06.26-20.40.22:009][  0]LogConfig: Setting CVar [[r.Streaming.MaxEffectiveScreenSize:0]]
[2019.06.26-20.40.22:009][  0]LogConfig: Applying CVar settings from Section [EffectsQuality@1] File [C:/Users/Samuel/Documents/GitHub/CFE_RV/CFE_LeapMotion2/Saved/Config/Windows/Scalability.ini]
[2019.06.26-20.40.22:009][  0]LogConfig: Setting CVar [[r.TranslucencyLightingVolumeDim:32]]
[2019.06.26-20.40.22:009][  0]LogConfig: Setting CVar [[r.RefractionQuality:0]]
[2019.06.26-20.40.22:009][  0]LogConfig: Setting CVar [[r.SSR.Quality:0]]
[2019.06.26-20.40.22:009][  0]LogConfig: Setting CVar [[r.SceneColorFormat:3]]
[2019.06.26-20.40.22:009][  0]LogConfig: Setting CVar [[r.DetailMode:1]]
[2019.06.26-20.40.22:010][  0]LogConfig: Setting CVar [[r.TranslucencyVolumeBlur:0]]
[2019.06.26-20.40.22:010][  0]LogConfig: Setting CVar [[r.MaterialQualityLevel:2 ; Medium quality]]
[2019.06.26-20.40.22:010][  0]LogConfig: Setting CVar [[r.SSS.Scale:0.75]]
[2019.06.26-20.40.22:010][  0]LogConfig: Setting CVar [[r.SSS.SampleSet:0]]
[2019.06.26-20.40.22:010][  0]LogConfig: Setting CVar [[r.SSS.Quality:0]]
[2019.06.26-20.40.22:010][  0]LogConfig: Setting CVar [[r.SSS.HalfRes:1]]
[2019.06.26-20.40.22:010][  0]LogConfig: Setting CVar [[r.EmitterSpawnRateScale:0.25]]
[2019.06.26-20.40.22:010][  0]LogConfig: Setting CVar [[r.ParticleLightQuality:0]]
[2019.06.26-20.40.22:010][  0]LogConfig: Applying CVar settings from Section [FoliageQuality@1] File [C:/Users/Samuel/Documents/GitHub/CFE_RV/CFE_LeapMotion2/Saved/Config/Windows/Scalability.ini]
[2019.06.26-20.40.22:010][  0]LogConfig: Setting CVar [[foliage.DensityScale:0.4]]
[2019.06.26-20.40.22:010][  0]LogConfig: Setting CVar [[grass.DensityScale:0.4]]
[2019.06.26-20.40.22:010][  0]LogConfig: Applying CVar settings from Section [Startup] File [../../../Engine/Config/ConsoleVariables.ini]
[2019.06.26-20.40.22:010][  0]LogConfig: Setting CVar [[net.UseAdaptiveNetUpdateFrequency:0]]
[2019.06.26-20.40.22:011][  0]LogConfig: Applying CVar settings from Section [ConsoleVariables] File [C:/Users/Samuel/Documents/GitHub/CFE_RV/CFE_LeapMotion2/Saved/Config/Windows/Engine.ini]
[2019.06.26-20.40.22:011][  0]LogInit: Computer: DESKTOP-RTM83TK
[2019.06.26-20.40.22:011][  0]LogInit: User: Samuel
[2019.06.26-20.40.22:011][  0]LogInit: CPU Page size=4096, Cores=4
[2019.06.26-20.40.22:011][  0]LogInit: High frequency timer resolution =10.000000 MHz
[2019.06.26-20.40.22:012][  0]LogMemory: Memory total: Physical=6.9GB (7GB approx)
[2019.06.26-20.40.22:012][  0]LogMemory: Platform Memory Stats for Windows
[2019.06.26-20.40.22:012][  0]LogMemory: Process Physical Memory: 107.32 MB used, 107.33 MB peak
[2019.06.26-20.40.22:012][  0]LogMemory: Process Virtual Memory: 97.70 MB used, 97.70 MB peak
[2019.06.26-20.40.22:012][  0]LogMemory: Physical Memory: 2874.57 MB used,  4235.21 MB free, 7109.78 MB total
[2019.06.26-20.40.22:012][  0]LogMemory: Virtual Memory: 4629.48 MB used,  134213096.00 MB free, 134217728.00 MB total
[2019.06.26-20.40.22:067][  0]LogInit: Overriding language with editor language configuration option (en).
[2019.06.26-20.40.22:067][  0]LogInit: Overriding locale with editor locale configuration option (en).
[2019.06.26-20.40.22:800][  0]LogStreaming: Display: Took  0.733s to InitEngineTextLocalization.
[2019.06.26-20.40.22:800][  0]LogInit: Setting process to per monitor DPI aware
[2019.06.26-20.40.22:904][  0]LogSlate: New Slate User Created.  User Index 0, Is Virtual User: 0
[2019.06.26-20.40.22:905][  0]LogSlate: Slate User Registered.  User Index 0, Is Virtual User: 0
[2019.06.26-20.40.23:320][  0]LogHMD: Failed to initialize OpenVR with code 110
[2019.06.26-20.40.23:320][  0]LogD3D11RHI: D3D11 adapters:
[2019.06.26-20.40.23:384][  0]LogD3D11RHI:    0. 'AMD Radeon(TM) R6 Graphics' (Feature Level 11_0)
[2019.06.26-20.40.23:384][  0]LogD3D11RHI:       1012/0/3554 MB DedicatedVideo/DedicatedSystem/SharedSystem, Outputs:1, VendorId:0x1002
[2019.06.26-20.40.23:391][  0]LogD3D11RHI:    1. 'Microsoft Basic Render Driver' (Feature Level 11_0)
[2019.06.26-20.40.23:391][  0]LogD3D11RHI:       0/0/3554 MB DedicatedVideo/DedicatedSystem/SharedSystem, Outputs:0, VendorId:0x1414
[2019.06.26-20.40.23:391][  0]LogD3D11RHI: Chosen D3D11 Adapter: 0
[2019.06.26-20.40.23:405][  0]LogD3D11RHI: Creating new Direct3DDevice
[2019.06.26-20.40.23:405][  0]LogD3D11RHI:     GPU DeviceId: 0x9874 (for the marketing name, search the web for "GPU Device Id")
[2019.06.26-20.40.23:405][  0]LogWindows: EnumDisplayDevices:
[2019.06.26-20.40.23:405][  0]LogWindows:    0. 'AMD Radeon(TM) R6 Graphics' (P:1 D:1)
[2019.06.26-20.40.23:406][  0]LogWindows:    1. 'AMD Radeon(TM) R6 Graphics' (P:0 D:0)
[2019.06.26-20.40.23:407][  0]LogWindows:    2. 'AMD Radeon(TM) R6 Graphics' (P:0 D:0)
[2019.06.26-20.40.23:407][  0]LogWindows: DebugString: FoundDriverCount:3 
[2019.06.26-20.40.23:407][  0]LogD3D11RHI:     Adapter Name: AMD Radeon(TM) R6 Graphics
[2019.06.26-20.40.23:407][  0]LogD3D11RHI:   Driver Version: 15.201.1101.1002 (internal:15.201.1101.1002, unified:15.201.1101.1002)
[2019.06.26-20.40.23:407][  0]LogD3D11RHI:      Driver Date: 8-21-2015
[2019.06.26-20.40.23:407][  0]LogRHI: Texture pool is 708 MB (70% of 1012 MB)
[2019.06.26-20.40.23:615][  0]LogD3D11RHI: Async texture creation enabled
[2019.06.26-20.40.23:648][  0]LogD3D11RHI: GPU Timing Frequency: 27.000000 (Debug: 2 2)
[2019.06.26-20.40.24:977][  0]LogTemp: Display: Loaded TP AllDesktopTargetPlatform
[2019.06.26-20.40.25:006][  0]LogTemp: Display: Loaded TP MacClientTargetPlatform
[2019.06.26-20.40.25:035][  0]LogTemp: Display: Loaded TP MacNoEditorTargetPlatform
[2019.06.26-20.40.25:063][  0]LogTemp: Display: Loaded TP MacServerTargetPlatform
[2019.06.26-20.40.25:091][  0]LogTemp: Display: Loaded TP MacTargetPlatform
[2019.06.26-20.40.25:118][  0]LogTemp: Display: Loaded TP WindowsClientTargetPlatform
[2019.06.26-20.40.25:148][  0]LogTemp: Display: Loaded TP WindowsNoEditorTargetPlatform
[2019.06.26-20.40.25:179][  0]LogTemp: Display: Loaded TP WindowsServerTargetPlatform
[2019.06.26-20.40.25:193][  0]LogTemp: Display: Loaded TP WindowsTargetPlatform
[2019.06.26-20.40.25:387][  0]LogTemp: Display: Loaded TP AndroidTargetPlatform
[2019.06.26-20.40.25:387][  0]LogTemp: Display: Loaded TP AndroidTargetPlatform
[2019.06.26-20.40.25:387][  0]LogTemp: Display: Loaded TP AndroidTargetPlatform
[2019.06.26-20.40.25:387][  0]LogTemp: Display: Loaded TP AndroidTargetPlatform
[2019.06.26-20.40.25:387][  0]LogTemp: Display: Loaded TP AndroidTargetPlatform
[2019.06.26-20.40.25:387][  0]LogTemp: Display: Loaded TP AndroidTargetPlatform
[2019.06.26-20.40.25:387][  0]LogTemp: Display: Loaded TP AndroidTargetPlatform
[2019.06.26-20.40.25:387][  0]LogTemp: Display: Loaded TP AndroidTargetPlatform
[2019.06.26-20.40.25:387][  0]LogTemp: Display: Loaded TP AndroidTargetPlatform
[2019.06.26-20.40.25:387][  0]LogTemp: Display: Loaded TP AndroidTargetPlatform
[2019.06.26-20.40.25:387][  0]LogTemp: Display: Loaded TP AndroidTargetPlatform
[2019.06.26-20.40.25:388][  0]LogTemp: Display: Loaded TP AndroidTargetPlatform
[2019.06.26-20.40.25:388][  0]LogTemp: Display: Loaded TP AndroidTargetPlatform
[2019.06.26-20.40.25:388][  0]LogTemp: Display: Loaded TP AndroidTargetPlatform
[2019.06.26-20.40.25:388][  0]LogTemp: Display: Loaded TP AndroidTargetPlatform
[2019.06.26-20.40.25:388][  0]LogTemp: Display: Loaded TP AndroidTargetPlatform
[2019.06.26-20.40.25:388][  0]LogTemp: Display: Loaded TP AndroidTargetPlatform
[2019.06.26-20.40.25:388][  0]LogTemp: Display: Loaded TP AndroidTargetPlatform
[2019.06.26-20.40.25:392][  0]LogTemp: Display: Loaded TP HTML5TargetPlatform
[2019.06.26-20.40.25:504][  0]LogTemp: Display: Loaded TP IOSTargetPlatform
[2019.06.26-20.40.25:504][  0]LogTemp: Display: Loaded TP IOSTargetPlatform
[2019.06.26-20.40.25:562][  0]LogTemp: Display: Loaded TP TVOSTargetPlatform
[2019.06.26-20.40.25:562][  0]LogTemp: Display: Loaded TP TVOSTargetPlatform
[2019.06.26-20.40.25:590][  0]LogTemp: Display: Loaded TP LinuxClientTargetPlatform
[2019.06.26-20.40.25:617][  0]LogTemp: Display: Loaded TP LinuxNoEditorTargetPlatform
[2019.06.26-20.40.25:643][  0]LogTemp: Display: Loaded TP LinuxServerTargetPlatform
[2019.06.26-20.40.25:673][  0]LogTemp: Display: Loaded TP LinuxTargetPlatform
[2019.06.26-20.40.25:771][  0]LogTemp: Display: Loaded TP LuminTargetPlatform
[2019.06.26-20.40.25:771][  0]LogTemp: Display: Loaded TP LuminTargetPlatform
[2019.06.26-20.40.25:771][  0]LogTargetPlatformManager: Display: Building Assets For Windows
[2019.06.26-20.40.25:903][  0]LogShaderCompilers: Guid format shader working directory is -23 characters bigger than the processId version (../../../../../../Users/Samuel/Documents/GitHub/CFE_RV/CFE_LeapMotion2/Intermediate/Shaders/WorkingDirectory/6504/).
[2019.06.26-20.40.25:904][  0]LogShaderCompilers: Cleaned the shader compiler working directory 'C:/Users/Samuel/AppData/Local/Temp/UnrealShaderWorkingDir/9FBDA56544D825C191EC70A15BE01A0C/'.
[2019.06.26-20.40.25:909][  0]LogXGEController: Cleaning working directory: C:/Users/Samuel/AppData/Local/Temp/UnrealXGEWorkingDir/
[2019.06.26-20.40.25:909][  0]LogXGEController: Cannot use XGE Controller as Incredibuild is not installed on this machine.
[2019.06.26-20.40.25:910][  0]LogShaderCompilers: Cannot use XGE Shader Compiler as Incredibuild is not installed on this machine.
[2019.06.26-20.40.25:910][  0]LogShaderCompilers: Display: Using Local Shader Compiler.
[2019.06.26-20.40.27:324][  0]LogDerivedDataCache: Display: Max Cache Size: 512 MB
[2019.06.26-20.40.27:660][  0]LogDerivedDataCache: Loaded boot cache 0.34s 71MB C:/Users/Samuel/AppData/Local/UnrealEngine/4.21/DerivedDataCache/Boot.ddc.
[2019.06.26-20.40.27:660][  0]LogDerivedDataCache: Display: Loaded Boot cache: C:/Users/Samuel/AppData/Local/UnrealEngine/4.21/DerivedDataCache/Boot.ddc
[2019.06.26-20.40.27:661][  0]LogDerivedDataCache: FDerivedDataBackendGraph:  Pak pak cache file ../../../../../../Users/Samuel/Documents/GitHub/CFE_RV/CFE_LeapMotion2/DerivedDataCache/DDC.ddp not found, will not use a pak cache.
[2019.06.26-20.40.27:661][  0]LogDerivedDataCache: Unable to find inner node Pak for hierarchical cache Hierarchy.
[2019.06.26-20.40.27:661][  0]LogDerivedDataCache: FDerivedDataBackendGraph:  CompressedPak pak cache file ../../../../../../Users/Samuel/Documents/GitHub/CFE_RV/CFE_LeapMotion2/DerivedDataCache/Compressed.ddp not found, will not use a pak cache.
[2019.06.26-20.40.27:661][  0]LogDerivedDataCache: Unable to find inner node CompressedPak for hierarchical cache Hierarchy.
[2019.06.26-20.40.27:696][  0]LogDerivedDataCache: Display: Pak cache opened for reading ../../../Engine/DerivedDataCache/Compressed.ddp.
[2019.06.26-20.40.27:696][  0]LogDerivedDataCache: FDerivedDataBackendGraph:  EnterprisePak pak cache file ../../../Enterprise/DerivedDataCache/Compressed.ddp not found, will not use a pak cache.
[2019.06.26-20.40.27:696][  0]LogDerivedDataCache: Unable to find inner node EnterprisePak for hierarchical cache Hierarchy.
[2019.06.26-20.40.27:711][  0]LogDerivedDataCache: Using Local data cache path C:/Users/Samuel/AppData/Local/UnrealEngine/Common/DerivedDataCache: Writable
[2019.06.26-20.40.27:711][  0]LogDerivedDataCache: Shared data cache path not found in *engine.ini, will not use an Shared cache.
[2019.06.26-20.40.27:711][  0]LogDerivedDataCache: Unable to find inner node Shared for hierarchical cache Hierarchy.
[2019.06.26-20.40.27:773][  0]LogMaterial: Verifying Global Shaders for PCD3D_SM5
[2019.06.26-20.40.27:776][  0]LogSlate: Using FreeType 2.6.0
[2019.06.26-20.40.27:778][  0]LogSlate: SlateFontServices - WITH_FREETYPE: 1, WITH_HARFBUZZ: 1
[2019.06.26-20.40.27:966][  0]LogAssetRegistry: FAssetRegistry took 0.0560 seconds to start up
[2019.06.26-20.40.28:792][  0]LogInit: Selected Device Profile: [Windows]
[2019.06.26-20.40.29:167][  0]LogSimplygon: Simplygon DLL not present - disabling.
[2019.06.26-20.40.29:177][  0]LogMeshReduction: Using SimplygonSwarm for distributed automatic mesh merging
[2019.06.26-20.40.29:178][  0]LogMeshReduction: Using ProxyLODMeshReduction for automatic mesh merging
[2019.06.26-20.40.29:178][  0]LogMeshReduction: Using QuadricMeshReduction for automatic static mesh reduction
[2019.06.26-20.40.29:178][  0]LogMeshReduction: No automatic skeletal mesh reduction module available
[2019.06.26-20.40.29:209][  0]LogNetVersion: CFE_LeapMotion 1.0.0, NetCL: 4541578, EngineNetVer: 5, GameNetVer: 0 (Checksum: 1837852655)
[2019.06.26-20.40.30:446][  0]LogPackageLocalizationCache: Processed 12 localized package path(s) for 1 prioritized culture(s) in 0.179566 seconds
[2019.06.26-20.40.30:460][  0]LogUObjectArray: 39775 objects as part of root set at end of initial load.
[2019.06.26-20.40.30:460][  0]LogUObjectAllocator: 6914656 out of 0 bytes used by permanent object pool.
[2019.06.26-20.40.30:460][  0]LogUObjectArray: CloseDisregardForGC: 0/0 objects in disregard for GC pool
[2019.06.26-20.40.49:584][  0]LogTcpMessaging: Initializing TcpMessaging bridge
[2019.06.26-20.40.49:605][  0]LogUdpMessaging: Initializing bridge on interface 0.0.0.0:0 to multicast group 230.0.0.1:6666.
[2019.06.26-20.40.50:809][  0]UE4DuinoLog: Warning: UE4Duino: Log Started
[2019.06.26-20.40.51:283][  0]SourceControl: Source control is disabled
[2019.06.26-20.40.53:539][  0]LogAndroidPermission: UAndroidPermissionCallbackProxy::GetInstance
[2019.06.26-20.40.53:663][  0]LogWindows: Failed to load '../../../Engine/Binaries/ThirdParty/LeapMotion/Win64/LeapC.dll' (GetLastError=126)
[2019.06.26-20.40.53:663][  0]LogWindows: File '../../../Engine/Binaries/ThirdParty/LeapMotion/Win64/LeapC.dll' does not exist
[2019.06.26-20.40.53:663][  0]LeapMotionLog: Leap Plugin started v3.3.1
[2019.06.26-20.40.53:672][  0]LogOcInput: OculusInput pre-init called
[2019.06.26-20.40.53:913][  0]LogClass: Warning: ObjectProperty FMappedBoneAnimData::BodyStateSkeleton is not initialized properly
[2019.06.26-20.40.53:913][  0]LogClass: Warning: FBodyStateDeviceConfig::InputType is not initialized properly
[2019.06.26-20.40.53:914][  0]LogClass: Warning: FLeapStats::FrameExtrapolationInMS is not initialized properly
[2019.06.26-20.40.53:914][  0]LogClass: Display: 3 Uninitialized script stuct members found
[2019.06.26-20.40.53:915][  0]LogAutomationTest: Warning: ObjectProperty FMappedBoneAnimData::BodyStateSkeleton is not initialized properly
[2019.06.26-20.40.53:915][  0]LogAutomationTest: Warning: FBodyStateDeviceConfig::InputType is not initialized properly
[2019.06.26-20.40.53:915][  0]LogAutomationTest: Warning: FLeapStats::FrameExtrapolationInMS is not initialized properly
[2019.06.26-20.40.53:921][  0]LogEngine: Initializing Engine...
[2019.06.26-20.40.53:922][  0]LogHMD: Failed to initialize OpenVR with code 110
[2019.06.26-20.40.53:925][  0]LogStats: UGameplayTagsManager::ConstructGameplayTagTree: ImportINI prefixes -  0.000 s
[2019.06.26-20.40.53:925][  0]LogStats: UGameplayTagsManager::ConstructGameplayTagTree: Construct from data asset -  0.000 s
[2019.06.26-20.40.53:925][  0]LogStats: UGameplayTagsManager::ConstructGameplayTagTree: ImportINI -  0.000 s
[2019.06.26-20.40.53:925][  0]LogStats: UGameplayTagsManager::ConstructGameplayTagTree: GameplayTagTreeChangedEvent.Broadcast -  0.000 s
[2019.06.26-20.40.54:420][  0]LogInit: Initializing FReadOnlyCVARCache
[2019.06.26-20.40.54:451][  0]LogAIModule: Creating AISystem for world Untitled
[2019.06.26-20.40.54:469][  0]LogInit: XAudio2 using 'Altavoces (Conexant SmartAudio HD)' : 2 channels at 48 kHz using 32 bits per sample (channel mask 0x3)
[2019.06.26-20.40.54:602][  0]LogInit: FAudioDevice initialized.
[2019.06.26-20.40.54:603][  0]LogNetVersion: Set ProjectVersion to 1.0.0.0. Version Checksum will be recalculated on next use.
[2019.06.26-20.40.54:874][  0]LogDerivedDataCache: Saved boot cache 0.27s 71MB C:/Users/Samuel/AppData/Local/UnrealEngine/4.21/DerivedDataCache/Boot.ddc.
[2019.06.26-20.40.54:899][  0]LogInit: Texture streaming: Enabled
[2019.06.26-20.40.54:943][  0]LogEngineSessionManager: EngineSessionManager initialized
[2019.06.26-20.40.55:018][  0]LogEngineSessionManager: EngineSessionManager sent abnormal shutdown report. Type=Crashed, SessionId={9370C89A-4A7C-A67B-F802-0E8F4ABB59EE}
[2019.06.26-20.40.55:047][  0]LogInit: Transaction tracking system initialized
[2019.06.26-20.40.55:099][  0]BlueprintLog: New page: Editor Load
[2019.06.26-20.40.55:281][  0]LocalizationService: Localization service is disabled
[2019.06.26-20.40.57:250][  0]LogFileCache: Scanning file cache for directory 'C:/Users/Samuel/Documents/GitHub/CFE_RV/CFE_LeapMotion2/Content/' took 0.03s
[2019.06.26-20.40.57:250][  0]LogCook: Display: Max memory allowance for cook 16384mb min free memory 0mb
[2019.06.26-20.40.57:250][  0]LogCook: Display: Mobile HDR setting 1
[2019.06.26-20.40.57:250][  0]LogGameplayTags: Display: UGameplayTagsManager::DoneAddingNativeTags. DelegateIsBound: 0
[2019.06.26-20.40.57:250][  0]LogStats: UGameplayTagsManager::ConstructGameplayTagTree: ImportINI prefixes -  0.000 s
[2019.06.26-20.40.57:250][  0]LogStats: UGameplayTagsManager::ConstructGameplayTagTree: Construct from data asset -  0.000 s
[2019.06.26-20.40.57:251][  0]LogStats: UGameplayTagsManager::ConstructGameplayTagTree: ImportINI -  0.000 s
[2019.06.26-20.40.57:251][  0]LogStats: UGameplayTagsManager::ConstructGameplayTagTree: GameplayTagTreeChangedEvent.Broadcast -  0.000 s
[2019.06.26-20.40.58:246][  0]Cmd: MAP LOAD FILE="../../../../../../Users/Samuel/Documents/GitHub/CFE_RV/CFE_LeapMotion2/Content/StarterContent/Maps/Minimal_Default.umap" TEMPLATE=0 SHOWPROGRESS=1 FEATURELEVEL=3
[2019.06.26-20.40.58:247][  0]LightingResults: New page: Lighting Build
[2019.06.26-20.40.58:253][  0]MapCheck: New page: Map Check
[2019.06.26-20.40.58:253][  0]LightingResults: New page: Lighting Build
[2019.06.26-20.41.06:825][  0]LogAIModule: Creating AISystem for world Minimal_Default
[2019.06.26-20.41.06:847][  0]LogEditorServer: Finished looking for orphan Actors (0.000 secs)
[2019.06.26-20.41.06:970][  0]Cmd: MAP CHECKDEP NOCLEARLOG
[2019.06.26-20.41.06:971][  0]MapCheck: Map check complete: 0 Error(s), 0 Warning(s), took 0.479ms to complete.
[2019.06.26-20.41.06:971][  0]LogFileHelpers: Loading map 'Minimal_Default' took 8.725
[2019.06.26-20.41.07:271][  0]LogSlate: Updating window title bar state: overlay mode, drag disabled, window buttons hidden, title bar hidden
[2019.06.26-20.41.07:287][  0]LogSlate: Updating window title bar state: overlay mode, drag disabled, window buttons hidden, title bar hidden
[2019.06.26-20.41.07:303][  0]LogSlate: Updating window title bar state: overlay mode, drag disabled, window buttons hidden, title bar hidden
[2019.06.26-20.41.07:320][  0]LogSlate: Updating window title bar state: overlay mode, drag disabled, window buttons hidden, title bar hidden
[2019.06.26-20.41.07:345][  0]LogCollectionManager: Loaded 0 collections in 0.004171 seconds
[2019.06.26-20.41.07:382][  0]LogFileCache: Scanning file cache for directory 'C:/Users/Samuel/Documents/GitHub/CFE_RV/CFE_LeapMotion2/Saved/Collections/' took 0.01s
[2019.06.26-20.41.07:382][  0]LogFileCache: Scanning file cache for directory 'C:/Users/Samuel/Documents/GitHub/CFE_RV/CFE_LeapMotion2/Content/Developers/Samuel/Collections/' took 0.00s
[2019.06.26-20.41.07:382][  0]LogFileCache: Scanning file cache for directory 'C:/Users/Samuel/Documents/GitHub/CFE_RV/CFE_LeapMotion2/Content/Collections/' took 0.01s
[2019.06.26-20.41.07:382][  0]LogCollectionManager: Rebuilt the GUID cache for 0 collections in 0.000001 seconds
[2019.06.26-20.41.07:403][  0]LogContentBrowser: Native class hierarchy populated in 0.0204 seconds. Added 2666 classes and 631 folders.
[2019.06.26-20.41.07:417][  0]LogContentBrowser: Native class hierarchy updated for 'WidgetCarousel' in 0.0005 seconds. Added 0 classes and 0 folders.
[2019.06.26-20.41.07:529][  0]LogPakFile: Registered encryption key '00000000000000000000000000000000': 0 pak files mounted, 0 remain pending
[2019.06.26-20.41.07:531][  0]LogPakFile: Registered encryption key '00000000000000000000000000000000': 0 pak files mounted, 0 remain pending
[2019.06.26-20.41.07:532][  0]LogPakFile: Registered encryption key '00000000000000000000000000000000': 0 pak files mounted, 0 remain pending
[2019.06.26-20.41.07:534][  0]LogPakFile: Registered encryption key '00000000000000000000000000000000': 0 pak files mounted, 0 remain pending
[2019.06.26-20.41.07:535][  0]LogPakFile: Registered encryption key '00000000000000000000000000000000': 0 pak files mounted, 0 remain pending
[2019.06.26-20.41.07:536][  0]LogPakFile: Registered encryption key '00000000000000000000000000000000': 0 pak files mounted, 0 remain pending
[2019.06.26-20.41.07:538][  0]LogPakFile: Registered encryption key '00000000000000000000000000000000': 0 pak files mounted, 0 remain pending
[2019.06.26-20.41.07:539][  0]LogPakFile: Registered encryption key '00000000000000000000000000000000': 0 pak files mounted, 0 remain pending
[2019.06.26-20.41.07:541][  0]LogPakFile: Registered encryption key '00000000000000000000000000000000': 0 pak files mounted, 0 remain pending
[2019.06.26-20.41.07:542][  0]LogPakFile: Registered encryption key '00000000000000000000000000000000': 0 pak files mounted, 0 remain pending
[2019.06.26-20.41.07:544][  0]LogPakFile: Registered encryption key '00000000000000000000000000000000': 0 pak files mounted, 0 remain pending
[2019.06.26-20.41.07:545][  0]LogPakFile: Registered encryption key '00000000000000000000000000000000': 0 pak files mounted, 0 remain pending
[2019.06.26-20.41.07:546][  0]LogPakFile: Registered encryption key '00000000000000000000000000000000': 0 pak files mounted, 0 remain pending
[2019.06.26-20.41.07:548][  0]LogPakFile: Registered encryption key '00000000000000000000000000000000': 0 pak files mounted, 0 remain pending
[2019.06.26-20.41.07:550][  0]LogPakFile: Registered encryption key '00000000000000000000000000000000': 0 pak files mounted, 0 remain pending
[2019.06.26-20.41.07:551][  0]LogPakFile: Registered encryption key '00000000000000000000000000000000': 0 pak files mounted, 0 remain pending
[2019.06.26-20.41.07:552][  0]LogPakFile: Registered encryption key '00000000000000000000000000000000': 0 pak files mounted, 0 remain pending
[2019.06.26-20.41.07:554][  0]LogPakFile: Registered encryption key '00000000000000000000000000000000': 0 pak files mounted, 0 remain pending
[2019.06.26-20.41.07:556][  0]LogPakFile: Registered encryption key '00000000000000000000000000000000': 0 pak files mounted, 0 remain pending
[2019.06.26-20.41.07:557][  0]LogPakFile: Registered encryption key '00000000000000000000000000000000': 0 pak files mounted, 0 remain pending
[2019.06.26-20.41.07:559][  0]LogPakFile: Registered encryption key '00000000000000000000000000000000': 0 pak files mounted, 0 remain pending
[2019.06.26-20.41.07:560][  0]LogPakFile: Registered encryption key '00000000000000000000000000000000': 0 pak files mounted, 0 remain pending
[2019.06.26-20.41.07:562][  0]LogPakFile: Registered encryption key '00000000000000000000000000000000': 0 pak files mounted, 0 remain pending
[2019.06.26-20.41.07:563][  0]LogPakFile: Registered encryption key '00000000000000000000000000000000': 0 pak files mounted, 0 remain pending
[2019.06.26-20.41.07:565][  0]LogPakFile: Registered encryption key '00000000000000000000000000000000': 0 pak files mounted, 0 remain pending
[2019.06.26-20.41.07:566][  0]LogPakFile: Registered encryption key '00000000000000000000000000000000': 0 pak files mounted, 0 remain pending
[2019.06.26-20.41.08:572][  0]LogContentBrowser: Native class hierarchy updated for 'AddContentDialog' in 0.0005 seconds. Added 0 classes and 0 folders.
[2019.06.26-20.41.08:582][  0]LogContentBrowser: Native class hierarchy updated for 'SceneOutliner' in 0.0005 seconds. Added 1 classes and 2 folders.
[2019.06.26-20.41.08:740][  0]LogSlate: Took 0.000483 seconds to synchronously load lazily loaded font '../../../Engine/Content/Slate/Fonts/Roboto-Regular.ttf' (155K)
[2019.06.26-20.41.08:744][  0]LogSlate: Took 0.000467 seconds to synchronously load lazily loaded font '../../../Engine/Content/Slate/Fonts/Roboto-Bold.ttf' (160K)
[2019.06.26-20.41.08:831][  0]LogSlate: Took 0.074395 seconds to synchronously load lazily loaded font '../../../Engine/Content/Editor/Slate/Fonts/FontAwesome.ttf' (139K)
[2019.06.26-20.41.09:074][  0]LogRenderer: Reallocating scene render targets to support 832x348 Format 9 NumSamples 1 (Frame:1).
[2019.06.26-20.41.09:695][  0]LogSlate: Took 0.000413 seconds to synchronously load lazily loaded font '../../../Engine/Content/Slate/Fonts/Roboto-Light.ttf' (167K)
[2019.06.26-20.41.09:862][  0]LogContentBrowser: Native class hierarchy updated for 'HierarchicalLODOutliner' in 0.0007 seconds. Added 0 classes and 0 folders.
[2019.06.26-20.41.09:862][  0]LogLoad: (Engine Initialization) Total time: 51.38 seconds
[2019.06.26-20.41.09:862][  0]LogLoad: (Engine Initialization) Total Blueprint compile time: 0.00 seconds
[2019.06.26-20.41.09:900][  0]LeapMotionLog: ServiceMessageLoop started.
[2019.06.26-20.41.09:900][  0]BodyStateLog: BodyState::DeviceAttached: Leap Motion (1)
[2019.06.26-20.41.09:901][  0]BodyStateLog: BodyState::DeviceAttached: HMD (2)
[2019.06.26-20.41.09:991][  0]LogContentStreaming: Texture pool size now 600 MB
[2019.06.26-20.41.10:101][  1]LeapMotionLog: LeapService: OnConnect.
[2019.06.26-20.41.10:192][  2]LogD3D11RHI: Error: agsDriverExtensionsDX11_SetDepthBounds(1,0.000000, 1.000000) returned error code 6. **********PLEASE UPDATE YOUR VIDEO DRIVERS*********
[2019.06.26-20.41.10:900][  6]LogAssetRegistry: Asset discovery search completed in 42.9573 seconds
[2019.06.26-20.41.10:905][  6]LogCollectionManager: Rebuilt the object cache for 0 collections in 0.000001 seconds (found 0 objects)
[2019.06.26-20.41.10:905][  6]LogCollectionManager: Fixed up redirectors for 0 collections in 0.000157 seconds (updated 0 objects)
[2019.06.26-20.41.11:021][  7]LogSlate: Took 0.000621 seconds to synchronously load lazily loaded font '../../../Engine/Content/Slate/Fonts/Roboto-Light.ttf' (167K)
[2019.06.26-20.41.59:926][ 63]LogSlate: FSceneViewport::OnFocusLost() reason 0
[2019.06.26-20.42.00:132][ 69]LogAssetEditorManager: Opening Asset editor for Blueprint /Game/BP_Items/BLUEPRINTS/BP_Pertiga.BP_Pertiga
[2019.06.26-20.42.01:219][ 69]LogContentBrowser: Native class hierarchy updated for 'BlueprintGraph' in 0.0015 seconds. Added 117 classes and 0 folders.
[2019.06.26-20.42.02:999][ 69]LogAssetEditorManager: Opening Asset editor for Blueprint /LeapMotion/DirectRigging/LowPoly/LeapDesktopLowPoly.LeapDesktopLowPoly
[2019.06.26-20.42.03:738][ 69]LogTemp: Bone cache synced: 20
[2019.06.26-20.42.03:743][ 69]LogTemp: Bone cache synced: 0
[2019.06.26-20.42.03:744][ 69]LogTemp: Bone cache synced: 20
[2019.06.26-20.42.03:758][ 69]LogSlate: Took 0.000677 seconds to synchronously load lazily loaded font '../../../Engine/Content/Slate/Fonts/Roboto-BoldCondensed.ttf' (158K)
[2019.06.26-20.42.04:062][ 70]LogSlate: Took 0.000504 seconds to synchronously load lazily loaded font '../../../Engine/Content/Slate/Fonts/Roboto-Italic.ttf' (157K)
[2019.06.26-20.42.11:842][445]LogSlate: Took 0.000612 seconds to synchronously load lazily loaded font '../../../Engine/Content/Slate/Fonts/Roboto-BoldCondensedItalic.ttf' (160K)
[2019.06.26-20.42.21:086][938]BlueprintLog: New page: Compile LeapDesktopLowPoly
[2019.06.26-20.42.21:192][938]LogTemp: Bone cache synced: 20
[2019.06.26-20.42.21:194][938]LogTemp: Bone cache synced: 0
[2019.06.26-20.42.21:194][938]LogTemp: Bone cache synced: 20
[2019.06.26-20.42.21:197][938]LogTemp: Bone cache synced: 20
[2019.06.26-20.42.21:197][938]LogTemp: Bone cache synced: 20
[2019.06.26-20.42.21:199][938]LogTemp: Bone cache synced: 20
[2019.06.26-20.42.21:199][938]LogTemp: Bone cache synced: 20
[2019.06.26-20.42.21:565][938]LogTemp: Bone cache synced: 20
[2019.06.26-20.42.21:566][938]LogTemp: Bone cache synced: 0
[2019.06.26-20.42.21:567][938]LogTemp: Bone cache synced: 20
[2019.06.26-20.42.21:569][938]LogTemp: Bone cache synced: 20
[2019.06.26-20.42.21:569][938]LogTemp: Bone cache synced: 20
[2019.06.26-20.42.21:570][938]LogTemp: Bone cache synced: 20
[2019.06.26-20.42.21:571][938]LogTemp: Bone cache synced: 20
[2019.06.26-20.42.21:572][938]LogTemp: Bone cache synced: 20
[2019.06.26-20.42.21:573][938]LogTemp: Bone cache synced: 20
[2019.06.26-20.42.21:574][938]LogTemp: Bone cache synced: 20
[2019.06.26-20.42.21:574][938]LogTemp: Bone cache synced: 20
[2019.06.26-20.42.21:597][938]LogTemp: Bone cache synced: 20
[2019.06.26-20.42.21:599][938]LogTemp: Bone cache synced: 0
[2019.06.26-20.42.21:599][938]LogTemp: Bone cache synced: 20
[2019.06.26-20.42.21:602][938]LogTemp: Bone cache synced: 20
[2019.06.26-20.42.21:602][938]LogTemp: Bone cache synced: 20
[2019.06.26-20.42.21:603][938]LogTemp: Bone cache synced: 20
[2019.06.26-20.42.21:604][938]LogTemp: Bone cache synced: 20
[2019.06.26-20.42.21:605][938]LogTemp: Bone cache synced: 20
[2019.06.26-20.42.21:606][938]LogTemp: Bone cache synced: 20
[2019.06.26-20.42.21:607][938]LogTemp: Bone cache synced: 20
[2019.06.26-20.42.21:607][938]LogTemp: Bone cache synced: 20
[2019.06.26-20.42.22:815][962]LogSavePackage: Moving '../../../../../../Users/Samuel/Documents/GitHub/CFE_RV/CFE_LeapMotion2/Saved/LeapDesktopLowPolyB84CA0844A6463C1CE9102A452873CB1.tmp' to '../../../../../../Users/Samuel/Documents/GitHub/CFE_RV/CFE_LeapMotion2/Plugins/LeapMotion/Content/DirectRigging/LowPoly/LeapDesktopLowPoly.uasset'
[2019.06.26-20.42.31:915][422]LeapMotionLog: OnDeviceFound Peripheral S323A047707.
[2019.06.26-20.42.31:937][423]LeapMotionLog: LeapServiceLog: Firmware is up to date.
[2019.06.26-20.42.35:918][612]LogTemp: Repeating last play command: New Editor Window (PIE)
[2019.06.26-20.42.36:000][612]LogBlueprintUserMessages: Early PlayInEditor Detection: Level '/Game/StarterContent/Maps/Minimal_Default.Minimal_Default:PersistentLevel' has LevelScriptBlueprint '/Game/StarterContent/Maps/Minimal_Default.Minimal_Default:PersistentLevel.Minimal_Default' with GeneratedClass '/Game/StarterContent/Maps/Minimal_Default.Minimal_Default_C' with ClassGeneratedBy '/Game/StarterContent/Maps/Minimal_Default.Minimal_Default:PersistentLevel.Minimal_Default'
[2019.06.26-20.42.36:000][612]LogPlayLevel: PlayLevel: No blueprints needed recompiling
[2019.06.26-20.42.36:001][612]PIE: New page: PIE session: Minimal_Default (Jun 26, 2019, 10:42:36 AM)
[2019.06.26-20.42.36:016][612]LogPlayLevel: Creating play world package: /Game/StarterContent/Maps/UEDPIE_0_Minimal_Default
[2019.06.26-20.42.36:036][612]LogPlayLevel: PIE: StaticDuplicateObject took: (0.019248s)
[2019.06.26-20.42.36:038][612]LogAIModule: Creating AISystem for world Minimal_Default
[2019.06.26-20.42.36:039][612]LogPlayLevel: PIE: World Init took: (0.002170s)
[2019.06.26-20.42.36:039][612]LogPlayLevel: PIE: Created PIE world by copying editor world from /Game/StarterContent/Maps/Minimal_Default.Minimal_Default to /Game/StarterContent/Maps/UEDPIE_0_Minimal_Default.Minimal_Default (0.022589s)
[2019.06.26-20.42.36:145][612]LogInit: XAudio2 using 'Altavoces (Conexant SmartAudio HD)' : 2 channels at 48 kHz using 32 bits per sample (channel mask 0x3)
[2019.06.26-20.42.36:218][612]LogInit: FAudioDevice initialized.
[2019.06.26-20.42.36:234][612]LogSlate: Updating window title bar state: overlay mode, drag disabled, window buttons hidden, title bar hidden
[2019.06.26-20.42.36:294][612]LogLoad: Game class is 'CFE_GameMode_C'
[2019.06.26-20.42.36:304][612]LogWorld: Bringing World /Game/StarterContent/Maps/UEDPIE_0_Minimal_Default.Minimal_Default up for play (max tick rate 60) at 2019.06.26-15.42.36
[2019.06.26-20.42.36:305][612]LogWorld: Bringing up level for play took: 0.007373
[2019.06.26-20.42.36:343][612]LogContentBrowser: Native class hierarchy updated for 'MovieSceneCapture' in 0.0008 seconds. Added 20 classes and 0 folders.
[2019.06.26-20.42.36:343][612]LogGameMode: Display: Match State Changed from EnteringMap to WaitingToStart
[2019.06.26-20.42.36:343][612]LogGameState: Match State Changed from EnteringMap to WaitingToStart
[2019.06.26-20.42.36:343][612]LogGameMode: Display: Match State Changed from WaitingToStart to InProgress
[2019.06.26-20.42.36:345][612]LogTemp: Bone cache synced: 20
[2019.06.26-20.42.36:347][612]LogTemp: Bone cache synced: 0
[2019.06.26-20.42.36:347][612]LogTemp: Bone cache synced: 20
[2019.06.26-20.42.36:349][612]LeapMotionLog: AddEventDelegate (1).
[2019.06.26-20.42.36:358][612]LogGameState: Match State Changed from WaitingToStart to InProgress
[2019.06.26-20.42.36:366][612]PIE: Play in editor start time for /Game/StarterContent/Maps/UEDPIE_0_Minimal_Default 0.025
[2019.06.26-20.42.36:367][612]LogBlueprintUserMessages: Late PlayInEditor Detection: Level '/Game/StarterContent/Maps/Minimal_Default.Minimal_Default:PersistentLevel' has LevelScriptBlueprint '/Game/StarterContent/Maps/Minimal_Default.Minimal_Default:PersistentLevel.Minimal_Default' with GeneratedClass '/Game/StarterContent/Maps/Minimal_Default.Minimal_Default_C' with ClassGeneratedBy '/Game/StarterContent/Maps/Minimal_Default.Minimal_Default:PersistentLevel.Minimal_Default'
[2019.06.26-20.42.36:431][612]LogRenderer: Reallocating scene render targets to support 916x536 Format 9 NumSamples 1 (Frame:1).
[2019.06.26-20.42.38:092][668]LogSlate: FSceneViewport::OnFocusLost() reason 0
[2019.06.26-20.42.43:769][900]LogScript: Warning: Script Msg: Attempted to access index 0 from array 'CallFunc_GetOverlappingActors_OverlappingActors' of length 0 in '/LeapMotion/DirectRigging/LowPoly/LeapDesktopLowPoly.LeapDesktopLowPoly_C:ExecuteUbergraph_LeapDesktopLowPoly'!
[2019.06.26-20.42.43:846][903]LogScript: Warning: Script Msg: Attempted to access index 0 from array 'CallFunc_GetOverlappingActors_OverlappingActors' of length 0 in '/LeapMotion/DirectRigging/LowPoly/LeapDesktopLowPoly.LeapDesktopLowPoly_C:ExecuteUbergraph_LeapDesktopLowPoly'!
[2019.06.26-20.42.43:933][906]LogScript: Warning: Script Msg: Attempted to access index 0 from array 'CallFunc_GetOverlappingActors_OverlappingActors' of length 0 in '/LeapMotion/DirectRigging/LowPoly/LeapDesktopLowPoly.LeapDesktopLowPoly_C:ExecuteUbergraph_LeapDesktopLowPoly'!
[2019.06.26-20.42.44:233][918]LogScript: Warning: Script Msg: Attempted to access index 0 from array 'CallFunc_GetOverlappingActors_OverlappingActors' of length 0 in '/LeapMotion/DirectRigging/LowPoly/LeapDesktopLowPoly.LeapDesktopLowPoly_C:ExecuteUbergraph_LeapDesktopLowPoly'!
[2019.06.26-20.42.44:333][922]LogScript: Warning: Script Msg: Attempted to access index 0 from array 'CallFunc_GetOverlappingActors_OverlappingActors' of length 0 in '/LeapMotion/DirectRigging/LowPoly/LeapDesktopLowPoly.LeapDesktopLowPoly_C:ExecuteUbergraph_LeapDesktopLowPoly'!
[2019.06.26-20.42.44:630][934]LogScript: Warning: Script Msg: Attempted to access index 0 from array 'CallFunc_GetOverlappingActors_OverlappingActors' of length 0 in '/LeapMotion/DirectRigging/LowPoly/LeapDesktopLowPoly.LeapDesktopLowPoly_C:ExecuteUbergraph_LeapDesktopLowPoly'!
[2019.06.26-20.42.50:813][169]LogScript: Warning: Script Msg: Attempted to access index 0 from array 'CallFunc_GetOverlappingActors_OverlappingActors' of length 0 in '/LeapMotion/DirectRigging/LowPoly/LeapDesktopLowPoly.LeapDesktopLowPoly_C:ExecuteUbergraph_LeapDesktopLowPoly'!
[2019.06.26-20.42.50:869][171]LogScript: Warning: Script Msg: Attempted to access index 0 from array 'CallFunc_GetOverlappingActors_OverlappingActors' of length 0 in '/LeapMotion/DirectRigging/LowPoly/LeapDesktopLowPoly.LeapDesktopLowPoly_C:ExecuteUbergraph_LeapDesktopLowPoly'!
[2019.06.26-20.42.51:597][199]LogScript: Warning: Script Msg: Attempted to access index 0 from array 'CallFunc_GetOverlappingActors_OverlappingActors' of length 0 in '/LeapMotion/DirectRigging/LowPoly/LeapDesktopLowPoly.LeapDesktopLowPoly_C:ExecuteUbergraph_LeapDesktopLowPoly'!
[2019.06.26-20.42.51:716][203]LogScript: Warning: Script Msg: Attempted to access index 0 from array 'CallFunc_GetOverlappingActors_OverlappingActors' of length 0 in '/LeapMotion/DirectRigging/LowPoly/LeapDesktopLowPoly.LeapDesktopLowPoly_C:ExecuteUbergraph_LeapDesktopLowPoly'!
[2019.06.26-20.42.52:017][213]LogScript: Warning: Script Msg: Attempted to access index 0 from array 'CallFunc_GetOverlappingActors_OverlappingActors' of length 0 in '/LeapMotion/DirectRigging/LowPoly/LeapDesktopLowPoly.LeapDesktopLowPoly_C:ExecuteUbergraph_LeapDesktopLowPoly'!
[2019.06.26-20.42.52:131][217]LogScript: Warning: Script Msg: Attempted to access index 0 from array 'CallFunc_GetOverlappingActors_OverlappingActors' of length 0 in '/LeapMotion/DirectRigging/LowPoly/LeapDesktopLowPoly.LeapDesktopLowPoly_C:ExecuteUbergraph_LeapDesktopLowPoly'!
[2019.06.26-20.42.52:462][228]LogScript: Warning: Script Msg: Attempted to access index 0 from array 'CallFunc_GetOverlappingActors_OverlappingActors' of length 0 in '/LeapMotion/DirectRigging/LowPoly/LeapDesktopLowPoly.LeapDesktopLowPoly_C:ExecuteUbergraph_LeapDesktopLowPoly'!
[2019.06.26-20.42.54:730][304]LogScript: Warning: Script Msg: Attempted to access index 0 from array 'CallFunc_GetOverlappingActors_OverlappingActors' of length 0 in '/LeapMotion/DirectRigging/LowPoly/LeapDesktopLowPoly.LeapDesktopLowPoly_C:ExecuteUbergraph_LeapDesktopLowPoly'!
[2019.06.26-20.42.55:149][319]LogScript: Warning: Script Msg: Attempted to access index 0 from array 'CallFunc_GetOverlappingActors_OverlappingActors' of length 0 in '/LeapMotion/DirectRigging/LowPoly/LeapDesktopLowPoly.LeapDesktopLowPoly_C:ExecuteUbergraph_LeapDesktopLowPoly'!
[2019.06.26-20.42.56:370][356]LogScript: Warning: Script Msg: Attempted to access index 0 from array 'CallFunc_GetOverlappingActors_OverlappingActors1' of length 0 in '/LeapMotion/DirectRigging/LowPoly/LeapDesktopLowPoly.LeapDesktopLowPoly_C:ExecuteUbergraph_LeapDesktopLowPoly'!
[2019.06.26-20.42.58:705][441]LogScript: Warning: Script Msg: Attempted to access index 0 from array 'CallFunc_GetOverlappingActors_OverlappingActors' of length 0 in '/LeapMotion/DirectRigging/LowPoly/LeapDesktopLowPoly.LeapDesktopLowPoly_C:ExecuteUbergraph_LeapDesktopLowPoly'!
[2019.06.26-20.42.59:146][458]LogScript: Warning: Script Msg: Attempted to access index 0 from array 'CallFunc_GetOverlappingActors_OverlappingActors' of length 0 in '/LeapMotion/DirectRigging/LowPoly/LeapDesktopLowPoly.LeapDesktopLowPoly_C:ExecuteUbergraph_LeapDesktopLowPoly'!
[2019.06.26-20.42.59:430][469]LogScript: Warning: Script Msg: Attempted to access index 0 from array 'CallFunc_GetOverlappingActors_OverlappingActors' of length 0 in '/LeapMotion/DirectRigging/LowPoly/LeapDesktopLowPoly.LeapDesktopLowPoly_C:ExecuteUbergraph_LeapDesktopLowPoly'!
[2019.06.26-20.42.59:747][481]LogScript: Warning: Script Msg: Attempted to access index 0 from array 'CallFunc_GetOverlappingActors_OverlappingActors' of length 0 in '/LeapMotion/DirectRigging/LowPoly/LeapDesktopLowPoly.LeapDesktopLowPoly_C:ExecuteUbergraph_LeapDesktopLowPoly'!
[2019.06.26-20.43.00:046][492]LogScript: Warning: Script Msg: Attempted to access index 0 from array 'CallFunc_GetOverlappingActors_OverlappingActors' of length 0 in '/LeapMotion/DirectRigging/LowPoly/LeapDesktopLowPoly.LeapDesktopLowPoly_C:ExecuteUbergraph_LeapDesktopLowPoly'!
[2019.06.26-20.43.01:762][563]LogBlueprintUserMessages: Early EndPlayMap Detection: Level '/Game/StarterContent/Maps/Minimal_Default.Minimal_Default:PersistentLevel' has LevelScriptBlueprint '/Game/StarterContent/Maps/Minimal_Default.Minimal_Default:PersistentLevel.Minimal_Default' with GeneratedClass '/Game/StarterContent/Maps/Minimal_Default.Minimal_Default_C' with ClassGeneratedBy '/Game/StarterContent/Maps/Minimal_Default.Minimal_Default:PersistentLevel.Minimal_Default'
[2019.06.26-20.43.01:763][563]LogSlate: Updating window title bar state: overlay mode, drag disabled, window buttons hidden, title bar hidden
[2019.06.26-20.43.01:854][563]LogSlate: Window 'CFE_LeapMotion Game Preview Standalone (64-bit/PCD3D_SM5)' being destroyed
[2019.06.26-20.43.01:914][563]LogPlayLevel: Display: Shutting down PIE online subsystems
[2019.06.26-20.43.01:914][563]LogBlueprintUserMessages: Late EndPlayMap Detection: Level '/Game/StarterContent/Maps/Minimal_Default.Minimal_Default:PersistentLevel' has LevelScriptBlueprint '/Game/StarterContent/Maps/Minimal_Default.Minimal_Default:PersistentLevel.Minimal_Default' with GeneratedClass '/Game/StarterContent/Maps/Minimal_Default.Minimal_Default_C' with ClassGeneratedBy '/Game/StarterContent/Maps/Minimal_Default.Minimal_Default:PersistentLevel.Minimal_Default'
[2019.06.26-20.43.02:079][564]LogPlayLevel: Display: Destroying online subsystem :Context_4
[2019.06.26-20.43.13:001][144]BlueprintLog: New page: Compile LeapDesktopLowPoly
[2019.06.26-20.43.13:114][144]LogTemp: Bone cache synced: 20
[2019.06.26-20.43.13:116][144]LogTemp: Bone cache synced: 0
[2019.06.26-20.43.13:117][144]LogTemp: Bone cache synced: 20
[2019.06.26-20.43.13:119][144]LogTemp: Bone cache synced: 20
[2019.06.26-20.43.13:119][144]LogTemp: Bone cache synced: 20
[2019.06.26-20.43.13:121][144]LogTemp: Bone cache synced: 20
[2019.06.26-20.43.13:121][144]LogTemp: Bone cache synced: 20
[2019.06.26-20.43.13:497][144]LogTemp: Bone cache synced: 20
[2019.06.26-20.43.13:498][144]LogTemp: Bone cache synced: 0
[2019.06.26-20.43.13:499][144]LogTemp: Bone cache synced: 20
[2019.06.26-20.43.13:501][144]LogTemp: Bone cache synced: 20
[2019.06.26-20.43.13:501][144]LogTemp: Bone cache synced: 20
[2019.06.26-20.43.13:503][144]LogTemp: Bone cache synced: 20
[2019.06.26-20.43.13:503][144]LogTemp: Bone cache synced: 20
[2019.06.26-20.43.13:505][144]LogTemp: Bone cache synced: 20
[2019.06.26-20.43.13:505][144]LogTemp: Bone cache synced: 20
[2019.06.26-20.43.13:506][144]LogTemp: Bone cache synced: 20
[2019.06.26-20.43.13:506][144]LogTemp: Bone cache synced: 20
[2019.06.26-20.43.13:531][144]LogTemp: Bone cache synced: 20
[2019.06.26-20.43.13:533][144]LogTemp: Bone cache synced: 0
[2019.06.26-20.43.13:534][144]LogTemp: Bone cache synced: 20
[2019.06.26-20.43.13:536][144]LogTemp: Bone cache synced: 20
[2019.06.26-20.43.13:536][144]LogTemp: Bone cache synced: 20
[2019.06.26-20.43.13:538][144]LogTemp: Bone cache synced: 20
[2019.06.26-20.43.13:538][144]LogTemp: Bone cache synced: 20
[2019.06.26-20.43.13:540][144]LogTemp: Bone cache synced: 20
[2019.06.26-20.43.13:541][144]LogTemp: Bone cache synced: 20
[2019.06.26-20.43.13:542][144]LogTemp: Bone cache synced: 20
[2019.06.26-20.43.13:542][144]LogTemp: Bone cache synced: 20
[2019.06.26-20.43.14:757][172]LogSavePackage: Moving '../../../../../../Users/Samuel/Documents/GitHub/CFE_RV/CFE_LeapMotion2/Saved/LeapDesktopLowPolyDEBC7455401055E733B3E79AA09CF357.tmp' to '../../../../../../Users/Samuel/Documents/GitHub/CFE_RV/CFE_LeapMotion2/Plugins/LeapMotion/Content/DirectRigging/LowPoly/LeapDesktopLowPoly.uasset'
[2019.06.26-20.43.20:049][432]LogTemp: Repeating last play command: New Editor Window (PIE)
[2019.06.26-20.43.20:125][432]LogBlueprintUserMessages: Early PlayInEditor Detection: Level '/Game/StarterContent/Maps/Minimal_Default.Minimal_Default:PersistentLevel' has LevelScriptBlueprint '/Game/StarterContent/Maps/Minimal_Default.Minimal_Default:PersistentLevel.Minimal_Default' with GeneratedClass '/Game/StarterContent/Maps/Minimal_Default.Minimal_Default_C' with ClassGeneratedBy '/Game/StarterContent/Maps/Minimal_Default.Minimal_Default:PersistentLevel.Minimal_Default'
[2019.06.26-20.43.20:125][432]LogPlayLevel: PlayLevel: No blueprints needed recompiling
[2019.06.26-20.43.20:126][432]PIE: New page: PIE session: Minimal_Default (Jun 26, 2019, 10:43:20 AM)
[2019.06.26-20.43.20:126][432]LogPlayLevel: Creating play world package: /Game/StarterContent/Maps/UEDPIE_0_Minimal_Default
[2019.06.26-20.43.20:143][432]LogPlayLevel: PIE: StaticDuplicateObject took: (0.016775s)
[2019.06.26-20.43.20:144][432]LogAIModule: Creating AISystem for world Minimal_Default
[2019.06.26-20.43.20:144][432]LogPlayLevel: PIE: World Init took: (0.001330s)
[2019.06.26-20.43.20:144][432]LogPlayLevel: PIE: Created PIE world by copying editor world from /Game/StarterContent/Maps/Minimal_Default.Minimal_Default to /Game/StarterContent/Maps/UEDPIE_0_Minimal_Default.Minimal_Default (0.018567s)
[2019.06.26-20.43.20:239][432]LogInit: XAudio2 using 'Altavoces (Conexant SmartAudio HD)' : 2 channels at 48 kHz using 32 bits per sample (channel mask 0x3)
[2019.06.26-20.43.20:304][432]LogInit: FAudioDevice initialized.
[2019.06.26-20.43.20:319][432]LogSlate: Updating window title bar state: overlay mode, drag disabled, window buttons hidden, title bar hidden
[2019.06.26-20.43.20:365][432]LogLoad: Game class is 'CFE_GameMode_C'
[2019.06.26-20.43.20:372][432]LogWorld: Bringing World /Game/StarterContent/Maps/UEDPIE_0_Minimal_Default.Minimal_Default up for play (max tick rate 60) at 2019.06.26-15.43.20
[2019.06.26-20.43.20:373][432]LogWorld: Bringing up level for play took: 0.006508
[2019.06.26-20.43.20:388][432]LogGameMode: Display: Match State Changed from EnteringMap to WaitingToStart
[2019.06.26-20.43.20:388][432]LogGameState: Match State Changed from EnteringMap to WaitingToStart
[2019.06.26-20.43.20:389][432]LogGameMode: Display: Match State Changed from WaitingToStart to InProgress
[2019.06.26-20.43.20:390][432]LogTemp: Bone cache synced: 20
[2019.06.26-20.43.20:392][432]LogTemp: Bone cache synced: 0
[2019.06.26-20.43.20:392][432]LogTemp: Bone cache synced: 20
[2019.06.26-20.43.20:394][432]LeapMotionLog: AddEventDelegate (1).
[2019.06.26-20.43.20:403][432]LogGameState: Match State Changed from WaitingToStart to InProgress
[2019.06.26-20.43.20:412][432]PIE: Play in editor start time for /Game/StarterContent/Maps/UEDPIE_0_Minimal_Default 0.07
[2019.06.26-20.43.20:413][432]LogBlueprintUserMessages: Late PlayInEditor Detection: Level '/Game/StarterContent/Maps/Minimal_Default.Minimal_Default:PersistentLevel' has LevelScriptBlueprint '/Game/StarterContent/Maps/Minimal_Default.Minimal_Default:PersistentLevel.Minimal_Default' with GeneratedClass '/Game/StarterContent/Maps/Minimal_Default.Minimal_Default_C' with ClassGeneratedBy '/Game/StarterContent/Maps/Minimal_Default.Minimal_Default:PersistentLevel.Minimal_Default'
[2019.06.26-20.43.22:079][491]LogSlate: FSceneViewport::OnFocusLost() reason 0
[2019.06.26-20.43.23:158][528]LogScript: Warning: Script Msg: Attempted to access index 0 from array 'CallFunc_GetOverlappingActors_OverlappingActors' of length 0 in '/LeapMotion/DirectRigging/LowPoly/LeapDesktopLowPoly.LeapDesktopLowPoly_C:ExecuteUbergraph_LeapDesktopLowPoly'!
[2019.06.26-20.43.23:962][554]LogScript: Warning: Script Msg: Attempted to access index 0 from array 'CallFunc_GetOverlappingActors_OverlappingActors' of length 0 in '/LeapMotion/DirectRigging/LowPoly/LeapDesktopLowPoly.LeapDesktopLowPoly_C:ExecuteUbergraph_LeapDesktopLowPoly'!
[2019.06.26-20.43.24:845][583]LogScript: Warning: Script Msg: Attempted to access index 0 from array 'CallFunc_GetOverlappingActors_OverlappingActors' of length 0 in '/LeapMotion/DirectRigging/LowPoly/LeapDesktopLowPoly.LeapDesktopLowPoly_C:ExecuteUbergraph_LeapDesktopLowPoly'!
[2019.06.26-20.43.25:089][591]LogScript: Warning: Script Msg: Attempted to access index 0 from array 'CallFunc_GetOverlappingActors_OverlappingActors' of length 0 in '/LeapMotion/DirectRigging/LowPoly/LeapDesktopLowPoly.LeapDesktopLowPoly_C:ExecuteUbergraph_LeapDesktopLowPoly'!
[2019.06.26-20.43.27:625][675]LogScript: Warning: Script Msg: Attempted to access index 0 from array 'CallFunc_GetOverlappingActors_OverlappingActors' of length 0 in '/LeapMotion/DirectRigging/LowPoly/LeapDesktopLowPoly.LeapDesktopLowPoly_C:ExecuteUbergraph_LeapDesktopLowPoly'!
[2019.06.26-20.43.27:754][679]LogScript: Warning: Script Msg: Attempted to access index 0 from array 'CallFunc_GetOverlappingActors_OverlappingActors' of length 0 in '/LeapMotion/DirectRigging/LowPoly/LeapDesktopLowPoly.LeapDesktopLowPoly_C:ExecuteUbergraph_LeapDesktopLowPoly'!
[2019.06.26-20.43.27:845][682]LogScript: Warning: Script Msg: Attempted to access index 0 from array 'CallFunc_GetOverlappingActors_OverlappingActors' of length 0 in '/LeapMotion/DirectRigging/LowPoly/LeapDesktopLowPoly.LeapDesktopLowPoly_C:ExecuteUbergraph_LeapDesktopLowPoly'!
[2019.06.26-20.43.28:001][687]LogScript: Warning: Script Msg: Attempted to access index 0 from array 'CallFunc_GetOverlappingActors_OverlappingActors1' of length 0 in '/LeapMotion/DirectRigging/LowPoly/LeapDesktopLowPoly.LeapDesktopLowPoly_C:ExecuteUbergraph_LeapDesktopLowPoly'!
[2019.06.26-20.43.28:034][688]LogScript: Warning: Script Msg: Attempted to access index 0 from array 'CallFunc_GetOverlappingActors_OverlappingActors1' of length 0 in '/LeapMotion/DirectRigging/LowPoly/LeapDesktopLowPoly.LeapDesktopLowPoly_C:ExecuteUbergraph_LeapDesktopLowPoly'!
[2019.06.26-20.43.28:106][690]LogScript: Warning: Script Msg: Attempted to access index 0 from array 'CallFunc_GetOverlappingActors_OverlappingActors1' of length 0 in '/LeapMotion/DirectRigging/LowPoly/LeapDesktopLowPoly.LeapDesktopLowPoly_C:ExecuteUbergraph_LeapDesktopLowPoly'!
[2019.06.26-20.43.28:266][694]LogScript: Warning: Script Msg: Attempted to access index 0 from array 'CallFunc_GetOverlappingActors_OverlappingActors' of length 0 in '/LeapMotion/DirectRigging/LowPoly/LeapDesktopLowPoly.LeapDesktopLowPoly_C:ExecuteUbergraph_LeapDesktopLowPoly'!
[2019.06.26-20.43.28:862][711]LogScript: Warning: Script Msg: Attempted to access index 0 from array 'CallFunc_GetOverlappingActors_OverlappingActors' of length 0 in '/LeapMotion/DirectRigging/LowPoly/LeapDesktopLowPoly.LeapDesktopLowPoly_C:ExecuteUbergraph_LeapDesktopLowPoly'!
[2019.06.26-20.43.29:181][720]LogScript: Warning: Script Msg: Attempted to access index 0 from array 'CallFunc_GetOverlappingActors_OverlappingActors' of length 0 in '/LeapMotion/DirectRigging/LowPoly/LeapDesktopLowPoly.LeapDesktopLowPoly_C:ExecuteUbergraph_LeapDesktopLowPoly'!
[2019.06.26-20.43.29:497][729]LogScript: Warning: Script Msg: Attempted to access index 0 from array 'CallFunc_GetOverlappingActors_OverlappingActors' of length 0 in '/LeapMotion/DirectRigging/LowPoly/LeapDesktopLowPoly.LeapDesktopLowPoly_C:ExecuteUbergraph_LeapDesktopLowPoly'!
[2019.06.26-20.43.29:794][738]LogScript: Warning: Script Msg: Attempted to access index 0 from array 'CallFunc_GetOverlappingActors_OverlappingActors' of length 0 in '/LeapMotion/DirectRigging/LowPoly/LeapDesktopLowPoly.LeapDesktopLowPoly_C:ExecuteUbergraph_LeapDesktopLowPoly'!
[2019.06.26-20.43.29:951][743]LogScript: Warning: Script Msg: Attempted to access index 0 from array 'CallFunc_GetOverlappingActors_OverlappingActors1' of length 0 in '/LeapMotion/DirectRigging/LowPoly/LeapDesktopLowPoly.LeapDesktopLowPoly_C:ExecuteUbergraph_LeapDesktopLowPoly'!
[2019.06.26-20.43.30:115][747]LogScript: Warning: Script Msg: Attempted to access index 0 from array 'CallFunc_GetOverlappingActors_OverlappingActors' of length 0 in '/LeapMotion/DirectRigging/LowPoly/LeapDesktopLowPoly.LeapDesktopLowPoly_C:ExecuteUbergraph_LeapDesktopLowPoly'!
[2019.06.26-20.43.30:402][755]LogScript: Warning: Script Msg: Attempted to access index 0 from array 'CallFunc_GetOverlappingActors_OverlappingActors' of length 0 in '/LeapMotion/DirectRigging/LowPoly/LeapDesktopLowPoly.LeapDesktopLowPoly_C:ExecuteUbergraph_LeapDesktopLowPoly'!
[2019.06.26-20.43.30:503][758]LogScript: Warning: Script Msg: Attempted to access index 0 from array 'CallFunc_GetOverlappingActors_OverlappingActors1' of length 0 in '/LeapMotion/DirectRigging/LowPoly/LeapDesktopLowPoly.LeapDesktopLowPoly_C:ExecuteUbergraph_LeapDesktopLowPoly'!
[2019.06.26-20.43.30:611][761]LogScript: Warning: Script Msg: Attempted to access index 0 from array 'CallFunc_GetOverlappingActors_OverlappingActors1' of length 0 in '/LeapMotion/DirectRigging/LowPoly/LeapDesktopLowPoly.LeapDesktopLowPoly_C:ExecuteUbergraph_LeapDesktopLowPoly'!
[2019.06.26-20.43.30:648][762]LogScript: Warning: Script Msg: Attempted to access index 0 from array 'CallFunc_GetOverlappingActors_OverlappingActors' of length 0 in '/LeapMotion/DirectRigging/LowPoly/LeapDesktopLowPoly.LeapDesktopLowPoly_C:ExecuteUbergraph_LeapDesktopLowPoly'!
[2019.06.26-20.43.30:727][764]LogScript: Warning: Script Msg: Attempted to access index 0 from array 'CallFunc_GetOverlappingActors_OverlappingActors' of length 0 in '/LeapMotion/DirectRigging/LowPoly/LeapDesktopLowPoly.LeapDesktopLowPoly_C:ExecuteUbergraph_LeapDesktopLowPoly'!
[2019.06.26-20.43.30:904][769]LogScript: Warning: Script Msg: Attempted to access index 0 from array 'CallFunc_GetOverlappingActors_OverlappingActors' of length 0 in '/LeapMotion/DirectRigging/LowPoly/LeapDesktopLowPoly.LeapDesktopLowPoly_C:ExecuteUbergraph_LeapDesktopLowPoly'!
[2019.06.26-20.43.30:973][771]LogScript: Warning: Script Msg: Attempted to access index 0 from array 'CallFunc_GetOverlappingActors_OverlappingActors' of length 0 in '/LeapMotion/DirectRigging/LowPoly/LeapDesktopLowPoly.LeapDesktopLowPoly_C:ExecuteUbergraph_LeapDesktopLowPoly'!
[2019.06.26-20.43.31:077][774]LogScript: Warning: Script Msg: Attempted to access index 0 from array 'CallFunc_GetOverlappingActors_OverlappingActors' of length 0 in '/LeapMotion/DirectRigging/LowPoly/LeapDesktopLowPoly.LeapDesktopLowPoly_C:ExecuteUbergraph_LeapDesktopLowPoly'!
[2019.06.26-20.43.31:078][774]LogScript: Warning: Script Msg: Attempted to access index 0 from array 'CallFunc_GetOverlappingActors_OverlappingActors1' of length 0 in '/LeapMotion/DirectRigging/LowPoly/LeapDesktopLowPoly.LeapDesktopLowPoly_C:ExecuteUbergraph_LeapDesktopLowPoly'!
[2019.06.26-20.43.31:613][788]LogScript: Warning: Script Msg: Attempted to access index 0 from array 'CallFunc_GetOverlappingActors_OverlappingActors' of length 0 in '/LeapMotion/DirectRigging/LowPoly/LeapDesktopLowPoly.LeapDesktopLowPoly_C:ExecuteUbergraph_LeapDesktopLowPoly'!
[2019.06.26-20.43.31:683][790]LogScript: Warning: Script Msg: Attempted to access index 0 from array 'CallFunc_GetOverlappingActors_OverlappingActors1' of length 0 in '/LeapMotion/DirectRigging/LowPoly/LeapDesktopLowPoly.LeapDesktopLowPoly_C:ExecuteUbergraph_LeapDesktopLowPoly'!
[2019.06.26-20.43.31:853][795]LogScript: Warning: Script Msg: Attempted to access index 0 from array 'CallFunc_GetOverlappingActors_OverlappingActors' of length 0 in '/LeapMotion/DirectRigging/LowPoly/LeapDesktopLowPoly.LeapDesktopLowPoly_C:ExecuteUbergraph_LeapDesktopLowPoly'!
[2019.06.26-20.43.32:144][803]LogScript: Warning: Script Msg: Attempted to access index 0 from array 'CallFunc_GetOverlappingActors_OverlappingActors1' of length 0 in '/LeapMotion/DirectRigging/LowPoly/LeapDesktopLowPoly.LeapDesktopLowPoly_C:ExecuteUbergraph_LeapDesktopLowPoly'!
[2019.06.26-20.43.32:211][805]LogScript: Warning: Script Msg: Attempted to access index 0 from array 'CallFunc_GetOverlappingActors_OverlappingActors' of length 0 in '/LeapMotion/DirectRigging/LowPoly/LeapDesktopLowPoly.LeapDesktopLowPoly_C:ExecuteUbergraph_LeapDesktopLowPoly'!
[2019.06.26-20.43.32:324][808]LogScript: Warning: Script Msg: Attempted to access index 0 from array 'CallFunc_GetOverlappingActors_OverlappingActors' of length 0 in '/LeapMotion/DirectRigging/LowPoly/LeapDesktopLowPoly.LeapDesktopLowPoly_C:ExecuteUbergraph_LeapDesktopLowPoly'!
[2019.06.26-20.43.32:483][812]LogScript: Warning: Script Msg: Attempted to access index 0 from array 'CallFunc_GetOverlappingActors_OverlappingActors' of length 0 in '/LeapMotion/DirectRigging/LowPoly/LeapDesktopLowPoly.LeapDesktopLowPoly_C:ExecuteUbergraph_LeapDesktopLowPoly'!
[2019.06.26-20.43.32:552][814]LogScript: Warning: Script Msg: Attempted to access index 0 from array 'CallFunc_GetOverlappingActors_OverlappingActors' of length 0 in '/LeapMotion/DirectRigging/LowPoly/LeapDesktopLowPoly.LeapDesktopLowPoly_C:ExecuteUbergraph_LeapDesktopLowPoly'!
[2019.06.26-20.43.33:000][827]LogScript: Warning: Script Msg: Attempted to access index 0 from array 'CallFunc_GetOverlappingActors_OverlappingActors1' of length 0 in '/LeapMotion/DirectRigging/LowPoly/LeapDesktopLowPoly.LeapDesktopLowPoly_C:ExecuteUbergraph_LeapDesktopLowPoly'!
[2019.06.26-20.43.33:077][829]LogScript: Warning: Script Msg: Attempted to access index 0 from array 'CallFunc_GetOverlappingActors_OverlappingActors1' of length 0 in '/LeapMotion/DirectRigging/LowPoly/LeapDesktopLowPoly.LeapDesktopLowPoly_C:ExecuteUbergraph_LeapDesktopLowPoly'!
[2019.06.26-20.43.33:354][837]LogScript: Warning: Script Msg: Attempted to access index 0 from array 'CallFunc_GetOverlappingActors_OverlappingActors' of length 0 in '/LeapMotion/DirectRigging/LowPoly/LeapDesktopLowPoly.LeapDesktopLowPoly_C:ExecuteUbergraph_LeapDesktopLowPoly'!
[2019.06.26-20.43.33:398][838]LogScript: Warning: Script Msg: Attempted to access index 0 from array 'CallFunc_GetOverlappingActors_OverlappingActors1' of length 0 in '/LeapMotion/DirectRigging/LowPoly/LeapDesktopLowPoly.LeapDesktopLowPoly_C:ExecuteUbergraph_LeapDesktopLowPoly'!
[2019.06.26-20.43.33:514][841]LogScript: Warning: Script Msg: Attempted to access index 0 from array 'CallFunc_GetOverlappingActors_OverlappingActors1' of length 0 in '/LeapMotion/DirectRigging/LowPoly/LeapDesktopLowPoly.LeapDesktopLowPoly_C:ExecuteUbergraph_LeapDesktopLowPoly'!
[2019.06.26-20.43.33:665][845]LogScript: Warning: Script Msg: Attempted to access index 0 from array 'CallFunc_GetOverlappingActors_OverlappingActors1' of length 0 in '/LeapMotion/DirectRigging/LowPoly/LeapDesktopLowPoly.LeapDesktopLowPoly_C:ExecuteUbergraph_LeapDesktopLowPoly'!
[2019.06.26-20.43.33:863][851]LogScript: Warning: Script Msg: Attempted to access index 0 from array 'CallFunc_GetOverlappingActors_OverlappingActors' of length 0 in '/LeapMotion/DirectRigging/LowPoly/LeapDesktopLowPoly.LeapDesktopLowPoly_C:ExecuteUbergraph_LeapDesktopLowPoly'!
[2019.06.26-20.43.33:951][854]LogScript: Warning: Script Msg: Attempted to access index 0 from array 'CallFunc_GetOverlappingActors_OverlappingActors' of length 0 in '/LeapMotion/DirectRigging/LowPoly/LeapDesktopLowPoly.LeapDesktopLowPoly_C:ExecuteUbergraph_LeapDesktopLowPoly'!
[2019.06.26-20.43.34:100][859]LogScript: Warning: Script Msg: Attempted to access index 0 from array 'CallFunc_GetOverlappingActors_OverlappingActors' of length 0 in '/LeapMotion/DirectRigging/LowPoly/LeapDesktopLowPoly.LeapDesktopLowPoly_C:ExecuteUbergraph_LeapDesktopLowPoly'!
[2019.06.26-20.43.38:319][998]LogScript: Warning: Script Msg: Attempted to access index 0 from array 'CallFunc_GetOverlappingActors_OverlappingActors' of length 0 in '/LeapMotion/DirectRigging/LowPoly/LeapDesktopLowPoly.LeapDesktopLowPoly_C:ExecuteUbergraph_LeapDesktopLowPoly'!
[2019.06.26-20.43.39:991][ 53]LogScript: Warning: Script Msg: Attempted to access index 0 from array 'CallFunc_GetOverlappingActors_OverlappingActors' of length 0 in '/LeapMotion/DirectRigging/LowPoly/LeapDesktopLowPoly.LeapDesktopLowPoly_C:ExecuteUbergraph_LeapDesktopLowPoly'!
[2019.06.26-20.43.45:146][228]LogBlueprintUserMessages: Early EndPlayMap Detection: Level '/Game/StarterContent/Maps/Minimal_Default.Minimal_Default:PersistentLevel' has LevelScriptBlueprint '/Game/StarterContent/Maps/Minimal_Default.Minimal_Default:PersistentLevel.Minimal_Default' with GeneratedClass '/Game/StarterContent/Maps/Minimal_Default.Minimal_Default_C' with ClassGeneratedBy '/Game/StarterContent/Maps/Minimal_Default.Minimal_Default:PersistentLevel.Minimal_Default'
[2019.06.26-20.43.45:147][228]LogSlate: Updating window title bar state: overlay mode, drag disabled, window buttons hidden, title bar hidden
[2019.06.26-20.43.45:241][228]LogSlate: Window 'CFE_LeapMotion Game Preview Standalone (64-bit/PCD3D_SM5)' being destroyed
[2019.06.26-20.43.45:304][228]LogPlayLevel: Display: Shutting down PIE online subsystems
[2019.06.26-20.43.45:305][228]LogBlueprintUserMessages: Late EndPlayMap Detection: Level '/Game/StarterContent/Maps/Minimal_Default.Minimal_Default:PersistentLevel' has LevelScriptBlueprint '/Game/StarterContent/Maps/Minimal_Default.Minimal_Default:PersistentLevel.Minimal_Default' with GeneratedClass '/Game/StarterContent/Maps/Minimal_Default.Minimal_Default_C' with ClassGeneratedBy '/Game/StarterContent/Maps/Minimal_Default.Minimal_Default:PersistentLevel.Minimal_Default'
[2019.06.26-20.43.45:501][229]LogPlayLevel: Display: Destroying online subsystem :Context_5
[2019.06.26-20.45.10:217][657]LogTemp: Bone cache synced: 20
[2019.06.26-20.45.10:218][657]LogTemp: Bone cache synced: 0
[2019.06.26-20.45.10:218][657]LogTemp: Bone cache synced: 20
[2019.06.26-20.45.10:221][657]LogTemp: Bone cache synced: 20
[2019.06.26-20.45.10:221][657]LogTemp: Bone cache synced: 20
[2019.06.26-20.45.10:222][657]LogTemp: Bone cache synced: 20
[2019.06.26-20.45.10:222][657]LogTemp: Bone cache synced: 20
[2019.06.26-20.45.10:224][657]LogTemp: Bone cache synced: 20
[2019.06.26-20.45.10:224][657]LogTemp: Bone cache synced: 20
[2019.06.26-20.45.10:226][657]LogTemp: Bone cache synced: 20
[2019.06.26-20.45.10:226][657]LogTemp: Bone cache synced: 20
[2019.06.26-20.45.11:587][717]LogTemp: Bone cache synced: 20
[2019.06.26-20.45.11:590][717]LogTemp: Bone cache synced: 0
[2019.06.26-20.45.11:590][717]LogTemp: Bone cache synced: 20
[2019.06.26-20.45.11:593][717]LogTemp: Bone cache synced: 20
[2019.06.26-20.45.11:593][717]LogTemp: Bone cache synced: 20
[2019.06.26-20.45.11:595][717]LogTemp: Bone cache synced: 20
[2019.06.26-20.45.11:595][717]LogTemp: Bone cache synced: 20
[2019.06.26-20.45.11:598][717]LogTemp: Bone cache synced: 20
[2019.06.26-20.45.11:598][717]LogTemp: Bone cache synced: 20
[2019.06.26-20.45.11:600][717]LogTemp: Bone cache synced: 20
[2019.06.26-20.45.11:600][717]LogTemp: Bone cache synced: 20
[2019.06.26-20.45.58:130][246]LogEditorTransaction: Undo Move Nodes
[2019.06.26-20.45.58:137][246]LogTemp: Bone cache synced: 20
[2019.06.26-20.45.58:139][246]LogTemp: Bone cache synced: 0
[2019.06.26-20.45.58:139][246]LogTemp: Bone cache synced: 20
[2019.06.26-20.45.58:141][246]LogTemp: Bone cache synced: 20
[2019.06.26-20.45.58:141][246]LogTemp: Bone cache synced: 20
[2019.06.26-20.45.58:143][246]LogTemp: Bone cache synced: 20
[2019.06.26-20.45.58:143][246]LogTemp: Bone cache synced: 20
[2019.06.26-20.45.58:145][246]LogTemp: Bone cache synced: 20
[2019.06.26-20.45.58:145][246]LogTemp: Bone cache synced: 20
[2019.06.26-20.45.58:147][246]LogTemp: Bone cache synced: 20
[2019.06.26-20.45.58:147][246]LogTemp: Bone cache synced: 20
[2019.06.26-20.46.19:329][352]LogEditorTransaction: Undo Move Node
[2019.06.26-20.46.19:338][352]LogTemp: Bone cache synced: 20
[2019.06.26-20.46.19:340][352]LogTemp: Bone cache synced: 0
[2019.06.26-20.46.19:340][352]LogTemp: Bone cache synced: 20
[2019.06.26-20.46.19:342][352]LogTemp: Bone cache synced: 20
[2019.06.26-20.46.19:342][352]LogTemp: Bone cache synced: 20
[2019.06.26-20.46.19:344][352]LogTemp: Bone cache synced: 20
[2019.06.26-20.46.19:344][352]LogTemp: Bone cache synced: 20
[2019.06.26-20.46.19:346][352]LogTemp: Bone cache synced: 20
[2019.06.26-20.46.19:346][352]LogTemp: Bone cache synced: 20
[2019.06.26-20.46.19:348][352]LogTemp: Bone cache synced: 20
[2019.06.26-20.46.19:348][352]LogTemp: Bone cache synced: 20
[2019.06.26-20.46.50:554][979]LogEditorTransaction: Undo Move Nodes
[2019.06.26-20.46.50:562][979]LogTemp: Bone cache synced: 20
[2019.06.26-20.46.50:565][979]LogTemp: Bone cache synced: 0
[2019.06.26-20.46.50:565][979]LogTemp: Bone cache synced: 20
[2019.06.26-20.46.50:568][979]LogTemp: Bone cache synced: 20
[2019.06.26-20.46.50:568][979]LogTemp: Bone cache synced: 20
[2019.06.26-20.46.50:570][979]LogTemp: Bone cache synced: 20
[2019.06.26-20.46.50:570][979]LogTemp: Bone cache synced: 20
[2019.06.26-20.46.50:572][979]LogTemp: Bone cache synced: 20
[2019.06.26-20.46.50:573][979]LogTemp: Bone cache synced: 20
[2019.06.26-20.46.50:574][979]LogTemp: Bone cache synced: 20
[2019.06.26-20.46.50:574][979]LogTemp: Bone cache synced: 20
[2019.06.26-20.49.45:994][831]LogOutputDevice: Warning: 

Script Stack (0 frames):

[2019.06.26-20.49.45:994][831]LogWindows: Windows GetLastError: La operación se completó correctamente. (0)
[2019.06.26-20.49.49:523][831]LogThreadingWindows: Error: Runnable thread TaskGraphThreadHP 3 crashed.
[2019.06.26-20.49.49:524][831]LogWindows: Error: === Critical error: ===
[2019.06.26-20.49.49:524][831]LogWindows: Error: 
[2019.06.26-20.49.49:524][831]LogWindows: Error: Assertion failed: !Pose[ParentIndex].ContainsNaN() [File:d:\ue_4.21\engine\source\runtime\engine\public\BonePose.h] [Line: 584] 
[2019.06.26-20.49.49:524][831]LogWindows: Error: 
[2019.06.26-20.49.49:524][831]LogWindows: Error: 
[2019.06.26-20.49.49:524][831]LogWindows: Error: 
[2019.06.26-20.49.49:524][831]LogWindows: Error: [Callstack] 0x00007ffae25ca839 KERNELBASE.dll!UnknownFunction []
[2019.06.26-20.49.49:524][831]LogWindows: Error: [Callstack] 0x00007ffaac39cd1a UE4Editor-Core.dll!UnknownFunction []
[2019.06.26-20.49.49:524][831]LogWindows: Error: [Callstack] 0x00007ffaac17a967 UE4Editor-Core.dll!UnknownFunction []
[2019.06.26-20.49.49:524][831]LogWindows: Error: [Callstack] 0x00007ffaac0b0df7 UE4Editor-Core.dll!UnknownFunction []
[2019.06.26-20.49.49:524][831]LogWindows: Error: [Callstack] 0x00007ffa8f7c69f9 UE4Editor-BodyState.dll!FCSPose<FCompactPose>::CalculateComponentSpaceTransform() [d:\ue_4.21\engine\source\runtime\engine\public\bonepose.h:586]
[2019.06.26-20.49.49:524][831]LogWindows: Error: [Callstack] 0x00007ffa8f7c66dd UE4Editor-BodyState.dll!FCSPose<FCompactPose>::CalculateComponentSpaceTransform() [d:\ue_4.21\engine\source\runtime\engine\public\bonepose.h:581]
[2019.06.26-20.49.49:524][831]LogWindows: Error: [Callstack] 0x00007ffa8f7cbd79 UE4Editor-BodyState.dll!FCSPose<FCompactPose>::GetComponentSpaceTransform() [d:\ue_4.21\engine\source\runtime\engine\public\bonepose.h:548]
[2019.06.26-20.49.49:524][831]LogWindows: Error: [Callstack] 0x00007ffa8f7cb0f2 UE4Editor-BodyState.dll!FAnimNode_ModifyBodyStateMappedBones::EvaluateSkeletalControl_AnyThread() [c:\users\diego\desktop\cfe_rv-master\cfe_leapmotion2\plugins\leapmotion\source\bodystate\private\animnode_modifybodystatemappedbones.cpp:46]
[2019.06.26-20.49.49:524][831]LogWindows: Error: [Callstack] 0x00007ffaa2ad42f8 UE4Editor-AnimGraphRuntime.dll!UnknownFunction []
[2019.06.26-20.49.49:524][831]LogWindows: Error: [Callstack] 0x00007ffaa945edac UE4Editor-Engine.dll!UnknownFunction []
[2019.06.26-20.49.49:524][831]LogWindows: Error: [Callstack] 0x00007ffaa946079e UE4Editor-Engine.dll!UnknownFunction []
[2019.06.26-20.49.49:524][831]LogWindows: Error: [Callstack] 0x00007ffaa945e5ef UE4Editor-Engine.dll!UnknownFunction []
[2019.06.26-20.49.49:524][831]LogWindows: Error: [Callstack] 0x00007ffaa93d589a UE4Editor-Engine.dll!UnknownFunction []
[2019.06.26-20.49.49:524][831]LogWindows: Error: [Callstack] 0x00007ffaa93d558e UE4Editor-Engine.dll!UnknownFunction []
[2019.06.26-20.49.49:524][831]LogWindows: Error: [Callstack] 0x00007ffaa94089b3 UE4Editor-Engine.dll!UnknownFunction []
[2019.06.26-20.49.49:524][831]LogWindows: Error: [Callstack] 0x00007ffaa97b97f0 UE4Editor-Engine.dll!UnknownFunction []
[2019.06.26-20.49.49:524][831]LogWindows: Error: [Callstack] 0x00007ffaa97d3e77 UE4Editor-Engine.dll!UnknownFunction []
[2019.06.26-20.49.49:524][831]LogWindows: Error: [Callstack] 0x00007ffaa97b8547 UE4Editor-Engine.dll!UnknownFunction []
[2019.06.26-20.49.49:524][831]LogWindows: Error: [Callstack] 0x00007ffaa97baab0 UE4Editor-Engine.dll!UnknownFunction []
[2019.06.26-20.49.49:524][831]LogWindows: Error: [Callstack] 0x00007ffaabf40aec UE4Editor-Core.dll!UnknownFunction []
[2019.06.26-20.49.49:524][831]LogWindows: Error: [Callstack] 0x00007ffaabf41d70 UE4Editor-Core.dll!UnknownFunction []
[2019.06.26-20.49.49:524][831]LogWindows: Error: [Callstack] 0x00007ffaabf4baae UE4Editor-Core.dll!UnknownFunction []
[2019.06.26-20.49.49:524][831]LogWindows: Error: [Callstack] 0x00007ffaac39c500 UE4Editor-Core.dll!UnknownFunction []
[2019.06.26-20.49.49:524][831]LogWindows: Error: [Callstack] 0x00007ffaac38cac1 UE4Editor-Core.dll!UnknownFunction []
[2019.06.26-20.49.49:524][831]LogWindows: Error: [Callstack] 0x00007ffae2de7bd4 KERNEL32.DLL!UnknownFunction []
[2019.06.26-20.49.49:525][831]LogWindows: Error: [Callstack] 0x00007ffae488ce71 ntdll.dll!UnknownFunction []
[2019.06.26-20.49.49:525][831]LogWindows: Error: 
[2019.06.26-20.49.49:525][831]LogWindows: Error: Crash in runnable thread TaskGraphThreadHP 3
[2019.06.26-20.49.51:870][831]LeapMotionLog: Error: LeapServiceError: Leap Motion Controller authentication failed.
[2019.06.26-20.49.51:871][831]LeapMotionLog: Error: LeapServiceError: Unhandled exception: Leap Motion Controller authentication failed.
[2019.06.26-20.49.51:871][831]LeapMotionLog: Error: LeapServiceError: Scorch exception: Leap Motion Controller authentication failed.
[2019.06.26-20.49.51:905][831]LeapMotionLog: Warning: OnDeviceLost S323A047707.
[2019.06.26-20.49.51:910][831]LeapMotionLog: LeapServiceLog: Leap Motion Controller disconnected: S323A047707
[2019.06.26-20.49.54:556][831]LogExit: Executing StaticShutdownAfterError
[2019.06.26-20.49.54:556][831]LogWindows: FPlatformMisc::RequestExit(1)
[2019.06.26-20.49.54:557][831]Log file closed, 06/26/19 15:49:54
